# JRE version: OpenJDK Runtime Environment (8.0_312-b07) (build 1.8.0_312-8u312-b07-0ubuntu1~20.04-b07)
# Java VM: OpenJDK 64-Bit Server VM (25.312-b07 mixed mode linux-amd64 compressed oops)
Heap:
 PSYoungGen      total 301056K, used 232736K [0x0000000670700000, 0x0000000695300000, 0x00000007c0000000)
  eden space 258048K, 90% used [0x0000000670700000,0x000000067ea483f0,0x0000000680300000)
  from space 43008K, 0% used [0x0000000680300000,0x0000000680300000,0x0000000682d00000)
  to   space 43008K, 0% used [0x0000000692900000,0x0000000692900000,0x0000000695300000)
 ParOldGen       total 443904K, used 32879K [0x00000003d1400000, 0x00000003ec580000, 0x0000000670700000)
  object space 443904K, 7% used [0x00000003d1400000,0x00000003d341bf00,0x00000003ec580000)
 Metaspace       used 30045K, capacity 30324K, committed 30592K, reserved 1077248K
  class space    used 2964K, capacity 3074K, committed 3200K, reserved 1048576K
GC Heap History (4 events):
Event: 2.137 GC heap before
{Heap before GC invocations=1 (full 0):
 PSYoungGen      total 301056K, used 249885K [0x0000000670700000, 0x0000000685700000, 0x00000007c0000000)
  eden space 258048K, 96% used [0x0000000670700000,0x000000067fb07440,0x0000000680300000)
  from space 43008K, 0% used [0x0000000682d00000,0x0000000682d00000,0x0000000685700000)
  to   space 43008K, 0% used [0x0000000680300000,0x0000000680300000,0x0000000682d00000)
 ParOldGen       total 688128K, used 0K [0x00000003d1400000, 0x00000003fb400000, 0x0000000670700000)
  object space 688128K, 0% used [0x00000003d1400000,0x00000003d1400000,0x00000003fb400000)
 Metaspace       used 20952K, capacity 21198K, committed 21296K, reserved 1069056K
  class space    used 2065K, capacity 2145K, committed 2176K, reserved 1048576K
Event: 2.186 GC heap after
Heap after GC invocations=1 (full 0):
 PSYoungGen      total 301056K, used 33492K [0x0000000670700000, 0x0000000695300000, 0x00000007c0000000)
  eden space 258048K, 0% used [0x0000000670700000,0x0000000670700000,0x0000000680300000)
  from space 43008K, 77% used [0x0000000680300000,0x00000006823b50d0,0x0000000682d00000)
  to   space 43008K, 0% used [0x0000000692900000,0x0000000692900000,0x0000000695300000)
 ParOldGen       total 688128K, used 16K [0x00000003d1400000, 0x00000003fb400000, 0x0000000670700000)
  object space 688128K, 0% used [0x00000003d1400000,0x00000003d1404000,0x00000003fb400000)
 Metaspace       used 20952K, capacity 21198K, committed 21296K, reserved 1069056K
  class space    used 2065K, capacity 2145K, committed 2176K, reserved 1048576K
}
Event: 2.186 GC heap before
{Heap before GC invocations=2 (full 1):
 PSYoungGen      total 301056K, used 33492K [0x0000000670700000, 0x0000000695300000, 0x00000007c0000000)
  eden space 258048K, 0% used [0x0000000670700000,0x0000000670700000,0x0000000680300000)
  from space 43008K, 77% used [0x0000000680300000,0x00000006823b50d0,0x0000000682d00000)
  to   space 43008K, 0% used [0x0000000692900000,0x0000000692900000,0x0000000695300000)
 ParOldGen       total 688128K, used 16K [0x00000003d1400000, 0x00000003fb400000, 0x0000000670700000)
  object space 688128K, 0% used [0x00000003d1400000,0x00000003d1404000,0x00000003fb400000)
 Metaspace       used 20952K, capacity 21198K, committed 21296K, reserved 1069056K
  class space    used 2065K, capacity 2145K, committed 2176K, reserved 1048576K
Event: 2.258 GC heap after
Heap after GC invocations=2 (full 1):
 PSYoungGen      total 301056K, used 0K [0x0000000670700000, 0x0000000695300000, 0x00000007c0000000)
  eden space 258048K, 0% used [0x0000000670700000,0x0000000670700000,0x0000000680300000)
  from space 43008K, 0% used [0x0000000680300000,0x0000000680300000,0x0000000682d00000)
  to   space 43008K, 0% used [0x0000000692900000,0x0000000692900000,0x0000000695300000)
 ParOldGen       total 443904K, used 32879K [0x00000003d1400000, 0x00000003ec580000, 0x0000000670700000)
  object space 443904K, 7% used [0x00000003d1400000,0x00000003d341bf00,0x00000003ec580000)
 Metaspace       used 20952K, capacity 21198K, committed 21296K, reserved 1069056K
  class space    used 2065K, capacity 2145K, committed 2176K, reserved 1048576K
}

