
>>> TOOL NAME:  utbot-mocks

>>> BENCHMARK:  GUAVA-45

>>> RUN NUMBER: 4

>>> MODE: --only-compute-metrics
Creating directory ./temp
Creating directory ./temp/data
Creating directory ./temp/testcases
Executing /home/utbot_mocks/./runtool
>> BENCHMARK
>> /var/benchmarks/projects/guava/guava/src
>> /var/benchmarks/projects/guava/guava/target/classes
>> 6
>> /var/benchmarks/projects/guava/guava/target/guava-26.0-jre.jar
>> /var/benchmarks/projects/./guava/guava/target/dependency/checker-qual-2.5.2.jar
>> /var/benchmarks/projects/guava/guava/target/dependency/error_prone_annotations-2.1.3.jar
>> /var/benchmarks/projects/guava/guava/target/dependency/j2objc-annotations-1.1.jar
>> /var/benchmarks/projects/guava/guava/target/dependency/jsr305-3.0.2.jar
>> /var/benchmarks/projects/guava/guava/target/dependency/animal-sniffer-annotations-1.14.jar
>> 0
expecting CLASSPATH or READY
<< CLASSPATH
expecting number
<< 0
<< READY
>> 120


### COMPUTING METRICS ###: com.google.common.primitives.Shorts


Starting class com.google.common.primitives.Shorts


Ending class com.google.common.primitives.Shorts
Creating directory results_utbot-mocks_120/GUAVA-45_4/temp/testcases/bin
Creating dummy JUnit test file

---Compilation---

===
javac command line:
/usr/bin/javac -sourcepath /home/utbot_mocks/results_utbot-mocks_120/GUAVA-45_4/temp/testcases -cp /var/benchmarks/projects/guava/guava/target/guava-26.0-jre.jar:/var/benchmarks/projects/./guava/guava/target/dependency/checker-qual-2.5.2.jar:/var/benchmarks/projects/guava/guava/target/dependency/error_prone_annotations-2.1.3.jar:/var/benchmarks/projects/guava/guava/target/dependency/j2objc-annotations-1.1.jar:/var/benchmarks/projects/guava/guava/target/dependency/jsr305-3.0.2.jar:/var/benchmarks/projects/guava/guava/target/dependency/animal-sniffer-annotations-1.14.jar:/usr/local/bin/lib/junit.jar:/usr/local/bin/lib/hamcrest-core.jar -d results_utbot-mocks_120/GUAVA-45_4/temp/testcases/bin /home/utbot_mocks/results_utbot-mocks_120/GUAVA-45_4/temp/testcases/SBSTDummyForCoverageAndMutationCalculation.java


===
javac command line:
/usr/bin/javac -sourcepath /home/utbot_mocks/results_utbot-mocks_120/GUAVA-45_4/temp/testcases -cp /var/benchmarks/projects/guava/guava/target/guava-26.0-jre.jar:/var/benchmarks/projects/./guava/guava/target/dependency/checker-qual-2.5.2.jar:/var/benchmarks/projects/guava/guava/target/dependency/error_prone_annotations-2.1.3.jar:/var/benchmarks/projects/guava/guava/target/dependency/j2objc-annotations-1.1.jar:/var/benchmarks/projects/guava/guava/target/dependency/jsr305-3.0.2.jar:/var/benchmarks/projects/guava/guava/target/dependency/animal-sniffer-annotations-1.14.jar:/usr/local/bin/lib/junit.jar:/usr/local/bin/lib/hamcrest-core.jar -d results_utbot-mocks_120/GUAVA-45_4/temp/testcases/bin /home/utbot_mocks/results_utbot-mocks_120/GUAVA-45_4/temp/testcases/com/google/common/primitives/ShortsTest.java

/home/utbot_mocks/results_utbot-mocks_120/GUAVA-45_4/temp/testcases/com/google/common/primitives/ShortsTest.java:22: warning: Unsafe is internal proprietary API and may be removed in a future release
import sun.misc.Unsafe;
               ^
/home/utbot_mocks/results_utbot-mocks_120/GUAVA-45_4/temp/testcases/com/google/common/primitives/ShortsTest.java:25: error: package org.mockito does not exist
import static org.mockito.ArgumentMatchers.anyBoolean;
                         ^
/home/utbot_mocks/results_utbot-mocks_120/GUAVA-45_4/temp/testcases/com/google/common/primitives/ShortsTest.java:25: error: static import only from classes and interfaces
import static org.mockito.ArgumentMatchers.anyBoolean;
^
/home/utbot_mocks/results_utbot-mocks_120/GUAVA-45_4/temp/testcases/com/google/common/primitives/ShortsTest.java:26: error: package org.mockito does not exist
import static org.mockito.Mockito.mockStatic;
                         ^
/home/utbot_mocks/results_utbot-mocks_120/GUAVA-45_4/temp/testcases/com/google/common/primitives/ShortsTest.java:26: error: static import only from classes and interfaces
import static org.mockito.Mockito.mockStatic;
^
/home/utbot_mocks/results_utbot-mocks_120/GUAVA-45_4/temp/testcases/com/google/common/primitives/ShortsTest.java:27: error: package org.mockito does not exist
import static org.mockito.ArgumentMatchers.any;
                         ^
/home/utbot_mocks/results_utbot-mocks_120/GUAVA-45_4/temp/testcases/com/google/common/primitives/ShortsTest.java:27: error: static import only from classes and interfaces
import static org.mockito.ArgumentMatchers.any;
^
/home/utbot_mocks/results_utbot-mocks_120/GUAVA-45_4/temp/testcases/com/google/common/primitives/ShortsTest.java:31: error: package org.mockito does not exist
import static org.mockito.ArgumentMatchers.anyString;
                         ^
/home/utbot_mocks/results_utbot-mocks_120/GUAVA-45_4/temp/testcases/com/google/common/primitives/ShortsTest.java:31: error: static import only from classes and interfaces
import static org.mockito.ArgumentMatchers.anyString;
^
/home/utbot_mocks/results_utbot-mocks_120/GUAVA-45_4/temp/testcases/com/google/common/primitives/ShortsTest.java:32: error: package org.mockito does not exist
import static org.mockito.ArgumentMatchers.anyInt;
                         ^
/home/utbot_mocks/results_utbot-mocks_120/GUAVA-45_4/temp/testcases/com/google/common/primitives/ShortsTest.java:32: error: static import only from classes and interfaces
import static org.mockito.ArgumentMatchers.anyInt;
^
/home/utbot_mocks/results_utbot-mocks_120/GUAVA-45_4/temp/testcases/com/google/common/primitives/ShortsTest.java:33: error: package org.mockito does not exist
import static org.mockito.ArgumentMatchers.anyLong;
                         ^
/home/utbot_mocks/results_utbot-mocks_120/GUAVA-45_4/temp/testcases/com/google/common/primitives/ShortsTest.java:33: error: static import only from classes and interfaces
import static org.mockito.ArgumentMatchers.anyLong;
^
/home/utbot_mocks/results_utbot-mocks_120/GUAVA-45_4/temp/testcases/com/google/common/primitives/ShortsTest.java:34: error: package org.mockito does not exist
import static org.mockito.ArgumentMatchers.anyShort;
                         ^
/home/utbot_mocks/results_utbot-mocks_120/GUAVA-45_4/temp/testcases/com/google/common/primitives/ShortsTest.java:34: error: static import only from classes and interfaces
import static org.mockito.ArgumentMatchers.anyShort;
^
/home/utbot_mocks/results_utbot-mocks_120/GUAVA-45_4/temp/testcases/com/google/common/primitives/ShortsTest.java:79: error: package org.mockito does not exist
        org.mockito.MockedStatic mockedStatic = null;
                   ^
/home/utbot_mocks/results_utbot-mocks_120/GUAVA-45_4/temp/testcases/com/google/common/primitives/ShortsTest.java:81: error: cannot find symbol
            mockedStatic = mockStatic(com.google.common.base.Preconditions.class);
                           ^
  symbol:   method mockStatic(Class<Preconditions>)
  location: class ShortsTest
/home/utbot_mocks/results_utbot-mocks_120/GUAVA-45_4/temp/testcases/com/google/common/primitives/ShortsTest.java:95: error: package org.mockito does not exist
        org.mockito.MockedStatic mockedStatic = null;
                   ^
/home/utbot_mocks/results_utbot-mocks_120/GUAVA-45_4/temp/testcases/com/google/common/primitives/ShortsTest.java:97: error: cannot find symbol
            mockedStatic = mockStatic(com.google.common.base.Preconditions.class);
                           ^
  symbol:   method mockStatic(Class<Preconditions>)
  location: class ShortsTest
/home/utbot_mocks/results_utbot-mocks_120/GUAVA-45_4/temp/testcases/com/google/common/primitives/ShortsTest.java:113: error: package org.mockito does not exist
        org.mockito.MockedStatic mockedStatic = null;
                   ^
/home/utbot_mocks/results_utbot-mocks_120/GUAVA-45_4/temp/testcases/com/google/common/primitives/ShortsTest.java:115: error: cannot find symbol
            mockedStatic = mockStatic(com.google.common.base.Preconditions.class);
                           ^
  symbol:   method mockStatic(Class<Preconditions>)
  location: class ShortsTest
/home/utbot_mocks/results_utbot-mocks_120/GUAVA-45_4/temp/testcases/com/google/common/primitives/ShortsTest.java:132: error: package org.mockito does not exist
        org.mockito.MockedStatic mockedStatic = null;
                   ^
/home/utbot_mocks/results_utbot-mocks_120/GUAVA-45_4/temp/testcases/com/google/common/primitives/ShortsTest.java:134: error: cannot find symbol
            mockedStatic = mockStatic(com.google.common.base.Preconditions.class);
                           ^
  symbol:   method mockStatic(Class<Preconditions>)
  location: class ShortsTest
/home/utbot_mocks/results_utbot-mocks_120/GUAVA-45_4/temp/testcases/com/google/common/primitives/ShortsTest.java:170: error: package org.mockito does not exist
        org.mockito.MockedStatic mockedStatic = null;
                   ^
/home/utbot_mocks/results_utbot-mocks_120/GUAVA-45_4/temp/testcases/com/google/common/primitives/ShortsTest.java:172: error: cannot find symbol
            mockedStatic = mockStatic(com.google.common.base.Preconditions.class);
                           ^
  symbol:   method mockStatic(Class<Preconditions>)
  location: class ShortsTest
/home/utbot_mocks/results_utbot-mocks_120/GUAVA-45_4/temp/testcases/com/google/common/primitives/ShortsTest.java:186: error: package org.mockito does not exist
        org.mockito.MockedStatic mockedStatic = null;
                   ^
/home/utbot_mocks/results_utbot-mocks_120/GUAVA-45_4/temp/testcases/com/google/common/primitives/ShortsTest.java:188: error: cannot find symbol
            mockedStatic = mockStatic(com.google.common.base.Preconditions.class);
                           ^
  symbol:   method mockStatic(Class<Preconditions>)
  location: class ShortsTest
/home/utbot_mocks/results_utbot-mocks_120/GUAVA-45_4/temp/testcases/com/google/common/primitives/ShortsTest.java:204: error: package org.mockito does not exist
        org.mockito.MockedStatic mockedStatic = null;
                   ^
/home/utbot_mocks/results_utbot-mocks_120/GUAVA-45_4/temp/testcases/com/google/common/primitives/ShortsTest.java:206: error: cannot find symbol
            mockedStatic = mockStatic(com.google.common.base.Preconditions.class);
                           ^
  symbol:   method mockStatic(Class<Preconditions>)
  location: class ShortsTest
/home/utbot_mocks/results_utbot-mocks_120/GUAVA-45_4/temp/testcases/com/google/common/primitives/ShortsTest.java:223: error: package org.mockito does not exist
        org.mockito.MockedStatic mockedStatic = null;
                   ^
/home/utbot_mocks/results_utbot-mocks_120/GUAVA-45_4/temp/testcases/com/google/common/primitives/ShortsTest.java:225: error: cannot find symbol
            mockedStatic = mockStatic(com.google.common.base.Preconditions.class);
                           ^
  symbol:   method mockStatic(Class<Preconditions>)
  location: class ShortsTest
/home/utbot_mocks/results_utbot-mocks_120/GUAVA-45_4/temp/testcases/com/google/common/primitives/ShortsTest.java:464: error: package org.mockito does not exist
        org.mockito.MockedStatic mockedStatic = null;
                   ^
/home/utbot_mocks/results_utbot-mocks_120/GUAVA-45_4/temp/testcases/com/google/common/primitives/ShortsTest.java:466: error: cannot find symbol
            mockedStatic = mockStatic(com.google.common.base.Preconditions.class);
                           ^
  symbol:   method mockStatic(Class<Preconditions>)
  location: class ShortsTest
/home/utbot_mocks/results_utbot-mocks_120/GUAVA-45_4/temp/testcases/com/google/common/primitives/ShortsTest.java:469: error: cannot find symbol
                com.google.common.base.Preconditions.checkNotNull(any(), any());
                                                                  ^
  symbol:   method any()
  location: class ShortsTest
/home/utbot_mocks/results_utbot-mocks_120/GUAVA-45_4/temp/testcases/com/google/common/primitives/ShortsTest.java:469: error: cannot find symbol
                com.google.common.base.Preconditions.checkNotNull(any(), any());
                                                                         ^
  symbol:   method any()
  location: class ShortsTest
/home/utbot_mocks/results_utbot-mocks_120/GUAVA-45_4/temp/testcases/com/google/common/primitives/ShortsTest.java:484: error: package org.mockito does not exist
        org.mockito.MockedStatic mockedStatic = null;
                   ^
/home/utbot_mocks/results_utbot-mocks_120/GUAVA-45_4/temp/testcases/com/google/common/primitives/ShortsTest.java:486: error: cannot find symbol
            mockedStatic = mockStatic(com.google.common.base.Preconditions.class);
                           ^
  symbol:   method mockStatic(Class<Preconditions>)
  location: class ShortsTest
/home/utbot_mocks/results_utbot-mocks_120/GUAVA-45_4/temp/testcases/com/google/common/primitives/ShortsTest.java:488: error: cannot find symbol
                com.google.common.base.Preconditions.checkNotNull(any(), any());
                                                                  ^
  symbol:   method any()
  location: class ShortsTest
/home/utbot_mocks/results_utbot-mocks_120/GUAVA-45_4/temp/testcases/com/google/common/primitives/ShortsTest.java:488: error: cannot find symbol
                com.google.common.base.Preconditions.checkNotNull(any(), any());
                                                                         ^
  symbol:   method any()
  location: class ShortsTest
/home/utbot_mocks/results_utbot-mocks_120/GUAVA-45_4/temp/testcases/com/google/common/primitives/ShortsTest.java:506: error: package org.mockito does not exist
        org.mockito.MockedStatic mockedStatic = null;
                   ^
/home/utbot_mocks/results_utbot-mocks_120/GUAVA-45_4/temp/testcases/com/google/common/primitives/ShortsTest.java:508: error: cannot find symbol
            mockedStatic = mockStatic(com.google.common.base.Preconditions.class);
                           ^
  symbol:   method mockStatic(Class<Preconditions>)
  location: class ShortsTest
/home/utbot_mocks/results_utbot-mocks_120/GUAVA-45_4/temp/testcases/com/google/common/primitives/ShortsTest.java:511: error: cannot find symbol
                com.google.common.base.Preconditions.checkNotNull(any(), any());
                                                                  ^
  symbol:   method any()
  location: class ShortsTest
/home/utbot_mocks/results_utbot-mocks_120/GUAVA-45_4/temp/testcases/com/google/common/primitives/ShortsTest.java:511: error: cannot find symbol
                com.google.common.base.Preconditions.checkNotNull(any(), any());
                                                                         ^
  symbol:   method any()
  location: class ShortsTest
/home/utbot_mocks/results_utbot-mocks_120/GUAVA-45_4/temp/testcases/com/google/common/primitives/ShortsTest.java:526: error: package org.mockito does not exist
        org.mockito.MockedStatic mockedStatic = null;
                   ^
/home/utbot_mocks/results_utbot-mocks_120/GUAVA-45_4/temp/testcases/com/google/common/primitives/ShortsTest.java:528: error: cannot find symbol
            mockedStatic = mockStatic(com.google.common.base.Preconditions.class);
                           ^
  symbol:   method mockStatic(Class<Preconditions>)
  location: class ShortsTest
/home/utbot_mocks/results_utbot-mocks_120/GUAVA-45_4/temp/testcases/com/google/common/primitives/ShortsTest.java:530: error: cannot find symbol
                com.google.common.base.Preconditions.checkNotNull(any(), any());
                                                                  ^
  symbol:   method any()
  location: class ShortsTest
/home/utbot_mocks/results_utbot-mocks_120/GUAVA-45_4/temp/testcases/com/google/common/primitives/ShortsTest.java:530: error: cannot find symbol
                com.google.common.base.Preconditions.checkNotNull(any(), any());
                                                                         ^
  symbol:   method any()
  location: class ShortsTest
/home/utbot_mocks/results_utbot-mocks_120/GUAVA-45_4/temp/testcases/com/google/common/primitives/ShortsTest.java:548: error: package org.mockito does not exist
        org.mockito.MockedStatic mockedStatic = null;
                   ^
/home/utbot_mocks/results_utbot-mocks_120/GUAVA-45_4/temp/testcases/com/google/common/primitives/ShortsTest.java:550: error: cannot find symbol
            mockedStatic = mockStatic(com.google.common.base.Preconditions.class);
                           ^
  symbol:   method mockStatic(Class<Preconditions>)
  location: class ShortsTest
/home/utbot_mocks/results_utbot-mocks_120/GUAVA-45_4/temp/testcases/com/google/common/primitives/ShortsTest.java:552: error: cannot find symbol
                com.google.common.base.Preconditions.checkNotNull(any(), any());
                                                                  ^
  symbol:   method any()
  location: class ShortsTest
/home/utbot_mocks/results_utbot-mocks_120/GUAVA-45_4/temp/testcases/com/google/common/primitives/ShortsTest.java:552: error: cannot find symbol
                com.google.common.base.Preconditions.checkNotNull(any(), any());
                                                                         ^
  symbol:   method any()
  location: class ShortsTest
/home/utbot_mocks/results_utbot-mocks_120/GUAVA-45_4/temp/testcases/com/google/common/primitives/ShortsTest.java:570: error: package org.mockito does not exist
        org.mockito.MockedStatic mockedStatic = null;
                   ^
/home/utbot_mocks/results_utbot-mocks_120/GUAVA-45_4/temp/testcases/com/google/common/primitives/ShortsTest.java:572: error: cannot find symbol
            mockedStatic = mockStatic(com.google.common.base.Preconditions.class);
                           ^
  symbol:   method mockStatic(Class<Preconditions>)
  location: class ShortsTest
/home/utbot_mocks/results_utbot-mocks_120/GUAVA-45_4/temp/testcases/com/google/common/primitives/ShortsTest.java:575: error: cannot find symbol
                com.google.common.base.Preconditions.checkNotNull(any(), any());
                                                                  ^
  symbol:   method any()
  location: class ShortsTest
/home/utbot_mocks/results_utbot-mocks_120/GUAVA-45_4/temp/testcases/com/google/common/primitives/ShortsTest.java:575: error: cannot find symbol
                com.google.common.base.Preconditions.checkNotNull(any(), any());
                                                                         ^
  symbol:   method any()
  location: class ShortsTest
/home/utbot_mocks/results_utbot-mocks_120/GUAVA-45_4/temp/testcases/com/google/common/primitives/ShortsTest.java:827: warning: non-varargs call of varargs method with inexact argument type for last parameter;
        Shorts.concat(null);
                      ^
  cast to short[] for a varargs call
  cast to short[][] for a non-varargs call and to suppress this warning
/home/utbot_mocks/results_utbot-mocks_120/GUAVA-45_4/temp/testcases/com/google/common/primitives/ShortsTest.java:977: error: package org.mockito does not exist
        org.mockito.MockedStatic mockedStatic = null;
                   ^
/home/utbot_mocks/results_utbot-mocks_120/GUAVA-45_4/temp/testcases/com/google/common/primitives/ShortsTest.java:979: error: cannot find symbol
            mockedStatic = mockStatic(com.google.common.base.Preconditions.class);
                           ^
  symbol:   method mockStatic(Class<Preconditions>)
  location: class ShortsTest
/home/utbot_mocks/results_utbot-mocks_120/GUAVA-45_4/temp/testcases/com/google/common/primitives/ShortsTest.java:981: error: cannot find symbol
                com.google.common.base.Preconditions.checkNotNull(any());
                                                                  ^
  symbol:   method any()
  location: class ShortsTest
/home/utbot_mocks/results_utbot-mocks_120/GUAVA-45_4/temp/testcases/com/google/common/primitives/ShortsTest.java:1002: error: package org.mockito does not exist
        org.mockito.MockedStatic mockedStatic = null;
                   ^
/home/utbot_mocks/results_utbot-mocks_120/GUAVA-45_4/temp/testcases/com/google/common/primitives/ShortsTest.java:1004: error: cannot find symbol
            mockedStatic = mockStatic(com.google.common.base.Preconditions.class);
                           ^
  symbol:   method mockStatic(Class<Preconditions>)
  location: class ShortsTest
/home/utbot_mocks/results_utbot-mocks_120/GUAVA-45_4/temp/testcases/com/google/common/primitives/ShortsTest.java:1007: error: cannot find symbol
                com.google.common.base.Preconditions.checkNotNull(any());
                                                                  ^
  symbol:   method any()
  location: class ShortsTest
/home/utbot_mocks/results_utbot-mocks_120/GUAVA-45_4/temp/testcases/com/google/common/primitives/ShortsTest.java:1132: error: package org.mockito does not exist
        org.mockito.MockedStatic mockedStatic = null;
                   ^
/home/utbot_mocks/results_utbot-mocks_120/GUAVA-45_4/temp/testcases/com/google/common/primitives/ShortsTest.java:1134: error: cannot find symbol
            mockedStatic = mockStatic(com.google.common.base.Preconditions.class);
                           ^
  symbol:   method mockStatic(Class<Preconditions>)
  location: class ShortsTest
/home/utbot_mocks/results_utbot-mocks_120/GUAVA-45_4/temp/testcases/com/google/common/primitives/ShortsTest.java:1147: error: package org.mockito does not exist
        org.mockito.MockedStatic mockedStatic = null;
                   ^
/home/utbot_mocks/results_utbot-mocks_120/GUAVA-45_4/temp/testcases/com/google/common/primitives/ShortsTest.java:1149: error: cannot find symbol
            mockedStatic = mockStatic(com.google.common.base.Preconditions.class);
                           ^
  symbol:   method mockStatic(Class<Preconditions>)
  location: class ShortsTest
/home/utbot_mocks/results_utbot-mocks_120/GUAVA-45_4/temp/testcases/com/google/common/primitives/ShortsTest.java:1165: error: package org.mockito does not exist
        org.mockito.MockedStatic mockedStatic = null;
                   ^
/home/utbot_mocks/results_utbot-mocks_120/GUAVA-45_4/temp/testcases/com/google/common/primitives/ShortsTest.java:1167: error: cannot find symbol
            mockedStatic = mockStatic(com.google.common.base.Preconditions.class);
                           ^
  symbol:   method mockStatic(Class<Preconditions>)
  location: class ShortsTest
/home/utbot_mocks/results_utbot-mocks_120/GUAVA-45_4/temp/testcases/com/google/common/primitives/ShortsTest.java:1180: error: package org.mockito does not exist
        org.mockito.MockedStatic mockedStatic = null;
                   ^
/home/utbot_mocks/results_utbot-mocks_120/GUAVA-45_4/temp/testcases/com/google/common/primitives/ShortsTest.java:1182: error: cannot find symbol
            mockedStatic = mockStatic(com.google.common.base.Preconditions.class);
                           ^
  symbol:   method mockStatic(Class<Preconditions>)
  location: class ShortsTest
/home/utbot_mocks/results_utbot-mocks_120/GUAVA-45_4/temp/testcases/com/google/common/primitives/ShortsTest.java:1196: error: package org.mockito does not exist
        org.mockito.MockedStatic mockedStatic = null;
                   ^
/home/utbot_mocks/results_utbot-mocks_120/GUAVA-45_4/temp/testcases/com/google/common/primitives/ShortsTest.java:1198: error: cannot find symbol
            mockedStatic = mockStatic(com.google.common.base.Preconditions.class);
                           ^
  symbol:   method mockStatic(Class<Preconditions>)
  location: class ShortsTest
/home/utbot_mocks/results_utbot-mocks_120/GUAVA-45_4/temp/testcases/com/google/common/primitives/ShortsTest.java:1225: error: package org.mockito does not exist
        org.mockito.MockedStatic mockedStatic = null;
                   ^
/home/utbot_mocks/results_utbot-mocks_120/GUAVA-45_4/temp/testcases/com/google/common/primitives/ShortsTest.java:1227: error: cannot find symbol
            mockedStatic = mockStatic(com.google.common.base.Preconditions.class);
                           ^
  symbol:   method mockStatic(Class<Preconditions>)
  location: class ShortsTest
/home/utbot_mocks/results_utbot-mocks_120/GUAVA-45_4/temp/testcases/com/google/common/primitives/ShortsTest.java:1230: error: cannot find symbol
                com.google.common.base.Preconditions.checkNotNull(any());
                                                                  ^
  symbol:   method any()
  location: class ShortsTest
/home/utbot_mocks/results_utbot-mocks_120/GUAVA-45_4/temp/testcases/com/google/common/primitives/ShortsTest.java:1244: error: package org.mockito does not exist
        org.mockito.MockedStatic mockedStatic = null;
                   ^
/home/utbot_mocks/results_utbot-mocks_120/GUAVA-45_4/temp/testcases/com/google/common/primitives/ShortsTest.java:1246: error: cannot find symbol
            mockedStatic = mockStatic(com.google.common.base.Preconditions.class);
                           ^
  symbol:   method mockStatic(Class<Preconditions>)
  location: class ShortsTest
/home/utbot_mocks/results_utbot-mocks_120/GUAVA-45_4/temp/testcases/com/google/common/primitives/ShortsTest.java:1248: error: cannot find symbol
                com.google.common.base.Preconditions.checkNotNull(any());
                                                                  ^
  symbol:   method any()
  location: class ShortsTest
/home/utbot_mocks/results_utbot-mocks_120/GUAVA-45_4/temp/testcases/com/google/common/primitives/ShortsTest.java:1263: error: package org.mockito does not exist
        org.mockito.MockedStatic mockedStatic = null;
                   ^
/home/utbot_mocks/results_utbot-mocks_120/GUAVA-45_4/temp/testcases/com/google/common/primitives/ShortsTest.java:1265: error: cannot find symbol
            mockedStatic = mockStatic(com.google.common.base.Preconditions.class);
                           ^
  symbol:   method mockStatic(Class<Preconditions>)
  location: class ShortsTest
/home/utbot_mocks/results_utbot-mocks_120/GUAVA-45_4/temp/testcases/com/google/common/primitives/ShortsTest.java:1267: error: cannot find symbol
                com.google.common.base.Preconditions.checkNotNull(any());
                                                                  ^
  symbol:   method any()
  location: class ShortsTest
/home/utbot_mocks/results_utbot-mocks_120/GUAVA-45_4/temp/testcases/com/google/common/primitives/ShortsTest.java:1282: error: package org.mockito does not exist
        org.mockito.MockedStatic mockedStatic = null;
                   ^
/home/utbot_mocks/results_utbot-mocks_120/GUAVA-45_4/temp/testcases/com/google/common/primitives/ShortsTest.java:1284: error: cannot find symbol
            mockedStatic = mockStatic(com.google.common.base.Preconditions.class);
                           ^
  symbol:   method mockStatic(Class<Preconditions>)
  location: class ShortsTest
/home/utbot_mocks/results_utbot-mocks_120/GUAVA-45_4/temp/testcases/com/google/common/primitives/ShortsTest.java:1286: error: cannot find symbol
                com.google.common.base.Preconditions.checkNotNull(any());
                                                                  ^
  symbol:   method any()
  location: class ShortsTest
/home/utbot_mocks/results_utbot-mocks_120/GUAVA-45_4/temp/testcases/com/google/common/primitives/ShortsTest.java:1301: error: package org.mockito does not exist
        org.mockito.MockedStatic mockedStatic = null;
                   ^
/home/utbot_mocks/results_utbot-mocks_120/GUAVA-45_4/temp/testcases/com/google/common/primitives/ShortsTest.java:1303: error: cannot find symbol
            mockedStatic = mockStatic(com.google.common.base.Preconditions.class);
                           ^
  symbol:   method mockStatic(Class<Preconditions>)
  location: class ShortsTest
/home/utbot_mocks/results_utbot-mocks_120/GUAVA-45_4/temp/testcases/com/google/common/primitives/ShortsTest.java:1305: error: cannot find symbol
                com.google.common.base.Preconditions.checkNotNull(any());
                                                                  ^
  symbol:   method any()
  location: class ShortsTest
/home/utbot_mocks/results_utbot-mocks_120/GUAVA-45_4/temp/testcases/com/google/common/primitives/ShortsTest.java:1320: error: package org.mockito does not exist
        org.mockito.MockedStatic mockedStatic = null;
                   ^
/home/utbot_mocks/results_utbot-mocks_120/GUAVA-45_4/temp/testcases/com/google/common/primitives/ShortsTest.java:1322: error: cannot find symbol
            mockedStatic = mockStatic(com.google.common.base.Preconditions.class);
                           ^
  symbol:   method mockStatic(Class<Preconditions>)
  location: class ShortsTest
/home/utbot_mocks/results_utbot-mocks_120/GUAVA-45_4/temp/testcases/com/google/common/primitives/ShortsTest.java:1324: error: cannot find symbol
                com.google.common.base.Preconditions.checkNotNull(any());
                                                                  ^
  symbol:   method any()
  location: class ShortsTest
/home/utbot_mocks/results_utbot-mocks_120/GUAVA-45_4/temp/testcases/com/google/common/primitives/ShortsTest.java:1349: error: package org.mockito does not exist
        org.mockito.MockedStatic mockedStatic = null;
                   ^
/home/utbot_mocks/results_utbot-mocks_120/GUAVA-45_4/temp/testcases/com/google/common/primitives/ShortsTest.java:1351: error: cannot find symbol
            mockedStatic = mockStatic(com.google.common.base.Preconditions.class);
                           ^
  symbol:   method mockStatic(Class<Preconditions>)
  location: class ShortsTest
/home/utbot_mocks/results_utbot-mocks_120/GUAVA-45_4/temp/testcases/com/google/common/primitives/ShortsTest.java:1354: error: cannot find symbol
                com.google.common.base.Preconditions.checkNotNull(any());
                                                                  ^
  symbol:   method any()
  location: class ShortsTest
/home/utbot_mocks/results_utbot-mocks_120/GUAVA-45_4/temp/testcases/com/google/common/primitives/ShortsTest.java:1368: error: package org.mockito does not exist
        org.mockito.MockedStatic mockedStatic = null;
                   ^
/home/utbot_mocks/results_utbot-mocks_120/GUAVA-45_4/temp/testcases/com/google/common/primitives/ShortsTest.java:1370: error: cannot find symbol
            mockedStatic = mockStatic(com.google.common.base.Preconditions.class);
                           ^
  symbol:   method mockStatic(Class<Preconditions>)
  location: class ShortsTest
/home/utbot_mocks/results_utbot-mocks_120/GUAVA-45_4/temp/testcases/com/google/common/primitives/ShortsTest.java:1372: error: cannot find symbol
                com.google.common.base.Preconditions.checkNotNull(any());
                                                                  ^
  symbol:   method any()
  location: class ShortsTest
/home/utbot_mocks/results_utbot-mocks_120/GUAVA-45_4/temp/testcases/com/google/common/primitives/ShortsTest.java:1387: error: package org.mockito does not exist
        org.mockito.MockedStatic mockedStatic = null;
                   ^
/home/utbot_mocks/results_utbot-mocks_120/GUAVA-45_4/temp/testcases/com/google/common/primitives/ShortsTest.java:1389: error: cannot find symbol
            mockedStatic = mockStatic(com.google.common.base.Preconditions.class);
                           ^
  symbol:   method mockStatic(Class<Preconditions>)
  location: class ShortsTest
/home/utbot_mocks/results_utbot-mocks_120/GUAVA-45_4/temp/testcases/com/google/common/primitives/ShortsTest.java:1391: error: cannot find symbol
                com.google.common.base.Preconditions.checkNotNull(any());
                                                                  ^
  symbol:   method any()
  location: class ShortsTest
/home/utbot_mocks/results_utbot-mocks_120/GUAVA-45_4/temp/testcases/com/google/common/primitives/ShortsTest.java:1438: error: package org.mockito does not exist
        org.mockito.MockedStatic mockedStatic = null;
                   ^
/home/utbot_mocks/results_utbot-mocks_120/GUAVA-45_4/temp/testcases/com/google/common/primitives/ShortsTest.java:1440: error: cannot find symbol
            mockedStatic = mockStatic(com.google.common.base.Preconditions.class);
                           ^
  symbol:   method mockStatic(Class<Preconditions>)
  location: class ShortsTest
/home/utbot_mocks/results_utbot-mocks_120/GUAVA-45_4/temp/testcases/com/google/common/primitives/ShortsTest.java:1443: error: cannot find symbol
                com.google.common.base.Preconditions.checkNotNull(any());
                                                                  ^
  symbol:   method any()
  location: class ShortsTest
/home/utbot_mocks/results_utbot-mocks_120/GUAVA-45_4/temp/testcases/com/google/common/primitives/ShortsTest.java:3831: warning: Unsafe is internal proprietary API and may be removed in a future release
    private static sun.misc.Unsafe getUnsafeInstance() throws Exception {
                           ^
/home/utbot_mocks/results_utbot-mocks_120/GUAVA-45_4/temp/testcases/com/google/common/primitives/ShortsTest.java:3832: warning: Unsafe is internal proprietary API and may be removed in a future release
        java.lang.reflect.Field f = sun.misc.Unsafe.class.getDeclaredField("theUnsafe");
                                            ^
/home/utbot_mocks/results_utbot-mocks_120/GUAVA-45_4/temp/testcases/com/google/common/primitives/ShortsTest.java:3834: warning: Unsafe is internal proprietary API and may be removed in a future release
        return (sun.misc.Unsafe) f.get(null);
                        ^
Note: /home/utbot_mocks/results_utbot-mocks_120/GUAVA-45_4/temp/testcases/com/google/common/primitives/ShortsTest.java uses unchecked or unsafe operations.
Note: Recompile with -Xlint:unchecked for details.
100 errors
5 warnings
Failed to compile 'com/google/common/primitives/ShortsTest.java'!
shaded.org.apache.commons.exec.ExecuteException: Process exited with an error: 1 (Exit value: 1)
	at shaded.org.apache.commons.exec.DefaultExecutor.executeInternal(DefaultExecutor.java:377)
	at shaded.org.apache.commons.exec.DefaultExecutor.execute(DefaultExecutor.java:160)
	at shaded.org.apache.commons.exec.DefaultExecutor.execute(DefaultExecutor.java:147)
	at sbst.benchmark.TestSuite.compile(TestSuite.java:250)
	at sbst.benchmark.TestSuite.<init>(TestSuite.java:68)
	at sbst.benchmark.TranscriptWriter.endClass(TranscriptWriter.java:136)
	at sbst.benchmark.RunTool.execute(RunTool.java:141)
	at sbst.benchmark.RunTool.run(RunTool.java:62)
	at sbst.benchmark.Main.main(Main.java:160)

---Timing Information---
Running tests with the following classpath: 
/var/benchmarks/projects/guava/guava/target/guava-26.0-jre.jar:/var/benchmarks/projects/./guava/guava/target/dependency/checker-qual-2.5.2.jar:/var/benchmarks/projects/guava/guava/target/dependency/error_prone_annotations-2.1.3.jar:/var/benchmarks/projects/guava/guava/target/dependency/j2objc-annotations-1.1.jar:/var/benchmarks/projects/guava/guava/target/dependency/jsr305-3.0.2.jar:/var/benchmarks/projects/guava/guava/target/dependency/animal-sniffer-annotations-1.14.jar:/usr/local/bin/lib/junit.jar:/usr/local/bin/lib/hamcrest-core.jar:/home/utbot_mocks/results_utbot-mocks_120/GUAVA-45_4/temp/testcases/bin
Running the tests: [SBSTDummyForCoverageAndMutationCalculation]
Executions terminated

---The tests are re-executed other four times to find the flaky ones---
Running the tests: [SBSTDummyForCoverageAndMutationCalculation]
Executions terminated
Running the tests: [SBSTDummyForCoverageAndMutationCalculation]
Executions terminated
Running the tests: [SBSTDummyForCoverageAndMutationCalculation]
Executions terminated
Running the tests: [SBSTDummyForCoverageAndMutationCalculation]
Executions terminated

=== Run Jacoco for Coverage ===
Number of instrumented file = 2323
Running tests with the following classpath: 
/home/utbot_mocks/results_utbot-mocks_120/GUAVA-45_4/temp/testcases/guava-26.0-jre_instrumented.jar:/home/utbot_mocks/results_utbot-mocks_120/GUAVA-45_4/temp/testcases/checker-qual-2.5.2_instrumented.jar:/home/utbot_mocks/results_utbot-mocks_120/GUAVA-45_4/temp/testcases/error_prone_annotations-2.1.3_instrumented.jar:/home/utbot_mocks/results_utbot-mocks_120/GUAVA-45_4/temp/testcases/j2objc-annotations-1.1_instrumented.jar:/home/utbot_mocks/results_utbot-mocks_120/GUAVA-45_4/temp/testcases/jsr305-3.0.2_instrumented.jar:/home/utbot_mocks/results_utbot-mocks_120/GUAVA-45_4/temp/testcases/animal-sniffer-annotations-1.14_instrumented.jar:/usr/local/bin/lib/hamcrest-core.jar:/usr/local/bin/lib/junit.jar:/home/utbot_mocks/results_utbot-mocks_120/GUAVA-45_4/temp/testcases/bin
Running the tests: [SBSTDummyForCoverageAndMutationCalculation]
Executions terminated
Number of file with coverage information = 1951
Extracted coverage data for the class com/google/common/primitives/Shorts
Number of file with coverage information = 302
Number of file with coverage information = 22
Number of file with coverage information = 12
Number of file with coverage information = 35
Number of file with coverage information = 1

=== Run PIT ===
Matching Jacoco with PIT: find covered mutations
Executing Mutation Analysis using 133 mutants 

>>> RESULTS:
	Tool name: utbot-mocks
	Benchmark: GUAVA-45
	Class Under Test: com.google.common.primitives.Shorts
	Run number: 4
	Tool preparation time (ms): 12977
	Tool test cases generation time (ms): 59111
	Test cases execution time (ms): 10
	Test case number: 196
	Uncompilable Test Classes: 1
	Broken tests number: 0
	Failing tests number: 0
	Lines total: 103
	Lines covered: 0
	Lines coverage ratio (%): 0.0
	Conditions total: 68
	Conditions covered: 0
	Conditions coverage ratio (%): 0.0
	Mutants total: 133
	Mutants covered: 0
	Mutants coverage ratio (%): 0.0
	Mutants killed: 0
	Mutants killed ratio (%): 0.0
	Mutants alive: 133


Class com.google.common.primitives.Shorts ended.
Stopping process...
Tool subprocess is an instance of java.lang.UNIXProcess
Tool subprocess Id is 23671
Killing master process 23671
Executing command kill -9 23671
Execution of command kill -9 23671 finished.
Process was destroyed
