Started UtBot Contest, classfileDir = /var/benchmarks/projects/seata/core/target/classes, classpathString=/var/benchmarks/projects/seata/core/target/classes:/var/benchmarks/projects/seata/core/target/seata-core-0.5.0.jar:/var/benchmarks/projects/./seata/core/target/dependency/mockito-core-2.23.4.jar:/var/benchmarks/projects/seata/core/target/dependency/byte-buddy-agent-1.9.3.jar:/var/benchmarks/projects/seata/core/target/dependency/assertj-core-2.6.0.jar:/var/benchmarks/projects/seata/core/target/dependency/seata-common-0.5.0.jar:/var/benchmarks/projects/seata/core/target/dependency/byte-buddy-1.9.3.jar:/var/benchmarks/projects/seata/core/target/dependency/objenesis-2.6.jar:/var/benchmarks/projects/seata/core/target/dependency/seata-discovery-core-0.5.0.jar:/var/benchmarks/projects/seata/core/target/dependency/commons-pool2-2.4.2.jar:/var/benchmarks/projects/seata/core/target/dependency/junit-4.12.jar:/var/benchmarks/projects/seata/core/target/dependency/hamcrest-core-1.3.jar:/var/benchmarks/projects/seata/core/target/dependency/slf4j-api-1.7.22.jar:/var/benchmarks/projects/seata/core/target/dependency/seata-config-core-0.5.0.jar:/var/benchmarks/projects/seata/core/target/dependency/netty-all-4.1.24.Final.jar:/var/benchmarks/projects/seata/core/target/dependency/commons-lang-2.6.jar:/var/benchmarks/projects/seata/core/target/dependency/fastjson-1.2.48.jar:/var/benchmarks/projects/seata/core/target/dependency/config-1.2.1.jar:/var/benchmarks/projects/seata/core/target/dependency/commons-pool-1.6.jar, outputDir=/home/utbot_mocks/temp/testcases, mocks=Other classes: Mockito
16:42:17.772 | INFO  | Started: warmup: kotlin reflection :: init
16:42:17.864 | INFO  | Finished (in 0.091 sec): warmup: kotlin reflection :: init 
[INIT]
>> [RUN] io.seata.core.protocol.MergedWarpMessage 120
16:42:17.878 | DEBUG | -----------------------------------------------------------------------------
16:42:17.879 | INFO  | Contest.runGeneration: Time budget: 120000 ms, Generation timeout=102000 ms, classpath=/var/benchmarks/projects/seata/core/target/classes:/var/benchmarks/projects/seata/core/target/seata-core-0.5.0.jar:/var/benchmarks/projects/./seata/core/target/dependency/mockito-core-2.23.4.jar:/var/benchmarks/projects/seata/core/target/dependency/byte-buddy-agent-1.9.3.jar:/var/benchmarks/projects/seata/core/target/dependency/assertj-core-2.6.0.jar:/var/benchmarks/projects/seata/core/target/dependency/seata-common-0.5.0.jar:/var/benchmarks/projects/seata/core/target/dependency/byte-buddy-1.9.3.jar:/var/benchmarks/projects/seata/core/target/dependency/objenesis-2.6.jar:/var/benchmarks/projects/seata/core/target/dependency/seata-discovery-core-0.5.0.jar:/var/benchmarks/projects/seata/core/target/dependency/commons-pool2-2.4.2.jar:/var/benchmarks/projects/seata/core/target/dependency/junit-4.12.jar:/var/benchmarks/projects/seata/core/target/dependency/hamcrest-core-1.3.jar:/var/benchmarks/projects/seata/core/target/dependency/slf4j-api-1.7.22.jar:/var/benchmarks/projects/seata/core/target/dependency/seata-config-core-0.5.0.jar:/var/benchmarks/projects/seata/core/target/dependency/netty-all-4.1.24.Final.jar:/var/benchmarks/projects/seata/core/target/dependency/commons-lang-2.6.jar:/var/benchmarks/projects/seata/core/target/dependency/fastjson-1.2.48.jar:/var/benchmarks/projects/seata/core/target/dependency/config-1.2.1.jar:/var/benchmarks/projects/seata/core/target/dependency/commons-pool-1.6.jar, methodNameFilter=null
16:42:17.882 | INFO  | ClassUnderTest[ FQN: io.seata.core.protocol.MergedWarpMessage
    classfileDir: /var/benchmarks/projects/seata/core/target/classes
    testClassSimpleName: MergedWarpMessageTest
    generatedTestFile: /home/utbot_mocks/temp/testcases/io/seata/core/protocol/MergedWarpMessageTest.java
    generatedTestsSourcesDir: /home/utbot_mocks/temp/testcases
]
16:42:17.913 | INFO  | Started: class io.seata.core.protocol.MergedWarpMessage
16:42:17.914 | INFO  | Started: preparation class class io.seata.core.protocol.MergedWarpMessage: kotlin reflection :: run
16:42:17.971 | INFO  | Finished (in 0.057 sec): preparation class class io.seata.core.protocol.MergedWarpMessage: kotlin reflection :: run 
16:42:17.972 | INFO  | Started: 2nd optional soot initialization
16:42:17.974 | INFO  | Finished (in 0.001 sec): 2nd optional soot initialization 
16:42:17.984 | DEBUG |  ... 
16:42:18.000 | INFO  | Started: method io.seata.core.protocol.MergedWarpMessage.toString()
16:42:18.001 | INFO  |  -- Remaining time budget: 101891 ms, #remaining_methods: 6, budget for method: 16981 ms, solver timeout: 1000 ms, budget for symbolic execution: 15781 ms, budget for concrete execution: 1200 ms,  -- 
16:42:18.373 | DEBUG | --new testCase collected, to generate: testIo.seata.core.protocol.MergedWarpMessage.toString()1
16:42:19.007 | DEBUG | --new testCase collected, to generate: testIo.seata.core.protocol.MergedWarpMessage.toString()2
16:42:21.186 | DEBUG | --new testCase collected, to generate: testIo.seata.core.protocol.MergedWarpMessage.toString()3
16:42:21.657 | DEBUG | --new testCase collected, to generate: testIo.seata.core.protocol.MergedWarpMessage.toString()4
16:42:21.794 | DEBUG | --new testCase collected, to generate: testIo.seata.core.protocol.MergedWarpMessage.toString()5
16:42:33.977 | INFO  | |> Starting concrete execution for remaining state: io.seata.core.protocol.MergedWarpMessage.toString()
16:42:35.179 | INFO  | (X) Cancelling concrete execution: io.seata.core.protocol.MergedWarpMessage.toString()
16:42:35.251 | INFO  | Finished (in 17.250 sec): method io.seata.core.protocol.MergedWarpMessage.toString() 
<StatsForMethod> :
	#generatedTC=5
	WITH NO EXCEPTIONS
16:42:35.305 | DEBUG |  ... 
16:42:35.307 | INFO  | Started: method io.seata.core.protocol.MergedWarpMessage.decode(ByteBuf)
16:42:35.307 | INFO  |  -- Remaining time budget: 84574 ms, #remaining_methods: 5, budget for method: 16914 ms, solver timeout: 1000 ms, budget for symbolic execution: 15714 ms, budget for concrete execution: 1200 ms,  -- 
16:42:35.320 | DEBUG | --new testCase collected, to generate: testIo.seata.core.protocol.MergedWarpMessage.decode(ByteBuf)1
16:42:35.350 | DEBUG | --new testCase collected, to generate: testIo.seata.core.protocol.MergedWarpMessage.decode(ByteBuf)2
16:42:35.388 | DEBUG | --new testCase collected, to generate: testIo.seata.core.protocol.MergedWarpMessage.decode(ByteBuf)3
16:42:35.410 | DEBUG | --new testCase collected, to generate: testIo.seata.core.protocol.MergedWarpMessage.decode(ByteBuf)4
16:42:35.419 | DEBUG | --new testCase collected, to generate: testIo.seata.core.protocol.MergedWarpMessage.decode(ByteBuf)5
16:42:35.510 | DEBUG | --new testCase collected, to generate: testIo.seata.core.protocol.MergedWarpMessage.decode(ByteBuf)6
16:42:35.554 | DEBUG | --new testCase collected, to generate: testIo.seata.core.protocol.MergedWarpMessage.decode(ByteBuf)7
16:42:35.577 | DEBUG | --new testCase collected, to generate: testIo.seata.core.protocol.MergedWarpMessage.decode(ByteBuf)8
16:42:35.601 | DEBUG | --new testCase collected, to generate: testIo.seata.core.protocol.MergedWarpMessage.decode(ByteBuf)9
16:42:35.602 | INFO  | Finished (in 0.294 sec): method io.seata.core.protocol.MergedWarpMessage.decode(ByteBuf) 
<StatsForMethod> :
	#generatedTC=9
	WITH NO EXCEPTIONS
16:42:35.615 | DEBUG |  ... 
16:42:35.616 | INFO  | Started: method io.seata.core.protocol.MergedWarpMessage.encode()
16:42:35.616 | INFO  |  -- Remaining time budget: 84265 ms, #remaining_methods: 4, budget for method: 21066 ms, solver timeout: 1000 ms, budget for symbolic execution: 19866 ms, budget for concrete execution: 1200 ms,  -- 
16:42:35.625 | DEBUG | --new testCase collected, to generate: testIo.seata.core.protocol.MergedWarpMessage.encode()1
16:42:35.665 | DEBUG | --new testCase collected, to generate: testIo.seata.core.protocol.MergedWarpMessage.encode()2
16:42:36.360 | DEBUG | --new testCase collected, to generate: testIo.seata.core.protocol.MergedWarpMessage.encode()3
16:42:37.029 | DEBUG | --new testCase collected, to generate: testIo.seata.core.protocol.MergedWarpMessage.encode()4
16:42:37.995 | DEBUG | --new testCase collected, to generate: testIo.seata.core.protocol.MergedWarpMessage.encode()5
16:42:38.120 | DEBUG | --new testCase collected, to generate: testIo.seata.core.protocol.MergedWarpMessage.encode()6
16:42:40.569 | ERROR | Symbolic execution FAILED
com.huawei.utbot.instrumentation.util.ReadingFromKryoException: Failure reading from kryo
	at com.huawei.utbot.instrumentation.ConcreteExecutor.executeAsync(ConcreteExecutor.kt:392) ~[utbot-junit-contest-1.0.jar:?]
	at com.huawei.utbot.instrumentation.ConcreteExecutor$executeAsync$1.invokeSuspend(ConcreteExecutor.kt) ~[utbot-junit-contest-1.0.jar:?]
	at kotlin.coroutines.jvm.internal.BaseContinuationImpl.resumeWith(ContinuationImpl.kt:33) [utbot-junit-contest-1.0.jar:?]
	at kotlinx.coroutines.DispatchedTask.run(DispatchedTask.kt:106) [utbot-junit-contest-1.0.jar:?]
	at java.util.concurrent.Executors$RunnableAdapter.call(Executors.java:511) [?:1.8.0_312]
	at java.util.concurrent.FutureTask.run(FutureTask.java:266) [?:1.8.0_312]
	at java.util.concurrent.ScheduledThreadPoolExecutor$ScheduledFutureTask.access$201(ScheduledThreadPoolExecutor.java:180) [?:1.8.0_312]
	at java.util.concurrent.ScheduledThreadPoolExecutor$ScheduledFutureTask.run(ScheduledThreadPoolExecutor.java:293) [?:1.8.0_312]
	at java.util.concurrent.ThreadPoolExecutor.runWorker(ThreadPoolExecutor.java:1149) [?:1.8.0_312]
	at java.util.concurrent.ThreadPoolExecutor$Worker.run(ThreadPoolExecutor.java:624) [?:1.8.0_312]
	at java.lang.Thread.run(Thread.java:748) [?:1.8.0_312]
Caused by: com.esotericsoftware.kryo.KryoException: Buffer underflow.
	at com.esotericsoftware.kryo.io.Input.require(Input.java:219) ~[utbot-junit-contest-1.0.jar:?]
	at com.esotericsoftware.kryo.io.Input.readVarLong(Input.java:570) ~[utbot-junit-contest-1.0.jar:?]
	at com.esotericsoftware.kryo.serializers.DefaultSerializers$LongSerializer.read(DefaultSerializers.java:131) ~[utbot-junit-contest-1.0.jar:?]
	at com.esotericsoftware.kryo.serializers.DefaultSerializers$LongSerializer.read(DefaultSerializers.java:125) ~[utbot-junit-contest-1.0.jar:?]
	at com.esotericsoftware.kryo.Kryo.readObject(Kryo.java:774) ~[utbot-junit-contest-1.0.jar:?]
	at com.huawei.utbot.instrumentation.util.KryoHelper.readLong(KryoHelper.kt:36) ~[utbot-junit-contest-1.0.jar:?]
	at com.huawei.utbot.instrumentation.ConcreteExecutor$restartIfNeeded$$inlined$bracket$lambda$1$1$1.invokeSuspend(ConcreteExecutor.kt:256) ~[utbot-junit-contest-1.0.jar:?]
	at kotlin.coroutines.jvm.internal.BaseContinuationImpl.resumeWith(ContinuationImpl.kt:33) ~[utbot-junit-contest-1.0.jar:?]
	at kotlinx.coroutines.DispatchedTask.run(DispatchedTask.kt:106) ~[utbot-junit-contest-1.0.jar:?]
	at kotlinx.coroutines.EventLoopImplBase.processNextEvent(EventLoop.common.kt:274) ~[utbot-junit-contest-1.0.jar:?]
	at kotlinx.coroutines.BlockingCoroutine.joinBlocking(Builders.kt:84) ~[utbot-junit-contest-1.0.jar:?]
	at kotlinx.coroutines.BuildersKt__BuildersKt.runBlocking(Builders.kt:59) ~[utbot-junit-contest-1.0.jar:?]
	at kotlinx.coroutines.BuildersKt.runBlocking(Unknown Source) ~[utbot-junit-contest-1.0.jar:?]
	at kotlinx.coroutines.BuildersKt__BuildersKt.runBlocking$default(Builders.kt:38) ~[utbot-junit-contest-1.0.jar:?]
	at kotlinx.coroutines.BuildersKt.runBlocking$default(Unknown Source) ~[utbot-junit-contest-1.0.jar:?]
	at com.huawei.utbot.instrumentation.ConcreteExecutor$restartIfNeeded$$inlined$bracket$lambda$1$1.invoke(ConcreteExecutor.kt:253) ~[utbot-junit-contest-1.0.jar:?]
	at com.huawei.utbot.instrumentation.ConcreteExecutor$restartIfNeeded$$inlined$bracket$lambda$1$1.invoke(ConcreteExecutor.kt:101) ~[utbot-junit-contest-1.0.jar:?]
	at kotlin.concurrent.ThreadsKt$thread$thread$1.run(Thread.kt:30) ~[utbot-junit-contest-1.0.jar:?]
16:42:42.465 | ERROR | Symbolic execution FAILED
com.huawei.utbot.instrumentation.util.ChildProcessError: Error in the child process |> java.lang.IllegalStateException: No field $__is_mock_null in class java.nio.ByteBuffer
	at com.huawei.utbot.framework.concrete.MethodMockController.<init>(MethodMockController.kt:38)
	at com.huawei.utbot.framework.concrete.MockValueConstructor.mockMethods(MockValueConstructor.kt:245)
	at com.huawei.utbot.framework.concrete.MockValueConstructor.mockStaticMethods(MockValueConstructor.kt:263)
	at com.huawei.utbot.framework.concrete.UtExecutionInstrumentation$invoke$$inlined$use$lambda$1.invoke(UtExecutionInstrumentation.kt:139)
	at com.huawei.utbot.framework.concrete.UtExecutionInstrumentation$invoke$$inlined$use$lambda$1.invoke(UtExecutionInstrumentation.kt:96)
	at com.huawei.utbot.framework.concrete.UtExecutionInstrumentation.withStaticFields(UtExecutionInstrumentation.kt:225)
	at com.huawei.utbot.framework.concrete.UtExecutionInstrumentation.invoke(UtExecutionInstrumentation.kt:137)
	at com.huawei.utbot.framework.concrete.UtExecutionInstrumentation.invoke(UtExecutionInstrumentation.kt:96)
	at com.huawei.utbot.instrumentation.process.ChildProcessKt.loop(ChildProcess.kt:114)
	at com.huawei.utbot.instrumentation.process.ChildProcessKt.main(ChildProcess.kt:76)
	at com.huawei.utbot.instrumentation.process.ChildProcessKt.main(ChildProcess.kt)

	at com.huawei.utbot.instrumentation.ConcreteExecutor.executeAsync(ConcreteExecutor.kt:391) ~[utbot-junit-contest-1.0.jar:?]
	at com.huawei.utbot.instrumentation.ConcreteExecutor$executeAsync$1.invokeSuspend(ConcreteExecutor.kt) ~[utbot-junit-contest-1.0.jar:?]
	at kotlin.coroutines.jvm.internal.BaseContinuationImpl.resumeWith(ContinuationImpl.kt:33) [utbot-junit-contest-1.0.jar:?]
	at kotlinx.coroutines.DispatchedTask.run(DispatchedTask.kt:106) [utbot-junit-contest-1.0.jar:?]
	at java.util.concurrent.Executors$RunnableAdapter.call(Executors.java:511) [?:1.8.0_312]
	at java.util.concurrent.FutureTask.run(FutureTask.java:266) [?:1.8.0_312]
	at java.util.concurrent.ScheduledThreadPoolExecutor$ScheduledFutureTask.access$201(ScheduledThreadPoolExecutor.java:180) [?:1.8.0_312]
	at java.util.concurrent.ScheduledThreadPoolExecutor$ScheduledFutureTask.run(ScheduledThreadPoolExecutor.java:293) [?:1.8.0_312]
	at java.util.concurrent.ThreadPoolExecutor.runWorker(ThreadPoolExecutor.java:1149) [?:1.8.0_312]
	at java.util.concurrent.ThreadPoolExecutor$Worker.run(ThreadPoolExecutor.java:624) [?:1.8.0_312]
	at java.lang.Thread.run(Thread.java:748) [?:1.8.0_312]
16:42:42.618 | ERROR | Symbolic execution FAILED ... <<stack trace duplicated>>
16:42:42.618 | INFO  | Finished (in 7.002 sec): method io.seata.core.protocol.MergedWarpMessage.encode() 
<StatsForMethod> :
	#generatedTC=6
	FAILED 3 time(s) with 2 different exception(s)"
16:42:42.770 | DEBUG |  ... 
16:42:42.771 | INFO  | Started: method io.seata.core.protocol.MergedWarpMessage.getTypeCode()
16:42:42.771 | INFO  |  -- Remaining time budget: 77109 ms, #remaining_methods: 3, budget for method: 25703 ms, solver timeout: 1000 ms, budget for symbolic execution: 24503 ms, budget for concrete execution: 1200 ms,  -- 
16:42:42.886 | DEBUG | --new testCase collected, to generate: testIo.seata.core.protocol.MergedWarpMessage.getTypeCode()1
16:42:42.914 | DEBUG | --new testCase collected, to generate: testIo.seata.core.protocol.MergedWarpMessage.getTypeCode()2
16:42:42.915 | INFO  | Finished (in 0.143 sec): method io.seata.core.protocol.MergedWarpMessage.getTypeCode() 
<StatsForMethod> :
	#generatedTC=2
	WITH NO EXCEPTIONS
16:42:42.916 | DEBUG |  ... 
16:42:42.916 | INFO  | Started: method io.seata.core.protocol.MergedWarpMessage.doDecode(ByteBuffer)
16:42:42.916 | INFO  |  -- Remaining time budget: 76964 ms, #remaining_methods: 2, budget for method: 38482 ms, solver timeout: 1000 ms, budget for symbolic execution: 37282 ms, budget for concrete execution: 1200 ms,  -- 
16:42:42.928 | DEBUG | --new testCase collected, to generate: testIo.seata.core.protocol.MergedWarpMessage.doDecode(ByteBuffer)1
16:42:42.953 | DEBUG | --new testCase collected, to generate: testIo.seata.core.protocol.MergedWarpMessage.doDecode(ByteBuffer)2
16:42:42.990 | DEBUG | --new testCase collected, to generate: testIo.seata.core.protocol.MergedWarpMessage.doDecode(ByteBuffer)3
16:42:42.998 | DEBUG | --new testCase collected, to generate: testIo.seata.core.protocol.MergedWarpMessage.doDecode(ByteBuffer)4
16:42:43.023 | DEBUG | --new testCase collected, to generate: testIo.seata.core.protocol.MergedWarpMessage.doDecode(ByteBuffer)5
16:42:43.023 | INFO  | Finished (in 0.107 sec): method io.seata.core.protocol.MergedWarpMessage.doDecode(ByteBuffer) 
<StatsForMethod> :
	#generatedTC=5
	WITH NO EXCEPTIONS
16:42:43.025 | DEBUG |  ... 
16:42:43.025 | INFO  | Started: method io.seata.core.protocol.MergedWarpMessage.<init>()
16:42:43.025 | INFO  |  -- Remaining time budget: 76855 ms, #remaining_methods: 1, budget for method: 76855 ms, solver timeout: 1000 ms, budget for symbolic execution: 75655 ms, budget for concrete execution: 1200 ms,  -- 
16:42:43.032 | DEBUG | --new testCase collected, to generate: testIo.seata.core.protocol.MergedWarpMessage.<init>()1
16:42:43.160 | DEBUG | --new testCase collected, to generate: testIo.seata.core.protocol.MergedWarpMessage.<init>()2
16:42:43.160 | INFO  | Finished (in 0.135 sec): method io.seata.core.protocol.MergedWarpMessage.<init>() 
<StatsForMethod> :
	#generatedTC=2
	WITH NO EXCEPTIONS
16:42:43.176 | INFO  | Started: Flushing tests for [MergedWarpMessage] on disk
16:42:44.020 | INFO  | File size for MergedWarpMessageTest: 27 KB
16:42:44.021 | INFO  | Finished (in 0.845 sec): Flushing tests for [MergedWarpMessage] on disk 
16:42:44.022 | INFO  | Finished (in 26.108 sec): class io.seata.core.protocol.MergedWarpMessage 
<StatsForClass> :
	canceled by timeout = false
	#methods = 6, 
	#methods started symbolic exploration = 6
	#methods with at least one TC = 6
	#methods with exceptions = 1
	#generated TC = 29
	#coverage = null
[READY]
