Started UtBot Contest, classfileDir = /var/benchmarks/projects/guava/guava/target/classes, classpathString=/var/benchmarks/projects/guava/guava/target/classes:/var/benchmarks/projects/guava/guava/target/guava-26.0-jre.jar:/var/benchmarks/projects/./guava/guava/target/dependency/checker-qual-2.5.2.jar:/var/benchmarks/projects/guava/guava/target/dependency/error_prone_annotations-2.1.3.jar:/var/benchmarks/projects/guava/guava/target/dependency/j2objc-annotations-1.1.jar:/var/benchmarks/projects/guava/guava/target/dependency/jsr305-3.0.2.jar:/var/benchmarks/projects/guava/guava/target/dependency/animal-sniffer-annotations-1.14.jar, outputDir=/home/utbot_mocks/temp/testcases, mocks=Other classes: Mockito
19:39:14.881 | INFO  | Started: warmup: kotlin reflection :: init
19:39:14.959 | INFO  | Finished (in 0.078 sec): warmup: kotlin reflection :: init 
[INIT]
>> [RUN] com.google.common.collect.TopKSelector 30
19:39:14.969 | DEBUG | -----------------------------------------------------------------------------
19:39:14.969 | INFO  | Contest.runGeneration: Time budget: 30000 ms, Generation timeout=25500 ms, classpath=/var/benchmarks/projects/guava/guava/target/classes:/var/benchmarks/projects/guava/guava/target/guava-26.0-jre.jar:/var/benchmarks/projects/./guava/guava/target/dependency/checker-qual-2.5.2.jar:/var/benchmarks/projects/guava/guava/target/dependency/error_prone_annotations-2.1.3.jar:/var/benchmarks/projects/guava/guava/target/dependency/j2objc-annotations-1.1.jar:/var/benchmarks/projects/guava/guava/target/dependency/jsr305-3.0.2.jar:/var/benchmarks/projects/guava/guava/target/dependency/animal-sniffer-annotations-1.14.jar, methodNameFilter=null
19:39:14.970 | INFO  | ClassUnderTest[ FQN: com.google.common.collect.TopKSelector
    classfileDir: /var/benchmarks/projects/guava/guava/target/classes
    testClassSimpleName: TopKSelectorTest
    generatedTestFile: /home/utbot_mocks/temp/testcases/com/google/common/collect/TopKSelectorTest.java
    generatedTestsSourcesDir: /home/utbot_mocks/temp/testcases
]
19:39:14.990 | INFO  | Started: class com.google.common.collect.TopKSelector
19:39:14.991 | INFO  | Started: preparation class class com.google.common.collect.TopKSelector: kotlin reflection :: run
19:39:15.015 | INFO  | Finished (in 0.023 sec): preparation class class com.google.common.collect.TopKSelector: kotlin reflection :: run 
19:39:15.015 | INFO  | Started: 2nd optional soot initialization
19:39:15.016 | INFO  | Finished (in 0.001 sec): 2nd optional soot initialization 
19:39:15.024 | DEBUG |  ... 
19:39:15.033 | INFO  | Started: method com.google.common.collect.TopKSelector.trim()
19:39:15.035 | INFO  |  -- Remaining time budget: 25445 ms, #remaining_methods: 13, budget for method: 1957 ms, solver timeout: 978 ms, budget for symbolic execution: 979 ms, budget for concrete execution: 978 ms,  -- 
19:39:15.336 | DEBUG | --new testCase collected, to generate: testCom.google.common.collect.TopKSelector.trim()1
19:39:16.011 | INFO  | |> Starting concrete execution for remaining state: com.google.common.collect.TopKSelector.trim()
19:39:16.991 | INFO  | (X) Cancelling concrete execution: com.google.common.collect.TopKSelector.trim()
19:39:17.617 | INFO  | Finished (in 2.583 sec): method com.google.common.collect.TopKSelector.trim() 
<StatsForMethod> :
	#generatedTC=1
	WITH NO EXCEPTIONS
19:39:17.696 | DEBUG |  ... 
19:39:17.697 | INFO  | Started: method com.google.common.collect.TopKSelector.combine(TopKSelector)
19:39:17.697 | INFO  |  -- Remaining time budget: 22773 ms, #remaining_methods: 12, budget for method: 1897 ms, solver timeout: 948 ms, budget for symbolic execution: 949 ms, budget for concrete execution: 948 ms,  -- 
19:39:17.707 | DEBUG | --new testCase collected, to generate: testCom.google.common.collect.TopKSelector.combine(TopKSelector)1
19:39:17.827 | DEBUG | --new testCase collected, to generate: testCom.google.common.collect.TopKSelector.combine(TopKSelector)2
19:39:17.849 | DEBUG | --new testCase collected, to generate: testCom.google.common.collect.TopKSelector.combine(TopKSelector)3
19:39:18.208 | DEBUG | --new testCase collected, to generate: testCom.google.common.collect.TopKSelector.combine(TopKSelector)4
19:39:18.646 | INFO  | |> Starting concrete execution for remaining state: com.google.common.collect.TopKSelector.combine(TopKSelector)
19:39:19.595 | INFO  | (X) Cancelling concrete execution: com.google.common.collect.TopKSelector.combine(TopKSelector)
19:39:19.762 | INFO  | Finished (in 2.065 sec): method com.google.common.collect.TopKSelector.combine(TopKSelector) 
<StatsForMethod> :
	#generatedTC=4
	WITH NO EXCEPTIONS
19:39:19.766 | DEBUG |  ... 
19:39:19.767 | INFO  | Started: method com.google.common.collect.TopKSelector.swap(int, int)
19:39:19.767 | INFO  |  -- Remaining time budget: 20703 ms, #remaining_methods: 11, budget for method: 1882 ms, solver timeout: 941 ms, budget for symbolic execution: 941 ms, budget for concrete execution: 941 ms,  -- 
19:39:19.778 | DEBUG | --new testCase collected, to generate: testCom.google.common.collect.TopKSelector.swap(int, int)1
19:39:19.994 | DEBUG | --new testCase collected, to generate: testCom.google.common.collect.TopKSelector.swap(int, int)2
19:39:20.164 | DEBUG | --new testCase collected, to generate: testCom.google.common.collect.TopKSelector.swap(int, int)3
19:39:20.463 | DEBUG | --new testCase collected, to generate: testCom.google.common.collect.TopKSelector.swap(int, int)4
19:39:20.695 | DEBUG | --new testCase collected, to generate: testCom.google.common.collect.TopKSelector.swap(int, int)5
19:39:20.708 | INFO  | |> Starting concrete execution for remaining state: com.google.common.collect.TopKSelector.swap(int, int)
19:39:21.380 | DEBUG | --new testCase collected, to generate: testCom.google.common.collect.TopKSelector.swap(int, int)6
19:39:21.381 | INFO  | Finished (in 1.614 sec): method com.google.common.collect.TopKSelector.swap(int, int) 
<StatsForMethod> :
	#generatedTC=6
	WITH NO EXCEPTIONS
19:39:21.390 | DEBUG |  ... 
19:39:21.390 | INFO  | Started: method com.google.common.collect.TopKSelector.offer(T)
19:39:21.391 | INFO  |  -- Remaining time budget: 19080 ms, #remaining_methods: 10, budget for method: 1908 ms, solver timeout: 954 ms, budget for symbolic execution: 954 ms, budget for concrete execution: 954 ms,  -- 
19:39:21.401 | DEBUG | --new testCase collected, to generate: testCom.google.common.collect.TopKSelector.offer(T)1
19:39:21.544 | DEBUG | --new testCase collected, to generate: testCom.google.common.collect.TopKSelector.offer(T)2
19:39:21.932 | DEBUG | --new testCase collected, to generate: testCom.google.common.collect.TopKSelector.offer(T)3
19:39:22.345 | INFO  | |> Starting concrete execution for remaining state: com.google.common.collect.TopKSelector.offer(T)
19:39:22.363 | DEBUG | --new testCase collected, to generate: testCom.google.common.collect.TopKSelector.offer(T)4
19:39:22.530 | DEBUG | --new testCase collected, to generate: testCom.google.common.collect.TopKSelector.offer(T)5
19:39:22.819 | DEBUG | --new testCase collected, to generate: testCom.google.common.collect.TopKSelector.offer(T)6
19:39:23.300 | INFO  | (X) Cancelling concrete execution: com.google.common.collect.TopKSelector.offer(T)
19:39:23.452 | INFO  | Finished (in 2.061 sec): method com.google.common.collect.TopKSelector.offer(T) 
<StatsForMethod> :
	#generatedTC=6
	WITH NO EXCEPTIONS
19:39:23.455 | DEBUG |  ... 
19:39:23.456 | INFO  | Started: method com.google.common.collect.TopKSelector.partition(int, int, int)
19:39:23.456 | INFO  |  -- Remaining time budget: 17014 ms, #remaining_methods: 9, budget for method: 1890 ms, solver timeout: 945 ms, budget for symbolic execution: 945 ms, budget for concrete execution: 945 ms,  -- 
19:39:23.463 | DEBUG | --new testCase collected, to generate: testCom.google.common.collect.TopKSelector.partition(int, int, int)1
19:39:23.672 | DEBUG | --new testCase collected, to generate: testCom.google.common.collect.TopKSelector.partition(int, int, int)2
19:39:23.843 | DEBUG | --new testCase collected, to generate: testCom.google.common.collect.TopKSelector.partition(int, int, int)3
19:39:24.103 | DEBUG | --new testCase collected, to generate: testCom.google.common.collect.TopKSelector.partition(int, int, int)4
19:39:24.353 | DEBUG | --new testCase collected, to generate: testCom.google.common.collect.TopKSelector.partition(int, int, int)5
19:39:24.401 | INFO  | |> Starting concrete execution for remaining state: com.google.common.collect.TopKSelector.partition(int, int, int)
19:39:25.347 | INFO  | (X) Cancelling concrete execution: com.google.common.collect.TopKSelector.partition(int, int, int)
19:39:25.443 | INFO  | Finished (in 1.986 sec): method com.google.common.collect.TopKSelector.partition(int, int, int) 
<StatsForMethod> :
	#generatedTC=5
	WITH NO EXCEPTIONS
19:39:25.462 | DEBUG |  ... 
19:39:25.463 | INFO  | Started: method com.google.common.collect.TopKSelector.topK()
19:39:25.463 | INFO  |  -- Remaining time budget: 15007 ms, #remaining_methods: 8, budget for method: 1875 ms, solver timeout: 937 ms, budget for symbolic execution: 938 ms, budget for concrete execution: 937 ms,  -- 
19:39:25.475 | DEBUG | --new testCase collected, to generate: testCom.google.common.collect.TopKSelector.topK()1
19:39:26.401 | INFO  | |> Starting concrete execution for remaining state: com.google.common.collect.TopKSelector.topK()
19:39:26.522 | DEBUG | --new testCase collected, to generate: testCom.google.common.collect.TopKSelector.topK()2
19:39:26.642 | DEBUG | --new testCase collected, to generate: testCom.google.common.collect.TopKSelector.topK()3
19:39:27.339 | INFO  | (X) Cancelling concrete execution: com.google.common.collect.TopKSelector.topK()
19:39:27.410 | INFO  | Finished (in 1.947 sec): method com.google.common.collect.TopKSelector.topK() 
<StatsForMethod> :
	#generatedTC=3
	WITH NO EXCEPTIONS
19:39:27.474 | DEBUG |  ... 
19:39:27.475 | INFO  | Started: method com.google.common.collect.TopKSelector.offerAll(Iterable)
19:39:27.475 | INFO  |  -- Remaining time budget: 12996 ms, #remaining_methods: 7, budget for method: 1856 ms, solver timeout: 928 ms, budget for symbolic execution: 928 ms, budget for concrete execution: 928 ms,  -- 
19:39:27.481 | DEBUG | --new testCase collected, to generate: testCom.google.common.collect.TopKSelector.offerAll(Iterable)1
19:39:27.591 | DEBUG | --new testCase collected, to generate: testCom.google.common.collect.TopKSelector.offerAll(Iterable)2
19:39:27.694 | ERROR | Symbolic execution FAILED
java.util.NoSuchElementException: List contains no element matching the predicate.
	at com.huawei.utbot.engine.Hierarchy.chunkIdForField(Hierarchy.kt:76) ~[utbot-junit-contest-1.0.jar:?]
	at com.huawei.utbot.engine.UtBotSymbolicEngine.createFieldOrMock(UtBotSymbolicEngine.kt:1934) ~[utbot-junit-contest-1.0.jar:?]
	at com.huawei.utbot.engine.UtBotSymbolicEngine.resolve(UtBotSymbolicEngine.kt:1745) ~[utbot-junit-contest-1.0.jar:?]
	at com.huawei.utbot.engine.UtBotSymbolicEngine.traverseAssignStmt(UtBotSymbolicEngine.kt:886) ~[utbot-junit-contest-1.0.jar:?]
	at com.huawei.utbot.engine.UtBotSymbolicEngine.traverseStmt(UtBotSymbolicEngine.kt:604) ~[utbot-junit-contest-1.0.jar:?]
	at com.huawei.utbot.engine.UtBotSymbolicEngine$traverse$1.invokeSuspend(UtBotSymbolicEngine.kt:464) [utbot-junit-contest-1.0.jar:?]
	at com.huawei.utbot.engine.UtBotSymbolicEngine$traverse$1.invoke(UtBotSymbolicEngine.kt) [utbot-junit-contest-1.0.jar:?]
	at kotlinx.coroutines.flow.SafeFlow.collectSafely(Builders.kt:61) [utbot-junit-contest-1.0.jar:?]
	at kotlinx.coroutines.flow.AbstractFlow.collect(Flow.kt:212) [utbot-junit-contest-1.0.jar:?]
	at kotlinx.coroutines.flow.FlowKt__MergeKt$flattenConcat$$inlined$unsafeFlow$1$lambda$1.emit(Collect.kt:134) [utbot-junit-contest-1.0.jar:?]
	at kotlinx.coroutines.flow.FlowKt__BuildersKt$flowOf$$inlined$unsafeFlow$1.collect(SafeCollector.common.kt:114) [utbot-junit-contest-1.0.jar:?]
	at kotlinx.coroutines.flow.FlowKt__BuildersKt$flowOf$$inlined$unsafeFlow$1$1.invokeSuspend(Unknown Source) [utbot-junit-contest-1.0.jar:?]
	at kotlin.coroutines.jvm.internal.BaseContinuationImpl.resumeWith(ContinuationImpl.kt:33) [utbot-junit-contest-1.0.jar:?]
	at kotlinx.coroutines.DispatchedTask.run(DispatchedTask.kt:106) [utbot-junit-contest-1.0.jar:?]
	at java.util.concurrent.Executors$RunnableAdapter.call(Executors.java:511) [?:1.8.0_312]
	at java.util.concurrent.FutureTask.run(FutureTask.java:266) [?:1.8.0_312]
	at java.util.concurrent.ScheduledThreadPoolExecutor$ScheduledFutureTask.access$201(ScheduledThreadPoolExecutor.java:180) [?:1.8.0_312]
	at java.util.concurrent.ScheduledThreadPoolExecutor$ScheduledFutureTask.run(ScheduledThreadPoolExecutor.java:293) [?:1.8.0_312]
	at java.util.concurrent.ThreadPoolExecutor.runWorker(ThreadPoolExecutor.java:1149) [?:1.8.0_312]
	at java.util.concurrent.ThreadPoolExecutor$Worker.run(ThreadPoolExecutor.java:624) [?:1.8.0_312]
	at java.lang.Thread.run(Thread.java:748) [?:1.8.0_312]
19:39:28.403 | INFO  | |> Starting concrete execution for remaining state: com.google.common.collect.TopKSelector.offerAll(Iterable)
19:39:29.332 | INFO  | (X) Cancelling concrete execution: com.google.common.collect.TopKSelector.offerAll(Iterable)
19:39:29.546 | INFO  | Finished (in 2.072 sec): method com.google.common.collect.TopKSelector.offerAll(Iterable) 
<StatsForMethod> :
	#generatedTC=2
	FAILED 1 time(s) with 1 different exception(s)"
19:39:29.614 | DEBUG |  ... 
19:39:29.615 | INFO  | Started: method com.google.common.collect.TopKSelector.offerAll(Iterator)
19:39:29.615 | INFO  |  -- Remaining time budget: 10855 ms, #remaining_methods: 6, budget for method: 1809 ms, solver timeout: 904 ms, budget for symbolic execution: 905 ms, budget for concrete execution: 904 ms,  -- 
19:39:29.623 | DEBUG | --new testCase collected, to generate: testCom.google.common.collect.TopKSelector.offerAll(Iterator)1
19:39:29.720 | DEBUG | --new testCase collected, to generate: testCom.google.common.collect.TopKSelector.offerAll(Iterator)2
19:39:30.004 | DEBUG | --new testCase collected, to generate: testCom.google.common.collect.TopKSelector.offerAll(Iterator)3
19:39:30.141 | ERROR | Symbolic execution FAILED
java.util.NoSuchElementException: List contains no element matching the predicate.
	at com.huawei.utbot.engine.Hierarchy.chunkIdForField(Hierarchy.kt:76) ~[utbot-junit-contest-1.0.jar:?]
	at com.huawei.utbot.engine.UtBotSymbolicEngine.createFieldOrMock(UtBotSymbolicEngine.kt:1934) ~[utbot-junit-contest-1.0.jar:?]
	at com.huawei.utbot.engine.UtBotSymbolicEngine.resolve(UtBotSymbolicEngine.kt:1745) ~[utbot-junit-contest-1.0.jar:?]
	at com.huawei.utbot.engine.UtBotSymbolicEngine.traverseAssignStmt(UtBotSymbolicEngine.kt:886) ~[utbot-junit-contest-1.0.jar:?]
	at com.huawei.utbot.engine.UtBotSymbolicEngine.traverseStmt(UtBotSymbolicEngine.kt:604) ~[utbot-junit-contest-1.0.jar:?]
	at com.huawei.utbot.engine.UtBotSymbolicEngine$traverse$1.invokeSuspend(UtBotSymbolicEngine.kt:464) [utbot-junit-contest-1.0.jar:?]
	at com.huawei.utbot.engine.UtBotSymbolicEngine$traverse$1.invoke(UtBotSymbolicEngine.kt) [utbot-junit-contest-1.0.jar:?]
	at kotlinx.coroutines.flow.SafeFlow.collectSafely(Builders.kt:61) [utbot-junit-contest-1.0.jar:?]
	at kotlinx.coroutines.flow.AbstractFlow.collect(Flow.kt:212) [utbot-junit-contest-1.0.jar:?]
	at kotlinx.coroutines.flow.FlowKt__MergeKt$flattenConcat$$inlined$unsafeFlow$1$lambda$1.emit(Collect.kt:134) [utbot-junit-contest-1.0.jar:?]
	at kotlinx.coroutines.flow.FlowKt__BuildersKt$flowOf$$inlined$unsafeFlow$1.collect(SafeCollector.common.kt:114) [utbot-junit-contest-1.0.jar:?]
	at kotlinx.coroutines.flow.FlowKt__BuildersKt$flowOf$$inlined$unsafeFlow$1$1.invokeSuspend(Unknown Source) [utbot-junit-contest-1.0.jar:?]
	at kotlin.coroutines.jvm.internal.BaseContinuationImpl.resumeWith(ContinuationImpl.kt:33) [utbot-junit-contest-1.0.jar:?]
	at kotlinx.coroutines.DispatchedTask.run(DispatchedTask.kt:106) [utbot-junit-contest-1.0.jar:?]
	at java.util.concurrent.Executors$RunnableAdapter.call(Executors.java:511) [?:1.8.0_312]
	at java.util.concurrent.FutureTask.run(FutureTask.java:266) [?:1.8.0_312]
	at java.util.concurrent.ScheduledThreadPoolExecutor$ScheduledFutureTask.access$201(ScheduledThreadPoolExecutor.java:180) [?:1.8.0_312]
	at java.util.concurrent.ScheduledThreadPoolExecutor$ScheduledFutureTask.run(ScheduledThreadPoolExecutor.java:293) [?:1.8.0_312]
	at java.util.concurrent.ThreadPoolExecutor.runWorker(ThreadPoolExecutor.java:1149) [?:1.8.0_312]
	at java.util.concurrent.ThreadPoolExecutor$Worker.run(ThreadPoolExecutor.java:624) [?:1.8.0_312]
	at java.lang.Thread.run(Thread.java:748) [?:1.8.0_312]
19:39:30.334 | DEBUG | --new testCase collected, to generate: testCom.google.common.collect.TopKSelector.offerAll(Iterator)4
19:39:30.520 | INFO  | |> Starting concrete execution for remaining state: com.google.common.collect.TopKSelector.offerAll(Iterator)
19:39:31.425 | INFO  | (X) Cancelling concrete execution: com.google.common.collect.TopKSelector.offerAll(Iterator)
19:39:31.467 | INFO  | Finished (in 1.852 sec): method com.google.common.collect.TopKSelector.offerAll(Iterator) 
<StatsForMethod> :
	#generatedTC=4
	FAILED 1 time(s) with 1 different exception(s)"
19:39:31.528 | DEBUG |  ... 
19:39:31.528 | INFO  | Started: method com.google.common.collect.TopKSelector.least(int)
19:39:31.529 | INFO  |  -- Remaining time budget: 8942 ms, #remaining_methods: 5, budget for method: 1788 ms, solver timeout: 894 ms, budget for symbolic execution: 894 ms, budget for concrete execution: 894 ms,  -- 
19:39:31.540 | DEBUG | --new testCase collected, to generate: testCom.google.common.collect.TopKSelector.least(int)1
19:39:32.423 | INFO  | |> Starting concrete execution for remaining state: com.google.common.collect.TopKSelector.least(int)
19:39:32.786 | DEBUG | --new testCase collected, to generate: testCom.google.common.collect.TopKSelector.least(int)2
19:39:33.003 | DEBUG | --new testCase collected, to generate: testCom.google.common.collect.TopKSelector.least(int)3
19:39:33.215 | DEBUG | --new testCase collected, to generate: testCom.google.common.collect.TopKSelector.least(int)4
19:39:33.225 | INFO  | Finished (in 1.696 sec): method com.google.common.collect.TopKSelector.least(int) 
<StatsForMethod> :
	#generatedTC=4
	WITH NO EXCEPTIONS
19:39:33.274 | DEBUG |  ... 
19:39:33.275 | INFO  | Started: method com.google.common.collect.TopKSelector.least(int, Comparator)
19:39:33.275 | INFO  |  -- Remaining time budget: 7196 ms, #remaining_methods: 4, budget for method: 1799 ms, solver timeout: 899 ms, budget for symbolic execution: 900 ms, budget for concrete execution: 899 ms,  -- 
19:39:33.281 | DEBUG | --new testCase collected, to generate: testCom.google.common.collect.TopKSelector.least(int, Comparator)1
19:39:34.175 | INFO  | |> Starting concrete execution for remaining state: com.google.common.collect.TopKSelector.least(int, Comparator)
19:39:34.205 | DEBUG | --new testCase collected, to generate: testCom.google.common.collect.TopKSelector.least(int, Comparator)2
19:39:34.368 | DEBUG | --new testCase collected, to generate: testCom.google.common.collect.TopKSelector.least(int, Comparator)3
19:39:34.448 | DEBUG | --new testCase collected, to generate: testCom.google.common.collect.TopKSelector.least(int, Comparator)4
19:39:34.530 | DEBUG | --new testCase collected, to generate: testCom.google.common.collect.TopKSelector.least(int, Comparator)5
19:39:34.535 | INFO  | Finished (in 1.260 sec): method com.google.common.collect.TopKSelector.least(int, Comparator) 
<StatsForMethod> :
	#generatedTC=5
	WITH NO EXCEPTIONS
19:39:34.564 | DEBUG |  ... 
19:39:34.564 | INFO  | Started: method com.google.common.collect.TopKSelector.greatest(int, Comparator)
19:39:34.565 | INFO  |  -- Remaining time budget: 5906 ms, #remaining_methods: 3, budget for method: 1968 ms, solver timeout: 984 ms, budget for symbolic execution: 984 ms, budget for concrete execution: 984 ms,  -- 
19:39:34.571 | DEBUG | --new testCase collected, to generate: testCom.google.common.collect.TopKSelector.greatest(int, Comparator)1
19:39:34.614 | DEBUG | --new testCase collected, to generate: testCom.google.common.collect.TopKSelector.greatest(int, Comparator)2
19:39:35.549 | INFO  | |> Starting concrete execution for remaining state: com.google.common.collect.TopKSelector.greatest(int, Comparator)
19:39:35.618 | DEBUG | --new testCase collected, to generate: testCom.google.common.collect.TopKSelector.greatest(int, Comparator)3
19:39:35.701 | DEBUG | --new testCase collected, to generate: testCom.google.common.collect.TopKSelector.greatest(int, Comparator)4
19:39:35.810 | DEBUG | --new testCase collected, to generate: testCom.google.common.collect.TopKSelector.greatest(int, Comparator)5
19:39:35.816 | INFO  | Finished (in 1.252 sec): method com.google.common.collect.TopKSelector.greatest(int, Comparator) 
<StatsForMethod> :
	#generatedTC=5
	WITH NO EXCEPTIONS
19:39:35.848 | DEBUG |  ... 
19:39:35.849 | INFO  | Started: method com.google.common.collect.TopKSelector.greatest(int)
19:39:35.849 | INFO  |  -- Remaining time budget: 4621 ms, #remaining_methods: 2, budget for method: 2310 ms, solver timeout: 1000 ms, budget for symbolic execution: 1155 ms, budget for concrete execution: 1155 ms,  -- 
19:39:35.856 | DEBUG | --new testCase collected, to generate: testCom.google.common.collect.TopKSelector.greatest(int)1
19:39:37.005 | INFO  | |> Starting concrete execution for remaining state: com.google.common.collect.TopKSelector.greatest(int)
19:39:37.125 | DEBUG | --new testCase collected, to generate: testCom.google.common.collect.TopKSelector.greatest(int)2
19:39:37.207 | DEBUG | --new testCase collected, to generate: testCom.google.common.collect.TopKSelector.greatest(int)3
19:39:37.427 | DEBUG | --new testCase collected, to generate: testCom.google.common.collect.TopKSelector.greatest(int)4
19:39:37.438 | INFO  | Finished (in 1.588 sec): method com.google.common.collect.TopKSelector.greatest(int) 
<StatsForMethod> :
	#generatedTC=4
	WITH NO EXCEPTIONS
19:39:37.484 | DEBUG |  ... 
19:39:37.485 | INFO  | Started: method com.google.common.collect.TopKSelector.<init>(Comparator, int)
19:39:37.485 | INFO  |  -- Remaining time budget: 2985 ms, #remaining_methods: 1, budget for method: 2985 ms, solver timeout: 1000 ms, budget for symbolic execution: 1785 ms, budget for concrete execution: 1200 ms,  -- 
19:39:37.491 | DEBUG | --new testCase collected, to generate: testCom.google.common.collect.TopKSelector.<init>(Comparator, int)1
19:39:37.759 | DEBUG | --new testCase collected, to generate: testCom.google.common.collect.TopKSelector.<init>(Comparator, int)2
19:39:38.225 | DEBUG | --new testCase collected, to generate: testCom.google.common.collect.TopKSelector.<init>(Comparator, int)3
19:39:38.240 | DEBUG | --new testCase collected, to generate: testCom.google.common.collect.TopKSelector.<init>(Comparator, int)4
19:39:38.246 | INFO  | Finished (in 0.761 sec): method com.google.common.collect.TopKSelector.<init>(Comparator, int) 
<StatsForMethod> :
	#generatedTC=4
	WITH NO EXCEPTIONS
19:39:38.256 | INFO  | Started: Flushing tests for [TopKSelector] on disk
19:39:39.298 | INFO  | File size for TopKSelectorTest: 60 KB
19:39:39.300 | INFO  | Finished (in 1.043 sec): Flushing tests for [TopKSelector] on disk 
19:39:39.301 | INFO  | Finished (in 24.310 sec): class com.google.common.collect.TopKSelector 
<StatsForClass> :
	canceled by timeout = false
	#methods = 13, 
	#methods started symbolic exploration = 13
	#methods with at least one TC = 13
	#methods with exceptions = 2
	#generated TC = 53
	#coverage = null
[READY]
