Started UtBot Contest, classfileDir = /var/benchmarks/projects/spoon/target/classes, classpathString=/var/benchmarks/projects/spoon/target/classes:/var/benchmarks/projects/spoon/target/spoon-core-7.0.0.jar:/var/benchmarks/projects/./spoon/target/dependency/org.eclipse.text-3.12.0.jar:/var/benchmarks/projects/spoon/target/dependency/org.eclipse.equinox.app-1.6.100.jar:/var/benchmarks/projects/spoon/target/dependency/org.eclipse.core.contenttype-3.8.100.jar:/var/benchmarks/projects/spoon/target/dependency/mockito-all-2.0.2-beta.jar:/var/benchmarks/projects/spoon/target/dependency/jackson-databind-2.9.2.jar:/var/benchmarks/projects/spoon/target/dependency/guava-18.0.jar:/var/benchmarks/projects/spoon/target/dependency/org.eclipse.core.expressions-3.8.100.jar:/var/benchmarks/projects/spoon/target/dependency/org.eclipse.core.commands-3.10.100.jar:/var/benchmarks/projects/spoon/target/dependency/jackson-annotations-2.9.0.jar:/var/benchmarks/projects/spoon/target/dependency/org.eclipse.jdt.core-3.13.102.jar:/var/benchmarks/projects/spoon/target/dependency/org.eclipse.core.runtime-3.24.0.jar:/var/benchmarks/projects/spoon/target/dependency/org.eclipse.core.resources-3.16.0.jar:/var/benchmarks/projects/spoon/target/dependency/jackson-core-2.9.2.jar:/var/benchmarks/projects/spoon/target/dependency/junit-4.12.jar:/var/benchmarks/projects/spoon/target/dependency/org.eclipse.equinox.registry-3.11.100.jar:/var/benchmarks/projects/spoon/target/dependency/hamcrest-core-1.3.jar:/var/benchmarks/projects/spoon/target/dependency/maven-model-3.3.9.jar:/var/benchmarks/projects/spoon/target/dependency/plexus-utils-3.0.22.jar:/var/benchmarks/projects/spoon/target/dependency/jsap-2.1.jar:/var/benchmarks/projects/spoon/target/dependency/bridge-method-annotation-1.13.jar:/var/benchmarks/projects/spoon/target/dependency/org.eclipse.equinox.common-3.15.100.jar:/var/benchmarks/projects/spoon/target/dependency/org.eclipse.core.jobs-3.12.0.jar:/var/benchmarks/projects/spoon/target/dependency/commons-io-2.5.jar:/var/benchmarks/projects/spoon/target/dependency/commons-lang3-3.5.jar:/var/benchmarks/projects/spoon/target/dependency/system-rules-1.9.0.jar:/var/benchmarks/projects/spoon/target/dependency/querydsl-core-3.6.9.jar:/var/benchmarks/projects/spoon/target/dependency/org.eclipse.core.filesystem-1.9.200.jar:/var/benchmarks/projects/spoon/target/dependency/org.eclipse.equinox.preferences-3.9.100.jar:/var/benchmarks/projects/spoon/target/dependency/org.eclipse.osgi-3.17.100.jar:/var/benchmarks/projects/spoon/target/dependency/log4j-1.2.17.jar, outputDir=/home/utbot_mocks/temp/testcases, mocks=Other classes: Mockito
22:37:18.144 | INFO  | Started: warmup: kotlin reflection :: init
22:37:18.245 | INFO  | Finished (in 0.100 sec): warmup: kotlin reflection :: init 
[INIT]
>> [RUN] spoon.support.reflect.CtExtendedModifier 120
22:37:18.258 | DEBUG | -----------------------------------------------------------------------------
22:37:18.259 | INFO  | Contest.runGeneration: Time budget: 120000 ms, Generation timeout=102000 ms, classpath=/var/benchmarks/projects/spoon/target/classes:/var/benchmarks/projects/spoon/target/spoon-core-7.0.0.jar:/var/benchmarks/projects/./spoon/target/dependency/org.eclipse.text-3.12.0.jar:/var/benchmarks/projects/spoon/target/dependency/org.eclipse.equinox.app-1.6.100.jar:/var/benchmarks/projects/spoon/target/dependency/org.eclipse.core.contenttype-3.8.100.jar:/var/benchmarks/projects/spoon/target/dependency/mockito-all-2.0.2-beta.jar:/var/benchmarks/projects/spoon/target/dependency/jackson-databind-2.9.2.jar:/var/benchmarks/projects/spoon/target/dependency/guava-18.0.jar:/var/benchmarks/projects/spoon/target/dependency/org.eclipse.core.expressions-3.8.100.jar:/var/benchmarks/projects/spoon/target/dependency/org.eclipse.core.commands-3.10.100.jar:/var/benchmarks/projects/spoon/target/dependency/jackson-annotations-2.9.0.jar:/var/benchmarks/projects/spoon/target/dependency/org.eclipse.jdt.core-3.13.102.jar:/var/benchmarks/projects/spoon/target/dependency/org.eclipse.core.runtime-3.24.0.jar:/var/benchmarks/projects/spoon/target/dependency/org.eclipse.core.resources-3.16.0.jar:/var/benchmarks/projects/spoon/target/dependency/jackson-core-2.9.2.jar:/var/benchmarks/projects/spoon/target/dependency/junit-4.12.jar:/var/benchmarks/projects/spoon/target/dependency/org.eclipse.equinox.registry-3.11.100.jar:/var/benchmarks/projects/spoon/target/dependency/hamcrest-core-1.3.jar:/var/benchmarks/projects/spoon/target/dependency/maven-model-3.3.9.jar:/var/benchmarks/projects/spoon/target/dependency/plexus-utils-3.0.22.jar:/var/benchmarks/projects/spoon/target/dependency/jsap-2.1.jar:/var/benchmarks/projects/spoon/target/dependency/bridge-method-annotation-1.13.jar:/var/benchmarks/projects/spoon/target/dependency/org.eclipse.equinox.common-3.15.100.jar:/var/benchmarks/projects/spoon/target/dependency/org.eclipse.core.jobs-3.12.0.jar:/var/benchmarks/projects/spoon/target/dependency/commons-io-2.5.jar:/var/benchmarks/projects/spoon/target/dependency/commons-lang3-3.5.jar:/var/benchmarks/projects/spoon/target/dependency/system-rules-1.9.0.jar:/var/benchmarks/projects/spoon/target/dependency/querydsl-core-3.6.9.jar:/var/benchmarks/projects/spoon/target/dependency/org.eclipse.core.filesystem-1.9.200.jar:/var/benchmarks/projects/spoon/target/dependency/org.eclipse.equinox.preferences-3.9.100.jar:/var/benchmarks/projects/spoon/target/dependency/org.eclipse.osgi-3.17.100.jar:/var/benchmarks/projects/spoon/target/dependency/log4j-1.2.17.jar, methodNameFilter=null
22:37:18.261 | INFO  | ClassUnderTest[ FQN: spoon.support.reflect.CtExtendedModifier
    classfileDir: /var/benchmarks/projects/spoon/target/classes
    testClassSimpleName: CtExtendedModifierTest
    generatedTestFile: /home/utbot_mocks/temp/testcases/spoon/support/reflect/CtExtendedModifierTest.java
    generatedTestsSourcesDir: /home/utbot_mocks/temp/testcases
]
22:37:18.293 | INFO  | Started: class spoon.support.reflect.CtExtendedModifier
22:37:18.294 | INFO  | Started: preparation class class spoon.support.reflect.CtExtendedModifier: kotlin reflection :: run
22:37:18.315 | INFO  | Finished (in 0.020 sec): preparation class class spoon.support.reflect.CtExtendedModifier: kotlin reflection :: run 
22:37:18.316 | INFO  | Started: 2nd optional soot initialization
22:37:18.317 | INFO  | Finished (in 0.001 sec): 2nd optional soot initialization 
22:37:18.326 | DEBUG |  ... 
22:37:18.336 | INFO  | Started: method spoon.support.reflect.CtExtendedModifier.equals(Object)
22:37:18.337 | INFO  |  -- Remaining time budget: 101931 ms, #remaining_methods: 10, budget for method: 10193 ms, solver timeout: 1000 ms, budget for symbolic execution: 8993 ms, budget for concrete execution: 1200 ms,  -- 
22:37:18.670 | DEBUG | --new testCase collected, to generate: testSpoon.support.reflect.CtExtendedModifier.equals(Object)1
22:37:19.533 | DEBUG | --new testCase collected, to generate: testSpoon.support.reflect.CtExtendedModifier.equals(Object)2
22:37:19.578 | DEBUG | --new testCase collected, to generate: testSpoon.support.reflect.CtExtendedModifier.equals(Object)3
22:37:20.009 | DEBUG | --new testCase collected, to generate: testSpoon.support.reflect.CtExtendedModifier.equals(Object)4
22:37:20.011 | INFO  | Finished (in 1.674 sec): method spoon.support.reflect.CtExtendedModifier.equals(Object) 
<StatsForMethod> :
	#generatedTC=4
	WITH NO EXCEPTIONS
22:37:20.014 | DEBUG |  ... 
22:37:20.015 | INFO  | Started: method spoon.support.reflect.CtExtendedModifier.hashCode()
22:37:20.015 | INFO  |  -- Remaining time budget: 100246 ms, #remaining_methods: 9, budget for method: 11138 ms, solver timeout: 1000 ms, budget for symbolic execution: 9938 ms, budget for concrete execution: 1200 ms,  -- 
22:37:20.026 | DEBUG | --new testCase collected, to generate: testSpoon.support.reflect.CtExtendedModifier.hashCode()1
22:37:20.136 | DEBUG | --new testCase collected, to generate: testSpoon.support.reflect.CtExtendedModifier.hashCode()2
22:37:20.167 | DEBUG | --new testCase collected, to generate: testSpoon.support.reflect.CtExtendedModifier.hashCode()3
22:37:20.174 | DEBUG | --new testCase collected, to generate: testSpoon.support.reflect.CtExtendedModifier.hashCode()4
22:37:20.177 | INFO  | Finished (in 0.162 sec): method spoon.support.reflect.CtExtendedModifier.hashCode() 
<StatsForMethod> :
	#generatedTC=4
	WITH NO EXCEPTIONS
22:37:20.179 | DEBUG |  ... 
22:37:20.179 | INFO  | Started: method spoon.support.reflect.CtExtendedModifier.getPosition()
22:37:20.180 | INFO  |  -- Remaining time budget: 100081 ms, #remaining_methods: 8, budget for method: 12510 ms, solver timeout: 1000 ms, budget for symbolic execution: 11310 ms, budget for concrete execution: 1200 ms,  -- 
22:37:20.190 | DEBUG | --new testCase collected, to generate: testSpoon.support.reflect.CtExtendedModifier.getPosition()1
22:37:20.250 | DEBUG | --new testCase collected, to generate: testSpoon.support.reflect.CtExtendedModifier.getPosition()2
22:37:20.297 | INFO  | Finished (in 0.117 sec): method spoon.support.reflect.CtExtendedModifier.getPosition() 
<StatsForMethod> :
	#generatedTC=2
	WITH NO EXCEPTIONS
22:37:20.302 | DEBUG |  ... 
22:37:20.303 | INFO  | Started: method spoon.support.reflect.CtExtendedModifier.getKind()
22:37:20.303 | INFO  |  -- Remaining time budget: 99957 ms, #remaining_methods: 7, budget for method: 14279 ms, solver timeout: 1000 ms, budget for symbolic execution: 13079 ms, budget for concrete execution: 1200 ms,  -- 
22:37:20.311 | DEBUG | --new testCase collected, to generate: testSpoon.support.reflect.CtExtendedModifier.getKind()1
22:37:20.342 | DEBUG | --new testCase collected, to generate: testSpoon.support.reflect.CtExtendedModifier.getKind()2
22:37:20.342 | INFO  | Finished (in 0.039 sec): method spoon.support.reflect.CtExtendedModifier.getKind() 
<StatsForMethod> :
	#generatedTC=2
	WITH NO EXCEPTIONS
22:37:20.343 | DEBUG |  ... 
22:37:20.343 | INFO  | Started: method spoon.support.reflect.CtExtendedModifier.setKind(ModifierKind)
22:37:20.344 | INFO  |  -- Remaining time budget: 99917 ms, #remaining_methods: 6, budget for method: 16652 ms, solver timeout: 1000 ms, budget for symbolic execution: 15452 ms, budget for concrete execution: 1200 ms,  -- 
22:37:20.359 | ERROR | Symbolic execution FAILED
com.huawei.utbot.instrumentation.util.ChildProcessError: Error in the child process |> java.lang.IllegalAccessException: Class com.huawei.utbot.framework.concrete.MockValueConstructor can not access a member of class spoon.reflect.declaration.ModifierKind with modifiers "private"
	at sun.reflect.Reflection.ensureMemberAccess(Reflection.java:102)
	at java.lang.reflect.AccessibleObject.slowCheckMemberAccess(AccessibleObject.java:296)
	at java.lang.reflect.AccessibleObject.checkAccess(AccessibleObject.java:288)
	at java.lang.reflect.Constructor.newInstance(Constructor.java:413)
	at com.huawei.utbot.framework.concrete.MockValueConstructor.call(MockValueConstructor.kt:414)
	at com.huawei.utbot.framework.concrete.MockValueConstructor.updateWithExecutableCallModel(MockValueConstructor.kt:353)
	at com.huawei.utbot.framework.concrete.MockValueConstructor.constructFromAssembleModel(MockValueConstructor.kt:332)
	at com.huawei.utbot.framework.concrete.MockValueConstructor.construct(MockValueConstructor.kt:126)
	at com.huawei.utbot.framework.concrete.MockValueConstructor.constructMethodParameters(MockValueConstructor.kt:101)
	at com.huawei.utbot.framework.concrete.UtExecutionInstrumentation.invoke(UtExecutionInstrumentation.kt:126)
	at com.huawei.utbot.framework.concrete.UtExecutionInstrumentation.invoke(UtExecutionInstrumentation.kt:96)
	at com.huawei.utbot.instrumentation.process.ChildProcessKt.loop(ChildProcess.kt:114)
	at com.huawei.utbot.instrumentation.process.ChildProcessKt.main(ChildProcess.kt:76)
	at com.huawei.utbot.instrumentation.process.ChildProcessKt.main(ChildProcess.kt)

	at com.huawei.utbot.instrumentation.ConcreteExecutor.executeAsync(ConcreteExecutor.kt:391) ~[utbot-junit-contest-1.0.jar:?]
	at com.huawei.utbot.instrumentation.ConcreteExecutor$executeAsync$1.invokeSuspend(ConcreteExecutor.kt) ~[utbot-junit-contest-1.0.jar:?]
	at kotlin.coroutines.jvm.internal.BaseContinuationImpl.resumeWith(ContinuationImpl.kt:33) [utbot-junit-contest-1.0.jar:?]
	at kotlinx.coroutines.DispatchedTask.run(DispatchedTask.kt:106) [utbot-junit-contest-1.0.jar:?]
	at java.util.concurrent.Executors$RunnableAdapter.call(Executors.java:511) [?:1.8.0_312]
	at java.util.concurrent.FutureTask.run(FutureTask.java:266) [?:1.8.0_312]
	at java.util.concurrent.ScheduledThreadPoolExecutor$ScheduledFutureTask.access$201(ScheduledThreadPoolExecutor.java:180) [?:1.8.0_312]
	at java.util.concurrent.ScheduledThreadPoolExecutor$ScheduledFutureTask.run(ScheduledThreadPoolExecutor.java:293) [?:1.8.0_312]
	at java.util.concurrent.ThreadPoolExecutor.runWorker(ThreadPoolExecutor.java:1149) [?:1.8.0_312]
	at java.util.concurrent.ThreadPoolExecutor$Worker.run(ThreadPoolExecutor.java:624) [?:1.8.0_312]
	at java.lang.Thread.run(Thread.java:748) [?:1.8.0_312]
22:37:20.406 | DEBUG | --new testCase collected, to generate: testSpoon.support.reflect.CtExtendedModifier.setKind(ModifierKind)1
22:37:20.407 | INFO  | Finished (in 0.063 sec): method spoon.support.reflect.CtExtendedModifier.setKind(ModifierKind) 
<StatsForMethod> :
	#generatedTC=1
	FAILED 1 time(s) with 1 different exception(s)"
22:37:20.408 | DEBUG |  ... 
22:37:20.408 | INFO  | Started: method spoon.support.reflect.CtExtendedModifier.setPosition(SourcePosition)
22:37:20.408 | INFO  |  -- Remaining time budget: 99852 ms, #remaining_methods: 5, budget for method: 19970 ms, solver timeout: 1000 ms, budget for symbolic execution: 18770 ms, budget for concrete execution: 1200 ms,  -- 
22:37:20.417 | DEBUG | --new testCase collected, to generate: testSpoon.support.reflect.CtExtendedModifier.setPosition(SourcePosition)1
22:37:20.448 | DEBUG | --new testCase collected, to generate: testSpoon.support.reflect.CtExtendedModifier.setPosition(SourcePosition)2
22:37:20.449 | INFO  | Finished (in 0.040 sec): method spoon.support.reflect.CtExtendedModifier.setPosition(SourcePosition) 
<StatsForMethod> :
	#generatedTC=2
	WITH NO EXCEPTIONS
22:37:20.449 | DEBUG |  ... 
22:37:20.450 | INFO  | Started: method spoon.support.reflect.CtExtendedModifier.setImplicit(boolean)
22:37:20.450 | INFO  |  -- Remaining time budget: 99810 ms, #remaining_methods: 4, budget for method: 24952 ms, solver timeout: 1000 ms, budget for symbolic execution: 23752 ms, budget for concrete execution: 1200 ms,  -- 
22:37:20.456 | DEBUG | --new testCase collected, to generate: testSpoon.support.reflect.CtExtendedModifier.setImplicit(boolean)1
22:37:20.487 | DEBUG | --new testCase collected, to generate: testSpoon.support.reflect.CtExtendedModifier.setImplicit(boolean)2
22:37:20.488 | INFO  | Finished (in 0.038 sec): method spoon.support.reflect.CtExtendedModifier.setImplicit(boolean) 
<StatsForMethod> :
	#generatedTC=2
	WITH NO EXCEPTIONS
22:37:20.489 | DEBUG |  ... 
22:37:20.489 | INFO  | Started: method spoon.support.reflect.CtExtendedModifier.isImplicit()
22:37:20.489 | INFO  |  -- Remaining time budget: 99771 ms, #remaining_methods: 3, budget for method: 33257 ms, solver timeout: 1000 ms, budget for symbolic execution: 32057 ms, budget for concrete execution: 1200 ms,  -- 
22:37:20.495 | DEBUG | --new testCase collected, to generate: testSpoon.support.reflect.CtExtendedModifier.isImplicit()1
22:37:20.524 | DEBUG | --new testCase collected, to generate: testSpoon.support.reflect.CtExtendedModifier.isImplicit()2
22:37:20.524 | INFO  | Finished (in 0.035 sec): method spoon.support.reflect.CtExtendedModifier.isImplicit() 
<StatsForMethod> :
	#generatedTC=2
	WITH NO EXCEPTIONS
22:37:20.525 | DEBUG |  ... 
22:37:20.526 | INFO  | Started: method spoon.support.reflect.CtExtendedModifier.<init>(ModifierKind)
22:37:20.526 | INFO  |  -- Remaining time budget: 99734 ms, #remaining_methods: 2, budget for method: 49867 ms, solver timeout: 1000 ms, budget for symbolic execution: 48667 ms, budget for concrete execution: 1200 ms,  -- 
22:37:20.533 | ERROR | Symbolic execution FAILED
com.huawei.utbot.instrumentation.util.ChildProcessError: Error in the child process |> java.lang.IllegalAccessException: Class com.huawei.utbot.framework.concrete.MockValueConstructor can not access a member of class spoon.reflect.declaration.ModifierKind with modifiers "private"
	at sun.reflect.Reflection.ensureMemberAccess(Reflection.java:102)
	at java.lang.reflect.AccessibleObject.slowCheckMemberAccess(AccessibleObject.java:296)
	at java.lang.reflect.AccessibleObject.checkAccess(AccessibleObject.java:288)
	at java.lang.reflect.Constructor.newInstance(Constructor.java:413)
	at com.huawei.utbot.framework.concrete.MockValueConstructor.call(MockValueConstructor.kt:414)
	at com.huawei.utbot.framework.concrete.MockValueConstructor.updateWithExecutableCallModel(MockValueConstructor.kt:353)
	at com.huawei.utbot.framework.concrete.MockValueConstructor.constructFromAssembleModel(MockValueConstructor.kt:332)
	at com.huawei.utbot.framework.concrete.MockValueConstructor.construct(MockValueConstructor.kt:126)
	at com.huawei.utbot.framework.concrete.MockValueConstructor.constructMethodParameters(MockValueConstructor.kt:101)
	at com.huawei.utbot.framework.concrete.UtExecutionInstrumentation.invoke(UtExecutionInstrumentation.kt:126)
	at com.huawei.utbot.framework.concrete.UtExecutionInstrumentation.invoke(UtExecutionInstrumentation.kt:96)
	at com.huawei.utbot.instrumentation.process.ChildProcessKt.loop(ChildProcess.kt:114)
	at com.huawei.utbot.instrumentation.process.ChildProcessKt.main(ChildProcess.kt:76)
	at com.huawei.utbot.instrumentation.process.ChildProcessKt.main(ChildProcess.kt)

	at com.huawei.utbot.instrumentation.ConcreteExecutor.executeAsync(ConcreteExecutor.kt:391) ~[utbot-junit-contest-1.0.jar:?]
	at com.huawei.utbot.instrumentation.ConcreteExecutor$executeAsync$1.invokeSuspend(ConcreteExecutor.kt) ~[utbot-junit-contest-1.0.jar:?]
	at kotlin.coroutines.jvm.internal.BaseContinuationImpl.resumeWith(ContinuationImpl.kt:33) [utbot-junit-contest-1.0.jar:?]
	at kotlinx.coroutines.DispatchedTask.run(DispatchedTask.kt:106) [utbot-junit-contest-1.0.jar:?]
	at java.util.concurrent.Executors$RunnableAdapter.call(Executors.java:511) [?:1.8.0_312]
	at java.util.concurrent.FutureTask.run(FutureTask.java:266) [?:1.8.0_312]
	at java.util.concurrent.ScheduledThreadPoolExecutor$ScheduledFutureTask.access$201(ScheduledThreadPoolExecutor.java:180) [?:1.8.0_312]
	at java.util.concurrent.ScheduledThreadPoolExecutor$ScheduledFutureTask.run(ScheduledThreadPoolExecutor.java:293) [?:1.8.0_312]
	at java.util.concurrent.ThreadPoolExecutor.runWorker(ThreadPoolExecutor.java:1149) [?:1.8.0_312]
	at java.util.concurrent.ThreadPoolExecutor$Worker.run(ThreadPoolExecutor.java:624) [?:1.8.0_312]
	at java.lang.Thread.run(Thread.java:748) [?:1.8.0_312]
22:37:20.593 | DEBUG | --new testCase collected, to generate: testSpoon.support.reflect.CtExtendedModifier.<init>(ModifierKind)1
22:37:20.593 | INFO  | Finished (in 0.067 sec): method spoon.support.reflect.CtExtendedModifier.<init>(ModifierKind) 
<StatsForMethod> :
	#generatedTC=1
	FAILED 1 time(s) with 1 different exception(s)"
22:37:20.598 | DEBUG |  ... 
22:37:20.599 | INFO  | Started: method spoon.support.reflect.CtExtendedModifier.<init>(ModifierKind, boolean)
22:37:20.599 | INFO  |  -- Remaining time budget: 99662 ms, #remaining_methods: 1, budget for method: 99662 ms, solver timeout: 1000 ms, budget for symbolic execution: 98462 ms, budget for concrete execution: 1200 ms,  -- 
22:37:20.604 | ERROR | Symbolic execution FAILED
com.huawei.utbot.instrumentation.util.ChildProcessError: Error in the child process |> java.lang.IllegalAccessException: Class com.huawei.utbot.framework.concrete.MockValueConstructor can not access a member of class spoon.reflect.declaration.ModifierKind with modifiers "private"
	at sun.reflect.Reflection.ensureMemberAccess(Reflection.java:102)
	at java.lang.reflect.AccessibleObject.slowCheckMemberAccess(AccessibleObject.java:296)
	at java.lang.reflect.AccessibleObject.checkAccess(AccessibleObject.java:288)
	at java.lang.reflect.Constructor.newInstance(Constructor.java:413)
	at com.huawei.utbot.framework.concrete.MockValueConstructor.call(MockValueConstructor.kt:414)
	at com.huawei.utbot.framework.concrete.MockValueConstructor.updateWithExecutableCallModel(MockValueConstructor.kt:353)
	at com.huawei.utbot.framework.concrete.MockValueConstructor.constructFromAssembleModel(MockValueConstructor.kt:332)
	at com.huawei.utbot.framework.concrete.MockValueConstructor.construct(MockValueConstructor.kt:126)
	at com.huawei.utbot.framework.concrete.MockValueConstructor.constructMethodParameters(MockValueConstructor.kt:101)
	at com.huawei.utbot.framework.concrete.UtExecutionInstrumentation.invoke(UtExecutionInstrumentation.kt:126)
	at com.huawei.utbot.framework.concrete.UtExecutionInstrumentation.invoke(UtExecutionInstrumentation.kt:96)
	at com.huawei.utbot.instrumentation.process.ChildProcessKt.loop(ChildProcess.kt:114)
	at com.huawei.utbot.instrumentation.process.ChildProcessKt.main(ChildProcess.kt:76)
	at com.huawei.utbot.instrumentation.process.ChildProcessKt.main(ChildProcess.kt)

	at com.huawei.utbot.instrumentation.ConcreteExecutor.executeAsync(ConcreteExecutor.kt:391) ~[utbot-junit-contest-1.0.jar:?]
	at com.huawei.utbot.instrumentation.ConcreteExecutor$executeAsync$1.invokeSuspend(ConcreteExecutor.kt) ~[utbot-junit-contest-1.0.jar:?]
	at kotlin.coroutines.jvm.internal.BaseContinuationImpl.resumeWith(ContinuationImpl.kt:33) [utbot-junit-contest-1.0.jar:?]
	at kotlinx.coroutines.DispatchedTask.run(DispatchedTask.kt:106) [utbot-junit-contest-1.0.jar:?]
	at java.util.concurrent.Executors$RunnableAdapter.call(Executors.java:511) [?:1.8.0_312]
	at java.util.concurrent.FutureTask.run(FutureTask.java:266) [?:1.8.0_312]
	at java.util.concurrent.ScheduledThreadPoolExecutor$ScheduledFutureTask.access$201(ScheduledThreadPoolExecutor.java:180) [?:1.8.0_312]
	at java.util.concurrent.ScheduledThreadPoolExecutor$ScheduledFutureTask.run(ScheduledThreadPoolExecutor.java:293) [?:1.8.0_312]
	at java.util.concurrent.ThreadPoolExecutor.runWorker(ThreadPoolExecutor.java:1149) [?:1.8.0_312]
	at java.util.concurrent.ThreadPoolExecutor$Worker.run(ThreadPoolExecutor.java:624) [?:1.8.0_312]
	at java.lang.Thread.run(Thread.java:748) [?:1.8.0_312]
22:37:20.682 | DEBUG | --new testCase collected, to generate: testSpoon.support.reflect.CtExtendedModifier.<init>(ModifierKind, boolean)1
22:37:20.682 | INFO  | Finished (in 0.083 sec): method spoon.support.reflect.CtExtendedModifier.<init>(ModifierKind, boolean) 
<StatsForMethod> :
	#generatedTC=1
	FAILED 1 time(s) with 1 different exception(s)"
22:37:20.692 | INFO  | Started: Flushing tests for [CtExtendedModifier] on disk
22:37:21.758 | INFO  | File size for CtExtendedModifierTest: 15 KB
22:37:21.759 | INFO  | Finished (in 1.067 sec): Flushing tests for [CtExtendedModifier] on disk 
22:37:21.760 | INFO  | Finished (in 3.466 sec): class spoon.support.reflect.CtExtendedModifier 
<StatsForClass> :
	canceled by timeout = false
	#methods = 10, 
	#methods started symbolic exploration = 10
	#methods with at least one TC = 10
	#methods with exceptions = 3
	#generated TC = 21
	#coverage = null
[READY]
