
>>> TOOL NAME:  utbot-mocks

>>> BENCHMARK:  GUAVA-6

>>> RUN NUMBER: 10

>>> MODE: --only-compute-metrics
Creating directory ./temp
Creating directory ./temp/data
Creating directory ./temp/testcases
Executing /home/utbot_mocks/./runtool
>> BENCHMARK
>> /var/benchmarks/projects/guava/guava/src
>> /var/benchmarks/projects/guava/guava/target/classes
>> 6
>> /var/benchmarks/projects/guava/guava/target/guava-26.0-jre.jar
>> /var/benchmarks/projects/./guava/guava/target/dependency/checker-qual-2.5.2.jar
>> /var/benchmarks/projects/guava/guava/target/dependency/error_prone_annotations-2.1.3.jar
>> /var/benchmarks/projects/guava/guava/target/dependency/j2objc-annotations-1.1.jar
>> /var/benchmarks/projects/guava/guava/target/dependency/jsr305-3.0.2.jar
>> /var/benchmarks/projects/guava/guava/target/dependency/animal-sniffer-annotations-1.14.jar
>> 0
expecting CLASSPATH or READY
<< CLASSPATH
expecting number
<< 0
<< READY
>> 30


### COMPUTING METRICS ###: com.google.common.base.Throwables


Starting class com.google.common.base.Throwables


Ending class com.google.common.base.Throwables
Creating directory results_utbot-mocks_30/GUAVA-6_10/temp/testcases/bin
Creating dummy JUnit test file

---Compilation---

===
javac command line:
/usr/bin/javac -sourcepath /home/utbot_mocks/results_utbot-mocks_30/GUAVA-6_10/temp/testcases -cp /var/benchmarks/projects/guava/guava/target/guava-26.0-jre.jar:/var/benchmarks/projects/./guava/guava/target/dependency/checker-qual-2.5.2.jar:/var/benchmarks/projects/guava/guava/target/dependency/error_prone_annotations-2.1.3.jar:/var/benchmarks/projects/guava/guava/target/dependency/j2objc-annotations-1.1.jar:/var/benchmarks/projects/guava/guava/target/dependency/jsr305-3.0.2.jar:/var/benchmarks/projects/guava/guava/target/dependency/animal-sniffer-annotations-1.14.jar:/usr/local/bin/lib/junit.jar:/usr/local/bin/lib/hamcrest-core.jar -d results_utbot-mocks_30/GUAVA-6_10/temp/testcases/bin /home/utbot_mocks/results_utbot-mocks_30/GUAVA-6_10/temp/testcases/SBSTDummyForCoverageAndMutationCalculation.java


===
javac command line:
/usr/bin/javac -sourcepath /home/utbot_mocks/results_utbot-mocks_30/GUAVA-6_10/temp/testcases -cp /var/benchmarks/projects/guava/guava/target/guava-26.0-jre.jar:/var/benchmarks/projects/./guava/guava/target/dependency/checker-qual-2.5.2.jar:/var/benchmarks/projects/guava/guava/target/dependency/error_prone_annotations-2.1.3.jar:/var/benchmarks/projects/guava/guava/target/dependency/j2objc-annotations-1.1.jar:/var/benchmarks/projects/guava/guava/target/dependency/jsr305-3.0.2.jar:/var/benchmarks/projects/guava/guava/target/dependency/animal-sniffer-annotations-1.14.jar:/usr/local/bin/lib/junit.jar:/usr/local/bin/lib/hamcrest-core.jar -d results_utbot-mocks_30/GUAVA-6_10/temp/testcases/bin /home/utbot_mocks/results_utbot-mocks_30/GUAVA-6_10/temp/testcases/com/google/common/base/ThrowablesTest.java

/home/utbot_mocks/results_utbot-mocks_30/GUAVA-6_10/temp/testcases/com/google/common/base/ThrowablesTest.java:17: error: package sun.nio.ch.InheritedChannel does not exist
import sun.nio.ch.InheritedChannel.InheritedServerSocketChannelImpl;
                                  ^
/home/utbot_mocks/results_utbot-mocks_30/GUAVA-6_10/temp/testcases/com/google/common/base/ThrowablesTest.java:18: error: InheritedChannel is not public in sun.nio.ch; cannot be accessed from outside package
import sun.nio.ch.InheritedChannel;
                 ^
/home/utbot_mocks/results_utbot-mocks_30/GUAVA-6_10/temp/testcases/com/google/common/base/ThrowablesTest.java:29: warning: Unsafe is internal proprietary API and may be removed in a future release
import sun.misc.Unsafe;
               ^
/home/utbot_mocks/results_utbot-mocks_30/GUAVA-6_10/temp/testcases/com/google/common/base/ThrowablesTest.java:32: error: package org.mockito does not exist
import static org.mockito.ArgumentMatchers.any;
                         ^
/home/utbot_mocks/results_utbot-mocks_30/GUAVA-6_10/temp/testcases/com/google/common/base/ThrowablesTest.java:32: error: static import only from classes and interfaces
import static org.mockito.ArgumentMatchers.any;
^
/home/utbot_mocks/results_utbot-mocks_30/GUAVA-6_10/temp/testcases/com/google/common/base/ThrowablesTest.java:33: error: package org.mockito does not exist
import static org.mockito.Mockito.mockStatic;
                         ^
/home/utbot_mocks/results_utbot-mocks_30/GUAVA-6_10/temp/testcases/com/google/common/base/ThrowablesTest.java:33: error: static import only from classes and interfaces
import static org.mockito.Mockito.mockStatic;
^
/home/utbot_mocks/results_utbot-mocks_30/GUAVA-6_10/temp/testcases/com/google/common/base/ThrowablesTest.java:107: error: package org.mockito does not exist
        org.mockito.MockedStatic mockedStatic = null;
                   ^
/home/utbot_mocks/results_utbot-mocks_30/GUAVA-6_10/temp/testcases/com/google/common/base/ThrowablesTest.java:109: error: cannot find symbol
            mockedStatic = mockStatic(Preconditions.class);
                           ^
  symbol:   method mockStatic(Class<Preconditions>)
  location: class ThrowablesTest
/home/utbot_mocks/results_utbot-mocks_30/GUAVA-6_10/temp/testcases/com/google/common/base/ThrowablesTest.java:111: error: cannot find symbol
                Preconditions.checkNotNull(any());
                                           ^
  symbol:   method any()
  location: class ThrowablesTest
/home/utbot_mocks/results_utbot-mocks_30/GUAVA-6_10/temp/testcases/com/google/common/base/ThrowablesTest.java:125: error: package org.mockito does not exist
        org.mockito.MockedStatic mockedStatic = null;
                   ^
/home/utbot_mocks/results_utbot-mocks_30/GUAVA-6_10/temp/testcases/com/google/common/base/ThrowablesTest.java:127: error: cannot find symbol
            mockedStatic = mockStatic(Preconditions.class);
                           ^
  symbol:   method mockStatic(Class<Preconditions>)
  location: class ThrowablesTest
/home/utbot_mocks/results_utbot-mocks_30/GUAVA-6_10/temp/testcases/com/google/common/base/ThrowablesTest.java:130: error: cannot find symbol
                Preconditions.checkNotNull(any());
                                           ^
  symbol:   method any()
  location: class ThrowablesTest
/home/utbot_mocks/results_utbot-mocks_30/GUAVA-6_10/temp/testcases/com/google/common/base/ThrowablesTest.java:145: error: package org.mockito does not exist
        org.mockito.MockedStatic mockedStatic = null;
                   ^
/home/utbot_mocks/results_utbot-mocks_30/GUAVA-6_10/temp/testcases/com/google/common/base/ThrowablesTest.java:147: error: cannot find symbol
            mockedStatic = mockStatic(Preconditions.class);
                           ^
  symbol:   method mockStatic(Class<Preconditions>)
  location: class ThrowablesTest
/home/utbot_mocks/results_utbot-mocks_30/GUAVA-6_10/temp/testcases/com/google/common/base/ThrowablesTest.java:149: error: cannot find symbol
                Preconditions.checkNotNull(any());
                                           ^
  symbol:   method any()
  location: class ThrowablesTest
/home/utbot_mocks/results_utbot-mocks_30/GUAVA-6_10/temp/testcases/com/google/common/base/ThrowablesTest.java:164: error: package org.mockito does not exist
        org.mockito.MockedStatic mockedStatic = null;
                   ^
/home/utbot_mocks/results_utbot-mocks_30/GUAVA-6_10/temp/testcases/com/google/common/base/ThrowablesTest.java:166: error: cannot find symbol
            mockedStatic = mockStatic(Preconditions.class);
                           ^
  symbol:   method mockStatic(Class<Preconditions>)
  location: class ThrowablesTest
/home/utbot_mocks/results_utbot-mocks_30/GUAVA-6_10/temp/testcases/com/google/common/base/ThrowablesTest.java:168: error: cannot find symbol
                Preconditions.checkNotNull(any());
                                           ^
  symbol:   method any()
  location: class ThrowablesTest
/home/utbot_mocks/results_utbot-mocks_30/GUAVA-6_10/temp/testcases/com/google/common/base/ThrowablesTest.java:183: error: package org.mockito does not exist
        org.mockito.MockedStatic mockedStatic = null;
                   ^
/home/utbot_mocks/results_utbot-mocks_30/GUAVA-6_10/temp/testcases/com/google/common/base/ThrowablesTest.java:185: error: cannot find symbol
            mockedStatic = mockStatic(Preconditions.class);
                           ^
  symbol:   method mockStatic(Class<Preconditions>)
  location: class ThrowablesTest
/home/utbot_mocks/results_utbot-mocks_30/GUAVA-6_10/temp/testcases/com/google/common/base/ThrowablesTest.java:187: error: cannot find symbol
                Preconditions.checkNotNull(any());
                                           ^
  symbol:   method any()
  location: class ThrowablesTest
/home/utbot_mocks/results_utbot-mocks_30/GUAVA-6_10/temp/testcases/com/google/common/base/ThrowablesTest.java:202: error: package org.mockito does not exist
        org.mockito.MockedStatic mockedStatic = null;
                   ^
/home/utbot_mocks/results_utbot-mocks_30/GUAVA-6_10/temp/testcases/com/google/common/base/ThrowablesTest.java:204: error: cannot find symbol
            mockedStatic = mockStatic(Preconditions.class);
                           ^
  symbol:   method mockStatic(Class<Preconditions>)
  location: class ThrowablesTest
/home/utbot_mocks/results_utbot-mocks_30/GUAVA-6_10/temp/testcases/com/google/common/base/ThrowablesTest.java:206: error: cannot find symbol
                Preconditions.checkNotNull(any());
                                           ^
  symbol:   method any()
  location: class ThrowablesTest
/home/utbot_mocks/results_utbot-mocks_30/GUAVA-6_10/temp/testcases/com/google/common/base/ThrowablesTest.java:230: error: package org.mockito does not exist
        org.mockito.MockedStatic mockedStatic = null;
                   ^
/home/utbot_mocks/results_utbot-mocks_30/GUAVA-6_10/temp/testcases/com/google/common/base/ThrowablesTest.java:232: error: cannot find symbol
            mockedStatic = mockStatic(Preconditions.class);
                           ^
  symbol:   method mockStatic(Class<Preconditions>)
  location: class ThrowablesTest
/home/utbot_mocks/results_utbot-mocks_30/GUAVA-6_10/temp/testcases/com/google/common/base/ThrowablesTest.java:234: error: cannot find symbol
                Preconditions.checkNotNull(any());
                                           ^
  symbol:   method any()
  location: class ThrowablesTest
/home/utbot_mocks/results_utbot-mocks_30/GUAVA-6_10/temp/testcases/com/google/common/base/ThrowablesTest.java:250: error: package org.mockito does not exist
        org.mockito.MockedStatic mockedStatic = null;
                   ^
/home/utbot_mocks/results_utbot-mocks_30/GUAVA-6_10/temp/testcases/com/google/common/base/ThrowablesTest.java:252: error: cannot find symbol
            mockedStatic = mockStatic(Preconditions.class);
                           ^
  symbol:   method mockStatic(Class<Preconditions>)
  location: class ThrowablesTest
/home/utbot_mocks/results_utbot-mocks_30/GUAVA-6_10/temp/testcases/com/google/common/base/ThrowablesTest.java:254: error: cannot find symbol
                Preconditions.checkNotNull(any());
                                           ^
  symbol:   method any()
  location: class ThrowablesTest
/home/utbot_mocks/results_utbot-mocks_30/GUAVA-6_10/temp/testcases/com/google/common/base/ThrowablesTest.java:288: error: package org.mockito does not exist
        org.mockito.MockedStatic mockedStatic = null;
                   ^
/home/utbot_mocks/results_utbot-mocks_30/GUAVA-6_10/temp/testcases/com/google/common/base/ThrowablesTest.java:290: error: cannot find symbol
            mockedStatic = mockStatic(Preconditions.class);
                           ^
  symbol:   method mockStatic(Class<Preconditions>)
  location: class ThrowablesTest
/home/utbot_mocks/results_utbot-mocks_30/GUAVA-6_10/temp/testcases/com/google/common/base/ThrowablesTest.java:292: error: cannot find symbol
                Preconditions.checkNotNull(any());
                                           ^
  symbol:   method any()
  location: class ThrowablesTest
/home/utbot_mocks/results_utbot-mocks_30/GUAVA-6_10/temp/testcases/com/google/common/base/ThrowablesTest.java:307: error: package org.mockito does not exist
        org.mockito.MockedStatic mockedStatic = null;
                   ^
/home/utbot_mocks/results_utbot-mocks_30/GUAVA-6_10/temp/testcases/com/google/common/base/ThrowablesTest.java:309: error: cannot find symbol
            mockedStatic = mockStatic(Preconditions.class);
                           ^
  symbol:   method mockStatic(Class<Preconditions>)
  location: class ThrowablesTest
/home/utbot_mocks/results_utbot-mocks_30/GUAVA-6_10/temp/testcases/com/google/common/base/ThrowablesTest.java:311: error: cannot find symbol
                Preconditions.checkNotNull(any());
                                           ^
  symbol:   method any()
  location: class ThrowablesTest
/home/utbot_mocks/results_utbot-mocks_30/GUAVA-6_10/temp/testcases/com/google/common/base/ThrowablesTest.java:326: error: package org.mockito does not exist
        org.mockito.MockedStatic mockedStatic = null;
                   ^
/home/utbot_mocks/results_utbot-mocks_30/GUAVA-6_10/temp/testcases/com/google/common/base/ThrowablesTest.java:328: error: cannot find symbol
            mockedStatic = mockStatic(Preconditions.class);
                           ^
  symbol:   method mockStatic(Class<Preconditions>)
  location: class ThrowablesTest
/home/utbot_mocks/results_utbot-mocks_30/GUAVA-6_10/temp/testcases/com/google/common/base/ThrowablesTest.java:330: error: cannot find symbol
                Preconditions.checkNotNull(any());
                                           ^
  symbol:   method any()
  location: class ThrowablesTest
/home/utbot_mocks/results_utbot-mocks_30/GUAVA-6_10/temp/testcases/com/google/common/base/ThrowablesTest.java:442: warning: JavaLangAccess is internal proprietary API and may be removed in a future release
        Class class1 = sun.misc.JavaLangAccess.class;
                               ^
/home/utbot_mocks/results_utbot-mocks_30/GUAVA-6_10/temp/testcases/com/google/common/base/ThrowablesTest.java:507: warning: JavaLangAccess is internal proprietary API and may be removed in a future release
        Class class1 = sun.misc.JavaLangAccess.class;
                               ^
/home/utbot_mocks/results_utbot-mocks_30/GUAVA-6_10/temp/testcases/com/google/common/base/ThrowablesTest.java:620: error: package org.mockito does not exist
        org.mockito.MockedStatic mockedStatic = null;
                   ^
/home/utbot_mocks/results_utbot-mocks_30/GUAVA-6_10/temp/testcases/com/google/common/base/ThrowablesTest.java:622: error: cannot find symbol
            mockedStatic = mockStatic(Preconditions.class);
                           ^
  symbol:   method mockStatic(Class<Preconditions>)
  location: class ThrowablesTest
/home/utbot_mocks/results_utbot-mocks_30/GUAVA-6_10/temp/testcases/com/google/common/base/ThrowablesTest.java:624: error: cannot find symbol
                Preconditions.checkNotNull(any());
                                           ^
  symbol:   method any()
  location: class ThrowablesTest
/home/utbot_mocks/results_utbot-mocks_30/GUAVA-6_10/temp/testcases/com/google/common/base/ThrowablesTest.java:639: error: package org.mockito does not exist
        org.mockito.MockedStatic mockedStatic = null;
                   ^
/home/utbot_mocks/results_utbot-mocks_30/GUAVA-6_10/temp/testcases/com/google/common/base/ThrowablesTest.java:641: error: cannot find symbol
            mockedStatic = mockStatic(Preconditions.class);
                           ^
  symbol:   method mockStatic(Class<Preconditions>)
  location: class ThrowablesTest
/home/utbot_mocks/results_utbot-mocks_30/GUAVA-6_10/temp/testcases/com/google/common/base/ThrowablesTest.java:642: error: package sun.nio.ch.InheritedChannel does not exist
            sun.nio.ch.InheritedChannel.InheritedServerSocketChannelImpl[] inheritedServerSocketChannelImplArray = new sun.nio.ch.InheritedChannel.InheritedServerSocketChannelImpl[0];
                                       ^
/home/utbot_mocks/results_utbot-mocks_30/GUAVA-6_10/temp/testcases/com/google/common/base/ThrowablesTest.java:642: error: package sun.nio.ch.InheritedChannel does not exist
            sun.nio.ch.InheritedChannel.InheritedServerSocketChannelImpl[] inheritedServerSocketChannelImplArray = new sun.nio.ch.InheritedChannel.InheritedServerSocketChannelImpl[0];
                                                                                                                                                  ^
/home/utbot_mocks/results_utbot-mocks_30/GUAVA-6_10/temp/testcases/com/google/common/base/ThrowablesTest.java:644: error: cannot find symbol
                Preconditions.checkNotNull(any());
                                           ^
  symbol:   method any()
  location: class ThrowablesTest
/home/utbot_mocks/results_utbot-mocks_30/GUAVA-6_10/temp/testcases/com/google/common/base/ThrowablesTest.java:658: error: package org.mockito does not exist
        org.mockito.MockedStatic mockedStatic = null;
                   ^
/home/utbot_mocks/results_utbot-mocks_30/GUAVA-6_10/temp/testcases/com/google/common/base/ThrowablesTest.java:660: error: cannot find symbol
            mockedStatic = mockStatic(Preconditions.class);
                           ^
  symbol:   method mockStatic(Class<Preconditions>)
  location: class ThrowablesTest
/home/utbot_mocks/results_utbot-mocks_30/GUAVA-6_10/temp/testcases/com/google/common/base/ThrowablesTest.java:662: error: cannot find symbol
                Preconditions.checkNotNull(any());
                                           ^
  symbol:   method any()
  location: class ThrowablesTest
/home/utbot_mocks/results_utbot-mocks_30/GUAVA-6_10/temp/testcases/com/google/common/base/ThrowablesTest.java:889: warning: Unsafe is internal proprietary API and may be removed in a future release
    private static sun.misc.Unsafe getUnsafeInstance() throws Exception {
                           ^
/home/utbot_mocks/results_utbot-mocks_30/GUAVA-6_10/temp/testcases/com/google/common/base/ThrowablesTest.java:890: warning: Unsafe is internal proprietary API and may be removed in a future release
        java.lang.reflect.Field f = sun.misc.Unsafe.class.getDeclaredField("theUnsafe");
                                            ^
/home/utbot_mocks/results_utbot-mocks_30/GUAVA-6_10/temp/testcases/com/google/common/base/ThrowablesTest.java:892: warning: Unsafe is internal proprietary API and may be removed in a future release
        return (sun.misc.Unsafe) f.get(null);
                        ^
Note: /home/utbot_mocks/results_utbot-mocks_30/GUAVA-6_10/temp/testcases/com/google/common/base/ThrowablesTest.java uses or overrides a deprecated API.
Note: Recompile with -Xlint:deprecation for details.
Note: /home/utbot_mocks/results_utbot-mocks_30/GUAVA-6_10/temp/testcases/com/google/common/base/ThrowablesTest.java uses unchecked or unsafe operations.
Note: Recompile with -Xlint:unchecked for details.
50 errors
6 warnings
Failed to compile 'com/google/common/base/ThrowablesTest.java'!
shaded.org.apache.commons.exec.ExecuteException: Process exited with an error: 1 (Exit value: 1)
	at shaded.org.apache.commons.exec.DefaultExecutor.executeInternal(DefaultExecutor.java:377)
	at shaded.org.apache.commons.exec.DefaultExecutor.execute(DefaultExecutor.java:160)
	at shaded.org.apache.commons.exec.DefaultExecutor.execute(DefaultExecutor.java:147)
	at sbst.benchmark.TestSuite.compile(TestSuite.java:250)
	at sbst.benchmark.TestSuite.<init>(TestSuite.java:68)
	at sbst.benchmark.TranscriptWriter.endClass(TranscriptWriter.java:136)
	at sbst.benchmark.RunTool.execute(RunTool.java:141)
	at sbst.benchmark.RunTool.run(RunTool.java:62)
	at sbst.benchmark.Main.main(Main.java:160)

---Timing Information---
Running tests with the following classpath: 
/var/benchmarks/projects/guava/guava/target/guava-26.0-jre.jar:/var/benchmarks/projects/./guava/guava/target/dependency/checker-qual-2.5.2.jar:/var/benchmarks/projects/guava/guava/target/dependency/error_prone_annotations-2.1.3.jar:/var/benchmarks/projects/guava/guava/target/dependency/j2objc-annotations-1.1.jar:/var/benchmarks/projects/guava/guava/target/dependency/jsr305-3.0.2.jar:/var/benchmarks/projects/guava/guava/target/dependency/animal-sniffer-annotations-1.14.jar:/usr/local/bin/lib/junit.jar:/usr/local/bin/lib/hamcrest-core.jar:/home/utbot_mocks/results_utbot-mocks_30/GUAVA-6_10/temp/testcases/bin
Running the tests: [SBSTDummyForCoverageAndMutationCalculation]
Executions terminated

---The tests are re-executed other four times to find the flaky ones---
Running the tests: [SBSTDummyForCoverageAndMutationCalculation]
Executions terminated
Running the tests: [SBSTDummyForCoverageAndMutationCalculation]
Executions terminated
Running the tests: [SBSTDummyForCoverageAndMutationCalculation]
Executions terminated
Running the tests: [SBSTDummyForCoverageAndMutationCalculation]
Executions terminated

=== Run Jacoco for Coverage ===
Number of instrumented file = 2323
Running tests with the following classpath: 
/home/utbot_mocks/results_utbot-mocks_30/GUAVA-6_10/temp/testcases/guava-26.0-jre_instrumented.jar:/home/utbot_mocks/results_utbot-mocks_30/GUAVA-6_10/temp/testcases/checker-qual-2.5.2_instrumented.jar:/home/utbot_mocks/results_utbot-mocks_30/GUAVA-6_10/temp/testcases/error_prone_annotations-2.1.3_instrumented.jar:/home/utbot_mocks/results_utbot-mocks_30/GUAVA-6_10/temp/testcases/j2objc-annotations-1.1_instrumented.jar:/home/utbot_mocks/results_utbot-mocks_30/GUAVA-6_10/temp/testcases/jsr305-3.0.2_instrumented.jar:/home/utbot_mocks/results_utbot-mocks_30/GUAVA-6_10/temp/testcases/animal-sniffer-annotations-1.14_instrumented.jar:/usr/local/bin/lib/hamcrest-core.jar:/usr/local/bin/lib/junit.jar:/home/utbot_mocks/results_utbot-mocks_30/GUAVA-6_10/temp/testcases/bin
Running the tests: [SBSTDummyForCoverageAndMutationCalculation]
Executions terminated
Number of file with coverage information = 1951
Extracted coverage data for the class com/google/common/base/Throwables
Number of file with coverage information = 302
Number of file with coverage information = 22
Number of file with coverage information = 12
Number of file with coverage information = 35
Number of file with coverage information = 1

=== Run PIT ===
Matching Jacoco with PIT: find covered mutations
Executing Mutation Analysis using 41 mutants 

>>> RESULTS:
	Tool name: utbot-mocks
	Benchmark: GUAVA-6
	Class Under Test: com.google.common.base.Throwables
	Run number: 10
	Tool preparation time (ms): 12866
	Tool test cases generation time (ms): 24977
	Test cases execution time (ms): 13
	Test case number: 35
	Uncompilable Test Classes: 1
	Broken tests number: 0
	Failing tests number: 0
	Lines total: 92
	Lines covered: 0
	Lines coverage ratio (%): 0.0
	Conditions total: 38
	Conditions covered: 0
	Conditions coverage ratio (%): 0.0
	Mutants total: 41
	Mutants covered: 0
	Mutants coverage ratio (%): 0.0
	Mutants killed: 0
	Mutants killed ratio (%): 0.0
	Mutants alive: 41


Class com.google.common.base.Throwables ended.
Stopping process...
Tool subprocess is an instance of java.lang.UNIXProcess
Tool subprocess Id is 12160
Killing master process 12160
Executing command kill -9 12160
Execution of command kill -9 12160 finished.
Process was destroyed
