Started UtBot Contest, classfileDir = /var/benchmarks/projects/spoon/target/classes, classpathString=/var/benchmarks/projects/spoon/target/classes:/var/benchmarks/projects/spoon/target/spoon-core-7.0.0.jar:/var/benchmarks/projects/./spoon/target/dependency/org.eclipse.text-3.12.0.jar:/var/benchmarks/projects/spoon/target/dependency/org.eclipse.equinox.app-1.6.100.jar:/var/benchmarks/projects/spoon/target/dependency/org.eclipse.core.contenttype-3.8.100.jar:/var/benchmarks/projects/spoon/target/dependency/mockito-all-2.0.2-beta.jar:/var/benchmarks/projects/spoon/target/dependency/jackson-databind-2.9.2.jar:/var/benchmarks/projects/spoon/target/dependency/guava-18.0.jar:/var/benchmarks/projects/spoon/target/dependency/org.eclipse.core.expressions-3.8.100.jar:/var/benchmarks/projects/spoon/target/dependency/org.eclipse.core.commands-3.10.100.jar:/var/benchmarks/projects/spoon/target/dependency/jackson-annotations-2.9.0.jar:/var/benchmarks/projects/spoon/target/dependency/org.eclipse.jdt.core-3.13.102.jar:/var/benchmarks/projects/spoon/target/dependency/org.eclipse.core.runtime-3.24.0.jar:/var/benchmarks/projects/spoon/target/dependency/org.eclipse.core.resources-3.16.0.jar:/var/benchmarks/projects/spoon/target/dependency/jackson-core-2.9.2.jar:/var/benchmarks/projects/spoon/target/dependency/junit-4.12.jar:/var/benchmarks/projects/spoon/target/dependency/org.eclipse.equinox.registry-3.11.100.jar:/var/benchmarks/projects/spoon/target/dependency/hamcrest-core-1.3.jar:/var/benchmarks/projects/spoon/target/dependency/maven-model-3.3.9.jar:/var/benchmarks/projects/spoon/target/dependency/plexus-utils-3.0.22.jar:/var/benchmarks/projects/spoon/target/dependency/jsap-2.1.jar:/var/benchmarks/projects/spoon/target/dependency/bridge-method-annotation-1.13.jar:/var/benchmarks/projects/spoon/target/dependency/org.eclipse.equinox.common-3.15.100.jar:/var/benchmarks/projects/spoon/target/dependency/org.eclipse.core.jobs-3.12.0.jar:/var/benchmarks/projects/spoon/target/dependency/commons-io-2.5.jar:/var/benchmarks/projects/spoon/target/dependency/commons-lang3-3.5.jar:/var/benchmarks/projects/spoon/target/dependency/system-rules-1.9.0.jar:/var/benchmarks/projects/spoon/target/dependency/querydsl-core-3.6.9.jar:/var/benchmarks/projects/spoon/target/dependency/org.eclipse.core.filesystem-1.9.200.jar:/var/benchmarks/projects/spoon/target/dependency/org.eclipse.equinox.preferences-3.9.100.jar:/var/benchmarks/projects/spoon/target/dependency/org.eclipse.osgi-3.17.100.jar:/var/benchmarks/projects/spoon/target/dependency/log4j-1.2.17.jar, outputDir=/home/utbot_mocks/temp/testcases, mocks=Other classes: Mockito
17:59:05.326 | INFO  | Started: warmup: kotlin reflection :: init
17:59:05.423 | INFO  | Finished (in 0.096 sec): warmup: kotlin reflection :: init 
[INIT]
>> [RUN] spoon.support.reflect.CtExtendedModifier 30
17:59:05.435 | DEBUG | -----------------------------------------------------------------------------
17:59:05.436 | INFO  | Contest.runGeneration: Time budget: 30000 ms, Generation timeout=25500 ms, classpath=/var/benchmarks/projects/spoon/target/classes:/var/benchmarks/projects/spoon/target/spoon-core-7.0.0.jar:/var/benchmarks/projects/./spoon/target/dependency/org.eclipse.text-3.12.0.jar:/var/benchmarks/projects/spoon/target/dependency/org.eclipse.equinox.app-1.6.100.jar:/var/benchmarks/projects/spoon/target/dependency/org.eclipse.core.contenttype-3.8.100.jar:/var/benchmarks/projects/spoon/target/dependency/mockito-all-2.0.2-beta.jar:/var/benchmarks/projects/spoon/target/dependency/jackson-databind-2.9.2.jar:/var/benchmarks/projects/spoon/target/dependency/guava-18.0.jar:/var/benchmarks/projects/spoon/target/dependency/org.eclipse.core.expressions-3.8.100.jar:/var/benchmarks/projects/spoon/target/dependency/org.eclipse.core.commands-3.10.100.jar:/var/benchmarks/projects/spoon/target/dependency/jackson-annotations-2.9.0.jar:/var/benchmarks/projects/spoon/target/dependency/org.eclipse.jdt.core-3.13.102.jar:/var/benchmarks/projects/spoon/target/dependency/org.eclipse.core.runtime-3.24.0.jar:/var/benchmarks/projects/spoon/target/dependency/org.eclipse.core.resources-3.16.0.jar:/var/benchmarks/projects/spoon/target/dependency/jackson-core-2.9.2.jar:/var/benchmarks/projects/spoon/target/dependency/junit-4.12.jar:/var/benchmarks/projects/spoon/target/dependency/org.eclipse.equinox.registry-3.11.100.jar:/var/benchmarks/projects/spoon/target/dependency/hamcrest-core-1.3.jar:/var/benchmarks/projects/spoon/target/dependency/maven-model-3.3.9.jar:/var/benchmarks/projects/spoon/target/dependency/plexus-utils-3.0.22.jar:/var/benchmarks/projects/spoon/target/dependency/jsap-2.1.jar:/var/benchmarks/projects/spoon/target/dependency/bridge-method-annotation-1.13.jar:/var/benchmarks/projects/spoon/target/dependency/org.eclipse.equinox.common-3.15.100.jar:/var/benchmarks/projects/spoon/target/dependency/org.eclipse.core.jobs-3.12.0.jar:/var/benchmarks/projects/spoon/target/dependency/commons-io-2.5.jar:/var/benchmarks/projects/spoon/target/dependency/commons-lang3-3.5.jar:/var/benchmarks/projects/spoon/target/dependency/system-rules-1.9.0.jar:/var/benchmarks/projects/spoon/target/dependency/querydsl-core-3.6.9.jar:/var/benchmarks/projects/spoon/target/dependency/org.eclipse.core.filesystem-1.9.200.jar:/var/benchmarks/projects/spoon/target/dependency/org.eclipse.equinox.preferences-3.9.100.jar:/var/benchmarks/projects/spoon/target/dependency/org.eclipse.osgi-3.17.100.jar:/var/benchmarks/projects/spoon/target/dependency/log4j-1.2.17.jar, methodNameFilter=null
17:59:05.438 | INFO  | ClassUnderTest[ FQN: spoon.support.reflect.CtExtendedModifier
    classfileDir: /var/benchmarks/projects/spoon/target/classes
    testClassSimpleName: CtExtendedModifierTest
    generatedTestFile: /home/utbot_mocks/temp/testcases/spoon/support/reflect/CtExtendedModifierTest.java
    generatedTestsSourcesDir: /home/utbot_mocks/temp/testcases
]
17:59:05.469 | INFO  | Started: class spoon.support.reflect.CtExtendedModifier
17:59:05.471 | INFO  | Started: preparation class class spoon.support.reflect.CtExtendedModifier: kotlin reflection :: run
17:59:05.496 | INFO  | Finished (in 0.025 sec): preparation class class spoon.support.reflect.CtExtendedModifier: kotlin reflection :: run 
17:59:05.497 | INFO  | Started: 2nd optional soot initialization
17:59:05.498 | INFO  | Finished (in 0.001 sec): 2nd optional soot initialization 
17:59:05.511 | DEBUG |  ... 
17:59:05.526 | INFO  | Started: method spoon.support.reflect.CtExtendedModifier.equals(Object)
17:59:05.528 | INFO  |  -- Remaining time budget: 25421 ms, #remaining_methods: 10, budget for method: 2542 ms, solver timeout: 1000 ms, budget for symbolic execution: 1342 ms, budget for concrete execution: 1200 ms,  -- 
17:59:05.876 | DEBUG | --new testCase collected, to generate: testSpoon.support.reflect.CtExtendedModifier.equals(Object)1
17:59:06.784 | DEBUG | --new testCase collected, to generate: testSpoon.support.reflect.CtExtendedModifier.equals(Object)2
17:59:06.828 | DEBUG | --new testCase collected, to generate: testSpoon.support.reflect.CtExtendedModifier.equals(Object)3
17:59:06.861 | INFO  | |> Starting concrete execution for remaining state: spoon.support.reflect.CtExtendedModifier.equals(Object)
17:59:07.260 | DEBUG | --new testCase collected, to generate: testSpoon.support.reflect.CtExtendedModifier.equals(Object)4
17:59:07.262 | INFO  | Finished (in 1.735 sec): method spoon.support.reflect.CtExtendedModifier.equals(Object) 
<StatsForMethod> :
	#generatedTC=4
	WITH NO EXCEPTIONS
17:59:07.265 | DEBUG |  ... 
17:59:07.266 | INFO  | Started: method spoon.support.reflect.CtExtendedModifier.hashCode()
17:59:07.266 | INFO  |  -- Remaining time budget: 23672 ms, #remaining_methods: 9, budget for method: 2630 ms, solver timeout: 1000 ms, budget for symbolic execution: 1430 ms, budget for concrete execution: 1200 ms,  -- 
17:59:07.278 | DEBUG | --new testCase collected, to generate: testSpoon.support.reflect.CtExtendedModifier.hashCode()1
17:59:07.378 | DEBUG | --new testCase collected, to generate: testSpoon.support.reflect.CtExtendedModifier.hashCode()2
17:59:07.405 | DEBUG | --new testCase collected, to generate: testSpoon.support.reflect.CtExtendedModifier.hashCode()3
17:59:07.412 | DEBUG | --new testCase collected, to generate: testSpoon.support.reflect.CtExtendedModifier.hashCode()4
17:59:07.415 | INFO  | Finished (in 0.149 sec): method spoon.support.reflect.CtExtendedModifier.hashCode() 
<StatsForMethod> :
	#generatedTC=4
	WITH NO EXCEPTIONS
17:59:07.416 | DEBUG |  ... 
17:59:07.417 | INFO  | Started: method spoon.support.reflect.CtExtendedModifier.getPosition()
17:59:07.417 | INFO  |  -- Remaining time budget: 23520 ms, #remaining_methods: 8, budget for method: 2940 ms, solver timeout: 1000 ms, budget for symbolic execution: 1740 ms, budget for concrete execution: 1200 ms,  -- 
17:59:07.426 | DEBUG | --new testCase collected, to generate: testSpoon.support.reflect.CtExtendedModifier.getPosition()1
17:59:07.487 | DEBUG | --new testCase collected, to generate: testSpoon.support.reflect.CtExtendedModifier.getPosition()2
17:59:07.529 | INFO  | Finished (in 0.111 sec): method spoon.support.reflect.CtExtendedModifier.getPosition() 
<StatsForMethod> :
	#generatedTC=2
	WITH NO EXCEPTIONS
17:59:07.534 | DEBUG |  ... 
17:59:07.535 | INFO  | Started: method spoon.support.reflect.CtExtendedModifier.getKind()
17:59:07.535 | INFO  |  -- Remaining time budget: 23402 ms, #remaining_methods: 7, budget for method: 3343 ms, solver timeout: 1000 ms, budget for symbolic execution: 2143 ms, budget for concrete execution: 1200 ms,  -- 
17:59:07.543 | DEBUG | --new testCase collected, to generate: testSpoon.support.reflect.CtExtendedModifier.getKind()1
17:59:07.574 | DEBUG | --new testCase collected, to generate: testSpoon.support.reflect.CtExtendedModifier.getKind()2
17:59:07.574 | INFO  | Finished (in 0.039 sec): method spoon.support.reflect.CtExtendedModifier.getKind() 
<StatsForMethod> :
	#generatedTC=2
	WITH NO EXCEPTIONS
17:59:07.575 | DEBUG |  ... 
17:59:07.575 | INFO  | Started: method spoon.support.reflect.CtExtendedModifier.setKind(ModifierKind)
17:59:07.576 | INFO  |  -- Remaining time budget: 23362 ms, #remaining_methods: 6, budget for method: 3893 ms, solver timeout: 1000 ms, budget for symbolic execution: 2693 ms, budget for concrete execution: 1200 ms,  -- 
17:59:07.590 | ERROR | Symbolic execution FAILED
com.huawei.utbot.instrumentation.util.ChildProcessError: Error in the child process |> java.lang.IllegalAccessException: Class com.huawei.utbot.framework.concrete.MockValueConstructor can not access a member of class spoon.reflect.declaration.ModifierKind with modifiers "private"
	at sun.reflect.Reflection.ensureMemberAccess(Reflection.java:102)
	at java.lang.reflect.AccessibleObject.slowCheckMemberAccess(AccessibleObject.java:296)
	at java.lang.reflect.AccessibleObject.checkAccess(AccessibleObject.java:288)
	at java.lang.reflect.Constructor.newInstance(Constructor.java:413)
	at com.huawei.utbot.framework.concrete.MockValueConstructor.call(MockValueConstructor.kt:414)
	at com.huawei.utbot.framework.concrete.MockValueConstructor.updateWithExecutableCallModel(MockValueConstructor.kt:353)
	at com.huawei.utbot.framework.concrete.MockValueConstructor.constructFromAssembleModel(MockValueConstructor.kt:332)
	at com.huawei.utbot.framework.concrete.MockValueConstructor.construct(MockValueConstructor.kt:126)
	at com.huawei.utbot.framework.concrete.MockValueConstructor.constructMethodParameters(MockValueConstructor.kt:101)
	at com.huawei.utbot.framework.concrete.UtExecutionInstrumentation.invoke(UtExecutionInstrumentation.kt:126)
	at com.huawei.utbot.framework.concrete.UtExecutionInstrumentation.invoke(UtExecutionInstrumentation.kt:96)
	at com.huawei.utbot.instrumentation.process.ChildProcessKt.loop(ChildProcess.kt:114)
	at com.huawei.utbot.instrumentation.process.ChildProcessKt.main(ChildProcess.kt:76)
	at com.huawei.utbot.instrumentation.process.ChildProcessKt.main(ChildProcess.kt)

	at com.huawei.utbot.instrumentation.ConcreteExecutor.executeAsync(ConcreteExecutor.kt:391) ~[utbot-junit-contest-1.0.jar:?]
	at com.huawei.utbot.instrumentation.ConcreteExecutor$executeAsync$1.invokeSuspend(ConcreteExecutor.kt) ~[utbot-junit-contest-1.0.jar:?]
	at kotlin.coroutines.jvm.internal.BaseContinuationImpl.resumeWith(ContinuationImpl.kt:33) [utbot-junit-contest-1.0.jar:?]
	at kotlinx.coroutines.DispatchedTask.run(DispatchedTask.kt:106) [utbot-junit-contest-1.0.jar:?]
	at java.util.concurrent.Executors$RunnableAdapter.call(Executors.java:511) [?:1.8.0_312]
	at java.util.concurrent.FutureTask.run(FutureTask.java:266) [?:1.8.0_312]
	at java.util.concurrent.ScheduledThreadPoolExecutor$ScheduledFutureTask.access$201(ScheduledThreadPoolExecutor.java:180) [?:1.8.0_312]
	at java.util.concurrent.ScheduledThreadPoolExecutor$ScheduledFutureTask.run(ScheduledThreadPoolExecutor.java:293) [?:1.8.0_312]
	at java.util.concurrent.ThreadPoolExecutor.runWorker(ThreadPoolExecutor.java:1149) [?:1.8.0_312]
	at java.util.concurrent.ThreadPoolExecutor$Worker.run(ThreadPoolExecutor.java:624) [?:1.8.0_312]
	at java.lang.Thread.run(Thread.java:748) [?:1.8.0_312]
17:59:07.629 | DEBUG | --new testCase collected, to generate: testSpoon.support.reflect.CtExtendedModifier.setKind(ModifierKind)1
17:59:07.630 | INFO  | Finished (in 0.054 sec): method spoon.support.reflect.CtExtendedModifier.setKind(ModifierKind) 
<StatsForMethod> :
	#generatedTC=1
	FAILED 1 time(s) with 1 different exception(s)"
17:59:07.631 | DEBUG |  ... 
17:59:07.631 | INFO  | Started: method spoon.support.reflect.CtExtendedModifier.setPosition(SourcePosition)
17:59:07.632 | INFO  |  -- Remaining time budget: 23306 ms, #remaining_methods: 5, budget for method: 4661 ms, solver timeout: 1000 ms, budget for symbolic execution: 3461 ms, budget for concrete execution: 1200 ms,  -- 
17:59:07.640 | DEBUG | --new testCase collected, to generate: testSpoon.support.reflect.CtExtendedModifier.setPosition(SourcePosition)1
17:59:07.669 | DEBUG | --new testCase collected, to generate: testSpoon.support.reflect.CtExtendedModifier.setPosition(SourcePosition)2
17:59:07.669 | INFO  | Finished (in 0.038 sec): method spoon.support.reflect.CtExtendedModifier.setPosition(SourcePosition) 
<StatsForMethod> :
	#generatedTC=2
	WITH NO EXCEPTIONS
17:59:07.670 | DEBUG |  ... 
17:59:07.670 | INFO  | Started: method spoon.support.reflect.CtExtendedModifier.setImplicit(boolean)
17:59:07.671 | INFO  |  -- Remaining time budget: 23267 ms, #remaining_methods: 4, budget for method: 5816 ms, solver timeout: 1000 ms, budget for symbolic execution: 4616 ms, budget for concrete execution: 1200 ms,  -- 
17:59:07.676 | DEBUG | --new testCase collected, to generate: testSpoon.support.reflect.CtExtendedModifier.setImplicit(boolean)1
17:59:07.705 | DEBUG | --new testCase collected, to generate: testSpoon.support.reflect.CtExtendedModifier.setImplicit(boolean)2
17:59:07.705 | INFO  | Finished (in 0.034 sec): method spoon.support.reflect.CtExtendedModifier.setImplicit(boolean) 
<StatsForMethod> :
	#generatedTC=2
	WITH NO EXCEPTIONS
17:59:07.706 | DEBUG |  ... 
17:59:07.706 | INFO  | Started: method spoon.support.reflect.CtExtendedModifier.isImplicit()
17:59:07.707 | INFO  |  -- Remaining time budget: 23231 ms, #remaining_methods: 3, budget for method: 7743 ms, solver timeout: 1000 ms, budget for symbolic execution: 6543 ms, budget for concrete execution: 1200 ms,  -- 
17:59:07.711 | DEBUG | --new testCase collected, to generate: testSpoon.support.reflect.CtExtendedModifier.isImplicit()1
17:59:07.739 | DEBUG | --new testCase collected, to generate: testSpoon.support.reflect.CtExtendedModifier.isImplicit()2
17:59:07.739 | INFO  | Finished (in 0.033 sec): method spoon.support.reflect.CtExtendedModifier.isImplicit() 
<StatsForMethod> :
	#generatedTC=2
	WITH NO EXCEPTIONS
17:59:07.740 | DEBUG |  ... 
17:59:07.740 | INFO  | Started: method spoon.support.reflect.CtExtendedModifier.<init>(ModifierKind)
17:59:07.740 | INFO  |  -- Remaining time budget: 23197 ms, #remaining_methods: 2, budget for method: 11598 ms, solver timeout: 1000 ms, budget for symbolic execution: 10398 ms, budget for concrete execution: 1200 ms,  -- 
17:59:07.745 | ERROR | Symbolic execution FAILED
com.huawei.utbot.instrumentation.util.ChildProcessError: Error in the child process |> java.lang.IllegalAccessException: Class com.huawei.utbot.framework.concrete.MockValueConstructor can not access a member of class spoon.reflect.declaration.ModifierKind with modifiers "private"
	at sun.reflect.Reflection.ensureMemberAccess(Reflection.java:102)
	at java.lang.reflect.AccessibleObject.slowCheckMemberAccess(AccessibleObject.java:296)
	at java.lang.reflect.AccessibleObject.checkAccess(AccessibleObject.java:288)
	at java.lang.reflect.Constructor.newInstance(Constructor.java:413)
	at com.huawei.utbot.framework.concrete.MockValueConstructor.call(MockValueConstructor.kt:414)
	at com.huawei.utbot.framework.concrete.MockValueConstructor.updateWithExecutableCallModel(MockValueConstructor.kt:353)
	at com.huawei.utbot.framework.concrete.MockValueConstructor.constructFromAssembleModel(MockValueConstructor.kt:332)
	at com.huawei.utbot.framework.concrete.MockValueConstructor.construct(MockValueConstructor.kt:126)
	at com.huawei.utbot.framework.concrete.MockValueConstructor.constructMethodParameters(MockValueConstructor.kt:101)
	at com.huawei.utbot.framework.concrete.UtExecutionInstrumentation.invoke(UtExecutionInstrumentation.kt:126)
	at com.huawei.utbot.framework.concrete.UtExecutionInstrumentation.invoke(UtExecutionInstrumentation.kt:96)
	at com.huawei.utbot.instrumentation.process.ChildProcessKt.loop(ChildProcess.kt:114)
	at com.huawei.utbot.instrumentation.process.ChildProcessKt.main(ChildProcess.kt:76)
	at com.huawei.utbot.instrumentation.process.ChildProcessKt.main(ChildProcess.kt)

	at com.huawei.utbot.instrumentation.ConcreteExecutor.executeAsync(ConcreteExecutor.kt:391) ~[utbot-junit-contest-1.0.jar:?]
	at com.huawei.utbot.instrumentation.ConcreteExecutor$executeAsync$1.invokeSuspend(ConcreteExecutor.kt) ~[utbot-junit-contest-1.0.jar:?]
	at kotlin.coroutines.jvm.internal.BaseContinuationImpl.resumeWith(ContinuationImpl.kt:33) [utbot-junit-contest-1.0.jar:?]
	at kotlinx.coroutines.DispatchedTask.run(DispatchedTask.kt:106) [utbot-junit-contest-1.0.jar:?]
	at java.util.concurrent.Executors$RunnableAdapter.call(Executors.java:511) [?:1.8.0_312]
	at java.util.concurrent.FutureTask.run(FutureTask.java:266) [?:1.8.0_312]
	at java.util.concurrent.ScheduledThreadPoolExecutor$ScheduledFutureTask.access$201(ScheduledThreadPoolExecutor.java:180) [?:1.8.0_312]
	at java.util.concurrent.ScheduledThreadPoolExecutor$ScheduledFutureTask.run(ScheduledThreadPoolExecutor.java:293) [?:1.8.0_312]
	at java.util.concurrent.ThreadPoolExecutor.runWorker(ThreadPoolExecutor.java:1149) [?:1.8.0_312]
	at java.util.concurrent.ThreadPoolExecutor$Worker.run(ThreadPoolExecutor.java:624) [?:1.8.0_312]
	at java.lang.Thread.run(Thread.java:748) [?:1.8.0_312]
17:59:07.794 | DEBUG | --new testCase collected, to generate: testSpoon.support.reflect.CtExtendedModifier.<init>(ModifierKind)1
17:59:07.794 | INFO  | Finished (in 0.053 sec): method spoon.support.reflect.CtExtendedModifier.<init>(ModifierKind) 
<StatsForMethod> :
	#generatedTC=1
	FAILED 1 time(s) with 1 different exception(s)"
17:59:07.797 | DEBUG |  ... 
17:59:07.797 | INFO  | Started: method spoon.support.reflect.CtExtendedModifier.<init>(ModifierKind, boolean)
17:59:07.797 | INFO  |  -- Remaining time budget: 23140 ms, #remaining_methods: 1, budget for method: 23140 ms, solver timeout: 1000 ms, budget for symbolic execution: 21940 ms, budget for concrete execution: 1200 ms,  -- 
17:59:07.801 | ERROR | Symbolic execution FAILED
com.huawei.utbot.instrumentation.util.ChildProcessError: Error in the child process |> java.lang.IllegalAccessException: Class com.huawei.utbot.framework.concrete.MockValueConstructor can not access a member of class spoon.reflect.declaration.ModifierKind with modifiers "private"
	at sun.reflect.Reflection.ensureMemberAccess(Reflection.java:102)
	at java.lang.reflect.AccessibleObject.slowCheckMemberAccess(AccessibleObject.java:296)
	at java.lang.reflect.AccessibleObject.checkAccess(AccessibleObject.java:288)
	at java.lang.reflect.Constructor.newInstance(Constructor.java:413)
	at com.huawei.utbot.framework.concrete.MockValueConstructor.call(MockValueConstructor.kt:414)
	at com.huawei.utbot.framework.concrete.MockValueConstructor.updateWithExecutableCallModel(MockValueConstructor.kt:353)
	at com.huawei.utbot.framework.concrete.MockValueConstructor.constructFromAssembleModel(MockValueConstructor.kt:332)
	at com.huawei.utbot.framework.concrete.MockValueConstructor.construct(MockValueConstructor.kt:126)
	at com.huawei.utbot.framework.concrete.MockValueConstructor.constructMethodParameters(MockValueConstructor.kt:101)
	at com.huawei.utbot.framework.concrete.UtExecutionInstrumentation.invoke(UtExecutionInstrumentation.kt:126)
	at com.huawei.utbot.framework.concrete.UtExecutionInstrumentation.invoke(UtExecutionInstrumentation.kt:96)
	at com.huawei.utbot.instrumentation.process.ChildProcessKt.loop(ChildProcess.kt:114)
	at com.huawei.utbot.instrumentation.process.ChildProcessKt.main(ChildProcess.kt:76)
	at com.huawei.utbot.instrumentation.process.ChildProcessKt.main(ChildProcess.kt)

	at com.huawei.utbot.instrumentation.ConcreteExecutor.executeAsync(ConcreteExecutor.kt:391) ~[utbot-junit-contest-1.0.jar:?]
	at com.huawei.utbot.instrumentation.ConcreteExecutor$executeAsync$1.invokeSuspend(ConcreteExecutor.kt) ~[utbot-junit-contest-1.0.jar:?]
	at kotlin.coroutines.jvm.internal.BaseContinuationImpl.resumeWith(ContinuationImpl.kt:33) [utbot-junit-contest-1.0.jar:?]
	at kotlinx.coroutines.DispatchedTask.run(DispatchedTask.kt:106) [utbot-junit-contest-1.0.jar:?]
	at java.util.concurrent.Executors$RunnableAdapter.call(Executors.java:511) [?:1.8.0_312]
	at java.util.concurrent.FutureTask.run(FutureTask.java:266) [?:1.8.0_312]
	at java.util.concurrent.ScheduledThreadPoolExecutor$ScheduledFutureTask.access$201(ScheduledThreadPoolExecutor.java:180) [?:1.8.0_312]
	at java.util.concurrent.ScheduledThreadPoolExecutor$ScheduledFutureTask.run(ScheduledThreadPoolExecutor.java:293) [?:1.8.0_312]
	at java.util.concurrent.ThreadPoolExecutor.runWorker(ThreadPoolExecutor.java:1149) [?:1.8.0_312]
	at java.util.concurrent.ThreadPoolExecutor$Worker.run(ThreadPoolExecutor.java:624) [?:1.8.0_312]
	at java.lang.Thread.run(Thread.java:748) [?:1.8.0_312]
17:59:07.878 | DEBUG | --new testCase collected, to generate: testSpoon.support.reflect.CtExtendedModifier.<init>(ModifierKind, boolean)1
17:59:07.879 | INFO  | Finished (in 0.082 sec): method spoon.support.reflect.CtExtendedModifier.<init>(ModifierKind, boolean) 
<StatsForMethod> :
	#generatedTC=1
	FAILED 1 time(s) with 1 different exception(s)"
17:59:07.887 | INFO  | Started: Flushing tests for [CtExtendedModifier] on disk
17:59:08.806 | INFO  | File size for CtExtendedModifierTest: 15 KB
17:59:08.807 | INFO  | Finished (in 0.920 sec): Flushing tests for [CtExtendedModifier] on disk 
17:59:08.808 | INFO  | Finished (in 3.338 sec): class spoon.support.reflect.CtExtendedModifier 
<StatsForClass> :
	canceled by timeout = false
	#methods = 10, 
	#methods started symbolic exploration = 10
	#methods with at least one TC = 10
	#methods with exceptions = 3
	#generated TC = 21
	#coverage = null
[READY]
