
>>> TOOL NAME:  utbot-mocks

>>> BENCHMARK:  GUAVA-174

>>> RUN NUMBER: 3

>>> MODE: --only-compute-metrics
Creating directory ./temp
Creating directory ./temp/data
Creating directory ./temp/testcases
Executing /home/utbot_mocks/./runtool
>> BENCHMARK
>> /var/benchmarks/projects/guava/guava/src
>> /var/benchmarks/projects/guava/guava/target/classes
>> 6
>> /var/benchmarks/projects/guava/guava/target/guava-26.0-jre.jar
>> /var/benchmarks/projects/./guava/guava/target/dependency/checker-qual-2.5.2.jar
>> /var/benchmarks/projects/guava/guava/target/dependency/error_prone_annotations-2.1.3.jar
>> /var/benchmarks/projects/guava/guava/target/dependency/j2objc-annotations-1.1.jar
>> /var/benchmarks/projects/guava/guava/target/dependency/jsr305-3.0.2.jar
>> /var/benchmarks/projects/guava/guava/target/dependency/animal-sniffer-annotations-1.14.jar
>> 0
expecting CLASSPATH or READY
<< CLASSPATH
expecting number
<< 0
<< READY
>> 120


### COMPUTING METRICS ###: com.google.common.collect.TopKSelector


Starting class com.google.common.collect.TopKSelector


Ending class com.google.common.collect.TopKSelector
Creating directory results_utbot-mocks_120/GUAVA-174_3/temp/testcases/bin
Creating dummy JUnit test file

---Compilation---

===
javac command line:
/usr/bin/javac -sourcepath /home/utbot_mocks/results_utbot-mocks_120/GUAVA-174_3/temp/testcases -cp /var/benchmarks/projects/guava/guava/target/guava-26.0-jre.jar:/var/benchmarks/projects/./guava/guava/target/dependency/checker-qual-2.5.2.jar:/var/benchmarks/projects/guava/guava/target/dependency/error_prone_annotations-2.1.3.jar:/var/benchmarks/projects/guava/guava/target/dependency/j2objc-annotations-1.1.jar:/var/benchmarks/projects/guava/guava/target/dependency/jsr305-3.0.2.jar:/var/benchmarks/projects/guava/guava/target/dependency/animal-sniffer-annotations-1.14.jar:/usr/local/bin/lib/junit.jar:/usr/local/bin/lib/hamcrest-core.jar -d results_utbot-mocks_120/GUAVA-174_3/temp/testcases/bin /home/utbot_mocks/results_utbot-mocks_120/GUAVA-174_3/temp/testcases/SBSTDummyForCoverageAndMutationCalculation.java


===
javac command line:
/usr/bin/javac -sourcepath /home/utbot_mocks/results_utbot-mocks_120/GUAVA-174_3/temp/testcases -cp /var/benchmarks/projects/guava/guava/target/guava-26.0-jre.jar:/var/benchmarks/projects/./guava/guava/target/dependency/checker-qual-2.5.2.jar:/var/benchmarks/projects/guava/guava/target/dependency/error_prone_annotations-2.1.3.jar:/var/benchmarks/projects/guava/guava/target/dependency/j2objc-annotations-1.1.jar:/var/benchmarks/projects/guava/guava/target/dependency/jsr305-3.0.2.jar:/var/benchmarks/projects/guava/guava/target/dependency/animal-sniffer-annotations-1.14.jar:/usr/local/bin/lib/junit.jar:/usr/local/bin/lib/hamcrest-core.jar -d results_utbot-mocks_120/GUAVA-174_3/temp/testcases/bin /home/utbot_mocks/results_utbot-mocks_120/GUAVA-174_3/temp/testcases/com/google/common/collect/TopKSelectorTest.java

/home/utbot_mocks/results_utbot-mocks_120/GUAVA-174_3/temp/testcases/com/google/common/collect/TopKSelectorTest.java:4: warning: ASCIICaseInsensitiveComparator is internal proprietary API and may be removed in a future release
import sun.misc.ASCIICaseInsensitiveComparator;
               ^
/home/utbot_mocks/results_utbot-mocks_120/GUAVA-174_3/temp/testcases/com/google/common/collect/TopKSelectorTest.java:20: warning: Unsafe is internal proprietary API and may be removed in a future release
import sun.misc.Unsafe;
               ^
/home/utbot_mocks/results_utbot-mocks_120/GUAVA-174_3/temp/testcases/com/google/common/collect/TopKSelectorTest.java:23: error: package org.mockito does not exist
import static org.mockito.ArgumentMatchers.anyInt;
                         ^
/home/utbot_mocks/results_utbot-mocks_120/GUAVA-174_3/temp/testcases/com/google/common/collect/TopKSelectorTest.java:23: error: static import only from classes and interfaces
import static org.mockito.ArgumentMatchers.anyInt;
^
/home/utbot_mocks/results_utbot-mocks_120/GUAVA-174_3/temp/testcases/com/google/common/collect/TopKSelectorTest.java:24: error: package org.mockito does not exist
import static org.mockito.ArgumentMatchers.any;
                         ^
/home/utbot_mocks/results_utbot-mocks_120/GUAVA-174_3/temp/testcases/com/google/common/collect/TopKSelectorTest.java:24: error: static import only from classes and interfaces
import static org.mockito.ArgumentMatchers.any;
^
/home/utbot_mocks/results_utbot-mocks_120/GUAVA-174_3/temp/testcases/com/google/common/collect/TopKSelectorTest.java:25: error: package org.mockito does not exist
import static org.mockito.Mockito.mockStatic;
                         ^
/home/utbot_mocks/results_utbot-mocks_120/GUAVA-174_3/temp/testcases/com/google/common/collect/TopKSelectorTest.java:25: error: static import only from classes and interfaces
import static org.mockito.Mockito.mockStatic;
^
/home/utbot_mocks/results_utbot-mocks_120/GUAVA-174_3/temp/testcases/com/google/common/collect/TopKSelectorTest.java:29: error: package org.mockito does not exist
import static org.mockito.Mockito.mock;
                         ^
/home/utbot_mocks/results_utbot-mocks_120/GUAVA-174_3/temp/testcases/com/google/common/collect/TopKSelectorTest.java:29: error: static import only from classes and interfaces
import static org.mockito.Mockito.mock;
^
/home/utbot_mocks/results_utbot-mocks_120/GUAVA-174_3/temp/testcases/com/google/common/collect/TopKSelectorTest.java:30: error: package org.mockito does not exist
import static org.mockito.ArgumentMatchers.anyBoolean;
                         ^
/home/utbot_mocks/results_utbot-mocks_120/GUAVA-174_3/temp/testcases/com/google/common/collect/TopKSelectorTest.java:30: error: static import only from classes and interfaces
import static org.mockito.ArgumentMatchers.anyBoolean;
^
/home/utbot_mocks/results_utbot-mocks_120/GUAVA-174_3/temp/testcases/com/google/common/collect/TopKSelectorTest.java:31: error: package org.mockito does not exist
import static org.mockito.ArgumentMatchers.anyString;
                         ^
/home/utbot_mocks/results_utbot-mocks_120/GUAVA-174_3/temp/testcases/com/google/common/collect/TopKSelectorTest.java:31: error: static import only from classes and interfaces
import static org.mockito.ArgumentMatchers.anyString;
^
/home/utbot_mocks/results_utbot-mocks_120/GUAVA-174_3/temp/testcases/com/google/common/collect/TopKSelectorTest.java:32: error: package org.mockito does not exist
import static org.mockito.Mockito.when;
                         ^
/home/utbot_mocks/results_utbot-mocks_120/GUAVA-174_3/temp/testcases/com/google/common/collect/TopKSelectorTest.java:32: error: static import only from classes and interfaces
import static org.mockito.Mockito.when;
^
/home/utbot_mocks/results_utbot-mocks_120/GUAVA-174_3/temp/testcases/com/google/common/collect/TopKSelectorTest.java:134: warning: ASCIICaseInsensitiveComparator is internal proprietary API and may be removed in a future release
        ASCIICaseInsensitiveComparator aSCIICaseInsensitiveComparator = ((ASCIICaseInsensitiveComparator) createInstance("sun.misc.ASCIICaseInsensitiveComparator"));
        ^
/home/utbot_mocks/results_utbot-mocks_120/GUAVA-174_3/temp/testcases/com/google/common/collect/TopKSelectorTest.java:134: warning: ASCIICaseInsensitiveComparator is internal proprietary API and may be removed in a future release
        ASCIICaseInsensitiveComparator aSCIICaseInsensitiveComparator = ((ASCIICaseInsensitiveComparator) createInstance("sun.misc.ASCIICaseInsensitiveComparator"));
                                                                          ^
/home/utbot_mocks/results_utbot-mocks_120/GUAVA-174_3/temp/testcases/com/google/common/collect/TopKSelectorTest.java:152: warning: ASCIICaseInsensitiveComparator is internal proprietary API and may be removed in a future release
        ASCIICaseInsensitiveComparator aSCIICaseInsensitiveComparator = ((ASCIICaseInsensitiveComparator) createInstance("sun.misc.ASCIICaseInsensitiveComparator"));
        ^
/home/utbot_mocks/results_utbot-mocks_120/GUAVA-174_3/temp/testcases/com/google/common/collect/TopKSelectorTest.java:152: warning: ASCIICaseInsensitiveComparator is internal proprietary API and may be removed in a future release
        ASCIICaseInsensitiveComparator aSCIICaseInsensitiveComparator = ((ASCIICaseInsensitiveComparator) createInstance("sun.misc.ASCIICaseInsensitiveComparator"));
                                                                          ^
/home/utbot_mocks/results_utbot-mocks_120/GUAVA-174_3/temp/testcases/com/google/common/collect/TopKSelectorTest.java:171: warning: ASCIICaseInsensitiveComparator is internal proprietary API and may be removed in a future release
        ASCIICaseInsensitiveComparator aSCIICaseInsensitiveComparator = ((ASCIICaseInsensitiveComparator) createInstance("sun.misc.ASCIICaseInsensitiveComparator"));
        ^
/home/utbot_mocks/results_utbot-mocks_120/GUAVA-174_3/temp/testcases/com/google/common/collect/TopKSelectorTest.java:171: warning: ASCIICaseInsensitiveComparator is internal proprietary API and may be removed in a future release
        ASCIICaseInsensitiveComparator aSCIICaseInsensitiveComparator = ((ASCIICaseInsensitiveComparator) createInstance("sun.misc.ASCIICaseInsensitiveComparator"));
                                                                          ^
/home/utbot_mocks/results_utbot-mocks_120/GUAVA-174_3/temp/testcases/com/google/common/collect/TopKSelectorTest.java:201: error: package org.mockito does not exist
        org.mockito.MockedStatic mockedStatic = null;
                   ^
/home/utbot_mocks/results_utbot-mocks_120/GUAVA-174_3/temp/testcases/com/google/common/collect/TopKSelectorTest.java:203: error: cannot find symbol
            mockedStatic = mockStatic(com.google.common.math.IntMath.class);
                           ^
  symbol:   method mockStatic(Class<IntMath>)
  location: class TopKSelectorTest
/home/utbot_mocks/results_utbot-mocks_120/GUAVA-174_3/temp/testcases/com/google/common/collect/TopKSelectorTest.java:205: error: cannot find symbol
                com.google.common.math.IntMath.log2(anyInt(), any());
                                                    ^
  symbol:   method anyInt()
  location: class TopKSelectorTest
/home/utbot_mocks/results_utbot-mocks_120/GUAVA-174_3/temp/testcases/com/google/common/collect/TopKSelectorTest.java:205: error: cannot find symbol
                com.google.common.math.IntMath.log2(anyInt(), any());
                                                              ^
  symbol:   method any()
  location: class TopKSelectorTest
/home/utbot_mocks/results_utbot-mocks_120/GUAVA-174_3/temp/testcases/com/google/common/collect/TopKSelectorTest.java:231: error: package org.mockito does not exist
        org.mockito.MockedStatic mockedStatic = null;
                   ^
/home/utbot_mocks/results_utbot-mocks_120/GUAVA-174_3/temp/testcases/com/google/common/collect/TopKSelectorTest.java:233: error: cannot find symbol
            mockedStatic = mockStatic(com.google.common.math.IntMath.class);
                           ^
  symbol:   method mockStatic(Class<IntMath>)
  location: class TopKSelectorTest
/home/utbot_mocks/results_utbot-mocks_120/GUAVA-174_3/temp/testcases/com/google/common/collect/TopKSelectorTest.java:235: error: cannot find symbol
                com.google.common.math.IntMath.log2(anyInt(), any());
                                                    ^
  symbol:   method anyInt()
  location: class TopKSelectorTest
/home/utbot_mocks/results_utbot-mocks_120/GUAVA-174_3/temp/testcases/com/google/common/collect/TopKSelectorTest.java:235: error: cannot find symbol
                com.google.common.math.IntMath.log2(anyInt(), any());
                                                              ^
  symbol:   method any()
  location: class TopKSelectorTest
/home/utbot_mocks/results_utbot-mocks_120/GUAVA-174_3/temp/testcases/com/google/common/collect/TopKSelectorTest.java:263: error: package org.mockito does not exist
        org.mockito.MockedStatic mockedStatic = null;
                   ^
/home/utbot_mocks/results_utbot-mocks_120/GUAVA-174_3/temp/testcases/com/google/common/collect/TopKSelectorTest.java:265: error: cannot find symbol
            mockedStatic = mockStatic(com.google.common.math.IntMath.class);
                           ^
  symbol:   method mockStatic(Class<IntMath>)
  location: class TopKSelectorTest
/home/utbot_mocks/results_utbot-mocks_120/GUAVA-174_3/temp/testcases/com/google/common/collect/TopKSelectorTest.java:267: error: cannot find symbol
                com.google.common.math.IntMath.log2(anyInt(), any());
                                                    ^
  symbol:   method anyInt()
  location: class TopKSelectorTest
/home/utbot_mocks/results_utbot-mocks_120/GUAVA-174_3/temp/testcases/com/google/common/collect/TopKSelectorTest.java:267: error: cannot find symbol
                com.google.common.math.IntMath.log2(anyInt(), any());
                                                              ^
  symbol:   method any()
  location: class TopKSelectorTest
/home/utbot_mocks/results_utbot-mocks_120/GUAVA-174_3/temp/testcases/com/google/common/collect/TopKSelectorTest.java:414: warning: ASCIICaseInsensitiveComparator is internal proprietary API and may be removed in a future release
        ASCIICaseInsensitiveComparator aSCIICaseInsensitiveComparator = ((ASCIICaseInsensitiveComparator) createInstance("sun.misc.ASCIICaseInsensitiveComparator"));
        ^
/home/utbot_mocks/results_utbot-mocks_120/GUAVA-174_3/temp/testcases/com/google/common/collect/TopKSelectorTest.java:414: warning: ASCIICaseInsensitiveComparator is internal proprietary API and may be removed in a future release
        ASCIICaseInsensitiveComparator aSCIICaseInsensitiveComparator = ((ASCIICaseInsensitiveComparator) createInstance("sun.misc.ASCIICaseInsensitiveComparator"));
                                                                          ^
/home/utbot_mocks/results_utbot-mocks_120/GUAVA-174_3/temp/testcases/com/google/common/collect/TopKSelectorTest.java:882: warning: ASCIICaseInsensitiveComparator is internal proprietary API and may be removed in a future release
        ASCIICaseInsensitiveComparator aSCIICaseInsensitiveComparator = ((ASCIICaseInsensitiveComparator) createInstance("sun.misc.ASCIICaseInsensitiveComparator"));
        ^
/home/utbot_mocks/results_utbot-mocks_120/GUAVA-174_3/temp/testcases/com/google/common/collect/TopKSelectorTest.java:882: warning: ASCIICaseInsensitiveComparator is internal proprietary API and may be removed in a future release
        ASCIICaseInsensitiveComparator aSCIICaseInsensitiveComparator = ((ASCIICaseInsensitiveComparator) createInstance("sun.misc.ASCIICaseInsensitiveComparator"));
                                                                          ^
/home/utbot_mocks/results_utbot-mocks_120/GUAVA-174_3/temp/testcases/com/google/common/collect/TopKSelectorTest.java:911: warning: ASCIICaseInsensitiveComparator is internal proprietary API and may be removed in a future release
        ASCIICaseInsensitiveComparator aSCIICaseInsensitiveComparator = ((ASCIICaseInsensitiveComparator) createInstance("sun.misc.ASCIICaseInsensitiveComparator"));
        ^
/home/utbot_mocks/results_utbot-mocks_120/GUAVA-174_3/temp/testcases/com/google/common/collect/TopKSelectorTest.java:911: warning: ASCIICaseInsensitiveComparator is internal proprietary API and may be removed in a future release
        ASCIICaseInsensitiveComparator aSCIICaseInsensitiveComparator = ((ASCIICaseInsensitiveComparator) createInstance("sun.misc.ASCIICaseInsensitiveComparator"));
                                                                          ^
/home/utbot_mocks/results_utbot-mocks_120/GUAVA-174_3/temp/testcases/com/google/common/collect/TopKSelectorTest.java:1128: error: package org.mockito does not exist
        org.mockito.MockedStatic mockedStatic = null;
                   ^
/home/utbot_mocks/results_utbot-mocks_120/GUAVA-174_3/temp/testcases/com/google/common/collect/TopKSelectorTest.java:1129: error: package org.mockito does not exist
        org.mockito.MockedStatic mockedStatic1 = null;
                   ^
/home/utbot_mocks/results_utbot-mocks_120/GUAVA-174_3/temp/testcases/com/google/common/collect/TopKSelectorTest.java:1131: error: cannot find symbol
            mockedStatic = mockStatic(Ordering.class);
                           ^
  symbol:   method mockStatic(Class<Ordering>)
  location: class TopKSelectorTest
/home/utbot_mocks/results_utbot-mocks_120/GUAVA-174_3/temp/testcases/com/google/common/collect/TopKSelectorTest.java:1132: error: cannot find symbol
            Ordering orderingMock = mock(Ordering.class);
                                    ^
  symbol:   method mock(Class<Ordering>)
  location: class TopKSelectorTest
/home/utbot_mocks/results_utbot-mocks_120/GUAVA-174_3/temp/testcases/com/google/common/collect/TopKSelectorTest.java:1134: error: cannot find symbol
            mockedStatic1 = mockStatic(com.google.common.base.Preconditions.class);
                            ^
  symbol:   method mockStatic(Class<Preconditions>)
  location: class TopKSelectorTest
/home/utbot_mocks/results_utbot-mocks_120/GUAVA-174_3/temp/testcases/com/google/common/collect/TopKSelectorTest.java:1137: error: cannot find symbol
                com.google.common.base.Preconditions.checkNotNull(any(), any());
                                                                  ^
  symbol:   method any()
  location: class TopKSelectorTest
/home/utbot_mocks/results_utbot-mocks_120/GUAVA-174_3/temp/testcases/com/google/common/collect/TopKSelectorTest.java:1137: error: cannot find symbol
                com.google.common.base.Preconditions.checkNotNull(any(), any());
                                                                         ^
  symbol:   method any()
  location: class TopKSelectorTest
/home/utbot_mocks/results_utbot-mocks_120/GUAVA-174_3/temp/testcases/com/google/common/collect/TopKSelectorTest.java:1163: error: package org.mockito does not exist
        org.mockito.MockedStatic mockedStatic = null;
                   ^
/home/utbot_mocks/results_utbot-mocks_120/GUAVA-174_3/temp/testcases/com/google/common/collect/TopKSelectorTest.java:1164: error: package org.mockito does not exist
        org.mockito.MockedStatic mockedStatic1 = null;
                   ^
/home/utbot_mocks/results_utbot-mocks_120/GUAVA-174_3/temp/testcases/com/google/common/collect/TopKSelectorTest.java:1166: error: cannot find symbol
            mockedStatic = mockStatic(Ordering.class);
                           ^
  symbol:   method mockStatic(Class<Ordering>)
  location: class TopKSelectorTest
/home/utbot_mocks/results_utbot-mocks_120/GUAVA-174_3/temp/testcases/com/google/common/collect/TopKSelectorTest.java:1168: error: cannot find symbol
            mockedStatic1 = mockStatic(com.google.common.base.Preconditions.class);
                            ^
  symbol:   method mockStatic(Class<Preconditions>)
  location: class TopKSelectorTest
/home/utbot_mocks/results_utbot-mocks_120/GUAVA-174_3/temp/testcases/com/google/common/collect/TopKSelectorTest.java:1171: error: cannot find symbol
                com.google.common.base.Preconditions.checkNotNull(any(), any());
                                                                  ^
  symbol:   method any()
  location: class TopKSelectorTest
/home/utbot_mocks/results_utbot-mocks_120/GUAVA-174_3/temp/testcases/com/google/common/collect/TopKSelectorTest.java:1171: error: cannot find symbol
                com.google.common.base.Preconditions.checkNotNull(any(), any());
                                                                         ^
  symbol:   method any()
  location: class TopKSelectorTest
/home/utbot_mocks/results_utbot-mocks_120/GUAVA-174_3/temp/testcases/com/google/common/collect/TopKSelectorTest.java:1186: error: package org.mockito does not exist
        org.mockito.MockedStatic mockedStatic = null;
                   ^
/home/utbot_mocks/results_utbot-mocks_120/GUAVA-174_3/temp/testcases/com/google/common/collect/TopKSelectorTest.java:1187: error: package org.mockito does not exist
        org.mockito.MockedStatic mockedStatic1 = null;
                   ^
/home/utbot_mocks/results_utbot-mocks_120/GUAVA-174_3/temp/testcases/com/google/common/collect/TopKSelectorTest.java:1189: error: cannot find symbol
            mockedStatic = mockStatic(Ordering.class);
                           ^
  symbol:   method mockStatic(Class<Ordering>)
  location: class TopKSelectorTest
/home/utbot_mocks/results_utbot-mocks_120/GUAVA-174_3/temp/testcases/com/google/common/collect/TopKSelectorTest.java:1191: error: cannot find symbol
            mockedStatic1 = mockStatic(com.google.common.base.Preconditions.class);
                            ^
  symbol:   method mockStatic(Class<Preconditions>)
  location: class TopKSelectorTest
/home/utbot_mocks/results_utbot-mocks_120/GUAVA-174_3/temp/testcases/com/google/common/collect/TopKSelectorTest.java:1194: error: cannot find symbol
                com.google.common.base.Preconditions.checkNotNull(any(), any());
                                                                  ^
  symbol:   method any()
  location: class TopKSelectorTest
/home/utbot_mocks/results_utbot-mocks_120/GUAVA-174_3/temp/testcases/com/google/common/collect/TopKSelectorTest.java:1194: error: cannot find symbol
                com.google.common.base.Preconditions.checkNotNull(any(), any());
                                                                         ^
  symbol:   method any()
  location: class TopKSelectorTest
/home/utbot_mocks/results_utbot-mocks_120/GUAVA-174_3/temp/testcases/com/google/common/collect/TopKSelectorTest.java:1217: error: package org.mockito does not exist
        org.mockito.MockedStatic mockedStatic = null;
                   ^
/home/utbot_mocks/results_utbot-mocks_120/GUAVA-174_3/temp/testcases/com/google/common/collect/TopKSelectorTest.java:1219: error: cannot find symbol
            mockedStatic = mockStatic(com.google.common.base.Preconditions.class);
                           ^
  symbol:   method mockStatic(Class<Preconditions>)
  location: class TopKSelectorTest
/home/utbot_mocks/results_utbot-mocks_120/GUAVA-174_3/temp/testcases/com/google/common/collect/TopKSelectorTest.java:1222: error: cannot find symbol
                com.google.common.base.Preconditions.checkNotNull(any(), any());
                                                                  ^
  symbol:   method any()
  location: class TopKSelectorTest
/home/utbot_mocks/results_utbot-mocks_120/GUAVA-174_3/temp/testcases/com/google/common/collect/TopKSelectorTest.java:1222: error: cannot find symbol
                com.google.common.base.Preconditions.checkNotNull(any(), any());
                                                                         ^
  symbol:   method any()
  location: class TopKSelectorTest
/home/utbot_mocks/results_utbot-mocks_120/GUAVA-174_3/temp/testcases/com/google/common/collect/TopKSelectorTest.java:1236: error: package org.mockito does not exist
        org.mockito.MockedStatic mockedStatic = null;
                   ^
/home/utbot_mocks/results_utbot-mocks_120/GUAVA-174_3/temp/testcases/com/google/common/collect/TopKSelectorTest.java:1238: error: cannot find symbol
            mockedStatic = mockStatic(com.google.common.base.Preconditions.class);
                           ^
  symbol:   method mockStatic(Class<Preconditions>)
  location: class TopKSelectorTest
/home/utbot_mocks/results_utbot-mocks_120/GUAVA-174_3/temp/testcases/com/google/common/collect/TopKSelectorTest.java:1242: error: cannot find symbol
                com.google.common.base.Preconditions.checkNotNull(any(), any());
                                                                  ^
  symbol:   method any()
  location: class TopKSelectorTest
/home/utbot_mocks/results_utbot-mocks_120/GUAVA-174_3/temp/testcases/com/google/common/collect/TopKSelectorTest.java:1242: error: cannot find symbol
                com.google.common.base.Preconditions.checkNotNull(any(), any());
                                                                         ^
  symbol:   method any()
  location: class TopKSelectorTest
/home/utbot_mocks/results_utbot-mocks_120/GUAVA-174_3/temp/testcases/com/google/common/collect/TopKSelectorTest.java:1278: error: package org.mockito does not exist
        org.mockito.MockedStatic mockedStatic = null;
                   ^
/home/utbot_mocks/results_utbot-mocks_120/GUAVA-174_3/temp/testcases/com/google/common/collect/TopKSelectorTest.java:1280: error: cannot find symbol
            mockedStatic = mockStatic(com.google.common.base.Preconditions.class);
                           ^
  symbol:   method mockStatic(Class<Preconditions>)
  location: class TopKSelectorTest
/home/utbot_mocks/results_utbot-mocks_120/GUAVA-174_3/temp/testcases/com/google/common/collect/TopKSelectorTest.java:1284: error: cannot find symbol
                com.google.common.base.Preconditions.checkNotNull(any(), any());
                                                                  ^
  symbol:   method any()
  location: class TopKSelectorTest
/home/utbot_mocks/results_utbot-mocks_120/GUAVA-174_3/temp/testcases/com/google/common/collect/TopKSelectorTest.java:1284: error: cannot find symbol
                com.google.common.base.Preconditions.checkNotNull(any(), any());
                                                                         ^
  symbol:   method any()
  location: class TopKSelectorTest
/home/utbot_mocks/results_utbot-mocks_120/GUAVA-174_3/temp/testcases/com/google/common/collect/TopKSelectorTest.java:1298: error: package org.mockito does not exist
        org.mockito.MockedStatic mockedStatic = null;
                   ^
/home/utbot_mocks/results_utbot-mocks_120/GUAVA-174_3/temp/testcases/com/google/common/collect/TopKSelectorTest.java:1300: error: cannot find symbol
            mockedStatic = mockStatic(com.google.common.base.Preconditions.class);
                           ^
  symbol:   method mockStatic(Class<Preconditions>)
  location: class TopKSelectorTest
/home/utbot_mocks/results_utbot-mocks_120/GUAVA-174_3/temp/testcases/com/google/common/collect/TopKSelectorTest.java:1304: error: cannot find symbol
                com.google.common.base.Preconditions.checkNotNull(any(), any());
                                                                  ^
  symbol:   method any()
  location: class TopKSelectorTest
/home/utbot_mocks/results_utbot-mocks_120/GUAVA-174_3/temp/testcases/com/google/common/collect/TopKSelectorTest.java:1304: error: cannot find symbol
                com.google.common.base.Preconditions.checkNotNull(any(), any());
                                                                         ^
  symbol:   method any()
  location: class TopKSelectorTest
/home/utbot_mocks/results_utbot-mocks_120/GUAVA-174_3/temp/testcases/com/google/common/collect/TopKSelectorTest.java:1326: error: package org.mockito does not exist
        org.mockito.MockedStatic mockedStatic = null;
                   ^
/home/utbot_mocks/results_utbot-mocks_120/GUAVA-174_3/temp/testcases/com/google/common/collect/TopKSelectorTest.java:1328: error: cannot find symbol
            mockedStatic = mockStatic(Ordering.class);
                           ^
  symbol:   method mockStatic(Class<Ordering>)
  location: class TopKSelectorTest
/home/utbot_mocks/results_utbot-mocks_120/GUAVA-174_3/temp/testcases/com/google/common/collect/TopKSelectorTest.java:1330: error: package org.mockito does not exist
                Ordering.from(org.mockito.ArgumentMatchers.any(java.util.Comparator.class));
                                         ^
/home/utbot_mocks/results_utbot-mocks_120/GUAVA-174_3/temp/testcases/com/google/common/collect/TopKSelectorTest.java:1357: error: package org.mockito does not exist
        org.mockito.MockedStatic mockedStatic = null;
                   ^
/home/utbot_mocks/results_utbot-mocks_120/GUAVA-174_3/temp/testcases/com/google/common/collect/TopKSelectorTest.java:1358: error: package org.mockito does not exist
        org.mockito.MockedStatic mockedStatic1 = null;
                   ^
/home/utbot_mocks/results_utbot-mocks_120/GUAVA-174_3/temp/testcases/com/google/common/collect/TopKSelectorTest.java:1360: error: cannot find symbol
            mockedStatic = mockStatic(Ordering.class);
                           ^
  symbol:   method mockStatic(Class<Ordering>)
  location: class TopKSelectorTest
/home/utbot_mocks/results_utbot-mocks_120/GUAVA-174_3/temp/testcases/com/google/common/collect/TopKSelectorTest.java:1361: error: cannot find symbol
            Ordering orderingMock = mock(Ordering.class);
                                    ^
  symbol:   method mock(Class<Ordering>)
  location: class TopKSelectorTest
/home/utbot_mocks/results_utbot-mocks_120/GUAVA-174_3/temp/testcases/com/google/common/collect/TopKSelectorTest.java:1362: error: cannot find symbol
            Ordering orderingMock1 = mock(Ordering.class);
                                     ^
  symbol:   method mock(Class<Ordering>)
  location: class TopKSelectorTest
/home/utbot_mocks/results_utbot-mocks_120/GUAVA-174_3/temp/testcases/com/google/common/collect/TopKSelectorTest.java:1363: error: cannot find symbol
            when(orderingMock.reverse()).thenReturn(orderingMock1);
            ^
  symbol:   method when(Ordering)
  location: class TopKSelectorTest
/home/utbot_mocks/results_utbot-mocks_120/GUAVA-174_3/temp/testcases/com/google/common/collect/TopKSelectorTest.java:1365: error: package org.mockito does not exist
                Ordering.from(org.mockito.ArgumentMatchers.any(java.util.Comparator.class));
                                         ^
/home/utbot_mocks/results_utbot-mocks_120/GUAVA-174_3/temp/testcases/com/google/common/collect/TopKSelectorTest.java:1367: error: cannot find symbol
            mockedStatic1 = mockStatic(com.google.common.base.Preconditions.class);
                            ^
  symbol:   method mockStatic(Class<Preconditions>)
  location: class TopKSelectorTest
/home/utbot_mocks/results_utbot-mocks_120/GUAVA-174_3/temp/testcases/com/google/common/collect/TopKSelectorTest.java:1371: error: cannot find symbol
                com.google.common.base.Preconditions.checkNotNull(any(), any());
                                                                  ^
  symbol:   method any()
  location: class TopKSelectorTest
/home/utbot_mocks/results_utbot-mocks_120/GUAVA-174_3/temp/testcases/com/google/common/collect/TopKSelectorTest.java:1371: error: cannot find symbol
                com.google.common.base.Preconditions.checkNotNull(any(), any());
                                                                         ^
  symbol:   method any()
  location: class TopKSelectorTest
/home/utbot_mocks/results_utbot-mocks_120/GUAVA-174_3/temp/testcases/com/google/common/collect/TopKSelectorTest.java:1407: error: package org.mockito does not exist
        org.mockito.MockedStatic mockedStatic = null;
                   ^
/home/utbot_mocks/results_utbot-mocks_120/GUAVA-174_3/temp/testcases/com/google/common/collect/TopKSelectorTest.java:1408: error: package org.mockito does not exist
        org.mockito.MockedStatic mockedStatic1 = null;
                   ^
/home/utbot_mocks/results_utbot-mocks_120/GUAVA-174_3/temp/testcases/com/google/common/collect/TopKSelectorTest.java:1410: error: cannot find symbol
            mockedStatic = mockStatic(Ordering.class);
                           ^
  symbol:   method mockStatic(Class<Ordering>)
  location: class TopKSelectorTest
/home/utbot_mocks/results_utbot-mocks_120/GUAVA-174_3/temp/testcases/com/google/common/collect/TopKSelectorTest.java:1411: error: cannot find symbol
            Ordering orderingMock = mock(Ordering.class);
                                    ^
  symbol:   method mock(Class<Ordering>)
  location: class TopKSelectorTest
/home/utbot_mocks/results_utbot-mocks_120/GUAVA-174_3/temp/testcases/com/google/common/collect/TopKSelectorTest.java:1412: error: cannot find symbol
            when(orderingMock.reverse()).thenReturn(((Ordering) null));
            ^
  symbol:   method when(Ordering)
  location: class TopKSelectorTest
/home/utbot_mocks/results_utbot-mocks_120/GUAVA-174_3/temp/testcases/com/google/common/collect/TopKSelectorTest.java:1414: error: package org.mockito does not exist
                Ordering.from(org.mockito.ArgumentMatchers.any(java.util.Comparator.class));
                                         ^
/home/utbot_mocks/results_utbot-mocks_120/GUAVA-174_3/temp/testcases/com/google/common/collect/TopKSelectorTest.java:1416: error: cannot find symbol
            mockedStatic1 = mockStatic(com.google.common.base.Preconditions.class);
                            ^
  symbol:   method mockStatic(Class<Preconditions>)
  location: class TopKSelectorTest
/home/utbot_mocks/results_utbot-mocks_120/GUAVA-174_3/temp/testcases/com/google/common/collect/TopKSelectorTest.java:1420: error: cannot find symbol
                com.google.common.base.Preconditions.checkNotNull(any(), any());
                                                                  ^
  symbol:   method any()
  location: class TopKSelectorTest
/home/utbot_mocks/results_utbot-mocks_120/GUAVA-174_3/temp/testcases/com/google/common/collect/TopKSelectorTest.java:1420: error: cannot find symbol
                com.google.common.base.Preconditions.checkNotNull(any(), any());
                                                                         ^
  symbol:   method any()
  location: class TopKSelectorTest
/home/utbot_mocks/results_utbot-mocks_120/GUAVA-174_3/temp/testcases/com/google/common/collect/TopKSelectorTest.java:1448: error: package org.mockito does not exist
        org.mockito.MockedStatic mockedStatic = null;
                   ^
/home/utbot_mocks/results_utbot-mocks_120/GUAVA-174_3/temp/testcases/com/google/common/collect/TopKSelectorTest.java:1449: error: package org.mockito does not exist
        org.mockito.MockedStatic mockedStatic1 = null;
                   ^
/home/utbot_mocks/results_utbot-mocks_120/GUAVA-174_3/temp/testcases/com/google/common/collect/TopKSelectorTest.java:1451: error: cannot find symbol
            mockedStatic = mockStatic(Ordering.class);
                           ^
  symbol:   method mockStatic(Class<Ordering>)
  location: class TopKSelectorTest
/home/utbot_mocks/results_utbot-mocks_120/GUAVA-174_3/temp/testcases/com/google/common/collect/TopKSelectorTest.java:1452: error: cannot find symbol
            Ordering orderingMock = mock(Ordering.class);
                                    ^
  symbol:   method mock(Class<Ordering>)
  location: class TopKSelectorTest
/home/utbot_mocks/results_utbot-mocks_120/GUAVA-174_3/temp/testcases/com/google/common/collect/TopKSelectorTest.java:1453: error: cannot find symbol
            when(orderingMock.reverse()).thenReturn(((Ordering) null));
            ^
  symbol:   method when(Ordering)
  location: class TopKSelectorTest
/home/utbot_mocks/results_utbot-mocks_120/GUAVA-174_3/temp/testcases/com/google/common/collect/TopKSelectorTest.java:1455: error: package org.mockito does not exist
                Ordering.from(org.mockito.ArgumentMatchers.any(java.util.Comparator.class));
                                         ^
/home/utbot_mocks/results_utbot-mocks_120/GUAVA-174_3/temp/testcases/com/google/common/collect/TopKSelectorTest.java:1457: error: cannot find symbol
            mockedStatic1 = mockStatic(com.google.common.base.Preconditions.class);
                            ^
  symbol:   method mockStatic(Class<Preconditions>)
  location: class TopKSelectorTest
/home/utbot_mocks/results_utbot-mocks_120/GUAVA-174_3/temp/testcases/com/google/common/collect/TopKSelectorTest.java:1460: error: cannot find symbol
                com.google.common.base.Preconditions.checkNotNull(any(), any());
                                                                  ^
  symbol:   method any()
  location: class TopKSelectorTest
/home/utbot_mocks/results_utbot-mocks_120/GUAVA-174_3/temp/testcases/com/google/common/collect/TopKSelectorTest.java:1460: error: cannot find symbol
                com.google.common.base.Preconditions.checkNotNull(any(), any());
                                                                         ^
  symbol:   method any()
  location: class TopKSelectorTest
/home/utbot_mocks/results_utbot-mocks_120/GUAVA-174_3/temp/testcases/com/google/common/collect/TopKSelectorTest.java:1520: error: package org.mockito does not exist
        org.mockito.MockedStatic mockedStatic = null;
                   ^
/home/utbot_mocks/results_utbot-mocks_120/GUAVA-174_3/temp/testcases/com/google/common/collect/TopKSelectorTest.java:1521: error: package org.mockito does not exist
        org.mockito.MockedStatic mockedStatic1 = null;
                   ^
/home/utbot_mocks/results_utbot-mocks_120/GUAVA-174_3/temp/testcases/com/google/common/collect/TopKSelectorTest.java:1523: error: cannot find symbol
            mockedStatic = mockStatic(Ordering.class);
                           ^
  symbol:   method mockStatic(Class<Ordering>)
  location: class TopKSelectorTest
/home/utbot_mocks/results_utbot-mocks_120/GUAVA-174_3/temp/testcases/com/google/common/collect/TopKSelectorTest.java:1525: error: cannot find symbol
            Ordering orderingMock = mock(Ordering.class);
                                    ^
  symbol:   method mock(Class<Ordering>)
  location: class TopKSelectorTest
/home/utbot_mocks/results_utbot-mocks_120/GUAVA-174_3/temp/testcases/com/google/common/collect/TopKSelectorTest.java:1526: error: cannot find symbol
            when(orderingMock.reverse()).thenReturn(((Ordering) null));
            ^
  symbol:   method when(Ordering)
  location: class TopKSelectorTest
/home/utbot_mocks/results_utbot-mocks_120/GUAVA-174_3/temp/testcases/com/google/common/collect/TopKSelectorTest.java:1528: error: package org.mockito does not exist
                Ordering.from(org.mockito.ArgumentMatchers.any(java.util.Comparator.class));
                                         ^
/home/utbot_mocks/results_utbot-mocks_120/GUAVA-174_3/temp/testcases/com/google/common/collect/TopKSelectorTest.java:1530: error: cannot find symbol
            mockedStatic1 = mockStatic(com.google.common.base.Preconditions.class);
                            ^
  symbol:   method mockStatic(Class<Preconditions>)
  location: class TopKSelectorTest
/home/utbot_mocks/results_utbot-mocks_120/GUAVA-174_3/temp/testcases/com/google/common/collect/TopKSelectorTest.java:1533: error: cannot find symbol
                com.google.common.base.Preconditions.checkNotNull(any(), any());
                                                                  ^
  symbol:   method any()
  location: class TopKSelectorTest
/home/utbot_mocks/results_utbot-mocks_120/GUAVA-174_3/temp/testcases/com/google/common/collect/TopKSelectorTest.java:1905: warning: Unsafe is internal proprietary API and may be removed in a future release
    private static sun.misc.Unsafe getUnsafeInstance() throws Exception {
                           ^
/home/utbot_mocks/results_utbot-mocks_120/GUAVA-174_3/temp/testcases/com/google/common/collect/TopKSelectorTest.java:1906: warning: Unsafe is internal proprietary API and may be removed in a future release
        java.lang.reflect.Field f = sun.misc.Unsafe.class.getDeclaredField("theUnsafe");
                                            ^
/home/utbot_mocks/results_utbot-mocks_120/GUAVA-174_3/temp/testcases/com/google/common/collect/TopKSelectorTest.java:1908: warning: Unsafe is internal proprietary API and may be removed in a future release
        return (sun.misc.Unsafe) f.get(null);
                        ^
Note: /home/utbot_mocks/results_utbot-mocks_120/GUAVA-174_3/temp/testcases/com/google/common/collect/TopKSelectorTest.java uses unchecked or unsafe operations.
Note: Recompile with -Xlint:unchecked for details.
100 errors
17 warnings
Failed to compile 'com/google/common/collect/TopKSelectorTest.java'!
shaded.org.apache.commons.exec.ExecuteException: Process exited with an error: 1 (Exit value: 1)
	at shaded.org.apache.commons.exec.DefaultExecutor.executeInternal(DefaultExecutor.java:377)
	at shaded.org.apache.commons.exec.DefaultExecutor.execute(DefaultExecutor.java:160)
	at shaded.org.apache.commons.exec.DefaultExecutor.execute(DefaultExecutor.java:147)
	at sbst.benchmark.TestSuite.compile(TestSuite.java:250)
	at sbst.benchmark.TestSuite.<init>(TestSuite.java:68)
	at sbst.benchmark.TranscriptWriter.endClass(TranscriptWriter.java:136)
	at sbst.benchmark.RunTool.execute(RunTool.java:141)
	at sbst.benchmark.RunTool.run(RunTool.java:62)
	at sbst.benchmark.Main.main(Main.java:160)

---Timing Information---
Running tests with the following classpath: 
/var/benchmarks/projects/guava/guava/target/guava-26.0-jre.jar:/var/benchmarks/projects/./guava/guava/target/dependency/checker-qual-2.5.2.jar:/var/benchmarks/projects/guava/guava/target/dependency/error_prone_annotations-2.1.3.jar:/var/benchmarks/projects/guava/guava/target/dependency/j2objc-annotations-1.1.jar:/var/benchmarks/projects/guava/guava/target/dependency/jsr305-3.0.2.jar:/var/benchmarks/projects/guava/guava/target/dependency/animal-sniffer-annotations-1.14.jar:/usr/local/bin/lib/junit.jar:/usr/local/bin/lib/hamcrest-core.jar:/home/utbot_mocks/results_utbot-mocks_120/GUAVA-174_3/temp/testcases/bin
Running the tests: [SBSTDummyForCoverageAndMutationCalculation]
Executions terminated

---The tests are re-executed other four times to find the flaky ones---
Running the tests: [SBSTDummyForCoverageAndMutationCalculation]
Executions terminated
Running the tests: [SBSTDummyForCoverageAndMutationCalculation]
Executions terminated
Running the tests: [SBSTDummyForCoverageAndMutationCalculation]
Executions terminated
Running the tests: [SBSTDummyForCoverageAndMutationCalculation]
Executions terminated

=== Run Jacoco for Coverage ===
Number of instrumented file = 2323
Running tests with the following classpath: 
/home/utbot_mocks/results_utbot-mocks_120/GUAVA-174_3/temp/testcases/guava-26.0-jre_instrumented.jar:/home/utbot_mocks/results_utbot-mocks_120/GUAVA-174_3/temp/testcases/checker-qual-2.5.2_instrumented.jar:/home/utbot_mocks/results_utbot-mocks_120/GUAVA-174_3/temp/testcases/error_prone_annotations-2.1.3_instrumented.jar:/home/utbot_mocks/results_utbot-mocks_120/GUAVA-174_3/temp/testcases/j2objc-annotations-1.1_instrumented.jar:/home/utbot_mocks/results_utbot-mocks_120/GUAVA-174_3/temp/testcases/jsr305-3.0.2_instrumented.jar:/home/utbot_mocks/results_utbot-mocks_120/GUAVA-174_3/temp/testcases/animal-sniffer-annotations-1.14_instrumented.jar:/usr/local/bin/lib/hamcrest-core.jar:/usr/local/bin/lib/junit.jar:/home/utbot_mocks/results_utbot-mocks_120/GUAVA-174_3/temp/testcases/bin
Running the tests: [SBSTDummyForCoverageAndMutationCalculation]
Executions terminated
Number of file with coverage information = 1951
Extracted coverage data for the class com/google/common/collect/TopKSelector
Number of file with coverage information = 302
Number of file with coverage information = 22
Number of file with coverage information = 12
Number of file with coverage information = 35
Number of file with coverage information = 1

=== Run PIT ===
Matching Jacoco with PIT: find covered mutations
Executing Mutation Analysis using 68 mutants 

>>> RESULTS:
	Tool name: utbot-mocks
	Benchmark: GUAVA-174
	Class Under Test: com.google.common.collect.TopKSelector
	Run number: 3
	Tool preparation time (ms): 13032
	Tool test cases generation time (ms): 70315
	Test cases execution time (ms): 14
	Test case number: 68
	Uncompilable Test Classes: 1
	Broken tests number: 0
	Failing tests number: 0
	Lines total: 79
	Lines covered: 0
	Lines coverage ratio (%): 0.0
	Conditions total: 36
	Conditions covered: 0
	Conditions coverage ratio (%): 0.0
	Mutants total: 68
	Mutants covered: 0
	Mutants coverage ratio (%): 0.0
	Mutants killed: 0
	Mutants killed ratio (%): 0.0
	Mutants alive: 68


Class com.google.common.collect.TopKSelector ended.
Stopping process...
Tool subprocess is an instance of java.lang.UNIXProcess
Tool subprocess Id is 18402
Killing master process 18402
Executing command kill -9 18402
Execution of command kill -9 18402 finished.
Process was destroyed
