Started UtBot Contest, classfileDir = /var/benchmarks/projects/seata/core/target/classes, classpathString=/var/benchmarks/projects/seata/core/target/classes:/var/benchmarks/projects/seata/core/target/seata-core-0.5.0.jar:/var/benchmarks/projects/./seata/core/target/dependency/mockito-core-2.23.4.jar:/var/benchmarks/projects/seata/core/target/dependency/byte-buddy-agent-1.9.3.jar:/var/benchmarks/projects/seata/core/target/dependency/assertj-core-2.6.0.jar:/var/benchmarks/projects/seata/core/target/dependency/seata-common-0.5.0.jar:/var/benchmarks/projects/seata/core/target/dependency/byte-buddy-1.9.3.jar:/var/benchmarks/projects/seata/core/target/dependency/objenesis-2.6.jar:/var/benchmarks/projects/seata/core/target/dependency/seata-discovery-core-0.5.0.jar:/var/benchmarks/projects/seata/core/target/dependency/commons-pool2-2.4.2.jar:/var/benchmarks/projects/seata/core/target/dependency/junit-4.12.jar:/var/benchmarks/projects/seata/core/target/dependency/hamcrest-core-1.3.jar:/var/benchmarks/projects/seata/core/target/dependency/slf4j-api-1.7.22.jar:/var/benchmarks/projects/seata/core/target/dependency/seata-config-core-0.5.0.jar:/var/benchmarks/projects/seata/core/target/dependency/netty-all-4.1.24.Final.jar:/var/benchmarks/projects/seata/core/target/dependency/commons-lang-2.6.jar:/var/benchmarks/projects/seata/core/target/dependency/fastjson-1.2.48.jar:/var/benchmarks/projects/seata/core/target/dependency/config-1.2.1.jar:/var/benchmarks/projects/seata/core/target/dependency/commons-pool-1.6.jar, outputDir=/home/utbot_mocks/temp/testcases, mocks=Other classes: Mockito
21:59:54.872 | INFO  | Started: warmup: kotlin reflection :: init
21:59:54.978 | INFO  | Finished (in 0.106 sec): warmup: kotlin reflection :: init 
[INIT]
>> [RUN] io.seata.core.store.StoreMode 120
21:59:54.994 | DEBUG | -----------------------------------------------------------------------------
21:59:54.995 | INFO  | Contest.runGeneration: Time budget: 120000 ms, Generation timeout=102000 ms, classpath=/var/benchmarks/projects/seata/core/target/classes:/var/benchmarks/projects/seata/core/target/seata-core-0.5.0.jar:/var/benchmarks/projects/./seata/core/target/dependency/mockito-core-2.23.4.jar:/var/benchmarks/projects/seata/core/target/dependency/byte-buddy-agent-1.9.3.jar:/var/benchmarks/projects/seata/core/target/dependency/assertj-core-2.6.0.jar:/var/benchmarks/projects/seata/core/target/dependency/seata-common-0.5.0.jar:/var/benchmarks/projects/seata/core/target/dependency/byte-buddy-1.9.3.jar:/var/benchmarks/projects/seata/core/target/dependency/objenesis-2.6.jar:/var/benchmarks/projects/seata/core/target/dependency/seata-discovery-core-0.5.0.jar:/var/benchmarks/projects/seata/core/target/dependency/commons-pool2-2.4.2.jar:/var/benchmarks/projects/seata/core/target/dependency/junit-4.12.jar:/var/benchmarks/projects/seata/core/target/dependency/hamcrest-core-1.3.jar:/var/benchmarks/projects/seata/core/target/dependency/slf4j-api-1.7.22.jar:/var/benchmarks/projects/seata/core/target/dependency/seata-config-core-0.5.0.jar:/var/benchmarks/projects/seata/core/target/dependency/netty-all-4.1.24.Final.jar:/var/benchmarks/projects/seata/core/target/dependency/commons-lang-2.6.jar:/var/benchmarks/projects/seata/core/target/dependency/fastjson-1.2.48.jar:/var/benchmarks/projects/seata/core/target/dependency/config-1.2.1.jar:/var/benchmarks/projects/seata/core/target/dependency/commons-pool-1.6.jar, methodNameFilter=null
21:59:54.997 | INFO  | ClassUnderTest[ FQN: io.seata.core.store.StoreMode
    classfileDir: /var/benchmarks/projects/seata/core/target/classes
    testClassSimpleName: StoreModeTest
    generatedTestFile: /home/utbot_mocks/temp/testcases/io/seata/core/store/StoreModeTest.java
    generatedTestsSourcesDir: /home/utbot_mocks/temp/testcases
]
21:59:55.032 | INFO  | Started: class io.seata.core.store.StoreMode
21:59:55.033 | INFO  | Started: preparation class class io.seata.core.store.StoreMode: kotlin reflection :: run
21:59:55.137 | INFO  | Finished (in 0.103 sec): preparation class class io.seata.core.store.StoreMode: kotlin reflection :: run 
21:59:55.138 | INFO  | Started: 2nd optional soot initialization
21:59:55.139 | INFO  | Finished (in 0.001 sec): 2nd optional soot initialization 
21:59:55.150 | DEBUG |  ... 
21:59:55.167 | INFO  | Started: method io.seata.core.store.StoreMode.valueof(String)
21:59:55.168 | INFO  |  -- Remaining time budget: 101843 ms, #remaining_methods: 4, budget for method: 25460 ms, solver timeout: 1000 ms, budget for symbolic execution: 24260 ms, budget for concrete execution: 1200 ms,  -- 
21:59:55.493 | DEBUG | --new testCase collected, to generate: testIo.seata.core.store.StoreMode.valueof(String)1
21:59:58.699 | DEBUG | --new testCase collected, to generate: testIo.seata.core.store.StoreMode.valueof(String)2
22:00:01.900 | DEBUG | --new testCase collected, to generate: testIo.seata.core.store.StoreMode.valueof(String)3
22:00:01.929 | INFO  | Finished (in 6.761 sec): method io.seata.core.store.StoreMode.valueof(String) 
<StatsForMethod> :
	#generatedTC=3
	WITH NO EXCEPTIONS
22:00:02.620 | DEBUG |  ... 
22:00:02.621 | INFO  | Started: method io.seata.core.store.StoreMode.valueOf(String)
22:00:02.621 | INFO  |  -- Remaining time budget: 94375 ms, #remaining_methods: 3, budget for method: 31458 ms, solver timeout: 1000 ms, budget for symbolic execution: 30258 ms, budget for concrete execution: 1200 ms,  -- 
22:00:02.634 | DEBUG | --new testCase collected, to generate: testIo.seata.core.store.StoreMode.valueOf(String)1
22:00:04.591 | DEBUG | --new testCase collected, to generate: testIo.seata.core.store.StoreMode.valueOf(String)2
22:00:09.276 | DEBUG | --new testCase collected, to generate: testIo.seata.core.store.StoreMode.valueOf(String)3
22:00:11.121 | DEBUG | --new testCase collected, to generate: testIo.seata.core.store.StoreMode.valueOf(String)4
22:00:30.436 | DEBUG | --new testCase collected, to generate: testIo.seata.core.store.StoreMode.valueOf(String)5
22:00:31.978 | DEBUG | --new testCase collected, to generate: testIo.seata.core.store.StoreMode.valueOf(String)6
22:00:32.880 | INFO  | |> Starting concrete execution for remaining state: io.seata.core.store.StoreMode.valueOf(String)
22:00:34.082 | INFO  | (X) Cancelling concrete execution: io.seata.core.store.StoreMode.valueOf(String)
22:00:34.710 | INFO  | Finished (in 32.080 sec): method io.seata.core.store.StoreMode.valueOf(String) 
<StatsForMethod> :
	#generatedTC=6
	WITH NO EXCEPTIONS
22:00:34.719 | DEBUG |  ... 
22:00:34.720 | INFO  | Started: method io.seata.core.store.StoreMode.values()
22:00:34.720 | INFO  |  -- Remaining time budget: 62277 ms, #remaining_methods: 2, budget for method: 31138 ms, solver timeout: 1000 ms, budget for symbolic execution: 29938 ms, budget for concrete execution: 1200 ms,  -- 
22:00:34.730 | DEBUG | --new testCase collected, to generate: testIo.seata.core.store.StoreMode.values()1
22:00:34.934 | DEBUG | --new testCase collected, to generate: testIo.seata.core.store.StoreMode.values()2
22:00:34.935 | INFO  | Finished (in 0.215 sec): method io.seata.core.store.StoreMode.values() 
<StatsForMethod> :
	#generatedTC=2
	WITH NO EXCEPTIONS
22:00:34.957 | DEBUG |  ... 
22:00:34.957 | INFO  | Started: method io.seata.core.store.StoreMode.<init>()
22:00:34.958 | INFO  |  -- Remaining time budget: 62039 ms, #remaining_methods: 1, budget for method: 62039 ms, solver timeout: 1000 ms, budget for symbolic execution: 60839 ms, budget for concrete execution: 1200 ms,  -- 
22:00:34.970 | ERROR | Symbolic execution FAILED
com.huawei.utbot.instrumentation.util.ChildProcessError: Error in the child process |> java.lang.IllegalArgumentException: Cannot reflectively create enum objects
	at java.lang.reflect.Constructor.newInstance(Constructor.java:417)
	at com.huawei.utbot.instrumentation.instrumentation.InvokeInstrumentation$invoke$$inlined$run$lambda$2.invoke(InvokeInstrumentation.kt:70)
	at com.huawei.utbot.common.ThreadBasedExecutor$invokeWithTimeout$1.invoke(ThreadUtil.kt:43)
	at com.huawei.utbot.common.ThreadBasedExecutor$invokeWithTimeout$1.invoke(ThreadUtil.kt:22)
	at kotlin.concurrent.ThreadsKt$thread$thread$1.run(Thread.kt:30)

	at com.huawei.utbot.instrumentation.ConcreteExecutor.executeAsync(ConcreteExecutor.kt:391) ~[utbot-junit-contest-1.0.jar:?]
	at com.huawei.utbot.instrumentation.ConcreteExecutor$executeAsync$1.invokeSuspend(ConcreteExecutor.kt) ~[utbot-junit-contest-1.0.jar:?]
	at kotlin.coroutines.jvm.internal.BaseContinuationImpl.resumeWith(ContinuationImpl.kt:33) [utbot-junit-contest-1.0.jar:?]
	at kotlinx.coroutines.DispatchedTask.run(DispatchedTask.kt:106) [utbot-junit-contest-1.0.jar:?]
	at java.util.concurrent.Executors$RunnableAdapter.call(Executors.java:511) [?:1.8.0_312]
	at java.util.concurrent.FutureTask.run(FutureTask.java:266) [?:1.8.0_312]
	at java.util.concurrent.ScheduledThreadPoolExecutor$ScheduledFutureTask.access$201(ScheduledThreadPoolExecutor.java:180) [?:1.8.0_312]
	at java.util.concurrent.ScheduledThreadPoolExecutor$ScheduledFutureTask.run(ScheduledThreadPoolExecutor.java:293) [?:1.8.0_312]
	at java.util.concurrent.ThreadPoolExecutor.runWorker(ThreadPoolExecutor.java:1149) [?:1.8.0_312]
	at java.util.concurrent.ThreadPoolExecutor$Worker.run(ThreadPoolExecutor.java:624) [?:1.8.0_312]
	at java.lang.Thread.run(Thread.java:748) [?:1.8.0_312]
22:00:35.036 | DEBUG | --new testCase collected, to generate: testIo.seata.core.store.StoreMode.<init>()1
22:00:35.037 | INFO  | Finished (in 0.079 sec): method io.seata.core.store.StoreMode.<init>() 
<StatsForMethod> :
	#generatedTC=1
	FAILED 1 time(s) with 1 different exception(s)"
22:00:35.046 | INFO  | Started: Flushing tests for [StoreMode] on disk
22:00:35.187 | INFO  | File size for StoreModeTest: 9 KB
22:00:35.189 | INFO  | Finished (in 0.143 sec): Flushing tests for [StoreMode] on disk 
22:00:35.190 | INFO  | Finished (in 40.157 sec): class io.seata.core.store.StoreMode 
<StatsForClass> :
	canceled by timeout = false
	#methods = 4, 
	#methods started symbolic exploration = 4
	#methods with at least one TC = 4
	#methods with exceptions = 1
	#generated TC = 12
	#coverage = null
[READY]
