Started UtBot Contest, classfileDir = /var/benchmarks/projects/seata/core/target/classes, classpathString=/var/benchmarks/projects/seata/core/target/classes:/var/benchmarks/projects/seata/core/target/seata-core-0.5.0.jar:/var/benchmarks/projects/./seata/core/target/dependency/mockito-core-2.23.4.jar:/var/benchmarks/projects/seata/core/target/dependency/byte-buddy-agent-1.9.3.jar:/var/benchmarks/projects/seata/core/target/dependency/assertj-core-2.6.0.jar:/var/benchmarks/projects/seata/core/target/dependency/seata-common-0.5.0.jar:/var/benchmarks/projects/seata/core/target/dependency/byte-buddy-1.9.3.jar:/var/benchmarks/projects/seata/core/target/dependency/objenesis-2.6.jar:/var/benchmarks/projects/seata/core/target/dependency/seata-discovery-core-0.5.0.jar:/var/benchmarks/projects/seata/core/target/dependency/commons-pool2-2.4.2.jar:/var/benchmarks/projects/seata/core/target/dependency/junit-4.12.jar:/var/benchmarks/projects/seata/core/target/dependency/hamcrest-core-1.3.jar:/var/benchmarks/projects/seata/core/target/dependency/slf4j-api-1.7.22.jar:/var/benchmarks/projects/seata/core/target/dependency/seata-config-core-0.5.0.jar:/var/benchmarks/projects/seata/core/target/dependency/netty-all-4.1.24.Final.jar:/var/benchmarks/projects/seata/core/target/dependency/commons-lang-2.6.jar:/var/benchmarks/projects/seata/core/target/dependency/fastjson-1.2.48.jar:/var/benchmarks/projects/seata/core/target/dependency/config-1.2.1.jar:/var/benchmarks/projects/seata/core/target/dependency/commons-pool-1.6.jar, outputDir=/home/utbot_mocks/temp/testcases, mocks=Other classes: Mockito
22:58:28.524 | INFO  | Started: warmup: kotlin reflection :: init
22:58:28.608 | INFO  | Finished (in 0.084 sec): warmup: kotlin reflection :: init 
[INIT]
>> [RUN] io.seata.core.protocol.MergedWarpMessage 120
22:58:28.620 | DEBUG | -----------------------------------------------------------------------------
22:58:28.620 | INFO  | Contest.runGeneration: Time budget: 120000 ms, Generation timeout=102000 ms, classpath=/var/benchmarks/projects/seata/core/target/classes:/var/benchmarks/projects/seata/core/target/seata-core-0.5.0.jar:/var/benchmarks/projects/./seata/core/target/dependency/mockito-core-2.23.4.jar:/var/benchmarks/projects/seata/core/target/dependency/byte-buddy-agent-1.9.3.jar:/var/benchmarks/projects/seata/core/target/dependency/assertj-core-2.6.0.jar:/var/benchmarks/projects/seata/core/target/dependency/seata-common-0.5.0.jar:/var/benchmarks/projects/seata/core/target/dependency/byte-buddy-1.9.3.jar:/var/benchmarks/projects/seata/core/target/dependency/objenesis-2.6.jar:/var/benchmarks/projects/seata/core/target/dependency/seata-discovery-core-0.5.0.jar:/var/benchmarks/projects/seata/core/target/dependency/commons-pool2-2.4.2.jar:/var/benchmarks/projects/seata/core/target/dependency/junit-4.12.jar:/var/benchmarks/projects/seata/core/target/dependency/hamcrest-core-1.3.jar:/var/benchmarks/projects/seata/core/target/dependency/slf4j-api-1.7.22.jar:/var/benchmarks/projects/seata/core/target/dependency/seata-config-core-0.5.0.jar:/var/benchmarks/projects/seata/core/target/dependency/netty-all-4.1.24.Final.jar:/var/benchmarks/projects/seata/core/target/dependency/commons-lang-2.6.jar:/var/benchmarks/projects/seata/core/target/dependency/fastjson-1.2.48.jar:/var/benchmarks/projects/seata/core/target/dependency/config-1.2.1.jar:/var/benchmarks/projects/seata/core/target/dependency/commons-pool-1.6.jar, methodNameFilter=null
22:58:28.622 | INFO  | ClassUnderTest[ FQN: io.seata.core.protocol.MergedWarpMessage
    classfileDir: /var/benchmarks/projects/seata/core/target/classes
    testClassSimpleName: MergedWarpMessageTest
    generatedTestFile: /home/utbot_mocks/temp/testcases/io/seata/core/protocol/MergedWarpMessageTest.java
    generatedTestsSourcesDir: /home/utbot_mocks/temp/testcases
]
22:58:28.653 | INFO  | Started: class io.seata.core.protocol.MergedWarpMessage
22:58:28.654 | INFO  | Started: preparation class class io.seata.core.protocol.MergedWarpMessage: kotlin reflection :: run
22:58:28.701 | INFO  | Finished (in 0.046 sec): preparation class class io.seata.core.protocol.MergedWarpMessage: kotlin reflection :: run 
22:58:28.701 | INFO  | Started: 2nd optional soot initialization
22:58:28.703 | INFO  | Finished (in 0.001 sec): 2nd optional soot initialization 
22:58:28.712 | DEBUG |  ... 
22:58:28.725 | INFO  | Started: method io.seata.core.protocol.MergedWarpMessage.toString()
22:58:28.727 | INFO  |  -- Remaining time budget: 101906 ms, #remaining_methods: 6, budget for method: 16984 ms, solver timeout: 1000 ms, budget for symbolic execution: 15784 ms, budget for concrete execution: 1200 ms,  -- 
22:58:29.060 | DEBUG | --new testCase collected, to generate: testIo.seata.core.protocol.MergedWarpMessage.toString()1
22:58:29.625 | DEBUG | --new testCase collected, to generate: testIo.seata.core.protocol.MergedWarpMessage.toString()2
22:58:31.912 | DEBUG | --new testCase collected, to generate: testIo.seata.core.protocol.MergedWarpMessage.toString()3
22:58:32.373 | DEBUG | --new testCase collected, to generate: testIo.seata.core.protocol.MergedWarpMessage.toString()4
22:58:32.511 | DEBUG | --new testCase collected, to generate: testIo.seata.core.protocol.MergedWarpMessage.toString()5
22:58:44.504 | INFO  | |> Starting concrete execution for remaining state: io.seata.core.protocol.MergedWarpMessage.toString()
22:58:45.706 | INFO  | (X) Cancelling concrete execution: io.seata.core.protocol.MergedWarpMessage.toString()
22:58:45.898 | INFO  | Finished (in 17.172 sec): method io.seata.core.protocol.MergedWarpMessage.toString() 
<StatsForMethod> :
	#generatedTC=5
	WITH NO EXCEPTIONS
22:58:46.452 | DEBUG |  ... 
22:58:46.454 | INFO  | Started: method io.seata.core.protocol.MergedWarpMessage.decode(ByteBuf)
22:58:46.454 | INFO  |  -- Remaining time budget: 84168 ms, #remaining_methods: 5, budget for method: 16833 ms, solver timeout: 1000 ms, budget for symbolic execution: 15633 ms, budget for concrete execution: 1200 ms,  -- 
22:58:46.719 | DEBUG | --new testCase collected, to generate: testIo.seata.core.protocol.MergedWarpMessage.decode(ByteBuf)1
22:58:46.760 | DEBUG | --new testCase collected, to generate: testIo.seata.core.protocol.MergedWarpMessage.decode(ByteBuf)2
22:58:46.802 | DEBUG | --new testCase collected, to generate: testIo.seata.core.protocol.MergedWarpMessage.decode(ByteBuf)3
22:58:46.830 | DEBUG | --new testCase collected, to generate: testIo.seata.core.protocol.MergedWarpMessage.decode(ByteBuf)4
22:58:46.839 | DEBUG | --new testCase collected, to generate: testIo.seata.core.protocol.MergedWarpMessage.decode(ByteBuf)5
22:58:46.934 | DEBUG | --new testCase collected, to generate: testIo.seata.core.protocol.MergedWarpMessage.decode(ByteBuf)6
22:58:46.979 | DEBUG | --new testCase collected, to generate: testIo.seata.core.protocol.MergedWarpMessage.decode(ByteBuf)7
22:58:47.003 | DEBUG | --new testCase collected, to generate: testIo.seata.core.protocol.MergedWarpMessage.decode(ByteBuf)8
22:58:47.028 | DEBUG | --new testCase collected, to generate: testIo.seata.core.protocol.MergedWarpMessage.decode(ByteBuf)9
22:58:47.029 | INFO  | Finished (in 0.574 sec): method io.seata.core.protocol.MergedWarpMessage.decode(ByteBuf) 
<StatsForMethod> :
	#generatedTC=9
	WITH NO EXCEPTIONS
22:58:47.042 | DEBUG |  ... 
22:58:47.042 | INFO  | Started: method io.seata.core.protocol.MergedWarpMessage.encode()
22:58:47.042 | INFO  |  -- Remaining time budget: 83579 ms, #remaining_methods: 4, budget for method: 20894 ms, solver timeout: 1000 ms, budget for symbolic execution: 19694 ms, budget for concrete execution: 1200 ms,  -- 
22:58:47.051 | DEBUG | --new testCase collected, to generate: testIo.seata.core.protocol.MergedWarpMessage.encode()1
22:58:47.081 | DEBUG | --new testCase collected, to generate: testIo.seata.core.protocol.MergedWarpMessage.encode()2
22:58:47.793 | DEBUG | --new testCase collected, to generate: testIo.seata.core.protocol.MergedWarpMessage.encode()3
22:58:48.483 | DEBUG | --new testCase collected, to generate: testIo.seata.core.protocol.MergedWarpMessage.encode()4
22:58:49.475 | DEBUG | --new testCase collected, to generate: testIo.seata.core.protocol.MergedWarpMessage.encode()5
22:58:49.602 | DEBUG | --new testCase collected, to generate: testIo.seata.core.protocol.MergedWarpMessage.encode()6
22:58:52.035 | ERROR | Symbolic execution FAILED
com.huawei.utbot.instrumentation.util.ReadingFromKryoException: Failure reading from kryo
	at com.huawei.utbot.instrumentation.ConcreteExecutor.executeAsync(ConcreteExecutor.kt:392) ~[utbot-junit-contest-1.0.jar:?]
	at com.huawei.utbot.instrumentation.ConcreteExecutor$executeAsync$1.invokeSuspend(ConcreteExecutor.kt) ~[utbot-junit-contest-1.0.jar:?]
	at kotlin.coroutines.jvm.internal.BaseContinuationImpl.resumeWith(ContinuationImpl.kt:33) [utbot-junit-contest-1.0.jar:?]
	at kotlinx.coroutines.DispatchedTask.run(DispatchedTask.kt:106) [utbot-junit-contest-1.0.jar:?]
	at java.util.concurrent.Executors$RunnableAdapter.call(Executors.java:511) [?:1.8.0_312]
	at java.util.concurrent.FutureTask.run(FutureTask.java:266) [?:1.8.0_312]
	at java.util.concurrent.ScheduledThreadPoolExecutor$ScheduledFutureTask.access$201(ScheduledThreadPoolExecutor.java:180) [?:1.8.0_312]
	at java.util.concurrent.ScheduledThreadPoolExecutor$ScheduledFutureTask.run(ScheduledThreadPoolExecutor.java:293) [?:1.8.0_312]
	at java.util.concurrent.ThreadPoolExecutor.runWorker(ThreadPoolExecutor.java:1149) [?:1.8.0_312]
	at java.util.concurrent.ThreadPoolExecutor$Worker.run(ThreadPoolExecutor.java:624) [?:1.8.0_312]
	at java.lang.Thread.run(Thread.java:748) [?:1.8.0_312]
Caused by: com.esotericsoftware.kryo.KryoException: Buffer underflow.
	at com.esotericsoftware.kryo.io.Input.require(Input.java:219) ~[utbot-junit-contest-1.0.jar:?]
	at com.esotericsoftware.kryo.io.Input.readVarLong(Input.java:570) ~[utbot-junit-contest-1.0.jar:?]
	at com.esotericsoftware.kryo.serializers.DefaultSerializers$LongSerializer.read(DefaultSerializers.java:131) ~[utbot-junit-contest-1.0.jar:?]
	at com.esotericsoftware.kryo.serializers.DefaultSerializers$LongSerializer.read(DefaultSerializers.java:125) ~[utbot-junit-contest-1.0.jar:?]
	at com.esotericsoftware.kryo.Kryo.readObject(Kryo.java:774) ~[utbot-junit-contest-1.0.jar:?]
	at com.huawei.utbot.instrumentation.util.KryoHelper.readLong(KryoHelper.kt:36) ~[utbot-junit-contest-1.0.jar:?]
	at com.huawei.utbot.instrumentation.ConcreteExecutor$restartIfNeeded$$inlined$bracket$lambda$1$1$1.invokeSuspend(ConcreteExecutor.kt:256) ~[utbot-junit-contest-1.0.jar:?]
	at kotlin.coroutines.jvm.internal.BaseContinuationImpl.resumeWith(ContinuationImpl.kt:33) ~[utbot-junit-contest-1.0.jar:?]
	at kotlinx.coroutines.DispatchedTask.run(DispatchedTask.kt:106) ~[utbot-junit-contest-1.0.jar:?]
	at kotlinx.coroutines.EventLoopImplBase.processNextEvent(EventLoop.common.kt:274) ~[utbot-junit-contest-1.0.jar:?]
	at kotlinx.coroutines.BlockingCoroutine.joinBlocking(Builders.kt:84) ~[utbot-junit-contest-1.0.jar:?]
	at kotlinx.coroutines.BuildersKt__BuildersKt.runBlocking(Builders.kt:59) ~[utbot-junit-contest-1.0.jar:?]
	at kotlinx.coroutines.BuildersKt.runBlocking(Unknown Source) ~[utbot-junit-contest-1.0.jar:?]
	at kotlinx.coroutines.BuildersKt__BuildersKt.runBlocking$default(Builders.kt:38) ~[utbot-junit-contest-1.0.jar:?]
	at kotlinx.coroutines.BuildersKt.runBlocking$default(Unknown Source) ~[utbot-junit-contest-1.0.jar:?]
	at com.huawei.utbot.instrumentation.ConcreteExecutor$restartIfNeeded$$inlined$bracket$lambda$1$1.invoke(ConcreteExecutor.kt:253) ~[utbot-junit-contest-1.0.jar:?]
	at com.huawei.utbot.instrumentation.ConcreteExecutor$restartIfNeeded$$inlined$bracket$lambda$1$1.invoke(ConcreteExecutor.kt:101) ~[utbot-junit-contest-1.0.jar:?]
	at kotlin.concurrent.ThreadsKt$thread$thread$1.run(Thread.kt:30) ~[utbot-junit-contest-1.0.jar:?]
22:58:53.885 | ERROR | Symbolic execution FAILED
com.huawei.utbot.instrumentation.util.ChildProcessError: Error in the child process |> java.lang.IllegalStateException: No field $__is_mock_null in class java.nio.ByteBuffer
	at com.huawei.utbot.framework.concrete.MethodMockController.<init>(MethodMockController.kt:38)
	at com.huawei.utbot.framework.concrete.MockValueConstructor.mockMethods(MockValueConstructor.kt:245)
	at com.huawei.utbot.framework.concrete.MockValueConstructor.mockStaticMethods(MockValueConstructor.kt:263)
	at com.huawei.utbot.framework.concrete.UtExecutionInstrumentation$invoke$$inlined$use$lambda$1.invoke(UtExecutionInstrumentation.kt:139)
	at com.huawei.utbot.framework.concrete.UtExecutionInstrumentation$invoke$$inlined$use$lambda$1.invoke(UtExecutionInstrumentation.kt:96)
	at com.huawei.utbot.framework.concrete.UtExecutionInstrumentation.withStaticFields(UtExecutionInstrumentation.kt:225)
	at com.huawei.utbot.framework.concrete.UtExecutionInstrumentation.invoke(UtExecutionInstrumentation.kt:137)
	at com.huawei.utbot.framework.concrete.UtExecutionInstrumentation.invoke(UtExecutionInstrumentation.kt:96)
	at com.huawei.utbot.instrumentation.process.ChildProcessKt.loop(ChildProcess.kt:114)
	at com.huawei.utbot.instrumentation.process.ChildProcessKt.main(ChildProcess.kt:76)
	at com.huawei.utbot.instrumentation.process.ChildProcessKt.main(ChildProcess.kt)

	at com.huawei.utbot.instrumentation.ConcreteExecutor.executeAsync(ConcreteExecutor.kt:391) ~[utbot-junit-contest-1.0.jar:?]
	at com.huawei.utbot.instrumentation.ConcreteExecutor$executeAsync$1.invokeSuspend(ConcreteExecutor.kt) ~[utbot-junit-contest-1.0.jar:?]
	at kotlin.coroutines.jvm.internal.BaseContinuationImpl.resumeWith(ContinuationImpl.kt:33) [utbot-junit-contest-1.0.jar:?]
	at kotlinx.coroutines.DispatchedTask.run(DispatchedTask.kt:106) [utbot-junit-contest-1.0.jar:?]
	at java.util.concurrent.Executors$RunnableAdapter.call(Executors.java:511) [?:1.8.0_312]
	at java.util.concurrent.FutureTask.run(FutureTask.java:266) [?:1.8.0_312]
	at java.util.concurrent.ScheduledThreadPoolExecutor$ScheduledFutureTask.access$201(ScheduledThreadPoolExecutor.java:180) [?:1.8.0_312]
	at java.util.concurrent.ScheduledThreadPoolExecutor$ScheduledFutureTask.run(ScheduledThreadPoolExecutor.java:293) [?:1.8.0_312]
	at java.util.concurrent.ThreadPoolExecutor.runWorker(ThreadPoolExecutor.java:1149) [?:1.8.0_312]
	at java.util.concurrent.ThreadPoolExecutor$Worker.run(ThreadPoolExecutor.java:624) [?:1.8.0_312]
	at java.lang.Thread.run(Thread.java:748) [?:1.8.0_312]
22:58:54.055 | ERROR | Symbolic execution FAILED ... <<stack trace duplicated>>
22:58:54.056 | INFO  | Finished (in 7.013 sec): method io.seata.core.protocol.MergedWarpMessage.encode() 
<StatsForMethod> :
	#generatedTC=6
	FAILED 3 time(s) with 2 different exception(s)"
22:58:54.212 | DEBUG |  ... 
22:58:54.213 | INFO  | Started: method io.seata.core.protocol.MergedWarpMessage.getTypeCode()
22:58:54.213 | INFO  |  -- Remaining time budget: 76409 ms, #remaining_methods: 3, budget for method: 25469 ms, solver timeout: 1000 ms, budget for symbolic execution: 24269 ms, budget for concrete execution: 1200 ms,  -- 
22:58:54.343 | DEBUG | --new testCase collected, to generate: testIo.seata.core.protocol.MergedWarpMessage.getTypeCode()1
22:58:54.368 | DEBUG | --new testCase collected, to generate: testIo.seata.core.protocol.MergedWarpMessage.getTypeCode()2
22:58:54.368 | INFO  | Finished (in 0.155 sec): method io.seata.core.protocol.MergedWarpMessage.getTypeCode() 
<StatsForMethod> :
	#generatedTC=2
	WITH NO EXCEPTIONS
22:58:54.369 | DEBUG |  ... 
22:58:54.370 | INFO  | Started: method io.seata.core.protocol.MergedWarpMessage.doDecode(ByteBuffer)
22:58:54.370 | INFO  |  -- Remaining time budget: 76251 ms, #remaining_methods: 2, budget for method: 38125 ms, solver timeout: 1000 ms, budget for symbolic execution: 36925 ms, budget for concrete execution: 1200 ms,  -- 
22:58:54.383 | DEBUG | --new testCase collected, to generate: testIo.seata.core.protocol.MergedWarpMessage.doDecode(ByteBuffer)1
22:58:54.409 | DEBUG | --new testCase collected, to generate: testIo.seata.core.protocol.MergedWarpMessage.doDecode(ByteBuffer)2
22:58:54.445 | DEBUG | --new testCase collected, to generate: testIo.seata.core.protocol.MergedWarpMessage.doDecode(ByteBuffer)3
22:58:54.453 | DEBUG | --new testCase collected, to generate: testIo.seata.core.protocol.MergedWarpMessage.doDecode(ByteBuffer)4
22:58:54.478 | DEBUG | --new testCase collected, to generate: testIo.seata.core.protocol.MergedWarpMessage.doDecode(ByteBuffer)5
22:58:54.478 | INFO  | Finished (in 0.108 sec): method io.seata.core.protocol.MergedWarpMessage.doDecode(ByteBuffer) 
<StatsForMethod> :
	#generatedTC=5
	WITH NO EXCEPTIONS
22:58:54.479 | DEBUG |  ... 
22:58:54.480 | INFO  | Started: method io.seata.core.protocol.MergedWarpMessage.<init>()
22:58:54.480 | INFO  |  -- Remaining time budget: 76141 ms, #remaining_methods: 1, budget for method: 76141 ms, solver timeout: 1000 ms, budget for symbolic execution: 74941 ms, budget for concrete execution: 1200 ms,  -- 
22:58:54.488 | DEBUG | --new testCase collected, to generate: testIo.seata.core.protocol.MergedWarpMessage.<init>()1
22:58:54.613 | DEBUG | --new testCase collected, to generate: testIo.seata.core.protocol.MergedWarpMessage.<init>()2
22:58:54.614 | INFO  | Finished (in 0.134 sec): method io.seata.core.protocol.MergedWarpMessage.<init>() 
<StatsForMethod> :
	#generatedTC=2
	WITH NO EXCEPTIONS
22:58:54.631 | INFO  | Started: Flushing tests for [MergedWarpMessage] on disk
22:58:55.446 | INFO  | File size for MergedWarpMessageTest: 27 KB
22:58:55.448 | INFO  | Finished (in 0.817 sec): Flushing tests for [MergedWarpMessage] on disk 
22:58:55.449 | INFO  | Finished (in 26.795 sec): class io.seata.core.protocol.MergedWarpMessage 
<StatsForClass> :
	canceled by timeout = false
	#methods = 6, 
	#methods started symbolic exploration = 6
	#methods with at least one TC = 6
	#methods with exceptions = 1
	#generated TC = 29
	#coverage = null
[READY]
