
>>> TOOL NAME:  utbot-mocks

>>> BENCHMARK:  FASTJSON-105

>>> RUN NUMBER: 3

>>> MODE: --only-compute-metrics
Creating directory ./temp
Creating directory ./temp/data
Creating directory ./temp/testcases
Executing /home/utbot_mocks/./runtool
>> BENCHMARK
>> /var/benchmarks/projects/fastjson/src/main/java
>> /var/benchmarks/projects/fastjson/target/classes
>> 140
>> /var/benchmarks/projects/fastjson/target/fastjson-1.2.50-SNAPSHOT.jar
>> /var/benchmarks/projects/./fastjson/target/dependency/deeptestutils-1.1.0.jar
>> /var/benchmarks/projects/fastjson/target/dependency/commons-beanutils-1.8.0.jar
>> /var/benchmarks/projects/fastjson/target/dependency/woodstox-core-asl-4.4.1.jar
>> /var/benchmarks/projects/fastjson/target/dependency/spring-aop-4.3.7.RELEASE.jar
>> /var/benchmarks/projects/fastjson/target/dependency/hibernate-core-5.2.10.Final.jar
>> /var/benchmarks/projects/fastjson/target/dependency/jackson-module-kotlin-2.9.0.jar
>> /var/benchmarks/projects/fastjson/target/dependency/spring-data-commons-1.13.6.RELEASE.jar
>> /var/benchmarks/projects/fastjson/target/dependency/javax.annotation-api-1.2.jar
>> /var/benchmarks/projects/fastjson/target/dependency/gson-2.6.2.jar
>> /var/benchmarks/projects/fastjson/target/dependency/jetty-continuation-8.1.8.v20121106.jar
>> /var/benchmarks/projects/fastjson/target/dependency/objenesis-2.5.1.jar
>> /var/benchmarks/projects/fastjson/target/dependency/powermock-reflect-1.6.6.jar
>> /var/benchmarks/projects/fastjson/target/dependency/springfox-spring-web-2.6.1.jar
>> /var/benchmarks/projects/fastjson/target/dependency/javaslang-2.0.6.jar
>> /var/benchmarks/projects/fastjson/target/dependency/guava-18.0.jar
>> /var/benchmarks/projects/fastjson/target/dependency/mockito-core-1.10.19.jar
>> /var/benchmarks/projects/fastjson/target/dependency/json-lib-2.4-jdk15.jar
>> /var/benchmarks/projects/fastjson/target/dependency/jetty-xml-8.1.8.v20121106.jar
>> /var/benchmarks/projects/fastjson/target/dependency/xmlschema-core-2.2.1.jar
>> /var/benchmarks/projects/fastjson/target/dependency/powermock-api-support-1.6.6.jar
>> /var/benchmarks/projects/fastjson/target/dependency/commons-collections4-4.1.jar
>> /var/benchmarks/projects/fastjson/target/dependency/cglib-nodep-2.2.2.jar
>> /var/benchmarks/projects/fastjson/target/dependency/asm-debug-all-5.0.4.jar
>> /var/benchmarks/projects/fastjson/target/dependency/spring-plugin-core-1.2.0.RELEASE.jar
>> /var/benchmarks/projects/fastjson/target/dependency/cxf-rt-rs-client-3.1.2.jar
>> /var/benchmarks/projects/fastjson/target/dependency/jetty-io-8.1.8.v20121106.jar
>> /var/benchmarks/projects/fastjson/target/dependency/commons-lang3-3.4.jar
>> /var/benchmarks/projects/fastjson/target/dependency/stax2-api-3.1.4.jar
>> /var/benchmarks/projects/fastjson/target/dependency/jackson-annotations-2.9.0.jar
>> /var/benchmarks/projects/fastjson/target/dependency/jetty-server-8.1.8.v20121106.jar
>> /var/benchmarks/projects/fastjson/target/dependency/json-simple-1.1.1.jar
>> /var/benchmarks/projects/fastjson/target/dependency/asm-tree-4.0.jar
>> /var/benchmarks/projects/fastjson/target/dependency/spring-data-commons-core-1.4.1.RELEASE.jar
>> /var/benchmarks/projects/fastjson/target/dependency/powermock-module-junit4-common-1.6.6.jar
>> /var/benchmarks/projects/fastjson/target/dependency/jcl-over-slf4j-1.7.25.jar
>> /var/benchmarks/projects/fastjson/target/dependency/javax.servlet-3.0.0.v201112011016.jar
>> /var/benchmarks/projects/fastjson/target/dependency/springfox-core-2.6.1.jar
>> /var/benchmarks/projects/fastjson/target/dependency/osgi-resource-locator-1.0.1.jar
>> /var/benchmarks/projects/fastjson/target/dependency/javassist-3.18.0-GA.jar
>> /var/benchmarks/projects/fastjson/target/dependency/kotlin-reflect-1.1.3-2.jar
>> /var/benchmarks/projects/fastjson/target/dependency/spring-context-support-4.3.10.RELEASE.jar
>> /var/benchmarks/projects/fastjson/target/dependency/spring-plugin-metadata-1.2.0.RELEASE.jar
>> /var/benchmarks/projects/fastjson/target/dependency/kotlin-stdlib-1.1.3-2.jar
>> /var/benchmarks/projects/fastjson/target/dependency/spring-data-keyvalue-1.2.6.RELEASE.jar
>> /var/benchmarks/projects/fastjson/target/dependency/jersey-container-servlet-core-2.23.2.jar
>> /var/benchmarks/projects/fastjson/target/dependency/asm-4.0.jar
>> /var/benchmarks/projects/fastjson/target/dependency/asm-commons-4.0.jar
>> /var/benchmarks/projects/fastjson/target/dependency/jersey-guava-2.23.2.jar
>> /var/benchmarks/projects/fastjson/target/dependency/aopalliance-1.0.jar
>> /var/benchmarks/projects/fastjson/target/dependency/groovy-2.1.5.jar
>> /var/benchmarks/projects/fastjson/target/dependency/hk2-api-2.5.0-b05.jar
>> /var/benchmarks/projects/fastjson/target/dependency/jetty-security-8.1.8.v20121106.jar
>> /var/benchmarks/projects/fastjson/target/dependency/jmh-core-1.21.jar
>> /var/benchmarks/projects/fastjson/target/dependency/jersey-container-servlet-2.23.2.jar
>> /var/benchmarks/projects/fastjson/target/dependency/dom4j-1.6.1.jar
>> /var/benchmarks/projects/fastjson/target/dependency/spring-core-4.3.7.RELEASE.jar
>> /var/benchmarks/projects/fastjson/target/dependency/spring-data-redis-1.8.6.RELEASE.jar
>> /var/benchmarks/projects/fastjson/target/dependency/jackson-core-asl-1.9.13.jar
>> /var/benchmarks/projects/fastjson/target/dependency/jackson-mapper-asl-1.9.13.jar
>> /var/benchmarks/projects/fastjson/target/dependency/hibernate-jpa-2.1-api-1.0.0.Final.jar
>> /var/benchmarks/projects/fastjson/target/dependency/junit-4.12.jar
>> /var/benchmarks/projects/fastjson/target/dependency/commons-io-1.4.jar
>> /var/benchmarks/projects/fastjson/target/dependency/jetty-util-8.1.8.v20121106.jar
>> /var/benchmarks/projects/fastjson/target/dependency/hamcrest-core-1.3.jar
>> /var/benchmarks/projects/fastjson/target/dependency/jmh-generator-annprocess-1.21.jar
>> /var/benchmarks/projects/fastjson/target/dependency/jackson-jaxrs-base-2.8.7.jar
>> /var/benchmarks/projects/fastjson/target/dependency/powermock-module-junit4-1.6.6.jar
>> /var/benchmarks/projects/fastjson/target/dependency/powermock-core-1.6.6.jar
>> /var/benchmarks/projects/fastjson/target/dependency/slf4j-api-1.7.25.jar
>> /var/benchmarks/projects/fastjson/target/dependency/antlr-2.7.7.jar
>> /var/benchmarks/projects/fastjson/target/dependency/mockito-all-1.10.19.jar
>> /var/benchmarks/projects/fastjson/target/dependency/jersey-container-jdk-http-2.23.2.jar
>> /var/benchmarks/projects/fastjson/target/dependency/javaslang-match-2.0.6.jar
>> /var/benchmarks/projects/fastjson/target/dependency/jersey-test-framework-provider-jdk-http-2.23.2.jar
>> /var/benchmarks/projects/fastjson/target/dependency/jersey-entity-filtering-2.23.2.jar
>> /var/benchmarks/projects/fastjson/target/dependency/jandex-2.0.3.Final.jar
>> /var/benchmarks/projects/fastjson/target/dependency/ezmorph-1.0.6.jar
>> /var/benchmarks/projects/fastjson/target/dependency/jackson-jaxrs-json-provider-2.8.7.jar
>> /var/benchmarks/projects/fastjson/target/dependency/cxf-rt-transports-http-3.1.2.jar
>> /var/benchmarks/projects/fastjson/target/dependency/spring-beans-4.3.7.RELEASE.jar
>> /var/benchmarks/projects/fastjson/target/dependency/jersey-server-2.23.2.jar
>> /var/benchmarks/projects/fastjson/target/dependency/powermock-api-mockito-1.6.6.jar
>> /var/benchmarks/projects/fastjson/target/dependency/jackson-module-jaxb-annotations-2.8.7.jar
>> /var/benchmarks/projects/fastjson/target/dependency/jopt-simple-4.6.jar
>> /var/benchmarks/projects/fastjson/target/dependency/asm-analysis-4.0.jar
>> /var/benchmarks/projects/fastjson/target/dependency/annotations-13.0.jar
>> /var/benchmarks/projects/fastjson/target/dependency/json-path-2.3.0.jar
>> /var/benchmarks/projects/fastjson/target/dependency/springfox-spi-2.6.1.jar
>> /var/benchmarks/projects/fastjson/target/dependency/spring-websocket-4.3.7.RELEASE.jar
>> /var/benchmarks/projects/fastjson/target/dependency/spring-messaging-4.3.7.RELEASE.jar
>> /var/benchmarks/projects/fastjson/target/dependency/jersey-client-2.23.2.jar
>> /var/benchmarks/projects/fastjson/target/dependency/javax.ws.rs-api-2.0.1.jar
>> /var/benchmarks/projects/fastjson/target/dependency/accessors-smart-1.1.jar
>> /var/benchmarks/projects/fastjson/target/dependency/hibernate-commons-annotations-5.0.1.Final.jar
>> /var/benchmarks/projects/fastjson/target/dependency/commons-logging-1.1.1.jar
>> /var/benchmarks/projects/fastjson/target/dependency/jackson-core-2.9.0.jar
>> /var/benchmarks/projects/fastjson/target/dependency/spring-expression-4.3.7.RELEASE.jar
>> /var/benchmarks/projects/fastjson/target/dependency/jersey-media-jaxb-2.23.2.jar
>> /var/benchmarks/projects/fastjson/target/dependency/okhttp-3.6.0.jar
>> /var/benchmarks/projects/fastjson/target/dependency/commons-math3-3.2.jar
>> /var/benchmarks/projects/fastjson/target/dependency/jetty-webapp-8.1.8.v20121106.jar
>> /var/benchmarks/projects/fastjson/target/dependency/javax.inject-2.5.0-b05.jar
>> /var/benchmarks/projects/fastjson/target/dependency/cxf-core-3.1.2.jar
>> /var/benchmarks/projects/fastjson/target/dependency/powermock-api-mockito-common-1.6.6.jar
>> /var/benchmarks/projects/fastjson/target/dependency/jetty-http-8.1.8.v20121106.jar
>> /var/benchmarks/projects/fastjson/target/dependency/spring-security-config-3.2.10.RELEASE.jar
>> /var/benchmarks/projects/fastjson/target/dependency/okio-1.11.0.jar
>> /var/benchmarks/projects/fastjson/target/dependency/javax.servlet-api-3.1.0.jar
>> /var/benchmarks/projects/fastjson/target/dependency/json-smart-2.2.1.jar
>> /var/benchmarks/projects/fastjson/target/dependency/spring-tx-4.3.10.RELEASE.jar
>> /var/benchmarks/projects/fastjson/target/dependency/jackson-module-afterburner-2.9.0.jar
>> /var/benchmarks/projects/fastjson/target/dependency/asm-util-4.0.jar
>> /var/benchmarks/projects/fastjson/target/dependency/spring-security-web-4.2.3.RELEASE.jar
>> /var/benchmarks/projects/fastjson/target/dependency/spring-webmvc-4.3.7.RELEASE.jar
>> /var/benchmarks/projects/fastjson/target/dependency/hk2-locator-2.5.0-b05.jar
>> /var/benchmarks/projects/fastjson/target/dependency/retrofit-2.1.0.jar
>> /var/benchmarks/projects/fastjson/target/dependency/clojure-1.5.1.jar
>> /var/benchmarks/projects/fastjson/target/dependency/spring-security-oauth2-2.3.3.RELEASE.jar
>> /var/benchmarks/projects/fastjson/target/dependency/spring-test-4.3.7.RELEASE.jar
>> /var/benchmarks/projects/fastjson/target/dependency/aopalliance-repackaged-2.5.0-b05.jar
>> /var/benchmarks/projects/fastjson/target/dependency/spring-oxm-4.3.10.RELEASE.jar
>> /var/benchmarks/projects/fastjson/target/dependency/spring-security-core-4.2.3.RELEASE.jar
>> /var/benchmarks/projects/fastjson/target/dependency/jboss-transaction-api_1.2_spec-1.0.1.Final.jar
>> /var/benchmarks/projects/fastjson/target/dependency/lombok-1.14.4.jar
>> /var/benchmarks/projects/fastjson/target/dependency/commons-collections-3.2.1.jar
>> /var/benchmarks/projects/fastjson/target/dependency/cxf-rt-frontend-jaxrs-3.1.2.jar
>> /var/benchmarks/projects/fastjson/target/dependency/spring-context-4.3.7.RELEASE.jar
>> /var/benchmarks/projects/fastjson/target/dependency/jersey-test-framework-core-2.23.2.jar
>> /var/benchmarks/projects/fastjson/target/dependency/classmate-1.3.1.jar
>> /var/benchmarks/projects/fastjson/target/dependency/hk2-utils-2.5.0-b05.jar
>> /var/benchmarks/projects/fastjson/target/dependency/jersey-common-2.23.2.jar
>> /var/benchmarks/projects/fastjson/target/dependency/jackson-databind-2.9.0.jar
>> /var/benchmarks/projects/fastjson/target/dependency/jersey-media-json-jackson-2.23.2.jar
>> /var/benchmarks/projects/fastjson/target/dependency/commons-lang-2.5.jar
>> /var/benchmarks/projects/fastjson/target/dependency/jetty-servlet-8.1.8.v20121106.jar
>> /var/benchmarks/projects/fastjson/target/dependency/validation-api-1.1.0.Final.jar
>> /var/benchmarks/projects/fastjson/target/dependency/spring-web-4.3.7.RELEASE.jar
>> /var/benchmarks/projects/fastjson/target/dependency/jsoniter-0.9.8.jar
>> /var/benchmarks/projects/fastjson/target/dependency/jboss-logging-3.3.0.Final.jar
>> 0
expecting CLASSPATH or READY
<< CLASSPATH
expecting number
<< 0
<< READY
>> 30


### COMPUTING METRICS ###: com.alibaba.fastjson.JSONReader


Starting class com.alibaba.fastjson.JSONReader


Ending class com.alibaba.fastjson.JSONReader
ERROR: Something went wrong! Consult log.txt for more infos!
java.io.FileNotFoundException: /home/utbot_mocks/results_utbot-mocks_30/FASTJSON-105_3/temp/testcases/timing.txt (Not a directory)
	at java.io.FileInputStream.open0(Native Method)
	at java.io.FileInputStream.open(FileInputStream.java:195)
	at java.io.FileInputStream.<init>(FileInputStream.java:138)
	at java.io.FileReader.<init>(FileReader.java:72)
	at sbst.benchmark.TranscriptWriter.readTimingFile(TranscriptWriter.java:215)
	at sbst.benchmark.TranscriptWriter.endClass(TranscriptWriter.java:127)
	at sbst.benchmark.RunTool.execute(RunTool.java:141)
	at sbst.benchmark.RunTool.run(RunTool.java:62)
	at sbst.benchmark.Main.main(Main.java:160)


Class com.alibaba.fastjson.JSONReader ended.
Stopping process...
Tool subprocess is an instance of java.lang.UNIXProcess
Tool subprocess Id is 11323
Killing master process 11323
Executing command kill -9 11323
Execution of command kill -9 11323 finished.
Process was destroyed

>>> TOOL NAME:  utbot-mocks

>>> BENCHMARK:  GUAVA-21

>>> RUN NUMBER: 2

>>> MODE: --only-compute-metrics
Deleting file or directory ./temp/testcases
Deleting file or directory ./temp/utbot-1-err.log
Deleting file or directory ./temp/data
Deleting file or directory ./temp/utbot-runtool.log
Deleting file or directory ./temp/utbot-1-out.log
Deleting file or directory ./temp
Creating directory ./temp
Creating directory ./temp/data
Creating directory ./temp/testcases
Executing /home/utbot_mocks/./runtool
>> BENCHMARK
>> /var/benchmarks/projects/guava/guava/src
>> /var/benchmarks/projects/guava/guava/target/classes
>> 6
>> /var/benchmarks/projects/guava/guava/target/guava-26.0-jre.jar
>> /var/benchmarks/projects/./guava/guava/target/dependency/checker-qual-2.5.2.jar
>> /var/benchmarks/projects/guava/guava/target/dependency/error_prone_annotations-2.1.3.jar
>> /var/benchmarks/projects/guava/guava/target/dependency/j2objc-annotations-1.1.jar
>> /var/benchmarks/projects/guava/guava/target/dependency/jsr305-3.0.2.jar
>> /var/benchmarks/projects/guava/guava/target/dependency/animal-sniffer-annotations-1.14.jar
>> 0
expecting CLASSPATH or READY
<< CLASSPATH
expecting number
<< 0
<< READY
>> 30


### COMPUTING METRICS ###: com.google.common.base.internal.Finalizer


Starting class com.google.common.base.internal.Finalizer


Ending class com.google.common.base.internal.Finalizer
Creating directory results_utbot-mocks_30/GUAVA-21_2/temp/testcases/bin
Creating dummy JUnit test file

---Compilation---

===
javac command line:
/usr/bin/javac -sourcepath /home/utbot_mocks/results_utbot-mocks_30/GUAVA-21_2/temp/testcases -cp /var/benchmarks/projects/guava/guava/target/guava-26.0-jre.jar:/var/benchmarks/projects/./guava/guava/target/dependency/checker-qual-2.5.2.jar:/var/benchmarks/projects/guava/guava/target/dependency/error_prone_annotations-2.1.3.jar:/var/benchmarks/projects/guava/guava/target/dependency/j2objc-annotations-1.1.jar:/var/benchmarks/projects/guava/guava/target/dependency/jsr305-3.0.2.jar:/var/benchmarks/projects/guava/guava/target/dependency/animal-sniffer-annotations-1.14.jar:/usr/local/bin/lib/junit.jar:/usr/local/bin/lib/hamcrest-core.jar -d results_utbot-mocks_30/GUAVA-21_2/temp/testcases/bin /home/utbot_mocks/results_utbot-mocks_30/GUAVA-21_2/temp/testcases/SBSTDummyForCoverageAndMutationCalculation.java


===
javac command line:
/usr/bin/javac -sourcepath /home/utbot_mocks/results_utbot-mocks_30/GUAVA-21_2/temp/testcases -cp /var/benchmarks/projects/guava/guava/target/guava-26.0-jre.jar:/var/benchmarks/projects/./guava/guava/target/dependency/checker-qual-2.5.2.jar:/var/benchmarks/projects/guava/guava/target/dependency/error_prone_annotations-2.1.3.jar:/var/benchmarks/projects/guava/guava/target/dependency/j2objc-annotations-1.1.jar:/var/benchmarks/projects/guava/guava/target/dependency/jsr305-3.0.2.jar:/var/benchmarks/projects/guava/guava/target/dependency/animal-sniffer-annotations-1.14.jar:/usr/local/bin/lib/junit.jar:/usr/local/bin/lib/hamcrest-core.jar -d results_utbot-mocks_30/GUAVA-21_2/temp/testcases/bin /home/utbot_mocks/results_utbot-mocks_30/GUAVA-21_2/temp/testcases/com/google/common/base/internal/FinalizerTest.java

/home/utbot_mocks/results_utbot-mocks_30/GUAVA-21_2/temp/testcases/com/google/common/base/internal/FinalizerTest.java:53: error: not a statement
            Object null = createInstance("java.lang.ref.ReferenceQueue$Null");
            ^
/home/utbot_mocks/results_utbot-mocks_30/GUAVA-21_2/temp/testcases/com/google/common/base/internal/FinalizerTest.java:53: error: ';' expected
            Object null = createInstance("java.lang.ref.ReferenceQueue$Null");
                  ^
2 errors
Failed to compile 'com/google/common/base/internal/FinalizerTest.java'!
shaded.org.apache.commons.exec.ExecuteException: Process exited with an error: 1 (Exit value: 1)
	at shaded.org.apache.commons.exec.DefaultExecutor.executeInternal(DefaultExecutor.java:377)
	at shaded.org.apache.commons.exec.DefaultExecutor.execute(DefaultExecutor.java:160)
	at shaded.org.apache.commons.exec.DefaultExecutor.execute(DefaultExecutor.java:147)
	at sbst.benchmark.TestSuite.compile(TestSuite.java:250)
	at sbst.benchmark.TestSuite.<init>(TestSuite.java:68)
	at sbst.benchmark.TranscriptWriter.endClass(TranscriptWriter.java:136)
	at sbst.benchmark.RunTool.execute(RunTool.java:141)
	at sbst.benchmark.RunTool.run(RunTool.java:62)
	at sbst.benchmark.Main.main(Main.java:160)

---Timing Information---
Running tests with the following classpath: 
/var/benchmarks/projects/guava/guava/target/guava-26.0-jre.jar:/var/benchmarks/projects/./guava/guava/target/dependency/checker-qual-2.5.2.jar:/var/benchmarks/projects/guava/guava/target/dependency/error_prone_annotations-2.1.3.jar:/var/benchmarks/projects/guava/guava/target/dependency/j2objc-annotations-1.1.jar:/var/benchmarks/projects/guava/guava/target/dependency/jsr305-3.0.2.jar:/var/benchmarks/projects/guava/guava/target/dependency/animal-sniffer-annotations-1.14.jar:/usr/local/bin/lib/junit.jar:/usr/local/bin/lib/hamcrest-core.jar:/home/utbot_mocks/results_utbot-mocks_30/GUAVA-21_2/temp/testcases/bin
Running the tests: [SBSTDummyForCoverageAndMutationCalculation]
Executions terminated

---The tests are re-executed other four times to find the flaky ones---
Running the tests: [SBSTDummyForCoverageAndMutationCalculation]
Executions terminated
Running the tests: [SBSTDummyForCoverageAndMutationCalculation]
Executions terminated
Running the tests: [SBSTDummyForCoverageAndMutationCalculation]
Executions terminated
Running the tests: [SBSTDummyForCoverageAndMutationCalculation]
Executions terminated

=== Run Jacoco for Coverage ===
Number of instrumented file = 2323
Running tests with the following classpath: 
/home/utbot_mocks/results_utbot-mocks_30/GUAVA-21_2/temp/testcases/guava-26.0-jre_instrumented.jar:/home/utbot_mocks/results_utbot-mocks_30/GUAVA-21_2/temp/testcases/checker-qual-2.5.2_instrumented.jar:/home/utbot_mocks/results_utbot-mocks_30/GUAVA-21_2/temp/testcases/error_prone_annotations-2.1.3_instrumented.jar:/home/utbot_mocks/results_utbot-mocks_30/GUAVA-21_2/temp/testcases/j2objc-annotations-1.1_instrumented.jar:/home/utbot_mocks/results_utbot-mocks_30/GUAVA-21_2/temp/testcases/jsr305-3.0.2_instrumented.jar:/home/utbot_mocks/results_utbot-mocks_30/GUAVA-21_2/temp/testcases/animal-sniffer-annotations-1.14_instrumented.jar:/usr/local/bin/lib/hamcrest-core.jar:/usr/local/bin/lib/junit.jar:/home/utbot_mocks/results_utbot-mocks_30/GUAVA-21_2/temp/testcases/bin
Running the tests: [SBSTDummyForCoverageAndMutationCalculation]
Executions terminated
Number of file with coverage information = 1951
Extracted coverage data for the class com/google/common/base/internal/Finalizer
Number of file with coverage information = 302
Number of file with coverage information = 22
Number of file with coverage information = 12
Number of file with coverage information = 35
Number of file with coverage information = 1

=== Run PIT ===
Matching Jacoco with PIT: find covered mutations
Executing Mutation Analysis using 23 mutants 

>>> RESULTS:
	Tool name: utbot-mocks
	Benchmark: GUAVA-21
	Class Under Test: com.google.common.base.internal.Finalizer
	Run number: 2
	Tool preparation time (ms): 12646
	Tool test cases generation time (ms): 22741
	Test cases execution time (ms): 14
	Test case number: 13
	Uncompilable Test Classes: 1
	Broken tests number: 0
	Failing tests number: 0
	Lines total: 65
	Lines covered: 0
	Lines coverage ratio (%): 0.0
	Conditions total: 20
	Conditions covered: 0
	Conditions coverage ratio (%): 0.0
	Mutants total: 23
	Mutants covered: 0
	Mutants coverage ratio (%): 0.0
	Mutants killed: 0
	Mutants killed ratio (%): 0.0
	Mutants alive: 23


Class com.google.common.base.internal.Finalizer ended.
Stopping process...
Tool subprocess is an instance of java.lang.UNIXProcess
Tool subprocess Id is 11459
Killing master process 11459
Executing command kill -9 11459
Execution of command kill -9 11459 finished.
Process was destroyed
