
>>> TOOL NAME:  utbot-mocks

>>> BENCHMARK:  SPOON-101

>>> RUN NUMBER: 10

>>> MODE: --only-compute-metrics
Creating directory ./temp
Creating directory ./temp/data
Creating directory ./temp/testcases
Executing /home/utbot_mocks/./runtool
>> BENCHMARK
>> /var/benchmarks/projects/spoon/src/main/java
>> /var/benchmarks/projects/spoon/target/classes
>> 31
>> /var/benchmarks/projects/spoon/target/spoon-core-7.0.0.jar
>> /var/benchmarks/projects/./spoon/target/dependency/org.eclipse.text-3.12.0.jar
>> /var/benchmarks/projects/spoon/target/dependency/org.eclipse.equinox.app-1.6.100.jar
>> /var/benchmarks/projects/spoon/target/dependency/org.eclipse.core.contenttype-3.8.100.jar
>> /var/benchmarks/projects/spoon/target/dependency/mockito-all-2.0.2-beta.jar
>> /var/benchmarks/projects/spoon/target/dependency/jackson-databind-2.9.2.jar
>> /var/benchmarks/projects/spoon/target/dependency/guava-18.0.jar
>> /var/benchmarks/projects/spoon/target/dependency/org.eclipse.core.expressions-3.8.100.jar
>> /var/benchmarks/projects/spoon/target/dependency/org.eclipse.core.commands-3.10.100.jar
>> /var/benchmarks/projects/spoon/target/dependency/jackson-annotations-2.9.0.jar
>> /var/benchmarks/projects/spoon/target/dependency/org.eclipse.jdt.core-3.13.102.jar
>> /var/benchmarks/projects/spoon/target/dependency/org.eclipse.core.runtime-3.24.0.jar
>> /var/benchmarks/projects/spoon/target/dependency/org.eclipse.core.resources-3.16.0.jar
>> /var/benchmarks/projects/spoon/target/dependency/jackson-core-2.9.2.jar
>> /var/benchmarks/projects/spoon/target/dependency/junit-4.12.jar
>> /var/benchmarks/projects/spoon/target/dependency/org.eclipse.equinox.registry-3.11.100.jar
>> /var/benchmarks/projects/spoon/target/dependency/hamcrest-core-1.3.jar
>> /var/benchmarks/projects/spoon/target/dependency/maven-model-3.3.9.jar
>> /var/benchmarks/projects/spoon/target/dependency/plexus-utils-3.0.22.jar
>> /var/benchmarks/projects/spoon/target/dependency/jsap-2.1.jar
>> /var/benchmarks/projects/spoon/target/dependency/bridge-method-annotation-1.13.jar
>> /var/benchmarks/projects/spoon/target/dependency/org.eclipse.equinox.common-3.15.100.jar
>> /var/benchmarks/projects/spoon/target/dependency/org.eclipse.core.jobs-3.12.0.jar
>> /var/benchmarks/projects/spoon/target/dependency/commons-io-2.5.jar
>> /var/benchmarks/projects/spoon/target/dependency/commons-lang3-3.5.jar
>> /var/benchmarks/projects/spoon/target/dependency/system-rules-1.9.0.jar
>> /var/benchmarks/projects/spoon/target/dependency/querydsl-core-3.6.9.jar
>> /var/benchmarks/projects/spoon/target/dependency/org.eclipse.core.filesystem-1.9.200.jar
>> /var/benchmarks/projects/spoon/target/dependency/org.eclipse.equinox.preferences-3.9.100.jar
>> /var/benchmarks/projects/spoon/target/dependency/org.eclipse.osgi-3.17.100.jar
>> /var/benchmarks/projects/spoon/target/dependency/log4j-1.2.17.jar
>> 0
expecting CLASSPATH or READY
<< CLASSPATH
expecting number
<< 0
<< READY
>> 30


### COMPUTING METRICS ###: spoon.reflect.visitor.PrintingContext


Starting class spoon.reflect.visitor.PrintingContext


Ending class spoon.reflect.visitor.PrintingContext
Creating directory results_utbot-mocks_30/SPOON-101_10/temp/testcases/bin
Creating dummy JUnit test file

---Compilation---

===
javac command line:
/usr/bin/javac -sourcepath /home/utbot_mocks/results_utbot-mocks_30/SPOON-101_10/temp/testcases -cp /var/benchmarks/projects/spoon/target/spoon-core-7.0.0.jar:/var/benchmarks/projects/./spoon/target/dependency/org.eclipse.text-3.12.0.jar:/var/benchmarks/projects/spoon/target/dependency/org.eclipse.equinox.app-1.6.100.jar:/var/benchmarks/projects/spoon/target/dependency/org.eclipse.core.contenttype-3.8.100.jar:/var/benchmarks/projects/spoon/target/dependency/mockito-all-2.0.2-beta.jar:/var/benchmarks/projects/spoon/target/dependency/jackson-databind-2.9.2.jar:/var/benchmarks/projects/spoon/target/dependency/guava-18.0.jar:/var/benchmarks/projects/spoon/target/dependency/org.eclipse.core.expressions-3.8.100.jar:/var/benchmarks/projects/spoon/target/dependency/org.eclipse.core.commands-3.10.100.jar:/var/benchmarks/projects/spoon/target/dependency/jackson-annotations-2.9.0.jar:/var/benchmarks/projects/spoon/target/dependency/org.eclipse.jdt.core-3.13.102.jar:/var/benchmarks/projects/spoon/target/dependency/org.eclipse.core.runtime-3.24.0.jar:/var/benchmarks/projects/spoon/target/dependency/org.eclipse.core.resources-3.16.0.jar:/var/benchmarks/projects/spoon/target/dependency/jackson-core-2.9.2.jar:/var/benchmarks/projects/spoon/target/dependency/junit-4.12.jar:/var/benchmarks/projects/spoon/target/dependency/org.eclipse.equinox.registry-3.11.100.jar:/var/benchmarks/projects/spoon/target/dependency/hamcrest-core-1.3.jar:/var/benchmarks/projects/spoon/target/dependency/maven-model-3.3.9.jar:/var/benchmarks/projects/spoon/target/dependency/plexus-utils-3.0.22.jar:/var/benchmarks/projects/spoon/target/dependency/jsap-2.1.jar:/var/benchmarks/projects/spoon/target/dependency/bridge-method-annotation-1.13.jar:/var/benchmarks/projects/spoon/target/dependency/org.eclipse.equinox.common-3.15.100.jar:/var/benchmarks/projects/spoon/target/dependency/org.eclipse.core.jobs-3.12.0.jar:/var/benchmarks/projects/spoon/target/dependency/commons-io-2.5.jar:/var/benchmarks/projects/spoon/target/dependency/commons-lang3-3.5.jar:/var/benchmarks/projects/spoon/target/dependency/system-rules-1.9.0.jar:/var/benchmarks/projects/spoon/target/dependency/querydsl-core-3.6.9.jar:/var/benchmarks/projects/spoon/target/dependency/org.eclipse.core.filesystem-1.9.200.jar:/var/benchmarks/projects/spoon/target/dependency/org.eclipse.equinox.preferences-3.9.100.jar:/var/benchmarks/projects/spoon/target/dependency/org.eclipse.osgi-3.17.100.jar:/var/benchmarks/projects/spoon/target/dependency/log4j-1.2.17.jar:/usr/local/bin/lib/junit.jar:/usr/local/bin/lib/hamcrest-core.jar -d results_utbot-mocks_30/SPOON-101_10/temp/testcases/bin /home/utbot_mocks/results_utbot-mocks_30/SPOON-101_10/temp/testcases/SBSTDummyForCoverageAndMutationCalculation.java


===
javac command line:
/usr/bin/javac -sourcepath /home/utbot_mocks/results_utbot-mocks_30/SPOON-101_10/temp/testcases -cp /var/benchmarks/projects/spoon/target/spoon-core-7.0.0.jar:/var/benchmarks/projects/./spoon/target/dependency/org.eclipse.text-3.12.0.jar:/var/benchmarks/projects/spoon/target/dependency/org.eclipse.equinox.app-1.6.100.jar:/var/benchmarks/projects/spoon/target/dependency/org.eclipse.core.contenttype-3.8.100.jar:/var/benchmarks/projects/spoon/target/dependency/mockito-all-2.0.2-beta.jar:/var/benchmarks/projects/spoon/target/dependency/jackson-databind-2.9.2.jar:/var/benchmarks/projects/spoon/target/dependency/guava-18.0.jar:/var/benchmarks/projects/spoon/target/dependency/org.eclipse.core.expressions-3.8.100.jar:/var/benchmarks/projects/spoon/target/dependency/org.eclipse.core.commands-3.10.100.jar:/var/benchmarks/projects/spoon/target/dependency/jackson-annotations-2.9.0.jar:/var/benchmarks/projects/spoon/target/dependency/org.eclipse.jdt.core-3.13.102.jar:/var/benchmarks/projects/spoon/target/dependency/org.eclipse.core.runtime-3.24.0.jar:/var/benchmarks/projects/spoon/target/dependency/org.eclipse.core.resources-3.16.0.jar:/var/benchmarks/projects/spoon/target/dependency/jackson-core-2.9.2.jar:/var/benchmarks/projects/spoon/target/dependency/junit-4.12.jar:/var/benchmarks/projects/spoon/target/dependency/org.eclipse.equinox.registry-3.11.100.jar:/var/benchmarks/projects/spoon/target/dependency/hamcrest-core-1.3.jar:/var/benchmarks/projects/spoon/target/dependency/maven-model-3.3.9.jar:/var/benchmarks/projects/spoon/target/dependency/plexus-utils-3.0.22.jar:/var/benchmarks/projects/spoon/target/dependency/jsap-2.1.jar:/var/benchmarks/projects/spoon/target/dependency/bridge-method-annotation-1.13.jar:/var/benchmarks/projects/spoon/target/dependency/org.eclipse.equinox.common-3.15.100.jar:/var/benchmarks/projects/spoon/target/dependency/org.eclipse.core.jobs-3.12.0.jar:/var/benchmarks/projects/spoon/target/dependency/commons-io-2.5.jar:/var/benchmarks/projects/spoon/target/dependency/commons-lang3-3.5.jar:/var/benchmarks/projects/spoon/target/dependency/system-rules-1.9.0.jar:/var/benchmarks/projects/spoon/target/dependency/querydsl-core-3.6.9.jar:/var/benchmarks/projects/spoon/target/dependency/org.eclipse.core.filesystem-1.9.200.jar:/var/benchmarks/projects/spoon/target/dependency/org.eclipse.equinox.preferences-3.9.100.jar:/var/benchmarks/projects/spoon/target/dependency/org.eclipse.osgi-3.17.100.jar:/var/benchmarks/projects/spoon/target/dependency/log4j-1.2.17.jar:/usr/local/bin/lib/junit.jar:/usr/local/bin/lib/hamcrest-core.jar -d results_utbot-mocks_30/SPOON-101_10/temp/testcases/bin /home/utbot_mocks/results_utbot-mocks_30/SPOON-101_10/temp/testcases/spoon/reflect/visitor/PrintingContextTest.java

/home/utbot_mocks/results_utbot-mocks_30/SPOON-101_10/temp/testcases/spoon/reflect/visitor/PrintingContextTest.java:23: warning: Unsafe is internal proprietary API and may be removed in a future release
import sun.misc.Unsafe;
               ^
/home/utbot_mocks/results_utbot-mocks_30/SPOON-101_10/temp/testcases/spoon/reflect/visitor/PrintingContextTest.java:1246: warning: Unsafe is internal proprietary API and may be removed in a future release
    private static sun.misc.Unsafe getUnsafeInstance() throws Exception {
                           ^
/home/utbot_mocks/results_utbot-mocks_30/SPOON-101_10/temp/testcases/spoon/reflect/visitor/PrintingContextTest.java:1247: warning: Unsafe is internal proprietary API and may be removed in a future release
        java.lang.reflect.Field f = sun.misc.Unsafe.class.getDeclaredField("theUnsafe");
                                            ^
/home/utbot_mocks/results_utbot-mocks_30/SPOON-101_10/temp/testcases/spoon/reflect/visitor/PrintingContextTest.java:1249: warning: Unsafe is internal proprietary API and may be removed in a future release
        return (sun.misc.Unsafe) f.get(null);
                        ^
Note: /home/utbot_mocks/results_utbot-mocks_30/SPOON-101_10/temp/testcases/spoon/reflect/visitor/PrintingContextTest.java uses unchecked or unsafe operations.
Note: Recompile with -Xlint:unchecked for details.
4 warnings
Compiled 'spoon/reflect/visitor/PrintingContextTest.java'

---Timing Information---
Running tests with the following classpath: 
/var/benchmarks/projects/spoon/target/spoon-core-7.0.0.jar:/var/benchmarks/projects/./spoon/target/dependency/org.eclipse.text-3.12.0.jar:/var/benchmarks/projects/spoon/target/dependency/org.eclipse.equinox.app-1.6.100.jar:/var/benchmarks/projects/spoon/target/dependency/org.eclipse.core.contenttype-3.8.100.jar:/var/benchmarks/projects/spoon/target/dependency/mockito-all-2.0.2-beta.jar:/var/benchmarks/projects/spoon/target/dependency/jackson-databind-2.9.2.jar:/var/benchmarks/projects/spoon/target/dependency/guava-18.0.jar:/var/benchmarks/projects/spoon/target/dependency/org.eclipse.core.expressions-3.8.100.jar:/var/benchmarks/projects/spoon/target/dependency/org.eclipse.core.commands-3.10.100.jar:/var/benchmarks/projects/spoon/target/dependency/jackson-annotations-2.9.0.jar:/var/benchmarks/projects/spoon/target/dependency/org.eclipse.jdt.core-3.13.102.jar:/var/benchmarks/projects/spoon/target/dependency/org.eclipse.core.runtime-3.24.0.jar:/var/benchmarks/projects/spoon/target/dependency/org.eclipse.core.resources-3.16.0.jar:/var/benchmarks/projects/spoon/target/dependency/jackson-core-2.9.2.jar:/var/benchmarks/projects/spoon/target/dependency/junit-4.12.jar:/var/benchmarks/projects/spoon/target/dependency/org.eclipse.equinox.registry-3.11.100.jar:/var/benchmarks/projects/spoon/target/dependency/hamcrest-core-1.3.jar:/var/benchmarks/projects/spoon/target/dependency/maven-model-3.3.9.jar:/var/benchmarks/projects/spoon/target/dependency/plexus-utils-3.0.22.jar:/var/benchmarks/projects/spoon/target/dependency/jsap-2.1.jar:/var/benchmarks/projects/spoon/target/dependency/bridge-method-annotation-1.13.jar:/var/benchmarks/projects/spoon/target/dependency/org.eclipse.equinox.common-3.15.100.jar:/var/benchmarks/projects/spoon/target/dependency/org.eclipse.core.jobs-3.12.0.jar:/var/benchmarks/projects/spoon/target/dependency/commons-io-2.5.jar:/var/benchmarks/projects/spoon/target/dependency/commons-lang3-3.5.jar:/var/benchmarks/projects/spoon/target/dependency/system-rules-1.9.0.jar:/var/benchmarks/projects/spoon/target/dependency/querydsl-core-3.6.9.jar:/var/benchmarks/projects/spoon/target/dependency/org.eclipse.core.filesystem-1.9.200.jar:/var/benchmarks/projects/spoon/target/dependency/org.eclipse.equinox.preferences-3.9.100.jar:/var/benchmarks/projects/spoon/target/dependency/org.eclipse.osgi-3.17.100.jar:/var/benchmarks/projects/spoon/target/dependency/log4j-1.2.17.jar:/usr/local/bin/lib/junit.jar:/usr/local/bin/lib/hamcrest-core.jar:/home/utbot_mocks/results_utbot-mocks_30/SPOON-101_10/temp/testcases/bin
Running the tests: [SBSTDummyForCoverageAndMutationCalculation, spoon.reflect.visitor.PrintingContextTest]
Executions terminated
Failure: [testIsInCurrentScope3(spoon.reflect.visitor.PrintingContextTest): null, testIsInCurrentScope6(spoon.reflect.visitor.PrintingContextTest): null]
Failing Tests: testIsInCurrentScope3(spoon.reflect.visitor.PrintingContextTest)
java.lang.AssertionError
	at org.junit.Assert.fail(Assert.java:86)
	at org.junit.Assert.assertTrue(Assert.java:41)
	at org.junit.Assert.assertFalse(Assert.java:64)
	at org.junit.Assert.assertFalse(Assert.java:74)
	at spoon.reflect.visitor.PrintingContextTest.testIsInCurrentScope3(PrintingContextTest.java:598)
	at sun.reflect.NativeMethodAccessorImpl.invoke0(Native Method)
	at sun.reflect.NativeMethodAccessorImpl.invoke(NativeMethodAccessorImpl.java:62)
	at sun.reflect.DelegatingMethodAccessorImpl.invoke(DelegatingMethodAccessorImpl.java:43)
	at java.lang.reflect.Method.invoke(Method.java:498)
	at org.junit.runners.model.FrameworkMethod$1.runReflectiveCall(FrameworkMethod.java:47)
	at org.junit.internal.runners.model.ReflectiveCallable.run(ReflectiveCallable.java:12)
	at org.junit.runners.model.FrameworkMethod.invokeExplosively(FrameworkMethod.java:44)
	at org.junit.internal.runners.statements.InvokeMethod.evaluate(InvokeMethod.java:17)
	at org.junit.internal.runners.statements.FailOnTimeout$StatementThread.run(FailOnTimeout.java:74)

Failing Tests: testIsInCurrentScope6(spoon.reflect.visitor.PrintingContextTest)
java.lang.AssertionError
	at org.junit.Assert.fail(Assert.java:86)
	at org.junit.Assert.assertTrue(Assert.java:41)
	at org.junit.Assert.assertFalse(Assert.java:64)
	at org.junit.Assert.assertFalse(Assert.java:74)
	at spoon.reflect.visitor.PrintingContextTest.testIsInCurrentScope6(PrintingContextTest.java:653)
	at sun.reflect.NativeMethodAccessorImpl.invoke0(Native Method)
	at sun.reflect.NativeMethodAccessorImpl.invoke(NativeMethodAccessorImpl.java:62)
	at sun.reflect.DelegatingMethodAccessorImpl.invoke(DelegatingMethodAccessorImpl.java:43)
	at java.lang.reflect.Method.invoke(Method.java:498)
	at org.junit.runners.model.FrameworkMethod$1.runReflectiveCall(FrameworkMethod.java:47)
	at org.junit.internal.runners.model.ReflectiveCallable.run(ReflectiveCallable.java:12)
	at org.junit.runners.model.FrameworkMethod.invokeExplosively(FrameworkMethod.java:44)
	at org.junit.internal.runners.statements.InvokeMethod.evaluate(InvokeMethod.java:17)
	at org.junit.internal.runners.statements.FailOnTimeout$StatementThread.run(FailOnTimeout.java:74)


---The tests are re-executed other four times to find the flaky ones---
Running the tests: [SBSTDummyForCoverageAndMutationCalculation, spoon.reflect.visitor.PrintingContextTest]
Executions terminated
Running the tests: [SBSTDummyForCoverageAndMutationCalculation, spoon.reflect.visitor.PrintingContextTest]
Failure: [testIsInCurrentScope3(spoon.reflect.visitor.PrintingContextTest): null, testIsInCurrentScope6(spoon.reflect.visitor.PrintingContextTest): null]
Failing Tests: testIsInCurrentScope3(spoon.reflect.visitor.PrintingContextTest)
java.lang.AssertionError
	at org.junit.Assert.fail(Assert.java:86)
	at org.junit.Assert.assertTrue(Assert.java:41)
	at org.junit.Assert.assertFalse(Assert.java:64)
	at org.junit.Assert.assertFalse(Assert.java:74)
	at spoon.reflect.visitor.PrintingContextTest.testIsInCurrentScope3(PrintingContextTest.java:598)
	at sun.reflect.NativeMethodAccessorImpl.invoke0(Native Method)
	at sun.reflect.NativeMethodAccessorImpl.invoke(NativeMethodAccessorImpl.java:62)
	at sun.reflect.DelegatingMethodAccessorImpl.invoke(DelegatingMethodAccessorImpl.java:43)
	at java.lang.reflect.Method.invoke(Method.java:498)
	at org.junit.runners.model.FrameworkMethod$1.runReflectiveCall(FrameworkMethod.java:47)
	at org.junit.internal.runners.model.ReflectiveCallable.run(ReflectiveCallable.java:12)
	at org.junit.runners.model.FrameworkMethod.invokeExplosively(FrameworkMethod.java:44)
	at org.junit.internal.runners.statements.InvokeMethod.evaluate(InvokeMethod.java:17)
	at org.junit.internal.runners.statements.FailOnTimeout$StatementThread.run(FailOnTimeout.java:74)

Failing Tests: testIsInCurrentScope6(spoon.reflect.visitor.PrintingContextTest)
java.lang.AssertionError
	at org.junit.Assert.fail(Assert.java:86)
	at org.junit.Assert.assertTrue(Assert.java:41)
	at org.junit.Assert.assertFalse(Assert.java:64)
	at org.junit.Assert.assertFalse(Assert.java:74)
	at spoon.reflect.visitor.PrintingContextTest.testIsInCurrentScope6(PrintingContextTest.java:653)
	at sun.reflect.NativeMethodAccessorImpl.invoke0(Native Method)
	at sun.reflect.NativeMethodAccessorImpl.invoke(NativeMethodAccessorImpl.java:62)
	at sun.reflect.DelegatingMethodAccessorImpl.invoke(DelegatingMethodAccessorImpl.java:43)
	at java.lang.reflect.Method.invoke(Method.java:498)
	at org.junit.runners.model.FrameworkMethod$1.runReflectiveCall(FrameworkMethod.java:47)
	at org.junit.internal.runners.model.ReflectiveCallable.run(ReflectiveCallable.java:12)
	at org.junit.runners.model.FrameworkMethod.invokeExplosively(FrameworkMethod.java:44)
	at org.junit.internal.runners.statements.InvokeMethod.evaluate(InvokeMethod.java:17)
	at org.junit.internal.runners.statements.FailOnTimeout$StatementThread.run(FailOnTimeout.java:74)

Executions terminated
Running the tests: [SBSTDummyForCoverageAndMutationCalculation, spoon.reflect.visitor.PrintingContextTest]
Failure: [testIsInCurrentScope3(spoon.reflect.visitor.PrintingContextTest): null, testIsInCurrentScope6(spoon.reflect.visitor.PrintingContextTest): null]
Failing Tests: testIsInCurrentScope3(spoon.reflect.visitor.PrintingContextTest)
java.lang.AssertionError
	at org.junit.Assert.fail(Assert.java:86)
	at org.junit.Assert.assertTrue(Assert.java:41)
	at org.junit.Assert.assertFalse(Assert.java:64)
	at org.junit.Assert.assertFalse(Assert.java:74)
	at spoon.reflect.visitor.PrintingContextTest.testIsInCurrentScope3(PrintingContextTest.java:598)
	at sun.reflect.NativeMethodAccessorImpl.invoke0(Native Method)
	at sun.reflect.NativeMethodAccessorImpl.invoke(NativeMethodAccessorImpl.java:62)
	at sun.reflect.DelegatingMethodAccessorImpl.invoke(DelegatingMethodAccessorImpl.java:43)
	at java.lang.reflect.Method.invoke(Method.java:498)
	at org.junit.runners.model.FrameworkMethod$1.runReflectiveCall(FrameworkMethod.java:47)
	at org.junit.internal.runners.model.ReflectiveCallable.run(ReflectiveCallable.java:12)
	at org.junit.runners.model.FrameworkMethod.invokeExplosively(FrameworkMethod.java:44)
	at org.junit.internal.runners.statements.InvokeMethod.evaluate(InvokeMethod.java:17)
	at org.junit.internal.runners.statements.FailOnTimeout$StatementThread.run(FailOnTimeout.java:74)

Failing Tests: testIsInCurrentScope6(spoon.reflect.visitor.PrintingContextTest)
java.lang.AssertionError
	at org.junit.Assert.fail(Assert.java:86)
	at org.junit.Assert.assertTrue(Assert.java:41)
	at org.junit.Assert.assertFalse(Assert.java:64)
	at org.junit.Assert.assertFalse(Assert.java:74)
	at spoon.reflect.visitor.PrintingContextTest.testIsInCurrentScope6(PrintingContextTest.java:653)
	at sun.reflect.NativeMethodAccessorImpl.invoke0(Native Method)
	at sun.reflect.NativeMethodAccessorImpl.invoke(NativeMethodAccessorImpl.java:62)
	at sun.reflect.DelegatingMethodAccessorImpl.invoke(DelegatingMethodAccessorImpl.java:43)
	at java.lang.reflect.Method.invoke(Method.java:498)
	at org.junit.runners.model.FrameworkMethod$1.runReflectiveCall(FrameworkMethod.java:47)
	at org.junit.internal.runners.model.ReflectiveCallable.run(ReflectiveCallable.java:12)
	at org.junit.runners.model.FrameworkMethod.invokeExplosively(FrameworkMethod.java:44)
	at org.junit.internal.runners.statements.InvokeMethod.evaluate(InvokeMethod.java:17)
	at org.junit.internal.runners.statements.FailOnTimeout$StatementThread.run(FailOnTimeout.java:74)

Executions terminated
Running the tests: [SBSTDummyForCoverageAndMutationCalculation, spoon.reflect.visitor.PrintingContextTest]
Failure: [testIsInCurrentScope3(spoon.reflect.visitor.PrintingContextTest): null, testIsInCurrentScope6(spoon.reflect.visitor.PrintingContextTest): null]
Failing Tests: testIsInCurrentScope3(spoon.reflect.visitor.PrintingContextTest)
java.lang.AssertionError
	at org.junit.Assert.fail(Assert.java:86)
	at org.junit.Assert.assertTrue(Assert.java:41)
	at org.junit.Assert.assertFalse(Assert.java:64)
	at org.junit.Assert.assertFalse(Assert.java:74)
	at spoon.reflect.visitor.PrintingContextTest.testIsInCurrentScope3(PrintingContextTest.java:598)
	at sun.reflect.NativeMethodAccessorImpl.invoke0(Native Method)
	at sun.reflect.NativeMethodAccessorImpl.invoke(NativeMethodAccessorImpl.java:62)
	at sun.reflect.DelegatingMethodAccessorImpl.invoke(DelegatingMethodAccessorImpl.java:43)
	at java.lang.reflect.Method.invoke(Method.java:498)
	at org.junit.runners.model.FrameworkMethod$1.runReflectiveCall(FrameworkMethod.java:47)
	at org.junit.internal.runners.model.ReflectiveCallable.run(ReflectiveCallable.java:12)
	at org.junit.runners.model.FrameworkMethod.invokeExplosively(FrameworkMethod.java:44)
	at org.junit.internal.runners.statements.InvokeMethod.evaluate(InvokeMethod.java:17)
	at org.junit.internal.runners.statements.FailOnTimeout$StatementThread.run(FailOnTimeout.java:74)

Failing Tests: testIsInCurrentScope6(spoon.reflect.visitor.PrintingContextTest)
java.lang.AssertionError
	at org.junit.Assert.fail(Assert.java:86)
	at org.junit.Assert.assertTrue(Assert.java:41)
	at org.junit.Assert.assertFalse(Assert.java:64)
	at org.junit.Assert.assertFalse(Assert.java:74)
	at spoon.reflect.visitor.PrintingContextTest.testIsInCurrentScope6(PrintingContextTest.java:653)
	at sun.reflect.NativeMethodAccessorImpl.invoke0(Native Method)
	at sun.reflect.NativeMethodAccessorImpl.invoke(NativeMethodAccessorImpl.java:62)
	at sun.reflect.DelegatingMethodAccessorImpl.invoke(DelegatingMethodAccessorImpl.java:43)
	at java.lang.reflect.Method.invoke(Method.java:498)
	at org.junit.runners.model.FrameworkMethod$1.runReflectiveCall(FrameworkMethod.java:47)
	at org.junit.internal.runners.model.ReflectiveCallable.run(ReflectiveCallable.java:12)
	at org.junit.runners.model.FrameworkMethod.invokeExplosively(FrameworkMethod.java:44)
	at org.junit.internal.runners.statements.InvokeMethod.evaluate(InvokeMethod.java:17)
	at org.junit.internal.runners.statements.FailOnTimeout$StatementThread.run(FailOnTimeout.java:74)

Executions terminated
Failure: [testIsInCurrentScope3(spoon.reflect.visitor.PrintingContextTest): null, testIsInCurrentScope6(spoon.reflect.visitor.PrintingContextTest): null]
Failing Tests: testIsInCurrentScope3(spoon.reflect.visitor.PrintingContextTest)
java.lang.AssertionError
	at org.junit.Assert.fail(Assert.java:86)
	at org.junit.Assert.assertTrue(Assert.java:41)
	at org.junit.Assert.assertFalse(Assert.java:64)
	at org.junit.Assert.assertFalse(Assert.java:74)
	at spoon.reflect.visitor.PrintingContextTest.testIsInCurrentScope3(PrintingContextTest.java:598)
	at sun.reflect.NativeMethodAccessorImpl.invoke0(Native Method)
	at sun.reflect.NativeMethodAccessorImpl.invoke(NativeMethodAccessorImpl.java:62)
	at sun.reflect.DelegatingMethodAccessorImpl.invoke(DelegatingMethodAccessorImpl.java:43)
	at java.lang.reflect.Method.invoke(Method.java:498)
	at org.junit.runners.model.FrameworkMethod$1.runReflectiveCall(FrameworkMethod.java:47)
	at org.junit.internal.runners.model.ReflectiveCallable.run(ReflectiveCallable.java:12)
	at org.junit.runners.model.FrameworkMethod.invokeExplosively(FrameworkMethod.java:44)
	at org.junit.internal.runners.statements.InvokeMethod.evaluate(InvokeMethod.java:17)
	at org.junit.internal.runners.statements.FailOnTimeout$StatementThread.run(FailOnTimeout.java:74)

Failing Tests: testIsInCurrentScope6(spoon.reflect.visitor.PrintingContextTest)
java.lang.AssertionError
	at org.junit.Assert.fail(Assert.java:86)
	at org.junit.Assert.assertTrue(Assert.java:41)
	at org.junit.Assert.assertFalse(Assert.java:64)
	at org.junit.Assert.assertFalse(Assert.java:74)
	at spoon.reflect.visitor.PrintingContextTest.testIsInCurrentScope6(PrintingContextTest.java:653)
	at sun.reflect.NativeMethodAccessorImpl.invoke0(Native Method)
	at sun.reflect.NativeMethodAccessorImpl.invoke(NativeMethodAccessorImpl.java:62)
	at sun.reflect.DelegatingMethodAccessorImpl.invoke(DelegatingMethodAccessorImpl.java:43)
	at java.lang.reflect.Method.invoke(Method.java:498)
	at org.junit.runners.model.FrameworkMethod$1.runReflectiveCall(FrameworkMethod.java:47)
	at org.junit.internal.runners.model.ReflectiveCallable.run(ReflectiveCallable.java:12)
	at org.junit.runners.model.FrameworkMethod.invokeExplosively(FrameworkMethod.java:44)
	at org.junit.internal.runners.statements.InvokeMethod.evaluate(InvokeMethod.java:17)
	at org.junit.internal.runners.statements.FailOnTimeout$StatementThread.run(FailOnTimeout.java:74)


=== Run Jacoco for Coverage ===
Number of instrumented file = 9764
Running tests with the following classpath: 
/home/utbot_mocks/results_utbot-mocks_30/SPOON-101_10/temp/testcases/spoon-core-7.0.0_instrumented.jar:/home/utbot_mocks/results_utbot-mocks_30/SPOON-101_10/temp/testcases/org.eclipse.text-3.12.0_instrumented.jar:/home/utbot_mocks/results_utbot-mocks_30/SPOON-101_10/temp/testcases/org.eclipse.equinox.app-1.6.100_instrumented.jar:/home/utbot_mocks/results_utbot-mocks_30/SPOON-101_10/temp/testcases/org.eclipse.core.contenttype-3.8.100_instrumented.jar:/home/utbot_mocks/results_utbot-mocks_30/SPOON-101_10/temp/testcases/mockito-all-2.0.2-beta_instrumented.jar:/home/utbot_mocks/results_utbot-mocks_30/SPOON-101_10/temp/testcases/jackson-databind-2.9.2_instrumented.jar:/home/utbot_mocks/results_utbot-mocks_30/SPOON-101_10/temp/testcases/guava-18.0_instrumented.jar:/home/utbot_mocks/results_utbot-mocks_30/SPOON-101_10/temp/testcases/org.eclipse.core.expressions-3.8.100_instrumented.jar:/home/utbot_mocks/results_utbot-mocks_30/SPOON-101_10/temp/testcases/org.eclipse.core.commands-3.10.100_instrumented.jar:/home/utbot_mocks/results_utbot-mocks_30/SPOON-101_10/temp/testcases/jackson-annotations-2.9.0_instrumented.jar:/home/utbot_mocks/results_utbot-mocks_30/SPOON-101_10/temp/testcases/org.eclipse.jdt.core-3.13.102_instrumented.jar:/home/utbot_mocks/results_utbot-mocks_30/SPOON-101_10/temp/testcases/org.eclipse.core.runtime-3.24.0_instrumented.jar:/home/utbot_mocks/results_utbot-mocks_30/SPOON-101_10/temp/testcases/org.eclipse.core.resources-3.16.0_instrumented.jar:/home/utbot_mocks/results_utbot-mocks_30/SPOON-101_10/temp/testcases/jackson-core-2.9.2_instrumented.jar:/home/utbot_mocks/results_utbot-mocks_30/SPOON-101_10/temp/testcases/junit-4.12_instrumented.jar:/home/utbot_mocks/results_utbot-mocks_30/SPOON-101_10/temp/testcases/org.eclipse.equinox.registry-3.11.100_instrumented.jar:/home/utbot_mocks/results_utbot-mocks_30/SPOON-101_10/temp/testcases/hamcrest-core-1.3_instrumented.jar:/home/utbot_mocks/results_utbot-mocks_30/SPOON-101_10/temp/testcases/maven-model-3.3.9_instrumented.jar:/home/utbot_mocks/results_utbot-mocks_30/SPOON-101_10/temp/testcases/plexus-utils-3.0.22_instrumented.jar:/home/utbot_mocks/results_utbot-mocks_30/SPOON-101_10/temp/testcases/jsap-2.1_instrumented.jar:/home/utbot_mocks/results_utbot-mocks_30/SPOON-101_10/temp/testcases/bridge-method-annotation-1.13_instrumented.jar:/home/utbot_mocks/results_utbot-mocks_30/SPOON-101_10/temp/testcases/org.eclipse.equinox.common-3.15.100_instrumented.jar:/home/utbot_mocks/results_utbot-mocks_30/SPOON-101_10/temp/testcases/org.eclipse.core.jobs-3.12.0_instrumented.jar:/home/utbot_mocks/results_utbot-mocks_30/SPOON-101_10/temp/testcases/commons-io-2.5_instrumented.jar:/home/utbot_mocks/results_utbot-mocks_30/SPOON-101_10/temp/testcases/commons-lang3-3.5_instrumented.jar:/home/utbot_mocks/results_utbot-mocks_30/SPOON-101_10/temp/testcases/system-rules-1.9.0_instrumented.jar:/home/utbot_mocks/results_utbot-mocks_30/SPOON-101_10/temp/testcases/querydsl-core-3.6.9_instrumented.jar:/home/utbot_mocks/results_utbot-mocks_30/SPOON-101_10/temp/testcases/org.eclipse.core.filesystem-1.9.200_instrumented.jar:/home/utbot_mocks/results_utbot-mocks_30/SPOON-101_10/temp/testcases/org.eclipse.equinox.preferences-3.9.100_instrumented.jar:/home/utbot_mocks/results_utbot-mocks_30/SPOON-101_10/temp/testcases/org.eclipse.osgi-3.17.100_instrumented.jar:/home/utbot_mocks/results_utbot-mocks_30/SPOON-101_10/temp/testcases/log4j-1.2.17_instrumented.jar:/usr/local/bin/lib/hamcrest-core.jar:/usr/local/bin/lib/junit.jar:/home/utbot_mocks/results_utbot-mocks_30/SPOON-101_10/temp/testcases/bin
Running the tests: [SBSTDummyForCoverageAndMutationCalculation, spoon.reflect.visitor.PrintingContextTest]
Executions terminated
Number of file with coverage information = 1009
Extracted coverage data for the class spoon/reflect/visitor/PrintingContext
Number of file with coverage information = 180
Number of file with coverage information = 32
Number of file with coverage information = 47
Number of file with coverage information = 752
Number of file with coverage information = 617
Number of file with coverage information = 1690
Number of file with coverage information = 50
Number of file with coverage information = 84
Number of file with coverage information = 68
Number of file with coverage information = 2122
Number of file with coverage information = 22
Number of file with coverage information = 361
Number of file with coverage information = 105
Number of file with coverage information = 286
Number of file with coverage information = 89
Number of file with coverage information = 45
Number of file with coverage information = 54
Number of file with coverage information = 104
Number of file with coverage information = 69
Number of file with coverage information = 2
Number of file with coverage information = 73
Number of file with coverage information = 48
Number of file with coverage information = 123
Number of file with coverage information = 260
Number of file with coverage information = 18
Number of file with coverage information = 348
Number of file with coverage information = 35
Number of file with coverage information = 70
Number of file with coverage information = 687
Number of file with coverage information = 314

=== Run PIT ===
Matching Jacoco with PIT: find covered mutations
Executing Mutation Analysis using 34 mutants 
Evaluating mutant 881548234 using tests: [spoon.reflect.visitor.PrintingContextTest]

 CP : /usr/local/bin/lib/junit.jar:/usr/local/bin/lib/hamcrest-core.jar:results_utbot-mocks_30/SPOON-101_10/temp/testcases/mutated_code/SUT:/home/utbot_mocks/results_utbot-mocks_30/SPOON-101_10/temp/testcases/bin:results_utbot-mocks_30/SPOON-101_10/temp/testcases/mutated_code/CUT0

Failed test testIgnoreStaticAccess2(spoon.reflect.visitor.PrintingContextTest)
	 actual test, will stop test execution !
TestExec4MutationTask: Mutant MutationIdentifier [location=Location [clazz=spoon.reflect.visitor.PrintingContext, method=forceWildcardGenerics, methodDesc=()Z], indexes=[10], mutator=org.pitest.mutationtest.engine.gregor.mutators.NegateConditionalsMutator] killed by test (spoon.reflect.visitor.PrintingContextTest),testIgnoreStaticAccess2)
Evaluating mutant -2065683806 using tests: [spoon.reflect.visitor.PrintingContextTest]

 CP : /usr/local/bin/lib/junit.jar:/usr/local/bin/lib/hamcrest-core.jar:results_utbot-mocks_30/SPOON-101_10/temp/testcases/mutated_code/SUT:/home/utbot_mocks/results_utbot-mocks_30/SPOON-101_10/temp/testcases/bin:results_utbot-mocks_30/SPOON-101_10/temp/testcases/mutated_code/CUT1

Failed test testIgnoreStaticAccess1(spoon.reflect.visitor.PrintingContextTest)
	 actual test, will stop test execution !
TestExec4MutationTask: Mutant MutationIdentifier [location=Location [clazz=spoon.reflect.visitor.PrintingContext, method=ignoreStaticAccess, methodDesc=()Z], indexes=[18], mutator=org.pitest.mutationtest.engine.gregor.mutators.ReturnValsMutator] killed by test (spoon.reflect.visitor.PrintingContextTest),testIgnoreStaticAccess1)
Evaluating mutant -1286166318 using tests: [spoon.reflect.visitor.PrintingContextTest]

 CP : /usr/local/bin/lib/junit.jar:/usr/local/bin/lib/hamcrest-core.jar:results_utbot-mocks_30/SPOON-101_10/temp/testcases/mutated_code/SUT:/home/utbot_mocks/results_utbot-mocks_30/SPOON-101_10/temp/testcases/bin:results_utbot-mocks_30/SPOON-101_10/temp/testcases/mutated_code/CUT2

Failed test testIgnoreStaticAccess2(spoon.reflect.visitor.PrintingContextTest)
	 actual test, will stop test execution !
TestExec4MutationTask: Mutant MutationIdentifier [location=Location [clazz=spoon.reflect.visitor.PrintingContext, method=noTypeDecl, methodDesc=()Z], indexes=[7], mutator=org.pitest.mutationtest.engine.gregor.mutators.MathMutator] killed by test (spoon.reflect.visitor.PrintingContextTest),testIgnoreStaticAccess2)
Evaluating mutant 668122328 using tests: [spoon.reflect.visitor.PrintingContextTest]

 CP : /usr/local/bin/lib/junit.jar:/usr/local/bin/lib/hamcrest-core.jar:results_utbot-mocks_30/SPOON-101_10/temp/testcases/mutated_code/SUT:/home/utbot_mocks/results_utbot-mocks_30/SPOON-101_10/temp/testcases/bin:results_utbot-mocks_30/SPOON-101_10/temp/testcases/mutated_code/CUT3

Failed test testIgnoreStaticAccess2(spoon.reflect.visitor.PrintingContextTest)
	 actual test, will stop test execution !
TestExec4MutationTask: Mutant MutationIdentifier [location=Location [clazz=spoon.reflect.visitor.PrintingContext, method=skipArray, methodDesc=()Z], indexes=[18], mutator=org.pitest.mutationtest.engine.gregor.mutators.ReturnValsMutator] killed by test (spoon.reflect.visitor.PrintingContextTest),testIgnoreStaticAccess2)
Evaluating mutant -484271058 using tests: [spoon.reflect.visitor.PrintingContextTest]

 CP : /usr/local/bin/lib/junit.jar:/usr/local/bin/lib/hamcrest-core.jar:results_utbot-mocks_30/SPOON-101_10/temp/testcases/mutated_code/SUT:/home/utbot_mocks/results_utbot-mocks_30/SPOON-101_10/temp/testcases/bin:results_utbot-mocks_30/SPOON-101_10/temp/testcases/mutated_code/CUT4

Failed test testIgnoreStaticAccess2(spoon.reflect.visitor.PrintingContextTest)
	 actual test, will stop test execution !
TestExec4MutationTask: Mutant MutationIdentifier [location=Location [clazz=spoon.reflect.visitor.PrintingContext, method=noTypeDecl, methodDesc=()Z], indexes=[10], mutator=org.pitest.mutationtest.engine.gregor.mutators.NegateConditionalsMutator] killed by test (spoon.reflect.visitor.PrintingContextTest),testIgnoreStaticAccess2)
Evaluating mutant -1787972125 using tests: [spoon.reflect.visitor.PrintingContextTest]

 CP : /usr/local/bin/lib/junit.jar:/usr/local/bin/lib/hamcrest-core.jar:results_utbot-mocks_30/SPOON-101_10/temp/testcases/mutated_code/SUT:/home/utbot_mocks/results_utbot-mocks_30/SPOON-101_10/temp/testcases/bin:results_utbot-mocks_30/SPOON-101_10/temp/testcases/mutated_code/CUT5

Failed test testIgnoreStaticAccess2(spoon.reflect.visitor.PrintingContextTest)
	 actual test, will stop test execution !
TestExec4MutationTask: Mutant MutationIdentifier [location=Location [clazz=spoon.reflect.visitor.PrintingContext, method=noTypeDecl, methodDesc=()Z], indexes=[18], mutator=org.pitest.mutationtest.engine.gregor.mutators.ReturnValsMutator] killed by test (spoon.reflect.visitor.PrintingContextTest),testIgnoreStaticAccess2)
Evaluating mutant 79652974 using tests: [spoon.reflect.visitor.PrintingContextTest]

 CP : /usr/local/bin/lib/junit.jar:/usr/local/bin/lib/hamcrest-core.jar:results_utbot-mocks_30/SPOON-101_10/temp/testcases/mutated_code/SUT:/home/utbot_mocks/results_utbot-mocks_30/SPOON-101_10/temp/testcases/bin:results_utbot-mocks_30/SPOON-101_10/temp/testcases/mutated_code/CUT6

Failed test testIgnoreStaticAccess2(spoon.reflect.visitor.PrintingContextTest)
	 actual test, will stop test execution !
TestExec4MutationTask: Mutant MutationIdentifier [location=Location [clazz=spoon.reflect.visitor.PrintingContext, method=forceWildcardGenerics, methodDesc=()Z], indexes=[7], mutator=org.pitest.mutationtest.engine.gregor.mutators.MathMutator] killed by test (spoon.reflect.visitor.PrintingContextTest),testIgnoreStaticAccess2)
Evaluating mutant -1488447461 using tests: [spoon.reflect.visitor.PrintingContextTest]

 CP : /usr/local/bin/lib/junit.jar:/usr/local/bin/lib/hamcrest-core.jar:results_utbot-mocks_30/SPOON-101_10/temp/testcases/mutated_code/SUT:/home/utbot_mocks/results_utbot-mocks_30/SPOON-101_10/temp/testcases/bin:results_utbot-mocks_30/SPOON-101_10/temp/testcases/mutated_code/CUT7

Failed test testIgnoreStaticAccess2(spoon.reflect.visitor.PrintingContextTest)
	 actual test, will stop test execution !
TestExec4MutationTask: Mutant MutationIdentifier [location=Location [clazz=spoon.reflect.visitor.PrintingContext, method=ignoreGenerics, methodDesc=()Z], indexes=[7], mutator=org.pitest.mutationtest.engine.gregor.mutators.MathMutator] killed by test (spoon.reflect.visitor.PrintingContextTest),testIgnoreStaticAccess2)
Evaluating mutant -506964196 using tests: [spoon.reflect.visitor.PrintingContextTest]

 CP : /usr/local/bin/lib/junit.jar:/usr/local/bin/lib/hamcrest-core.jar:results_utbot-mocks_30/SPOON-101_10/temp/testcases/mutated_code/SUT:/home/utbot_mocks/results_utbot-mocks_30/SPOON-101_10/temp/testcases/bin:results_utbot-mocks_30/SPOON-101_10/temp/testcases/mutated_code/CUT8

Failed test testIgnoreStaticAccess2(spoon.reflect.visitor.PrintingContextTest)
	 actual test, will stop test execution !
TestExec4MutationTask: Mutant MutationIdentifier [location=Location [clazz=spoon.reflect.visitor.PrintingContext, method=ignoreEnclosingClass, methodDesc=()Z], indexes=[18], mutator=org.pitest.mutationtest.engine.gregor.mutators.ReturnValsMutator] killed by test (spoon.reflect.visitor.PrintingContextTest),testIgnoreStaticAccess2)
Evaluating mutant -1563877999 using tests: [spoon.reflect.visitor.PrintingContextTest]

 CP : /usr/local/bin/lib/junit.jar:/usr/local/bin/lib/hamcrest-core.jar:results_utbot-mocks_30/SPOON-101_10/temp/testcases/mutated_code/SUT:/home/utbot_mocks/results_utbot-mocks_30/SPOON-101_10/temp/testcases/bin:results_utbot-mocks_30/SPOON-101_10/temp/testcases/mutated_code/CUT9

Failed test testIgnoreStaticAccess1(spoon.reflect.visitor.PrintingContextTest)
	 actual test, will stop test execution !
TestExec4MutationTask: Mutant MutationIdentifier [location=Location [clazz=spoon.reflect.visitor.PrintingContext, method=ignoreStaticAccess, methodDesc=()Z], indexes=[7], mutator=org.pitest.mutationtest.engine.gregor.mutators.MathMutator] killed by test (spoon.reflect.visitor.PrintingContextTest),testIgnoreStaticAccess1)
Evaluating mutant 796736871 using tests: [spoon.reflect.visitor.PrintingContextTest]

 CP : /usr/local/bin/lib/junit.jar:/usr/local/bin/lib/hamcrest-core.jar:results_utbot-mocks_30/SPOON-101_10/temp/testcases/mutated_code/SUT:/home/utbot_mocks/results_utbot-mocks_30/SPOON-101_10/temp/testcases/bin:results_utbot-mocks_30/SPOON-101_10/temp/testcases/mutated_code/CUT10

Failed test testIgnoreStaticAccess2(spoon.reflect.visitor.PrintingContextTest)
	 actual test, will stop test execution !
TestExec4MutationTask: Mutant MutationIdentifier [location=Location [clazz=spoon.reflect.visitor.PrintingContext, method=ignoreEnclosingClass, methodDesc=()Z], indexes=[10], mutator=org.pitest.mutationtest.engine.gregor.mutators.NegateConditionalsMutator] killed by test (spoon.reflect.visitor.PrintingContextTest),testIgnoreStaticAccess2)
Evaluating mutant 483482225 using tests: [spoon.reflect.visitor.PrintingContextTest]

 CP : /usr/local/bin/lib/junit.jar:/usr/local/bin/lib/hamcrest-core.jar:results_utbot-mocks_30/SPOON-101_10/temp/testcases/mutated_code/SUT:/home/utbot_mocks/results_utbot-mocks_30/SPOON-101_10/temp/testcases/bin:results_utbot-mocks_30/SPOON-101_10/temp/testcases/mutated_code/CUT11

Failed test testIgnoreStaticAccess2(spoon.reflect.visitor.PrintingContextTest)
	 actual test, will stop test execution !
TestExec4MutationTask: Mutant MutationIdentifier [location=Location [clazz=spoon.reflect.visitor.PrintingContext, method=getCurrentTypeReference, methodDesc=()Lspoon/reflect/reference/CtTypeReference;], indexes=[5], mutator=org.pitest.mutationtest.engine.gregor.mutators.NegateConditionalsMutator] killed by test (spoon.reflect.visitor.PrintingContextTest),testIgnoreStaticAccess2)
Evaluating mutant 1596821965 using tests: [spoon.reflect.visitor.PrintingContextTest]

 CP : /usr/local/bin/lib/junit.jar:/usr/local/bin/lib/hamcrest-core.jar:results_utbot-mocks_30/SPOON-101_10/temp/testcases/mutated_code/SUT:/home/utbot_mocks/results_utbot-mocks_30/SPOON-101_10/temp/testcases/bin:results_utbot-mocks_30/SPOON-101_10/temp/testcases/mutated_code/CUT12

Failed test testIgnoreStaticAccess2(spoon.reflect.visitor.PrintingContextTest)
	 actual test, will stop test execution !
TestExec4MutationTask: Mutant MutationIdentifier [location=Location [clazz=spoon.reflect.visitor.PrintingContext, method=getCurrentTypeContext, methodDesc=()Lspoon/reflect/visitor/TypeContext;], indexes=[5], mutator=org.pitest.mutationtest.engine.gregor.mutators.NegateConditionalsMutator] killed by test (spoon.reflect.visitor.PrintingContextTest),testIgnoreStaticAccess2)
Evaluating mutant -469113623 using tests: [spoon.reflect.visitor.PrintingContextTest]

 CP : /usr/local/bin/lib/junit.jar:/usr/local/bin/lib/hamcrest-core.jar:results_utbot-mocks_30/SPOON-101_10/temp/testcases/mutated_code/SUT:/home/utbot_mocks/results_utbot-mocks_30/SPOON-101_10/temp/testcases/bin:results_utbot-mocks_30/SPOON-101_10/temp/testcases/mutated_code/CUT13

Failed test testIgnoreStaticAccess2(spoon.reflect.visitor.PrintingContextTest)
	 actual test, will stop test execution !
TestExec4MutationTask: Mutant MutationIdentifier [location=Location [clazz=spoon.reflect.visitor.PrintingContext, method=getCurrentTypeContext, methodDesc=()Lspoon/reflect/visitor/TypeContext;], indexes=[9], mutator=org.pitest.mutationtest.engine.gregor.mutators.ConditionalsBoundaryMutator] killed by test (spoon.reflect.visitor.PrintingContextTest),testIgnoreStaticAccess2)
Evaluating mutant -686552201 using tests: [spoon.reflect.visitor.PrintingContextTest]

 CP : /usr/local/bin/lib/junit.jar:/usr/local/bin/lib/hamcrest-core.jar:results_utbot-mocks_30/SPOON-101_10/temp/testcases/mutated_code/SUT:/home/utbot_mocks/results_utbot-mocks_30/SPOON-101_10/temp/testcases/bin:results_utbot-mocks_30/SPOON-101_10/temp/testcases/mutated_code/CUT14

Failed test testIgnoreStaticAccess2(spoon.reflect.visitor.PrintingContextTest)
	 actual test, will stop test execution !
TestExec4MutationTask: Mutant MutationIdentifier [location=Location [clazz=spoon.reflect.visitor.PrintingContext, method=ignoreGenerics, methodDesc=()Z], indexes=[10], mutator=org.pitest.mutationtest.engine.gregor.mutators.NegateConditionalsMutator] killed by test (spoon.reflect.visitor.PrintingContextTest),testIgnoreStaticAccess2)
Evaluating mutant 1971823395 using tests: [spoon.reflect.visitor.PrintingContextTest]

 CP : /usr/local/bin/lib/junit.jar:/usr/local/bin/lib/hamcrest-core.jar:results_utbot-mocks_30/SPOON-101_10/temp/testcases/mutated_code/SUT:/home/utbot_mocks/results_utbot-mocks_30/SPOON-101_10/temp/testcases/bin:results_utbot-mocks_30/SPOON-101_10/temp/testcases/mutated_code/CUT15

Failed test testIgnoreStaticAccess2(spoon.reflect.visitor.PrintingContextTest)
	 actual test, will stop test execution !
TestExec4MutationTask: Mutant MutationIdentifier [location=Location [clazz=spoon.reflect.visitor.PrintingContext, method=skipArray, methodDesc=()Z], indexes=[10], mutator=org.pitest.mutationtest.engine.gregor.mutators.NegateConditionalsMutator] killed by test (spoon.reflect.visitor.PrintingContextTest),testIgnoreStaticAccess2)
Evaluating mutant -820201544 using tests: [spoon.reflect.visitor.PrintingContextTest]

 CP : /usr/local/bin/lib/junit.jar:/usr/local/bin/lib/hamcrest-core.jar:results_utbot-mocks_30/SPOON-101_10/temp/testcases/mutated_code/SUT:/home/utbot_mocks/results_utbot-mocks_30/SPOON-101_10/temp/testcases/bin:results_utbot-mocks_30/SPOON-101_10/temp/testcases/mutated_code/CUT16

Failed test testIgnoreStaticAccess2(spoon.reflect.visitor.PrintingContextTest)
	 actual test, will stop test execution !
TestExec4MutationTask: Mutant MutationIdentifier [location=Location [clazz=spoon.reflect.visitor.PrintingContext, method=getCurrentTypeReference, methodDesc=()Lspoon/reflect/reference/CtTypeReference;], indexes=[31], mutator=org.pitest.mutationtest.engine.gregor.mutators.ReturnValsMutator] killed by test (spoon.reflect.visitor.PrintingContextTest),testIgnoreStaticAccess2)
Evaluating mutant -926917721 using tests: [spoon.reflect.visitor.PrintingContextTest]

 CP : /usr/local/bin/lib/junit.jar:/usr/local/bin/lib/hamcrest-core.jar:results_utbot-mocks_30/SPOON-101_10/temp/testcases/mutated_code/SUT:/home/utbot_mocks/results_utbot-mocks_30/SPOON-101_10/temp/testcases/bin:results_utbot-mocks_30/SPOON-101_10/temp/testcases/mutated_code/CUT17

Failed test testIgnoreStaticAccess2(spoon.reflect.visitor.PrintingContextTest)
	 actual test, will stop test execution !
TestExec4MutationTask: Mutant MutationIdentifier [location=Location [clazz=spoon.reflect.visitor.PrintingContext, method=isInCurrentScope, methodDesc=(Lspoon/reflect/reference/CtTypeReference;)Z], indexes=[9], mutator=org.pitest.mutationtest.engine.gregor.mutators.NegateConditionalsMutator] killed by test (spoon.reflect.visitor.PrintingContextTest),testIgnoreStaticAccess2)
Evaluating mutant -422152833 using tests: [spoon.reflect.visitor.PrintingContextTest]

 CP : /usr/local/bin/lib/junit.jar:/usr/local/bin/lib/hamcrest-core.jar:results_utbot-mocks_30/SPOON-101_10/temp/testcases/mutated_code/SUT:/home/utbot_mocks/results_utbot-mocks_30/SPOON-101_10/temp/testcases/bin:results_utbot-mocks_30/SPOON-101_10/temp/testcases/mutated_code/CUT18

Failed test testIgnoreStaticAccess2(spoon.reflect.visitor.PrintingContextTest)
	 actual test, will stop test execution !
TestExec4MutationTask: Mutant MutationIdentifier [location=Location [clazz=spoon.reflect.visitor.PrintingContext, method=forceWildcardGenerics, methodDesc=()Z], indexes=[18], mutator=org.pitest.mutationtest.engine.gregor.mutators.ReturnValsMutator] killed by test (spoon.reflect.visitor.PrintingContextTest),testIgnoreStaticAccess2)
Evaluating mutant 483490874 using tests: [spoon.reflect.visitor.PrintingContextTest]

 CP : /usr/local/bin/lib/junit.jar:/usr/local/bin/lib/hamcrest-core.jar:results_utbot-mocks_30/SPOON-101_10/temp/testcases/mutated_code/SUT:/home/utbot_mocks/results_utbot-mocks_30/SPOON-101_10/temp/testcases/bin:results_utbot-mocks_30/SPOON-101_10/temp/testcases/mutated_code/CUT19

Failed test testIgnoreStaticAccess2(spoon.reflect.visitor.PrintingContextTest)
	 actual test, will stop test execution !
TestExec4MutationTask: Mutant MutationIdentifier [location=Location [clazz=spoon.reflect.visitor.PrintingContext, method=getCurrentTypeReference, methodDesc=()Lspoon/reflect/reference/CtTypeReference;], indexes=[14], mutator=org.pitest.mutationtest.engine.gregor.mutators.NegateConditionalsMutator] killed by test (spoon.reflect.visitor.PrintingContextTest),testIgnoreStaticAccess2)
Evaluating mutant -926913877 using tests: [spoon.reflect.visitor.PrintingContextTest]

 CP : /usr/local/bin/lib/junit.jar:/usr/local/bin/lib/hamcrest-core.jar:results_utbot-mocks_30/SPOON-101_10/temp/testcases/mutated_code/SUT:/home/utbot_mocks/results_utbot-mocks_30/SPOON-101_10/temp/testcases/bin:results_utbot-mocks_30/SPOON-101_10/temp/testcases/mutated_code/CUT20

Failed test testIgnoreStaticAccess2(spoon.reflect.visitor.PrintingContextTest)
	 actual test, will stop test execution !
TestExec4MutationTask: Mutant MutationIdentifier [location=Location [clazz=spoon.reflect.visitor.PrintingContext, method=isInCurrentScope, methodDesc=(Lspoon/reflect/reference/CtTypeReference;)Z], indexes=[13], mutator=org.pitest.mutationtest.engine.gregor.mutators.NegateConditionalsMutator] killed by test (spoon.reflect.visitor.PrintingContextTest),testIgnoreStaticAccess2)
Evaluating mutant 2064352352 using tests: [spoon.reflect.visitor.PrintingContextTest]

 CP : /usr/local/bin/lib/junit.jar:/usr/local/bin/lib/hamcrest-core.jar:results_utbot-mocks_30/SPOON-101_10/temp/testcases/mutated_code/SUT:/home/utbot_mocks/results_utbot-mocks_30/SPOON-101_10/temp/testcases/bin:results_utbot-mocks_30/SPOON-101_10/temp/testcases/mutated_code/CUT21

Failed test testIgnoreStaticAccess2(spoon.reflect.visitor.PrintingContextTest)
	 actual test, will stop test execution !
TestExec4MutationTask: Mutant MutationIdentifier [location=Location [clazz=spoon.reflect.visitor.PrintingContext, method=isInCurrentScope, methodDesc=(Lspoon/reflect/reference/CtTypeReference;)Z], indexes=[21], mutator=org.pitest.mutationtest.engine.gregor.mutators.ReturnValsMutator] killed by test (spoon.reflect.visitor.PrintingContextTest),testIgnoreStaticAccess2)
Evaluating mutant -820206349 using tests: [spoon.reflect.visitor.PrintingContextTest]

 CP : /usr/local/bin/lib/junit.jar:/usr/local/bin/lib/hamcrest-core.jar:results_utbot-mocks_30/SPOON-101_10/temp/testcases/mutated_code/SUT:/home/utbot_mocks/results_utbot-mocks_30/SPOON-101_10/temp/testcases/bin:results_utbot-mocks_30/SPOON-101_10/temp/testcases/mutated_code/CUT22

Failed test testIgnoreStaticAccess2(spoon.reflect.visitor.PrintingContextTest)
	 actual test, will stop test execution !
TestExec4MutationTask: Mutant MutationIdentifier [location=Location [clazz=spoon.reflect.visitor.PrintingContext, method=getCurrentTypeReference, methodDesc=()Lspoon/reflect/reference/CtTypeReference;], indexes=[26], mutator=org.pitest.mutationtest.engine.gregor.mutators.ReturnValsMutator] killed by test (spoon.reflect.visitor.PrintingContextTest),testIgnoreStaticAccess2)
Evaluating mutant 293127625 using tests: [spoon.reflect.visitor.PrintingContextTest]

 CP : /usr/local/bin/lib/junit.jar:/usr/local/bin/lib/hamcrest-core.jar:results_utbot-mocks_30/SPOON-101_10/temp/testcases/mutated_code/SUT:/home/utbot_mocks/results_utbot-mocks_30/SPOON-101_10/temp/testcases/bin:results_utbot-mocks_30/SPOON-101_10/temp/testcases/mutated_code/CUT23

Failed test testIgnoreStaticAccess2(spoon.reflect.visitor.PrintingContextTest)
	 actual test, will stop test execution !
TestExec4MutationTask: Mutant MutationIdentifier [location=Location [clazz=spoon.reflect.visitor.PrintingContext, method=getCurrentTypeContext, methodDesc=()Lspoon/reflect/visitor/TypeContext;], indexes=[20], mutator=org.pitest.mutationtest.engine.gregor.mutators.ReturnValsMutator] killed by test (spoon.reflect.visitor.PrintingContextTest),testIgnoreStaticAccess2)
Evaluating mutant -1990253268 using tests: [spoon.reflect.visitor.PrintingContextTest]

 CP : /usr/local/bin/lib/junit.jar:/usr/local/bin/lib/hamcrest-core.jar:results_utbot-mocks_30/SPOON-101_10/temp/testcases/mutated_code/SUT:/home/utbot_mocks/results_utbot-mocks_30/SPOON-101_10/temp/testcases/bin:results_utbot-mocks_30/SPOON-101_10/temp/testcases/mutated_code/CUT24

Failed test testIgnoreStaticAccess2(spoon.reflect.visitor.PrintingContextTest)
	 actual test, will stop test execution !
TestExec4MutationTask: Mutant MutationIdentifier [location=Location [clazz=spoon.reflect.visitor.PrintingContext, method=ignoreGenerics, methodDesc=()Z], indexes=[18], mutator=org.pitest.mutationtest.engine.gregor.mutators.ReturnValsMutator] killed by test (spoon.reflect.visitor.PrintingContextTest),testIgnoreStaticAccess2)
Evaluating mutant 293132430 using tests: [spoon.reflect.visitor.PrintingContextTest]

 CP : /usr/local/bin/lib/junit.jar:/usr/local/bin/lib/hamcrest-core.jar:results_utbot-mocks_30/SPOON-101_10/temp/testcases/mutated_code/SUT:/home/utbot_mocks/results_utbot-mocks_30/SPOON-101_10/temp/testcases/bin:results_utbot-mocks_30/SPOON-101_10/temp/testcases/mutated_code/CUT25

Failed test testIgnoreStaticAccess2(spoon.reflect.visitor.PrintingContextTest)
	 actual test, will stop test execution !
TestExec4MutationTask: Mutant MutationIdentifier [location=Location [clazz=spoon.reflect.visitor.PrintingContext, method=getCurrentTypeContext, methodDesc=()Lspoon/reflect/visitor/TypeContext;], indexes=[25], mutator=org.pitest.mutationtest.engine.gregor.mutators.ReturnValsMutator] killed by test (spoon.reflect.visitor.PrintingContextTest),testIgnoreStaticAccess2)
Evaluating mutant -761982739 using tests: [spoon.reflect.visitor.PrintingContextTest]

 CP : /usr/local/bin/lib/junit.jar:/usr/local/bin/lib/hamcrest-core.jar:results_utbot-mocks_30/SPOON-101_10/temp/testcases/mutated_code/SUT:/home/utbot_mocks/results_utbot-mocks_30/SPOON-101_10/temp/testcases/bin:results_utbot-mocks_30/SPOON-101_10/temp/testcases/mutated_code/CUT26

Failed test testIgnoreStaticAccess1(spoon.reflect.visitor.PrintingContextTest)
	 actual test, will stop test execution !
TestExec4MutationTask: Mutant MutationIdentifier [location=Location [clazz=spoon.reflect.visitor.PrintingContext, method=ignoreStaticAccess, methodDesc=()Z], indexes=[10], mutator=org.pitest.mutationtest.engine.gregor.mutators.NegateConditionalsMutator] killed by test (spoon.reflect.visitor.PrintingContextTest),testIgnoreStaticAccess1)
Evaluating mutant 2016000657 using tests: [spoon.reflect.visitor.PrintingContextTest]

 CP : /usr/local/bin/lib/junit.jar:/usr/local/bin/lib/hamcrest-core.jar:results_utbot-mocks_30/SPOON-101_10/temp/testcases/mutated_code/SUT:/home/utbot_mocks/results_utbot-mocks_30/SPOON-101_10/temp/testcases/bin:results_utbot-mocks_30/SPOON-101_10/temp/testcases/mutated_code/CUT27

Failed test testIgnoreStaticAccess2(spoon.reflect.visitor.PrintingContextTest)
	 actual test, will stop test execution !
TestExec4MutationTask: Mutant MutationIdentifier [location=Location [clazz=spoon.reflect.visitor.PrintingContext, method=modify, methodDesc=()Lspoon/reflect/visitor/PrintingContext$Writable;], indexes=[7], mutator=org.pitest.mutationtest.engine.gregor.mutators.ReturnValsMutator] killed by test (spoon.reflect.visitor.PrintingContextTest),testIgnoreStaticAccess2)
Evaluating mutant -5158389 using tests: [spoon.reflect.visitor.PrintingContextTest]

 CP : /usr/local/bin/lib/junit.jar:/usr/local/bin/lib/hamcrest-core.jar:results_utbot-mocks_30/SPOON-101_10/temp/testcases/mutated_code/SUT:/home/utbot_mocks/results_utbot-mocks_30/SPOON-101_10/temp/testcases/bin:results_utbot-mocks_30/SPOON-101_10/temp/testcases/mutated_code/CUT28

Failed test testIgnoreStaticAccess2(spoon.reflect.visitor.PrintingContextTest)
	 actual test, will stop test execution !
TestExec4MutationTask: Mutant MutationIdentifier [location=Location [clazz=spoon.reflect.visitor.PrintingContext, method=ignoreEnclosingClass, methodDesc=()Z], indexes=[7], mutator=org.pitest.mutationtest.engine.gregor.mutators.MathMutator] killed by test (spoon.reflect.visitor.PrintingContextTest),testIgnoreStaticAccess2)
Evaluating mutant 1169928135 using tests: [spoon.reflect.visitor.PrintingContextTest]

 CP : /usr/local/bin/lib/junit.jar:/usr/local/bin/lib/hamcrest-core.jar:results_utbot-mocks_30/SPOON-101_10/temp/testcases/mutated_code/SUT:/home/utbot_mocks/results_utbot-mocks_30/SPOON-101_10/temp/testcases/bin:results_utbot-mocks_30/SPOON-101_10/temp/testcases/mutated_code/CUT29

Failed test testIgnoreStaticAccess2(spoon.reflect.visitor.PrintingContextTest)
	 actual test, will stop test execution !
TestExec4MutationTask: Mutant MutationIdentifier [location=Location [clazz=spoon.reflect.visitor.PrintingContext, method=skipArray, methodDesc=()Z], indexes=[7], mutator=org.pitest.mutationtest.engine.gregor.mutators.MathMutator] killed by test (spoon.reflect.visitor.PrintingContextTest),testIgnoreStaticAccess2)
Evaluating mutant 1596825809 using tests: [spoon.reflect.visitor.PrintingContextTest]

 CP : /usr/local/bin/lib/junit.jar:/usr/local/bin/lib/hamcrest-core.jar:results_utbot-mocks_30/SPOON-101_10/temp/testcases/mutated_code/SUT:/home/utbot_mocks/results_utbot-mocks_30/SPOON-101_10/temp/testcases/bin:results_utbot-mocks_30/SPOON-101_10/temp/testcases/mutated_code/CUT30

Failed test testIgnoreStaticAccess2(spoon.reflect.visitor.PrintingContextTest)
	 actual test, will stop test execution !
TestExec4MutationTask: Mutant MutationIdentifier [location=Location [clazz=spoon.reflect.visitor.PrintingContext, method=getCurrentTypeContext, methodDesc=()Lspoon/reflect/visitor/TypeContext;], indexes=[9], mutator=org.pitest.mutationtest.engine.gregor.mutators.NegateConditionalsMutator] killed by test (spoon.reflect.visitor.PrintingContextTest),testIgnoreStaticAccess2)
Evaluating mutant 539546516 using tests: [spoon.reflect.visitor.PrintingContextTest]

 CP : /usr/local/bin/lib/junit.jar:/usr/local/bin/lib/hamcrest-core.jar:results_utbot-mocks_30/SPOON-101_10/temp/testcases/mutated_code/SUT:/home/utbot_mocks/results_utbot-mocks_30/SPOON-101_10/temp/testcases/bin:results_utbot-mocks_30/SPOON-101_10/temp/testcases/mutated_code/CUT31

Failed test testIgnoreStaticAccess2(spoon.reflect.visitor.PrintingContextTest)
	 actual test, will stop test execution !
TestExec4MutationTask: Mutant MutationIdentifier [location=Location [clazz=spoon.reflect.visitor.PrintingContext, method=toString, methodDesc=()Ljava/lang/String;], indexes=[14], mutator=org.pitest.mutationtest.engine.gregor.mutators.ReturnValsMutator] killed by test (spoon.reflect.visitor.PrintingContextTest),testIgnoreStaticAccess2)
mutationResult.getState() KILLED
* Killed mutant MutationDetails [id=MutationIdentifier [location=Location [clazz=spoon.reflect.visitor.PrintingContext, method=forceWildcardGenerics, methodDesc=()Z], indexes=[10], mutator=org.pitest.mutationtest.engine.gregor.mutators.NegateConditionalsMutator], filename=PrintingContext.java, block=16, lineNumber=54, description=negated conditional, testsInOrder=[]]
mutationResult.getState() KILLED
* Killed mutant MutationDetails [id=MutationIdentifier [location=Location [clazz=spoon.reflect.visitor.PrintingContext, method=ignoreStaticAccess, methodDesc=()Z], indexes=[18], mutator=org.pitest.mutationtest.engine.gregor.mutators.ReturnValsMutator], filename=PrintingContext.java, block=12, lineNumber=48, description=replaced return of integer sized value with (x == 0 ? 1 : 0), testsInOrder=[]]
mutationResult.getState() KILLED
* Killed mutant MutationDetails [id=MutationIdentifier [location=Location [clazz=spoon.reflect.visitor.PrintingContext, method=noTypeDecl, methodDesc=()Z], indexes=[7], mutator=org.pitest.mutationtest.engine.gregor.mutators.MathMutator], filename=PrintingContext.java, block=1, lineNumber=39, description=Replaced bitwise AND with OR, testsInOrder=[]]
mutationResult.getState() KILLED
* Killed mutant MutationDetails [id=MutationIdentifier [location=Location [clazz=spoon.reflect.visitor.PrintingContext, method=skipArray, methodDesc=()Z], indexes=[18], mutator=org.pitest.mutationtest.engine.gregor.mutators.ReturnValsMutator], filename=PrintingContext.java, block=9, lineNumber=45, description=replaced return of integer sized value with (x == 0 ? 1 : 0), testsInOrder=[]]
mutationResult.getState() KILLED
* Killed mutant MutationDetails [id=MutationIdentifier [location=Location [clazz=spoon.reflect.visitor.PrintingContext, method=noTypeDecl, methodDesc=()Z], indexes=[10], mutator=org.pitest.mutationtest.engine.gregor.mutators.NegateConditionalsMutator], filename=PrintingContext.java, block=1, lineNumber=39, description=negated conditional, testsInOrder=[]]
mutationResult.getState() KILLED
* Killed mutant MutationDetails [id=MutationIdentifier [location=Location [clazz=spoon.reflect.visitor.PrintingContext, method=noTypeDecl, methodDesc=()Z], indexes=[18], mutator=org.pitest.mutationtest.engine.gregor.mutators.ReturnValsMutator], filename=PrintingContext.java, block=3, lineNumber=39, description=replaced return of integer sized value with (x == 0 ? 1 : 0), testsInOrder=[]]
mutationResult.getState() KILLED
* Killed mutant MutationDetails [id=MutationIdentifier [location=Location [clazz=spoon.reflect.visitor.PrintingContext, method=forceWildcardGenerics, methodDesc=()Z], indexes=[7], mutator=org.pitest.mutationtest.engine.gregor.mutators.MathMutator], filename=PrintingContext.java, block=16, lineNumber=54, description=Replaced bitwise AND with OR, testsInOrder=[]]
mutationResult.getState() KILLED
* Killed mutant MutationDetails [id=MutationIdentifier [location=Location [clazz=spoon.reflect.visitor.PrintingContext, method=ignoreGenerics, methodDesc=()Z], indexes=[7], mutator=org.pitest.mutationtest.engine.gregor.mutators.MathMutator], filename=PrintingContext.java, block=4, lineNumber=42, description=Replaced bitwise AND with OR, testsInOrder=[]]
mutationResult.getState() KILLED
* Killed mutant MutationDetails [id=MutationIdentifier [location=Location [clazz=spoon.reflect.visitor.PrintingContext, method=ignoreEnclosingClass, methodDesc=()Z], indexes=[18], mutator=org.pitest.mutationtest.engine.gregor.mutators.ReturnValsMutator], filename=PrintingContext.java, block=15, lineNumber=51, description=replaced return of integer sized value with (x == 0 ? 1 : 0), testsInOrder=[]]
mutationResult.getState() KILLED
* Killed mutant MutationDetails [id=MutationIdentifier [location=Location [clazz=spoon.reflect.visitor.PrintingContext, method=ignoreStaticAccess, methodDesc=()Z], indexes=[7], mutator=org.pitest.mutationtest.engine.gregor.mutators.MathMutator], filename=PrintingContext.java, block=10, lineNumber=48, description=Replaced bitwise AND with OR, testsInOrder=[]]
mutationResult.getState() KILLED
* Killed mutant MutationDetails [id=MutationIdentifier [location=Location [clazz=spoon.reflect.visitor.PrintingContext, method=ignoreEnclosingClass, methodDesc=()Z], indexes=[10], mutator=org.pitest.mutationtest.engine.gregor.mutators.NegateConditionalsMutator], filename=PrintingContext.java, block=13, lineNumber=51, description=negated conditional, testsInOrder=[]]
mutationResult.getState() KILLED
* Killed mutant MutationDetails [id=MutationIdentifier [location=Location [clazz=spoon.reflect.visitor.PrintingContext, method=getCurrentTypeReference, methodDesc=()Lspoon/reflect/reference/CtTypeReference;], indexes=[5], mutator=org.pitest.mutationtest.engine.gregor.mutators.NegateConditionalsMutator], filename=PrintingContext.java, block=20, lineNumber=107, description=negated conditional, testsInOrder=[]]
mutationResult.getState() KILLED
* Killed mutant MutationDetails [id=MutationIdentifier [location=Location [clazz=spoon.reflect.visitor.PrintingContext, method=getCurrentTypeContext, methodDesc=()Lspoon/reflect/visitor/TypeContext;], indexes=[5], mutator=org.pitest.mutationtest.engine.gregor.mutators.NegateConditionalsMutator], filename=PrintingContext.java, block=25, lineNumber=117, description=negated conditional, testsInOrder=[]]
mutationResult.getState() KILLED
* Killed mutant MutationDetails [id=MutationIdentifier [location=Location [clazz=spoon.reflect.visitor.PrintingContext, method=getCurrentTypeContext, methodDesc=()Lspoon/reflect/visitor/TypeContext;], indexes=[9], mutator=org.pitest.mutationtest.engine.gregor.mutators.ConditionalsBoundaryMutator], filename=PrintingContext.java, block=26, lineNumber=117, description=changed conditional boundary, testsInOrder=[]]
mutationResult.getState() KILLED
* Killed mutant MutationDetails [id=MutationIdentifier [location=Location [clazz=spoon.reflect.visitor.PrintingContext, method=ignoreGenerics, methodDesc=()Z], indexes=[10], mutator=org.pitest.mutationtest.engine.gregor.mutators.NegateConditionalsMutator], filename=PrintingContext.java, block=4, lineNumber=42, description=negated conditional, testsInOrder=[]]
mutationResult.getState() KILLED
* Killed mutant MutationDetails [id=MutationIdentifier [location=Location [clazz=spoon.reflect.visitor.PrintingContext, method=skipArray, methodDesc=()Z], indexes=[10], mutator=org.pitest.mutationtest.engine.gregor.mutators.NegateConditionalsMutator], filename=PrintingContext.java, block=7, lineNumber=45, description=negated conditional, testsInOrder=[]]
mutationResult.getState() KILLED
* Killed mutant MutationDetails [id=MutationIdentifier [location=Location [clazz=spoon.reflect.visitor.PrintingContext, method=getCurrentTypeReference, methodDesc=()Lspoon/reflect/reference/CtTypeReference;], indexes=[31], mutator=org.pitest.mutationtest.engine.gregor.mutators.ReturnValsMutator], filename=PrintingContext.java, block=24, lineNumber=114, description=mutated return of Object value for spoon/reflect/visitor/PrintingContext::getCurrentTypeReference to ( if (x != null) null else throw new RuntimeException ), testsInOrder=[]]
mutationResult.getState() KILLED
* Killed mutant MutationDetails [id=MutationIdentifier [location=Location [clazz=spoon.reflect.visitor.PrintingContext, method=isInCurrentScope, methodDesc=(Lspoon/reflect/reference/CtTypeReference;)Z], indexes=[9], mutator=org.pitest.mutationtest.engine.gregor.mutators.NegateConditionalsMutator], filename=PrintingContext.java, block=32, lineNumber=148, description=negated conditional, testsInOrder=[]]
mutationResult.getState() KILLED
* Killed mutant MutationDetails [id=MutationIdentifier [location=Location [clazz=spoon.reflect.visitor.PrintingContext, method=forceWildcardGenerics, methodDesc=()Z], indexes=[18], mutator=org.pitest.mutationtest.engine.gregor.mutators.ReturnValsMutator], filename=PrintingContext.java, block=18, lineNumber=54, description=replaced return of integer sized value with (x == 0 ? 1 : 0), testsInOrder=[]]
mutationResult.getState() KILLED
* Killed mutant MutationDetails [id=MutationIdentifier [location=Location [clazz=spoon.reflect.visitor.PrintingContext, method=getCurrentTypeReference, methodDesc=()Lspoon/reflect/reference/CtTypeReference;], indexes=[14], mutator=org.pitest.mutationtest.engine.gregor.mutators.NegateConditionalsMutator], filename=PrintingContext.java, block=21, lineNumber=109, description=negated conditional, testsInOrder=[]]
mutationResult.getState() KILLED
* Killed mutant MutationDetails [id=MutationIdentifier [location=Location [clazz=spoon.reflect.visitor.PrintingContext, method=isInCurrentScope, methodDesc=(Lspoon/reflect/reference/CtTypeReference;)Z], indexes=[13], mutator=org.pitest.mutationtest.engine.gregor.mutators.NegateConditionalsMutator], filename=PrintingContext.java, block=33, lineNumber=148, description=negated conditional, testsInOrder=[]]
mutationResult.getState() KILLED
* Killed mutant MutationDetails [id=MutationIdentifier [location=Location [clazz=spoon.reflect.visitor.PrintingContext, method=isInCurrentScope, methodDesc=(Lspoon/reflect/reference/CtTypeReference;)Z], indexes=[21], mutator=org.pitest.mutationtest.engine.gregor.mutators.ReturnValsMutator], filename=PrintingContext.java, block=35, lineNumber=148, description=replaced return of integer sized value with (x == 0 ? 1 : 0), testsInOrder=[]]
mutationResult.getState() KILLED
* Killed mutant MutationDetails [id=MutationIdentifier [location=Location [clazz=spoon.reflect.visitor.PrintingContext, method=getCurrentTypeReference, methodDesc=()Lspoon/reflect/reference/CtTypeReference;], indexes=[26], mutator=org.pitest.mutationtest.engine.gregor.mutators.ReturnValsMutator], filename=PrintingContext.java, block=23, lineNumber=112, description=mutated return of Object value for spoon/reflect/visitor/PrintingContext::getCurrentTypeReference to ( if (x != null) null else throw new RuntimeException ), testsInOrder=[]]
mutationResult.getState() KILLED
* Killed mutant MutationDetails [id=MutationIdentifier [location=Location [clazz=spoon.reflect.visitor.PrintingContext, method=getCurrentTypeContext, methodDesc=()Lspoon/reflect/visitor/TypeContext;], indexes=[20], mutator=org.pitest.mutationtest.engine.gregor.mutators.ReturnValsMutator], filename=PrintingContext.java, block=27, lineNumber=119, description=mutated return of Object value for spoon/reflect/visitor/PrintingContext::getCurrentTypeContext to ( if (x != null) null else throw new RuntimeException ), testsInOrder=[]]
mutationResult.getState() KILLED
* Killed mutant MutationDetails [id=MutationIdentifier [location=Location [clazz=spoon.reflect.visitor.PrintingContext, method=ignoreGenerics, methodDesc=()Z], indexes=[18], mutator=org.pitest.mutationtest.engine.gregor.mutators.ReturnValsMutator], filename=PrintingContext.java, block=6, lineNumber=42, description=replaced return of integer sized value with (x == 0 ? 1 : 0), testsInOrder=[]]
mutationResult.getState() KILLED
* Killed mutant MutationDetails [id=MutationIdentifier [location=Location [clazz=spoon.reflect.visitor.PrintingContext, method=getCurrentTypeContext, methodDesc=()Lspoon/reflect/visitor/TypeContext;], indexes=[25], mutator=org.pitest.mutationtest.engine.gregor.mutators.ReturnValsMutator], filename=PrintingContext.java, block=28, lineNumber=121, description=mutated return of Object value for spoon/reflect/visitor/PrintingContext::getCurrentTypeContext to ( if (x != null) null else throw new RuntimeException ), testsInOrder=[]]
mutationResult.getState() KILLED
* Killed mutant MutationDetails [id=MutationIdentifier [location=Location [clazz=spoon.reflect.visitor.PrintingContext, method=ignoreStaticAccess, methodDesc=()Z], indexes=[10], mutator=org.pitest.mutationtest.engine.gregor.mutators.NegateConditionalsMutator], filename=PrintingContext.java, block=10, lineNumber=48, description=negated conditional, testsInOrder=[]]
mutationResult.getState() KILLED
* Killed mutant MutationDetails [id=MutationIdentifier [location=Location [clazz=spoon.reflect.visitor.PrintingContext, method=modify, methodDesc=()Lspoon/reflect/visitor/PrintingContext$Writable;], indexes=[7], mutator=org.pitest.mutationtest.engine.gregor.mutators.ReturnValsMutator], filename=PrintingContext.java, block=19, lineNumber=98, description=mutated return of Object value for spoon/reflect/visitor/PrintingContext::modify to ( if (x != null) null else throw new RuntimeException ), testsInOrder=[]]
mutationResult.getState() KILLED
* Killed mutant MutationDetails [id=MutationIdentifier [location=Location [clazz=spoon.reflect.visitor.PrintingContext, method=ignoreEnclosingClass, methodDesc=()Z], indexes=[7], mutator=org.pitest.mutationtest.engine.gregor.mutators.MathMutator], filename=PrintingContext.java, block=13, lineNumber=51, description=Replaced bitwise AND with OR, testsInOrder=[]]
mutationResult.getState() KILLED
* Killed mutant MutationDetails [id=MutationIdentifier [location=Location [clazz=spoon.reflect.visitor.PrintingContext, method=skipArray, methodDesc=()Z], indexes=[7], mutator=org.pitest.mutationtest.engine.gregor.mutators.MathMutator], filename=PrintingContext.java, block=7, lineNumber=45, description=Replaced bitwise AND with OR, testsInOrder=[]]
mutationResult.getState() KILLED
* Killed mutant MutationDetails [id=MutationIdentifier [location=Location [clazz=spoon.reflect.visitor.PrintingContext, method=getCurrentTypeContext, methodDesc=()Lspoon/reflect/visitor/TypeContext;], indexes=[9], mutator=org.pitest.mutationtest.engine.gregor.mutators.NegateConditionalsMutator], filename=PrintingContext.java, block=26, lineNumber=117, description=negated conditional, testsInOrder=[]]
mutationResult.getState() KILLED
* Killed mutant MutationDetails [id=MutationIdentifier [location=Location [clazz=spoon.reflect.visitor.PrintingContext, method=toString, methodDesc=()Ljava/lang/String;], indexes=[14], mutator=org.pitest.mutationtest.engine.gregor.mutators.ReturnValsMutator], filename=PrintingContext.java, block=31, lineNumber=140, description=mutated return of Object value for spoon/reflect/visitor/PrintingContext::toString to ( if (x != null) null else throw new RuntimeException ), testsInOrder=[]]

>>> RESULTS:
	Tool name: utbot-mocks
	Benchmark: SPOON-101
	Class Under Test: spoon.reflect.visitor.PrintingContext
	Run number: 10
	Tool preparation time (ms): 15065
	Tool test cases generation time (ms): 12217
	Test cases execution time (ms): 1421
	Test case number: 66
	Uncompilable Test Classes: 0
	Broken tests number: 2
	Failing tests number: 0
	Lines total: 34
	Lines covered: 31
	Lines coverage ratio (%): 91.17647
	Conditions total: 24
	Conditions covered: 22
	Conditions coverage ratio (%): 91.66667
	Mutants total: 34
	Mutants covered: 32
	Mutants coverage ratio (%): 94.117645
	Mutants killed: 32
	Mutants killed ratio (%): 94.117645
	Mutants alive: 2


Class spoon.reflect.visitor.PrintingContext ended.
Stopping process...
Tool subprocess is an instance of java.lang.UNIXProcess
Tool subprocess Id is 27742
Killing master process 27742
Executing command kill -9 27742
Execution of command kill -9 27742 finished.
Process was destroyed
