
>>> TOOL NAME:  utbot-mocks

>>> BENCHMARK:  FASTJSON-59

>>> RUN NUMBER: 3

>>> MODE: --only-compute-metrics
Creating directory ./temp
Creating directory ./temp/data
Creating directory ./temp/testcases
Executing /home/utbot_mocks/./runtool
>> BENCHMARK
>> /var/benchmarks/projects/fastjson/src/main/java
>> /var/benchmarks/projects/fastjson/target/classes
>> 140
>> /var/benchmarks/projects/fastjson/target/fastjson-1.2.50-SNAPSHOT.jar
>> /var/benchmarks/projects/./fastjson/target/dependency/deeptestutils-1.1.0.jar
>> /var/benchmarks/projects/fastjson/target/dependency/commons-beanutils-1.8.0.jar
>> /var/benchmarks/projects/fastjson/target/dependency/woodstox-core-asl-4.4.1.jar
>> /var/benchmarks/projects/fastjson/target/dependency/spring-aop-4.3.7.RELEASE.jar
>> /var/benchmarks/projects/fastjson/target/dependency/hibernate-core-5.2.10.Final.jar
>> /var/benchmarks/projects/fastjson/target/dependency/jackson-module-kotlin-2.9.0.jar
>> /var/benchmarks/projects/fastjson/target/dependency/spring-data-commons-1.13.6.RELEASE.jar
>> /var/benchmarks/projects/fastjson/target/dependency/javax.annotation-api-1.2.jar
>> /var/benchmarks/projects/fastjson/target/dependency/gson-2.6.2.jar
>> /var/benchmarks/projects/fastjson/target/dependency/jetty-continuation-8.1.8.v20121106.jar
>> /var/benchmarks/projects/fastjson/target/dependency/objenesis-2.5.1.jar
>> /var/benchmarks/projects/fastjson/target/dependency/powermock-reflect-1.6.6.jar
>> /var/benchmarks/projects/fastjson/target/dependency/springfox-spring-web-2.6.1.jar
>> /var/benchmarks/projects/fastjson/target/dependency/javaslang-2.0.6.jar
>> /var/benchmarks/projects/fastjson/target/dependency/guava-18.0.jar
>> /var/benchmarks/projects/fastjson/target/dependency/mockito-core-1.10.19.jar
>> /var/benchmarks/projects/fastjson/target/dependency/json-lib-2.4-jdk15.jar
>> /var/benchmarks/projects/fastjson/target/dependency/jetty-xml-8.1.8.v20121106.jar
>> /var/benchmarks/projects/fastjson/target/dependency/xmlschema-core-2.2.1.jar
>> /var/benchmarks/projects/fastjson/target/dependency/powermock-api-support-1.6.6.jar
>> /var/benchmarks/projects/fastjson/target/dependency/commons-collections4-4.1.jar
>> /var/benchmarks/projects/fastjson/target/dependency/cglib-nodep-2.2.2.jar
>> /var/benchmarks/projects/fastjson/target/dependency/asm-debug-all-5.0.4.jar
>> /var/benchmarks/projects/fastjson/target/dependency/spring-plugin-core-1.2.0.RELEASE.jar
>> /var/benchmarks/projects/fastjson/target/dependency/cxf-rt-rs-client-3.1.2.jar
>> /var/benchmarks/projects/fastjson/target/dependency/jetty-io-8.1.8.v20121106.jar
>> /var/benchmarks/projects/fastjson/target/dependency/commons-lang3-3.4.jar
>> /var/benchmarks/projects/fastjson/target/dependency/stax2-api-3.1.4.jar
>> /var/benchmarks/projects/fastjson/target/dependency/jackson-annotations-2.9.0.jar
>> /var/benchmarks/projects/fastjson/target/dependency/jetty-server-8.1.8.v20121106.jar
>> /var/benchmarks/projects/fastjson/target/dependency/json-simple-1.1.1.jar
>> /var/benchmarks/projects/fastjson/target/dependency/asm-tree-4.0.jar
>> /var/benchmarks/projects/fastjson/target/dependency/spring-data-commons-core-1.4.1.RELEASE.jar
>> /var/benchmarks/projects/fastjson/target/dependency/powermock-module-junit4-common-1.6.6.jar
>> /var/benchmarks/projects/fastjson/target/dependency/jcl-over-slf4j-1.7.25.jar
>> /var/benchmarks/projects/fastjson/target/dependency/javax.servlet-3.0.0.v201112011016.jar
>> /var/benchmarks/projects/fastjson/target/dependency/springfox-core-2.6.1.jar
>> /var/benchmarks/projects/fastjson/target/dependency/osgi-resource-locator-1.0.1.jar
>> /var/benchmarks/projects/fastjson/target/dependency/javassist-3.18.0-GA.jar
>> /var/benchmarks/projects/fastjson/target/dependency/kotlin-reflect-1.1.3-2.jar
>> /var/benchmarks/projects/fastjson/target/dependency/spring-context-support-4.3.10.RELEASE.jar
>> /var/benchmarks/projects/fastjson/target/dependency/spring-plugin-metadata-1.2.0.RELEASE.jar
>> /var/benchmarks/projects/fastjson/target/dependency/kotlin-stdlib-1.1.3-2.jar
>> /var/benchmarks/projects/fastjson/target/dependency/spring-data-keyvalue-1.2.6.RELEASE.jar
>> /var/benchmarks/projects/fastjson/target/dependency/jersey-container-servlet-core-2.23.2.jar
>> /var/benchmarks/projects/fastjson/target/dependency/asm-4.0.jar
>> /var/benchmarks/projects/fastjson/target/dependency/asm-commons-4.0.jar
>> /var/benchmarks/projects/fastjson/target/dependency/jersey-guava-2.23.2.jar
>> /var/benchmarks/projects/fastjson/target/dependency/aopalliance-1.0.jar
>> /var/benchmarks/projects/fastjson/target/dependency/groovy-2.1.5.jar
>> /var/benchmarks/projects/fastjson/target/dependency/hk2-api-2.5.0-b05.jar
>> /var/benchmarks/projects/fastjson/target/dependency/jetty-security-8.1.8.v20121106.jar
>> /var/benchmarks/projects/fastjson/target/dependency/jmh-core-1.21.jar
>> /var/benchmarks/projects/fastjson/target/dependency/jersey-container-servlet-2.23.2.jar
>> /var/benchmarks/projects/fastjson/target/dependency/dom4j-1.6.1.jar
>> /var/benchmarks/projects/fastjson/target/dependency/spring-core-4.3.7.RELEASE.jar
>> /var/benchmarks/projects/fastjson/target/dependency/spring-data-redis-1.8.6.RELEASE.jar
>> /var/benchmarks/projects/fastjson/target/dependency/jackson-core-asl-1.9.13.jar
>> /var/benchmarks/projects/fastjson/target/dependency/jackson-mapper-asl-1.9.13.jar
>> /var/benchmarks/projects/fastjson/target/dependency/hibernate-jpa-2.1-api-1.0.0.Final.jar
>> /var/benchmarks/projects/fastjson/target/dependency/junit-4.12.jar
>> /var/benchmarks/projects/fastjson/target/dependency/commons-io-1.4.jar
>> /var/benchmarks/projects/fastjson/target/dependency/jetty-util-8.1.8.v20121106.jar
>> /var/benchmarks/projects/fastjson/target/dependency/hamcrest-core-1.3.jar
>> /var/benchmarks/projects/fastjson/target/dependency/jmh-generator-annprocess-1.21.jar
>> /var/benchmarks/projects/fastjson/target/dependency/jackson-jaxrs-base-2.8.7.jar
>> /var/benchmarks/projects/fastjson/target/dependency/powermock-module-junit4-1.6.6.jar
>> /var/benchmarks/projects/fastjson/target/dependency/powermock-core-1.6.6.jar
>> /var/benchmarks/projects/fastjson/target/dependency/slf4j-api-1.7.25.jar
>> /var/benchmarks/projects/fastjson/target/dependency/antlr-2.7.7.jar
>> /var/benchmarks/projects/fastjson/target/dependency/mockito-all-1.10.19.jar
>> /var/benchmarks/projects/fastjson/target/dependency/jersey-container-jdk-http-2.23.2.jar
>> /var/benchmarks/projects/fastjson/target/dependency/javaslang-match-2.0.6.jar
>> /var/benchmarks/projects/fastjson/target/dependency/jersey-test-framework-provider-jdk-http-2.23.2.jar
>> /var/benchmarks/projects/fastjson/target/dependency/jersey-entity-filtering-2.23.2.jar
>> /var/benchmarks/projects/fastjson/target/dependency/jandex-2.0.3.Final.jar
>> /var/benchmarks/projects/fastjson/target/dependency/ezmorph-1.0.6.jar
>> /var/benchmarks/projects/fastjson/target/dependency/jackson-jaxrs-json-provider-2.8.7.jar
>> /var/benchmarks/projects/fastjson/target/dependency/cxf-rt-transports-http-3.1.2.jar
>> /var/benchmarks/projects/fastjson/target/dependency/spring-beans-4.3.7.RELEASE.jar
>> /var/benchmarks/projects/fastjson/target/dependency/jersey-server-2.23.2.jar
>> /var/benchmarks/projects/fastjson/target/dependency/powermock-api-mockito-1.6.6.jar
>> /var/benchmarks/projects/fastjson/target/dependency/jackson-module-jaxb-annotations-2.8.7.jar
>> /var/benchmarks/projects/fastjson/target/dependency/jopt-simple-4.6.jar
>> /var/benchmarks/projects/fastjson/target/dependency/asm-analysis-4.0.jar
>> /var/benchmarks/projects/fastjson/target/dependency/annotations-13.0.jar
>> /var/benchmarks/projects/fastjson/target/dependency/json-path-2.3.0.jar
>> /var/benchmarks/projects/fastjson/target/dependency/springfox-spi-2.6.1.jar
>> /var/benchmarks/projects/fastjson/target/dependency/spring-websocket-4.3.7.RELEASE.jar
>> /var/benchmarks/projects/fastjson/target/dependency/spring-messaging-4.3.7.RELEASE.jar
>> /var/benchmarks/projects/fastjson/target/dependency/jersey-client-2.23.2.jar
>> /var/benchmarks/projects/fastjson/target/dependency/javax.ws.rs-api-2.0.1.jar
>> /var/benchmarks/projects/fastjson/target/dependency/accessors-smart-1.1.jar
>> /var/benchmarks/projects/fastjson/target/dependency/hibernate-commons-annotations-5.0.1.Final.jar
>> /var/benchmarks/projects/fastjson/target/dependency/commons-logging-1.1.1.jar
>> /var/benchmarks/projects/fastjson/target/dependency/jackson-core-2.9.0.jar
>> /var/benchmarks/projects/fastjson/target/dependency/spring-expression-4.3.7.RELEASE.jar
>> /var/benchmarks/projects/fastjson/target/dependency/jersey-media-jaxb-2.23.2.jar
>> /var/benchmarks/projects/fastjson/target/dependency/okhttp-3.6.0.jar
>> /var/benchmarks/projects/fastjson/target/dependency/commons-math3-3.2.jar
>> /var/benchmarks/projects/fastjson/target/dependency/jetty-webapp-8.1.8.v20121106.jar
>> /var/benchmarks/projects/fastjson/target/dependency/javax.inject-2.5.0-b05.jar
>> /var/benchmarks/projects/fastjson/target/dependency/cxf-core-3.1.2.jar
>> /var/benchmarks/projects/fastjson/target/dependency/powermock-api-mockito-common-1.6.6.jar
>> /var/benchmarks/projects/fastjson/target/dependency/jetty-http-8.1.8.v20121106.jar
>> /var/benchmarks/projects/fastjson/target/dependency/spring-security-config-3.2.10.RELEASE.jar
>> /var/benchmarks/projects/fastjson/target/dependency/okio-1.11.0.jar
>> /var/benchmarks/projects/fastjson/target/dependency/javax.servlet-api-3.1.0.jar
>> /var/benchmarks/projects/fastjson/target/dependency/json-smart-2.2.1.jar
>> /var/benchmarks/projects/fastjson/target/dependency/spring-tx-4.3.10.RELEASE.jar
>> /var/benchmarks/projects/fastjson/target/dependency/jackson-module-afterburner-2.9.0.jar
>> /var/benchmarks/projects/fastjson/target/dependency/asm-util-4.0.jar
>> /var/benchmarks/projects/fastjson/target/dependency/spring-security-web-4.2.3.RELEASE.jar
>> /var/benchmarks/projects/fastjson/target/dependency/spring-webmvc-4.3.7.RELEASE.jar
>> /var/benchmarks/projects/fastjson/target/dependency/hk2-locator-2.5.0-b05.jar
>> /var/benchmarks/projects/fastjson/target/dependency/retrofit-2.1.0.jar
>> /var/benchmarks/projects/fastjson/target/dependency/clojure-1.5.1.jar
>> /var/benchmarks/projects/fastjson/target/dependency/spring-security-oauth2-2.3.3.RELEASE.jar
>> /var/benchmarks/projects/fastjson/target/dependency/spring-test-4.3.7.RELEASE.jar
>> /var/benchmarks/projects/fastjson/target/dependency/aopalliance-repackaged-2.5.0-b05.jar
>> /var/benchmarks/projects/fastjson/target/dependency/spring-oxm-4.3.10.RELEASE.jar
>> /var/benchmarks/projects/fastjson/target/dependency/spring-security-core-4.2.3.RELEASE.jar
>> /var/benchmarks/projects/fastjson/target/dependency/jboss-transaction-api_1.2_spec-1.0.1.Final.jar
>> /var/benchmarks/projects/fastjson/target/dependency/lombok-1.14.4.jar
>> /var/benchmarks/projects/fastjson/target/dependency/commons-collections-3.2.1.jar
>> /var/benchmarks/projects/fastjson/target/dependency/cxf-rt-frontend-jaxrs-3.1.2.jar
>> /var/benchmarks/projects/fastjson/target/dependency/spring-context-4.3.7.RELEASE.jar
>> /var/benchmarks/projects/fastjson/target/dependency/jersey-test-framework-core-2.23.2.jar
>> /var/benchmarks/projects/fastjson/target/dependency/classmate-1.3.1.jar
>> /var/benchmarks/projects/fastjson/target/dependency/hk2-utils-2.5.0-b05.jar
>> /var/benchmarks/projects/fastjson/target/dependency/jersey-common-2.23.2.jar
>> /var/benchmarks/projects/fastjson/target/dependency/jackson-databind-2.9.0.jar
>> /var/benchmarks/projects/fastjson/target/dependency/jersey-media-json-jackson-2.23.2.jar
>> /var/benchmarks/projects/fastjson/target/dependency/commons-lang-2.5.jar
>> /var/benchmarks/projects/fastjson/target/dependency/jetty-servlet-8.1.8.v20121106.jar
>> /var/benchmarks/projects/fastjson/target/dependency/validation-api-1.1.0.Final.jar
>> /var/benchmarks/projects/fastjson/target/dependency/spring-web-4.3.7.RELEASE.jar
>> /var/benchmarks/projects/fastjson/target/dependency/jsoniter-0.9.8.jar
>> /var/benchmarks/projects/fastjson/target/dependency/jboss-logging-3.3.0.Final.jar
>> 0
expecting CLASSPATH or READY
<< CLASSPATH
expecting number
<< 0
<< READY
>> 30


### COMPUTING METRICS ###: com.alibaba.fastjson.asm.Type


Starting class com.alibaba.fastjson.asm.Type


Ending class com.alibaba.fastjson.asm.Type
ERROR: Something went wrong! Consult log.txt for more infos!
java.io.FileNotFoundException: /home/utbot_mocks/results_utbot-mocks_30/FASTJSON-59_3/temp/testcases/timing.txt (Not a directory)
	at java.io.FileInputStream.open0(Native Method)
	at java.io.FileInputStream.open(FileInputStream.java:195)
	at java.io.FileInputStream.<init>(FileInputStream.java:138)
	at java.io.FileReader.<init>(FileReader.java:72)
	at sbst.benchmark.TranscriptWriter.readTimingFile(TranscriptWriter.java:215)
	at sbst.benchmark.TranscriptWriter.endClass(TranscriptWriter.java:127)
	at sbst.benchmark.RunTool.execute(RunTool.java:141)
	at sbst.benchmark.RunTool.run(RunTool.java:62)
	at sbst.benchmark.Main.main(Main.java:160)


Class com.alibaba.fastjson.asm.Type ended.
Stopping process...
Tool subprocess is an instance of java.lang.UNIXProcess
Tool subprocess Id is 14242
Killing master process 14242
Executing command kill -9 14242
Execution of command kill -9 14242 finished.
Process was destroyed

>>> TOOL NAME:  utbot-mocks

>>> BENCHMARK:  SEATA-25

>>> RUN NUMBER: 6

>>> MODE: --only-compute-metrics
Deleting file or directory ./temp/testcases
Deleting file or directory ./temp/utbot-1-err.log
Deleting file or directory ./temp/data
Deleting file or directory ./temp/utbot-runtool.log
Deleting file or directory ./temp/utbot-1-out.log
Deleting file or directory ./temp
Creating directory ./temp
Creating directory ./temp/data
Creating directory ./temp/testcases
Executing /home/utbot_mocks/./runtool
>> BENCHMARK
>> /var/benchmarks/projects/seata/core/src/main/java
>> /var/benchmarks/projects/seata/core/target/classes
>> 18
>> /var/benchmarks/projects/seata/core/target/seata-core-0.5.0.jar
>> /var/benchmarks/projects/./seata/core/target/dependency/mockito-core-2.23.4.jar
>> /var/benchmarks/projects/seata/core/target/dependency/byte-buddy-agent-1.9.3.jar
>> /var/benchmarks/projects/seata/core/target/dependency/assertj-core-2.6.0.jar
>> /var/benchmarks/projects/seata/core/target/dependency/seata-common-0.5.0.jar
>> /var/benchmarks/projects/seata/core/target/dependency/byte-buddy-1.9.3.jar
>> /var/benchmarks/projects/seata/core/target/dependency/objenesis-2.6.jar
>> /var/benchmarks/projects/seata/core/target/dependency/seata-discovery-core-0.5.0.jar
>> /var/benchmarks/projects/seata/core/target/dependency/commons-pool2-2.4.2.jar
>> /var/benchmarks/projects/seata/core/target/dependency/junit-4.12.jar
>> /var/benchmarks/projects/seata/core/target/dependency/hamcrest-core-1.3.jar
>> /var/benchmarks/projects/seata/core/target/dependency/slf4j-api-1.7.22.jar
>> /var/benchmarks/projects/seata/core/target/dependency/seata-config-core-0.5.0.jar
>> /var/benchmarks/projects/seata/core/target/dependency/netty-all-4.1.24.Final.jar
>> /var/benchmarks/projects/seata/core/target/dependency/commons-lang-2.6.jar
>> /var/benchmarks/projects/seata/core/target/dependency/fastjson-1.2.48.jar
>> /var/benchmarks/projects/seata/core/target/dependency/config-1.2.1.jar
>> /var/benchmarks/projects/seata/core/target/dependency/commons-pool-1.6.jar
>> 0
expecting CLASSPATH or READY
<< CLASSPATH
expecting number
<< 0
<< READY
>> 30


### COMPUTING METRICS ###: io.seata.core.rpc.netty.NettyPoolableFactory


Starting class io.seata.core.rpc.netty.NettyPoolableFactory


Ending class io.seata.core.rpc.netty.NettyPoolableFactory
Creating directory results_utbot-mocks_30/SEATA-25_6/temp/testcases/bin
Creating dummy JUnit test file

---Compilation---

===
javac command line:
/usr/bin/javac -sourcepath /home/utbot_mocks/results_utbot-mocks_30/SEATA-25_6/temp/testcases -cp /var/benchmarks/projects/seata/core/target/seata-core-0.5.0.jar:/var/benchmarks/projects/./seata/core/target/dependency/mockito-core-2.23.4.jar:/var/benchmarks/projects/seata/core/target/dependency/byte-buddy-agent-1.9.3.jar:/var/benchmarks/projects/seata/core/target/dependency/assertj-core-2.6.0.jar:/var/benchmarks/projects/seata/core/target/dependency/seata-common-0.5.0.jar:/var/benchmarks/projects/seata/core/target/dependency/byte-buddy-1.9.3.jar:/var/benchmarks/projects/seata/core/target/dependency/objenesis-2.6.jar:/var/benchmarks/projects/seata/core/target/dependency/seata-discovery-core-0.5.0.jar:/var/benchmarks/projects/seata/core/target/dependency/commons-pool2-2.4.2.jar:/var/benchmarks/projects/seata/core/target/dependency/junit-4.12.jar:/var/benchmarks/projects/seata/core/target/dependency/hamcrest-core-1.3.jar:/var/benchmarks/projects/seata/core/target/dependency/slf4j-api-1.7.22.jar:/var/benchmarks/projects/seata/core/target/dependency/seata-config-core-0.5.0.jar:/var/benchmarks/projects/seata/core/target/dependency/netty-all-4.1.24.Final.jar:/var/benchmarks/projects/seata/core/target/dependency/commons-lang-2.6.jar:/var/benchmarks/projects/seata/core/target/dependency/fastjson-1.2.48.jar:/var/benchmarks/projects/seata/core/target/dependency/config-1.2.1.jar:/var/benchmarks/projects/seata/core/target/dependency/commons-pool-1.6.jar:/usr/local/bin/lib/junit.jar:/usr/local/bin/lib/hamcrest-core.jar -d results_utbot-mocks_30/SEATA-25_6/temp/testcases/bin /home/utbot_mocks/results_utbot-mocks_30/SEATA-25_6/temp/testcases/SBSTDummyForCoverageAndMutationCalculation.java


===
javac command line:
/usr/bin/javac -sourcepath /home/utbot_mocks/results_utbot-mocks_30/SEATA-25_6/temp/testcases -cp /var/benchmarks/projects/seata/core/target/seata-core-0.5.0.jar:/var/benchmarks/projects/./seata/core/target/dependency/mockito-core-2.23.4.jar:/var/benchmarks/projects/seata/core/target/dependency/byte-buddy-agent-1.9.3.jar:/var/benchmarks/projects/seata/core/target/dependency/assertj-core-2.6.0.jar:/var/benchmarks/projects/seata/core/target/dependency/seata-common-0.5.0.jar:/var/benchmarks/projects/seata/core/target/dependency/byte-buddy-1.9.3.jar:/var/benchmarks/projects/seata/core/target/dependency/objenesis-2.6.jar:/var/benchmarks/projects/seata/core/target/dependency/seata-discovery-core-0.5.0.jar:/var/benchmarks/projects/seata/core/target/dependency/commons-pool2-2.4.2.jar:/var/benchmarks/projects/seata/core/target/dependency/junit-4.12.jar:/var/benchmarks/projects/seata/core/target/dependency/hamcrest-core-1.3.jar:/var/benchmarks/projects/seata/core/target/dependency/slf4j-api-1.7.22.jar:/var/benchmarks/projects/seata/core/target/dependency/seata-config-core-0.5.0.jar:/var/benchmarks/projects/seata/core/target/dependency/netty-all-4.1.24.Final.jar:/var/benchmarks/projects/seata/core/target/dependency/commons-lang-2.6.jar:/var/benchmarks/projects/seata/core/target/dependency/fastjson-1.2.48.jar:/var/benchmarks/projects/seata/core/target/dependency/config-1.2.1.jar:/var/benchmarks/projects/seata/core/target/dependency/commons-pool-1.6.jar:/usr/local/bin/lib/junit.jar:/usr/local/bin/lib/hamcrest-core.jar -d results_utbot-mocks_30/SEATA-25_6/temp/testcases/bin /home/utbot_mocks/results_utbot-mocks_30/SEATA-25_6/temp/testcases/io/seata/core/rpc/netty/NettyPoolableFactoryTest.java

/home/utbot_mocks/results_utbot-mocks_30/SEATA-25_6/temp/testcases/io/seata/core/rpc/netty/NettyPoolableFactoryTest.java:12: warning: Unsafe is internal proprietary API and may be removed in a future release
import sun.misc.Unsafe;
               ^
/home/utbot_mocks/results_utbot-mocks_30/SEATA-25_6/temp/testcases/io/seata/core/rpc/netty/NettyPoolableFactoryTest.java:19: error: cannot find symbol
import static org.mockito.Mockito.mockStatic;
^
  symbol:   static mockStatic
  location: class
/home/utbot_mocks/results_utbot-mocks_30/SEATA-25_6/temp/testcases/io/seata/core/rpc/netty/NettyPoolableFactoryTest.java:54: error: cannot find symbol
        org.mockito.MockedStatic mockedStatic = null;
                   ^
  symbol:   class MockedStatic
  location: package org.mockito
/home/utbot_mocks/results_utbot-mocks_30/SEATA-25_6/temp/testcases/io/seata/core/rpc/netty/NettyPoolableFactoryTest.java:56: error: cannot find symbol
            mockedStatic = mockStatic(org.slf4j.LoggerFactory.class);
                           ^
  symbol:   method mockStatic(Class<LoggerFactory>)
  location: class NettyPoolableFactoryTest
/home/utbot_mocks/results_utbot-mocks_30/SEATA-25_6/temp/testcases/io/seata/core/rpc/netty/NettyPoolableFactoryTest.java:79: error: cannot find symbol
        org.mockito.MockedStatic mockedStatic = null;
                   ^
  symbol:   class MockedStatic
  location: package org.mockito
/home/utbot_mocks/results_utbot-mocks_30/SEATA-25_6/temp/testcases/io/seata/core/rpc/netty/NettyPoolableFactoryTest.java:81: error: cannot find symbol
            mockedStatic = mockStatic(org.slf4j.LoggerFactory.class);
                           ^
  symbol:   method mockStatic(Class<LoggerFactory>)
  location: class NettyPoolableFactoryTest
/home/utbot_mocks/results_utbot-mocks_30/SEATA-25_6/temp/testcases/io/seata/core/rpc/netty/NettyPoolableFactoryTest.java:102: error: cannot find symbol
        org.mockito.MockedStatic mockedStatic = null;
                   ^
  symbol:   class MockedStatic
  location: package org.mockito
/home/utbot_mocks/results_utbot-mocks_30/SEATA-25_6/temp/testcases/io/seata/core/rpc/netty/NettyPoolableFactoryTest.java:104: error: cannot find symbol
            mockedStatic = mockStatic(org.slf4j.LoggerFactory.class);
                           ^
  symbol:   method mockStatic(Class<LoggerFactory>)
  location: class NettyPoolableFactoryTest
/home/utbot_mocks/results_utbot-mocks_30/SEATA-25_6/temp/testcases/io/seata/core/rpc/netty/NettyPoolableFactoryTest.java:149: error: cannot find symbol
        org.mockito.MockedStatic mockedStatic = null;
                   ^
  symbol:   class MockedStatic
  location: package org.mockito
/home/utbot_mocks/results_utbot-mocks_30/SEATA-25_6/temp/testcases/io/seata/core/rpc/netty/NettyPoolableFactoryTest.java:150: error: cannot find symbol
        org.mockito.MockedStatic mockedStatic1 = null;
                   ^
  symbol:   class MockedStatic
  location: package org.mockito
/home/utbot_mocks/results_utbot-mocks_30/SEATA-25_6/temp/testcases/io/seata/core/rpc/netty/NettyPoolableFactoryTest.java:152: error: cannot find symbol
            mockedStatic = mockStatic(io.seata.common.util.NetUtil.class);
                           ^
  symbol:   method mockStatic(Class<NetUtil>)
  location: class NettyPoolableFactoryTest
/home/utbot_mocks/results_utbot-mocks_30/SEATA-25_6/temp/testcases/io/seata/core/rpc/netty/NettyPoolableFactoryTest.java:157: error: cannot find symbol
            mockedStatic1 = mockStatic(org.slf4j.LoggerFactory.class);
                            ^
  symbol:   method mockStatic(Class<LoggerFactory>)
  location: class NettyPoolableFactoryTest
/home/utbot_mocks/results_utbot-mocks_30/SEATA-25_6/temp/testcases/io/seata/core/rpc/netty/NettyPoolableFactoryTest.java:182: error: cannot find symbol
        org.mockito.MockedStatic mockedStatic = null;
                   ^
  symbol:   class MockedStatic
  location: package org.mockito
/home/utbot_mocks/results_utbot-mocks_30/SEATA-25_6/temp/testcases/io/seata/core/rpc/netty/NettyPoolableFactoryTest.java:183: error: cannot find symbol
        org.mockito.MockedStatic mockedStatic1 = null;
                   ^
  symbol:   class MockedStatic
  location: package org.mockito
/home/utbot_mocks/results_utbot-mocks_30/SEATA-25_6/temp/testcases/io/seata/core/rpc/netty/NettyPoolableFactoryTest.java:185: error: cannot find symbol
            mockedStatic = mockStatic(io.seata.common.util.NetUtil.class);
                           ^
  symbol:   method mockStatic(Class<NetUtil>)
  location: class NettyPoolableFactoryTest
/home/utbot_mocks/results_utbot-mocks_30/SEATA-25_6/temp/testcases/io/seata/core/rpc/netty/NettyPoolableFactoryTest.java:190: error: cannot find symbol
            mockedStatic1 = mockStatic(org.slf4j.LoggerFactory.class);
                            ^
  symbol:   method mockStatic(Class<LoggerFactory>)
  location: class NettyPoolableFactoryTest
/home/utbot_mocks/results_utbot-mocks_30/SEATA-25_6/temp/testcases/io/seata/core/rpc/netty/NettyPoolableFactoryTest.java:238: error: cannot find symbol
        org.mockito.MockedStatic mockedStatic = null;
                   ^
  symbol:   class MockedStatic
  location: package org.mockito
/home/utbot_mocks/results_utbot-mocks_30/SEATA-25_6/temp/testcases/io/seata/core/rpc/netty/NettyPoolableFactoryTest.java:240: error: cannot find symbol
            mockedStatic = mockStatic(org.slf4j.LoggerFactory.class);
                           ^
  symbol:   method mockStatic(Class<LoggerFactory>)
  location: class NettyPoolableFactoryTest
/home/utbot_mocks/results_utbot-mocks_30/SEATA-25_6/temp/testcases/io/seata/core/rpc/netty/NettyPoolableFactoryTest.java:262: error: cannot find symbol
        org.mockito.MockedStatic mockedStatic = null;
                   ^
  symbol:   class MockedStatic
  location: package org.mockito
/home/utbot_mocks/results_utbot-mocks_30/SEATA-25_6/temp/testcases/io/seata/core/rpc/netty/NettyPoolableFactoryTest.java:264: error: cannot find symbol
            mockedStatic = mockStatic(org.slf4j.LoggerFactory.class);
                           ^
  symbol:   method mockStatic(Class<LoggerFactory>)
  location: class NettyPoolableFactoryTest
/home/utbot_mocks/results_utbot-mocks_30/SEATA-25_6/temp/testcases/io/seata/core/rpc/netty/NettyPoolableFactoryTest.java:423: warning: Unsafe is internal proprietary API and may be removed in a future release
    private static sun.misc.Unsafe getUnsafeInstance() throws Exception {
                           ^
/home/utbot_mocks/results_utbot-mocks_30/SEATA-25_6/temp/testcases/io/seata/core/rpc/netty/NettyPoolableFactoryTest.java:424: warning: Unsafe is internal proprietary API and may be removed in a future release
        java.lang.reflect.Field f = sun.misc.Unsafe.class.getDeclaredField("theUnsafe");
                                            ^
/home/utbot_mocks/results_utbot-mocks_30/SEATA-25_6/temp/testcases/io/seata/core/rpc/netty/NettyPoolableFactoryTest.java:426: warning: Unsafe is internal proprietary API and may be removed in a future release
        return (sun.misc.Unsafe) f.get(null);
                        ^
Note: /home/utbot_mocks/results_utbot-mocks_30/SEATA-25_6/temp/testcases/io/seata/core/rpc/netty/NettyPoolableFactoryTest.java uses unchecked or unsafe operations.
Note: Recompile with -Xlint:unchecked for details.
19 errors
4 warnings
Failed to compile 'io/seata/core/rpc/netty/NettyPoolableFactoryTest.java'!
shaded.org.apache.commons.exec.ExecuteException: Process exited with an error: 1 (Exit value: 1)
	at shaded.org.apache.commons.exec.DefaultExecutor.executeInternal(DefaultExecutor.java:377)
	at shaded.org.apache.commons.exec.DefaultExecutor.execute(DefaultExecutor.java:160)
	at shaded.org.apache.commons.exec.DefaultExecutor.execute(DefaultExecutor.java:147)
	at sbst.benchmark.TestSuite.compile(TestSuite.java:250)
	at sbst.benchmark.TestSuite.<init>(TestSuite.java:68)
	at sbst.benchmark.TranscriptWriter.endClass(TranscriptWriter.java:136)
	at sbst.benchmark.RunTool.execute(RunTool.java:141)
	at sbst.benchmark.RunTool.run(RunTool.java:62)
	at sbst.benchmark.Main.main(Main.java:160)

---Timing Information---
Running tests with the following classpath: 
/var/benchmarks/projects/seata/core/target/seata-core-0.5.0.jar:/var/benchmarks/projects/./seata/core/target/dependency/mockito-core-2.23.4.jar:/var/benchmarks/projects/seata/core/target/dependency/byte-buddy-agent-1.9.3.jar:/var/benchmarks/projects/seata/core/target/dependency/assertj-core-2.6.0.jar:/var/benchmarks/projects/seata/core/target/dependency/seata-common-0.5.0.jar:/var/benchmarks/projects/seata/core/target/dependency/byte-buddy-1.9.3.jar:/var/benchmarks/projects/seata/core/target/dependency/objenesis-2.6.jar:/var/benchmarks/projects/seata/core/target/dependency/seata-discovery-core-0.5.0.jar:/var/benchmarks/projects/seata/core/target/dependency/commons-pool2-2.4.2.jar:/var/benchmarks/projects/seata/core/target/dependency/junit-4.12.jar:/var/benchmarks/projects/seata/core/target/dependency/hamcrest-core-1.3.jar:/var/benchmarks/projects/seata/core/target/dependency/slf4j-api-1.7.22.jar:/var/benchmarks/projects/seata/core/target/dependency/seata-config-core-0.5.0.jar:/var/benchmarks/projects/seata/core/target/dependency/netty-all-4.1.24.Final.jar:/var/benchmarks/projects/seata/core/target/dependency/commons-lang-2.6.jar:/var/benchmarks/projects/seata/core/target/dependency/fastjson-1.2.48.jar:/var/benchmarks/projects/seata/core/target/dependency/config-1.2.1.jar:/var/benchmarks/projects/seata/core/target/dependency/commons-pool-1.6.jar:/usr/local/bin/lib/junit.jar:/usr/local/bin/lib/hamcrest-core.jar:/home/utbot_mocks/results_utbot-mocks_30/SEATA-25_6/temp/testcases/bin
Running the tests: [SBSTDummyForCoverageAndMutationCalculation]
Executions terminated

---The tests are re-executed other four times to find the flaky ones---
Running the tests: [SBSTDummyForCoverageAndMutationCalculation]
Executions terminated
Running the tests: [SBSTDummyForCoverageAndMutationCalculation]
Executions terminated
Running the tests: [SBSTDummyForCoverageAndMutationCalculation]
Executions terminated
Running the tests: [SBSTDummyForCoverageAndMutationCalculation]
Executions terminated

=== Run Jacoco for Coverage ===
Number of instrumented file = 7313
Running tests with the following classpath: 
/home/utbot_mocks/results_utbot-mocks_30/SEATA-25_6/temp/testcases/seata-core-0.5.0_instrumented.jar:/home/utbot_mocks/results_utbot-mocks_30/SEATA-25_6/temp/testcases/mockito-core-2.23.4_instrumented.jar:/home/utbot_mocks/results_utbot-mocks_30/SEATA-25_6/temp/testcases/byte-buddy-agent-1.9.3_instrumented.jar:/home/utbot_mocks/results_utbot-mocks_30/SEATA-25_6/temp/testcases/assertj-core-2.6.0_instrumented.jar:/home/utbot_mocks/results_utbot-mocks_30/SEATA-25_6/temp/testcases/seata-common-0.5.0_instrumented.jar:/home/utbot_mocks/results_utbot-mocks_30/SEATA-25_6/temp/testcases/byte-buddy-1.9.3_instrumented.jar:/home/utbot_mocks/results_utbot-mocks_30/SEATA-25_6/temp/testcases/objenesis-2.6_instrumented.jar:/home/utbot_mocks/results_utbot-mocks_30/SEATA-25_6/temp/testcases/seata-discovery-core-0.5.0_instrumented.jar:/home/utbot_mocks/results_utbot-mocks_30/SEATA-25_6/temp/testcases/commons-pool2-2.4.2_instrumented.jar:/home/utbot_mocks/results_utbot-mocks_30/SEATA-25_6/temp/testcases/junit-4.12_instrumented.jar:/home/utbot_mocks/results_utbot-mocks_30/SEATA-25_6/temp/testcases/hamcrest-core-1.3_instrumented.jar:/home/utbot_mocks/results_utbot-mocks_30/SEATA-25_6/temp/testcases/slf4j-api-1.7.22_instrumented.jar:/home/utbot_mocks/results_utbot-mocks_30/SEATA-25_6/temp/testcases/seata-config-core-0.5.0_instrumented.jar:/home/utbot_mocks/results_utbot-mocks_30/SEATA-25_6/temp/testcases/netty-all-4.1.24.Final_instrumented.jar:/home/utbot_mocks/results_utbot-mocks_30/SEATA-25_6/temp/testcases/commons-lang-2.6_instrumented.jar:/home/utbot_mocks/results_utbot-mocks_30/SEATA-25_6/temp/testcases/fastjson-1.2.48_instrumented.jar:/home/utbot_mocks/results_utbot-mocks_30/SEATA-25_6/temp/testcases/config-1.2.1_instrumented.jar:/home/utbot_mocks/results_utbot-mocks_30/SEATA-25_6/temp/testcases/commons-pool-1.6_instrumented.jar:/usr/local/bin/lib/hamcrest-core.jar:/usr/local/bin/lib/junit.jar:/home/utbot_mocks/results_utbot-mocks_30/SEATA-25_6/temp/testcases/bin
Running the tests: [SBSTDummyForCoverageAndMutationCalculation]
Executions terminated
Number of file with coverage information = 120
Extracted coverage data for the class io/seata/core/rpc/netty/NettyPoolableFactory
Number of file with coverage information = 543
Number of file with coverage information = 31
Number of file with coverage information = 740
Number of file with coverage information = 23
Number of file with coverage information = 2286
Number of file with coverage information = 43
Number of file with coverage information = 10
Number of file with coverage information = 68
Number of file with coverage information = 286
Number of file with coverage information = 45
Number of file with coverage information = 34
Number of file with coverage information = 12
Number of file with coverage information = 2528
Number of file with coverage information = 133
Number of file with coverage information = 221
Number of file with coverage information = 135
Number of file with coverage information = 55

=== Run PIT ===
Matching Jacoco with PIT: find covered mutations
Executing Mutation Analysis using 30 mutants 

>>> RESULTS:
	Tool name: utbot-mocks
	Benchmark: SEATA-25
	Class Under Test: io.seata.core.rpc.netty.NettyPoolableFactory
	Run number: 6
	Tool preparation time (ms): 6955
	Tool test cases generation time (ms): 7324
	Test cases execution time (ms): 18
	Test case number: 21
	Uncompilable Test Classes: 1
	Broken tests number: 0
	Failing tests number: 0
	Lines total: 60
	Lines covered: 0
	Lines coverage ratio (%): 0.0
	Conditions total: 36
	Conditions covered: 0
	Conditions coverage ratio (%): 0.0
	Mutants total: 30
	Mutants covered: 0
	Mutants coverage ratio (%): 0.0
	Mutants killed: 0
	Mutants killed ratio (%): 0.0
	Mutants alive: 30


Class io.seata.core.rpc.netty.NettyPoolableFactory ended.
Stopping process...
Tool subprocess is an instance of java.lang.UNIXProcess
Tool subprocess Id is 14378
Killing master process 14378
Executing command kill -9 14378
Execution of command kill -9 14378 finished.
Process was destroyed
