
>>> TOOL NAME:  utbot-mocks

>>> BENCHMARK:  SEATA-26

>>> RUN NUMBER: 6

>>> MODE: --only-compute-metrics
Creating directory ./temp
Creating directory ./temp/data
Creating directory ./temp/testcases
Executing /home/utbot_mocks/./runtool
>> BENCHMARK
>> /var/benchmarks/projects/seata/core/src/main/java
>> /var/benchmarks/projects/seata/core/target/classes
>> 18
>> /var/benchmarks/projects/seata/core/target/seata-core-0.5.0.jar
>> /var/benchmarks/projects/./seata/core/target/dependency/mockito-core-2.23.4.jar
>> /var/benchmarks/projects/seata/core/target/dependency/byte-buddy-agent-1.9.3.jar
>> /var/benchmarks/projects/seata/core/target/dependency/assertj-core-2.6.0.jar
>> /var/benchmarks/projects/seata/core/target/dependency/seata-common-0.5.0.jar
>> /var/benchmarks/projects/seata/core/target/dependency/byte-buddy-1.9.3.jar
>> /var/benchmarks/projects/seata/core/target/dependency/objenesis-2.6.jar
>> /var/benchmarks/projects/seata/core/target/dependency/seata-discovery-core-0.5.0.jar
>> /var/benchmarks/projects/seata/core/target/dependency/commons-pool2-2.4.2.jar
>> /var/benchmarks/projects/seata/core/target/dependency/junit-4.12.jar
>> /var/benchmarks/projects/seata/core/target/dependency/hamcrest-core-1.3.jar
>> /var/benchmarks/projects/seata/core/target/dependency/slf4j-api-1.7.22.jar
>> /var/benchmarks/projects/seata/core/target/dependency/seata-config-core-0.5.0.jar
>> /var/benchmarks/projects/seata/core/target/dependency/netty-all-4.1.24.Final.jar
>> /var/benchmarks/projects/seata/core/target/dependency/commons-lang-2.6.jar
>> /var/benchmarks/projects/seata/core/target/dependency/fastjson-1.2.48.jar
>> /var/benchmarks/projects/seata/core/target/dependency/config-1.2.1.jar
>> /var/benchmarks/projects/seata/core/target/dependency/commons-pool-1.6.jar
>> 0
expecting CLASSPATH or READY
<< CLASSPATH
expecting number
<< 0
<< READY
>> 30


### COMPUTING METRICS ###: io.seata.core.rpc.netty.TmRpcClient


Starting class io.seata.core.rpc.netty.TmRpcClient


Ending class io.seata.core.rpc.netty.TmRpcClient
Creating directory results_utbot-mocks_30/SEATA-26_6/temp/testcases/bin
Creating dummy JUnit test file

---Compilation---

===
javac command line:
/usr/bin/javac -sourcepath /home/utbot_mocks/results_utbot-mocks_30/SEATA-26_6/temp/testcases -cp /var/benchmarks/projects/seata/core/target/seata-core-0.5.0.jar:/var/benchmarks/projects/./seata/core/target/dependency/mockito-core-2.23.4.jar:/var/benchmarks/projects/seata/core/target/dependency/byte-buddy-agent-1.9.3.jar:/var/benchmarks/projects/seata/core/target/dependency/assertj-core-2.6.0.jar:/var/benchmarks/projects/seata/core/target/dependency/seata-common-0.5.0.jar:/var/benchmarks/projects/seata/core/target/dependency/byte-buddy-1.9.3.jar:/var/benchmarks/projects/seata/core/target/dependency/objenesis-2.6.jar:/var/benchmarks/projects/seata/core/target/dependency/seata-discovery-core-0.5.0.jar:/var/benchmarks/projects/seata/core/target/dependency/commons-pool2-2.4.2.jar:/var/benchmarks/projects/seata/core/target/dependency/junit-4.12.jar:/var/benchmarks/projects/seata/core/target/dependency/hamcrest-core-1.3.jar:/var/benchmarks/projects/seata/core/target/dependency/slf4j-api-1.7.22.jar:/var/benchmarks/projects/seata/core/target/dependency/seata-config-core-0.5.0.jar:/var/benchmarks/projects/seata/core/target/dependency/netty-all-4.1.24.Final.jar:/var/benchmarks/projects/seata/core/target/dependency/commons-lang-2.6.jar:/var/benchmarks/projects/seata/core/target/dependency/fastjson-1.2.48.jar:/var/benchmarks/projects/seata/core/target/dependency/config-1.2.1.jar:/var/benchmarks/projects/seata/core/target/dependency/commons-pool-1.6.jar:/usr/local/bin/lib/junit.jar:/usr/local/bin/lib/hamcrest-core.jar -d results_utbot-mocks_30/SEATA-26_6/temp/testcases/bin /home/utbot_mocks/results_utbot-mocks_30/SEATA-26_6/temp/testcases/SBSTDummyForCoverageAndMutationCalculation.java


===
javac command line:
/usr/bin/javac -sourcepath /home/utbot_mocks/results_utbot-mocks_30/SEATA-26_6/temp/testcases -cp /var/benchmarks/projects/seata/core/target/seata-core-0.5.0.jar:/var/benchmarks/projects/./seata/core/target/dependency/mockito-core-2.23.4.jar:/var/benchmarks/projects/seata/core/target/dependency/byte-buddy-agent-1.9.3.jar:/var/benchmarks/projects/seata/core/target/dependency/assertj-core-2.6.0.jar:/var/benchmarks/projects/seata/core/target/dependency/seata-common-0.5.0.jar:/var/benchmarks/projects/seata/core/target/dependency/byte-buddy-1.9.3.jar:/var/benchmarks/projects/seata/core/target/dependency/objenesis-2.6.jar:/var/benchmarks/projects/seata/core/target/dependency/seata-discovery-core-0.5.0.jar:/var/benchmarks/projects/seata/core/target/dependency/commons-pool2-2.4.2.jar:/var/benchmarks/projects/seata/core/target/dependency/junit-4.12.jar:/var/benchmarks/projects/seata/core/target/dependency/hamcrest-core-1.3.jar:/var/benchmarks/projects/seata/core/target/dependency/slf4j-api-1.7.22.jar:/var/benchmarks/projects/seata/core/target/dependency/seata-config-core-0.5.0.jar:/var/benchmarks/projects/seata/core/target/dependency/netty-all-4.1.24.Final.jar:/var/benchmarks/projects/seata/core/target/dependency/commons-lang-2.6.jar:/var/benchmarks/projects/seata/core/target/dependency/fastjson-1.2.48.jar:/var/benchmarks/projects/seata/core/target/dependency/config-1.2.1.jar:/var/benchmarks/projects/seata/core/target/dependency/commons-pool-1.6.jar:/usr/local/bin/lib/junit.jar:/usr/local/bin/lib/hamcrest-core.jar -d results_utbot-mocks_30/SEATA-26_6/temp/testcases/bin /home/utbot_mocks/results_utbot-mocks_30/SEATA-26_6/temp/testcases/io/seata/core/rpc/netty/TmRpcClientTest.java

/home/utbot_mocks/results_utbot-mocks_30/SEATA-26_6/temp/testcases/io/seata/core/rpc/netty/TmRpcClientTest.java:7: warning: Unsafe is internal proprietary API and may be removed in a future release
import sun.misc.Unsafe;
               ^
/home/utbot_mocks/results_utbot-mocks_30/SEATA-26_6/temp/testcases/io/seata/core/rpc/netty/TmRpcClientTest.java:53: warning: Unsafe is internal proprietary API and may be removed in a future release
    private static sun.misc.Unsafe getUnsafeInstance() throws Exception {
                           ^
/home/utbot_mocks/results_utbot-mocks_30/SEATA-26_6/temp/testcases/io/seata/core/rpc/netty/TmRpcClientTest.java:54: warning: Unsafe is internal proprietary API and may be removed in a future release
        java.lang.reflect.Field f = sun.misc.Unsafe.class.getDeclaredField("theUnsafe");
                                            ^
/home/utbot_mocks/results_utbot-mocks_30/SEATA-26_6/temp/testcases/io/seata/core/rpc/netty/TmRpcClientTest.java:56: warning: Unsafe is internal proprietary API and may be removed in a future release
        return (sun.misc.Unsafe) f.get(null);
                        ^
Note: /home/utbot_mocks/results_utbot-mocks_30/SEATA-26_6/temp/testcases/io/seata/core/rpc/netty/TmRpcClientTest.java uses unchecked or unsafe operations.
Note: Recompile with -Xlint:unchecked for details.
4 warnings
Compiled 'io/seata/core/rpc/netty/TmRpcClientTest.java'

---Timing Information---
Running tests with the following classpath: 
/var/benchmarks/projects/seata/core/target/seata-core-0.5.0.jar:/var/benchmarks/projects/./seata/core/target/dependency/mockito-core-2.23.4.jar:/var/benchmarks/projects/seata/core/target/dependency/byte-buddy-agent-1.9.3.jar:/var/benchmarks/projects/seata/core/target/dependency/assertj-core-2.6.0.jar:/var/benchmarks/projects/seata/core/target/dependency/seata-common-0.5.0.jar:/var/benchmarks/projects/seata/core/target/dependency/byte-buddy-1.9.3.jar:/var/benchmarks/projects/seata/core/target/dependency/objenesis-2.6.jar:/var/benchmarks/projects/seata/core/target/dependency/seata-discovery-core-0.5.0.jar:/var/benchmarks/projects/seata/core/target/dependency/commons-pool2-2.4.2.jar:/var/benchmarks/projects/seata/core/target/dependency/junit-4.12.jar:/var/benchmarks/projects/seata/core/target/dependency/hamcrest-core-1.3.jar:/var/benchmarks/projects/seata/core/target/dependency/slf4j-api-1.7.22.jar:/var/benchmarks/projects/seata/core/target/dependency/seata-config-core-0.5.0.jar:/var/benchmarks/projects/seata/core/target/dependency/netty-all-4.1.24.Final.jar:/var/benchmarks/projects/seata/core/target/dependency/commons-lang-2.6.jar:/var/benchmarks/projects/seata/core/target/dependency/fastjson-1.2.48.jar:/var/benchmarks/projects/seata/core/target/dependency/config-1.2.1.jar:/var/benchmarks/projects/seata/core/target/dependency/commons-pool-1.6.jar:/usr/local/bin/lib/junit.jar:/usr/local/bin/lib/hamcrest-core.jar:/home/utbot_mocks/results_utbot-mocks_30/SEATA-26_6/temp/testcases/bin
Running the tests: [SBSTDummyForCoverageAndMutationCalculation, io.seata.core.rpc.netty.TmRpcClientTest]
Executions terminated
Failure: [testReleaseChannel1(io.seata.core.rpc.netty.TmRpcClientTest): null, testReleaseChannel2(io.seata.core.rpc.netty.TmRpcClientTest): Could not initialize class io.seata.core.rpc.netty.TmRpcClient]
Failing Tests: testReleaseChannel1(io.seata.core.rpc.netty.TmRpcClientTest)
java.lang.ExceptionInInitializerError
	at java.lang.Class.forName0(Native Method)
	at java.lang.Class.forName(Class.java:264)
	at io.seata.core.rpc.netty.TmRpcClientTest.createInstance(TmRpcClientTest.java:50)
	at io.seata.core.rpc.netty.TmRpcClientTest.testReleaseChannel1(TmRpcClientTest.java:16)
	at sun.reflect.NativeMethodAccessorImpl.invoke0(Native Method)
	at sun.reflect.NativeMethodAccessorImpl.invoke(NativeMethodAccessorImpl.java:62)
	at sun.reflect.DelegatingMethodAccessorImpl.invoke(DelegatingMethodAccessorImpl.java:43)
	at java.lang.reflect.Method.invoke(Method.java:498)
	at org.junit.runners.model.FrameworkMethod$1.runReflectiveCall(FrameworkMethod.java:47)
	at org.junit.internal.runners.model.ReflectiveCallable.run(ReflectiveCallable.java:12)
	at org.junit.runners.model.FrameworkMethod.invokeExplosively(FrameworkMethod.java:44)
	at org.junit.internal.runners.statements.InvokeMethod.evaluate(InvokeMethod.java:17)
	at org.junit.internal.runners.statements.FailOnTimeout$StatementThread.run(FailOnTimeout.java:74)
Caused by: io.seata.common.exception.NotSupportYetException: not support register type: null
	at io.seata.config.ConfigurationFactory.getInstance(ConfigurationFactory.java:55)
	at io.seata.core.rpc.netty.TmRpcClient.<clinit>(TmRpcClient.java:67)
	... 13 more

Failing Tests: testReleaseChannel2(io.seata.core.rpc.netty.TmRpcClientTest)
java.lang.NoClassDefFoundError: Could not initialize class io.seata.core.rpc.netty.TmRpcClient
	at java.lang.Class.forName0(Native Method)
	at java.lang.Class.forName(Class.java:264)
	at io.seata.core.rpc.netty.TmRpcClientTest.createInstance(TmRpcClientTest.java:50)
	at io.seata.core.rpc.netty.TmRpcClientTest.testReleaseChannel2(TmRpcClientTest.java:35)
	at sun.reflect.NativeMethodAccessorImpl.invoke0(Native Method)
	at sun.reflect.NativeMethodAccessorImpl.invoke(NativeMethodAccessorImpl.java:62)
	at sun.reflect.DelegatingMethodAccessorImpl.invoke(DelegatingMethodAccessorImpl.java:43)
	at java.lang.reflect.Method.invoke(Method.java:498)
	at org.junit.runners.model.FrameworkMethod$1.runReflectiveCall(FrameworkMethod.java:47)
	at org.junit.internal.runners.model.ReflectiveCallable.run(ReflectiveCallable.java:12)
	at org.junit.runners.model.FrameworkMethod.invokeExplosively(FrameworkMethod.java:44)
	at org.junit.internal.runners.statements.InvokeMethod.evaluate(InvokeMethod.java:17)
	at org.junit.internal.runners.statements.FailOnTimeout$StatementThread.run(FailOnTimeout.java:74)


---The tests are re-executed other four times to find the flaky ones---
Running the tests: [SBSTDummyForCoverageAndMutationCalculation, io.seata.core.rpc.netty.TmRpcClientTest]
Executions terminated
Running the tests: [SBSTDummyForCoverageAndMutationCalculation, io.seata.core.rpc.netty.TmRpcClientTest]
Failure: [testReleaseChannel1(io.seata.core.rpc.netty.TmRpcClientTest): null, testReleaseChannel2(io.seata.core.rpc.netty.TmRpcClientTest): Could not initialize class io.seata.core.rpc.netty.TmRpcClient]
Failing Tests: testReleaseChannel1(io.seata.core.rpc.netty.TmRpcClientTest)
java.lang.ExceptionInInitializerError
	at java.lang.Class.forName0(Native Method)
	at java.lang.Class.forName(Class.java:264)
	at io.seata.core.rpc.netty.TmRpcClientTest.createInstance(TmRpcClientTest.java:50)
	at io.seata.core.rpc.netty.TmRpcClientTest.testReleaseChannel1(TmRpcClientTest.java:16)
	at sun.reflect.NativeMethodAccessorImpl.invoke0(Native Method)
	at sun.reflect.NativeMethodAccessorImpl.invoke(NativeMethodAccessorImpl.java:62)
	at sun.reflect.DelegatingMethodAccessorImpl.invoke(DelegatingMethodAccessorImpl.java:43)
	at java.lang.reflect.Method.invoke(Method.java:498)
	at org.junit.runners.model.FrameworkMethod$1.runReflectiveCall(FrameworkMethod.java:47)
	at org.junit.internal.runners.model.ReflectiveCallable.run(ReflectiveCallable.java:12)
	at org.junit.runners.model.FrameworkMethod.invokeExplosively(FrameworkMethod.java:44)
	at org.junit.internal.runners.statements.InvokeMethod.evaluate(InvokeMethod.java:17)
	at org.junit.internal.runners.statements.FailOnTimeout$StatementThread.run(FailOnTimeout.java:74)
Caused by: io.seata.common.exception.NotSupportYetException: not support register type: null
	at io.seata.config.ConfigurationFactory.getInstance(ConfigurationFactory.java:55)
	at io.seata.core.rpc.netty.TmRpcClient.<clinit>(TmRpcClient.java:67)
	... 13 more

Failing Tests: testReleaseChannel2(io.seata.core.rpc.netty.TmRpcClientTest)
java.lang.NoClassDefFoundError: Could not initialize class io.seata.core.rpc.netty.TmRpcClient
	at java.lang.Class.forName0(Native Method)
	at java.lang.Class.forName(Class.java:264)
	at io.seata.core.rpc.netty.TmRpcClientTest.createInstance(TmRpcClientTest.java:50)
	at io.seata.core.rpc.netty.TmRpcClientTest.testReleaseChannel2(TmRpcClientTest.java:35)
	at sun.reflect.NativeMethodAccessorImpl.invoke0(Native Method)
	at sun.reflect.NativeMethodAccessorImpl.invoke(NativeMethodAccessorImpl.java:62)
	at sun.reflect.DelegatingMethodAccessorImpl.invoke(DelegatingMethodAccessorImpl.java:43)
	at java.lang.reflect.Method.invoke(Method.java:498)
	at org.junit.runners.model.FrameworkMethod$1.runReflectiveCall(FrameworkMethod.java:47)
	at org.junit.internal.runners.model.ReflectiveCallable.run(ReflectiveCallable.java:12)
	at org.junit.runners.model.FrameworkMethod.invokeExplosively(FrameworkMethod.java:44)
	at org.junit.internal.runners.statements.InvokeMethod.evaluate(InvokeMethod.java:17)
	at org.junit.internal.runners.statements.FailOnTimeout$StatementThread.run(FailOnTimeout.java:74)

Executions terminated
Running the tests: [SBSTDummyForCoverageAndMutationCalculation, io.seata.core.rpc.netty.TmRpcClientTest]
Failure: [testReleaseChannel1(io.seata.core.rpc.netty.TmRpcClientTest): null, testReleaseChannel2(io.seata.core.rpc.netty.TmRpcClientTest): Could not initialize class io.seata.core.rpc.netty.TmRpcClient]
Failing Tests: testReleaseChannel1(io.seata.core.rpc.netty.TmRpcClientTest)
java.lang.ExceptionInInitializerError
	at java.lang.Class.forName0(Native Method)
	at java.lang.Class.forName(Class.java:264)
	at io.seata.core.rpc.netty.TmRpcClientTest.createInstance(TmRpcClientTest.java:50)
	at io.seata.core.rpc.netty.TmRpcClientTest.testReleaseChannel1(TmRpcClientTest.java:16)
	at sun.reflect.NativeMethodAccessorImpl.invoke0(Native Method)
	at sun.reflect.NativeMethodAccessorImpl.invoke(NativeMethodAccessorImpl.java:62)
	at sun.reflect.DelegatingMethodAccessorImpl.invoke(DelegatingMethodAccessorImpl.java:43)
	at java.lang.reflect.Method.invoke(Method.java:498)
	at org.junit.runners.model.FrameworkMethod$1.runReflectiveCall(FrameworkMethod.java:47)
	at org.junit.internal.runners.model.ReflectiveCallable.run(ReflectiveCallable.java:12)
	at org.junit.runners.model.FrameworkMethod.invokeExplosively(FrameworkMethod.java:44)
	at org.junit.internal.runners.statements.InvokeMethod.evaluate(InvokeMethod.java:17)
	at org.junit.internal.runners.statements.FailOnTimeout$StatementThread.run(FailOnTimeout.java:74)
Caused by: io.seata.common.exception.NotSupportYetException: not support register type: null
	at io.seata.config.ConfigurationFactory.getInstance(ConfigurationFactory.java:55)
	at io.seata.core.rpc.netty.TmRpcClient.<clinit>(TmRpcClient.java:67)
	... 13 more

Failing Tests: testReleaseChannel2(io.seata.core.rpc.netty.TmRpcClientTest)
java.lang.NoClassDefFoundError: Could not initialize class io.seata.core.rpc.netty.TmRpcClient
	at java.lang.Class.forName0(Native Method)
	at java.lang.Class.forName(Class.java:264)
	at io.seata.core.rpc.netty.TmRpcClientTest.createInstance(TmRpcClientTest.java:50)
	at io.seata.core.rpc.netty.TmRpcClientTest.testReleaseChannel2(TmRpcClientTest.java:35)
	at sun.reflect.NativeMethodAccessorImpl.invoke0(Native Method)
	at sun.reflect.NativeMethodAccessorImpl.invoke(NativeMethodAccessorImpl.java:62)
	at sun.reflect.DelegatingMethodAccessorImpl.invoke(DelegatingMethodAccessorImpl.java:43)
	at java.lang.reflect.Method.invoke(Method.java:498)
	at org.junit.runners.model.FrameworkMethod$1.runReflectiveCall(FrameworkMethod.java:47)
	at org.junit.internal.runners.model.ReflectiveCallable.run(ReflectiveCallable.java:12)
	at org.junit.runners.model.FrameworkMethod.invokeExplosively(FrameworkMethod.java:44)
	at org.junit.internal.runners.statements.InvokeMethod.evaluate(InvokeMethod.java:17)
	at org.junit.internal.runners.statements.FailOnTimeout$StatementThread.run(FailOnTimeout.java:74)

Executions terminated
Running the tests: [SBSTDummyForCoverageAndMutationCalculation, io.seata.core.rpc.netty.TmRpcClientTest]
Failure: [testReleaseChannel1(io.seata.core.rpc.netty.TmRpcClientTest): null, testReleaseChannel2(io.seata.core.rpc.netty.TmRpcClientTest): Could not initialize class io.seata.core.rpc.netty.TmRpcClient]
Failing Tests: testReleaseChannel1(io.seata.core.rpc.netty.TmRpcClientTest)
java.lang.ExceptionInInitializerError
	at java.lang.Class.forName0(Native Method)
	at java.lang.Class.forName(Class.java:264)
	at io.seata.core.rpc.netty.TmRpcClientTest.createInstance(TmRpcClientTest.java:50)
	at io.seata.core.rpc.netty.TmRpcClientTest.testReleaseChannel1(TmRpcClientTest.java:16)
	at sun.reflect.NativeMethodAccessorImpl.invoke0(Native Method)
	at sun.reflect.NativeMethodAccessorImpl.invoke(NativeMethodAccessorImpl.java:62)
	at sun.reflect.DelegatingMethodAccessorImpl.invoke(DelegatingMethodAccessorImpl.java:43)
	at java.lang.reflect.Method.invoke(Method.java:498)
	at org.junit.runners.model.FrameworkMethod$1.runReflectiveCall(FrameworkMethod.java:47)
	at org.junit.internal.runners.model.ReflectiveCallable.run(ReflectiveCallable.java:12)
	at org.junit.runners.model.FrameworkMethod.invokeExplosively(FrameworkMethod.java:44)
	at org.junit.internal.runners.statements.InvokeMethod.evaluate(InvokeMethod.java:17)
	at org.junit.internal.runners.statements.FailOnTimeout$StatementThread.run(FailOnTimeout.java:74)
Caused by: io.seata.common.exception.NotSupportYetException: not support register type: null
	at io.seata.config.ConfigurationFactory.getInstance(ConfigurationFactory.java:55)
	at io.seata.core.rpc.netty.TmRpcClient.<clinit>(TmRpcClient.java:67)
	... 13 more

Failing Tests: testReleaseChannel2(io.seata.core.rpc.netty.TmRpcClientTest)
java.lang.NoClassDefFoundError: Could not initialize class io.seata.core.rpc.netty.TmRpcClient
	at java.lang.Class.forName0(Native Method)
	at java.lang.Class.forName(Class.java:264)
	at io.seata.core.rpc.netty.TmRpcClientTest.createInstance(TmRpcClientTest.java:50)
	at io.seata.core.rpc.netty.TmRpcClientTest.testReleaseChannel2(TmRpcClientTest.java:35)
	at sun.reflect.NativeMethodAccessorImpl.invoke0(Native Method)
	at sun.reflect.NativeMethodAccessorImpl.invoke(NativeMethodAccessorImpl.java:62)
	at sun.reflect.DelegatingMethodAccessorImpl.invoke(DelegatingMethodAccessorImpl.java:43)
	at java.lang.reflect.Method.invoke(Method.java:498)
	at org.junit.runners.model.FrameworkMethod$1.runReflectiveCall(FrameworkMethod.java:47)
	at org.junit.internal.runners.model.ReflectiveCallable.run(ReflectiveCallable.java:12)
	at org.junit.runners.model.FrameworkMethod.invokeExplosively(FrameworkMethod.java:44)
	at org.junit.internal.runners.statements.InvokeMethod.evaluate(InvokeMethod.java:17)
	at org.junit.internal.runners.statements.FailOnTimeout$StatementThread.run(FailOnTimeout.java:74)

Executions terminated
Failure: [testReleaseChannel1(io.seata.core.rpc.netty.TmRpcClientTest): null, testReleaseChannel2(io.seata.core.rpc.netty.TmRpcClientTest): Could not initialize class io.seata.core.rpc.netty.TmRpcClient]
Failing Tests: testReleaseChannel1(io.seata.core.rpc.netty.TmRpcClientTest)
java.lang.ExceptionInInitializerError
	at java.lang.Class.forName0(Native Method)
	at java.lang.Class.forName(Class.java:264)
	at io.seata.core.rpc.netty.TmRpcClientTest.createInstance(TmRpcClientTest.java:50)
	at io.seata.core.rpc.netty.TmRpcClientTest.testReleaseChannel1(TmRpcClientTest.java:16)
	at sun.reflect.NativeMethodAccessorImpl.invoke0(Native Method)
	at sun.reflect.NativeMethodAccessorImpl.invoke(NativeMethodAccessorImpl.java:62)
	at sun.reflect.DelegatingMethodAccessorImpl.invoke(DelegatingMethodAccessorImpl.java:43)
	at java.lang.reflect.Method.invoke(Method.java:498)
	at org.junit.runners.model.FrameworkMethod$1.runReflectiveCall(FrameworkMethod.java:47)
	at org.junit.internal.runners.model.ReflectiveCallable.run(ReflectiveCallable.java:12)
	at org.junit.runners.model.FrameworkMethod.invokeExplosively(FrameworkMethod.java:44)
	at org.junit.internal.runners.statements.InvokeMethod.evaluate(InvokeMethod.java:17)
	at org.junit.internal.runners.statements.FailOnTimeout$StatementThread.run(FailOnTimeout.java:74)
Caused by: io.seata.common.exception.NotSupportYetException: not support register type: null
	at io.seata.config.ConfigurationFactory.getInstance(ConfigurationFactory.java:55)
	at io.seata.core.rpc.netty.TmRpcClient.<clinit>(TmRpcClient.java:67)
	... 13 more

Failing Tests: testReleaseChannel2(io.seata.core.rpc.netty.TmRpcClientTest)
java.lang.NoClassDefFoundError: Could not initialize class io.seata.core.rpc.netty.TmRpcClient
	at java.lang.Class.forName0(Native Method)
	at java.lang.Class.forName(Class.java:264)
	at io.seata.core.rpc.netty.TmRpcClientTest.createInstance(TmRpcClientTest.java:50)
	at io.seata.core.rpc.netty.TmRpcClientTest.testReleaseChannel2(TmRpcClientTest.java:35)
	at sun.reflect.NativeMethodAccessorImpl.invoke0(Native Method)
	at sun.reflect.NativeMethodAccessorImpl.invoke(NativeMethodAccessorImpl.java:62)
	at sun.reflect.DelegatingMethodAccessorImpl.invoke(DelegatingMethodAccessorImpl.java:43)
	at java.lang.reflect.Method.invoke(Method.java:498)
	at org.junit.runners.model.FrameworkMethod$1.runReflectiveCall(FrameworkMethod.java:47)
	at org.junit.internal.runners.model.ReflectiveCallable.run(ReflectiveCallable.java:12)
	at org.junit.runners.model.FrameworkMethod.invokeExplosively(FrameworkMethod.java:44)
	at org.junit.internal.runners.statements.InvokeMethod.evaluate(InvokeMethod.java:17)
	at org.junit.internal.runners.statements.FailOnTimeout$StatementThread.run(FailOnTimeout.java:74)


=== Run Jacoco for Coverage ===
Number of instrumented file = 7313
Running tests with the following classpath: 
/home/utbot_mocks/results_utbot-mocks_30/SEATA-26_6/temp/testcases/seata-core-0.5.0_instrumented.jar:/home/utbot_mocks/results_utbot-mocks_30/SEATA-26_6/temp/testcases/mockito-core-2.23.4_instrumented.jar:/home/utbot_mocks/results_utbot-mocks_30/SEATA-26_6/temp/testcases/byte-buddy-agent-1.9.3_instrumented.jar:/home/utbot_mocks/results_utbot-mocks_30/SEATA-26_6/temp/testcases/assertj-core-2.6.0_instrumented.jar:/home/utbot_mocks/results_utbot-mocks_30/SEATA-26_6/temp/testcases/seata-common-0.5.0_instrumented.jar:/home/utbot_mocks/results_utbot-mocks_30/SEATA-26_6/temp/testcases/byte-buddy-1.9.3_instrumented.jar:/home/utbot_mocks/results_utbot-mocks_30/SEATA-26_6/temp/testcases/objenesis-2.6_instrumented.jar:/home/utbot_mocks/results_utbot-mocks_30/SEATA-26_6/temp/testcases/seata-discovery-core-0.5.0_instrumented.jar:/home/utbot_mocks/results_utbot-mocks_30/SEATA-26_6/temp/testcases/commons-pool2-2.4.2_instrumented.jar:/home/utbot_mocks/results_utbot-mocks_30/SEATA-26_6/temp/testcases/junit-4.12_instrumented.jar:/home/utbot_mocks/results_utbot-mocks_30/SEATA-26_6/temp/testcases/hamcrest-core-1.3_instrumented.jar:/home/utbot_mocks/results_utbot-mocks_30/SEATA-26_6/temp/testcases/slf4j-api-1.7.22_instrumented.jar:/home/utbot_mocks/results_utbot-mocks_30/SEATA-26_6/temp/testcases/seata-config-core-0.5.0_instrumented.jar:/home/utbot_mocks/results_utbot-mocks_30/SEATA-26_6/temp/testcases/netty-all-4.1.24.Final_instrumented.jar:/home/utbot_mocks/results_utbot-mocks_30/SEATA-26_6/temp/testcases/commons-lang-2.6_instrumented.jar:/home/utbot_mocks/results_utbot-mocks_30/SEATA-26_6/temp/testcases/fastjson-1.2.48_instrumented.jar:/home/utbot_mocks/results_utbot-mocks_30/SEATA-26_6/temp/testcases/config-1.2.1_instrumented.jar:/home/utbot_mocks/results_utbot-mocks_30/SEATA-26_6/temp/testcases/commons-pool-1.6_instrumented.jar:/usr/local/bin/lib/hamcrest-core.jar:/usr/local/bin/lib/junit.jar:/home/utbot_mocks/results_utbot-mocks_30/SEATA-26_6/temp/testcases/bin
Running the tests: [SBSTDummyForCoverageAndMutationCalculation, io.seata.core.rpc.netty.TmRpcClientTest]
Executions terminated
Number of file with coverage information = 120
Extracted coverage data for the class io/seata/core/rpc/netty/TmRpcClient
Number of file with coverage information = 543
Number of file with coverage information = 31
Number of file with coverage information = 740
Number of file with coverage information = 23
Number of file with coverage information = 2286
Number of file with coverage information = 43
Number of file with coverage information = 10
Number of file with coverage information = 68
Number of file with coverage information = 286
Number of file with coverage information = 45
Number of file with coverage information = 34
Number of file with coverage information = 12
Number of file with coverage information = 2528
Number of file with coverage information = 133
Number of file with coverage information = 221
Number of file with coverage information = 135
Number of file with coverage information = 55

=== Run PIT ===
Matching Jacoco with PIT: find covered mutations
Executing Mutation Analysis using 64 mutants 

>>> RESULTS:
	Tool name: utbot-mocks
	Benchmark: SEATA-26
	Class Under Test: io.seata.core.rpc.netty.TmRpcClient
	Run number: 6
	Tool preparation time (ms): 6836
	Tool test cases generation time (ms): 26652
	Test cases execution time (ms): 20319
	Test case number: 2
	Uncompilable Test Classes: 0
	Broken tests number: 2
	Failing tests number: 0
	Lines total: 162
	Lines covered: 1
	Lines coverage ratio (%): 0.61728394
	Conditions total: 62
	Conditions covered: 0
	Conditions coverage ratio (%): 0.0
	Mutants total: 64
	Mutants covered: 0
	Mutants coverage ratio (%): 0.0
	Mutants killed: 0
	Mutants killed ratio (%): 0.0
	Mutants alive: 64


Class io.seata.core.rpc.netty.TmRpcClient ended.
Stopping process...
Tool subprocess is an instance of java.lang.UNIXProcess
Tool subprocess Id is 18925
Killing master process 18925
Executing command kill -9 18925
Execution of command kill -9 18925 finished.
Process was destroyed
