Started UtBot Contest, classfileDir = /var/benchmarks/projects/seata/core/target/classes, classpathString=/var/benchmarks/projects/seata/core/target/classes:/var/benchmarks/projects/seata/core/target/seata-core-0.5.0.jar:/var/benchmarks/projects/./seata/core/target/dependency/mockito-core-2.23.4.jar:/var/benchmarks/projects/seata/core/target/dependency/byte-buddy-agent-1.9.3.jar:/var/benchmarks/projects/seata/core/target/dependency/assertj-core-2.6.0.jar:/var/benchmarks/projects/seata/core/target/dependency/seata-common-0.5.0.jar:/var/benchmarks/projects/seata/core/target/dependency/byte-buddy-1.9.3.jar:/var/benchmarks/projects/seata/core/target/dependency/objenesis-2.6.jar:/var/benchmarks/projects/seata/core/target/dependency/seata-discovery-core-0.5.0.jar:/var/benchmarks/projects/seata/core/target/dependency/commons-pool2-2.4.2.jar:/var/benchmarks/projects/seata/core/target/dependency/junit-4.12.jar:/var/benchmarks/projects/seata/core/target/dependency/hamcrest-core-1.3.jar:/var/benchmarks/projects/seata/core/target/dependency/slf4j-api-1.7.22.jar:/var/benchmarks/projects/seata/core/target/dependency/seata-config-core-0.5.0.jar:/var/benchmarks/projects/seata/core/target/dependency/netty-all-4.1.24.Final.jar:/var/benchmarks/projects/seata/core/target/dependency/commons-lang-2.6.jar:/var/benchmarks/projects/seata/core/target/dependency/fastjson-1.2.48.jar:/var/benchmarks/projects/seata/core/target/dependency/config-1.2.1.jar:/var/benchmarks/projects/seata/core/target/dependency/commons-pool-1.6.jar, outputDir=/home/utbot_mocks/temp/testcases, mocks=Other classes: Mockito
11:39:31.399 | INFO  | Started: warmup: kotlin reflection :: init
11:39:31.477 | INFO  | Finished (in 0.078 sec): warmup: kotlin reflection :: init 
[INIT]
>> [RUN] io.seata.core.store.StoreMode 30
11:39:31.491 | DEBUG | -----------------------------------------------------------------------------
11:39:31.492 | INFO  | Contest.runGeneration: Time budget: 30000 ms, Generation timeout=25500 ms, classpath=/var/benchmarks/projects/seata/core/target/classes:/var/benchmarks/projects/seata/core/target/seata-core-0.5.0.jar:/var/benchmarks/projects/./seata/core/target/dependency/mockito-core-2.23.4.jar:/var/benchmarks/projects/seata/core/target/dependency/byte-buddy-agent-1.9.3.jar:/var/benchmarks/projects/seata/core/target/dependency/assertj-core-2.6.0.jar:/var/benchmarks/projects/seata/core/target/dependency/seata-common-0.5.0.jar:/var/benchmarks/projects/seata/core/target/dependency/byte-buddy-1.9.3.jar:/var/benchmarks/projects/seata/core/target/dependency/objenesis-2.6.jar:/var/benchmarks/projects/seata/core/target/dependency/seata-discovery-core-0.5.0.jar:/var/benchmarks/projects/seata/core/target/dependency/commons-pool2-2.4.2.jar:/var/benchmarks/projects/seata/core/target/dependency/junit-4.12.jar:/var/benchmarks/projects/seata/core/target/dependency/hamcrest-core-1.3.jar:/var/benchmarks/projects/seata/core/target/dependency/slf4j-api-1.7.22.jar:/var/benchmarks/projects/seata/core/target/dependency/seata-config-core-0.5.0.jar:/var/benchmarks/projects/seata/core/target/dependency/netty-all-4.1.24.Final.jar:/var/benchmarks/projects/seata/core/target/dependency/commons-lang-2.6.jar:/var/benchmarks/projects/seata/core/target/dependency/fastjson-1.2.48.jar:/var/benchmarks/projects/seata/core/target/dependency/config-1.2.1.jar:/var/benchmarks/projects/seata/core/target/dependency/commons-pool-1.6.jar, methodNameFilter=null
11:39:31.494 | INFO  | ClassUnderTest[ FQN: io.seata.core.store.StoreMode
    classfileDir: /var/benchmarks/projects/seata/core/target/classes
    testClassSimpleName: StoreModeTest
    generatedTestFile: /home/utbot_mocks/temp/testcases/io/seata/core/store/StoreModeTest.java
    generatedTestsSourcesDir: /home/utbot_mocks/temp/testcases
]
11:39:31.520 | INFO  | Started: class io.seata.core.store.StoreMode
11:39:31.521 | INFO  | Started: preparation class class io.seata.core.store.StoreMode: kotlin reflection :: run
11:39:31.597 | INFO  | Finished (in 0.076 sec): preparation class class io.seata.core.store.StoreMode: kotlin reflection :: run 
11:39:31.597 | INFO  | Started: 2nd optional soot initialization
11:39:31.598 | INFO  | Finished (in 0.001 sec): 2nd optional soot initialization 
11:39:31.606 | DEBUG |  ... 
11:39:31.632 | INFO  | Started: method io.seata.core.store.StoreMode.valueof(String)
11:39:31.633 | INFO  |  -- Remaining time budget: 25385 ms, #remaining_methods: 4, budget for method: 6346 ms, solver timeout: 1000 ms, budget for symbolic execution: 5146 ms, budget for concrete execution: 1200 ms,  -- 
11:39:31.955 | DEBUG | --new testCase collected, to generate: testIo.seata.core.store.StoreMode.valueof(String)1
11:39:35.259 | DEBUG | --new testCase collected, to generate: testIo.seata.core.store.StoreMode.valueof(String)2
11:39:36.762 | INFO  | |> Starting concrete execution for remaining state: io.seata.core.store.StoreMode.valueof(String)
11:39:38.216 | INFO  | (X) Cancelling concrete execution: io.seata.core.store.StoreMode.valueof(String)
11:39:38.487 | INFO  | Finished (in 6.854 sec): method io.seata.core.store.StoreMode.valueof(String) 
<StatsForMethod> :
	#generatedTC=2
	WITH NO EXCEPTIONS
11:39:38.496 | DEBUG |  ... 
11:39:38.496 | INFO  | Started: method io.seata.core.store.StoreMode.valueOf(String)
11:39:38.497 | INFO  |  -- Remaining time budget: 18497 ms, #remaining_methods: 3, budget for method: 6165 ms, solver timeout: 1000 ms, budget for symbolic execution: 4965 ms, budget for concrete execution: 1200 ms,  -- 
11:39:38.509 | DEBUG | --new testCase collected, to generate: testIo.seata.core.store.StoreMode.valueOf(String)1
11:39:40.493 | DEBUG | --new testCase collected, to generate: testIo.seata.core.store.StoreMode.valueOf(String)2
11:39:43.462 | INFO  | |> Starting concrete execution for remaining state: io.seata.core.store.StoreMode.valueOf(String)
11:39:44.663 | INFO  | (X) Cancelling concrete execution: io.seata.core.store.StoreMode.valueOf(String)
11:39:44.976 | INFO  | Finished (in 6.479 sec): method io.seata.core.store.StoreMode.valueOf(String) 
<StatsForMethod> :
	#generatedTC=2
	WITH NO EXCEPTIONS
11:39:45.161 | DEBUG |  ... 
11:39:45.161 | INFO  | Started: method io.seata.core.store.StoreMode.values()
11:39:45.162 | INFO  |  -- Remaining time budget: 11832 ms, #remaining_methods: 2, budget for method: 5916 ms, solver timeout: 1000 ms, budget for symbolic execution: 4716 ms, budget for concrete execution: 1200 ms,  -- 
11:39:45.172 | DEBUG | --new testCase collected, to generate: testIo.seata.core.store.StoreMode.values()1
11:39:45.391 | DEBUG | --new testCase collected, to generate: testIo.seata.core.store.StoreMode.values()2
11:39:45.391 | INFO  | Finished (in 0.230 sec): method io.seata.core.store.StoreMode.values() 
<StatsForMethod> :
	#generatedTC=2
	WITH NO EXCEPTIONS
11:39:45.414 | DEBUG |  ... 
11:39:45.414 | INFO  | Started: method io.seata.core.store.StoreMode.<init>()
11:39:45.415 | INFO  |  -- Remaining time budget: 11579 ms, #remaining_methods: 1, budget for method: 11579 ms, solver timeout: 1000 ms, budget for symbolic execution: 10379 ms, budget for concrete execution: 1200 ms,  -- 
11:39:45.427 | ERROR | Symbolic execution FAILED
com.huawei.utbot.instrumentation.util.ChildProcessError: Error in the child process |> java.lang.IllegalArgumentException: Cannot reflectively create enum objects
	at java.lang.reflect.Constructor.newInstance(Constructor.java:417)
	at com.huawei.utbot.instrumentation.instrumentation.InvokeInstrumentation$invoke$$inlined$run$lambda$2.invoke(InvokeInstrumentation.kt:70)
	at com.huawei.utbot.common.ThreadBasedExecutor$invokeWithTimeout$1.invoke(ThreadUtil.kt:43)
	at com.huawei.utbot.common.ThreadBasedExecutor$invokeWithTimeout$1.invoke(ThreadUtil.kt:22)
	at kotlin.concurrent.ThreadsKt$thread$thread$1.run(Thread.kt:30)

	at com.huawei.utbot.instrumentation.ConcreteExecutor.executeAsync(ConcreteExecutor.kt:391) ~[utbot-junit-contest-1.0.jar:?]
	at com.huawei.utbot.instrumentation.ConcreteExecutor$executeAsync$1.invokeSuspend(ConcreteExecutor.kt) ~[utbot-junit-contest-1.0.jar:?]
	at kotlin.coroutines.jvm.internal.BaseContinuationImpl.resumeWith(ContinuationImpl.kt:33) [utbot-junit-contest-1.0.jar:?]
	at kotlinx.coroutines.DispatchedTask.run(DispatchedTask.kt:106) [utbot-junit-contest-1.0.jar:?]
	at java.util.concurrent.Executors$RunnableAdapter.call(Executors.java:511) [?:1.8.0_312]
	at java.util.concurrent.FutureTask.run(FutureTask.java:266) [?:1.8.0_312]
	at java.util.concurrent.ScheduledThreadPoolExecutor$ScheduledFutureTask.access$201(ScheduledThreadPoolExecutor.java:180) [?:1.8.0_312]
	at java.util.concurrent.ScheduledThreadPoolExecutor$ScheduledFutureTask.run(ScheduledThreadPoolExecutor.java:293) [?:1.8.0_312]
	at java.util.concurrent.ThreadPoolExecutor.runWorker(ThreadPoolExecutor.java:1149) [?:1.8.0_312]
	at java.util.concurrent.ThreadPoolExecutor$Worker.run(ThreadPoolExecutor.java:624) [?:1.8.0_312]
	at java.lang.Thread.run(Thread.java:748) [?:1.8.0_312]
11:39:45.494 | DEBUG | --new testCase collected, to generate: testIo.seata.core.store.StoreMode.<init>()1
11:39:45.495 | INFO  | Finished (in 0.080 sec): method io.seata.core.store.StoreMode.<init>() 
<StatsForMethod> :
	#generatedTC=1
	FAILED 1 time(s) with 1 different exception(s)"
11:39:45.504 | INFO  | Started: Flushing tests for [StoreMode] on disk
11:39:45.663 | INFO  | File size for StoreModeTest: 8 KB
11:39:45.665 | INFO  | Finished (in 0.160 sec): Flushing tests for [StoreMode] on disk 
11:39:45.666 | INFO  | Finished (in 14.145 sec): class io.seata.core.store.StoreMode 
<StatsForClass> :
	canceled by timeout = false
	#methods = 4, 
	#methods started symbolic exploration = 4
	#methods with at least one TC = 4
	#methods with exceptions = 1
	#generated TC = 7
	#coverage = null
[READY]
