Started UtBot Contest, classfileDir = /var/benchmarks/projects/guava/guava/target/classes, classpathString=/var/benchmarks/projects/guava/guava/target/classes:/var/benchmarks/projects/guava/guava/target/guava-26.0-jre.jar:/var/benchmarks/projects/./guava/guava/target/dependency/checker-qual-2.5.2.jar:/var/benchmarks/projects/guava/guava/target/dependency/error_prone_annotations-2.1.3.jar:/var/benchmarks/projects/guava/guava/target/dependency/j2objc-annotations-1.1.jar:/var/benchmarks/projects/guava/guava/target/dependency/jsr305-3.0.2.jar:/var/benchmarks/projects/guava/guava/target/dependency/animal-sniffer-annotations-1.14.jar, outputDir=/home/utbot_mocks/temp/testcases, mocks=Other classes: Mockito
17:35:14.688 | INFO  | Started: warmup: kotlin reflection :: init
17:35:14.753 | INFO  | Finished (in 0.065 sec): warmup: kotlin reflection :: init 
[INIT]
>> [RUN] com.google.common.primitives.Booleans 30
17:35:14.763 | DEBUG | -----------------------------------------------------------------------------
17:35:14.763 | INFO  | Contest.runGeneration: Time budget: 30000 ms, Generation timeout=25500 ms, classpath=/var/benchmarks/projects/guava/guava/target/classes:/var/benchmarks/projects/guava/guava/target/guava-26.0-jre.jar:/var/benchmarks/projects/./guava/guava/target/dependency/checker-qual-2.5.2.jar:/var/benchmarks/projects/guava/guava/target/dependency/error_prone_annotations-2.1.3.jar:/var/benchmarks/projects/guava/guava/target/dependency/j2objc-annotations-1.1.jar:/var/benchmarks/projects/guava/guava/target/dependency/jsr305-3.0.2.jar:/var/benchmarks/projects/guava/guava/target/dependency/animal-sniffer-annotations-1.14.jar, methodNameFilter=null
17:35:14.764 | INFO  | ClassUnderTest[ FQN: com.google.common.primitives.Booleans
    classfileDir: /var/benchmarks/projects/guava/guava/target/classes
    testClassSimpleName: BooleansTest
    generatedTestFile: /home/utbot_mocks/temp/testcases/com/google/common/primitives/BooleansTest.java
    generatedTestsSourcesDir: /home/utbot_mocks/temp/testcases
]
17:35:14.789 | INFO  | Started: class com.google.common.primitives.Booleans
17:35:14.790 | INFO  | Started: preparation class class com.google.common.primitives.Booleans: kotlin reflection :: run
17:35:15.173 | INFO  | Finished (in 0.383 sec): preparation class class com.google.common.primitives.Booleans: kotlin reflection :: run 
17:35:15.174 | INFO  | Started: 2nd optional soot initialization
17:35:15.175 | INFO  | Finished (in 0.001 sec): 2nd optional soot initialization 
17:35:15.182 | DEBUG |  ... 
17:35:15.188 | INFO  | Started: method com.google.common.primitives.Booleans.falseFirst()
17:35:15.190 | INFO  |  -- Remaining time budget: 25080 ms, #remaining_methods: 44, budget for method: 570 ms, solver timeout: 285 ms, budget for symbolic execution: 285 ms, budget for concrete execution: 285 ms,  -- 
17:35:15.475 | INFO  | |> Starting concrete execution for remaining state: com.google.common.primitives.Booleans.falseFirst()
17:35:15.490 | DEBUG | --new testCase collected, to generate: testCom.google.common.primitives.Booleans.falseFirst()1
17:35:15.761 | INFO  | (X) Cancelling concrete execution: com.google.common.primitives.Booleans.falseFirst()
17:35:15.766 | INFO  | Finished (in 0.578 sec): method com.google.common.primitives.Booleans.falseFirst() 
<StatsForMethod> :
	#generatedTC=1
	WITH NO EXCEPTIONS
17:35:15.773 | DEBUG |  ... 
17:35:15.774 | INFO  | Started: method com.google.common.primitives.Booleans.trueFirst()
17:35:15.774 | INFO  |  -- Remaining time budget: 24491 ms, #remaining_methods: 43, budget for method: 569 ms, solver timeout: 284 ms, budget for symbolic execution: 285 ms, budget for concrete execution: 284 ms,  -- 
17:35:15.779 | DEBUG | --new testCase collected, to generate: testCom.google.common.primitives.Booleans.trueFirst()1
17:35:16.263 | INFO  | |> Starting concrete execution for remaining state: com.google.common.primitives.Booleans.trueFirst()
17:35:16.548 | INFO  | (X) Cancelling concrete execution: com.google.common.primitives.Booleans.trueFirst()
17:35:16.580 | INFO  | Finished (in 0.806 sec): method com.google.common.primitives.Booleans.trueFirst() 
<StatsForMethod> :
	#generatedTC=1
	WITH NO EXCEPTIONS
17:35:16.597 | DEBUG |  ... 
17:35:16.598 | INFO  | Started: method com.google.common.primitives.Booleans.lexicographicalComparator()
17:35:16.598 | INFO  |  -- Remaining time budget: 23667 ms, #remaining_methods: 42, budget for method: 563 ms, solver timeout: 281 ms, budget for symbolic execution: 282 ms, budget for concrete execution: 281 ms,  -- 
17:35:16.604 | DEBUG | --new testCase collected, to generate: testCom.google.common.primitives.Booleans.lexicographicalComparator()1
17:35:16.733 | DEBUG | --new testCase collected, to generate: testCom.google.common.primitives.Booleans.lexicographicalComparator()2
17:35:16.734 | INFO  | Finished (in 0.136 sec): method com.google.common.primitives.Booleans.lexicographicalComparator() 
<StatsForMethod> :
	#generatedTC=2
	WITH NO EXCEPTIONS
17:35:16.745 | DEBUG |  ... 
17:35:16.749 | INFO  | Started: method com.google.common.primitives.Booleans.countTrue(boolean[])
17:35:16.749 | INFO  |  -- Remaining time budget: 23518 ms, #remaining_methods: 41, budget for method: 573 ms, solver timeout: 286 ms, budget for symbolic execution: 287 ms, budget for concrete execution: 286 ms,  -- 
17:35:16.756 | DEBUG | --new testCase collected, to generate: testCom.google.common.primitives.Booleans.countTrue(boolean[])1
17:35:16.786 | DEBUG | --new testCase collected, to generate: testCom.google.common.primitives.Booleans.countTrue(boolean[])2
17:35:16.837 | DEBUG | --new testCase collected, to generate: testCom.google.common.primitives.Booleans.countTrue(boolean[])3
17:35:16.864 | DEBUG | --new testCase collected, to generate: testCom.google.common.primitives.Booleans.countTrue(boolean[])4
17:35:16.871 | DEBUG | --new testCase collected, to generate: testCom.google.common.primitives.Booleans.countTrue(boolean[])5
17:35:16.872 | INFO  | Finished (in 0.123 sec): method com.google.common.primitives.Booleans.countTrue(boolean[]) 
<StatsForMethod> :
	#generatedTC=5
	WITH NO EXCEPTIONS
17:35:16.874 | DEBUG |  ... 
17:35:16.875 | INFO  | Started: method com.google.common.primitives.Booleans.hashCode(boolean)
17:35:16.875 | INFO  |  -- Remaining time budget: 23390 ms, #remaining_methods: 40, budget for method: 584 ms, solver timeout: 292 ms, budget for symbolic execution: 292 ms, budget for concrete execution: 292 ms,  -- 
17:35:16.880 | DEBUG | --new testCase collected, to generate: testCom.google.common.primitives.Booleans.hashCode(boolean)1
17:35:16.914 | DEBUG | --new testCase collected, to generate: testCom.google.common.primitives.Booleans.hashCode(boolean)2
17:35:16.917 | DEBUG | --new testCase collected, to generate: testCom.google.common.primitives.Booleans.hashCode(boolean)3
17:35:16.917 | INFO  | Finished (in 0.043 sec): method com.google.common.primitives.Booleans.hashCode(boolean) 
<StatsForMethod> :
	#generatedTC=3
	WITH NO EXCEPTIONS
17:35:16.918 | DEBUG |  ... 
17:35:16.918 | INFO  | Started: method com.google.common.primitives.Booleans.indexOf(boolean[], boolean[])
17:35:16.918 | INFO  |  -- Remaining time budget: 23346 ms, #remaining_methods: 39, budget for method: 598 ms, solver timeout: 299 ms, budget for symbolic execution: 299 ms, budget for concrete execution: 299 ms,  -- 
17:35:16.927 | DEBUG | --new testCase collected, to generate: testCom.google.common.primitives.Booleans.indexOf(boolean[], boolean[])1
17:35:17.218 | INFO  | |> Starting concrete execution for remaining state: com.google.common.primitives.Booleans.indexOf(boolean[], boolean[])
17:35:17.225 | DEBUG | --new testCase collected, to generate: testCom.google.common.primitives.Booleans.indexOf(boolean[], boolean[])2
17:35:17.387 | DEBUG | --new testCase collected, to generate: testCom.google.common.primitives.Booleans.indexOf(boolean[], boolean[])3
17:35:17.517 | INFO  | (X) Cancelling concrete execution: com.google.common.primitives.Booleans.indexOf(boolean[], boolean[])
17:35:17.530 | INFO  | Finished (in 0.611 sec): method com.google.common.primitives.Booleans.indexOf(boolean[], boolean[]) 
<StatsForMethod> :
	#generatedTC=3
	WITH NO EXCEPTIONS
17:35:17.531 | DEBUG |  ... 
17:35:17.532 | INFO  | Started: method com.google.common.primitives.Booleans.indexOf(boolean[], boolean, int, int)
17:35:17.532 | INFO  |  -- Remaining time budget: 22732 ms, #remaining_methods: 38, budget for method: 598 ms, solver timeout: 299 ms, budget for symbolic execution: 299 ms, budget for concrete execution: 299 ms,  -- 
17:35:17.537 | DEBUG | --new testCase collected, to generate: testCom.google.common.primitives.Booleans.indexOf(boolean[], boolean, int, int)1
17:35:17.579 | DEBUG | --new testCase collected, to generate: testCom.google.common.primitives.Booleans.indexOf(boolean[], boolean, int, int)2
17:35:17.598 | DEBUG | --new testCase collected, to generate: testCom.google.common.primitives.Booleans.indexOf(boolean[], boolean, int, int)3
17:35:17.618 | DEBUG | --new testCase collected, to generate: testCom.google.common.primitives.Booleans.indexOf(boolean[], boolean, int, int)4
17:35:17.642 | DEBUG | --new testCase collected, to generate: testCom.google.common.primitives.Booleans.indexOf(boolean[], boolean, int, int)5
17:35:17.664 | DEBUG | --new testCase collected, to generate: testCom.google.common.primitives.Booleans.indexOf(boolean[], boolean, int, int)6
17:35:17.673 | DEBUG | --new testCase collected, to generate: testCom.google.common.primitives.Booleans.indexOf(boolean[], boolean, int, int)7
17:35:17.673 | INFO  | Finished (in 0.141 sec): method com.google.common.primitives.Booleans.indexOf(boolean[], boolean, int, int) 
<StatsForMethod> :
	#generatedTC=7
	WITH NO EXCEPTIONS
17:35:17.674 | DEBUG |  ... 
17:35:17.674 | INFO  | Started: method com.google.common.primitives.Booleans.indexOf(boolean[], boolean)
17:35:17.674 | INFO  |  -- Remaining time budget: 22590 ms, #remaining_methods: 37, budget for method: 610 ms, solver timeout: 305 ms, budget for symbolic execution: 305 ms, budget for concrete execution: 305 ms,  -- 
17:35:17.679 | DEBUG | --new testCase collected, to generate: testCom.google.common.primitives.Booleans.indexOf(boolean[], boolean)1
17:35:17.701 | DEBUG | --new testCase collected, to generate: testCom.google.common.primitives.Booleans.indexOf(boolean[], boolean)2
17:35:17.763 | DEBUG | --new testCase collected, to generate: testCom.google.common.primitives.Booleans.indexOf(boolean[], boolean)3
17:35:17.784 | DEBUG | --new testCase collected, to generate: testCom.google.common.primitives.Booleans.indexOf(boolean[], boolean)4
17:35:17.787 | INFO  | Finished (in 0.112 sec): method com.google.common.primitives.Booleans.indexOf(boolean[], boolean) 
<StatsForMethod> :
	#generatedTC=4
	WITH NO EXCEPTIONS
17:35:17.790 | DEBUG |  ... 
17:35:17.790 | INFO  | Started: method com.google.common.primitives.Booleans.lastIndexOf(boolean[], boolean, int, int)
17:35:17.791 | INFO  |  -- Remaining time budget: 22474 ms, #remaining_methods: 36, budget for method: 624 ms, solver timeout: 312 ms, budget for symbolic execution: 312 ms, budget for concrete execution: 312 ms,  -- 
17:35:17.796 | DEBUG | --new testCase collected, to generate: testCom.google.common.primitives.Booleans.lastIndexOf(boolean[], boolean, int, int)1
17:35:17.843 | DEBUG | --new testCase collected, to generate: testCom.google.common.primitives.Booleans.lastIndexOf(boolean[], boolean, int, int)2
17:35:17.863 | DEBUG | --new testCase collected, to generate: testCom.google.common.primitives.Booleans.lastIndexOf(boolean[], boolean, int, int)3
17:35:17.885 | DEBUG | --new testCase collected, to generate: testCom.google.common.primitives.Booleans.lastIndexOf(boolean[], boolean, int, int)4
17:35:17.908 | DEBUG | --new testCase collected, to generate: testCom.google.common.primitives.Booleans.lastIndexOf(boolean[], boolean, int, int)5
17:35:17.933 | DEBUG | --new testCase collected, to generate: testCom.google.common.primitives.Booleans.lastIndexOf(boolean[], boolean, int, int)6
17:35:17.946 | DEBUG | --new testCase collected, to generate: testCom.google.common.primitives.Booleans.lastIndexOf(boolean[], boolean, int, int)7
17:35:17.947 | INFO  | Finished (in 0.156 sec): method com.google.common.primitives.Booleans.lastIndexOf(boolean[], boolean, int, int) 
<StatsForMethod> :
	#generatedTC=7
	WITH NO EXCEPTIONS
17:35:17.948 | DEBUG |  ... 
17:35:17.948 | INFO  | Started: method com.google.common.primitives.Booleans.lastIndexOf(boolean[], boolean)
17:35:17.948 | INFO  |  -- Remaining time budget: 22316 ms, #remaining_methods: 35, budget for method: 637 ms, solver timeout: 318 ms, budget for symbolic execution: 319 ms, budget for concrete execution: 318 ms,  -- 
17:35:17.954 | DEBUG | --new testCase collected, to generate: testCom.google.common.primitives.Booleans.lastIndexOf(boolean[], boolean)1
17:35:17.975 | DEBUG | --new testCase collected, to generate: testCom.google.common.primitives.Booleans.lastIndexOf(boolean[], boolean)2
17:35:18.069 | DEBUG | --new testCase collected, to generate: testCom.google.common.primitives.Booleans.lastIndexOf(boolean[], boolean)3
17:35:18.089 | DEBUG | --new testCase collected, to generate: testCom.google.common.primitives.Booleans.lastIndexOf(boolean[], boolean)4
17:35:18.109 | DEBUG | --new testCase collected, to generate: testCom.google.common.primitives.Booleans.lastIndexOf(boolean[], boolean)5
17:35:18.109 | INFO  | Finished (in 0.160 sec): method com.google.common.primitives.Booleans.lastIndexOf(boolean[], boolean) 
<StatsForMethod> :
	#generatedTC=5
	WITH NO EXCEPTIONS
17:35:18.115 | DEBUG |  ... 
17:35:18.115 | INFO  | Started: method com.google.common.primitives.Booleans.concat(boolean[][])
17:35:18.115 | INFO  |  -- Remaining time budget: 22149 ms, #remaining_methods: 34, budget for method: 651 ms, solver timeout: 325 ms, budget for symbolic execution: 326 ms, budget for concrete execution: 325 ms,  -- 
17:35:18.125 | DEBUG | --new testCase collected, to generate: testCom.google.common.primitives.Booleans.concat(boolean[][])1
17:35:18.156 | DEBUG | --new testCase collected, to generate: testCom.google.common.primitives.Booleans.concat(boolean[][])2
17:35:18.197 | DEBUG | --new testCase collected, to generate: testCom.google.common.primitives.Booleans.concat(boolean[][])3
17:35:18.203 | DEBUG | --new testCase collected, to generate: testCom.google.common.primitives.Booleans.concat(boolean[][])4
17:35:18.391 | DEBUG | --new testCase collected, to generate: testCom.google.common.primitives.Booleans.concat(boolean[][])5
17:35:18.393 | INFO  | Finished (in 0.278 sec): method com.google.common.primitives.Booleans.concat(boolean[][]) 
<StatsForMethod> :
	#generatedTC=5
	WITH NO EXCEPTIONS
17:35:18.397 | DEBUG |  ... 
17:35:18.398 | INFO  | Started: method com.google.common.primitives.Booleans.contains(boolean[], boolean)
17:35:18.398 | INFO  |  -- Remaining time budget: 21867 ms, #remaining_methods: 33, budget for method: 662 ms, solver timeout: 331 ms, budget for symbolic execution: 331 ms, budget for concrete execution: 331 ms,  -- 
17:35:18.403 | DEBUG | --new testCase collected, to generate: testCom.google.common.primitives.Booleans.contains(boolean[], boolean)1
17:35:18.425 | DEBUG | --new testCase collected, to generate: testCom.google.common.primitives.Booleans.contains(boolean[], boolean)2
17:35:18.459 | DEBUG | --new testCase collected, to generate: testCom.google.common.primitives.Booleans.contains(boolean[], boolean)3
17:35:18.479 | DEBUG | --new testCase collected, to generate: testCom.google.common.primitives.Booleans.contains(boolean[], boolean)4
17:35:18.486 | DEBUG | --new testCase collected, to generate: testCom.google.common.primitives.Booleans.contains(boolean[], boolean)5
17:35:18.486 | INFO  | Finished (in 0.088 sec): method com.google.common.primitives.Booleans.contains(boolean[], boolean) 
<StatsForMethod> :
	#generatedTC=5
	WITH NO EXCEPTIONS
17:35:18.487 | DEBUG |  ... 
17:35:18.488 | INFO  | Started: method com.google.common.primitives.Booleans.join(String, boolean[])
17:35:18.488 | INFO  |  -- Remaining time budget: 21777 ms, #remaining_methods: 32, budget for method: 680 ms, solver timeout: 340 ms, budget for symbolic execution: 340 ms, budget for concrete execution: 340 ms,  -- 
17:35:18.503 | DEBUG | --new testCase collected, to generate: testCom.google.common.primitives.Booleans.join(String, boolean[])1
17:35:18.635 | DEBUG | --new testCase collected, to generate: testCom.google.common.primitives.Booleans.join(String, boolean[])2
17:35:18.724 | DEBUG | --new testCase collected, to generate: testCom.google.common.primitives.Booleans.join(String, boolean[])3
17:35:18.828 | INFO  | |> Starting concrete execution for remaining state: com.google.common.primitives.Booleans.join(String, boolean[])
17:35:19.168 | INFO  | (X) Cancelling concrete execution: com.google.common.primitives.Booleans.join(String, boolean[])
17:35:19.264 | INFO  | Finished (in 0.777 sec): method com.google.common.primitives.Booleans.join(String, boolean[]) 
<StatsForMethod> :
	#generatedTC=3
	WITH NO EXCEPTIONS
17:35:19.281 | DEBUG |  ... 
17:35:19.282 | INFO  | Started: method com.google.common.primitives.Booleans.compare(boolean, boolean)
17:35:19.282 | INFO  |  -- Remaining time budget: 20982 ms, #remaining_methods: 31, budget for method: 676 ms, solver timeout: 338 ms, budget for symbolic execution: 338 ms, budget for concrete execution: 338 ms,  -- 
17:35:19.287 | DEBUG | --new testCase collected, to generate: testCom.google.common.primitives.Booleans.compare(boolean, boolean)1
17:35:19.335 | DEBUG | --new testCase collected, to generate: testCom.google.common.primitives.Booleans.compare(boolean, boolean)2
17:35:19.340 | DEBUG | --new testCase collected, to generate: testCom.google.common.primitives.Booleans.compare(boolean, boolean)3
17:35:19.343 | DEBUG | --new testCase collected, to generate: testCom.google.common.primitives.Booleans.compare(boolean, boolean)4
17:35:19.343 | INFO  | Finished (in 0.061 sec): method com.google.common.primitives.Booleans.compare(boolean, boolean) 
<StatsForMethod> :
	#generatedTC=4
	WITH NO EXCEPTIONS
17:35:19.344 | DEBUG |  ... 
17:35:19.345 | INFO  | Started: method com.google.common.primitives.Booleans.toArray(Collection)
17:35:19.345 | INFO  |  -- Remaining time budget: 20919 ms, #remaining_methods: 30, budget for method: 697 ms, solver timeout: 348 ms, budget for symbolic execution: 349 ms, budget for concrete execution: 348 ms,  -- 
17:35:19.349 | DEBUG | --new testCase collected, to generate: testCom.google.common.primitives.Booleans.toArray(Collection)1
17:35:19.528 | DEBUG | --new testCase collected, to generate: testCom.google.common.primitives.Booleans.toArray(Collection)2
17:35:19.694 | INFO  | |> Starting concrete execution for remaining state: com.google.common.primitives.Booleans.toArray(Collection)
17:35:20.043 | INFO  | (X) Cancelling concrete execution: com.google.common.primitives.Booleans.toArray(Collection)
17:35:20.076 | INFO  | Finished (in 0.731 sec): method com.google.common.primitives.Booleans.toArray(Collection) 
<StatsForMethod> :
	#generatedTC=2
	WITH NO EXCEPTIONS
17:35:20.081 | DEBUG |  ... 
17:35:20.082 | INFO  | Started: method com.google.common.primitives.Booleans.asList(boolean[])
17:35:20.082 | INFO  |  -- Remaining time budget: 20183 ms, #remaining_methods: 29, budget for method: 695 ms, solver timeout: 347 ms, budget for symbolic execution: 348 ms, budget for concrete execution: 347 ms,  -- 
17:35:20.087 | DEBUG | --new testCase collected, to generate: testCom.google.common.primitives.Booleans.asList(boolean[])1
17:35:20.125 | DEBUG | --new testCase collected, to generate: testCom.google.common.primitives.Booleans.asList(boolean[])2
17:35:20.222 | DEBUG | --new testCase collected, to generate: testCom.google.common.primitives.Booleans.asList(boolean[])3
17:35:20.343 | DEBUG | --new testCase collected, to generate: testCom.google.common.primitives.Booleans.asList(boolean[])4
17:35:20.343 | INFO  | Finished (in 0.262 sec): method com.google.common.primitives.Booleans.asList(boolean[]) 
<StatsForMethod> :
	#generatedTC=4
	WITH NO EXCEPTIONS
17:35:20.362 | DEBUG |  ... 
17:35:20.363 | INFO  | Started: method com.google.common.primitives.Booleans.ensureCapacity(boolean[], int, int)
17:35:20.363 | INFO  |  -- Remaining time budget: 19901 ms, #remaining_methods: 28, budget for method: 710 ms, solver timeout: 355 ms, budget for symbolic execution: 355 ms, budget for concrete execution: 355 ms,  -- 
17:35:20.367 | DEBUG | --new testCase collected, to generate: testCom.google.common.primitives.Booleans.ensureCapacity(boolean[], int, int)1
17:35:20.472 | DEBUG | --new testCase collected, to generate: testCom.google.common.primitives.Booleans.ensureCapacity(boolean[], int, int)2
17:35:20.480 | DEBUG | --new testCase collected, to generate: testCom.google.common.primitives.Booleans.ensureCapacity(boolean[], int, int)3
17:35:20.521 | DEBUG | --new testCase collected, to generate: testCom.google.common.primitives.Booleans.ensureCapacity(boolean[], int, int)4
17:35:20.680 | DEBUG | --new testCase collected, to generate: testCom.google.common.primitives.Booleans.ensureCapacity(boolean[], int, int)5
17:35:20.718 | INFO  | |> Starting concrete execution for remaining state: com.google.common.primitives.Booleans.ensureCapacity(boolean[], int, int)
17:35:21.026 | DEBUG | --new testCase collected, to generate: testCom.google.common.primitives.Booleans.ensureCapacity(boolean[], int, int)6
17:35:21.032 | INFO  | Finished (in 0.669 sec): method com.google.common.primitives.Booleans.ensureCapacity(boolean[], int, int) 
<StatsForMethod> :
	#generatedTC=6
	WITH NO EXCEPTIONS
17:35:21.048 | DEBUG |  ... 
17:35:21.048 | INFO  | Started: method com.google.common.primitives.Booleans.reverse(boolean[])
17:35:21.049 | INFO  |  -- Remaining time budget: 19216 ms, #remaining_methods: 27, budget for method: 711 ms, solver timeout: 355 ms, budget for symbolic execution: 356 ms, budget for concrete execution: 355 ms,  -- 
17:35:21.056 | DEBUG | --new testCase collected, to generate: testCom.google.common.primitives.Booleans.reverse(boolean[])1
17:35:21.190 | DEBUG | --new testCase collected, to generate: testCom.google.common.primitives.Booleans.reverse(boolean[])2
17:35:21.405 | INFO  | |> Starting concrete execution for remaining state: com.google.common.primitives.Booleans.reverse(boolean[])
17:35:21.691 | DEBUG | --new testCase collected, to generate: testCom.google.common.primitives.Booleans.reverse(boolean[])3
17:35:21.760 | INFO  | (X) Cancelling concrete execution: com.google.common.primitives.Booleans.reverse(boolean[])
17:35:21.828 | INFO  | Finished (in 0.779 sec): method com.google.common.primitives.Booleans.reverse(boolean[]) 
<StatsForMethod> :
	#generatedTC=3
	WITH NO EXCEPTIONS
17:35:21.848 | DEBUG |  ... 
17:35:21.849 | INFO  | Started: method com.google.common.primitives.Booleans.reverse(boolean[], int, int)
17:35:21.849 | INFO  |  -- Remaining time budget: 18416 ms, #remaining_methods: 26, budget for method: 708 ms, solver timeout: 354 ms, budget for symbolic execution: 354 ms, budget for concrete execution: 354 ms,  -- 
17:35:21.854 | DEBUG | --new testCase collected, to generate: testCom.google.common.primitives.Booleans.reverse(boolean[], int, int)1
17:35:22.004 | DEBUG | --new testCase collected, to generate: testCom.google.common.primitives.Booleans.reverse(boolean[], int, int)2
17:35:22.094 | DEBUG | --new testCase collected, to generate: testCom.google.common.primitives.Booleans.reverse(boolean[], int, int)3
17:35:22.203 | INFO  | |> Starting concrete execution for remaining state: com.google.common.primitives.Booleans.reverse(boolean[], int, int)
17:35:22.261 | DEBUG | --new testCase collected, to generate: testCom.google.common.primitives.Booleans.reverse(boolean[], int, int)4
17:35:22.441 | DEBUG | --new testCase collected, to generate: testCom.google.common.primitives.Booleans.reverse(boolean[], int, int)5
17:35:22.455 | DEBUG | --new testCase collected, to generate: testCom.google.common.primitives.Booleans.reverse(boolean[], int, int)6
17:35:22.558 | INFO  | (X) Cancelling concrete execution: com.google.common.primitives.Booleans.reverse(boolean[], int, int)
17:35:22.578 | INFO  | Finished (in 0.730 sec): method com.google.common.primitives.Booleans.reverse(boolean[], int, int) 
<StatsForMethod> :
	#generatedTC=6
	WITH NO EXCEPTIONS
17:35:22.590 | DEBUG |  ... 
17:35:22.591 | INFO  | Started: method com.google.common.primitives.Booleans.<init>()
17:35:22.591 | INFO  |  -- Remaining time budget: 17673 ms, #remaining_methods: 25, budget for method: 706 ms, solver timeout: 353 ms, budget for symbolic execution: 353 ms, budget for concrete execution: 353 ms,  -- 
17:35:22.595 | DEBUG | --new testCase collected, to generate: testCom.google.common.primitives.Booleans.<init>()1
17:35:22.618 | DEBUG | --new testCase collected, to generate: testCom.google.common.primitives.Booleans.<init>()2
17:35:22.618 | INFO  | Finished (in 0.027 sec): method com.google.common.primitives.Booleans.<init>() 
<StatsForMethod> :
	#generatedTC=2
	WITH NO EXCEPTIONS
17:35:22.623 | DEBUG |  ... 
17:35:22.624 | INFO  | Started: method com.google.common.primitives.Booleans.BooleanArrayAsList.contains(Object)
17:35:22.624 | INFO  |  -- Remaining time budget: 17641 ms, #remaining_methods: 24, budget for method: 735 ms, solver timeout: 367 ms, budget for symbolic execution: 368 ms, budget for concrete execution: 367 ms,  -- 
17:35:22.632 | DEBUG | --new testCase collected, to generate: testCom.google.common.primitives.Booleans.BooleanArrayAsList.contains(Object)1
17:35:22.836 | DEBUG | --new testCase collected, to generate: testCom.google.common.primitives.Booleans.BooleanArrayAsList.contains(Object)2
17:35:22.917 | DEBUG | --new testCase collected, to generate: testCom.google.common.primitives.Booleans.BooleanArrayAsList.contains(Object)3
17:35:22.932 | DEBUG | --new testCase collected, to generate: testCom.google.common.primitives.Booleans.BooleanArrayAsList.contains(Object)4
17:35:22.932 | INFO  | Finished (in 0.308 sec): method com.google.common.primitives.Booleans.BooleanArrayAsList.contains(Object) 
<StatsForMethod> :
	#generatedTC=4
	WITH NO EXCEPTIONS
17:35:22.936 | DEBUG |  ... 
17:35:22.937 | INFO  | Started: method com.google.common.primitives.Booleans.BooleanArrayAsList.isEmpty()
17:35:22.937 | INFO  |  -- Remaining time budget: 17328 ms, #remaining_methods: 23, budget for method: 753 ms, solver timeout: 376 ms, budget for symbolic execution: 377 ms, budget for concrete execution: 376 ms,  -- 
17:35:22.940 | DEBUG | --new testCase collected, to generate: testCom.google.common.primitives.Booleans.BooleanArrayAsList.isEmpty()1
17:35:22.962 | DEBUG | --new testCase collected, to generate: testCom.google.common.primitives.Booleans.BooleanArrayAsList.isEmpty()2
17:35:22.963 | INFO  | Finished (in 0.026 sec): method com.google.common.primitives.Booleans.BooleanArrayAsList.isEmpty() 
<StatsForMethod> :
	#generatedTC=2
	WITH NO EXCEPTIONS
17:35:22.963 | DEBUG |  ... 
17:35:22.963 | INFO  | Started: method com.google.common.primitives.Booleans.BooleanArrayAsList.equals(Object)
17:35:22.964 | INFO  |  -- Remaining time budget: 17301 ms, #remaining_methods: 22, budget for method: 786 ms, solver timeout: 393 ms, budget for symbolic execution: 393 ms, budget for concrete execution: 393 ms,  -- 
17:35:22.967 | DEBUG | --new testCase collected, to generate: testCom.google.common.primitives.Booleans.BooleanArrayAsList.equals(Object)1
17:35:23.188 | DEBUG | --new testCase collected, to generate: testCom.google.common.primitives.Booleans.BooleanArrayAsList.equals(Object)2
17:35:23.357 | INFO  | |> Starting concrete execution for remaining state: com.google.common.primitives.Booleans.BooleanArrayAsList.equals(Object)
17:35:23.484 | DEBUG | --new testCase collected, to generate: testCom.google.common.primitives.Booleans.BooleanArrayAsList.equals(Object)3
17:35:23.751 | INFO  | (X) Cancelling concrete execution: com.google.common.primitives.Booleans.BooleanArrayAsList.equals(Object)
17:35:23.756 | INFO  | Finished (in 0.792 sec): method com.google.common.primitives.Booleans.BooleanArrayAsList.equals(Object) 
<StatsForMethod> :
	#generatedTC=3
	WITH NO EXCEPTIONS
17:35:23.779 | DEBUG |  ... 
17:35:23.780 | INFO  | Started: method com.google.common.primitives.Booleans.BooleanArrayAsList.hashCode()
17:35:23.780 | INFO  |  -- Remaining time budget: 16484 ms, #remaining_methods: 21, budget for method: 784 ms, solver timeout: 392 ms, budget for symbolic execution: 392 ms, budget for concrete execution: 392 ms,  -- 
17:35:23.784 | DEBUG | --new testCase collected, to generate: testCom.google.common.primitives.Booleans.BooleanArrayAsList.hashCode()1
17:35:23.808 | DEBUG | --new testCase collected, to generate: testCom.google.common.primitives.Booleans.BooleanArrayAsList.hashCode()2
17:35:23.832 | DEBUG | --new testCase collected, to generate: testCom.google.common.primitives.Booleans.BooleanArrayAsList.hashCode()3
17:35:23.853 | DEBUG | --new testCase collected, to generate: testCom.google.common.primitives.Booleans.BooleanArrayAsList.hashCode()4
17:35:23.877 | DEBUG | --new testCase collected, to generate: testCom.google.common.primitives.Booleans.BooleanArrayAsList.hashCode()5
17:35:23.877 | INFO  | Finished (in 0.097 sec): method com.google.common.primitives.Booleans.BooleanArrayAsList.hashCode() 
<StatsForMethod> :
	#generatedTC=5
	WITH NO EXCEPTIONS
17:35:23.878 | DEBUG |  ... 
17:35:23.879 | INFO  | Started: method com.google.common.primitives.Booleans.BooleanArrayAsList.toString()
17:35:23.879 | INFO  |  -- Remaining time budget: 16385 ms, #remaining_methods: 20, budget for method: 819 ms, solver timeout: 409 ms, budget for symbolic execution: 410 ms, budget for concrete execution: 409 ms,  -- 
17:35:23.886 | DEBUG | --new testCase collected, to generate: testCom.google.common.primitives.Booleans.BooleanArrayAsList.toString()1
17:35:23.983 | DEBUG | --new testCase collected, to generate: testCom.google.common.primitives.Booleans.BooleanArrayAsList.toString()2
17:35:24.017 | DEBUG | --new testCase collected, to generate: testCom.google.common.primitives.Booleans.BooleanArrayAsList.toString()3
17:35:24.266 | DEBUG | --new testCase collected, to generate: testCom.google.common.primitives.Booleans.BooleanArrayAsList.toString()4
17:35:24.289 | INFO  | |> Starting concrete execution for remaining state: com.google.common.primitives.Booleans.BooleanArrayAsList.toString()
17:35:24.509 | DEBUG | --new testCase collected, to generate: testCom.google.common.primitives.Booleans.BooleanArrayAsList.toString()5
17:35:24.699 | INFO  | (X) Cancelling concrete execution: com.google.common.primitives.Booleans.BooleanArrayAsList.toString()
17:35:24.716 | INFO  | Finished (in 0.837 sec): method com.google.common.primitives.Booleans.BooleanArrayAsList.toString() 
<StatsForMethod> :
	#generatedTC=5
	WITH NO EXCEPTIONS
17:35:24.766 | DEBUG |  ... 
17:35:24.767 | INFO  | Started: method com.google.common.primitives.Booleans.BooleanArrayAsList.set(int, Boolean)
17:35:24.767 | INFO  |  -- Remaining time budget: 15497 ms, #remaining_methods: 19, budget for method: 815 ms, solver timeout: 407 ms, budget for symbolic execution: 408 ms, budget for concrete execution: 407 ms,  -- 
17:35:24.785 | ERROR | Symbolic execution FAILED
kotlin.reflect.jvm.internal.KotlinReflectionInternalError: Could not compute caller for function: private constructor Boolean() defined in kotlin.Boolean[DeserializedClassConstructorDescriptor@42bd7db3] (member = null)
	at kotlin.reflect.jvm.internal.KFunctionImpl$caller$2.invoke(KFunctionImpl.kt:89) ~[utbot-junit-contest-1.0.jar:?]
	at kotlin.reflect.jvm.internal.KFunctionImpl$caller$2.invoke(KFunctionImpl.kt:36) ~[utbot-junit-contest-1.0.jar:?]
	at kotlin.reflect.jvm.internal.ReflectProperties$LazyVal.invoke(ReflectProperties.java:62) ~[utbot-junit-contest-1.0.jar:?]
	at kotlin.reflect.jvm.internal.ReflectProperties$Val.getValue(ReflectProperties.java:31) ~[utbot-junit-contest-1.0.jar:?]
	at kotlin.reflect.jvm.internal.KFunctionImpl.getCaller(KFunctionImpl.kt) ~[utbot-junit-contest-1.0.jar:?]
	at kotlin.reflect.jvm.ReflectJvmMapping.getJavaMethod(ReflectJvmMapping.kt:63) ~[utbot-junit-contest-1.0.jar:?]
	at com.huawei.utbot.framework.plugin.api.util.IdUtilKt.getExecutableId(IdUtil.kt:394) ~[utbot-junit-contest-1.0.jar:?]
	at com.huawei.utbot.engine.UtBotSymbolicEngine.createSimpleModelByKClass(UtBotSymbolicEngine.kt:587) ~[utbot-junit-contest-1.0.jar:?]
	at com.huawei.utbot.engine.UtBotSymbolicEngine.createModelByClassId(UtBotSymbolicEngine.kt:569) ~[utbot-junit-contest-1.0.jar:?]
	at com.huawei.utbot.engine.UtBotSymbolicEngine.access$createModelByClassId(UtBotSymbolicEngine.kt:245) ~[utbot-junit-contest-1.0.jar:?]
	at com.huawei.utbot.engine.UtBotSymbolicEngine$fuzzing$1.invokeSuspend(UtBotSymbolicEngine.kt:502) [utbot-junit-contest-1.0.jar:?]
	at com.huawei.utbot.engine.UtBotSymbolicEngine$fuzzing$1.invoke(UtBotSymbolicEngine.kt) [utbot-junit-contest-1.0.jar:?]
	at kotlinx.coroutines.flow.SafeFlow.collectSafely(Builders.kt:61) [utbot-junit-contest-1.0.jar:?]
	at kotlinx.coroutines.flow.AbstractFlow.collect(Flow.kt:212) [utbot-junit-contest-1.0.jar:?]
	at kotlinx.coroutines.flow.FlowKt__MergeKt$flattenConcat$$inlined$unsafeFlow$1$lambda$1.emit(Collect.kt:134) [utbot-junit-contest-1.0.jar:?]
	at kotlinx.coroutines.flow.FlowKt__BuildersKt$flowOf$$inlined$unsafeFlow$1.collect(SafeCollector.common.kt:114) [utbot-junit-contest-1.0.jar:?]
	at kotlinx.coroutines.flow.FlowKt__MergeKt$flattenConcat$$inlined$unsafeFlow$1.collect(SafeCollector.common.kt:114) [utbot-junit-contest-1.0.jar:?]
	at com.huawei.utbot.contest.ContestKt$runGeneration$1$invokeSuspend$$inlined$bracket$lambda$1$1.invokeSuspend(Contest.kt:531) [utbot-junit-contest-1.0.jar:?]
	at kotlin.coroutines.jvm.internal.BaseContinuationImpl.resumeWith(ContinuationImpl.kt:33) [utbot-junit-contest-1.0.jar:?]
	at kotlinx.coroutines.DispatchedTask.run(DispatchedTask.kt:106) [utbot-junit-contest-1.0.jar:?]
	at java.util.concurrent.Executors$RunnableAdapter.call(Executors.java:511) [?:1.8.0_312]
	at java.util.concurrent.FutureTask.run(FutureTask.java:266) [?:1.8.0_312]
	at java.util.concurrent.ScheduledThreadPoolExecutor$ScheduledFutureTask.access$201(ScheduledThreadPoolExecutor.java:180) [?:1.8.0_312]
	at java.util.concurrent.ScheduledThreadPoolExecutor$ScheduledFutureTask.run(ScheduledThreadPoolExecutor.java:293) [?:1.8.0_312]
	at java.util.concurrent.ThreadPoolExecutor.runWorker(ThreadPoolExecutor.java:1149) [?:1.8.0_312]
	at java.util.concurrent.ThreadPoolExecutor$Worker.run(ThreadPoolExecutor.java:624) [?:1.8.0_312]
	at java.lang.Thread.run(Thread.java:748) [?:1.8.0_312]
17:35:24.834 | DEBUG | --new testCase collected, to generate: testCom.google.common.primitives.Booleans.BooleanArrayAsList.set(int, Boolean)1
17:35:24.855 | DEBUG | --new testCase collected, to generate: testCom.google.common.primitives.Booleans.BooleanArrayAsList.set(int, Boolean)2
17:35:25.005 | DEBUG | --new testCase collected, to generate: testCom.google.common.primitives.Booleans.BooleanArrayAsList.set(int, Boolean)3
17:35:25.042 | DEBUG | --new testCase collected, to generate: testCom.google.common.primitives.Booleans.BooleanArrayAsList.set(int, Boolean)4
17:35:25.175 | INFO  | |> Starting concrete execution for remaining state: com.google.common.primitives.Booleans.BooleanArrayAsList.set(int, Boolean)
17:35:25.178 | DEBUG | --new testCase collected, to generate: testCom.google.common.primitives.Booleans.BooleanArrayAsList.set(int, Boolean)5
17:35:25.179 | INFO  | Finished (in 0.412 sec): method com.google.common.primitives.Booleans.BooleanArrayAsList.set(int, Boolean) 
<StatsForMethod> :
	#generatedTC=5
	FAILED 1 time(s) with 1 different exception(s)"
17:35:25.188 | DEBUG |  ... 
17:35:25.188 | INFO  | Started: method com.google.common.primitives.Booleans.BooleanArrayAsList.subList(int, int)
17:35:25.188 | INFO  |  -- Remaining time budget: 15076 ms, #remaining_methods: 18, budget for method: 837 ms, solver timeout: 418 ms, budget for symbolic execution: 419 ms, budget for concrete execution: 418 ms,  -- 
17:35:25.192 | DEBUG | --new testCase collected, to generate: testCom.google.common.primitives.Booleans.BooleanArrayAsList.subList(int, int)1
17:35:25.299 | DEBUG | --new testCase collected, to generate: testCom.google.common.primitives.Booleans.BooleanArrayAsList.subList(int, int)2
17:35:25.433 | DEBUG | --new testCase collected, to generate: testCom.google.common.primitives.Booleans.BooleanArrayAsList.subList(int, int)3
17:35:25.433 | INFO  | Finished (in 0.244 sec): method com.google.common.primitives.Booleans.BooleanArrayAsList.subList(int, int) 
<StatsForMethod> :
	#generatedTC=3
	WITH NO EXCEPTIONS
17:35:25.452 | DEBUG |  ... 
17:35:25.452 | INFO  | Started: method com.google.common.primitives.Booleans.BooleanArrayAsList.get(int)
17:35:25.453 | INFO  |  -- Remaining time budget: 14812 ms, #remaining_methods: 17, budget for method: 871 ms, solver timeout: 435 ms, budget for symbolic execution: 436 ms, budget for concrete execution: 435 ms,  -- 
17:35:25.460 | DEBUG | --new testCase collected, to generate: testCom.google.common.primitives.Booleans.BooleanArrayAsList.get(int)1
17:35:25.503 | DEBUG | --new testCase collected, to generate: testCom.google.common.primitives.Booleans.BooleanArrayAsList.get(int)2
17:35:25.540 | DEBUG | --new testCase collected, to generate: testCom.google.common.primitives.Booleans.BooleanArrayAsList.get(int)3
17:35:25.549 | DEBUG | --new testCase collected, to generate: testCom.google.common.primitives.Booleans.BooleanArrayAsList.get(int)4
17:35:25.550 | INFO  | Finished (in 0.097 sec): method com.google.common.primitives.Booleans.BooleanArrayAsList.get(int) 
<StatsForMethod> :
	#generatedTC=4
	WITH NO EXCEPTIONS
17:35:25.555 | DEBUG |  ... 
17:35:25.556 | INFO  | Started: method com.google.common.primitives.Booleans.BooleanArrayAsList.indexOf(Object)
17:35:25.556 | INFO  |  -- Remaining time budget: 14708 ms, #remaining_methods: 16, budget for method: 919 ms, solver timeout: 459 ms, budget for symbolic execution: 460 ms, budget for concrete execution: 459 ms,  -- 
17:35:25.560 | DEBUG | --new testCase collected, to generate: testCom.google.common.primitives.Booleans.BooleanArrayAsList.indexOf(Object)1
17:35:25.766 | DEBUG | --new testCase collected, to generate: testCom.google.common.primitives.Booleans.BooleanArrayAsList.indexOf(Object)2
17:35:25.812 | DEBUG | --new testCase collected, to generate: testCom.google.common.primitives.Booleans.BooleanArrayAsList.indexOf(Object)3
17:35:25.856 | DEBUG | --new testCase collected, to generate: testCom.google.common.primitives.Booleans.BooleanArrayAsList.indexOf(Object)4
17:35:25.856 | INFO  | Finished (in 0.300 sec): method com.google.common.primitives.Booleans.BooleanArrayAsList.indexOf(Object) 
<StatsForMethod> :
	#generatedTC=4
	WITH NO EXCEPTIONS
17:35:25.860 | DEBUG |  ... 
17:35:25.860 | INFO  | Started: method com.google.common.primitives.Booleans.BooleanArrayAsList.lastIndexOf(Object)
17:35:25.860 | INFO  |  -- Remaining time budget: 14404 ms, #remaining_methods: 15, budget for method: 960 ms, solver timeout: 480 ms, budget for symbolic execution: 480 ms, budget for concrete execution: 480 ms,  -- 
17:35:25.864 | DEBUG | --new testCase collected, to generate: testCom.google.common.primitives.Booleans.BooleanArrayAsList.lastIndexOf(Object)1
17:35:26.049 | DEBUG | --new testCase collected, to generate: testCom.google.common.primitives.Booleans.BooleanArrayAsList.lastIndexOf(Object)2
17:35:26.099 | DEBUG | --new testCase collected, to generate: testCom.google.common.primitives.Booleans.BooleanArrayAsList.lastIndexOf(Object)3
17:35:26.143 | DEBUG | --new testCase collected, to generate: testCom.google.common.primitives.Booleans.BooleanArrayAsList.lastIndexOf(Object)4
17:35:26.143 | INFO  | Finished (in 0.283 sec): method com.google.common.primitives.Booleans.BooleanArrayAsList.lastIndexOf(Object) 
<StatsForMethod> :
	#generatedTC=4
	WITH NO EXCEPTIONS
17:35:26.147 | DEBUG |  ... 
17:35:26.147 | INFO  | Started: method com.google.common.primitives.Booleans.BooleanArrayAsList.toBooleanArray()
17:35:26.147 | INFO  |  -- Remaining time budget: 14117 ms, #remaining_methods: 14, budget for method: 1008 ms, solver timeout: 504 ms, budget for symbolic execution: 504 ms, budget for concrete execution: 504 ms,  -- 
17:35:26.151 | DEBUG | --new testCase collected, to generate: testCom.google.common.primitives.Booleans.BooleanArrayAsList.toBooleanArray()1
17:35:26.336 | DEBUG | --new testCase collected, to generate: testCom.google.common.primitives.Booleans.BooleanArrayAsList.toBooleanArray()2
17:35:26.444 | DEBUG | --new testCase collected, to generate: testCom.google.common.primitives.Booleans.BooleanArrayAsList.toBooleanArray()3
17:35:26.447 | INFO  | Finished (in 0.299 sec): method com.google.common.primitives.Booleans.BooleanArrayAsList.toBooleanArray() 
<StatsForMethod> :
	#generatedTC=3
	WITH NO EXCEPTIONS
17:35:26.462 | DEBUG |  ... 
17:35:26.462 | INFO  | Started: method com.google.common.primitives.Booleans.BooleanArrayAsList.size()
17:35:26.463 | INFO  |  -- Remaining time budget: 13802 ms, #remaining_methods: 13, budget for method: 1061 ms, solver timeout: 530 ms, budget for symbolic execution: 531 ms, budget for concrete execution: 530 ms,  -- 
17:35:26.466 | DEBUG | --new testCase collected, to generate: testCom.google.common.primitives.Booleans.BooleanArrayAsList.size()1
17:35:26.488 | DEBUG | --new testCase collected, to generate: testCom.google.common.primitives.Booleans.BooleanArrayAsList.size()2
17:35:26.489 | INFO  | Finished (in 0.026 sec): method com.google.common.primitives.Booleans.BooleanArrayAsList.size() 
<StatsForMethod> :
	#generatedTC=2
	WITH NO EXCEPTIONS
17:35:26.489 | DEBUG |  ... 
17:35:26.489 | INFO  | Started: method com.google.common.primitives.Booleans.BooleanArrayAsList.<init>(boolean[])
17:35:26.490 | INFO  |  -- Remaining time budget: 13775 ms, #remaining_methods: 12, budget for method: 1147 ms, solver timeout: 573 ms, budget for symbolic execution: 574 ms, budget for concrete execution: 573 ms,  -- 
17:35:26.493 | DEBUG | --new testCase collected, to generate: testCom.google.common.primitives.Booleans.BooleanArrayAsList.<init>(boolean[])1
17:35:26.516 | DEBUG | --new testCase collected, to generate: testCom.google.common.primitives.Booleans.BooleanArrayAsList.<init>(boolean[])2
17:35:26.569 | DEBUG | --new testCase collected, to generate: testCom.google.common.primitives.Booleans.BooleanArrayAsList.<init>(boolean[])3
17:35:26.570 | INFO  | Finished (in 0.080 sec): method com.google.common.primitives.Booleans.BooleanArrayAsList.<init>(boolean[]) 
<StatsForMethod> :
	#generatedTC=3
	WITH NO EXCEPTIONS
17:35:26.575 | DEBUG |  ... 
17:35:26.576 | INFO  | Started: method com.google.common.primitives.Booleans.BooleanArrayAsList.<init>(boolean[], int, int)
17:35:26.576 | INFO  |  -- Remaining time budget: 13688 ms, #remaining_methods: 11, budget for method: 1244 ms, solver timeout: 622 ms, budget for symbolic execution: 622 ms, budget for concrete execution: 622 ms,  -- 
17:35:26.579 | DEBUG | --new testCase collected, to generate: testCom.google.common.primitives.Booleans.BooleanArrayAsList.<init>(boolean[], int, int)1
17:35:26.622 | DEBUG | --new testCase collected, to generate: testCom.google.common.primitives.Booleans.BooleanArrayAsList.<init>(boolean[], int, int)2
17:35:26.622 | INFO  | Finished (in 0.046 sec): method com.google.common.primitives.Booleans.BooleanArrayAsList.<init>(boolean[], int, int) 
<StatsForMethod> :
	#generatedTC=2
	WITH NO EXCEPTIONS
17:35:26.626 | DEBUG |  ... 
17:35:26.626 | INFO  | Started: method com.google.common.primitives.Booleans.LexicographicalComparator.toString()
17:35:26.626 | INFO  |  -- Remaining time budget: 13638 ms, #remaining_methods: 10, budget for method: 1363 ms, solver timeout: 681 ms, budget for symbolic execution: 682 ms, budget for concrete execution: 681 ms,  -- 
17:35:26.634 | ERROR | Symbolic execution FAILED
com.huawei.utbot.instrumentation.util.ChildProcessError: Error in the child process |> java.lang.IllegalAccessException: Class com.huawei.utbot.framework.concrete.MockValueConstructor can not access a member of class com.google.common.primitives.Booleans$LexicographicalComparator with modifiers "private"
	at sun.reflect.Reflection.ensureMemberAccess(Reflection.java:102)
	at java.lang.reflect.AccessibleObject.slowCheckMemberAccess(AccessibleObject.java:296)
	at java.lang.reflect.AccessibleObject.checkAccess(AccessibleObject.java:288)
	at java.lang.reflect.Constructor.newInstance(Constructor.java:413)
	at com.huawei.utbot.framework.concrete.MockValueConstructor.call(MockValueConstructor.kt:414)
	at com.huawei.utbot.framework.concrete.MockValueConstructor.updateWithExecutableCallModel(MockValueConstructor.kt:353)
	at com.huawei.utbot.framework.concrete.MockValueConstructor.constructFromAssembleModel(MockValueConstructor.kt:332)
	at com.huawei.utbot.framework.concrete.MockValueConstructor.construct(MockValueConstructor.kt:126)
	at com.huawei.utbot.framework.concrete.MockValueConstructor.constructMethodParameters(MockValueConstructor.kt:101)
	at com.huawei.utbot.framework.concrete.UtExecutionInstrumentation.invoke(UtExecutionInstrumentation.kt:126)
	at com.huawei.utbot.framework.concrete.UtExecutionInstrumentation.invoke(UtExecutionInstrumentation.kt:96)
	at com.huawei.utbot.instrumentation.process.ChildProcessKt.loop(ChildProcess.kt:114)
	at com.huawei.utbot.instrumentation.process.ChildProcessKt.main(ChildProcess.kt:76)
	at com.huawei.utbot.instrumentation.process.ChildProcessKt.main(ChildProcess.kt)

	at com.huawei.utbot.instrumentation.ConcreteExecutor.executeAsync(ConcreteExecutor.kt:391) ~[utbot-junit-contest-1.0.jar:?]
	at com.huawei.utbot.instrumentation.ConcreteExecutor$executeAsync$1.invokeSuspend(ConcreteExecutor.kt) ~[utbot-junit-contest-1.0.jar:?]
	at kotlin.coroutines.jvm.internal.BaseContinuationImpl.resumeWith(ContinuationImpl.kt:33) [utbot-junit-contest-1.0.jar:?]
	at kotlinx.coroutines.DispatchedTask.run(DispatchedTask.kt:106) [utbot-junit-contest-1.0.jar:?]
	at java.util.concurrent.Executors$RunnableAdapter.call(Executors.java:511) [?:1.8.0_312]
	at java.util.concurrent.FutureTask.run(FutureTask.java:266) [?:1.8.0_312]
	at java.util.concurrent.ScheduledThreadPoolExecutor$ScheduledFutureTask.access$201(ScheduledThreadPoolExecutor.java:180) [?:1.8.0_312]
	at java.util.concurrent.ScheduledThreadPoolExecutor$ScheduledFutureTask.run(ScheduledThreadPoolExecutor.java:293) [?:1.8.0_312]
	at java.util.concurrent.ThreadPoolExecutor.runWorker(ThreadPoolExecutor.java:1149) [?:1.8.0_312]
	at java.util.concurrent.ThreadPoolExecutor$Worker.run(ThreadPoolExecutor.java:624) [?:1.8.0_312]
	at java.lang.Thread.run(Thread.java:748) [?:1.8.0_312]
17:35:26.661 | DEBUG | --new testCase collected, to generate: testCom.google.common.primitives.Booleans.LexicographicalComparator.toString()1
17:35:26.662 | INFO  | Finished (in 0.036 sec): method com.google.common.primitives.Booleans.LexicographicalComparator.toString() 
<StatsForMethod> :
	#generatedTC=1
	FAILED 1 time(s) with 1 different exception(s)"
17:35:26.663 | DEBUG |  ... 
17:35:26.663 | INFO  | Started: method com.google.common.primitives.Booleans.LexicographicalComparator.compare(boolean[], boolean[])
17:35:26.663 | INFO  |  -- Remaining time budget: 13601 ms, #remaining_methods: 9, budget for method: 1511 ms, solver timeout: 755 ms, budget for symbolic execution: 756 ms, budget for concrete execution: 755 ms,  -- 
17:35:26.666 | ERROR | Symbolic execution FAILED
com.huawei.utbot.instrumentation.util.ChildProcessError: Error in the child process |> java.lang.IllegalAccessException: Class com.huawei.utbot.framework.concrete.MockValueConstructor can not access a member of class com.google.common.primitives.Booleans$LexicographicalComparator with modifiers "private"
	at sun.reflect.Reflection.ensureMemberAccess(Reflection.java:102)
	at java.lang.reflect.AccessibleObject.slowCheckMemberAccess(AccessibleObject.java:296)
	at java.lang.reflect.AccessibleObject.checkAccess(AccessibleObject.java:288)
	at java.lang.reflect.Constructor.newInstance(Constructor.java:413)
	at com.huawei.utbot.framework.concrete.MockValueConstructor.call(MockValueConstructor.kt:414)
	at com.huawei.utbot.framework.concrete.MockValueConstructor.updateWithExecutableCallModel(MockValueConstructor.kt:353)
	at com.huawei.utbot.framework.concrete.MockValueConstructor.constructFromAssembleModel(MockValueConstructor.kt:332)
	at com.huawei.utbot.framework.concrete.MockValueConstructor.construct(MockValueConstructor.kt:126)
	at com.huawei.utbot.framework.concrete.MockValueConstructor.constructMethodParameters(MockValueConstructor.kt:101)
	at com.huawei.utbot.framework.concrete.UtExecutionInstrumentation.invoke(UtExecutionInstrumentation.kt:126)
	at com.huawei.utbot.framework.concrete.UtExecutionInstrumentation.invoke(UtExecutionInstrumentation.kt:96)
	at com.huawei.utbot.instrumentation.process.ChildProcessKt.loop(ChildProcess.kt:114)
	at com.huawei.utbot.instrumentation.process.ChildProcessKt.main(ChildProcess.kt:76)
	at com.huawei.utbot.instrumentation.process.ChildProcessKt.main(ChildProcess.kt)

	at com.huawei.utbot.instrumentation.ConcreteExecutor.executeAsync(ConcreteExecutor.kt:391) ~[utbot-junit-contest-1.0.jar:?]
	at com.huawei.utbot.instrumentation.ConcreteExecutor$executeAsync$1.invokeSuspend(ConcreteExecutor.kt) ~[utbot-junit-contest-1.0.jar:?]
	at kotlin.coroutines.jvm.internal.BaseContinuationImpl.resumeWith(ContinuationImpl.kt:33) [utbot-junit-contest-1.0.jar:?]
	at kotlinx.coroutines.DispatchedTask.run(DispatchedTask.kt:106) [utbot-junit-contest-1.0.jar:?]
	at java.util.concurrent.Executors$RunnableAdapter.call(Executors.java:511) [?:1.8.0_312]
	at java.util.concurrent.FutureTask.run(FutureTask.java:266) [?:1.8.0_312]
	at java.util.concurrent.ScheduledThreadPoolExecutor$ScheduledFutureTask.access$201(ScheduledThreadPoolExecutor.java:180) [?:1.8.0_312]
	at java.util.concurrent.ScheduledThreadPoolExecutor$ScheduledFutureTask.run(ScheduledThreadPoolExecutor.java:293) [?:1.8.0_312]
	at java.util.concurrent.ThreadPoolExecutor.runWorker(ThreadPoolExecutor.java:1149) [?:1.8.0_312]
	at java.util.concurrent.ThreadPoolExecutor$Worker.run(ThreadPoolExecutor.java:624) [?:1.8.0_312]
	at java.lang.Thread.run(Thread.java:748) [?:1.8.0_312]
17:35:26.693 | DEBUG | --new testCase collected, to generate: testCom.google.common.primitives.Booleans.LexicographicalComparator.compare(boolean[], boolean[])1
17:35:26.713 | DEBUG | --new testCase collected, to generate: testCom.google.common.primitives.Booleans.LexicographicalComparator.compare(boolean[], boolean[])2
17:35:26.805 | DEBUG | --new testCase collected, to generate: testCom.google.common.primitives.Booleans.LexicographicalComparator.compare(boolean[], boolean[])3
17:35:26.811 | DEBUG | --new testCase collected, to generate: testCom.google.common.primitives.Booleans.LexicographicalComparator.compare(boolean[], boolean[])4
17:35:26.854 | DEBUG | --new testCase collected, to generate: testCom.google.common.primitives.Booleans.LexicographicalComparator.compare(boolean[], boolean[])5
17:35:26.856 | INFO  | Finished (in 0.193 sec): method com.google.common.primitives.Booleans.LexicographicalComparator.compare(boolean[], boolean[]) 
<StatsForMethod> :
	#generatedTC=5
	FAILED 1 time(s) with 1 different exception(s)"
17:35:26.863 | DEBUG |  ... 
17:35:26.863 | INFO  | Started: method com.google.common.primitives.Booleans.LexicographicalComparator.valueOf(String)
17:35:26.864 | INFO  |  -- Remaining time budget: 13401 ms, #remaining_methods: 8, budget for method: 1675 ms, solver timeout: 837 ms, budget for symbolic execution: 838 ms, budget for concrete execution: 837 ms,  -- 
17:35:26.869 | DEBUG | --new testCase collected, to generate: testCom.google.common.primitives.Booleans.LexicographicalComparator.valueOf(String)1
17:35:27.702 | INFO  | |> Starting concrete execution for remaining state: com.google.common.primitives.Booleans.LexicographicalComparator.valueOf(String)
17:35:28.540 | INFO  | (X) Cancelling concrete execution: com.google.common.primitives.Booleans.LexicographicalComparator.valueOf(String)
17:35:28.644 | INFO  | Finished (in 1.781 sec): method com.google.common.primitives.Booleans.LexicographicalComparator.valueOf(String) 
<StatsForMethod> :
	#generatedTC=1
	WITH NO EXCEPTIONS
17:35:28.699 | DEBUG |  ... 
17:35:28.699 | INFO  | Started: method com.google.common.primitives.Booleans.LexicographicalComparator.values()
17:35:28.699 | INFO  |  -- Remaining time budget: 11565 ms, #remaining_methods: 7, budget for method: 1652 ms, solver timeout: 826 ms, budget for symbolic execution: 826 ms, budget for concrete execution: 826 ms,  -- 
17:35:28.702 | DEBUG | --new testCase collected, to generate: testCom.google.common.primitives.Booleans.LexicographicalComparator.values()1
17:35:28.838 | DEBUG | --new testCase collected, to generate: testCom.google.common.primitives.Booleans.LexicographicalComparator.values()2
17:35:28.838 | INFO  | Finished (in 0.139 sec): method com.google.common.primitives.Booleans.LexicographicalComparator.values() 
<StatsForMethod> :
	#generatedTC=2
	WITH NO EXCEPTIONS
17:35:28.852 | DEBUG |  ... 
17:35:28.852 | INFO  | Started: method com.google.common.primitives.Booleans.LexicographicalComparator.<init>()
17:35:28.853 | INFO  |  -- Remaining time budget: 11412 ms, #remaining_methods: 6, budget for method: 1902 ms, solver timeout: 951 ms, budget for symbolic execution: 951 ms, budget for concrete execution: 951 ms,  -- 
17:35:28.856 | ERROR | Symbolic execution FAILED
com.huawei.utbot.instrumentation.util.ChildProcessError: Error in the child process |> java.lang.IllegalArgumentException: Cannot reflectively create enum objects
	at java.lang.reflect.Constructor.newInstance(Constructor.java:417)
	at com.huawei.utbot.instrumentation.instrumentation.InvokeInstrumentation$invoke$$inlined$run$lambda$2.invoke(InvokeInstrumentation.kt:70)
	at com.huawei.utbot.common.ThreadBasedExecutor$invokeWithTimeout$1.invoke(ThreadUtil.kt:43)
	at com.huawei.utbot.common.ThreadBasedExecutor$invokeWithTimeout$1.invoke(ThreadUtil.kt:22)
	at kotlin.concurrent.ThreadsKt$thread$thread$1.run(Thread.kt:30)

	at com.huawei.utbot.instrumentation.ConcreteExecutor.executeAsync(ConcreteExecutor.kt:391) ~[utbot-junit-contest-1.0.jar:?]
	at com.huawei.utbot.instrumentation.ConcreteExecutor$executeAsync$1.invokeSuspend(ConcreteExecutor.kt) ~[utbot-junit-contest-1.0.jar:?]
	at kotlin.coroutines.jvm.internal.BaseContinuationImpl.resumeWith(ContinuationImpl.kt:33) [utbot-junit-contest-1.0.jar:?]
	at kotlinx.coroutines.DispatchedTask.run(DispatchedTask.kt:106) [utbot-junit-contest-1.0.jar:?]
	at java.util.concurrent.Executors$RunnableAdapter.call(Executors.java:511) [?:1.8.0_312]
	at java.util.concurrent.FutureTask.run(FutureTask.java:266) [?:1.8.0_312]
	at java.util.concurrent.ScheduledThreadPoolExecutor$ScheduledFutureTask.access$201(ScheduledThreadPoolExecutor.java:180) [?:1.8.0_312]
	at java.util.concurrent.ScheduledThreadPoolExecutor$ScheduledFutureTask.run(ScheduledThreadPoolExecutor.java:293) [?:1.8.0_312]
	at java.util.concurrent.ThreadPoolExecutor.runWorker(ThreadPoolExecutor.java:1149) [?:1.8.0_312]
	at java.util.concurrent.ThreadPoolExecutor$Worker.run(ThreadPoolExecutor.java:624) [?:1.8.0_312]
	at java.lang.Thread.run(Thread.java:748) [?:1.8.0_312]
17:35:28.913 | DEBUG | --new testCase collected, to generate: testCom.google.common.primitives.Booleans.LexicographicalComparator.<init>()1
17:35:28.913 | INFO  | Finished (in 0.061 sec): method com.google.common.primitives.Booleans.LexicographicalComparator.<init>() 
<StatsForMethod> :
	#generatedTC=1
	FAILED 1 time(s) with 1 different exception(s)"
17:35:28.919 | DEBUG |  ... 
17:35:28.919 | INFO  | Started: method com.google.common.primitives.Booleans.BooleanComparator.toString()
17:35:28.920 | INFO  |  -- Remaining time budget: 11345 ms, #remaining_methods: 5, budget for method: 2269 ms, solver timeout: 1000 ms, budget for symbolic execution: 1135 ms, budget for concrete execution: 1134 ms,  -- 
17:35:28.922 | DEBUG | --new testCase collected, to generate: testCom.google.common.primitives.Booleans.BooleanComparator.toString()1
17:35:28.946 | DEBUG | --new testCase collected, to generate: testCom.google.common.primitives.Booleans.BooleanComparator.toString()2
17:35:28.946 | INFO  | Finished (in 0.027 sec): method com.google.common.primitives.Booleans.BooleanComparator.toString() 
<StatsForMethod> :
	#generatedTC=2
	WITH NO EXCEPTIONS
17:35:28.947 | DEBUG |  ... 
17:35:28.947 | INFO  | Started: method com.google.common.primitives.Booleans.BooleanComparator.compare(Boolean, Boolean)
17:35:28.947 | INFO  |  -- Remaining time budget: 11317 ms, #remaining_methods: 4, budget for method: 2829 ms, solver timeout: 1000 ms, budget for symbolic execution: 1629 ms, budget for concrete execution: 1200 ms,  -- 
17:35:28.949 | ERROR | Symbolic execution FAILED
kotlin.reflect.jvm.internal.KotlinReflectionInternalError: Could not compute caller for function: private constructor Boolean() defined in kotlin.Boolean[DeserializedClassConstructorDescriptor@42bd7db3] (member = null)
	at kotlin.reflect.jvm.internal.KFunctionImpl$caller$2.invoke(KFunctionImpl.kt:89) ~[utbot-junit-contest-1.0.jar:?]
	at kotlin.reflect.jvm.internal.KFunctionImpl$caller$2.invoke(KFunctionImpl.kt:36) ~[utbot-junit-contest-1.0.jar:?]
	at kotlin.reflect.jvm.internal.ReflectProperties$LazyVal.invoke(ReflectProperties.java:62) ~[utbot-junit-contest-1.0.jar:?]
	at kotlin.reflect.jvm.internal.ReflectProperties$Val.getValue(ReflectProperties.java:31) ~[utbot-junit-contest-1.0.jar:?]
	at kotlin.reflect.jvm.internal.KFunctionImpl.getCaller(KFunctionImpl.kt) ~[utbot-junit-contest-1.0.jar:?]
	at kotlin.reflect.jvm.ReflectJvmMapping.getJavaMethod(ReflectJvmMapping.kt:63) ~[utbot-junit-contest-1.0.jar:?]
	at com.huawei.utbot.framework.plugin.api.util.IdUtilKt.getExecutableId(IdUtil.kt:394) ~[utbot-junit-contest-1.0.jar:?]
	at com.huawei.utbot.engine.UtBotSymbolicEngine.createSimpleModelByKClass(UtBotSymbolicEngine.kt:587) ~[utbot-junit-contest-1.0.jar:?]
	at com.huawei.utbot.engine.UtBotSymbolicEngine.createModelByClassId(UtBotSymbolicEngine.kt:569) ~[utbot-junit-contest-1.0.jar:?]
	at com.huawei.utbot.engine.UtBotSymbolicEngine.access$createModelByClassId(UtBotSymbolicEngine.kt:245) ~[utbot-junit-contest-1.0.jar:?]
	at com.huawei.utbot.engine.UtBotSymbolicEngine$fuzzing$1.invokeSuspend(UtBotSymbolicEngine.kt:502) [utbot-junit-contest-1.0.jar:?]
	at com.huawei.utbot.engine.UtBotSymbolicEngine$fuzzing$1.invoke(UtBotSymbolicEngine.kt) [utbot-junit-contest-1.0.jar:?]
	at kotlinx.coroutines.flow.SafeFlow.collectSafely(Builders.kt:61) [utbot-junit-contest-1.0.jar:?]
	at kotlinx.coroutines.flow.AbstractFlow.collect(Flow.kt:212) [utbot-junit-contest-1.0.jar:?]
	at kotlinx.coroutines.flow.FlowKt__MergeKt$flattenConcat$$inlined$unsafeFlow$1$lambda$1.emit(Collect.kt:134) [utbot-junit-contest-1.0.jar:?]
	at kotlinx.coroutines.flow.FlowKt__BuildersKt$flowOf$$inlined$unsafeFlow$1.collect(SafeCollector.common.kt:114) [utbot-junit-contest-1.0.jar:?]
	at kotlinx.coroutines.flow.FlowKt__MergeKt$flattenConcat$$inlined$unsafeFlow$1.collect(SafeCollector.common.kt:114) [utbot-junit-contest-1.0.jar:?]
	at com.huawei.utbot.contest.ContestKt$runGeneration$1$invokeSuspend$$inlined$bracket$lambda$1$1.invokeSuspend(Contest.kt:531) [utbot-junit-contest-1.0.jar:?]
	at kotlin.coroutines.jvm.internal.BaseContinuationImpl.resumeWith(ContinuationImpl.kt:33) [utbot-junit-contest-1.0.jar:?]
	at kotlinx.coroutines.DispatchedTask.run(DispatchedTask.kt:106) [utbot-junit-contest-1.0.jar:?]
	at java.util.concurrent.Executors$RunnableAdapter.call(Executors.java:511) [?:1.8.0_312]
	at java.util.concurrent.FutureTask.run(FutureTask.java:266) [?:1.8.0_312]
	at java.util.concurrent.ScheduledThreadPoolExecutor$ScheduledFutureTask.access$201(ScheduledThreadPoolExecutor.java:180) [?:1.8.0_312]
	at java.util.concurrent.ScheduledThreadPoolExecutor$ScheduledFutureTask.run(ScheduledThreadPoolExecutor.java:293) [?:1.8.0_312]
	at java.util.concurrent.ThreadPoolExecutor.runWorker(ThreadPoolExecutor.java:1149) [?:1.8.0_312]
	at java.util.concurrent.ThreadPoolExecutor$Worker.run(ThreadPoolExecutor.java:624) [?:1.8.0_312]
	at java.lang.Thread.run(Thread.java:748) [?:1.8.0_312]
17:35:28.993 | DEBUG | --new testCase collected, to generate: testCom.google.common.primitives.Booleans.BooleanComparator.compare(Boolean, Boolean)1
17:35:29.015 | DEBUG | --new testCase collected, to generate: testCom.google.common.primitives.Booleans.BooleanComparator.compare(Boolean, Boolean)2
17:35:29.019 | DEBUG | --new testCase collected, to generate: testCom.google.common.primitives.Booleans.BooleanComparator.compare(Boolean, Boolean)3
17:35:29.070 | DEBUG | --new testCase collected, to generate: testCom.google.common.primitives.Booleans.BooleanComparator.compare(Boolean, Boolean)4
17:35:29.072 | DEBUG | --new testCase collected, to generate: testCom.google.common.primitives.Booleans.BooleanComparator.compare(Boolean, Boolean)5
17:35:29.075 | INFO  | Finished (in 0.128 sec): method com.google.common.primitives.Booleans.BooleanComparator.compare(Boolean, Boolean) 
<StatsForMethod> :
	#generatedTC=5
	FAILED 1 time(s) with 1 different exception(s)"
17:35:29.081 | DEBUG |  ... 
17:35:29.082 | INFO  | Started: method com.google.common.primitives.Booleans.BooleanComparator.valueOf(String)
17:35:29.082 | INFO  |  -- Remaining time budget: 11183 ms, #remaining_methods: 3, budget for method: 3727 ms, solver timeout: 1000 ms, budget for symbolic execution: 2527 ms, budget for concrete execution: 1200 ms,  -- 
17:35:29.085 | DEBUG | --new testCase collected, to generate: testCom.google.common.primitives.Booleans.BooleanComparator.valueOf(String)1
17:35:31.582 | DEBUG | --new testCase collected, to generate: testCom.google.common.primitives.Booleans.BooleanComparator.valueOf(String)2
17:35:31.609 | INFO  | |> Starting concrete execution for remaining state: com.google.common.primitives.Booleans.BooleanComparator.valueOf(String)
17:35:32.809 | INFO  | (X) Cancelling concrete execution: com.google.common.primitives.Booleans.BooleanComparator.valueOf(String)
17:35:33.202 | INFO  | Finished (in 4.120 sec): method com.google.common.primitives.Booleans.BooleanComparator.valueOf(String) 
<StatsForMethod> :
	#generatedTC=2
	WITH NO EXCEPTIONS
17:35:33.306 | DEBUG |  ... 
17:35:33.307 | INFO  | Started: method com.google.common.primitives.Booleans.BooleanComparator.values()
17:35:33.307 | INFO  |  -- Remaining time budget: 6958 ms, #remaining_methods: 2, budget for method: 3479 ms, solver timeout: 1000 ms, budget for symbolic execution: 2279 ms, budget for concrete execution: 1200 ms,  -- 
17:35:33.309 | DEBUG | --new testCase collected, to generate: testCom.google.common.primitives.Booleans.BooleanComparator.values()1
17:35:33.507 | DEBUG | --new testCase collected, to generate: testCom.google.common.primitives.Booleans.BooleanComparator.values()2
17:35:33.523 | INFO  | Finished (in 0.216 sec): method com.google.common.primitives.Booleans.BooleanComparator.values() 
<StatsForMethod> :
	#generatedTC=2
	WITH NO EXCEPTIONS
17:35:33.545 | DEBUG |  ... 
17:35:33.545 | INFO  | Started: method com.google.common.primitives.Booleans.BooleanComparator.<init>(int, String)
17:35:33.545 | INFO  |  -- Remaining time budget: 6719 ms, #remaining_methods: 1, budget for method: 6719 ms, solver timeout: 1000 ms, budget for symbolic execution: 5519 ms, budget for concrete execution: 1200 ms,  -- 
17:35:33.551 | ERROR | Symbolic execution FAILED
com.huawei.utbot.instrumentation.util.ChildProcessError: Error in the child process |> java.lang.IllegalArgumentException: Cannot reflectively create enum objects
	at java.lang.reflect.Constructor.newInstance(Constructor.java:417)
	at com.huawei.utbot.instrumentation.instrumentation.InvokeInstrumentation$invoke$$inlined$run$lambda$2.invoke(InvokeInstrumentation.kt:70)
	at com.huawei.utbot.common.ThreadBasedExecutor$invokeWithTimeout$1.invoke(ThreadUtil.kt:43)
	at com.huawei.utbot.common.ThreadBasedExecutor$invokeWithTimeout$1.invoke(ThreadUtil.kt:22)
	at kotlin.concurrent.ThreadsKt$thread$thread$1.run(Thread.kt:30)

	at com.huawei.utbot.instrumentation.ConcreteExecutor.executeAsync(ConcreteExecutor.kt:391) ~[utbot-junit-contest-1.0.jar:?]
	at com.huawei.utbot.instrumentation.ConcreteExecutor$executeAsync$1.invokeSuspend(ConcreteExecutor.kt) ~[utbot-junit-contest-1.0.jar:?]
	at kotlin.coroutines.jvm.internal.BaseContinuationImpl.resumeWith(ContinuationImpl.kt:33) [utbot-junit-contest-1.0.jar:?]
	at kotlinx.coroutines.DispatchedTask.run(DispatchedTask.kt:106) [utbot-junit-contest-1.0.jar:?]
	at java.util.concurrent.Executors$RunnableAdapter.call(Executors.java:511) [?:1.8.0_312]
	at java.util.concurrent.FutureTask.run(FutureTask.java:266) [?:1.8.0_312]
	at java.util.concurrent.ScheduledThreadPoolExecutor$ScheduledFutureTask.access$201(ScheduledThreadPoolExecutor.java:180) [?:1.8.0_312]
	at java.util.concurrent.ScheduledThreadPoolExecutor$ScheduledFutureTask.run(ScheduledThreadPoolExecutor.java:293) [?:1.8.0_312]
	at java.util.concurrent.ThreadPoolExecutor.runWorker(ThreadPoolExecutor.java:1149) [?:1.8.0_312]
	at java.util.concurrent.ThreadPoolExecutor$Worker.run(ThreadPoolExecutor.java:624) [?:1.8.0_312]
	at java.lang.Thread.run(Thread.java:748) [?:1.8.0_312]
17:35:33.624 | DEBUG | --new testCase collected, to generate: testCom.google.common.primitives.Booleans.BooleanComparator.<init>(int, String)1
17:35:33.625 | INFO  | Finished (in 0.079 sec): method com.google.common.primitives.Booleans.BooleanComparator.<init>(int, String) 
<StatsForMethod> :
	#generatedTC=1
	FAILED 1 time(s) with 1 different exception(s)"
17:35:33.633 | INFO  | Started: Flushing tests for [Booleans] on disk
17:35:34.195 | INFO  | File size for BooleansTest: 121 KB
17:35:34.197 | INFO  | Finished (in 0.563 sec): Flushing tests for [Booleans] on disk 
17:35:34.197 | INFO  | Finished (in 19.408 sec): class com.google.common.primitives.Booleans 
<StatsForClass> :
	canceled by timeout = false
	#methods = 44, 
	#methods started symbolic exploration = 44
	#methods with at least one TC = 44
	#methods with exceptions = 6
	#generated TC = 149
	#coverage = null
[READY]
