
>>> TOOL NAME:  utbot-mocks

>>> BENCHMARK:  SPOON-107

>>> RUN NUMBER: 6

>>> MODE: --only-compute-metrics
Creating directory ./temp
Creating directory ./temp/data
Creating directory ./temp/testcases
Executing /home/utbot_mocks/./runtool
>> BENCHMARK
>> /var/benchmarks/projects/spoon/src/main/java
>> /var/benchmarks/projects/spoon/target/classes
>> 31
>> /var/benchmarks/projects/spoon/target/spoon-core-7.0.0.jar
>> /var/benchmarks/projects/./spoon/target/dependency/org.eclipse.text-3.12.0.jar
>> /var/benchmarks/projects/spoon/target/dependency/org.eclipse.equinox.app-1.6.100.jar
>> /var/benchmarks/projects/spoon/target/dependency/org.eclipse.core.contenttype-3.8.100.jar
>> /var/benchmarks/projects/spoon/target/dependency/mockito-all-2.0.2-beta.jar
>> /var/benchmarks/projects/spoon/target/dependency/jackson-databind-2.9.2.jar
>> /var/benchmarks/projects/spoon/target/dependency/guava-18.0.jar
>> /var/benchmarks/projects/spoon/target/dependency/org.eclipse.core.expressions-3.8.100.jar
>> /var/benchmarks/projects/spoon/target/dependency/org.eclipse.core.commands-3.10.100.jar
>> /var/benchmarks/projects/spoon/target/dependency/jackson-annotations-2.9.0.jar
>> /var/benchmarks/projects/spoon/target/dependency/org.eclipse.jdt.core-3.13.102.jar
>> /var/benchmarks/projects/spoon/target/dependency/org.eclipse.core.runtime-3.24.0.jar
>> /var/benchmarks/projects/spoon/target/dependency/org.eclipse.core.resources-3.16.0.jar
>> /var/benchmarks/projects/spoon/target/dependency/jackson-core-2.9.2.jar
>> /var/benchmarks/projects/spoon/target/dependency/junit-4.12.jar
>> /var/benchmarks/projects/spoon/target/dependency/org.eclipse.equinox.registry-3.11.100.jar
>> /var/benchmarks/projects/spoon/target/dependency/hamcrest-core-1.3.jar
>> /var/benchmarks/projects/spoon/target/dependency/maven-model-3.3.9.jar
>> /var/benchmarks/projects/spoon/target/dependency/plexus-utils-3.0.22.jar
>> /var/benchmarks/projects/spoon/target/dependency/jsap-2.1.jar
>> /var/benchmarks/projects/spoon/target/dependency/bridge-method-annotation-1.13.jar
>> /var/benchmarks/projects/spoon/target/dependency/org.eclipse.equinox.common-3.15.100.jar
>> /var/benchmarks/projects/spoon/target/dependency/org.eclipse.core.jobs-3.12.0.jar
>> /var/benchmarks/projects/spoon/target/dependency/commons-io-2.5.jar
>> /var/benchmarks/projects/spoon/target/dependency/commons-lang3-3.5.jar
>> /var/benchmarks/projects/spoon/target/dependency/system-rules-1.9.0.jar
>> /var/benchmarks/projects/spoon/target/dependency/querydsl-core-3.6.9.jar
>> /var/benchmarks/projects/spoon/target/dependency/org.eclipse.core.filesystem-1.9.200.jar
>> /var/benchmarks/projects/spoon/target/dependency/org.eclipse.equinox.preferences-3.9.100.jar
>> /var/benchmarks/projects/spoon/target/dependency/org.eclipse.osgi-3.17.100.jar
>> /var/benchmarks/projects/spoon/target/dependency/log4j-1.2.17.jar
>> 0
expecting CLASSPATH or READY
<< CLASSPATH
expecting number
<< 0
<< READY
>> 120


### COMPUTING METRICS ###: spoon.reflect.visitor.filter.CompositeFilter


Starting class spoon.reflect.visitor.filter.CompositeFilter


Ending class spoon.reflect.visitor.filter.CompositeFilter
Creating directory results_utbot-mocks_120/SPOON-107_6/temp/testcases/bin
Creating dummy JUnit test file

---Compilation---

===
javac command line:
/usr/bin/javac -sourcepath /home/utbot_mocks/results_utbot-mocks_120/SPOON-107_6/temp/testcases -cp /var/benchmarks/projects/spoon/target/spoon-core-7.0.0.jar:/var/benchmarks/projects/./spoon/target/dependency/org.eclipse.text-3.12.0.jar:/var/benchmarks/projects/spoon/target/dependency/org.eclipse.equinox.app-1.6.100.jar:/var/benchmarks/projects/spoon/target/dependency/org.eclipse.core.contenttype-3.8.100.jar:/var/benchmarks/projects/spoon/target/dependency/mockito-all-2.0.2-beta.jar:/var/benchmarks/projects/spoon/target/dependency/jackson-databind-2.9.2.jar:/var/benchmarks/projects/spoon/target/dependency/guava-18.0.jar:/var/benchmarks/projects/spoon/target/dependency/org.eclipse.core.expressions-3.8.100.jar:/var/benchmarks/projects/spoon/target/dependency/org.eclipse.core.commands-3.10.100.jar:/var/benchmarks/projects/spoon/target/dependency/jackson-annotations-2.9.0.jar:/var/benchmarks/projects/spoon/target/dependency/org.eclipse.jdt.core-3.13.102.jar:/var/benchmarks/projects/spoon/target/dependency/org.eclipse.core.runtime-3.24.0.jar:/var/benchmarks/projects/spoon/target/dependency/org.eclipse.core.resources-3.16.0.jar:/var/benchmarks/projects/spoon/target/dependency/jackson-core-2.9.2.jar:/var/benchmarks/projects/spoon/target/dependency/junit-4.12.jar:/var/benchmarks/projects/spoon/target/dependency/org.eclipse.equinox.registry-3.11.100.jar:/var/benchmarks/projects/spoon/target/dependency/hamcrest-core-1.3.jar:/var/benchmarks/projects/spoon/target/dependency/maven-model-3.3.9.jar:/var/benchmarks/projects/spoon/target/dependency/plexus-utils-3.0.22.jar:/var/benchmarks/projects/spoon/target/dependency/jsap-2.1.jar:/var/benchmarks/projects/spoon/target/dependency/bridge-method-annotation-1.13.jar:/var/benchmarks/projects/spoon/target/dependency/org.eclipse.equinox.common-3.15.100.jar:/var/benchmarks/projects/spoon/target/dependency/org.eclipse.core.jobs-3.12.0.jar:/var/benchmarks/projects/spoon/target/dependency/commons-io-2.5.jar:/var/benchmarks/projects/spoon/target/dependency/commons-lang3-3.5.jar:/var/benchmarks/projects/spoon/target/dependency/system-rules-1.9.0.jar:/var/benchmarks/projects/spoon/target/dependency/querydsl-core-3.6.9.jar:/var/benchmarks/projects/spoon/target/dependency/org.eclipse.core.filesystem-1.9.200.jar:/var/benchmarks/projects/spoon/target/dependency/org.eclipse.equinox.preferences-3.9.100.jar:/var/benchmarks/projects/spoon/target/dependency/org.eclipse.osgi-3.17.100.jar:/var/benchmarks/projects/spoon/target/dependency/log4j-1.2.17.jar:/usr/local/bin/lib/junit.jar:/usr/local/bin/lib/hamcrest-core.jar -d results_utbot-mocks_120/SPOON-107_6/temp/testcases/bin /home/utbot_mocks/results_utbot-mocks_120/SPOON-107_6/temp/testcases/SBSTDummyForCoverageAndMutationCalculation.java


===
javac command line:
/usr/bin/javac -sourcepath /home/utbot_mocks/results_utbot-mocks_120/SPOON-107_6/temp/testcases -cp /var/benchmarks/projects/spoon/target/spoon-core-7.0.0.jar:/var/benchmarks/projects/./spoon/target/dependency/org.eclipse.text-3.12.0.jar:/var/benchmarks/projects/spoon/target/dependency/org.eclipse.equinox.app-1.6.100.jar:/var/benchmarks/projects/spoon/target/dependency/org.eclipse.core.contenttype-3.8.100.jar:/var/benchmarks/projects/spoon/target/dependency/mockito-all-2.0.2-beta.jar:/var/benchmarks/projects/spoon/target/dependency/jackson-databind-2.9.2.jar:/var/benchmarks/projects/spoon/target/dependency/guava-18.0.jar:/var/benchmarks/projects/spoon/target/dependency/org.eclipse.core.expressions-3.8.100.jar:/var/benchmarks/projects/spoon/target/dependency/org.eclipse.core.commands-3.10.100.jar:/var/benchmarks/projects/spoon/target/dependency/jackson-annotations-2.9.0.jar:/var/benchmarks/projects/spoon/target/dependency/org.eclipse.jdt.core-3.13.102.jar:/var/benchmarks/projects/spoon/target/dependency/org.eclipse.core.runtime-3.24.0.jar:/var/benchmarks/projects/spoon/target/dependency/org.eclipse.core.resources-3.16.0.jar:/var/benchmarks/projects/spoon/target/dependency/jackson-core-2.9.2.jar:/var/benchmarks/projects/spoon/target/dependency/junit-4.12.jar:/var/benchmarks/projects/spoon/target/dependency/org.eclipse.equinox.registry-3.11.100.jar:/var/benchmarks/projects/spoon/target/dependency/hamcrest-core-1.3.jar:/var/benchmarks/projects/spoon/target/dependency/maven-model-3.3.9.jar:/var/benchmarks/projects/spoon/target/dependency/plexus-utils-3.0.22.jar:/var/benchmarks/projects/spoon/target/dependency/jsap-2.1.jar:/var/benchmarks/projects/spoon/target/dependency/bridge-method-annotation-1.13.jar:/var/benchmarks/projects/spoon/target/dependency/org.eclipse.equinox.common-3.15.100.jar:/var/benchmarks/projects/spoon/target/dependency/org.eclipse.core.jobs-3.12.0.jar:/var/benchmarks/projects/spoon/target/dependency/commons-io-2.5.jar:/var/benchmarks/projects/spoon/target/dependency/commons-lang3-3.5.jar:/var/benchmarks/projects/spoon/target/dependency/system-rules-1.9.0.jar:/var/benchmarks/projects/spoon/target/dependency/querydsl-core-3.6.9.jar:/var/benchmarks/projects/spoon/target/dependency/org.eclipse.core.filesystem-1.9.200.jar:/var/benchmarks/projects/spoon/target/dependency/org.eclipse.equinox.preferences-3.9.100.jar:/var/benchmarks/projects/spoon/target/dependency/org.eclipse.osgi-3.17.100.jar:/var/benchmarks/projects/spoon/target/dependency/log4j-1.2.17.jar:/usr/local/bin/lib/junit.jar:/usr/local/bin/lib/hamcrest-core.jar -d results_utbot-mocks_120/SPOON-107_6/temp/testcases/bin /home/utbot_mocks/results_utbot-mocks_120/SPOON-107_6/temp/testcases/spoon/reflect/visitor/filter/CompositeFilterTest.java

/home/utbot_mocks/results_utbot-mocks_120/SPOON-107_6/temp/testcases/spoon/reflect/visitor/filter/CompositeFilterTest.java:18: warning: Unsafe is internal proprietary API and may be removed in a future release
import sun.misc.Unsafe;
               ^
/home/utbot_mocks/results_utbot-mocks_120/SPOON-107_6/temp/testcases/spoon/reflect/visitor/filter/CompositeFilterTest.java:25: error: cannot find symbol
import static org.mockito.ArgumentMatchers.any;
                         ^
  symbol:   class ArgumentMatchers
  location: package org.mockito
/home/utbot_mocks/results_utbot-mocks_120/SPOON-107_6/temp/testcases/spoon/reflect/visitor/filter/CompositeFilterTest.java:25: error: static import only from classes and interfaces
import static org.mockito.ArgumentMatchers.any;
^
/home/utbot_mocks/results_utbot-mocks_120/SPOON-107_6/temp/testcases/spoon/reflect/visitor/filter/CompositeFilterTest.java:20: error: cannot find symbol
import static org.mockito.Mockito.mockStatic;
^
  symbol:   static mockStatic
  location: class
/home/utbot_mocks/results_utbot-mocks_120/SPOON-107_6/temp/testcases/spoon/reflect/visitor/filter/CompositeFilterTest.java:92: error: cannot find symbol
        org.mockito.MockedStatic mockedStatic = null;
                   ^
  symbol:   class MockedStatic
  location: package org.mockito
/home/utbot_mocks/results_utbot-mocks_120/SPOON-107_6/temp/testcases/spoon/reflect/visitor/filter/CompositeFilterTest.java:94: error: cannot find symbol
            mockedStatic = mockStatic(FilteringOperator.class);
                           ^
  symbol:   method mockStatic(Class<FilteringOperator>)
  location: class CompositeFilterTest
/home/utbot_mocks/results_utbot-mocks_120/SPOON-107_6/temp/testcases/spoon/reflect/visitor/filter/CompositeFilterTest.java:116: error: cannot find symbol
        org.mockito.MockedStatic mockedStatic = null;
                   ^
  symbol:   class MockedStatic
  location: package org.mockito
/home/utbot_mocks/results_utbot-mocks_120/SPOON-107_6/temp/testcases/spoon/reflect/visitor/filter/CompositeFilterTest.java:118: error: cannot find symbol
            mockedStatic = mockStatic(FilteringOperator.class);
                           ^
  symbol:   method mockStatic(Class<FilteringOperator>)
  location: class CompositeFilterTest
/home/utbot_mocks/results_utbot-mocks_120/SPOON-107_6/temp/testcases/spoon/reflect/visitor/filter/CompositeFilterTest.java:135: error: cannot find symbol
        org.mockito.MockedStatic mockedStatic = null;
                   ^
  symbol:   class MockedStatic
  location: package org.mockito
/home/utbot_mocks/results_utbot-mocks_120/SPOON-107_6/temp/testcases/spoon/reflect/visitor/filter/CompositeFilterTest.java:137: error: cannot find symbol
            mockedStatic = mockStatic(FilteringOperator.class);
                           ^
  symbol:   method mockStatic(Class<FilteringOperator>)
  location: class CompositeFilterTest
/home/utbot_mocks/results_utbot-mocks_120/SPOON-107_6/temp/testcases/spoon/reflect/visitor/filter/CompositeFilterTest.java:156: error: cannot find symbol
        org.mockito.MockedStatic mockedStatic = null;
                   ^
  symbol:   class MockedStatic
  location: package org.mockito
/home/utbot_mocks/results_utbot-mocks_120/SPOON-107_6/temp/testcases/spoon/reflect/visitor/filter/CompositeFilterTest.java:158: error: cannot find symbol
            mockedStatic = mockStatic(FilteringOperator.class);
                           ^
  symbol:   method mockStatic(Class<FilteringOperator>)
  location: class CompositeFilterTest
/home/utbot_mocks/results_utbot-mocks_120/SPOON-107_6/temp/testcases/spoon/reflect/visitor/filter/CompositeFilterTest.java:178: error: cannot find symbol
        org.mockito.MockedStatic mockedStatic = null;
                   ^
  symbol:   class MockedStatic
  location: package org.mockito
/home/utbot_mocks/results_utbot-mocks_120/SPOON-107_6/temp/testcases/spoon/reflect/visitor/filter/CompositeFilterTest.java:180: error: cannot find symbol
            mockedStatic = mockStatic(FilteringOperator.class);
                           ^
  symbol:   method mockStatic(Class<FilteringOperator>)
  location: class CompositeFilterTest
/home/utbot_mocks/results_utbot-mocks_120/SPOON-107_6/temp/testcases/spoon/reflect/visitor/filter/CompositeFilterTest.java:199: error: cannot find symbol
        org.mockito.MockedStatic mockedStatic = null;
                   ^
  symbol:   class MockedStatic
  location: package org.mockito
/home/utbot_mocks/results_utbot-mocks_120/SPOON-107_6/temp/testcases/spoon/reflect/visitor/filter/CompositeFilterTest.java:201: error: cannot find symbol
            mockedStatic = mockStatic(FilteringOperator.class);
                           ^
  symbol:   method mockStatic(Class<FilteringOperator>)
  location: class CompositeFilterTest
/home/utbot_mocks/results_utbot-mocks_120/SPOON-107_6/temp/testcases/spoon/reflect/visitor/filter/CompositeFilterTest.java:221: error: cannot find symbol
        org.mockito.MockedStatic mockedStatic = null;
                   ^
  symbol:   class MockedStatic
  location: package org.mockito
/home/utbot_mocks/results_utbot-mocks_120/SPOON-107_6/temp/testcases/spoon/reflect/visitor/filter/CompositeFilterTest.java:223: error: cannot find symbol
            mockedStatic = mockStatic(FilteringOperator.class);
                           ^
  symbol:   method mockStatic(Class<FilteringOperator>)
  location: class CompositeFilterTest
/home/utbot_mocks/results_utbot-mocks_120/SPOON-107_6/temp/testcases/spoon/reflect/visitor/filter/CompositeFilterTest.java:246: error: cannot find symbol
        org.mockito.MockedStatic mockedStatic = null;
                   ^
  symbol:   class MockedStatic
  location: package org.mockito
/home/utbot_mocks/results_utbot-mocks_120/SPOON-107_6/temp/testcases/spoon/reflect/visitor/filter/CompositeFilterTest.java:248: error: cannot find symbol
            mockedStatic = mockStatic(FilteringOperator.class);
                           ^
  symbol:   method mockStatic(Class<FilteringOperator>)
  location: class CompositeFilterTest
/home/utbot_mocks/results_utbot-mocks_120/SPOON-107_6/temp/testcases/spoon/reflect/visitor/filter/CompositeFilterTest.java:268: error: cannot find symbol
        org.mockito.MockedStatic mockedStatic = null;
                   ^
  symbol:   class MockedStatic
  location: package org.mockito
/home/utbot_mocks/results_utbot-mocks_120/SPOON-107_6/temp/testcases/spoon/reflect/visitor/filter/CompositeFilterTest.java:270: error: cannot find symbol
            mockedStatic = mockStatic(FilteringOperator.class);
                           ^
  symbol:   method mockStatic(Class<FilteringOperator>)
  location: class CompositeFilterTest
/home/utbot_mocks/results_utbot-mocks_120/SPOON-107_6/temp/testcases/spoon/reflect/visitor/filter/CompositeFilterTest.java:293: error: cannot find symbol
        org.mockito.MockedStatic mockedStatic = null;
                   ^
  symbol:   class MockedStatic
  location: package org.mockito
/home/utbot_mocks/results_utbot-mocks_120/SPOON-107_6/temp/testcases/spoon/reflect/visitor/filter/CompositeFilterTest.java:295: error: cannot find symbol
            mockedStatic = mockStatic(FilteringOperator.class);
                           ^
  symbol:   method mockStatic(Class<FilteringOperator>)
  location: class CompositeFilterTest
/home/utbot_mocks/results_utbot-mocks_120/SPOON-107_6/temp/testcases/spoon/reflect/visitor/filter/CompositeFilterTest.java:318: error: cannot find symbol
        org.mockito.MockedStatic mockedStatic = null;
                   ^
  symbol:   class MockedStatic
  location: package org.mockito
/home/utbot_mocks/results_utbot-mocks_120/SPOON-107_6/temp/testcases/spoon/reflect/visitor/filter/CompositeFilterTest.java:320: error: cannot find symbol
            mockedStatic = mockStatic(FilteringOperator.class);
                           ^
  symbol:   method mockStatic(Class<FilteringOperator>)
  location: class CompositeFilterTest
/home/utbot_mocks/results_utbot-mocks_120/SPOON-107_6/temp/testcases/spoon/reflect/visitor/filter/CompositeFilterTest.java:329: error: cannot find symbol
            when(filterMock.matches(any())).thenReturn(false);
                                    ^
  symbol:   method any()
  location: class CompositeFilterTest
/home/utbot_mocks/results_utbot-mocks_120/SPOON-107_6/temp/testcases/spoon/reflect/visitor/filter/CompositeFilterTest.java:346: error: cannot find symbol
        org.mockito.MockedStatic mockedStatic = null;
                   ^
  symbol:   class MockedStatic
  location: package org.mockito
/home/utbot_mocks/results_utbot-mocks_120/SPOON-107_6/temp/testcases/spoon/reflect/visitor/filter/CompositeFilterTest.java:348: error: cannot find symbol
            mockedStatic = mockStatic(FilteringOperator.class);
                           ^
  symbol:   method mockStatic(Class<FilteringOperator>)
  location: class CompositeFilterTest
/home/utbot_mocks/results_utbot-mocks_120/SPOON-107_6/temp/testcases/spoon/reflect/visitor/filter/CompositeFilterTest.java:379: error: cannot find symbol
        org.mockito.MockedStatic mockedStatic = null;
                   ^
  symbol:   class MockedStatic
  location: package org.mockito
/home/utbot_mocks/results_utbot-mocks_120/SPOON-107_6/temp/testcases/spoon/reflect/visitor/filter/CompositeFilterTest.java:381: error: cannot find symbol
            mockedStatic = mockStatic(FilteringOperator.class);
                           ^
  symbol:   method mockStatic(Class<FilteringOperator>)
  location: class CompositeFilterTest
/home/utbot_mocks/results_utbot-mocks_120/SPOON-107_6/temp/testcases/spoon/reflect/visitor/filter/CompositeFilterTest.java:390: error: cannot find symbol
            when(filterMock.matches(any())).thenReturn(true);
                                    ^
  symbol:   method any()
  location: class CompositeFilterTest
/home/utbot_mocks/results_utbot-mocks_120/SPOON-107_6/temp/testcases/spoon/reflect/visitor/filter/CompositeFilterTest.java:407: error: cannot find symbol
        org.mockito.MockedStatic mockedStatic = null;
                   ^
  symbol:   class MockedStatic
  location: package org.mockito
/home/utbot_mocks/results_utbot-mocks_120/SPOON-107_6/temp/testcases/spoon/reflect/visitor/filter/CompositeFilterTest.java:409: error: cannot find symbol
            mockedStatic = mockStatic(FilteringOperator.class);
                           ^
  symbol:   method mockStatic(Class<FilteringOperator>)
  location: class CompositeFilterTest
/home/utbot_mocks/results_utbot-mocks_120/SPOON-107_6/temp/testcases/spoon/reflect/visitor/filter/CompositeFilterTest.java:418: error: cannot find symbol
            when(filterMock.matches(any())).thenReturn(true);
                                    ^
  symbol:   method any()
  location: class CompositeFilterTest
/home/utbot_mocks/results_utbot-mocks_120/SPOON-107_6/temp/testcases/spoon/reflect/visitor/filter/CompositeFilterTest.java:422: error: incompatible types: FilteringOperator cannot be converted to Filter
            filterArray[2] = ((Filter) filteringOperatorMock1);
                                       ^
/home/utbot_mocks/results_utbot-mocks_120/SPOON-107_6/temp/testcases/spoon/reflect/visitor/filter/CompositeFilterTest.java:423: error: incompatible types: FilteringOperator cannot be converted to Filter
            filterArray[3] = ((Filter) filteringOperatorMock1);
                                       ^
/home/utbot_mocks/results_utbot-mocks_120/SPOON-107_6/temp/testcases/spoon/reflect/visitor/filter/CompositeFilterTest.java:424: error: incompatible types: FilteringOperator cannot be converted to Filter
            filterArray[4] = ((Filter) filteringOperatorMock1);
                                       ^
/home/utbot_mocks/results_utbot-mocks_120/SPOON-107_6/temp/testcases/spoon/reflect/visitor/filter/CompositeFilterTest.java:425: error: incompatible types: FilteringOperator cannot be converted to Filter
            filterArray[5] = ((Filter) filteringOperatorMock1);
                                       ^
/home/utbot_mocks/results_utbot-mocks_120/SPOON-107_6/temp/testcases/spoon/reflect/visitor/filter/CompositeFilterTest.java:426: error: incompatible types: FilteringOperator cannot be converted to Filter
            filterArray[6] = ((Filter) filteringOperatorMock1);
                                       ^
/home/utbot_mocks/results_utbot-mocks_120/SPOON-107_6/temp/testcases/spoon/reflect/visitor/filter/CompositeFilterTest.java:427: error: incompatible types: FilteringOperator cannot be converted to Filter
            filterArray[7] = ((Filter) filteringOperatorMock1);
                                       ^
/home/utbot_mocks/results_utbot-mocks_120/SPOON-107_6/temp/testcases/spoon/reflect/visitor/filter/CompositeFilterTest.java:428: error: incompatible types: FilteringOperator cannot be converted to Filter
            filterArray[8] = ((Filter) filteringOperatorMock1);
                                       ^
/home/utbot_mocks/results_utbot-mocks_120/SPOON-107_6/temp/testcases/spoon/reflect/visitor/filter/CompositeFilterTest.java:442: error: cannot find symbol
        org.mockito.MockedStatic mockedStatic = null;
                   ^
  symbol:   class MockedStatic
  location: package org.mockito
/home/utbot_mocks/results_utbot-mocks_120/SPOON-107_6/temp/testcases/spoon/reflect/visitor/filter/CompositeFilterTest.java:444: error: cannot find symbol
            mockedStatic = mockStatic(FilteringOperator.class);
                           ^
  symbol:   method mockStatic(Class<FilteringOperator>)
  location: class CompositeFilterTest
/home/utbot_mocks/results_utbot-mocks_120/SPOON-107_6/temp/testcases/spoon/reflect/visitor/filter/CompositeFilterTest.java:454: error: incompatible types: FilteringOperator cannot be converted to Filter
            filterArray[1] = ((Filter) filteringOperatorMock1);
                                       ^
/home/utbot_mocks/results_utbot-mocks_120/SPOON-107_6/temp/testcases/spoon/reflect/visitor/filter/CompositeFilterTest.java:455: error: incompatible types: FilteringOperator cannot be converted to Filter
            filterArray[2] = ((Filter) filteringOperatorMock1);
                                       ^
/home/utbot_mocks/results_utbot-mocks_120/SPOON-107_6/temp/testcases/spoon/reflect/visitor/filter/CompositeFilterTest.java:456: error: incompatible types: FilteringOperator cannot be converted to Filter
            filterArray[3] = ((Filter) filteringOperatorMock1);
                                       ^
/home/utbot_mocks/results_utbot-mocks_120/SPOON-107_6/temp/testcases/spoon/reflect/visitor/filter/CompositeFilterTest.java:457: error: incompatible types: FilteringOperator cannot be converted to Filter
            filterArray[4] = ((Filter) filteringOperatorMock1);
                                       ^
/home/utbot_mocks/results_utbot-mocks_120/SPOON-107_6/temp/testcases/spoon/reflect/visitor/filter/CompositeFilterTest.java:458: error: incompatible types: FilteringOperator cannot be converted to Filter
            filterArray[5] = ((Filter) filteringOperatorMock1);
                                       ^
/home/utbot_mocks/results_utbot-mocks_120/SPOON-107_6/temp/testcases/spoon/reflect/visitor/filter/CompositeFilterTest.java:459: error: incompatible types: FilteringOperator cannot be converted to Filter
            filterArray[6] = ((Filter) filteringOperatorMock1);
                                       ^
/home/utbot_mocks/results_utbot-mocks_120/SPOON-107_6/temp/testcases/spoon/reflect/visitor/filter/CompositeFilterTest.java:460: error: incompatible types: FilteringOperator cannot be converted to Filter
            filterArray[7] = ((Filter) filteringOperatorMock1);
                                       ^
/home/utbot_mocks/results_utbot-mocks_120/SPOON-107_6/temp/testcases/spoon/reflect/visitor/filter/CompositeFilterTest.java:461: error: incompatible types: FilteringOperator cannot be converted to Filter
            filterArray[8] = ((Filter) filteringOperatorMock1);
                                       ^
/home/utbot_mocks/results_utbot-mocks_120/SPOON-107_6/temp/testcases/spoon/reflect/visitor/filter/CompositeFilterTest.java:475: error: cannot find symbol
        org.mockito.MockedStatic mockedStatic = null;
                   ^
  symbol:   class MockedStatic
  location: package org.mockito
/home/utbot_mocks/results_utbot-mocks_120/SPOON-107_6/temp/testcases/spoon/reflect/visitor/filter/CompositeFilterTest.java:477: error: cannot find symbol
            mockedStatic = mockStatic(FilteringOperator.class);
                           ^
  symbol:   method mockStatic(Class<FilteringOperator>)
  location: class CompositeFilterTest
/home/utbot_mocks/results_utbot-mocks_120/SPOON-107_6/temp/testcases/spoon/reflect/visitor/filter/CompositeFilterTest.java:486: error: cannot find symbol
            when(filterMock.matches(any())).thenReturn(true, true);
                                    ^
  symbol:   method any()
  location: class CompositeFilterTest
/home/utbot_mocks/results_utbot-mocks_120/SPOON-107_6/temp/testcases/spoon/reflect/visitor/filter/CompositeFilterTest.java:505: error: cannot find symbol
        org.mockito.MockedStatic mockedStatic = null;
                   ^
  symbol:   class MockedStatic
  location: package org.mockito
/home/utbot_mocks/results_utbot-mocks_120/SPOON-107_6/temp/testcases/spoon/reflect/visitor/filter/CompositeFilterTest.java:507: error: cannot find symbol
            mockedStatic = mockStatic(FilteringOperator.class);
                           ^
  symbol:   method mockStatic(Class<FilteringOperator>)
  location: class CompositeFilterTest
/home/utbot_mocks/results_utbot-mocks_120/SPOON-107_6/temp/testcases/spoon/reflect/visitor/filter/CompositeFilterTest.java:516: error: cannot find symbol
            when(filterMock.matches(any())).thenReturn(true);
                                    ^
  symbol:   method any()
  location: class CompositeFilterTest
/home/utbot_mocks/results_utbot-mocks_120/SPOON-107_6/temp/testcases/spoon/reflect/visitor/filter/CompositeFilterTest.java:533: error: cannot find symbol
        org.mockito.MockedStatic mockedStatic = null;
                   ^
  symbol:   class MockedStatic
  location: package org.mockito
/home/utbot_mocks/results_utbot-mocks_120/SPOON-107_6/temp/testcases/spoon/reflect/visitor/filter/CompositeFilterTest.java:535: error: cannot find symbol
            mockedStatic = mockStatic(FilteringOperator.class);
                           ^
  symbol:   method mockStatic(Class<FilteringOperator>)
  location: class CompositeFilterTest
/home/utbot_mocks/results_utbot-mocks_120/SPOON-107_6/temp/testcases/spoon/reflect/visitor/filter/CompositeFilterTest.java:545: error: incompatible types: FilteringOperator cannot be converted to Filter
            filterArray[1] = ((Filter) filteringOperatorMock1);
                                       ^
/home/utbot_mocks/results_utbot-mocks_120/SPOON-107_6/temp/testcases/spoon/reflect/visitor/filter/CompositeFilterTest.java:546: error: incompatible types: FilteringOperator cannot be converted to Filter
            filterArray[2] = ((Filter) filteringOperatorMock1);
                                       ^
/home/utbot_mocks/results_utbot-mocks_120/SPOON-107_6/temp/testcases/spoon/reflect/visitor/filter/CompositeFilterTest.java:547: error: incompatible types: FilteringOperator cannot be converted to Filter
            filterArray[3] = ((Filter) filteringOperatorMock1);
                                       ^
/home/utbot_mocks/results_utbot-mocks_120/SPOON-107_6/temp/testcases/spoon/reflect/visitor/filter/CompositeFilterTest.java:548: error: incompatible types: FilteringOperator cannot be converted to Filter
            filterArray[4] = ((Filter) filteringOperatorMock1);
                                       ^
/home/utbot_mocks/results_utbot-mocks_120/SPOON-107_6/temp/testcases/spoon/reflect/visitor/filter/CompositeFilterTest.java:549: error: incompatible types: FilteringOperator cannot be converted to Filter
            filterArray[5] = ((Filter) filteringOperatorMock1);
                                       ^
/home/utbot_mocks/results_utbot-mocks_120/SPOON-107_6/temp/testcases/spoon/reflect/visitor/filter/CompositeFilterTest.java:550: error: incompatible types: FilteringOperator cannot be converted to Filter
            filterArray[6] = ((Filter) filteringOperatorMock1);
                                       ^
/home/utbot_mocks/results_utbot-mocks_120/SPOON-107_6/temp/testcases/spoon/reflect/visitor/filter/CompositeFilterTest.java:551: error: incompatible types: FilteringOperator cannot be converted to Filter
            filterArray[7] = ((Filter) filteringOperatorMock1);
                                       ^
/home/utbot_mocks/results_utbot-mocks_120/SPOON-107_6/temp/testcases/spoon/reflect/visitor/filter/CompositeFilterTest.java:552: error: incompatible types: FilteringOperator cannot be converted to Filter
            filterArray[8] = ((Filter) filteringOperatorMock1);
                                       ^
/home/utbot_mocks/results_utbot-mocks_120/SPOON-107_6/temp/testcases/spoon/reflect/visitor/filter/CompositeFilterTest.java:566: error: cannot find symbol
        org.mockito.MockedStatic mockedStatic = null;
                   ^
  symbol:   class MockedStatic
  location: package org.mockito
/home/utbot_mocks/results_utbot-mocks_120/SPOON-107_6/temp/testcases/spoon/reflect/visitor/filter/CompositeFilterTest.java:568: error: cannot find symbol
            mockedStatic = mockStatic(FilteringOperator.class);
                           ^
  symbol:   method mockStatic(Class<FilteringOperator>)
  location: class CompositeFilterTest
/home/utbot_mocks/results_utbot-mocks_120/SPOON-107_6/temp/testcases/spoon/reflect/visitor/filter/CompositeFilterTest.java:577: error: cannot find symbol
            when(filterMock.matches(any())).thenReturn(false);
                                    ^
  symbol:   method any()
  location: class CompositeFilterTest
/home/utbot_mocks/results_utbot-mocks_120/SPOON-107_6/temp/testcases/spoon/reflect/visitor/filter/CompositeFilterTest.java:594: error: cannot find symbol
        org.mockito.MockedStatic mockedStatic = null;
                   ^
  symbol:   class MockedStatic
  location: package org.mockito
/home/utbot_mocks/results_utbot-mocks_120/SPOON-107_6/temp/testcases/spoon/reflect/visitor/filter/CompositeFilterTest.java:596: error: cannot find symbol
            mockedStatic = mockStatic(FilteringOperator.class);
                           ^
  symbol:   method mockStatic(Class<FilteringOperator>)
  location: class CompositeFilterTest
/home/utbot_mocks/results_utbot-mocks_120/SPOON-107_6/temp/testcases/spoon/reflect/visitor/filter/CompositeFilterTest.java:605: error: cannot find symbol
            when(filterMock.matches(any())).thenReturn(false);
                                    ^
  symbol:   method any()
  location: class CompositeFilterTest
/home/utbot_mocks/results_utbot-mocks_120/SPOON-107_6/temp/testcases/spoon/reflect/visitor/filter/CompositeFilterTest.java:609: error: incompatible types: FilteringOperator cannot be converted to Filter
            filterArray[1] = ((Filter) filteringOperatorMock1);
                                       ^
/home/utbot_mocks/results_utbot-mocks_120/SPOON-107_6/temp/testcases/spoon/reflect/visitor/filter/CompositeFilterTest.java:610: error: incompatible types: FilteringOperator cannot be converted to Filter
            filterArray[2] = ((Filter) filteringOperatorMock1);
                                       ^
/home/utbot_mocks/results_utbot-mocks_120/SPOON-107_6/temp/testcases/spoon/reflect/visitor/filter/CompositeFilterTest.java:611: error: incompatible types: FilteringOperator cannot be converted to Filter
            filterArray[3] = ((Filter) filteringOperatorMock1);
                                       ^
/home/utbot_mocks/results_utbot-mocks_120/SPOON-107_6/temp/testcases/spoon/reflect/visitor/filter/CompositeFilterTest.java:612: error: incompatible types: FilteringOperator cannot be converted to Filter
            filterArray[4] = ((Filter) filteringOperatorMock1);
                                       ^
/home/utbot_mocks/results_utbot-mocks_120/SPOON-107_6/temp/testcases/spoon/reflect/visitor/filter/CompositeFilterTest.java:613: error: incompatible types: FilteringOperator cannot be converted to Filter
            filterArray[5] = ((Filter) filteringOperatorMock1);
                                       ^
/home/utbot_mocks/results_utbot-mocks_120/SPOON-107_6/temp/testcases/spoon/reflect/visitor/filter/CompositeFilterTest.java:614: error: incompatible types: FilteringOperator cannot be converted to Filter
            filterArray[6] = ((Filter) filteringOperatorMock1);
                                       ^
/home/utbot_mocks/results_utbot-mocks_120/SPOON-107_6/temp/testcases/spoon/reflect/visitor/filter/CompositeFilterTest.java:615: error: incompatible types: FilteringOperator cannot be converted to Filter
            filterArray[7] = ((Filter) filteringOperatorMock1);
                                       ^
/home/utbot_mocks/results_utbot-mocks_120/SPOON-107_6/temp/testcases/spoon/reflect/visitor/filter/CompositeFilterTest.java:616: error: incompatible types: FilteringOperator cannot be converted to Filter
            filterArray[8] = ((Filter) filteringOperatorMock1);
                                       ^
/home/utbot_mocks/results_utbot-mocks_120/SPOON-107_6/temp/testcases/spoon/reflect/visitor/filter/CompositeFilterTest.java:632: error: cannot find symbol
        org.mockito.MockedStatic mockedStatic = null;
                   ^
  symbol:   class MockedStatic
  location: package org.mockito
/home/utbot_mocks/results_utbot-mocks_120/SPOON-107_6/temp/testcases/spoon/reflect/visitor/filter/CompositeFilterTest.java:634: error: cannot find symbol
            mockedStatic = mockStatic(FilteringOperator.class);
                           ^
  symbol:   method mockStatic(Class<FilteringOperator>)
  location: class CompositeFilterTest
/home/utbot_mocks/results_utbot-mocks_120/SPOON-107_6/temp/testcases/spoon/reflect/visitor/filter/CompositeFilterTest.java:643: error: cannot find symbol
            when(filterMock.matches(any())).thenReturn(true);
                                    ^
  symbol:   method any()
  location: class CompositeFilterTest
/home/utbot_mocks/results_utbot-mocks_120/SPOON-107_6/temp/testcases/spoon/reflect/visitor/filter/CompositeFilterTest.java:660: error: cannot find symbol
        org.mockito.MockedStatic mockedStatic = null;
                   ^
  symbol:   class MockedStatic
  location: package org.mockito
/home/utbot_mocks/results_utbot-mocks_120/SPOON-107_6/temp/testcases/spoon/reflect/visitor/filter/CompositeFilterTest.java:662: error: cannot find symbol
            mockedStatic = mockStatic(FilteringOperator.class);
                           ^
  symbol:   method mockStatic(Class<FilteringOperator>)
  location: class CompositeFilterTest
/home/utbot_mocks/results_utbot-mocks_120/SPOON-107_6/temp/testcases/spoon/reflect/visitor/filter/CompositeFilterTest.java:671: error: cannot find symbol
            when(filterMock.matches(any())).thenReturn(true, false);
                                    ^
  symbol:   method any()
  location: class CompositeFilterTest
/home/utbot_mocks/results_utbot-mocks_120/SPOON-107_6/temp/testcases/spoon/reflect/visitor/filter/CompositeFilterTest.java:713: error: cannot find symbol
        when(filterMock.matches(any())).thenReturn(false);
                                ^
  symbol:   method any()
  location: class CompositeFilterTest
/home/utbot_mocks/results_utbot-mocks_120/SPOON-107_6/temp/testcases/spoon/reflect/visitor/filter/CompositeFilterTest.java:784: warning: non-varargs call of varargs method with inexact argument type for last parameter;
        CompositeFilter actual = new CompositeFilter(null, null);
                                                           ^
  cast to Filter for a varargs call
  cast to Filter[] for a non-varargs call and to suppress this warning
/home/utbot_mocks/results_utbot-mocks_120/SPOON-107_6/temp/testcases/spoon/reflect/visitor/filter/CompositeFilterTest.java:980: warning: Unsafe is internal proprietary API and may be removed in a future release
    private static sun.misc.Unsafe getUnsafeInstance() throws Exception {
                           ^
/home/utbot_mocks/results_utbot-mocks_120/SPOON-107_6/temp/testcases/spoon/reflect/visitor/filter/CompositeFilterTest.java:981: warning: Unsafe is internal proprietary API and may be removed in a future release
        java.lang.reflect.Field f = sun.misc.Unsafe.class.getDeclaredField("theUnsafe");
                                            ^
/home/utbot_mocks/results_utbot-mocks_120/SPOON-107_6/temp/testcases/spoon/reflect/visitor/filter/CompositeFilterTest.java:983: warning: Unsafe is internal proprietary API and may be removed in a future release
        return (sun.misc.Unsafe) f.get(null);
                        ^
Note: /home/utbot_mocks/results_utbot-mocks_120/SPOON-107_6/temp/testcases/spoon/reflect/visitor/filter/CompositeFilterTest.java uses unchecked or unsafe operations.
Note: Recompile with -Xlint:unchecked for details.
88 errors
5 warnings
Failed to compile 'spoon/reflect/visitor/filter/CompositeFilterTest.java'!
shaded.org.apache.commons.exec.ExecuteException: Process exited with an error: 1 (Exit value: 1)
	at shaded.org.apache.commons.exec.DefaultExecutor.executeInternal(DefaultExecutor.java:377)
	at shaded.org.apache.commons.exec.DefaultExecutor.execute(DefaultExecutor.java:160)
	at shaded.org.apache.commons.exec.DefaultExecutor.execute(DefaultExecutor.java:147)
	at sbst.benchmark.TestSuite.compile(TestSuite.java:250)
	at sbst.benchmark.TestSuite.<init>(TestSuite.java:68)
	at sbst.benchmark.TranscriptWriter.endClass(TranscriptWriter.java:136)
	at sbst.benchmark.RunTool.execute(RunTool.java:141)
	at sbst.benchmark.RunTool.run(RunTool.java:62)
	at sbst.benchmark.Main.main(Main.java:160)

---Timing Information---
Running tests with the following classpath: 
/var/benchmarks/projects/spoon/target/spoon-core-7.0.0.jar:/var/benchmarks/projects/./spoon/target/dependency/org.eclipse.text-3.12.0.jar:/var/benchmarks/projects/spoon/target/dependency/org.eclipse.equinox.app-1.6.100.jar:/var/benchmarks/projects/spoon/target/dependency/org.eclipse.core.contenttype-3.8.100.jar:/var/benchmarks/projects/spoon/target/dependency/mockito-all-2.0.2-beta.jar:/var/benchmarks/projects/spoon/target/dependency/jackson-databind-2.9.2.jar:/var/benchmarks/projects/spoon/target/dependency/guava-18.0.jar:/var/benchmarks/projects/spoon/target/dependency/org.eclipse.core.expressions-3.8.100.jar:/var/benchmarks/projects/spoon/target/dependency/org.eclipse.core.commands-3.10.100.jar:/var/benchmarks/projects/spoon/target/dependency/jackson-annotations-2.9.0.jar:/var/benchmarks/projects/spoon/target/dependency/org.eclipse.jdt.core-3.13.102.jar:/var/benchmarks/projects/spoon/target/dependency/org.eclipse.core.runtime-3.24.0.jar:/var/benchmarks/projects/spoon/target/dependency/org.eclipse.core.resources-3.16.0.jar:/var/benchmarks/projects/spoon/target/dependency/jackson-core-2.9.2.jar:/var/benchmarks/projects/spoon/target/dependency/junit-4.12.jar:/var/benchmarks/projects/spoon/target/dependency/org.eclipse.equinox.registry-3.11.100.jar:/var/benchmarks/projects/spoon/target/dependency/hamcrest-core-1.3.jar:/var/benchmarks/projects/spoon/target/dependency/maven-model-3.3.9.jar:/var/benchmarks/projects/spoon/target/dependency/plexus-utils-3.0.22.jar:/var/benchmarks/projects/spoon/target/dependency/jsap-2.1.jar:/var/benchmarks/projects/spoon/target/dependency/bridge-method-annotation-1.13.jar:/var/benchmarks/projects/spoon/target/dependency/org.eclipse.equinox.common-3.15.100.jar:/var/benchmarks/projects/spoon/target/dependency/org.eclipse.core.jobs-3.12.0.jar:/var/benchmarks/projects/spoon/target/dependency/commons-io-2.5.jar:/var/benchmarks/projects/spoon/target/dependency/commons-lang3-3.5.jar:/var/benchmarks/projects/spoon/target/dependency/system-rules-1.9.0.jar:/var/benchmarks/projects/spoon/target/dependency/querydsl-core-3.6.9.jar:/var/benchmarks/projects/spoon/target/dependency/org.eclipse.core.filesystem-1.9.200.jar:/var/benchmarks/projects/spoon/target/dependency/org.eclipse.equinox.preferences-3.9.100.jar:/var/benchmarks/projects/spoon/target/dependency/org.eclipse.osgi-3.17.100.jar:/var/benchmarks/projects/spoon/target/dependency/log4j-1.2.17.jar:/usr/local/bin/lib/junit.jar:/usr/local/bin/lib/hamcrest-core.jar:/home/utbot_mocks/results_utbot-mocks_120/SPOON-107_6/temp/testcases/bin
Running the tests: [SBSTDummyForCoverageAndMutationCalculation]
Executions terminated

---The tests are re-executed other four times to find the flaky ones---
Running the tests: [SBSTDummyForCoverageAndMutationCalculation]
Executions terminated
Running the tests: [SBSTDummyForCoverageAndMutationCalculation]
Executions terminated
Running the tests: [SBSTDummyForCoverageAndMutationCalculation]
Executions terminated
Running the tests: [SBSTDummyForCoverageAndMutationCalculation]
Executions terminated

=== Run Jacoco for Coverage ===
Number of instrumented file = 9764
Running tests with the following classpath: 
/home/utbot_mocks/results_utbot-mocks_120/SPOON-107_6/temp/testcases/spoon-core-7.0.0_instrumented.jar:/home/utbot_mocks/results_utbot-mocks_120/SPOON-107_6/temp/testcases/org.eclipse.text-3.12.0_instrumented.jar:/home/utbot_mocks/results_utbot-mocks_120/SPOON-107_6/temp/testcases/org.eclipse.equinox.app-1.6.100_instrumented.jar:/home/utbot_mocks/results_utbot-mocks_120/SPOON-107_6/temp/testcases/org.eclipse.core.contenttype-3.8.100_instrumented.jar:/home/utbot_mocks/results_utbot-mocks_120/SPOON-107_6/temp/testcases/mockito-all-2.0.2-beta_instrumented.jar:/home/utbot_mocks/results_utbot-mocks_120/SPOON-107_6/temp/testcases/jackson-databind-2.9.2_instrumented.jar:/home/utbot_mocks/results_utbot-mocks_120/SPOON-107_6/temp/testcases/guava-18.0_instrumented.jar:/home/utbot_mocks/results_utbot-mocks_120/SPOON-107_6/temp/testcases/org.eclipse.core.expressions-3.8.100_instrumented.jar:/home/utbot_mocks/results_utbot-mocks_120/SPOON-107_6/temp/testcases/org.eclipse.core.commands-3.10.100_instrumented.jar:/home/utbot_mocks/results_utbot-mocks_120/SPOON-107_6/temp/testcases/jackson-annotations-2.9.0_instrumented.jar:/home/utbot_mocks/results_utbot-mocks_120/SPOON-107_6/temp/testcases/org.eclipse.jdt.core-3.13.102_instrumented.jar:/home/utbot_mocks/results_utbot-mocks_120/SPOON-107_6/temp/testcases/org.eclipse.core.runtime-3.24.0_instrumented.jar:/home/utbot_mocks/results_utbot-mocks_120/SPOON-107_6/temp/testcases/org.eclipse.core.resources-3.16.0_instrumented.jar:/home/utbot_mocks/results_utbot-mocks_120/SPOON-107_6/temp/testcases/jackson-core-2.9.2_instrumented.jar:/home/utbot_mocks/results_utbot-mocks_120/SPOON-107_6/temp/testcases/junit-4.12_instrumented.jar:/home/utbot_mocks/results_utbot-mocks_120/SPOON-107_6/temp/testcases/org.eclipse.equinox.registry-3.11.100_instrumented.jar:/home/utbot_mocks/results_utbot-mocks_120/SPOON-107_6/temp/testcases/hamcrest-core-1.3_instrumented.jar:/home/utbot_mocks/results_utbot-mocks_120/SPOON-107_6/temp/testcases/maven-model-3.3.9_instrumented.jar:/home/utbot_mocks/results_utbot-mocks_120/SPOON-107_6/temp/testcases/plexus-utils-3.0.22_instrumented.jar:/home/utbot_mocks/results_utbot-mocks_120/SPOON-107_6/temp/testcases/jsap-2.1_instrumented.jar:/home/utbot_mocks/results_utbot-mocks_120/SPOON-107_6/temp/testcases/bridge-method-annotation-1.13_instrumented.jar:/home/utbot_mocks/results_utbot-mocks_120/SPOON-107_6/temp/testcases/org.eclipse.equinox.common-3.15.100_instrumented.jar:/home/utbot_mocks/results_utbot-mocks_120/SPOON-107_6/temp/testcases/org.eclipse.core.jobs-3.12.0_instrumented.jar:/home/utbot_mocks/results_utbot-mocks_120/SPOON-107_6/temp/testcases/commons-io-2.5_instrumented.jar:/home/utbot_mocks/results_utbot-mocks_120/SPOON-107_6/temp/testcases/commons-lang3-3.5_instrumented.jar:/home/utbot_mocks/results_utbot-mocks_120/SPOON-107_6/temp/testcases/system-rules-1.9.0_instrumented.jar:/home/utbot_mocks/results_utbot-mocks_120/SPOON-107_6/temp/testcases/querydsl-core-3.6.9_instrumented.jar:/home/utbot_mocks/results_utbot-mocks_120/SPOON-107_6/temp/testcases/org.eclipse.core.filesystem-1.9.200_instrumented.jar:/home/utbot_mocks/results_utbot-mocks_120/SPOON-107_6/temp/testcases/org.eclipse.equinox.preferences-3.9.100_instrumented.jar:/home/utbot_mocks/results_utbot-mocks_120/SPOON-107_6/temp/testcases/org.eclipse.osgi-3.17.100_instrumented.jar:/home/utbot_mocks/results_utbot-mocks_120/SPOON-107_6/temp/testcases/log4j-1.2.17_instrumented.jar:/usr/local/bin/lib/hamcrest-core.jar:/usr/local/bin/lib/junit.jar:/home/utbot_mocks/results_utbot-mocks_120/SPOON-107_6/temp/testcases/bin
Running the tests: [SBSTDummyForCoverageAndMutationCalculation]
Executions terminated
Number of file with coverage information = 1009
Extracted coverage data for the class spoon/reflect/visitor/filter/CompositeFilter
Number of file with coverage information = 180
Number of file with coverage information = 32
Number of file with coverage information = 47
Number of file with coverage information = 752
Number of file with coverage information = 617
Number of file with coverage information = 1690
Number of file with coverage information = 50
Number of file with coverage information = 84
Number of file with coverage information = 68
Number of file with coverage information = 2122
Number of file with coverage information = 22
Number of file with coverage information = 361
Number of file with coverage information = 105
Number of file with coverage information = 286
Number of file with coverage information = 89
Number of file with coverage information = 45
Number of file with coverage information = 54
Number of file with coverage information = 104
Number of file with coverage information = 69
Number of file with coverage information = 2
Number of file with coverage information = 73
Number of file with coverage information = 48
Number of file with coverage information = 123
Number of file with coverage information = 260
Number of file with coverage information = 18
Number of file with coverage information = 348
Number of file with coverage information = 35
Number of file with coverage information = 70
Number of file with coverage information = 687
Number of file with coverage information = 314

=== Run PIT ===
Matching Jacoco with PIT: find covered mutations
Executing Mutation Analysis using 26 mutants 

>>> RESULTS:
	Tool name: utbot-mocks
	Benchmark: SPOON-107
	Class Under Test: spoon.reflect.visitor.filter.CompositeFilter
	Run number: 6
	Tool preparation time (ms): 14933
	Tool test cases generation time (ms): 4814
	Test cases execution time (ms): 27
	Test case number: 35
	Uncompilable Test Classes: 1
	Broken tests number: 0
	Failing tests number: 0
	Lines total: 26
	Lines covered: 0
	Lines coverage ratio (%): 0.0
	Conditions total: 20
	Conditions covered: 0
	Conditions coverage ratio (%): 0.0
	Mutants total: 26
	Mutants covered: 0
	Mutants coverage ratio (%): 0.0
	Mutants killed: 0
	Mutants killed ratio (%): 0.0
	Mutants alive: 26


Class spoon.reflect.visitor.filter.CompositeFilter ended.
Stopping process...
Tool subprocess is an instance of java.lang.UNIXProcess
Tool subprocess Id is 17484
Killing master process 17484
Executing command kill -9 17484
Execution of command kill -9 17484 finished.
Process was destroyed
