Started UtBot Contest, classfileDir = /var/benchmarks/projects/guava/guava/target/classes, classpathString=/var/benchmarks/projects/guava/guava/target/classes:/var/benchmarks/projects/guava/guava/target/guava-26.0-jre.jar:/var/benchmarks/projects/./guava/guava/target/dependency/checker-qual-2.5.2.jar:/var/benchmarks/projects/guava/guava/target/dependency/error_prone_annotations-2.1.3.jar:/var/benchmarks/projects/guava/guava/target/dependency/j2objc-annotations-1.1.jar:/var/benchmarks/projects/guava/guava/target/dependency/jsr305-3.0.2.jar:/var/benchmarks/projects/guava/guava/target/dependency/animal-sniffer-annotations-1.14.jar, outputDir=/home/utbot_mocks/temp/testcases, mocks=Other classes: Mockito
17:04:10.280 | INFO  | Started: warmup: kotlin reflection :: init
17:04:10.362 | INFO  | Finished (in 0.081 sec): warmup: kotlin reflection :: init 
[INIT]
>> [RUN] com.google.common.primitives.Booleans 30
17:04:10.372 | DEBUG | -----------------------------------------------------------------------------
17:04:10.373 | INFO  | Contest.runGeneration: Time budget: 30000 ms, Generation timeout=25500 ms, classpath=/var/benchmarks/projects/guava/guava/target/classes:/var/benchmarks/projects/guava/guava/target/guava-26.0-jre.jar:/var/benchmarks/projects/./guava/guava/target/dependency/checker-qual-2.5.2.jar:/var/benchmarks/projects/guava/guava/target/dependency/error_prone_annotations-2.1.3.jar:/var/benchmarks/projects/guava/guava/target/dependency/j2objc-annotations-1.1.jar:/var/benchmarks/projects/guava/guava/target/dependency/jsr305-3.0.2.jar:/var/benchmarks/projects/guava/guava/target/dependency/animal-sniffer-annotations-1.14.jar, methodNameFilter=null
17:04:10.375 | INFO  | ClassUnderTest[ FQN: com.google.common.primitives.Booleans
    classfileDir: /var/benchmarks/projects/guava/guava/target/classes
    testClassSimpleName: BooleansTest
    generatedTestFile: /home/utbot_mocks/temp/testcases/com/google/common/primitives/BooleansTest.java
    generatedTestsSourcesDir: /home/utbot_mocks/temp/testcases
]
17:04:10.406 | INFO  | Started: class com.google.common.primitives.Booleans
17:04:10.407 | INFO  | Started: preparation class class com.google.common.primitives.Booleans: kotlin reflection :: run
17:04:10.822 | INFO  | Finished (in 0.415 sec): preparation class class com.google.common.primitives.Booleans: kotlin reflection :: run 
17:04:10.823 | INFO  | Started: 2nd optional soot initialization
17:04:10.824 | INFO  | Finished (in 0.001 sec): 2nd optional soot initialization 
17:04:10.832 | DEBUG |  ... 
17:04:10.838 | INFO  | Started: method com.google.common.primitives.Booleans.falseFirst()
17:04:10.840 | INFO  |  -- Remaining time budget: 25040 ms, #remaining_methods: 44, budget for method: 569 ms, solver timeout: 284 ms, budget for symbolic execution: 285 ms, budget for concrete execution: 284 ms,  -- 
17:04:11.124 | INFO  | |> Starting concrete execution for remaining state: com.google.common.primitives.Booleans.falseFirst()
17:04:11.146 | DEBUG | --new testCase collected, to generate: testCom.google.common.primitives.Booleans.falseFirst()1
17:04:11.409 | INFO  | (X) Cancelling concrete execution: com.google.common.primitives.Booleans.falseFirst()
17:04:11.427 | INFO  | Finished (in 0.587 sec): method com.google.common.primitives.Booleans.falseFirst() 
<StatsForMethod> :
	#generatedTC=1
	WITH NO EXCEPTIONS
17:04:11.434 | DEBUG |  ... 
17:04:11.434 | INFO  | Started: method com.google.common.primitives.Booleans.trueFirst()
17:04:11.435 | INFO  |  -- Remaining time budget: 24440 ms, #remaining_methods: 43, budget for method: 568 ms, solver timeout: 284 ms, budget for symbolic execution: 284 ms, budget for concrete execution: 284 ms,  -- 
17:04:11.440 | DEBUG | --new testCase collected, to generate: testCom.google.common.primitives.Booleans.trueFirst()1
17:04:12.042 | INFO  | |> Starting concrete execution for remaining state: com.google.common.primitives.Booleans.trueFirst()
17:04:12.269 | DEBUG | --new testCase collected, to generate: testCom.google.common.primitives.Booleans.trueFirst()2
17:04:12.269 | INFO  | Finished (in 0.834 sec): method com.google.common.primitives.Booleans.trueFirst() 
<StatsForMethod> :
	#generatedTC=2
	WITH NO EXCEPTIONS
17:04:12.284 | DEBUG |  ... 
17:04:12.285 | INFO  | Started: method com.google.common.primitives.Booleans.lexicographicalComparator()
17:04:12.285 | INFO  |  -- Remaining time budget: 23590 ms, #remaining_methods: 42, budget for method: 561 ms, solver timeout: 280 ms, budget for symbolic execution: 281 ms, budget for concrete execution: 280 ms,  -- 
17:04:12.291 | DEBUG | --new testCase collected, to generate: testCom.google.common.primitives.Booleans.lexicographicalComparator()1
17:04:12.405 | DEBUG | --new testCase collected, to generate: testCom.google.common.primitives.Booleans.lexicographicalComparator()2
17:04:12.406 | INFO  | Finished (in 0.121 sec): method com.google.common.primitives.Booleans.lexicographicalComparator() 
<StatsForMethod> :
	#generatedTC=2
	WITH NO EXCEPTIONS
17:04:12.417 | DEBUG |  ... 
17:04:12.421 | INFO  | Started: method com.google.common.primitives.Booleans.countTrue(boolean[])
17:04:12.421 | INFO  |  -- Remaining time budget: 23456 ms, #remaining_methods: 41, budget for method: 572 ms, solver timeout: 286 ms, budget for symbolic execution: 286 ms, budget for concrete execution: 286 ms,  -- 
17:04:12.428 | DEBUG | --new testCase collected, to generate: testCom.google.common.primitives.Booleans.countTrue(boolean[])1
17:04:12.453 | DEBUG | --new testCase collected, to generate: testCom.google.common.primitives.Booleans.countTrue(boolean[])2
17:04:12.504 | DEBUG | --new testCase collected, to generate: testCom.google.common.primitives.Booleans.countTrue(boolean[])3
17:04:12.530 | DEBUG | --new testCase collected, to generate: testCom.google.common.primitives.Booleans.countTrue(boolean[])4
17:04:12.537 | DEBUG | --new testCase collected, to generate: testCom.google.common.primitives.Booleans.countTrue(boolean[])5
17:04:12.537 | INFO  | Finished (in 0.116 sec): method com.google.common.primitives.Booleans.countTrue(boolean[]) 
<StatsForMethod> :
	#generatedTC=5
	WITH NO EXCEPTIONS
17:04:12.538 | DEBUG |  ... 
17:04:12.538 | INFO  | Started: method com.google.common.primitives.Booleans.hashCode(boolean)
17:04:12.538 | INFO  |  -- Remaining time budget: 23336 ms, #remaining_methods: 40, budget for method: 583 ms, solver timeout: 291 ms, budget for symbolic execution: 292 ms, budget for concrete execution: 291 ms,  -- 
17:04:12.544 | DEBUG | --new testCase collected, to generate: testCom.google.common.primitives.Booleans.hashCode(boolean)1
17:04:12.579 | DEBUG | --new testCase collected, to generate: testCom.google.common.primitives.Booleans.hashCode(boolean)2
17:04:12.582 | DEBUG | --new testCase collected, to generate: testCom.google.common.primitives.Booleans.hashCode(boolean)3
17:04:12.583 | INFO  | Finished (in 0.044 sec): method com.google.common.primitives.Booleans.hashCode(boolean) 
<StatsForMethod> :
	#generatedTC=3
	WITH NO EXCEPTIONS
17:04:12.583 | DEBUG |  ... 
17:04:12.584 | INFO  | Started: method com.google.common.primitives.Booleans.indexOf(boolean[], boolean[])
17:04:12.584 | INFO  |  -- Remaining time budget: 23290 ms, #remaining_methods: 39, budget for method: 597 ms, solver timeout: 298 ms, budget for symbolic execution: 299 ms, budget for concrete execution: 298 ms,  -- 
17:04:12.593 | DEBUG | --new testCase collected, to generate: testCom.google.common.primitives.Booleans.indexOf(boolean[], boolean[])1
17:04:12.883 | INFO  | |> Starting concrete execution for remaining state: com.google.common.primitives.Booleans.indexOf(boolean[], boolean[])
17:04:12.905 | DEBUG | --new testCase collected, to generate: testCom.google.common.primitives.Booleans.indexOf(boolean[], boolean[])2
17:04:13.067 | DEBUG | --new testCase collected, to generate: testCom.google.common.primitives.Booleans.indexOf(boolean[], boolean[])3
17:04:13.182 | INFO  | (X) Cancelling concrete execution: com.google.common.primitives.Booleans.indexOf(boolean[], boolean[])
17:04:13.210 | INFO  | Finished (in 0.626 sec): method com.google.common.primitives.Booleans.indexOf(boolean[], boolean[]) 
<StatsForMethod> :
	#generatedTC=3
	WITH NO EXCEPTIONS
17:04:13.211 | DEBUG |  ... 
17:04:13.212 | INFO  | Started: method com.google.common.primitives.Booleans.indexOf(boolean[], boolean, int, int)
17:04:13.212 | INFO  |  -- Remaining time budget: 22663 ms, #remaining_methods: 38, budget for method: 596 ms, solver timeout: 298 ms, budget for symbolic execution: 298 ms, budget for concrete execution: 298 ms,  -- 
17:04:13.217 | DEBUG | --new testCase collected, to generate: testCom.google.common.primitives.Booleans.indexOf(boolean[], boolean, int, int)1
17:04:13.258 | DEBUG | --new testCase collected, to generate: testCom.google.common.primitives.Booleans.indexOf(boolean[], boolean, int, int)2
17:04:13.278 | DEBUG | --new testCase collected, to generate: testCom.google.common.primitives.Booleans.indexOf(boolean[], boolean, int, int)3
17:04:13.298 | DEBUG | --new testCase collected, to generate: testCom.google.common.primitives.Booleans.indexOf(boolean[], boolean, int, int)4
17:04:13.319 | DEBUG | --new testCase collected, to generate: testCom.google.common.primitives.Booleans.indexOf(boolean[], boolean, int, int)5
17:04:13.339 | DEBUG | --new testCase collected, to generate: testCom.google.common.primitives.Booleans.indexOf(boolean[], boolean, int, int)6
17:04:13.347 | DEBUG | --new testCase collected, to generate: testCom.google.common.primitives.Booleans.indexOf(boolean[], boolean, int, int)7
17:04:13.348 | INFO  | Finished (in 0.136 sec): method com.google.common.primitives.Booleans.indexOf(boolean[], boolean, int, int) 
<StatsForMethod> :
	#generatedTC=7
	WITH NO EXCEPTIONS
17:04:13.349 | DEBUG |  ... 
17:04:13.349 | INFO  | Started: method com.google.common.primitives.Booleans.indexOf(boolean[], boolean)
17:04:13.349 | INFO  |  -- Remaining time budget: 22525 ms, #remaining_methods: 37, budget for method: 608 ms, solver timeout: 304 ms, budget for symbolic execution: 304 ms, budget for concrete execution: 304 ms,  -- 
17:04:13.354 | DEBUG | --new testCase collected, to generate: testCom.google.common.primitives.Booleans.indexOf(boolean[], boolean)1
17:04:13.375 | DEBUG | --new testCase collected, to generate: testCom.google.common.primitives.Booleans.indexOf(boolean[], boolean)2
17:04:13.435 | DEBUG | --new testCase collected, to generate: testCom.google.common.primitives.Booleans.indexOf(boolean[], boolean)3
17:04:13.456 | DEBUG | --new testCase collected, to generate: testCom.google.common.primitives.Booleans.indexOf(boolean[], boolean)4
17:04:13.459 | INFO  | Finished (in 0.109 sec): method com.google.common.primitives.Booleans.indexOf(boolean[], boolean) 
<StatsForMethod> :
	#generatedTC=4
	WITH NO EXCEPTIONS
17:04:13.462 | DEBUG |  ... 
17:04:13.462 | INFO  | Started: method com.google.common.primitives.Booleans.lastIndexOf(boolean[], boolean, int, int)
17:04:13.462 | INFO  |  -- Remaining time budget: 22412 ms, #remaining_methods: 36, budget for method: 622 ms, solver timeout: 311 ms, budget for symbolic execution: 311 ms, budget for concrete execution: 311 ms,  -- 
17:04:13.468 | DEBUG | --new testCase collected, to generate: testCom.google.common.primitives.Booleans.lastIndexOf(boolean[], boolean, int, int)1
17:04:13.512 | DEBUG | --new testCase collected, to generate: testCom.google.common.primitives.Booleans.lastIndexOf(boolean[], boolean, int, int)2
17:04:13.531 | DEBUG | --new testCase collected, to generate: testCom.google.common.primitives.Booleans.lastIndexOf(boolean[], boolean, int, int)3
17:04:13.552 | DEBUG | --new testCase collected, to generate: testCom.google.common.primitives.Booleans.lastIndexOf(boolean[], boolean, int, int)4
17:04:13.574 | DEBUG | --new testCase collected, to generate: testCom.google.common.primitives.Booleans.lastIndexOf(boolean[], boolean, int, int)5
17:04:13.595 | DEBUG | --new testCase collected, to generate: testCom.google.common.primitives.Booleans.lastIndexOf(boolean[], boolean, int, int)6
17:04:13.605 | DEBUG | --new testCase collected, to generate: testCom.google.common.primitives.Booleans.lastIndexOf(boolean[], boolean, int, int)7
17:04:13.606 | INFO  | Finished (in 0.143 sec): method com.google.common.primitives.Booleans.lastIndexOf(boolean[], boolean, int, int) 
<StatsForMethod> :
	#generatedTC=7
	WITH NO EXCEPTIONS
17:04:13.607 | DEBUG |  ... 
17:04:13.607 | INFO  | Started: method com.google.common.primitives.Booleans.lastIndexOf(boolean[], boolean)
17:04:13.607 | INFO  |  -- Remaining time budget: 22267 ms, #remaining_methods: 35, budget for method: 636 ms, solver timeout: 318 ms, budget for symbolic execution: 318 ms, budget for concrete execution: 318 ms,  -- 
17:04:13.612 | DEBUG | --new testCase collected, to generate: testCom.google.common.primitives.Booleans.lastIndexOf(boolean[], boolean)1
17:04:13.633 | DEBUG | --new testCase collected, to generate: testCom.google.common.primitives.Booleans.lastIndexOf(boolean[], boolean)2
17:04:13.713 | DEBUG | --new testCase collected, to generate: testCom.google.common.primitives.Booleans.lastIndexOf(boolean[], boolean)3
17:04:13.732 | DEBUG | --new testCase collected, to generate: testCom.google.common.primitives.Booleans.lastIndexOf(boolean[], boolean)4
17:04:13.753 | DEBUG | --new testCase collected, to generate: testCom.google.common.primitives.Booleans.lastIndexOf(boolean[], boolean)5
17:04:13.754 | INFO  | Finished (in 0.147 sec): method com.google.common.primitives.Booleans.lastIndexOf(boolean[], boolean) 
<StatsForMethod> :
	#generatedTC=5
	WITH NO EXCEPTIONS
17:04:13.760 | DEBUG |  ... 
17:04:13.760 | INFO  | Started: method com.google.common.primitives.Booleans.concat(boolean[][])
17:04:13.761 | INFO  |  -- Remaining time budget: 22114 ms, #remaining_methods: 34, budget for method: 650 ms, solver timeout: 325 ms, budget for symbolic execution: 325 ms, budget for concrete execution: 325 ms,  -- 
17:04:13.771 | DEBUG | --new testCase collected, to generate: testCom.google.common.primitives.Booleans.concat(boolean[][])1
17:04:13.792 | DEBUG | --new testCase collected, to generate: testCom.google.common.primitives.Booleans.concat(boolean[][])2
17:04:13.834 | DEBUG | --new testCase collected, to generate: testCom.google.common.primitives.Booleans.concat(boolean[][])3
17:04:13.843 | DEBUG | --new testCase collected, to generate: testCom.google.common.primitives.Booleans.concat(boolean[][])4
17:04:14.009 | DEBUG | --new testCase collected, to generate: testCom.google.common.primitives.Booleans.concat(boolean[][])5
17:04:14.012 | INFO  | Finished (in 0.251 sec): method com.google.common.primitives.Booleans.concat(boolean[][]) 
<StatsForMethod> :
	#generatedTC=5
	WITH NO EXCEPTIONS
17:04:14.016 | DEBUG |  ... 
17:04:14.017 | INFO  | Started: method com.google.common.primitives.Booleans.contains(boolean[], boolean)
17:04:14.017 | INFO  |  -- Remaining time budget: 21857 ms, #remaining_methods: 33, budget for method: 662 ms, solver timeout: 331 ms, budget for symbolic execution: 331 ms, budget for concrete execution: 331 ms,  -- 
17:04:14.023 | DEBUG | --new testCase collected, to generate: testCom.google.common.primitives.Booleans.contains(boolean[], boolean)1
17:04:14.043 | DEBUG | --new testCase collected, to generate: testCom.google.common.primitives.Booleans.contains(boolean[], boolean)2
17:04:14.077 | DEBUG | --new testCase collected, to generate: testCom.google.common.primitives.Booleans.contains(boolean[], boolean)3
17:04:14.095 | DEBUG | --new testCase collected, to generate: testCom.google.common.primitives.Booleans.contains(boolean[], boolean)4
17:04:14.103 | DEBUG | --new testCase collected, to generate: testCom.google.common.primitives.Booleans.contains(boolean[], boolean)5
17:04:14.103 | INFO  | Finished (in 0.086 sec): method com.google.common.primitives.Booleans.contains(boolean[], boolean) 
<StatsForMethod> :
	#generatedTC=5
	WITH NO EXCEPTIONS
17:04:14.104 | DEBUG |  ... 
17:04:14.105 | INFO  | Started: method com.google.common.primitives.Booleans.join(String, boolean[])
17:04:14.105 | INFO  |  -- Remaining time budget: 21770 ms, #remaining_methods: 32, budget for method: 680 ms, solver timeout: 340 ms, budget for symbolic execution: 340 ms, budget for concrete execution: 340 ms,  -- 
17:04:14.123 | DEBUG | --new testCase collected, to generate: testCom.google.common.primitives.Booleans.join(String, boolean[])1
17:04:14.257 | DEBUG | --new testCase collected, to generate: testCom.google.common.primitives.Booleans.join(String, boolean[])2
17:04:14.349 | DEBUG | --new testCase collected, to generate: testCom.google.common.primitives.Booleans.join(String, boolean[])3
17:04:14.445 | INFO  | |> Starting concrete execution for remaining state: com.google.common.primitives.Booleans.join(String, boolean[])
17:04:14.785 | INFO  | (X) Cancelling concrete execution: com.google.common.primitives.Booleans.join(String, boolean[])
17:04:14.793 | INFO  | Finished (in 0.688 sec): method com.google.common.primitives.Booleans.join(String, boolean[]) 
<StatsForMethod> :
	#generatedTC=3
	WITH NO EXCEPTIONS
17:04:14.815 | DEBUG |  ... 
17:04:14.816 | INFO  | Started: method com.google.common.primitives.Booleans.compare(boolean, boolean)
17:04:14.816 | INFO  |  -- Remaining time budget: 21058 ms, #remaining_methods: 31, budget for method: 679 ms, solver timeout: 339 ms, budget for symbolic execution: 340 ms, budget for concrete execution: 339 ms,  -- 
17:04:14.823 | DEBUG | --new testCase collected, to generate: testCom.google.common.primitives.Booleans.compare(boolean, boolean)1
17:04:14.877 | DEBUG | --new testCase collected, to generate: testCom.google.common.primitives.Booleans.compare(boolean, boolean)2
17:04:14.881 | DEBUG | --new testCase collected, to generate: testCom.google.common.primitives.Booleans.compare(boolean, boolean)3
17:04:14.884 | DEBUG | --new testCase collected, to generate: testCom.google.common.primitives.Booleans.compare(boolean, boolean)4
17:04:14.885 | INFO  | Finished (in 0.068 sec): method com.google.common.primitives.Booleans.compare(boolean, boolean) 
<StatsForMethod> :
	#generatedTC=4
	WITH NO EXCEPTIONS
17:04:14.886 | DEBUG |  ... 
17:04:14.886 | INFO  | Started: method com.google.common.primitives.Booleans.toArray(Collection)
17:04:14.887 | INFO  |  -- Remaining time budget: 20988 ms, #remaining_methods: 30, budget for method: 699 ms, solver timeout: 349 ms, budget for symbolic execution: 350 ms, budget for concrete execution: 349 ms,  -- 
17:04:14.891 | DEBUG | --new testCase collected, to generate: testCom.google.common.primitives.Booleans.toArray(Collection)1
17:04:15.065 | DEBUG | --new testCase collected, to generate: testCom.google.common.primitives.Booleans.toArray(Collection)2
17:04:15.236 | INFO  | |> Starting concrete execution for remaining state: com.google.common.primitives.Booleans.toArray(Collection)
17:04:15.586 | INFO  | (X) Cancelling concrete execution: com.google.common.primitives.Booleans.toArray(Collection)
17:04:15.606 | INFO  | Finished (in 0.719 sec): method com.google.common.primitives.Booleans.toArray(Collection) 
<StatsForMethod> :
	#generatedTC=2
	WITH NO EXCEPTIONS
17:04:15.610 | DEBUG |  ... 
17:04:15.611 | INFO  | Started: method com.google.common.primitives.Booleans.asList(boolean[])
17:04:15.611 | INFO  |  -- Remaining time budget: 20263 ms, #remaining_methods: 29, budget for method: 698 ms, solver timeout: 349 ms, budget for symbolic execution: 349 ms, budget for concrete execution: 349 ms,  -- 
17:04:15.617 | DEBUG | --new testCase collected, to generate: testCom.google.common.primitives.Booleans.asList(boolean[])1
17:04:15.656 | DEBUG | --new testCase collected, to generate: testCom.google.common.primitives.Booleans.asList(boolean[])2
17:04:15.753 | DEBUG | --new testCase collected, to generate: testCom.google.common.primitives.Booleans.asList(boolean[])3
17:04:15.878 | DEBUG | --new testCase collected, to generate: testCom.google.common.primitives.Booleans.asList(boolean[])4
17:04:15.878 | INFO  | Finished (in 0.267 sec): method com.google.common.primitives.Booleans.asList(boolean[]) 
<StatsForMethod> :
	#generatedTC=4
	WITH NO EXCEPTIONS
17:04:15.896 | DEBUG |  ... 
17:04:15.897 | INFO  | Started: method com.google.common.primitives.Booleans.ensureCapacity(boolean[], int, int)
17:04:15.897 | INFO  |  -- Remaining time budget: 19977 ms, #remaining_methods: 28, budget for method: 713 ms, solver timeout: 356 ms, budget for symbolic execution: 357 ms, budget for concrete execution: 356 ms,  -- 
17:04:15.903 | DEBUG | --new testCase collected, to generate: testCom.google.common.primitives.Booleans.ensureCapacity(boolean[], int, int)1
17:04:16.026 | DEBUG | --new testCase collected, to generate: testCom.google.common.primitives.Booleans.ensureCapacity(boolean[], int, int)2
17:04:16.034 | DEBUG | --new testCase collected, to generate: testCom.google.common.primitives.Booleans.ensureCapacity(boolean[], int, int)3
17:04:16.090 | DEBUG | --new testCase collected, to generate: testCom.google.common.primitives.Booleans.ensureCapacity(boolean[], int, int)4
17:04:16.250 | DEBUG | --new testCase collected, to generate: testCom.google.common.primitives.Booleans.ensureCapacity(boolean[], int, int)5
17:04:16.254 | INFO  | |> Starting concrete execution for remaining state: com.google.common.primitives.Booleans.ensureCapacity(boolean[], int, int)
17:04:16.577 | DEBUG | --new testCase collected, to generate: testCom.google.common.primitives.Booleans.ensureCapacity(boolean[], int, int)6
17:04:16.583 | INFO  | Finished (in 0.685 sec): method com.google.common.primitives.Booleans.ensureCapacity(boolean[], int, int) 
<StatsForMethod> :
	#generatedTC=6
	WITH NO EXCEPTIONS
17:04:16.599 | DEBUG |  ... 
17:04:16.600 | INFO  | Started: method com.google.common.primitives.Booleans.reverse(boolean[])
17:04:16.600 | INFO  |  -- Remaining time budget: 19274 ms, #remaining_methods: 27, budget for method: 713 ms, solver timeout: 356 ms, budget for symbolic execution: 357 ms, budget for concrete execution: 356 ms,  -- 
17:04:16.606 | DEBUG | --new testCase collected, to generate: testCom.google.common.primitives.Booleans.reverse(boolean[])1
17:04:16.738 | DEBUG | --new testCase collected, to generate: testCom.google.common.primitives.Booleans.reverse(boolean[])2
17:04:16.957 | INFO  | |> Starting concrete execution for remaining state: com.google.common.primitives.Booleans.reverse(boolean[])
17:04:17.236 | DEBUG | --new testCase collected, to generate: testCom.google.common.primitives.Booleans.reverse(boolean[])3
17:04:17.314 | INFO  | (X) Cancelling concrete execution: com.google.common.primitives.Booleans.reverse(boolean[])
17:04:17.376 | INFO  | Finished (in 0.776 sec): method com.google.common.primitives.Booleans.reverse(boolean[]) 
<StatsForMethod> :
	#generatedTC=3
	WITH NO EXCEPTIONS
17:04:17.397 | DEBUG |  ... 
17:04:17.398 | INFO  | Started: method com.google.common.primitives.Booleans.reverse(boolean[], int, int)
17:04:17.398 | INFO  |  -- Remaining time budget: 18476 ms, #remaining_methods: 26, budget for method: 710 ms, solver timeout: 355 ms, budget for symbolic execution: 355 ms, budget for concrete execution: 355 ms,  -- 
17:04:17.403 | DEBUG | --new testCase collected, to generate: testCom.google.common.primitives.Booleans.reverse(boolean[], int, int)1
17:04:17.531 | DEBUG | --new testCase collected, to generate: testCom.google.common.primitives.Booleans.reverse(boolean[], int, int)2
17:04:17.622 | DEBUG | --new testCase collected, to generate: testCom.google.common.primitives.Booleans.reverse(boolean[], int, int)3
17:04:17.753 | INFO  | |> Starting concrete execution for remaining state: com.google.common.primitives.Booleans.reverse(boolean[], int, int)
17:04:17.789 | DEBUG | --new testCase collected, to generate: testCom.google.common.primitives.Booleans.reverse(boolean[], int, int)4
17:04:17.970 | DEBUG | --new testCase collected, to generate: testCom.google.common.primitives.Booleans.reverse(boolean[], int, int)5
17:04:17.983 | DEBUG | --new testCase collected, to generate: testCom.google.common.primitives.Booleans.reverse(boolean[], int, int)6
17:04:18.104 | DEBUG | --new testCase collected, to generate: testCom.google.common.primitives.Booleans.reverse(boolean[], int, int)7
17:04:18.104 | INFO  | Finished (in 0.706 sec): method com.google.common.primitives.Booleans.reverse(boolean[], int, int) 
<StatsForMethod> :
	#generatedTC=7
	WITH NO EXCEPTIONS
17:04:18.116 | DEBUG |  ... 
17:04:18.117 | INFO  | Started: method com.google.common.primitives.Booleans.<init>()
17:04:18.117 | INFO  |  -- Remaining time budget: 17757 ms, #remaining_methods: 25, budget for method: 710 ms, solver timeout: 355 ms, budget for symbolic execution: 355 ms, budget for concrete execution: 355 ms,  -- 
17:04:18.122 | DEBUG | --new testCase collected, to generate: testCom.google.common.primitives.Booleans.<init>()1
17:04:18.146 | DEBUG | --new testCase collected, to generate: testCom.google.common.primitives.Booleans.<init>()2
17:04:18.146 | INFO  | Finished (in 0.029 sec): method com.google.common.primitives.Booleans.<init>() 
<StatsForMethod> :
	#generatedTC=2
	WITH NO EXCEPTIONS
17:04:18.150 | DEBUG |  ... 
17:04:18.152 | INFO  | Started: method com.google.common.primitives.Booleans.BooleanArrayAsList.contains(Object)
17:04:18.152 | INFO  |  -- Remaining time budget: 17723 ms, #remaining_methods: 24, budget for method: 738 ms, solver timeout: 369 ms, budget for symbolic execution: 369 ms, budget for concrete execution: 369 ms,  -- 
17:04:18.161 | DEBUG | --new testCase collected, to generate: testCom.google.common.primitives.Booleans.BooleanArrayAsList.contains(Object)1
17:04:18.363 | DEBUG | --new testCase collected, to generate: testCom.google.common.primitives.Booleans.BooleanArrayAsList.contains(Object)2
17:04:18.445 | DEBUG | --new testCase collected, to generate: testCom.google.common.primitives.Booleans.BooleanArrayAsList.contains(Object)3
17:04:18.460 | DEBUG | --new testCase collected, to generate: testCom.google.common.primitives.Booleans.BooleanArrayAsList.contains(Object)4
17:04:18.461 | INFO  | Finished (in 0.308 sec): method com.google.common.primitives.Booleans.BooleanArrayAsList.contains(Object) 
<StatsForMethod> :
	#generatedTC=4
	WITH NO EXCEPTIONS
17:04:18.465 | DEBUG |  ... 
17:04:18.465 | INFO  | Started: method com.google.common.primitives.Booleans.BooleanArrayAsList.isEmpty()
17:04:18.465 | INFO  |  -- Remaining time budget: 17409 ms, #remaining_methods: 23, budget for method: 756 ms, solver timeout: 378 ms, budget for symbolic execution: 378 ms, budget for concrete execution: 378 ms,  -- 
17:04:18.474 | DEBUG | --new testCase collected, to generate: testCom.google.common.primitives.Booleans.BooleanArrayAsList.isEmpty()1
17:04:18.497 | DEBUG | --new testCase collected, to generate: testCom.google.common.primitives.Booleans.BooleanArrayAsList.isEmpty()2
17:04:18.498 | INFO  | Finished (in 0.032 sec): method com.google.common.primitives.Booleans.BooleanArrayAsList.isEmpty() 
<StatsForMethod> :
	#generatedTC=2
	WITH NO EXCEPTIONS
17:04:18.498 | DEBUG |  ... 
17:04:18.499 | INFO  | Started: method com.google.common.primitives.Booleans.BooleanArrayAsList.equals(Object)
17:04:18.499 | INFO  |  -- Remaining time budget: 17376 ms, #remaining_methods: 22, budget for method: 789 ms, solver timeout: 394 ms, budget for symbolic execution: 395 ms, budget for concrete execution: 394 ms,  -- 
17:04:18.503 | DEBUG | --new testCase collected, to generate: testCom.google.common.primitives.Booleans.BooleanArrayAsList.equals(Object)1
17:04:18.725 | DEBUG | --new testCase collected, to generate: testCom.google.common.primitives.Booleans.BooleanArrayAsList.equals(Object)2
17:04:18.894 | INFO  | |> Starting concrete execution for remaining state: com.google.common.primitives.Booleans.BooleanArrayAsList.equals(Object)
17:04:19.052 | DEBUG | --new testCase collected, to generate: testCom.google.common.primitives.Booleans.BooleanArrayAsList.equals(Object)3
17:04:19.289 | INFO  | (X) Cancelling concrete execution: com.google.common.primitives.Booleans.BooleanArrayAsList.equals(Object)
17:04:19.312 | INFO  | Finished (in 0.813 sec): method com.google.common.primitives.Booleans.BooleanArrayAsList.equals(Object) 
<StatsForMethod> :
	#generatedTC=3
	WITH NO EXCEPTIONS
17:04:19.335 | DEBUG |  ... 
17:04:19.336 | INFO  | Started: method com.google.common.primitives.Booleans.BooleanArrayAsList.hashCode()
17:04:19.336 | INFO  |  -- Remaining time budget: 16538 ms, #remaining_methods: 21, budget for method: 787 ms, solver timeout: 393 ms, budget for symbolic execution: 394 ms, budget for concrete execution: 393 ms,  -- 
17:04:19.339 | DEBUG | --new testCase collected, to generate: testCom.google.common.primitives.Booleans.BooleanArrayAsList.hashCode()1
17:04:19.364 | DEBUG | --new testCase collected, to generate: testCom.google.common.primitives.Booleans.BooleanArrayAsList.hashCode()2
17:04:19.389 | DEBUG | --new testCase collected, to generate: testCom.google.common.primitives.Booleans.BooleanArrayAsList.hashCode()3
17:04:19.409 | DEBUG | --new testCase collected, to generate: testCom.google.common.primitives.Booleans.BooleanArrayAsList.hashCode()4
17:04:19.433 | DEBUG | --new testCase collected, to generate: testCom.google.common.primitives.Booleans.BooleanArrayAsList.hashCode()5
17:04:19.434 | INFO  | Finished (in 0.098 sec): method com.google.common.primitives.Booleans.BooleanArrayAsList.hashCode() 
<StatsForMethod> :
	#generatedTC=5
	WITH NO EXCEPTIONS
17:04:19.435 | DEBUG |  ... 
17:04:19.435 | INFO  | Started: method com.google.common.primitives.Booleans.BooleanArrayAsList.toString()
17:04:19.435 | INFO  |  -- Remaining time budget: 16439 ms, #remaining_methods: 20, budget for method: 821 ms, solver timeout: 410 ms, budget for symbolic execution: 411 ms, budget for concrete execution: 410 ms,  -- 
17:04:19.443 | DEBUG | --new testCase collected, to generate: testCom.google.common.primitives.Booleans.BooleanArrayAsList.toString()1
17:04:19.525 | DEBUG | --new testCase collected, to generate: testCom.google.common.primitives.Booleans.BooleanArrayAsList.toString()2
17:04:19.546 | DEBUG | --new testCase collected, to generate: testCom.google.common.primitives.Booleans.BooleanArrayAsList.toString()3
17:04:19.798 | DEBUG | --new testCase collected, to generate: testCom.google.common.primitives.Booleans.BooleanArrayAsList.toString()4
17:04:19.847 | INFO  | |> Starting concrete execution for remaining state: com.google.common.primitives.Booleans.BooleanArrayAsList.toString()
17:04:20.051 | DEBUG | --new testCase collected, to generate: testCom.google.common.primitives.Booleans.BooleanArrayAsList.toString()5
17:04:20.257 | INFO  | (X) Cancelling concrete execution: com.google.common.primitives.Booleans.BooleanArrayAsList.toString()
17:04:20.267 | INFO  | Finished (in 0.831 sec): method com.google.common.primitives.Booleans.BooleanArrayAsList.toString() 
<StatsForMethod> :
	#generatedTC=5
	WITH NO EXCEPTIONS
17:04:20.317 | DEBUG |  ... 
17:04:20.318 | INFO  | Started: method com.google.common.primitives.Booleans.BooleanArrayAsList.set(int, Boolean)
17:04:20.318 | INFO  |  -- Remaining time budget: 15557 ms, #remaining_methods: 19, budget for method: 818 ms, solver timeout: 409 ms, budget for symbolic execution: 409 ms, budget for concrete execution: 409 ms,  -- 
17:04:20.335 | ERROR | Symbolic execution FAILED
kotlin.reflect.jvm.internal.KotlinReflectionInternalError: Could not compute caller for function: private constructor Boolean() defined in kotlin.Boolean[DeserializedClassConstructorDescriptor@326f22ed] (member = null)
	at kotlin.reflect.jvm.internal.KFunctionImpl$caller$2.invoke(KFunctionImpl.kt:89) ~[utbot-junit-contest-1.0.jar:?]
	at kotlin.reflect.jvm.internal.KFunctionImpl$caller$2.invoke(KFunctionImpl.kt:36) ~[utbot-junit-contest-1.0.jar:?]
	at kotlin.reflect.jvm.internal.ReflectProperties$LazyVal.invoke(ReflectProperties.java:62) ~[utbot-junit-contest-1.0.jar:?]
	at kotlin.reflect.jvm.internal.ReflectProperties$Val.getValue(ReflectProperties.java:31) ~[utbot-junit-contest-1.0.jar:?]
	at kotlin.reflect.jvm.internal.KFunctionImpl.getCaller(KFunctionImpl.kt) ~[utbot-junit-contest-1.0.jar:?]
	at kotlin.reflect.jvm.ReflectJvmMapping.getJavaMethod(ReflectJvmMapping.kt:63) ~[utbot-junit-contest-1.0.jar:?]
	at com.huawei.utbot.framework.plugin.api.util.IdUtilKt.getExecutableId(IdUtil.kt:394) ~[utbot-junit-contest-1.0.jar:?]
	at com.huawei.utbot.engine.UtBotSymbolicEngine.createSimpleModelByKClass(UtBotSymbolicEngine.kt:587) ~[utbot-junit-contest-1.0.jar:?]
	at com.huawei.utbot.engine.UtBotSymbolicEngine.createModelByClassId(UtBotSymbolicEngine.kt:569) ~[utbot-junit-contest-1.0.jar:?]
	at com.huawei.utbot.engine.UtBotSymbolicEngine.access$createModelByClassId(UtBotSymbolicEngine.kt:245) ~[utbot-junit-contest-1.0.jar:?]
	at com.huawei.utbot.engine.UtBotSymbolicEngine$fuzzing$1.invokeSuspend(UtBotSymbolicEngine.kt:502) [utbot-junit-contest-1.0.jar:?]
	at com.huawei.utbot.engine.UtBotSymbolicEngine$fuzzing$1.invoke(UtBotSymbolicEngine.kt) [utbot-junit-contest-1.0.jar:?]
	at kotlinx.coroutines.flow.SafeFlow.collectSafely(Builders.kt:61) [utbot-junit-contest-1.0.jar:?]
	at kotlinx.coroutines.flow.AbstractFlow.collect(Flow.kt:212) [utbot-junit-contest-1.0.jar:?]
	at kotlinx.coroutines.flow.FlowKt__MergeKt$flattenConcat$$inlined$unsafeFlow$1$lambda$1.emit(Collect.kt:134) [utbot-junit-contest-1.0.jar:?]
	at kotlinx.coroutines.flow.FlowKt__BuildersKt$flowOf$$inlined$unsafeFlow$1.collect(SafeCollector.common.kt:114) [utbot-junit-contest-1.0.jar:?]
	at kotlinx.coroutines.flow.FlowKt__MergeKt$flattenConcat$$inlined$unsafeFlow$1.collect(SafeCollector.common.kt:114) [utbot-junit-contest-1.0.jar:?]
	at com.huawei.utbot.contest.ContestKt$runGeneration$1$invokeSuspend$$inlined$bracket$lambda$1$1.invokeSuspend(Contest.kt:531) [utbot-junit-contest-1.0.jar:?]
	at kotlin.coroutines.jvm.internal.BaseContinuationImpl.resumeWith(ContinuationImpl.kt:33) [utbot-junit-contest-1.0.jar:?]
	at kotlinx.coroutines.DispatchedTask.run(DispatchedTask.kt:106) [utbot-junit-contest-1.0.jar:?]
	at java.util.concurrent.Executors$RunnableAdapter.call(Executors.java:511) [?:1.8.0_312]
	at java.util.concurrent.FutureTask.run(FutureTask.java:266) [?:1.8.0_312]
	at java.util.concurrent.ScheduledThreadPoolExecutor$ScheduledFutureTask.access$201(ScheduledThreadPoolExecutor.java:180) [?:1.8.0_312]
	at java.util.concurrent.ScheduledThreadPoolExecutor$ScheduledFutureTask.run(ScheduledThreadPoolExecutor.java:293) [?:1.8.0_312]
	at java.util.concurrent.ThreadPoolExecutor.runWorker(ThreadPoolExecutor.java:1149) [?:1.8.0_312]
	at java.util.concurrent.ThreadPoolExecutor$Worker.run(ThreadPoolExecutor.java:624) [?:1.8.0_312]
	at java.lang.Thread.run(Thread.java:748) [?:1.8.0_312]
17:04:20.384 | DEBUG | --new testCase collected, to generate: testCom.google.common.primitives.Booleans.BooleanArrayAsList.set(int, Boolean)1
17:04:20.405 | DEBUG | --new testCase collected, to generate: testCom.google.common.primitives.Booleans.BooleanArrayAsList.set(int, Boolean)2
17:04:20.554 | DEBUG | --new testCase collected, to generate: testCom.google.common.primitives.Booleans.BooleanArrayAsList.set(int, Boolean)3
17:04:20.592 | DEBUG | --new testCase collected, to generate: testCom.google.common.primitives.Booleans.BooleanArrayAsList.set(int, Boolean)4
17:04:20.727 | INFO  | |> Starting concrete execution for remaining state: com.google.common.primitives.Booleans.BooleanArrayAsList.set(int, Boolean)
17:04:20.730 | DEBUG | --new testCase collected, to generate: testCom.google.common.primitives.Booleans.BooleanArrayAsList.set(int, Boolean)5
17:04:20.731 | INFO  | Finished (in 0.413 sec): method com.google.common.primitives.Booleans.BooleanArrayAsList.set(int, Boolean) 
<StatsForMethod> :
	#generatedTC=5
	FAILED 1 time(s) with 1 different exception(s)"
17:04:20.740 | DEBUG |  ... 
17:04:20.741 | INFO  | Started: method com.google.common.primitives.Booleans.BooleanArrayAsList.subList(int, int)
17:04:20.741 | INFO  |  -- Remaining time budget: 15134 ms, #remaining_methods: 18, budget for method: 840 ms, solver timeout: 420 ms, budget for symbolic execution: 420 ms, budget for concrete execution: 420 ms,  -- 
17:04:20.744 | DEBUG | --new testCase collected, to generate: testCom.google.common.primitives.Booleans.BooleanArrayAsList.subList(int, int)1
17:04:20.852 | DEBUG | --new testCase collected, to generate: testCom.google.common.primitives.Booleans.BooleanArrayAsList.subList(int, int)2
17:04:20.982 | DEBUG | --new testCase collected, to generate: testCom.google.common.primitives.Booleans.BooleanArrayAsList.subList(int, int)3
17:04:20.983 | INFO  | Finished (in 0.242 sec): method com.google.common.primitives.Booleans.BooleanArrayAsList.subList(int, int) 
<StatsForMethod> :
	#generatedTC=3
	WITH NO EXCEPTIONS
17:04:21.002 | DEBUG |  ... 
17:04:21.003 | INFO  | Started: method com.google.common.primitives.Booleans.BooleanArrayAsList.get(int)
17:04:21.003 | INFO  |  -- Remaining time budget: 14871 ms, #remaining_methods: 17, budget for method: 874 ms, solver timeout: 437 ms, budget for symbolic execution: 437 ms, budget for concrete execution: 437 ms,  -- 
17:04:21.012 | DEBUG | --new testCase collected, to generate: testCom.google.common.primitives.Booleans.BooleanArrayAsList.get(int)1
17:04:21.056 | DEBUG | --new testCase collected, to generate: testCom.google.common.primitives.Booleans.BooleanArrayAsList.get(int)2
17:04:21.093 | DEBUG | --new testCase collected, to generate: testCom.google.common.primitives.Booleans.BooleanArrayAsList.get(int)3
17:04:21.102 | DEBUG | --new testCase collected, to generate: testCom.google.common.primitives.Booleans.BooleanArrayAsList.get(int)4
17:04:21.102 | INFO  | Finished (in 0.099 sec): method com.google.common.primitives.Booleans.BooleanArrayAsList.get(int) 
<StatsForMethod> :
	#generatedTC=4
	WITH NO EXCEPTIONS
17:04:21.108 | DEBUG |  ... 
17:04:21.108 | INFO  | Started: method com.google.common.primitives.Booleans.BooleanArrayAsList.indexOf(Object)
17:04:21.108 | INFO  |  -- Remaining time budget: 14766 ms, #remaining_methods: 16, budget for method: 922 ms, solver timeout: 461 ms, budget for symbolic execution: 461 ms, budget for concrete execution: 461 ms,  -- 
17:04:21.112 | DEBUG | --new testCase collected, to generate: testCom.google.common.primitives.Booleans.BooleanArrayAsList.indexOf(Object)1
17:04:21.302 | DEBUG | --new testCase collected, to generate: testCom.google.common.primitives.Booleans.BooleanArrayAsList.indexOf(Object)2
17:04:21.350 | DEBUG | --new testCase collected, to generate: testCom.google.common.primitives.Booleans.BooleanArrayAsList.indexOf(Object)3
17:04:21.392 | DEBUG | --new testCase collected, to generate: testCom.google.common.primitives.Booleans.BooleanArrayAsList.indexOf(Object)4
17:04:21.393 | INFO  | Finished (in 0.285 sec): method com.google.common.primitives.Booleans.BooleanArrayAsList.indexOf(Object) 
<StatsForMethod> :
	#generatedTC=4
	WITH NO EXCEPTIONS
17:04:21.397 | DEBUG |  ... 
17:04:21.397 | INFO  | Started: method com.google.common.primitives.Booleans.BooleanArrayAsList.lastIndexOf(Object)
17:04:21.397 | INFO  |  -- Remaining time budget: 14477 ms, #remaining_methods: 15, budget for method: 965 ms, solver timeout: 482 ms, budget for symbolic execution: 483 ms, budget for concrete execution: 482 ms,  -- 
17:04:21.400 | DEBUG | --new testCase collected, to generate: testCom.google.common.primitives.Booleans.BooleanArrayAsList.lastIndexOf(Object)1
17:04:21.590 | DEBUG | --new testCase collected, to generate: testCom.google.common.primitives.Booleans.BooleanArrayAsList.lastIndexOf(Object)2
17:04:21.643 | DEBUG | --new testCase collected, to generate: testCom.google.common.primitives.Booleans.BooleanArrayAsList.lastIndexOf(Object)3
17:04:21.688 | DEBUG | --new testCase collected, to generate: testCom.google.common.primitives.Booleans.BooleanArrayAsList.lastIndexOf(Object)4
17:04:21.688 | INFO  | Finished (in 0.291 sec): method com.google.common.primitives.Booleans.BooleanArrayAsList.lastIndexOf(Object) 
<StatsForMethod> :
	#generatedTC=4
	WITH NO EXCEPTIONS
17:04:21.692 | DEBUG |  ... 
17:04:21.693 | INFO  | Started: method com.google.common.primitives.Booleans.BooleanArrayAsList.toBooleanArray()
17:04:21.693 | INFO  |  -- Remaining time budget: 14182 ms, #remaining_methods: 14, budget for method: 1013 ms, solver timeout: 506 ms, budget for symbolic execution: 507 ms, budget for concrete execution: 506 ms,  -- 
17:04:21.697 | DEBUG | --new testCase collected, to generate: testCom.google.common.primitives.Booleans.BooleanArrayAsList.toBooleanArray()1
17:04:21.875 | DEBUG | --new testCase collected, to generate: testCom.google.common.primitives.Booleans.BooleanArrayAsList.toBooleanArray()2
17:04:21.983 | DEBUG | --new testCase collected, to generate: testCom.google.common.primitives.Booleans.BooleanArrayAsList.toBooleanArray()3
17:04:21.985 | INFO  | Finished (in 0.292 sec): method com.google.common.primitives.Booleans.BooleanArrayAsList.toBooleanArray() 
<StatsForMethod> :
	#generatedTC=3
	WITH NO EXCEPTIONS
17:04:22.001 | DEBUG |  ... 
17:04:22.002 | INFO  | Started: method com.google.common.primitives.Booleans.BooleanArrayAsList.size()
17:04:22.002 | INFO  |  -- Remaining time budget: 13872 ms, #remaining_methods: 13, budget for method: 1067 ms, solver timeout: 533 ms, budget for symbolic execution: 534 ms, budget for concrete execution: 533 ms,  -- 
17:04:22.005 | DEBUG | --new testCase collected, to generate: testCom.google.common.primitives.Booleans.BooleanArrayAsList.size()1
17:04:22.028 | DEBUG | --new testCase collected, to generate: testCom.google.common.primitives.Booleans.BooleanArrayAsList.size()2
17:04:22.029 | INFO  | Finished (in 0.026 sec): method com.google.common.primitives.Booleans.BooleanArrayAsList.size() 
<StatsForMethod> :
	#generatedTC=2
	WITH NO EXCEPTIONS
17:04:22.029 | DEBUG |  ... 
17:04:22.030 | INFO  | Started: method com.google.common.primitives.Booleans.BooleanArrayAsList.<init>(boolean[])
17:04:22.030 | INFO  |  -- Remaining time budget: 13845 ms, #remaining_methods: 12, budget for method: 1153 ms, solver timeout: 576 ms, budget for symbolic execution: 577 ms, budget for concrete execution: 576 ms,  -- 
17:04:22.033 | DEBUG | --new testCase collected, to generate: testCom.google.common.primitives.Booleans.BooleanArrayAsList.<init>(boolean[])1
17:04:22.057 | DEBUG | --new testCase collected, to generate: testCom.google.common.primitives.Booleans.BooleanArrayAsList.<init>(boolean[])2
17:04:22.112 | DEBUG | --new testCase collected, to generate: testCom.google.common.primitives.Booleans.BooleanArrayAsList.<init>(boolean[])3
17:04:22.112 | INFO  | Finished (in 0.082 sec): method com.google.common.primitives.Booleans.BooleanArrayAsList.<init>(boolean[]) 
<StatsForMethod> :
	#generatedTC=3
	WITH NO EXCEPTIONS
17:04:22.118 | DEBUG |  ... 
17:04:22.118 | INFO  | Started: method com.google.common.primitives.Booleans.BooleanArrayAsList.<init>(boolean[], int, int)
17:04:22.118 | INFO  |  -- Remaining time budget: 13756 ms, #remaining_methods: 11, budget for method: 1250 ms, solver timeout: 625 ms, budget for symbolic execution: 625 ms, budget for concrete execution: 625 ms,  -- 
17:04:22.121 | DEBUG | --new testCase collected, to generate: testCom.google.common.primitives.Booleans.BooleanArrayAsList.<init>(boolean[], int, int)1
17:04:22.165 | DEBUG | --new testCase collected, to generate: testCom.google.common.primitives.Booleans.BooleanArrayAsList.<init>(boolean[], int, int)2
17:04:22.165 | INFO  | Finished (in 0.047 sec): method com.google.common.primitives.Booleans.BooleanArrayAsList.<init>(boolean[], int, int) 
<StatsForMethod> :
	#generatedTC=2
	WITH NO EXCEPTIONS
17:04:22.168 | DEBUG |  ... 
17:04:22.169 | INFO  | Started: method com.google.common.primitives.Booleans.LexicographicalComparator.toString()
17:04:22.169 | INFO  |  -- Remaining time budget: 13705 ms, #remaining_methods: 10, budget for method: 1370 ms, solver timeout: 685 ms, budget for symbolic execution: 685 ms, budget for concrete execution: 685 ms,  -- 
17:04:22.177 | ERROR | Symbolic execution FAILED
com.huawei.utbot.instrumentation.util.ChildProcessError: Error in the child process |> java.lang.IllegalAccessException: Class com.huawei.utbot.framework.concrete.MockValueConstructor can not access a member of class com.google.common.primitives.Booleans$LexicographicalComparator with modifiers "private"
	at sun.reflect.Reflection.ensureMemberAccess(Reflection.java:102)
	at java.lang.reflect.AccessibleObject.slowCheckMemberAccess(AccessibleObject.java:296)
	at java.lang.reflect.AccessibleObject.checkAccess(AccessibleObject.java:288)
	at java.lang.reflect.Constructor.newInstance(Constructor.java:413)
	at com.huawei.utbot.framework.concrete.MockValueConstructor.call(MockValueConstructor.kt:414)
	at com.huawei.utbot.framework.concrete.MockValueConstructor.updateWithExecutableCallModel(MockValueConstructor.kt:353)
	at com.huawei.utbot.framework.concrete.MockValueConstructor.constructFromAssembleModel(MockValueConstructor.kt:332)
	at com.huawei.utbot.framework.concrete.MockValueConstructor.construct(MockValueConstructor.kt:126)
	at com.huawei.utbot.framework.concrete.MockValueConstructor.constructMethodParameters(MockValueConstructor.kt:101)
	at com.huawei.utbot.framework.concrete.UtExecutionInstrumentation.invoke(UtExecutionInstrumentation.kt:126)
	at com.huawei.utbot.framework.concrete.UtExecutionInstrumentation.invoke(UtExecutionInstrumentation.kt:96)
	at com.huawei.utbot.instrumentation.process.ChildProcessKt.loop(ChildProcess.kt:114)
	at com.huawei.utbot.instrumentation.process.ChildProcessKt.main(ChildProcess.kt:76)
	at com.huawei.utbot.instrumentation.process.ChildProcessKt.main(ChildProcess.kt)

	at com.huawei.utbot.instrumentation.ConcreteExecutor.executeAsync(ConcreteExecutor.kt:391) ~[utbot-junit-contest-1.0.jar:?]
	at com.huawei.utbot.instrumentation.ConcreteExecutor$executeAsync$1.invokeSuspend(ConcreteExecutor.kt) ~[utbot-junit-contest-1.0.jar:?]
	at kotlin.coroutines.jvm.internal.BaseContinuationImpl.resumeWith(ContinuationImpl.kt:33) [utbot-junit-contest-1.0.jar:?]
	at kotlinx.coroutines.DispatchedTask.run(DispatchedTask.kt:106) [utbot-junit-contest-1.0.jar:?]
	at java.util.concurrent.Executors$RunnableAdapter.call(Executors.java:511) [?:1.8.0_312]
	at java.util.concurrent.FutureTask.run(FutureTask.java:266) [?:1.8.0_312]
	at java.util.concurrent.ScheduledThreadPoolExecutor$ScheduledFutureTask.access$201(ScheduledThreadPoolExecutor.java:180) [?:1.8.0_312]
	at java.util.concurrent.ScheduledThreadPoolExecutor$ScheduledFutureTask.run(ScheduledThreadPoolExecutor.java:293) [?:1.8.0_312]
	at java.util.concurrent.ThreadPoolExecutor.runWorker(ThreadPoolExecutor.java:1149) [?:1.8.0_312]
	at java.util.concurrent.ThreadPoolExecutor$Worker.run(ThreadPoolExecutor.java:624) [?:1.8.0_312]
	at java.lang.Thread.run(Thread.java:748) [?:1.8.0_312]
17:04:22.205 | DEBUG | --new testCase collected, to generate: testCom.google.common.primitives.Booleans.LexicographicalComparator.toString()1
17:04:22.206 | INFO  | Finished (in 0.036 sec): method com.google.common.primitives.Booleans.LexicographicalComparator.toString() 
<StatsForMethod> :
	#generatedTC=1
	FAILED 1 time(s) with 1 different exception(s)"
17:04:22.207 | DEBUG |  ... 
17:04:22.207 | INFO  | Started: method com.google.common.primitives.Booleans.LexicographicalComparator.compare(boolean[], boolean[])
17:04:22.207 | INFO  |  -- Remaining time budget: 13667 ms, #remaining_methods: 9, budget for method: 1518 ms, solver timeout: 759 ms, budget for symbolic execution: 759 ms, budget for concrete execution: 759 ms,  -- 
17:04:22.210 | ERROR | Symbolic execution FAILED
com.huawei.utbot.instrumentation.util.ChildProcessError: Error in the child process |> java.lang.IllegalAccessException: Class com.huawei.utbot.framework.concrete.MockValueConstructor can not access a member of class com.google.common.primitives.Booleans$LexicographicalComparator with modifiers "private"
	at sun.reflect.Reflection.ensureMemberAccess(Reflection.java:102)
	at java.lang.reflect.AccessibleObject.slowCheckMemberAccess(AccessibleObject.java:296)
	at java.lang.reflect.AccessibleObject.checkAccess(AccessibleObject.java:288)
	at java.lang.reflect.Constructor.newInstance(Constructor.java:413)
	at com.huawei.utbot.framework.concrete.MockValueConstructor.call(MockValueConstructor.kt:414)
	at com.huawei.utbot.framework.concrete.MockValueConstructor.updateWithExecutableCallModel(MockValueConstructor.kt:353)
	at com.huawei.utbot.framework.concrete.MockValueConstructor.constructFromAssembleModel(MockValueConstructor.kt:332)
	at com.huawei.utbot.framework.concrete.MockValueConstructor.construct(MockValueConstructor.kt:126)
	at com.huawei.utbot.framework.concrete.MockValueConstructor.constructMethodParameters(MockValueConstructor.kt:101)
	at com.huawei.utbot.framework.concrete.UtExecutionInstrumentation.invoke(UtExecutionInstrumentation.kt:126)
	at com.huawei.utbot.framework.concrete.UtExecutionInstrumentation.invoke(UtExecutionInstrumentation.kt:96)
	at com.huawei.utbot.instrumentation.process.ChildProcessKt.loop(ChildProcess.kt:114)
	at com.huawei.utbot.instrumentation.process.ChildProcessKt.main(ChildProcess.kt:76)
	at com.huawei.utbot.instrumentation.process.ChildProcessKt.main(ChildProcess.kt)

	at com.huawei.utbot.instrumentation.ConcreteExecutor.executeAsync(ConcreteExecutor.kt:391) ~[utbot-junit-contest-1.0.jar:?]
	at com.huawei.utbot.instrumentation.ConcreteExecutor$executeAsync$1.invokeSuspend(ConcreteExecutor.kt) ~[utbot-junit-contest-1.0.jar:?]
	at kotlin.coroutines.jvm.internal.BaseContinuationImpl.resumeWith(ContinuationImpl.kt:33) [utbot-junit-contest-1.0.jar:?]
	at kotlinx.coroutines.DispatchedTask.run(DispatchedTask.kt:106) [utbot-junit-contest-1.0.jar:?]
	at java.util.concurrent.Executors$RunnableAdapter.call(Executors.java:511) [?:1.8.0_312]
	at java.util.concurrent.FutureTask.run(FutureTask.java:266) [?:1.8.0_312]
	at java.util.concurrent.ScheduledThreadPoolExecutor$ScheduledFutureTask.access$201(ScheduledThreadPoolExecutor.java:180) [?:1.8.0_312]
	at java.util.concurrent.ScheduledThreadPoolExecutor$ScheduledFutureTask.run(ScheduledThreadPoolExecutor.java:293) [?:1.8.0_312]
	at java.util.concurrent.ThreadPoolExecutor.runWorker(ThreadPoolExecutor.java:1149) [?:1.8.0_312]
	at java.util.concurrent.ThreadPoolExecutor$Worker.run(ThreadPoolExecutor.java:624) [?:1.8.0_312]
	at java.lang.Thread.run(Thread.java:748) [?:1.8.0_312]
17:04:22.235 | DEBUG | --new testCase collected, to generate: testCom.google.common.primitives.Booleans.LexicographicalComparator.compare(boolean[], boolean[])1
17:04:22.255 | DEBUG | --new testCase collected, to generate: testCom.google.common.primitives.Booleans.LexicographicalComparator.compare(boolean[], boolean[])2
17:04:22.346 | DEBUG | --new testCase collected, to generate: testCom.google.common.primitives.Booleans.LexicographicalComparator.compare(boolean[], boolean[])3
17:04:22.352 | DEBUG | --new testCase collected, to generate: testCom.google.common.primitives.Booleans.LexicographicalComparator.compare(boolean[], boolean[])4
17:04:22.395 | DEBUG | --new testCase collected, to generate: testCom.google.common.primitives.Booleans.LexicographicalComparator.compare(boolean[], boolean[])5
17:04:22.397 | INFO  | Finished (in 0.190 sec): method com.google.common.primitives.Booleans.LexicographicalComparator.compare(boolean[], boolean[]) 
<StatsForMethod> :
	#generatedTC=5
	FAILED 1 time(s) with 1 different exception(s)"
17:04:22.404 | DEBUG |  ... 
17:04:22.405 | INFO  | Started: method com.google.common.primitives.Booleans.LexicographicalComparator.valueOf(String)
17:04:22.405 | INFO  |  -- Remaining time budget: 13470 ms, #remaining_methods: 8, budget for method: 1683 ms, solver timeout: 841 ms, budget for symbolic execution: 842 ms, budget for concrete execution: 841 ms,  -- 
17:04:22.411 | DEBUG | --new testCase collected, to generate: testCom.google.common.primitives.Booleans.LexicographicalComparator.valueOf(String)1
17:04:23.247 | INFO  | |> Starting concrete execution for remaining state: com.google.common.primitives.Booleans.LexicographicalComparator.valueOf(String)
17:04:24.088 | INFO  | (X) Cancelling concrete execution: com.google.common.primitives.Booleans.LexicographicalComparator.valueOf(String)
17:04:24.221 | INFO  | Finished (in 1.816 sec): method com.google.common.primitives.Booleans.LexicographicalComparator.valueOf(String) 
<StatsForMethod> :
	#generatedTC=1
	WITH NO EXCEPTIONS
17:04:24.272 | DEBUG |  ... 
17:04:24.273 | INFO  | Started: method com.google.common.primitives.Booleans.LexicographicalComparator.values()
17:04:24.273 | INFO  |  -- Remaining time budget: 11601 ms, #remaining_methods: 7, budget for method: 1657 ms, solver timeout: 828 ms, budget for symbolic execution: 829 ms, budget for concrete execution: 828 ms,  -- 
17:04:24.276 | DEBUG | --new testCase collected, to generate: testCom.google.common.primitives.Booleans.LexicographicalComparator.values()1
17:04:24.408 | DEBUG | --new testCase collected, to generate: testCom.google.common.primitives.Booleans.LexicographicalComparator.values()2
17:04:24.408 | INFO  | Finished (in 0.135 sec): method com.google.common.primitives.Booleans.LexicographicalComparator.values() 
<StatsForMethod> :
	#generatedTC=2
	WITH NO EXCEPTIONS
17:04:24.422 | DEBUG |  ... 
17:04:24.422 | INFO  | Started: method com.google.common.primitives.Booleans.LexicographicalComparator.<init>()
17:04:24.423 | INFO  |  -- Remaining time budget: 11452 ms, #remaining_methods: 6, budget for method: 1908 ms, solver timeout: 954 ms, budget for symbolic execution: 954 ms, budget for concrete execution: 954 ms,  -- 
17:04:24.425 | ERROR | Symbolic execution FAILED
com.huawei.utbot.instrumentation.util.ChildProcessError: Error in the child process |> java.lang.IllegalArgumentException: Cannot reflectively create enum objects
	at java.lang.reflect.Constructor.newInstance(Constructor.java:417)
	at com.huawei.utbot.instrumentation.instrumentation.InvokeInstrumentation$invoke$$inlined$run$lambda$2.invoke(InvokeInstrumentation.kt:70)
	at com.huawei.utbot.common.ThreadBasedExecutor$invokeWithTimeout$1.invoke(ThreadUtil.kt:43)
	at com.huawei.utbot.common.ThreadBasedExecutor$invokeWithTimeout$1.invoke(ThreadUtil.kt:22)
	at kotlin.concurrent.ThreadsKt$thread$thread$1.run(Thread.kt:30)

	at com.huawei.utbot.instrumentation.ConcreteExecutor.executeAsync(ConcreteExecutor.kt:391) ~[utbot-junit-contest-1.0.jar:?]
	at com.huawei.utbot.instrumentation.ConcreteExecutor$executeAsync$1.invokeSuspend(ConcreteExecutor.kt) ~[utbot-junit-contest-1.0.jar:?]
	at kotlin.coroutines.jvm.internal.BaseContinuationImpl.resumeWith(ContinuationImpl.kt:33) [utbot-junit-contest-1.0.jar:?]
	at kotlinx.coroutines.DispatchedTask.run(DispatchedTask.kt:106) [utbot-junit-contest-1.0.jar:?]
	at java.util.concurrent.Executors$RunnableAdapter.call(Executors.java:511) [?:1.8.0_312]
	at java.util.concurrent.FutureTask.run(FutureTask.java:266) [?:1.8.0_312]
	at java.util.concurrent.ScheduledThreadPoolExecutor$ScheduledFutureTask.access$201(ScheduledThreadPoolExecutor.java:180) [?:1.8.0_312]
	at java.util.concurrent.ScheduledThreadPoolExecutor$ScheduledFutureTask.run(ScheduledThreadPoolExecutor.java:293) [?:1.8.0_312]
	at java.util.concurrent.ThreadPoolExecutor.runWorker(ThreadPoolExecutor.java:1149) [?:1.8.0_312]
	at java.util.concurrent.ThreadPoolExecutor$Worker.run(ThreadPoolExecutor.java:624) [?:1.8.0_312]
	at java.lang.Thread.run(Thread.java:748) [?:1.8.0_312]
17:04:24.486 | DEBUG | --new testCase collected, to generate: testCom.google.common.primitives.Booleans.LexicographicalComparator.<init>()1
17:04:24.486 | INFO  | Finished (in 0.064 sec): method com.google.common.primitives.Booleans.LexicographicalComparator.<init>() 
<StatsForMethod> :
	#generatedTC=1
	FAILED 1 time(s) with 1 different exception(s)"
17:04:24.492 | DEBUG |  ... 
17:04:24.492 | INFO  | Started: method com.google.common.primitives.Booleans.BooleanComparator.toString()
17:04:24.492 | INFO  |  -- Remaining time budget: 11382 ms, #remaining_methods: 5, budget for method: 2276 ms, solver timeout: 1000 ms, budget for symbolic execution: 1138 ms, budget for concrete execution: 1138 ms,  -- 
17:04:24.495 | DEBUG | --new testCase collected, to generate: testCom.google.common.primitives.Booleans.BooleanComparator.toString()1
17:04:24.518 | DEBUG | --new testCase collected, to generate: testCom.google.common.primitives.Booleans.BooleanComparator.toString()2
17:04:24.519 | INFO  | Finished (in 0.026 sec): method com.google.common.primitives.Booleans.BooleanComparator.toString() 
<StatsForMethod> :
	#generatedTC=2
	WITH NO EXCEPTIONS
17:04:24.519 | DEBUG |  ... 
17:04:24.520 | INFO  | Started: method com.google.common.primitives.Booleans.BooleanComparator.compare(Boolean, Boolean)
17:04:24.520 | INFO  |  -- Remaining time budget: 11354 ms, #remaining_methods: 4, budget for method: 2838 ms, solver timeout: 1000 ms, budget for symbolic execution: 1638 ms, budget for concrete execution: 1200 ms,  -- 
17:04:24.521 | ERROR | Symbolic execution FAILED
kotlin.reflect.jvm.internal.KotlinReflectionInternalError: Could not compute caller for function: private constructor Boolean() defined in kotlin.Boolean[DeserializedClassConstructorDescriptor@326f22ed] (member = null)
	at kotlin.reflect.jvm.internal.KFunctionImpl$caller$2.invoke(KFunctionImpl.kt:89) ~[utbot-junit-contest-1.0.jar:?]
	at kotlin.reflect.jvm.internal.KFunctionImpl$caller$2.invoke(KFunctionImpl.kt:36) ~[utbot-junit-contest-1.0.jar:?]
	at kotlin.reflect.jvm.internal.ReflectProperties$LazyVal.invoke(ReflectProperties.java:62) ~[utbot-junit-contest-1.0.jar:?]
	at kotlin.reflect.jvm.internal.ReflectProperties$Val.getValue(ReflectProperties.java:31) ~[utbot-junit-contest-1.0.jar:?]
	at kotlin.reflect.jvm.internal.KFunctionImpl.getCaller(KFunctionImpl.kt) ~[utbot-junit-contest-1.0.jar:?]
	at kotlin.reflect.jvm.ReflectJvmMapping.getJavaMethod(ReflectJvmMapping.kt:63) ~[utbot-junit-contest-1.0.jar:?]
	at com.huawei.utbot.framework.plugin.api.util.IdUtilKt.getExecutableId(IdUtil.kt:394) ~[utbot-junit-contest-1.0.jar:?]
	at com.huawei.utbot.engine.UtBotSymbolicEngine.createSimpleModelByKClass(UtBotSymbolicEngine.kt:587) ~[utbot-junit-contest-1.0.jar:?]
	at com.huawei.utbot.engine.UtBotSymbolicEngine.createModelByClassId(UtBotSymbolicEngine.kt:569) ~[utbot-junit-contest-1.0.jar:?]
	at com.huawei.utbot.engine.UtBotSymbolicEngine.access$createModelByClassId(UtBotSymbolicEngine.kt:245) ~[utbot-junit-contest-1.0.jar:?]
	at com.huawei.utbot.engine.UtBotSymbolicEngine$fuzzing$1.invokeSuspend(UtBotSymbolicEngine.kt:502) [utbot-junit-contest-1.0.jar:?]
	at com.huawei.utbot.engine.UtBotSymbolicEngine$fuzzing$1.invoke(UtBotSymbolicEngine.kt) [utbot-junit-contest-1.0.jar:?]
	at kotlinx.coroutines.flow.SafeFlow.collectSafely(Builders.kt:61) [utbot-junit-contest-1.0.jar:?]
	at kotlinx.coroutines.flow.AbstractFlow.collect(Flow.kt:212) [utbot-junit-contest-1.0.jar:?]
	at kotlinx.coroutines.flow.FlowKt__MergeKt$flattenConcat$$inlined$unsafeFlow$1$lambda$1.emit(Collect.kt:134) [utbot-junit-contest-1.0.jar:?]
	at kotlinx.coroutines.flow.FlowKt__BuildersKt$flowOf$$inlined$unsafeFlow$1.collect(SafeCollector.common.kt:114) [utbot-junit-contest-1.0.jar:?]
	at kotlinx.coroutines.flow.FlowKt__MergeKt$flattenConcat$$inlined$unsafeFlow$1.collect(SafeCollector.common.kt:114) [utbot-junit-contest-1.0.jar:?]
	at com.huawei.utbot.contest.ContestKt$runGeneration$1$invokeSuspend$$inlined$bracket$lambda$1$1.invokeSuspend(Contest.kt:531) [utbot-junit-contest-1.0.jar:?]
	at kotlin.coroutines.jvm.internal.BaseContinuationImpl.resumeWith(ContinuationImpl.kt:33) [utbot-junit-contest-1.0.jar:?]
	at kotlinx.coroutines.DispatchedTask.run(DispatchedTask.kt:106) [utbot-junit-contest-1.0.jar:?]
	at java.util.concurrent.Executors$RunnableAdapter.call(Executors.java:511) [?:1.8.0_312]
	at java.util.concurrent.FutureTask.run(FutureTask.java:266) [?:1.8.0_312]
	at java.util.concurrent.ScheduledThreadPoolExecutor$ScheduledFutureTask.access$201(ScheduledThreadPoolExecutor.java:180) [?:1.8.0_312]
	at java.util.concurrent.ScheduledThreadPoolExecutor$ScheduledFutureTask.run(ScheduledThreadPoolExecutor.java:293) [?:1.8.0_312]
	at java.util.concurrent.ThreadPoolExecutor.runWorker(ThreadPoolExecutor.java:1149) [?:1.8.0_312]
	at java.util.concurrent.ThreadPoolExecutor$Worker.run(ThreadPoolExecutor.java:624) [?:1.8.0_312]
	at java.lang.Thread.run(Thread.java:748) [?:1.8.0_312]
17:04:24.565 | DEBUG | --new testCase collected, to generate: testCom.google.common.primitives.Booleans.BooleanComparator.compare(Boolean, Boolean)1
17:04:24.586 | DEBUG | --new testCase collected, to generate: testCom.google.common.primitives.Booleans.BooleanComparator.compare(Boolean, Boolean)2
17:04:24.590 | DEBUG | --new testCase collected, to generate: testCom.google.common.primitives.Booleans.BooleanComparator.compare(Boolean, Boolean)3
17:04:24.641 | DEBUG | --new testCase collected, to generate: testCom.google.common.primitives.Booleans.BooleanComparator.compare(Boolean, Boolean)4
17:04:24.644 | DEBUG | --new testCase collected, to generate: testCom.google.common.primitives.Booleans.BooleanComparator.compare(Boolean, Boolean)5
17:04:24.646 | INFO  | Finished (in 0.126 sec): method com.google.common.primitives.Booleans.BooleanComparator.compare(Boolean, Boolean) 
<StatsForMethod> :
	#generatedTC=5
	FAILED 1 time(s) with 1 different exception(s)"
17:04:24.652 | DEBUG |  ... 
17:04:24.652 | INFO  | Started: method com.google.common.primitives.Booleans.BooleanComparator.valueOf(String)
17:04:24.652 | INFO  |  -- Remaining time budget: 11222 ms, #remaining_methods: 3, budget for method: 3740 ms, solver timeout: 1000 ms, budget for symbolic execution: 2540 ms, budget for concrete execution: 1200 ms,  -- 
17:04:24.656 | DEBUG | --new testCase collected, to generate: testCom.google.common.primitives.Booleans.BooleanComparator.valueOf(String)1
17:04:27.148 | DEBUG | --new testCase collected, to generate: testCom.google.common.primitives.Booleans.BooleanComparator.valueOf(String)2
17:04:27.193 | INFO  | |> Starting concrete execution for remaining state: com.google.common.primitives.Booleans.BooleanComparator.valueOf(String)
17:04:28.394 | INFO  | (X) Cancelling concrete execution: com.google.common.primitives.Booleans.BooleanComparator.valueOf(String)
17:04:28.742 | INFO  | Finished (in 4.089 sec): method com.google.common.primitives.Booleans.BooleanComparator.valueOf(String) 
<StatsForMethod> :
	#generatedTC=2
	WITH NO EXCEPTIONS
17:04:28.845 | DEBUG |  ... 
17:04:28.846 | INFO  | Started: method com.google.common.primitives.Booleans.BooleanComparator.values()
17:04:28.846 | INFO  |  -- Remaining time budget: 7028 ms, #remaining_methods: 2, budget for method: 3514 ms, solver timeout: 1000 ms, budget for symbolic execution: 2314 ms, budget for concrete execution: 1200 ms,  -- 
17:04:28.849 | DEBUG | --new testCase collected, to generate: testCom.google.common.primitives.Booleans.BooleanComparator.values()1
17:04:29.050 | DEBUG | --new testCase collected, to generate: testCom.google.common.primitives.Booleans.BooleanComparator.values()2
17:04:29.067 | INFO  | Finished (in 0.221 sec): method com.google.common.primitives.Booleans.BooleanComparator.values() 
<StatsForMethod> :
	#generatedTC=2
	WITH NO EXCEPTIONS
17:04:29.089 | DEBUG |  ... 
17:04:29.090 | INFO  | Started: method com.google.common.primitives.Booleans.BooleanComparator.<init>(int, String)
17:04:29.090 | INFO  |  -- Remaining time budget: 6784 ms, #remaining_methods: 1, budget for method: 6784 ms, solver timeout: 1000 ms, budget for symbolic execution: 5584 ms, budget for concrete execution: 1200 ms,  -- 
17:04:29.094 | ERROR | Symbolic execution FAILED
com.huawei.utbot.instrumentation.util.ChildProcessError: Error in the child process |> java.lang.IllegalArgumentException: Cannot reflectively create enum objects
	at java.lang.reflect.Constructor.newInstance(Constructor.java:417)
	at com.huawei.utbot.instrumentation.instrumentation.InvokeInstrumentation$invoke$$inlined$run$lambda$2.invoke(InvokeInstrumentation.kt:70)
	at com.huawei.utbot.common.ThreadBasedExecutor$invokeWithTimeout$1.invoke(ThreadUtil.kt:43)
	at com.huawei.utbot.common.ThreadBasedExecutor$invokeWithTimeout$1.invoke(ThreadUtil.kt:22)
	at kotlin.concurrent.ThreadsKt$thread$thread$1.run(Thread.kt:30)

	at com.huawei.utbot.instrumentation.ConcreteExecutor.executeAsync(ConcreteExecutor.kt:391) ~[utbot-junit-contest-1.0.jar:?]
	at com.huawei.utbot.instrumentation.ConcreteExecutor$executeAsync$1.invokeSuspend(ConcreteExecutor.kt) ~[utbot-junit-contest-1.0.jar:?]
	at kotlin.coroutines.jvm.internal.BaseContinuationImpl.resumeWith(ContinuationImpl.kt:33) [utbot-junit-contest-1.0.jar:?]
	at kotlinx.coroutines.DispatchedTask.run(DispatchedTask.kt:106) [utbot-junit-contest-1.0.jar:?]
	at java.util.concurrent.Executors$RunnableAdapter.call(Executors.java:511) [?:1.8.0_312]
	at java.util.concurrent.FutureTask.run(FutureTask.java:266) [?:1.8.0_312]
	at java.util.concurrent.ScheduledThreadPoolExecutor$ScheduledFutureTask.access$201(ScheduledThreadPoolExecutor.java:180) [?:1.8.0_312]
	at java.util.concurrent.ScheduledThreadPoolExecutor$ScheduledFutureTask.run(ScheduledThreadPoolExecutor.java:293) [?:1.8.0_312]
	at java.util.concurrent.ThreadPoolExecutor.runWorker(ThreadPoolExecutor.java:1149) [?:1.8.0_312]
	at java.util.concurrent.ThreadPoolExecutor$Worker.run(ThreadPoolExecutor.java:624) [?:1.8.0_312]
	at java.lang.Thread.run(Thread.java:748) [?:1.8.0_312]
17:04:29.168 | DEBUG | --new testCase collected, to generate: testCom.google.common.primitives.Booleans.BooleanComparator.<init>(int, String)1
17:04:29.169 | INFO  | Finished (in 0.078 sec): method com.google.common.primitives.Booleans.BooleanComparator.<init>(int, String) 
<StatsForMethod> :
	#generatedTC=1
	FAILED 1 time(s) with 1 different exception(s)"
17:04:29.179 | INFO  | Started: Flushing tests for [Booleans] on disk
17:04:29.726 | INFO  | File size for BooleansTest: 123 KB
17:04:29.728 | INFO  | Finished (in 0.549 sec): Flushing tests for [Booleans] on disk 
17:04:29.729 | INFO  | Finished (in 19.322 sec): class com.google.common.primitives.Booleans 
<StatsForClass> :
	canceled by timeout = false
	#methods = 44, 
	#methods started symbolic exploration = 44
	#methods with at least one TC = 44
	#methods with exceptions = 6
	#generated TC = 151
	#coverage = null
[READY]
