Started UtBot Contest, classfileDir = /var/benchmarks/projects/seata/core/target/classes, classpathString=/var/benchmarks/projects/seata/core/target/classes:/var/benchmarks/projects/seata/core/target/seata-core-0.5.0.jar:/var/benchmarks/projects/./seata/core/target/dependency/mockito-core-2.23.4.jar:/var/benchmarks/projects/seata/core/target/dependency/byte-buddy-agent-1.9.3.jar:/var/benchmarks/projects/seata/core/target/dependency/assertj-core-2.6.0.jar:/var/benchmarks/projects/seata/core/target/dependency/seata-common-0.5.0.jar:/var/benchmarks/projects/seata/core/target/dependency/byte-buddy-1.9.3.jar:/var/benchmarks/projects/seata/core/target/dependency/objenesis-2.6.jar:/var/benchmarks/projects/seata/core/target/dependency/seata-discovery-core-0.5.0.jar:/var/benchmarks/projects/seata/core/target/dependency/commons-pool2-2.4.2.jar:/var/benchmarks/projects/seata/core/target/dependency/junit-4.12.jar:/var/benchmarks/projects/seata/core/target/dependency/hamcrest-core-1.3.jar:/var/benchmarks/projects/seata/core/target/dependency/slf4j-api-1.7.22.jar:/var/benchmarks/projects/seata/core/target/dependency/seata-config-core-0.5.0.jar:/var/benchmarks/projects/seata/core/target/dependency/netty-all-4.1.24.Final.jar:/var/benchmarks/projects/seata/core/target/dependency/commons-lang-2.6.jar:/var/benchmarks/projects/seata/core/target/dependency/fastjson-1.2.48.jar:/var/benchmarks/projects/seata/core/target/dependency/config-1.2.1.jar:/var/benchmarks/projects/seata/core/target/dependency/commons-pool-1.6.jar, outputDir=/home/utbot_mocks/temp/testcases, mocks=Other classes: Mockito
21:53:38.446 | INFO  | Started: warmup: kotlin reflection :: init
21:53:38.534 | INFO  | Finished (in 0.087 sec): warmup: kotlin reflection :: init 
[INIT]
>> [RUN] io.seata.core.protocol.MessageFuture 120
21:53:38.545 | DEBUG | -----------------------------------------------------------------------------
21:53:38.545 | INFO  | Contest.runGeneration: Time budget: 120000 ms, Generation timeout=102000 ms, classpath=/var/benchmarks/projects/seata/core/target/classes:/var/benchmarks/projects/seata/core/target/seata-core-0.5.0.jar:/var/benchmarks/projects/./seata/core/target/dependency/mockito-core-2.23.4.jar:/var/benchmarks/projects/seata/core/target/dependency/byte-buddy-agent-1.9.3.jar:/var/benchmarks/projects/seata/core/target/dependency/assertj-core-2.6.0.jar:/var/benchmarks/projects/seata/core/target/dependency/seata-common-0.5.0.jar:/var/benchmarks/projects/seata/core/target/dependency/byte-buddy-1.9.3.jar:/var/benchmarks/projects/seata/core/target/dependency/objenesis-2.6.jar:/var/benchmarks/projects/seata/core/target/dependency/seata-discovery-core-0.5.0.jar:/var/benchmarks/projects/seata/core/target/dependency/commons-pool2-2.4.2.jar:/var/benchmarks/projects/seata/core/target/dependency/junit-4.12.jar:/var/benchmarks/projects/seata/core/target/dependency/hamcrest-core-1.3.jar:/var/benchmarks/projects/seata/core/target/dependency/slf4j-api-1.7.22.jar:/var/benchmarks/projects/seata/core/target/dependency/seata-config-core-0.5.0.jar:/var/benchmarks/projects/seata/core/target/dependency/netty-all-4.1.24.Final.jar:/var/benchmarks/projects/seata/core/target/dependency/commons-lang-2.6.jar:/var/benchmarks/projects/seata/core/target/dependency/fastjson-1.2.48.jar:/var/benchmarks/projects/seata/core/target/dependency/config-1.2.1.jar:/var/benchmarks/projects/seata/core/target/dependency/commons-pool-1.6.jar, methodNameFilter=null
21:53:38.547 | INFO  | ClassUnderTest[ FQN: io.seata.core.protocol.MessageFuture
    classfileDir: /var/benchmarks/projects/seata/core/target/classes
    testClassSimpleName: MessageFutureTest
    generatedTestFile: /home/utbot_mocks/temp/testcases/io/seata/core/protocol/MessageFutureTest.java
    generatedTestsSourcesDir: /home/utbot_mocks/temp/testcases
]
21:53:38.570 | INFO  | Started: class io.seata.core.protocol.MessageFuture
21:53:38.570 | INFO  | Started: preparation class class io.seata.core.protocol.MessageFuture: kotlin reflection :: run
21:53:38.583 | INFO  | Finished (in 0.012 sec): preparation class class io.seata.core.protocol.MessageFuture: kotlin reflection :: run 
21:53:38.584 | INFO  | Started: 2nd optional soot initialization
21:53:38.586 | INFO  | Finished (in 0.001 sec): 2nd optional soot initialization 
21:53:38.594 | DEBUG |  ... 
21:53:38.609 | INFO  | Started: method io.seata.core.protocol.MessageFuture.get(long, TimeUnit)
21:53:38.610 | INFO  |  -- Remaining time budget: 101949 ms, #remaining_methods: 8, budget for method: 12743 ms, solver timeout: 1000 ms, budget for symbolic execution: 11543 ms, budget for concrete execution: 1200 ms,  -- 
21:53:38.913 | ERROR | Symbolic execution FAILED
com.huawei.utbot.instrumentation.util.ChildProcessError: Error in the child process |> java.lang.IllegalAccessException: Class com.huawei.utbot.framework.concrete.MockValueConstructor can not access a member of class java.util.concurrent.TimeUnit with modifiers "private"
	at sun.reflect.Reflection.ensureMemberAccess(Reflection.java:102)
	at java.lang.reflect.AccessibleObject.slowCheckMemberAccess(AccessibleObject.java:296)
	at java.lang.reflect.AccessibleObject.checkAccess(AccessibleObject.java:288)
	at java.lang.reflect.Constructor.newInstance(Constructor.java:413)
	at com.huawei.utbot.framework.concrete.MockValueConstructor.call(MockValueConstructor.kt:414)
	at com.huawei.utbot.framework.concrete.MockValueConstructor.updateWithExecutableCallModel(MockValueConstructor.kt:353)
	at com.huawei.utbot.framework.concrete.MockValueConstructor.constructFromAssembleModel(MockValueConstructor.kt:332)
	at com.huawei.utbot.framework.concrete.MockValueConstructor.construct(MockValueConstructor.kt:126)
	at com.huawei.utbot.framework.concrete.MockValueConstructor.constructMethodParameters(MockValueConstructor.kt:101)
	at com.huawei.utbot.framework.concrete.UtExecutionInstrumentation.invoke(UtExecutionInstrumentation.kt:126)
	at com.huawei.utbot.framework.concrete.UtExecutionInstrumentation.invoke(UtExecutionInstrumentation.kt:96)
	at com.huawei.utbot.instrumentation.process.ChildProcessKt.loop(ChildProcess.kt:114)
	at com.huawei.utbot.instrumentation.process.ChildProcessKt.main(ChildProcess.kt:76)
	at com.huawei.utbot.instrumentation.process.ChildProcessKt.main(ChildProcess.kt)

	at com.huawei.utbot.instrumentation.ConcreteExecutor.executeAsync(ConcreteExecutor.kt:391) ~[utbot-junit-contest-1.0.jar:?]
	at com.huawei.utbot.instrumentation.ConcreteExecutor$executeAsync$1.invokeSuspend(ConcreteExecutor.kt) ~[utbot-junit-contest-1.0.jar:?]
	at kotlin.coroutines.jvm.internal.BaseContinuationImpl.resumeWith(ContinuationImpl.kt:33) [utbot-junit-contest-1.0.jar:?]
	at kotlinx.coroutines.DispatchedTask.run(DispatchedTask.kt:106) [utbot-junit-contest-1.0.jar:?]
	at java.util.concurrent.Executors$RunnableAdapter.call(Executors.java:511) [?:1.8.0_312]
	at java.util.concurrent.FutureTask.run(FutureTask.java:266) [?:1.8.0_312]
	at java.util.concurrent.ScheduledThreadPoolExecutor$ScheduledFutureTask.access$201(ScheduledThreadPoolExecutor.java:180) [?:1.8.0_312]
	at java.util.concurrent.ScheduledThreadPoolExecutor$ScheduledFutureTask.run(ScheduledThreadPoolExecutor.java:293) [?:1.8.0_312]
	at java.util.concurrent.ThreadPoolExecutor.runWorker(ThreadPoolExecutor.java:1149) [?:1.8.0_312]
	at java.util.concurrent.ThreadPoolExecutor$Worker.run(ThreadPoolExecutor.java:624) [?:1.8.0_312]
	at java.lang.Thread.run(Thread.java:748) [?:1.8.0_312]
21:53:39.142 | ERROR | Symbolic execution FAILED
java.lang.IllegalArgumentException: No targets for Invocation(instance=ObjectValue(typeStorage=java.util.concurrent.TimeUnit, addr=addr: (BVInt32 p1)), method=<java.util.concurrent.TimeUnit: long toNanos(long)>, parameters=[(long (BVLong64 p0))], generator=() -> kotlin.collections.List<com.huawei.utbot.engine.InvocationTarget>)
	at com.huawei.utbot.engine.UtBotSymbolicEngine.commonInvokePart(UtBotSymbolicEngine.kt:2417) ~[utbot-junit-contest-1.0.jar:?]
	at com.huawei.utbot.engine.UtBotSymbolicEngine.virtualAndInterfaceInvoke(UtBotSymbolicEngine.kt:2289) ~[utbot-junit-contest-1.0.jar:?]
	at com.huawei.utbot.engine.UtBotSymbolicEngine.invokeResult(UtBotSymbolicEngine.kt:2153) ~[utbot-junit-contest-1.0.jar:?]
	at com.huawei.utbot.engine.UtBotSymbolicEngine.traverseAssignStmt(UtBotSymbolicEngine.kt:884) ~[utbot-junit-contest-1.0.jar:?]
	at com.huawei.utbot.engine.UtBotSymbolicEngine.traverseStmt(UtBotSymbolicEngine.kt:604) ~[utbot-junit-contest-1.0.jar:?]
	at com.huawei.utbot.engine.UtBotSymbolicEngine$traverse$1.invokeSuspend(UtBotSymbolicEngine.kt:464) [utbot-junit-contest-1.0.jar:?]
	at com.huawei.utbot.engine.UtBotSymbolicEngine$traverse$1.invoke(UtBotSymbolicEngine.kt) [utbot-junit-contest-1.0.jar:?]
	at kotlinx.coroutines.flow.SafeFlow.collectSafely(Builders.kt:61) [utbot-junit-contest-1.0.jar:?]
	at kotlinx.coroutines.flow.AbstractFlow.collect(Flow.kt:212) [utbot-junit-contest-1.0.jar:?]
	at kotlinx.coroutines.flow.FlowKt__MergeKt$flattenConcat$$inlined$unsafeFlow$1$lambda$1.emit(Collect.kt:134) [utbot-junit-contest-1.0.jar:?]
	at kotlinx.coroutines.flow.FlowKt__BuildersKt$flowOf$$inlined$unsafeFlow$1.collect(SafeCollector.common.kt:114) [utbot-junit-contest-1.0.jar:?]
	at kotlinx.coroutines.flow.FlowKt__BuildersKt$flowOf$$inlined$unsafeFlow$1$1.invokeSuspend(Unknown Source) [utbot-junit-contest-1.0.jar:?]
	at kotlin.coroutines.jvm.internal.BaseContinuationImpl.resumeWith(ContinuationImpl.kt:33) [utbot-junit-contest-1.0.jar:?]
	at kotlinx.coroutines.DispatchedTask.run(DispatchedTask.kt:106) [utbot-junit-contest-1.0.jar:?]
	at java.util.concurrent.Executors$RunnableAdapter.call(Executors.java:511) [?:1.8.0_312]
	at java.util.concurrent.FutureTask.run(FutureTask.java:266) [?:1.8.0_312]
	at java.util.concurrent.ScheduledThreadPoolExecutor$ScheduledFutureTask.access$201(ScheduledThreadPoolExecutor.java:180) [?:1.8.0_312]
	at java.util.concurrent.ScheduledThreadPoolExecutor$ScheduledFutureTask.run(ScheduledThreadPoolExecutor.java:293) [?:1.8.0_312]
	at java.util.concurrent.ThreadPoolExecutor.runWorker(ThreadPoolExecutor.java:1149) [?:1.8.0_312]
	at java.util.concurrent.ThreadPoolExecutor$Worker.run(ThreadPoolExecutor.java:624) [?:1.8.0_312]
	at java.lang.Thread.run(Thread.java:748) [?:1.8.0_312]
21:53:39.144 | INFO  | Finished (in 0.534 sec): method io.seata.core.protocol.MessageFuture.get(long, TimeUnit) 
<StatsForMethod> :
	#generatedTC=0
	FAILED 2 time(s) with 2 different exception(s)"
21:53:39.146 | DEBUG |  ... 
21:53:39.147 | INFO  | Started: method io.seata.core.protocol.MessageFuture.getTimeout()
21:53:39.147 | INFO  |  -- Remaining time budget: 101399 ms, #remaining_methods: 7, budget for method: 14485 ms, solver timeout: 1000 ms, budget for symbolic execution: 13285 ms, budget for concrete execution: 1200 ms,  -- 
21:53:39.163 | DEBUG | --new testCase collected, to generate: testIo.seata.core.protocol.MessageFuture.getTimeout()1
21:53:39.215 | DEBUG | --new testCase collected, to generate: testIo.seata.core.protocol.MessageFuture.getTimeout()2
21:53:39.216 | INFO  | Finished (in 0.068 sec): method io.seata.core.protocol.MessageFuture.getTimeout() 
<StatsForMethod> :
	#generatedTC=2
	WITH NO EXCEPTIONS
21:53:39.218 | DEBUG |  ... 
21:53:39.218 | INFO  | Started: method io.seata.core.protocol.MessageFuture.setRequestMessage(RpcMessage)
21:53:39.218 | INFO  |  -- Remaining time budget: 101328 ms, #remaining_methods: 6, budget for method: 16888 ms, solver timeout: 1000 ms, budget for symbolic execution: 15688 ms, budget for concrete execution: 1200 ms,  -- 
21:53:39.232 | DEBUG | --new testCase collected, to generate: testIo.seata.core.protocol.MessageFuture.setRequestMessage(RpcMessage)1
21:53:39.271 | DEBUG | --new testCase collected, to generate: testIo.seata.core.protocol.MessageFuture.setRequestMessage(RpcMessage)2
21:53:39.272 | INFO  | Finished (in 0.054 sec): method io.seata.core.protocol.MessageFuture.setRequestMessage(RpcMessage) 
<StatsForMethod> :
	#generatedTC=2
	WITH NO EXCEPTIONS
21:53:39.273 | DEBUG |  ... 
21:53:39.274 | INFO  | Started: method io.seata.core.protocol.MessageFuture.getRequestMessage()
21:53:39.274 | INFO  |  -- Remaining time budget: 101273 ms, #remaining_methods: 5, budget for method: 20254 ms, solver timeout: 1000 ms, budget for symbolic execution: 19054 ms, budget for concrete execution: 1200 ms,  -- 
21:53:39.286 | DEBUG | --new testCase collected, to generate: testIo.seata.core.protocol.MessageFuture.getRequestMessage()1
21:53:39.323 | DEBUG | --new testCase collected, to generate: testIo.seata.core.protocol.MessageFuture.getRequestMessage()2
21:53:39.324 | INFO  | Finished (in 0.050 sec): method io.seata.core.protocol.MessageFuture.getRequestMessage() 
<StatsForMethod> :
	#generatedTC=2
	WITH NO EXCEPTIONS
21:53:39.325 | DEBUG |  ... 
21:53:39.326 | INFO  | Started: method io.seata.core.protocol.MessageFuture.setTimeout(long)
21:53:39.326 | INFO  |  -- Remaining time budget: 101221 ms, #remaining_methods: 4, budget for method: 25305 ms, solver timeout: 1000 ms, budget for symbolic execution: 24105 ms, budget for concrete execution: 1200 ms,  -- 
21:53:39.333 | DEBUG | --new testCase collected, to generate: testIo.seata.core.protocol.MessageFuture.setTimeout(long)1
21:53:39.362 | DEBUG | --new testCase collected, to generate: testIo.seata.core.protocol.MessageFuture.setTimeout(long)2
21:53:39.363 | INFO  | Finished (in 0.037 sec): method io.seata.core.protocol.MessageFuture.setTimeout(long) 
<StatsForMethod> :
	#generatedTC=2
	WITH NO EXCEPTIONS
21:53:39.364 | DEBUG |  ... 
21:53:39.365 | INFO  | Started: method io.seata.core.protocol.MessageFuture.setResultMessage(Object)
21:53:39.365 | INFO  |  -- Remaining time budget: 101181 ms, #remaining_methods: 3, budget for method: 33727 ms, solver timeout: 1000 ms, budget for symbolic execution: 32527 ms, budget for concrete execution: 1200 ms,  -- 
21:53:39.372 | DEBUG | --new testCase collected, to generate: testIo.seata.core.protocol.MessageFuture.setResultMessage(Object)1
21:53:40.981 | DEBUG | --new testCase collected, to generate: testIo.seata.core.protocol.MessageFuture.setResultMessage(Object)2
21:53:41.300 | DEBUG | --new testCase collected, to generate: testIo.seata.core.protocol.MessageFuture.setResultMessage(Object)3
21:54:11.893 | INFO  | |> Starting concrete execution for remaining state: io.seata.core.protocol.MessageFuture.setResultMessage(Object)
21:54:13.094 | INFO  | (X) Cancelling concrete execution: io.seata.core.protocol.MessageFuture.setResultMessage(Object)
21:54:13.390 | INFO  | Finished (in 34.024 sec): method io.seata.core.protocol.MessageFuture.setResultMessage(Object) 
<StatsForMethod> :
	#generatedTC=3
	WITH NO EXCEPTIONS
21:54:14.270 | DEBUG |  ... 
21:54:14.272 | INFO  | Started: method io.seata.core.protocol.MessageFuture.isTimeout()
21:54:14.272 | INFO  |  -- Remaining time budget: 66274 ms, #remaining_methods: 2, budget for method: 33137 ms, solver timeout: 1000 ms, budget for symbolic execution: 31937 ms, budget for concrete execution: 1200 ms,  -- 
21:54:14.279 | DEBUG | --new testCase collected, to generate: testIo.seata.core.protocol.MessageFuture.isTimeout()1
21:54:14.602 | DEBUG | --new testCase collected, to generate: testIo.seata.core.protocol.MessageFuture.isTimeout()2
21:54:14.611 | DEBUG | --new testCase collected, to generate: testIo.seata.core.protocol.MessageFuture.isTimeout()3
21:54:14.611 | INFO  | Finished (in 0.339 sec): method io.seata.core.protocol.MessageFuture.isTimeout() 
<StatsForMethod> :
	#generatedTC=3
	WITH NO EXCEPTIONS
21:54:14.612 | DEBUG |  ... 
21:54:14.613 | INFO  | Started: method io.seata.core.protocol.MessageFuture.<init>()
21:54:14.613 | INFO  |  -- Remaining time budget: 65934 ms, #remaining_methods: 1, budget for method: 65934 ms, solver timeout: 1000 ms, budget for symbolic execution: 64734 ms, budget for concrete execution: 1200 ms,  -- 
21:54:14.620 | DEBUG | --new testCase collected, to generate: testIo.seata.core.protocol.MessageFuture.<init>()1
21:54:14.731 | DEBUG | --new testCase collected, to generate: testIo.seata.core.protocol.MessageFuture.<init>()2
21:54:14.731 | INFO  | Finished (in 0.119 sec): method io.seata.core.protocol.MessageFuture.<init>() 
<StatsForMethod> :
	#generatedTC=2
	WITH NO EXCEPTIONS
21:54:14.745 | INFO  | Started: Flushing tests for [MessageFuture] on disk
21:54:14.893 | INFO  | File size for MessageFutureTest: 9 KB
21:54:14.894 | INFO  | Finished (in 0.149 sec): Flushing tests for [MessageFuture] on disk 
21:54:14.894 | INFO  | Finished (in 36.324 sec): class io.seata.core.protocol.MessageFuture 
<StatsForClass> :
	canceled by timeout = false
	#methods = 8, 
	#methods started symbolic exploration = 8
	#methods with at least one TC = 7
	#methods with exceptions = 1
	#generated TC = 16
	#coverage = null
[READY]
