Started UtBot Contest, classfileDir = /var/benchmarks/projects/seata/core/target/classes, classpathString=/var/benchmarks/projects/seata/core/target/classes:/var/benchmarks/projects/seata/core/target/seata-core-0.5.0.jar:/var/benchmarks/projects/./seata/core/target/dependency/mockito-core-2.23.4.jar:/var/benchmarks/projects/seata/core/target/dependency/byte-buddy-agent-1.9.3.jar:/var/benchmarks/projects/seata/core/target/dependency/assertj-core-2.6.0.jar:/var/benchmarks/projects/seata/core/target/dependency/seata-common-0.5.0.jar:/var/benchmarks/projects/seata/core/target/dependency/byte-buddy-1.9.3.jar:/var/benchmarks/projects/seata/core/target/dependency/objenesis-2.6.jar:/var/benchmarks/projects/seata/core/target/dependency/seata-discovery-core-0.5.0.jar:/var/benchmarks/projects/seata/core/target/dependency/commons-pool2-2.4.2.jar:/var/benchmarks/projects/seata/core/target/dependency/junit-4.12.jar:/var/benchmarks/projects/seata/core/target/dependency/hamcrest-core-1.3.jar:/var/benchmarks/projects/seata/core/target/dependency/slf4j-api-1.7.22.jar:/var/benchmarks/projects/seata/core/target/dependency/seata-config-core-0.5.0.jar:/var/benchmarks/projects/seata/core/target/dependency/netty-all-4.1.24.Final.jar:/var/benchmarks/projects/seata/core/target/dependency/commons-lang-2.6.jar:/var/benchmarks/projects/seata/core/target/dependency/fastjson-1.2.48.jar:/var/benchmarks/projects/seata/core/target/dependency/config-1.2.1.jar:/var/benchmarks/projects/seata/core/target/dependency/commons-pool-1.6.jar, outputDir=/home/utbot_mocks/temp/testcases, mocks=Other classes: Mockito
17:39:35.853 | INFO  | Started: warmup: kotlin reflection :: init
17:39:35.940 | INFO  | Finished (in 0.086 sec): warmup: kotlin reflection :: init 
[INIT]
>> [RUN] io.seata.core.store.StoreMode 30
17:39:35.949 | DEBUG | -----------------------------------------------------------------------------
17:39:35.950 | INFO  | Contest.runGeneration: Time budget: 30000 ms, Generation timeout=25500 ms, classpath=/var/benchmarks/projects/seata/core/target/classes:/var/benchmarks/projects/seata/core/target/seata-core-0.5.0.jar:/var/benchmarks/projects/./seata/core/target/dependency/mockito-core-2.23.4.jar:/var/benchmarks/projects/seata/core/target/dependency/byte-buddy-agent-1.9.3.jar:/var/benchmarks/projects/seata/core/target/dependency/assertj-core-2.6.0.jar:/var/benchmarks/projects/seata/core/target/dependency/seata-common-0.5.0.jar:/var/benchmarks/projects/seata/core/target/dependency/byte-buddy-1.9.3.jar:/var/benchmarks/projects/seata/core/target/dependency/objenesis-2.6.jar:/var/benchmarks/projects/seata/core/target/dependency/seata-discovery-core-0.5.0.jar:/var/benchmarks/projects/seata/core/target/dependency/commons-pool2-2.4.2.jar:/var/benchmarks/projects/seata/core/target/dependency/junit-4.12.jar:/var/benchmarks/projects/seata/core/target/dependency/hamcrest-core-1.3.jar:/var/benchmarks/projects/seata/core/target/dependency/slf4j-api-1.7.22.jar:/var/benchmarks/projects/seata/core/target/dependency/seata-config-core-0.5.0.jar:/var/benchmarks/projects/seata/core/target/dependency/netty-all-4.1.24.Final.jar:/var/benchmarks/projects/seata/core/target/dependency/commons-lang-2.6.jar:/var/benchmarks/projects/seata/core/target/dependency/fastjson-1.2.48.jar:/var/benchmarks/projects/seata/core/target/dependency/config-1.2.1.jar:/var/benchmarks/projects/seata/core/target/dependency/commons-pool-1.6.jar, methodNameFilter=null
17:39:35.951 | INFO  | ClassUnderTest[ FQN: io.seata.core.store.StoreMode
    classfileDir: /var/benchmarks/projects/seata/core/target/classes
    testClassSimpleName: StoreModeTest
    generatedTestFile: /home/utbot_mocks/temp/testcases/io/seata/core/store/StoreModeTest.java
    generatedTestsSourcesDir: /home/utbot_mocks/temp/testcases
]
17:39:35.974 | INFO  | Started: class io.seata.core.store.StoreMode
17:39:35.975 | INFO  | Started: preparation class class io.seata.core.store.StoreMode: kotlin reflection :: run
17:39:36.062 | INFO  | Finished (in 0.087 sec): preparation class class io.seata.core.store.StoreMode: kotlin reflection :: run 
17:39:36.063 | INFO  | Started: 2nd optional soot initialization
17:39:36.064 | INFO  | Finished (in 0.001 sec): 2nd optional soot initialization 
17:39:36.072 | DEBUG |  ... 
17:39:36.088 | INFO  | Started: method io.seata.core.store.StoreMode.valueof(String)
17:39:36.089 | INFO  |  -- Remaining time budget: 25375 ms, #remaining_methods: 4, budget for method: 6343 ms, solver timeout: 1000 ms, budget for symbolic execution: 5143 ms, budget for concrete execution: 1200 ms,  -- 
17:39:36.409 | DEBUG | --new testCase collected, to generate: testIo.seata.core.store.StoreMode.valueof(String)1
17:39:39.559 | DEBUG | --new testCase collected, to generate: testIo.seata.core.store.StoreMode.valueof(String)2
17:39:41.225 | INFO  | |> Starting concrete execution for remaining state: io.seata.core.store.StoreMode.valueof(String)
17:39:42.426 | INFO  | (X) Cancelling concrete execution: io.seata.core.store.StoreMode.valueof(String)
17:39:42.485 | INFO  | Finished (in 6.396 sec): method io.seata.core.store.StoreMode.valueof(String) 
<StatsForMethod> :
	#generatedTC=2
	WITH NO EXCEPTIONS
17:39:42.724 | DEBUG |  ... 
17:39:42.725 | INFO  | Started: method io.seata.core.store.StoreMode.valueOf(String)
17:39:42.725 | INFO  |  -- Remaining time budget: 18725 ms, #remaining_methods: 3, budget for method: 6241 ms, solver timeout: 1000 ms, budget for symbolic execution: 5041 ms, budget for concrete execution: 1200 ms,  -- 
17:39:42.734 | DEBUG | --new testCase collected, to generate: testIo.seata.core.store.StoreMode.valueOf(String)1
17:39:44.916 | DEBUG | --new testCase collected, to generate: testIo.seata.core.store.StoreMode.valueOf(String)2
17:39:47.767 | INFO  | |> Starting concrete execution for remaining state: io.seata.core.store.StoreMode.valueOf(String)
17:39:48.967 | INFO  | (X) Cancelling concrete execution: io.seata.core.store.StoreMode.valueOf(String)
17:39:49.144 | INFO  | Finished (in 6.418 sec): method io.seata.core.store.StoreMode.valueOf(String) 
<StatsForMethod> :
	#generatedTC=2
	WITH NO EXCEPTIONS
17:39:49.327 | DEBUG |  ... 
17:39:49.327 | INFO  | Started: method io.seata.core.store.StoreMode.values()
17:39:49.328 | INFO  |  -- Remaining time budget: 12123 ms, #remaining_methods: 2, budget for method: 6061 ms, solver timeout: 1000 ms, budget for symbolic execution: 4861 ms, budget for concrete execution: 1200 ms,  -- 
17:39:49.338 | DEBUG | --new testCase collected, to generate: testIo.seata.core.store.StoreMode.values()1
17:39:49.545 | DEBUG | --new testCase collected, to generate: testIo.seata.core.store.StoreMode.values()2
17:39:49.546 | INFO  | Finished (in 0.218 sec): method io.seata.core.store.StoreMode.values() 
<StatsForMethod> :
	#generatedTC=2
	WITH NO EXCEPTIONS
17:39:49.567 | DEBUG |  ... 
17:39:49.568 | INFO  | Started: method io.seata.core.store.StoreMode.<init>()
17:39:49.568 | INFO  |  -- Remaining time budget: 11883 ms, #remaining_methods: 1, budget for method: 11883 ms, solver timeout: 1000 ms, budget for symbolic execution: 10683 ms, budget for concrete execution: 1200 ms,  -- 
17:39:49.581 | ERROR | Symbolic execution FAILED
com.huawei.utbot.instrumentation.util.ChildProcessError: Error in the child process |> java.lang.IllegalArgumentException: Cannot reflectively create enum objects
	at java.lang.reflect.Constructor.newInstance(Constructor.java:417)
	at com.huawei.utbot.instrumentation.instrumentation.InvokeInstrumentation$invoke$$inlined$run$lambda$2.invoke(InvokeInstrumentation.kt:70)
	at com.huawei.utbot.common.ThreadBasedExecutor$invokeWithTimeout$1.invoke(ThreadUtil.kt:43)
	at com.huawei.utbot.common.ThreadBasedExecutor$invokeWithTimeout$1.invoke(ThreadUtil.kt:22)
	at kotlin.concurrent.ThreadsKt$thread$thread$1.run(Thread.kt:30)

	at com.huawei.utbot.instrumentation.ConcreteExecutor.executeAsync(ConcreteExecutor.kt:391) ~[utbot-junit-contest-1.0.jar:?]
	at com.huawei.utbot.instrumentation.ConcreteExecutor$executeAsync$1.invokeSuspend(ConcreteExecutor.kt) ~[utbot-junit-contest-1.0.jar:?]
	at kotlin.coroutines.jvm.internal.BaseContinuationImpl.resumeWith(ContinuationImpl.kt:33) [utbot-junit-contest-1.0.jar:?]
	at kotlinx.coroutines.DispatchedTask.run(DispatchedTask.kt:106) [utbot-junit-contest-1.0.jar:?]
	at java.util.concurrent.Executors$RunnableAdapter.call(Executors.java:511) [?:1.8.0_312]
	at java.util.concurrent.FutureTask.run(FutureTask.java:266) [?:1.8.0_312]
	at java.util.concurrent.ScheduledThreadPoolExecutor$ScheduledFutureTask.access$201(ScheduledThreadPoolExecutor.java:180) [?:1.8.0_312]
	at java.util.concurrent.ScheduledThreadPoolExecutor$ScheduledFutureTask.run(ScheduledThreadPoolExecutor.java:293) [?:1.8.0_312]
	at java.util.concurrent.ThreadPoolExecutor.runWorker(ThreadPoolExecutor.java:1149) [?:1.8.0_312]
	at java.util.concurrent.ThreadPoolExecutor$Worker.run(ThreadPoolExecutor.java:624) [?:1.8.0_312]
	at java.lang.Thread.run(Thread.java:748) [?:1.8.0_312]
17:39:49.649 | DEBUG | --new testCase collected, to generate: testIo.seata.core.store.StoreMode.<init>()1
17:39:49.650 | INFO  | Finished (in 0.081 sec): method io.seata.core.store.StoreMode.<init>() 
<StatsForMethod> :
	#generatedTC=1
	FAILED 1 time(s) with 1 different exception(s)"
17:39:49.658 | INFO  | Started: Flushing tests for [StoreMode] on disk
17:39:49.794 | INFO  | File size for StoreModeTest: 8 KB
17:39:49.796 | INFO  | Finished (in 0.137 sec): Flushing tests for [StoreMode] on disk 
17:39:49.796 | INFO  | Finished (in 13.822 sec): class io.seata.core.store.StoreMode 
<StatsForClass> :
	canceled by timeout = false
	#methods = 4, 
	#methods started symbolic exploration = 4
	#methods with at least one TC = 4
	#methods with exceptions = 1
	#generated TC = 7
	#coverage = null
[READY]
