# JRE version: OpenJDK Runtime Environment (8.0_312-b07) (build 1.8.0_312-8u312-b07-0ubuntu1~20.04-b07)
# Java VM: OpenJDK 64-Bit Server VM (25.312-b07 mixed mode linux-amd64 compressed oops)
Heap:
 PSYoungGen      total 301056K, used 90305K [0x0000000670700000, 0x000000068bc80000, 0x00000007c0000000)
  eden space 258048K, 28% used [0x0000000670700000,0x0000000674f54b90,0x0000000680300000)
  from space 43008K, 37% used [0x0000000682d00000,0x0000000683cdbb70,0x0000000685700000)
  to   space 43008K, 0% used [0x0000000680300000,0x0000000680300000,0x0000000682d00000)
 ParOldGen       total 484352K, used 32887K [0x00000003d1400000, 0x00000003eed00000, 0x0000000670700000)
  object space 484352K, 6% used [0x00000003d1400000,0x00000003d341de20,0x00000003eed00000)
 Metaspace       used 30188K, capacity 30452K, committed 30592K, reserved 1077248K
  class space    used 2964K, capacity 3074K, committed 3200K, reserved 1048576K
GC Heap History (6 events):
Event: 2.325 GC heap before
{Heap before GC invocations=1 (full 0):
 PSYoungGen      total 301056K, used 249900K [0x0000000670700000, 0x0000000685700000, 0x00000007c0000000)
  eden space 258048K, 96% used [0x0000000670700000,0x000000067fb0b2e8,0x0000000680300000)
  from space 43008K, 0% used [0x0000000682d00000,0x0000000682d00000,0x0000000685700000)
  to   space 43008K, 0% used [0x0000000680300000,0x0000000680300000,0x0000000682d00000)
 ParOldGen       total 688128K, used 0K [0x00000003d1400000, 0x00000003fb400000, 0x0000000670700000)
  object space 688128K, 0% used [0x00000003d1400000,0x00000003d1400000,0x00000003fb400000)
 Metaspace       used 20955K, capacity 21198K, committed 21296K, reserved 1069056K
  class space    used 2064K, capacity 2145K, committed 2176K, reserved 1048576K
Event: 2.348 GC heap after
Heap after GC invocations=1 (full 0):
 PSYoungGen      total 301056K, used 33614K [0x0000000670700000, 0x0000000685700000, 0x00000007c0000000)
  eden space 258048K, 0% used [0x0000000670700000,0x0000000670700000,0x0000000680300000)
  from space 43008K, 78% used [0x0000000680300000,0x00000006823d3920,0x0000000682d00000)
  to   space 43008K, 0% used [0x0000000682d00000,0x0000000682d00000,0x0000000685700000)
 ParOldGen       total 688128K, used 8K [0x00000003d1400000, 0x00000003fb400000, 0x0000000670700000)
  object space 688128K, 0% used [0x00000003d1400000,0x00000003d1402000,0x00000003fb400000)
 Metaspace       used 20955K, capacity 21198K, committed 21296K, reserved 1069056K
  class space    used 2064K, capacity 2145K, committed 2176K, reserved 1048576K
}
Event: 2.348 GC heap before
{Heap before GC invocations=2 (full 1):
 PSYoungGen      total 301056K, used 33614K [0x0000000670700000, 0x0000000685700000, 0x00000007c0000000)
  eden space 258048K, 0% used [0x0000000670700000,0x0000000670700000,0x0000000680300000)
  from space 43008K, 78% used [0x0000000680300000,0x00000006823d3920,0x0000000682d00000)
  to   space 43008K, 0% used [0x0000000682d00000,0x0000000682d00000,0x0000000685700000)
 ParOldGen       total 688128K, used 8K [0x00000003d1400000, 0x00000003fb400000, 0x0000000670700000)
  object space 688128K, 0% used [0x00000003d1400000,0x00000003d1402000,0x00000003fb400000)
 Metaspace       used 20955K, capacity 21198K, committed 21296K, reserved 1069056K
  class space    used 2064K, capacity 2145K, committed 2176K, reserved 1048576K
Event: 2.419 GC heap after
Heap after GC invocations=2 (full 1):
 PSYoungGen      total 301056K, used 0K [0x0000000670700000, 0x0000000685700000, 0x00000007c0000000)
  eden space 258048K, 0% used [0x0000000670700000,0x0000000670700000,0x0000000680300000)
  from space 43008K, 0% used [0x0000000680300000,0x0000000680300000,0x0000000682d00000)
  to   space 43008K, 0% used [0x0000000682d00000,0x0000000682d00000,0x0000000685700000)
 ParOldGen       total 484352K, used 32879K [0x00000003d1400000, 0x00000003eed00000, 0x0000000670700000)
  object space 484352K, 6% used [0x00000003d1400000,0x00000003d341be20,0x00000003eed00000)
 Metaspace       used 20955K, capacity 21198K, committed 21296K, reserved 1069056K
  class space    used 2064K, capacity 2145K, committed 2176K, reserved 1048576K
}
Event: 3.684 GC heap before
{Heap before GC invocations=3 (full 1):
 PSYoungGen      total 301056K, used 258048K [0x0000000670700000, 0x0000000685700000, 0x00000007c0000000)
  eden space 258048K, 100% used [0x0000000670700000,0x0000000680300000,0x0000000680300000)
  from space 43008K, 0% used [0x0000000680300000,0x0000000680300000,0x0000000682d00000)
  to   space 43008K, 0% used [0x0000000682d00000,0x0000000682d00000,0x0000000685700000)
 ParOldGen       total 484352K, used 32879K [0x00000003d1400000, 0x00000003eed00000, 0x0000000670700000)
  object space 484352K, 6% used [0x00000003d1400000,0x00000003d341be20,0x00000003eed00000)
 Metaspace       used 29914K, capacity 30222K, committed 30464K, reserved 1077248K
  class space    used 2955K, capacity 3041K, committed 3072K, reserved 1048576K
Event: 3.725 GC heap after
Heap after GC invocations=3 (full 1):
 PSYoungGen      total 301056K, used 16238K [0x0000000670700000, 0x000000068bc80000, 0x00000007c0000000)
  eden space 258048K, 0% used [0x0000000670700000,0x0000000670700000,0x0000000680300000)
  from space 43008K, 37% used [0x0000000682d00000,0x0000000683cdbb70,0x0000000685700000)
  to   space 43008K, 0% used [0x0000000680300000,0x0000000680300000,0x0000000682d00000)
 ParOldGen       total 484352K, used 32887K [0x00000003d1400000, 0x00000003eed00000, 0x0000000670700000)
  object space 484352K, 6% used [0x00000003d1400000,0x00000003d341de20,0x00000003eed00000)
 Metaspace       used 29914K, capacity 30222K, committed 30464K, reserved 1077248K
  class space    used 2955K, capacity 3041K, committed 3072K, reserved 1048576K
}

