Started UtBot Contest, classfileDir = /var/benchmarks/projects/guava/guava/target/classes, classpathString=/var/benchmarks/projects/guava/guava/target/classes:/var/benchmarks/projects/guava/guava/target/guava-26.0-jre.jar:/var/benchmarks/projects/./guava/guava/target/dependency/checker-qual-2.5.2.jar:/var/benchmarks/projects/guava/guava/target/dependency/error_prone_annotations-2.1.3.jar:/var/benchmarks/projects/guava/guava/target/dependency/j2objc-annotations-1.1.jar:/var/benchmarks/projects/guava/guava/target/dependency/jsr305-3.0.2.jar:/var/benchmarks/projects/guava/guava/target/dependency/animal-sniffer-annotations-1.14.jar, outputDir=/home/utbot_mocks/temp/testcases, mocks=Other classes: Mockito
18:00:01.246 | INFO  | Started: warmup: kotlin reflection :: init
18:00:01.336 | INFO  | Finished (in 0.089 sec): warmup: kotlin reflection :: init 
[INIT]
>> [RUN] com.google.common.base.Throwables 30
18:00:01.344 | DEBUG | -----------------------------------------------------------------------------
18:00:01.344 | INFO  | Contest.runGeneration: Time budget: 30000 ms, Generation timeout=25500 ms, classpath=/var/benchmarks/projects/guava/guava/target/classes:/var/benchmarks/projects/guava/guava/target/guava-26.0-jre.jar:/var/benchmarks/projects/./guava/guava/target/dependency/checker-qual-2.5.2.jar:/var/benchmarks/projects/guava/guava/target/dependency/error_prone_annotations-2.1.3.jar:/var/benchmarks/projects/guava/guava/target/dependency/j2objc-annotations-1.1.jar:/var/benchmarks/projects/guava/guava/target/dependency/jsr305-3.0.2.jar:/var/benchmarks/projects/guava/guava/target/dependency/animal-sniffer-annotations-1.14.jar, methodNameFilter=null
18:00:01.346 | INFO  | ClassUnderTest[ FQN: com.google.common.base.Throwables
    classfileDir: /var/benchmarks/projects/guava/guava/target/classes
    testClassSimpleName: ThrowablesTest
    generatedTestFile: /home/utbot_mocks/temp/testcases/com/google/common/base/ThrowablesTest.java
    generatedTestsSourcesDir: /home/utbot_mocks/temp/testcases
]
18:00:01.366 | INFO  | Started: class com.google.common.base.Throwables
18:00:01.367 | INFO  | Started: preparation class class com.google.common.base.Throwables: kotlin reflection :: run
18:00:01.397 | INFO  | Finished (in 0.030 sec): preparation class class com.google.common.base.Throwables: kotlin reflection :: run 
18:00:01.398 | INFO  | Started: 2nd optional soot initialization
18:00:01.399 | INFO  | Finished (in 0.001 sec): 2nd optional soot initialization 
18:00:01.407 | DEBUG |  ... 
18:00:01.422 | INFO  | Started: method com.google.common.base.Throwables.getRootCause(Throwable)
18:00:01.423 | INFO  |  -- Remaining time budget: 25437 ms, #remaining_methods: 20, budget for method: 1271 ms, solver timeout: 635 ms, budget for symbolic execution: 636 ms, budget for concrete execution: 635 ms,  -- 
18:00:01.745 | DEBUG | --new testCase collected, to generate: testCom.google.common.base.Throwables.getRootCause(Throwable)1
18:00:02.054 | INFO  | |> Starting concrete execution for remaining state: com.google.common.base.Throwables.getRootCause(Throwable)
18:00:02.077 | DEBUG | --new testCase collected, to generate: testCom.google.common.base.Throwables.getRootCause(Throwable)2
18:00:02.361 | DEBUG | --new testCase collected, to generate: testCom.google.common.base.Throwables.getRootCause(Throwable)3
18:00:02.690 | INFO  | (X) Cancelling concrete execution: com.google.common.base.Throwables.getRootCause(Throwable)
18:00:02.799 | INFO  | Finished (in 1.377 sec): method com.google.common.base.Throwables.getRootCause(Throwable) 
<StatsForMethod> :
	#generatedTC=3
	WITH NO EXCEPTIONS
18:00:02.814 | DEBUG |  ... 
18:00:02.815 | INFO  | Started: method com.google.common.base.Throwables.propagate(Throwable)
18:00:02.815 | INFO  |  -- Remaining time budget: 24031 ms, #remaining_methods: 19, budget for method: 1264 ms, solver timeout: 632 ms, budget for symbolic execution: 632 ms, budget for concrete execution: 632 ms,  -- 
18:00:02.827 | DEBUG | --new testCase collected, to generate: testCom.google.common.base.Throwables.propagate(Throwable)1
18:00:03.447 | INFO  | |> Starting concrete execution for remaining state: com.google.common.base.Throwables.propagate(Throwable)
18:00:03.533 | DEBUG | --new testCase collected, to generate: testCom.google.common.base.Throwables.propagate(Throwable)2
18:00:03.696 | DEBUG | --new testCase collected, to generate: testCom.google.common.base.Throwables.propagate(Throwable)3
18:00:03.870 | DEBUG | --new testCase collected, to generate: testCom.google.common.base.Throwables.propagate(Throwable)4
18:00:03.871 | INFO  | Finished (in 1.056 sec): method com.google.common.base.Throwables.propagate(Throwable) 
<StatsForMethod> :
	#generatedTC=4
	WITH NO EXCEPTIONS
18:00:03.895 | DEBUG |  ... 
18:00:03.896 | INFO  | Started: method com.google.common.base.Throwables.throwIfUnchecked(Throwable)
18:00:03.896 | INFO  |  -- Remaining time budget: 22949 ms, #remaining_methods: 18, budget for method: 1274 ms, solver timeout: 637 ms, budget for symbolic execution: 637 ms, budget for concrete execution: 637 ms,  -- 
18:00:03.904 | DEBUG | --new testCase collected, to generate: testCom.google.common.base.Throwables.throwIfUnchecked(Throwable)1
18:00:04.157 | DEBUG | --new testCase collected, to generate: testCom.google.common.base.Throwables.throwIfUnchecked(Throwable)2
18:00:04.386 | DEBUG | --new testCase collected, to generate: testCom.google.common.base.Throwables.throwIfUnchecked(Throwable)3
18:00:04.888 | INFO  | |> Starting concrete execution for remaining state: com.google.common.base.Throwables.throwIfUnchecked(Throwable)
18:00:05.029 | DEBUG | --new testCase collected, to generate: testCom.google.common.base.Throwables.throwIfUnchecked(Throwable)4
18:00:05.030 | INFO  | Finished (in 1.133 sec): method com.google.common.base.Throwables.throwIfUnchecked(Throwable) 
<StatsForMethod> :
	#generatedTC=4
	WITH NO EXCEPTIONS
18:00:05.031 | DEBUG |  ... 
18:00:05.032 | INFO  | Started: method com.google.common.base.Throwables.getCausalChain(Throwable)
18:00:05.032 | INFO  |  -- Remaining time budget: 21814 ms, #remaining_methods: 17, budget for method: 1283 ms, solver timeout: 641 ms, budget for symbolic execution: 642 ms, budget for concrete execution: 641 ms,  -- 
18:00:05.043 | DEBUG | --new testCase collected, to generate: testCom.google.common.base.Throwables.getCausalChain(Throwable)1
18:00:05.674 | INFO  | |> Starting concrete execution for remaining state: com.google.common.base.Throwables.getCausalChain(Throwable)
18:00:06.158 | DEBUG | --new testCase collected, to generate: testCom.google.common.base.Throwables.getCausalChain(Throwable)2
18:00:06.316 | INFO  | (X) Cancelling concrete execution: com.google.common.base.Throwables.getCausalChain(Throwable)
18:00:06.471 | INFO  | Finished (in 1.439 sec): method com.google.common.base.Throwables.getCausalChain(Throwable) 
<StatsForMethod> :
	#generatedTC=2
	WITH NO EXCEPTIONS
18:00:06.506 | DEBUG |  ... 
18:00:06.507 | INFO  | Started: method com.google.common.base.Throwables.throwIfInstanceOf(Throwable, Class)
18:00:06.508 | INFO  |  -- Remaining time budget: 20338 ms, #remaining_methods: 16, budget for method: 1271 ms, solver timeout: 635 ms, budget for symbolic execution: 636 ms, budget for concrete execution: 635 ms,  -- 
18:00:06.519 | ERROR | Symbolic execution FAILED
com.huawei.utbot.instrumentation.util.ChildProcessError: Error in the child process |> java.lang.IllegalAccessException: java.lang.Class
	at sun.misc.Unsafe.allocateInstance(Native Method)
	at com.huawei.utbot.framework.util.EngineUtilsKt.getAnyInstance(EngineUtils.kt:61)
	at com.huawei.utbot.framework.concrete.MockValueConstructor.constructObject(MockValueConstructor.kt:158)
	at com.huawei.utbot.framework.concrete.MockValueConstructor.construct(MockValueConstructor.kt:124)
	at com.huawei.utbot.framework.concrete.MockValueConstructor.constructMethodParameters(MockValueConstructor.kt:101)
	at com.huawei.utbot.framework.concrete.UtExecutionInstrumentation.invoke(UtExecutionInstrumentation.kt:126)
	at com.huawei.utbot.framework.concrete.UtExecutionInstrumentation.invoke(UtExecutionInstrumentation.kt:96)
	at com.huawei.utbot.instrumentation.process.ChildProcessKt.loop(ChildProcess.kt:114)
	at com.huawei.utbot.instrumentation.process.ChildProcessKt.main(ChildProcess.kt:76)
	at com.huawei.utbot.instrumentation.process.ChildProcessKt.main(ChildProcess.kt)

	at com.huawei.utbot.instrumentation.ConcreteExecutor.executeAsync(ConcreteExecutor.kt:391) ~[utbot-junit-contest-1.0.jar:?]
	at com.huawei.utbot.instrumentation.ConcreteExecutor$executeAsync$1.invokeSuspend(ConcreteExecutor.kt) ~[utbot-junit-contest-1.0.jar:?]
	at kotlin.coroutines.jvm.internal.BaseContinuationImpl.resumeWith(ContinuationImpl.kt:33) [utbot-junit-contest-1.0.jar:?]
	at kotlinx.coroutines.DispatchedTask.run(DispatchedTask.kt:106) [utbot-junit-contest-1.0.jar:?]
	at java.util.concurrent.Executors$RunnableAdapter.call(Executors.java:511) [?:1.8.0_312]
	at java.util.concurrent.FutureTask.run(FutureTask.java:266) [?:1.8.0_312]
	at java.util.concurrent.ScheduledThreadPoolExecutor$ScheduledFutureTask.access$201(ScheduledThreadPoolExecutor.java:180) [?:1.8.0_312]
	at java.util.concurrent.ScheduledThreadPoolExecutor$ScheduledFutureTask.run(ScheduledThreadPoolExecutor.java:293) [?:1.8.0_312]
	at java.util.concurrent.ThreadPoolExecutor.runWorker(ThreadPoolExecutor.java:1149) [?:1.8.0_312]
	at java.util.concurrent.ThreadPoolExecutor$Worker.run(ThreadPoolExecutor.java:624) [?:1.8.0_312]
	at java.lang.Thread.run(Thread.java:748) [?:1.8.0_312]
18:00:06.876 | DEBUG | --new testCase collected, to generate: testCom.google.common.base.Throwables.throwIfInstanceOf(Throwable, Class)1
18:00:07.008 | DEBUG | --new testCase collected, to generate: testCom.google.common.base.Throwables.throwIfInstanceOf(Throwable, Class)2
18:00:07.144 | INFO  | |> Starting concrete execution for remaining state: com.google.common.base.Throwables.throwIfInstanceOf(Throwable, Class)
18:00:07.503 | DEBUG | --new testCase collected, to generate: testCom.google.common.base.Throwables.throwIfInstanceOf(Throwable, Class)3
18:00:07.550 | INFO  | Finished (in 1.042 sec): method com.google.common.base.Throwables.throwIfInstanceOf(Throwable, Class) 
<StatsForMethod> :
	#generatedTC=3
	FAILED 1 time(s) with 1 different exception(s)"
18:00:07.560 | DEBUG |  ... 
18:00:07.561 | INFO  | Started: method com.google.common.base.Throwables.propagateIfInstanceOf(Throwable, Class)
18:00:07.561 | INFO  |  -- Remaining time budget: 19284 ms, #remaining_methods: 15, budget for method: 1285 ms, solver timeout: 642 ms, budget for symbolic execution: 643 ms, budget for concrete execution: 642 ms,  -- 
18:00:07.567 | ERROR | Symbolic execution FAILED
com.huawei.utbot.instrumentation.util.ChildProcessError: Error in the child process |> java.lang.IllegalAccessException: java.lang.Class
	at sun.misc.Unsafe.allocateInstance(Native Method)
	at com.huawei.utbot.framework.util.EngineUtilsKt.getAnyInstance(EngineUtils.kt:61)
	at com.huawei.utbot.framework.concrete.MockValueConstructor.constructObject(MockValueConstructor.kt:158)
	at com.huawei.utbot.framework.concrete.MockValueConstructor.construct(MockValueConstructor.kt:124)
	at com.huawei.utbot.framework.concrete.MockValueConstructor.constructMethodParameters(MockValueConstructor.kt:101)
	at com.huawei.utbot.framework.concrete.UtExecutionInstrumentation.invoke(UtExecutionInstrumentation.kt:126)
	at com.huawei.utbot.framework.concrete.UtExecutionInstrumentation.invoke(UtExecutionInstrumentation.kt:96)
	at com.huawei.utbot.instrumentation.process.ChildProcessKt.loop(ChildProcess.kt:114)
	at com.huawei.utbot.instrumentation.process.ChildProcessKt.main(ChildProcess.kt:76)
	at com.huawei.utbot.instrumentation.process.ChildProcessKt.main(ChildProcess.kt)

	at com.huawei.utbot.instrumentation.ConcreteExecutor.executeAsync(ConcreteExecutor.kt:391) ~[utbot-junit-contest-1.0.jar:?]
	at com.huawei.utbot.engine.UtBotSymbolicEngineKt.executeConcretely(UtBotSymbolicEngine.kt:3203) ~[utbot-junit-contest-1.0.jar:?]
	at com.huawei.utbot.engine.UtBotSymbolicEngine$fuzzing$1.invokeSuspend(UtBotSymbolicEngine.kt:515) [utbot-junit-contest-1.0.jar:?]
	at com.huawei.utbot.engine.UtBotSymbolicEngine$fuzzing$1.invoke(UtBotSymbolicEngine.kt) [utbot-junit-contest-1.0.jar:?]
	at kotlinx.coroutines.flow.SafeFlow.collectSafely(Builders.kt:61) [utbot-junit-contest-1.0.jar:?]
	at kotlinx.coroutines.flow.AbstractFlow.collect(Flow.kt:212) [utbot-junit-contest-1.0.jar:?]
	at kotlinx.coroutines.flow.FlowKt__MergeKt$flattenConcat$$inlined$unsafeFlow$1$lambda$1.emit(Collect.kt:134) [utbot-junit-contest-1.0.jar:?]
	at kotlinx.coroutines.flow.FlowKt__BuildersKt$flowOf$$inlined$unsafeFlow$1.collect(SafeCollector.common.kt:114) [utbot-junit-contest-1.0.jar:?]
	at kotlinx.coroutines.flow.FlowKt__MergeKt$flattenConcat$$inlined$unsafeFlow$1.collect(SafeCollector.common.kt:114) [utbot-junit-contest-1.0.jar:?]
	at com.huawei.utbot.contest.ContestKt$runGeneration$1$invokeSuspend$$inlined$bracket$lambda$1$1.invokeSuspend(Contest.kt:531) [utbot-junit-contest-1.0.jar:?]
	at kotlin.coroutines.jvm.internal.BaseContinuationImpl.resumeWith(ContinuationImpl.kt:33) [utbot-junit-contest-1.0.jar:?]
	at kotlinx.coroutines.DispatchedTask.run(DispatchedTask.kt:106) [utbot-junit-contest-1.0.jar:?]
	at java.util.concurrent.Executors$RunnableAdapter.call(Executors.java:511) [?:1.8.0_312]
	at java.util.concurrent.FutureTask.run(FutureTask.java:266) [?:1.8.0_312]
	at java.util.concurrent.ScheduledThreadPoolExecutor$ScheduledFutureTask.access$201(ScheduledThreadPoolExecutor.java:180) [?:1.8.0_312]
	at java.util.concurrent.ScheduledThreadPoolExecutor$ScheduledFutureTask.run(ScheduledThreadPoolExecutor.java:293) [?:1.8.0_312]
	at java.util.concurrent.ThreadPoolExecutor.runWorker(ThreadPoolExecutor.java:1149) [?:1.8.0_312]
	at java.util.concurrent.ThreadPoolExecutor$Worker.run(ThreadPoolExecutor.java:624) [?:1.8.0_312]
	at java.lang.Thread.run(Thread.java:748) [?:1.8.0_312]
18:00:07.603 | DEBUG | --new testCase collected, to generate: testCom.google.common.base.Throwables.propagateIfInstanceOf(Throwable, Class)1
18:00:08.204 | INFO  | |> Starting concrete execution for remaining state: com.google.common.base.Throwables.propagateIfInstanceOf(Throwable, Class)
18:00:08.371 | DEBUG | --new testCase collected, to generate: testCom.google.common.base.Throwables.propagateIfInstanceOf(Throwable, Class)2
18:00:08.700 | DEBUG | --new testCase collected, to generate: testCom.google.common.base.Throwables.propagateIfInstanceOf(Throwable, Class)3
18:00:08.847 | INFO  | (X) Cancelling concrete execution: com.google.common.base.Throwables.propagateIfInstanceOf(Throwable, Class)
18:00:08.878 | INFO  | Finished (in 1.317 sec): method com.google.common.base.Throwables.propagateIfInstanceOf(Throwable, Class) 
<StatsForMethod> :
	#generatedTC=3
	FAILED 1 time(s) with 1 different exception(s)"
18:00:08.909 | DEBUG |  ... 
18:00:08.910 | INFO  | Started: method com.google.common.base.Throwables.propagateIfPossible(Throwable, Class, Class)
18:00:08.910 | INFO  |  -- Remaining time budget: 17935 ms, #remaining_methods: 14, budget for method: 1281 ms, solver timeout: 640 ms, budget for symbolic execution: 641 ms, budget for concrete execution: 640 ms,  -- 
18:00:08.916 | ERROR | Symbolic execution FAILED
com.huawei.utbot.instrumentation.util.ChildProcessError: Error in the child process |> java.lang.IllegalAccessException: java.lang.Class
	at sun.misc.Unsafe.allocateInstance(Native Method)
	at com.huawei.utbot.framework.util.EngineUtilsKt.getAnyInstance(EngineUtils.kt:61)
	at com.huawei.utbot.framework.concrete.MockValueConstructor.constructObject(MockValueConstructor.kt:158)
	at com.huawei.utbot.framework.concrete.MockValueConstructor.construct(MockValueConstructor.kt:124)
	at com.huawei.utbot.framework.concrete.MockValueConstructor.constructMethodParameters(MockValueConstructor.kt:101)
	at com.huawei.utbot.framework.concrete.UtExecutionInstrumentation.invoke(UtExecutionInstrumentation.kt:126)
	at com.huawei.utbot.framework.concrete.UtExecutionInstrumentation.invoke(UtExecutionInstrumentation.kt:96)
	at com.huawei.utbot.instrumentation.process.ChildProcessKt.loop(ChildProcess.kt:114)
	at com.huawei.utbot.instrumentation.process.ChildProcessKt.main(ChildProcess.kt:76)
	at com.huawei.utbot.instrumentation.process.ChildProcessKt.main(ChildProcess.kt)

	at com.huawei.utbot.instrumentation.ConcreteExecutor.executeAsync(ConcreteExecutor.kt:391) ~[utbot-junit-contest-1.0.jar:?]
	at com.huawei.utbot.instrumentation.ConcreteExecutor$executeAsync$1.invokeSuspend(ConcreteExecutor.kt) ~[utbot-junit-contest-1.0.jar:?]
	at kotlin.coroutines.jvm.internal.BaseContinuationImpl.resumeWith(ContinuationImpl.kt:33) [utbot-junit-contest-1.0.jar:?]
	at kotlinx.coroutines.DispatchedTask.run(DispatchedTask.kt:106) [utbot-junit-contest-1.0.jar:?]
	at java.util.concurrent.Executors$RunnableAdapter.call(Executors.java:511) [?:1.8.0_312]
	at java.util.concurrent.FutureTask.run(FutureTask.java:266) [?:1.8.0_312]
	at java.util.concurrent.ScheduledThreadPoolExecutor$ScheduledFutureTask.access$201(ScheduledThreadPoolExecutor.java:180) [?:1.8.0_312]
	at java.util.concurrent.ScheduledThreadPoolExecutor$ScheduledFutureTask.run(ScheduledThreadPoolExecutor.java:293) [?:1.8.0_312]
	at java.util.concurrent.ThreadPoolExecutor.runWorker(ThreadPoolExecutor.java:1149) [?:1.8.0_312]
	at java.util.concurrent.ThreadPoolExecutor$Worker.run(ThreadPoolExecutor.java:624) [?:1.8.0_312]
	at java.lang.Thread.run(Thread.java:748) [?:1.8.0_312]
18:00:09.552 | INFO  | |> Starting concrete execution for remaining state: com.google.common.base.Throwables.propagateIfPossible(Throwable, Class, Class)
18:00:10.192 | INFO  | (X) Cancelling concrete execution: com.google.common.base.Throwables.propagateIfPossible(Throwable, Class, Class)
18:00:10.273 | INFO  | Finished (in 1.362 sec): method com.google.common.base.Throwables.propagateIfPossible(Throwable, Class, Class) 
<StatsForMethod> :
	#generatedTC=0
	FAILED 1 time(s) with 1 different exception(s)"
18:00:10.314 | DEBUG |  ... 
18:00:10.315 | INFO  | Started: method com.google.common.base.Throwables.propagateIfPossible(Throwable, Class)
18:00:10.315 | INFO  |  -- Remaining time budget: 16530 ms, #remaining_methods: 13, budget for method: 1271 ms, solver timeout: 635 ms, budget for symbolic execution: 636 ms, budget for concrete execution: 635 ms,  -- 
18:00:10.321 | ERROR | Symbolic execution FAILED
com.huawei.utbot.instrumentation.util.ChildProcessError: Error in the child process |> java.lang.IllegalAccessException: java.lang.Class
	at sun.misc.Unsafe.allocateInstance(Native Method)
	at com.huawei.utbot.framework.util.EngineUtilsKt.getAnyInstance(EngineUtils.kt:61)
	at com.huawei.utbot.framework.concrete.MockValueConstructor.constructObject(MockValueConstructor.kt:158)
	at com.huawei.utbot.framework.concrete.MockValueConstructor.construct(MockValueConstructor.kt:124)
	at com.huawei.utbot.framework.concrete.MockValueConstructor.constructMethodParameters(MockValueConstructor.kt:101)
	at com.huawei.utbot.framework.concrete.UtExecutionInstrumentation.invoke(UtExecutionInstrumentation.kt:126)
	at com.huawei.utbot.framework.concrete.UtExecutionInstrumentation.invoke(UtExecutionInstrumentation.kt:96)
	at com.huawei.utbot.instrumentation.process.ChildProcessKt.loop(ChildProcess.kt:114)
	at com.huawei.utbot.instrumentation.process.ChildProcessKt.main(ChildProcess.kt:76)
	at com.huawei.utbot.instrumentation.process.ChildProcessKt.main(ChildProcess.kt)

	at com.huawei.utbot.instrumentation.ConcreteExecutor.executeAsync(ConcreteExecutor.kt:391) ~[utbot-junit-contest-1.0.jar:?]
	at com.huawei.utbot.instrumentation.ConcreteExecutor$executeAsync$1.invokeSuspend(ConcreteExecutor.kt) ~[utbot-junit-contest-1.0.jar:?]
	at kotlin.coroutines.jvm.internal.BaseContinuationImpl.resumeWith(ContinuationImpl.kt:33) [utbot-junit-contest-1.0.jar:?]
	at kotlinx.coroutines.DispatchedTask.run(DispatchedTask.kt:106) [utbot-junit-contest-1.0.jar:?]
	at java.util.concurrent.Executors$RunnableAdapter.call(Executors.java:511) [?:1.8.0_312]
	at java.util.concurrent.FutureTask.run(FutureTask.java:266) [?:1.8.0_312]
	at java.util.concurrent.ScheduledThreadPoolExecutor$ScheduledFutureTask.access$201(ScheduledThreadPoolExecutor.java:180) [?:1.8.0_312]
	at java.util.concurrent.ScheduledThreadPoolExecutor$ScheduledFutureTask.run(ScheduledThreadPoolExecutor.java:293) [?:1.8.0_312]
	at java.util.concurrent.ThreadPoolExecutor.runWorker(ThreadPoolExecutor.java:1149) [?:1.8.0_312]
	at java.util.concurrent.ThreadPoolExecutor$Worker.run(ThreadPoolExecutor.java:624) [?:1.8.0_312]
	at java.lang.Thread.run(Thread.java:748) [?:1.8.0_312]
18:00:10.951 | INFO  | |> Starting concrete execution for remaining state: com.google.common.base.Throwables.propagateIfPossible(Throwable, Class)
18:00:11.587 | INFO  | (X) Cancelling concrete execution: com.google.common.base.Throwables.propagateIfPossible(Throwable, Class)
18:00:11.731 | INFO  | Finished (in 1.415 sec): method com.google.common.base.Throwables.propagateIfPossible(Throwable, Class) 
<StatsForMethod> :
	#generatedTC=0
	FAILED 1 time(s) with 1 different exception(s)"
18:00:11.781 | DEBUG |  ... 
18:00:11.781 | INFO  | Started: method com.google.common.base.Throwables.propagateIfPossible(Throwable)
18:00:11.781 | INFO  |  -- Remaining time budget: 15064 ms, #remaining_methods: 12, budget for method: 1255 ms, solver timeout: 627 ms, budget for symbolic execution: 628 ms, budget for concrete execution: 627 ms,  -- 
18:00:11.790 | DEBUG | --new testCase collected, to generate: testCom.google.common.base.Throwables.propagateIfPossible(Throwable)1
18:00:11.903 | DEBUG | --new testCase collected, to generate: testCom.google.common.base.Throwables.propagateIfPossible(Throwable)2
18:00:12.410 | INFO  | |> Starting concrete execution for remaining state: com.google.common.base.Throwables.propagateIfPossible(Throwable)
18:00:12.476 | DEBUG | --new testCase collected, to generate: testCom.google.common.base.Throwables.propagateIfPossible(Throwable)3
18:00:12.609 | DEBUG | --new testCase collected, to generate: testCom.google.common.base.Throwables.propagateIfPossible(Throwable)4
18:00:12.789 | DEBUG | --new testCase collected, to generate: testCom.google.common.base.Throwables.propagateIfPossible(Throwable)5
18:00:12.790 | INFO  | Finished (in 1.008 sec): method com.google.common.base.Throwables.propagateIfPossible(Throwable) 
<StatsForMethod> :
	#generatedTC=5
	WITH NO EXCEPTIONS
18:00:12.814 | DEBUG |  ... 
18:00:12.815 | INFO  | Started: method com.google.common.base.Throwables.getCauseAs(Throwable, Class)
18:00:12.815 | INFO  |  -- Remaining time budget: 14030 ms, #remaining_methods: 11, budget for method: 1275 ms, solver timeout: 637 ms, budget for symbolic execution: 638 ms, budget for concrete execution: 637 ms,  -- 
18:00:12.821 | ERROR | Symbolic execution FAILED
com.huawei.utbot.instrumentation.util.ChildProcessError: Error in the child process |> java.lang.IllegalAccessException: java.lang.Class
	at sun.misc.Unsafe.allocateInstance(Native Method)
	at com.huawei.utbot.framework.util.EngineUtilsKt.getAnyInstance(EngineUtils.kt:61)
	at com.huawei.utbot.framework.concrete.MockValueConstructor.constructObject(MockValueConstructor.kt:158)
	at com.huawei.utbot.framework.concrete.MockValueConstructor.construct(MockValueConstructor.kt:124)
	at com.huawei.utbot.framework.concrete.MockValueConstructor.constructMethodParameters(MockValueConstructor.kt:101)
	at com.huawei.utbot.framework.concrete.UtExecutionInstrumentation.invoke(UtExecutionInstrumentation.kt:126)
	at com.huawei.utbot.framework.concrete.UtExecutionInstrumentation.invoke(UtExecutionInstrumentation.kt:96)
	at com.huawei.utbot.instrumentation.process.ChildProcessKt.loop(ChildProcess.kt:114)
	at com.huawei.utbot.instrumentation.process.ChildProcessKt.main(ChildProcess.kt:76)
	at com.huawei.utbot.instrumentation.process.ChildProcessKt.main(ChildProcess.kt)

	at com.huawei.utbot.instrumentation.ConcreteExecutor.executeAsync(ConcreteExecutor.kt:391) ~[utbot-junit-contest-1.0.jar:?]
	at com.huawei.utbot.engine.UtBotSymbolicEngineKt.executeConcretely(UtBotSymbolicEngine.kt:3203) ~[utbot-junit-contest-1.0.jar:?]
	at com.huawei.utbot.engine.UtBotSymbolicEngine$fuzzing$1.invokeSuspend(UtBotSymbolicEngine.kt:515) [utbot-junit-contest-1.0.jar:?]
	at com.huawei.utbot.engine.UtBotSymbolicEngine$fuzzing$1.invoke(UtBotSymbolicEngine.kt) [utbot-junit-contest-1.0.jar:?]
	at kotlinx.coroutines.flow.SafeFlow.collectSafely(Builders.kt:61) [utbot-junit-contest-1.0.jar:?]
	at kotlinx.coroutines.flow.AbstractFlow.collect(Flow.kt:212) [utbot-junit-contest-1.0.jar:?]
	at kotlinx.coroutines.flow.FlowKt__MergeKt$flattenConcat$$inlined$unsafeFlow$1$lambda$1.emit(Collect.kt:134) [utbot-junit-contest-1.0.jar:?]
	at kotlinx.coroutines.flow.FlowKt__BuildersKt$flowOf$$inlined$unsafeFlow$1.collect(SafeCollector.common.kt:114) [utbot-junit-contest-1.0.jar:?]
	at kotlinx.coroutines.flow.FlowKt__MergeKt$flattenConcat$$inlined$unsafeFlow$1.collect(SafeCollector.common.kt:114) [utbot-junit-contest-1.0.jar:?]
	at com.huawei.utbot.contest.ContestKt$runGeneration$1$invokeSuspend$$inlined$bracket$lambda$1$1.invokeSuspend(Contest.kt:531) [utbot-junit-contest-1.0.jar:?]
	at kotlin.coroutines.jvm.internal.BaseContinuationImpl.resumeWith(ContinuationImpl.kt:33) [utbot-junit-contest-1.0.jar:?]
	at kotlinx.coroutines.DispatchedTask.run(DispatchedTask.kt:106) [utbot-junit-contest-1.0.jar:?]
	at java.util.concurrent.Executors$RunnableAdapter.call(Executors.java:511) [?:1.8.0_312]
	at java.util.concurrent.FutureTask.run(FutureTask.java:266) [?:1.8.0_312]
	at java.util.concurrent.ScheduledThreadPoolExecutor$ScheduledFutureTask.access$201(ScheduledThreadPoolExecutor.java:180) [?:1.8.0_312]
	at java.util.concurrent.ScheduledThreadPoolExecutor$ScheduledFutureTask.run(ScheduledThreadPoolExecutor.java:293) [?:1.8.0_312]
	at java.util.concurrent.ThreadPoolExecutor.runWorker(ThreadPoolExecutor.java:1149) [?:1.8.0_312]
	at java.util.concurrent.ThreadPoolExecutor$Worker.run(ThreadPoolExecutor.java:624) [?:1.8.0_312]
	at java.lang.Thread.run(Thread.java:748) [?:1.8.0_312]
18:00:12.924 | DEBUG | --new testCase collected, to generate: testCom.google.common.base.Throwables.getCauseAs(Throwable, Class)1
18:00:13.329 | DEBUG | --new testCase collected, to generate: testCom.google.common.base.Throwables.getCauseAs(Throwable, Class)2
18:00:13.423 | DEBUG | --new testCase collected, to generate: testCom.google.common.base.Throwables.getCauseAs(Throwable, Class)3
18:00:13.453 | INFO  | |> Starting concrete execution for remaining state: com.google.common.base.Throwables.getCauseAs(Throwable, Class)
18:00:13.975 | DEBUG | --new testCase collected, to generate: testCom.google.common.base.Throwables.getCauseAs(Throwable, Class)4
18:00:14.091 | INFO  | (X) Cancelling concrete execution: com.google.common.base.Throwables.getCauseAs(Throwable, Class)
18:00:14.225 | INFO  | Finished (in 1.409 sec): method com.google.common.base.Throwables.getCauseAs(Throwable, Class) 
<StatsForMethod> :
	#generatedTC=4
	FAILED 1 time(s) with 1 different exception(s)"
18:00:14.259 | DEBUG |  ... 
18:00:14.260 | INFO  | Started: method com.google.common.base.Throwables.getStackTraceAsString(Throwable)
18:00:14.260 | INFO  |  -- Remaining time budget: 12585 ms, #remaining_methods: 10, budget for method: 1258 ms, solver timeout: 629 ms, budget for symbolic execution: 629 ms, budget for concrete execution: 629 ms,  -- 
18:00:14.271 | DEBUG | --new testCase collected, to generate: testCom.google.common.base.Throwables.getStackTraceAsString(Throwable)1
18:00:14.889 | INFO  | |> Starting concrete execution for remaining state: com.google.common.base.Throwables.getStackTraceAsString(Throwable)
18:00:15.049 | DEBUG | --new testCase collected, to generate: testCom.google.common.base.Throwables.getStackTraceAsString(Throwable)2
18:00:15.049 | INFO  | Finished (in 0.789 sec): method com.google.common.base.Throwables.getStackTraceAsString(Throwable) 
<StatsForMethod> :
	#generatedTC=2
	WITH NO EXCEPTIONS
18:00:15.088 | DEBUG |  ... 
18:00:15.089 | INFO  | Started: method com.google.common.base.Throwables.lazyStackTrace(Throwable)
18:00:15.089 | INFO  |  -- Remaining time budget: 11756 ms, #remaining_methods: 9, budget for method: 1306 ms, solver timeout: 653 ms, budget for symbolic execution: 653 ms, budget for concrete execution: 653 ms,  -- 
18:00:15.742 | INFO  | |> Starting concrete execution for remaining state: com.google.common.base.Throwables.lazyStackTrace(Throwable)
18:00:16.396 | INFO  | (X) Cancelling concrete execution: com.google.common.base.Throwables.lazyStackTrace(Throwable)
18:00:16.397 | INFO  | Finished (in 1.308 sec): method com.google.common.base.Throwables.lazyStackTrace(Throwable) 
<StatsForMethod> : SUSPICIOUS
	#generatedTC=0
	WITH NO EXCEPTIONS
18:00:16.480 | DEBUG |  ... 
18:00:16.481 | INFO  | Started: method com.google.common.base.Throwables.lazyStackTraceIsLazy()
18:00:16.482 | INFO  |  -- Remaining time budget: 10364 ms, #remaining_methods: 8, budget for method: 1295 ms, solver timeout: 647 ms, budget for symbolic execution: 648 ms, budget for concrete execution: 647 ms,  -- 
18:00:16.486 | DEBUG | --new testCase collected, to generate: testCom.google.common.base.Throwables.lazyStackTraceIsLazy()1
18:00:17.130 | INFO  | |> Starting concrete execution for remaining state: com.google.common.base.Throwables.lazyStackTraceIsLazy()
18:00:17.777 | INFO  | (X) Cancelling concrete execution: com.google.common.base.Throwables.lazyStackTraceIsLazy()
18:00:17.788 | INFO  | Finished (in 1.306 sec): method com.google.common.base.Throwables.lazyStackTraceIsLazy() 
<StatsForMethod> :
	#generatedTC=1
	WITH NO EXCEPTIONS
18:00:17.874 | DEBUG |  ... 
18:00:17.875 | INFO  | Started: method com.google.common.base.Throwables.jlaStackTrace(Throwable)
18:00:17.875 | INFO  |  -- Remaining time budget: 8970 ms, #remaining_methods: 7, budget for method: 1281 ms, solver timeout: 640 ms, budget for symbolic execution: 641 ms, budget for concrete execution: 640 ms,  -- 
18:00:18.116 | INFO  | Finished (in 0.241 sec): method com.google.common.base.Throwables.jlaStackTrace(Throwable) 
<StatsForMethod> : SUSPICIOUS
	#generatedTC=0
	WITH NO EXCEPTIONS
18:00:18.129 | DEBUG |  ... 
18:00:18.130 | INFO  | Started: method com.google.common.base.Throwables.invokeAccessibleNonThrowingMethod(Method, Object, Object[])
18:00:18.130 | INFO  |  -- Remaining time budget: 8716 ms, #remaining_methods: 6, budget for method: 1452 ms, solver timeout: 726 ms, budget for symbolic execution: 726 ms, budget for concrete execution: 726 ms,  -- 
18:00:18.146 | ERROR | Symbolic execution FAILED
com.huawei.utbot.instrumentation.util.ReadingFromKryoException: Failure reading from kryo
	at com.huawei.utbot.instrumentation.ConcreteExecutor.executeAsync(ConcreteExecutor.kt:392) ~[utbot-junit-contest-1.0.jar:?]
	at com.huawei.utbot.instrumentation.ConcreteExecutor$executeAsync$1.invokeSuspend(ConcreteExecutor.kt) ~[utbot-junit-contest-1.0.jar:?]
	at kotlin.coroutines.jvm.internal.BaseContinuationImpl.resumeWith(ContinuationImpl.kt:33) [utbot-junit-contest-1.0.jar:?]
	at kotlinx.coroutines.DispatchedTask.run(DispatchedTask.kt:106) [utbot-junit-contest-1.0.jar:?]
	at java.util.concurrent.Executors$RunnableAdapter.call(Executors.java:511) [?:1.8.0_312]
	at java.util.concurrent.FutureTask.run(FutureTask.java:266) [?:1.8.0_312]
	at java.util.concurrent.ScheduledThreadPoolExecutor$ScheduledFutureTask.access$201(ScheduledThreadPoolExecutor.java:180) [?:1.8.0_312]
	at java.util.concurrent.ScheduledThreadPoolExecutor$ScheduledFutureTask.run(ScheduledThreadPoolExecutor.java:293) [?:1.8.0_312]
	at java.util.concurrent.ThreadPoolExecutor.runWorker(ThreadPoolExecutor.java:1149) [?:1.8.0_312]
	at java.util.concurrent.ThreadPoolExecutor$Worker.run(ThreadPoolExecutor.java:624) [?:1.8.0_312]
	at java.lang.Thread.run(Thread.java:748) [?:1.8.0_312]
Caused by: com.esotericsoftware.kryo.KryoException: Encountered unregistered class ID: 30
	at com.esotericsoftware.kryo.util.DefaultClassResolver.readClass(DefaultClassResolver.java:159) ~[utbot-junit-contest-1.0.jar:?]
	at com.esotericsoftware.kryo.Kryo.readClass(Kryo.java:758) ~[utbot-junit-contest-1.0.jar:?]
	at com.esotericsoftware.kryo.Kryo.readClassAndObject(Kryo.java:869) ~[utbot-junit-contest-1.0.jar:?]
	at com.huawei.utbot.instrumentation.util.KryoHelper.readCommand(KryoHelper.kt:46) ~[utbot-junit-contest-1.0.jar:?]
	at com.huawei.utbot.instrumentation.ConcreteExecutor$restartIfNeeded$$inlined$bracket$lambda$1$1$1.invokeSuspend(ConcreteExecutor.kt:256) ~[utbot-junit-contest-1.0.jar:?]
	at kotlin.coroutines.jvm.internal.BaseContinuationImpl.resumeWith(ContinuationImpl.kt:33) ~[utbot-junit-contest-1.0.jar:?]
	at kotlinx.coroutines.DispatchedTask.run(DispatchedTask.kt:106) ~[utbot-junit-contest-1.0.jar:?]
	at kotlinx.coroutines.EventLoopImplBase.processNextEvent(EventLoop.common.kt:274) ~[utbot-junit-contest-1.0.jar:?]
	at kotlinx.coroutines.BlockingCoroutine.joinBlocking(Builders.kt:84) ~[utbot-junit-contest-1.0.jar:?]
	at kotlinx.coroutines.BuildersKt__BuildersKt.runBlocking(Builders.kt:59) ~[utbot-junit-contest-1.0.jar:?]
	at kotlinx.coroutines.BuildersKt.runBlocking(Unknown Source) ~[utbot-junit-contest-1.0.jar:?]
	at kotlinx.coroutines.BuildersKt__BuildersKt.runBlocking$default(Builders.kt:38) ~[utbot-junit-contest-1.0.jar:?]
	at kotlinx.coroutines.BuildersKt.runBlocking$default(Unknown Source) ~[utbot-junit-contest-1.0.jar:?]
	at com.huawei.utbot.instrumentation.ConcreteExecutor$restartIfNeeded$$inlined$bracket$lambda$1$1.invoke(ConcreteExecutor.kt:253) ~[utbot-junit-contest-1.0.jar:?]
	at com.huawei.utbot.instrumentation.ConcreteExecutor$restartIfNeeded$$inlined$bracket$lambda$1$1.invoke(ConcreteExecutor.kt:101) ~[utbot-junit-contest-1.0.jar:?]
	at kotlin.concurrent.ThreadsKt$thread$thread$1.run(Thread.kt:30) ~[utbot-junit-contest-1.0.jar:?]
18:00:18.458 | DEBUG | --new testCase collected, to generate: testCom.google.common.base.Throwables.invokeAccessibleNonThrowingMethod(Method, Object, Object[])1
18:00:18.856 | INFO  | |> Starting concrete execution for remaining state: com.google.common.base.Throwables.invokeAccessibleNonThrowingMethod(Method, Object, Object[])
18:00:19.583 | INFO  | (X) Cancelling concrete execution: com.google.common.base.Throwables.invokeAccessibleNonThrowingMethod(Method, Object, Object[])
18:00:19.701 | INFO  | Finished (in 1.571 sec): method com.google.common.base.Throwables.invokeAccessibleNonThrowingMethod(Method, Object, Object[]) 
<StatsForMethod> :
	#generatedTC=1
	FAILED 1 time(s) with 1 different exception(s)"
18:00:19.720 | DEBUG |  ... 
18:00:19.721 | INFO  | Started: method com.google.common.base.Throwables.getJLA()
18:00:19.721 | INFO  |  -- Remaining time budget: 7124 ms, #remaining_methods: 5, budget for method: 1424 ms, solver timeout: 712 ms, budget for symbolic execution: 712 ms, budget for concrete execution: 712 ms,  -- 
18:00:20.433 | INFO  | |> Starting concrete execution for remaining state: com.google.common.base.Throwables.getJLA()
18:00:21.146 | INFO  | (X) Cancelling concrete execution: com.google.common.base.Throwables.getJLA()
18:00:21.162 | INFO  | Finished (in 1.441 sec): method com.google.common.base.Throwables.getJLA() 
<StatsForMethod> : SUSPICIOUS
	#generatedTC=0
	WITH NO EXCEPTIONS
18:00:21.210 | DEBUG |  ... 
18:00:21.210 | INFO  | Started: method com.google.common.base.Throwables.getGetMethod()
18:00:21.210 | INFO  |  -- Remaining time budget: 5635 ms, #remaining_methods: 4, budget for method: 1408 ms, solver timeout: 704 ms, budget for symbolic execution: 704 ms, budget for concrete execution: 704 ms,  -- 
18:00:21.254 | DEBUG | --new testCase collected, to generate: testCom.google.common.base.Throwables.getGetMethod()1
18:00:21.915 | INFO  | |> Starting concrete execution for remaining state: com.google.common.base.Throwables.getGetMethod()
18:00:22.620 | INFO  | (X) Cancelling concrete execution: com.google.common.base.Throwables.getGetMethod()
18:00:22.662 | INFO  | Finished (in 1.452 sec): method com.google.common.base.Throwables.getGetMethod() 
<StatsForMethod> :
	#generatedTC=1
	WITH NO EXCEPTIONS
18:00:22.766 | DEBUG |  ... 
18:00:22.766 | INFO  | Started: method com.google.common.base.Throwables.getSizeMethod()
18:00:22.766 | INFO  |  -- Remaining time budget: 4079 ms, #remaining_methods: 3, budget for method: 1359 ms, solver timeout: 679 ms, budget for symbolic execution: 680 ms, budget for concrete execution: 679 ms,  -- 
18:00:22.776 | DEBUG | --new testCase collected, to generate: testCom.google.common.base.Throwables.getSizeMethod()1
18:00:23.447 | INFO  | |> Starting concrete execution for remaining state: com.google.common.base.Throwables.getSizeMethod()
18:00:24.126 | INFO  | (X) Cancelling concrete execution: com.google.common.base.Throwables.getSizeMethod()
18:00:24.138 | INFO  | Finished (in 1.372 sec): method com.google.common.base.Throwables.getSizeMethod() 
<StatsForMethod> :
	#generatedTC=1
	WITH NO EXCEPTIONS
18:00:24.160 | DEBUG |  ... 
18:00:24.160 | INFO  | Started: method com.google.common.base.Throwables.getJlaMethod(String, Class)
18:00:24.160 | INFO  |  -- Remaining time budget: 2685 ms, #remaining_methods: 2, budget for method: 1342 ms, solver timeout: 671 ms, budget for symbolic execution: 671 ms, budget for concrete execution: 671 ms,  -- 
18:00:24.185 | DEBUG | --new testCase collected, to generate: testCom.google.common.base.Throwables.getJlaMethod(String, Class)1
18:00:24.832 | INFO  | |> Starting concrete execution for remaining state: com.google.common.base.Throwables.getJlaMethod(String, Class)
18:00:25.503 | INFO  | (X) Cancelling concrete execution: com.google.common.base.Throwables.getJlaMethod(String, Class)
18:00:25.520 | INFO  | Finished (in 1.360 sec): method com.google.common.base.Throwables.getJlaMethod(String, Class) 
<StatsForMethod> :
	#generatedTC=1
	WITH NO EXCEPTIONS
18:00:25.619 | DEBUG |  ... 
18:00:25.620 | INFO  | Started: method com.google.common.base.Throwables.<init>()
18:00:25.620 | INFO  |  -- Remaining time budget: 1226 ms, #remaining_methods: 1, budget for method: 1226 ms, solver timeout: 613 ms, budget for symbolic execution: 613 ms, budget for concrete execution: 613 ms,  -- 
18:00:25.625 | DEBUG | --new testCase collected, to generate: testCom.google.common.base.Throwables.<init>()1
18:00:25.647 | DEBUG | --new testCase collected, to generate: testCom.google.common.base.Throwables.<init>()2
18:00:25.647 | INFO  | Finished (in 0.027 sec): method com.google.common.base.Throwables.<init>() 
<StatsForMethod> :
	#generatedTC=2
	WITH NO EXCEPTIONS
18:00:25.653 | INFO  | Started: Flushing tests for [Throwables] on disk
18:00:25.919 | INFO  | File size for ThrowablesTest: 35 KB
18:00:25.920 | INFO  | Finished (in 0.267 sec): Flushing tests for [Throwables] on disk 
18:00:25.921 | INFO  | Finished (in 24.554 sec): class com.google.common.base.Throwables 
<StatsForClass> :
	canceled by timeout = false
	#methods = 20, 
	#methods started symbolic exploration = 20
	#methods with at least one TC = 15
	#methods with exceptions = 6
	#generated TC = 37
	#coverage = null
[READY]
