
>>> TOOL NAME:  utbot-mocks

>>> BENCHMARK:  SEATA-16

>>> RUN NUMBER: 3

>>> MODE: --only-compute-metrics
Creating directory ./temp
Creating directory ./temp/data
Creating directory ./temp/testcases
Executing /home/utbot_mocks/./runtool
>> BENCHMARK
>> /var/benchmarks/projects/seata/core/src/main/java
>> /var/benchmarks/projects/seata/core/target/classes
>> 18
>> /var/benchmarks/projects/seata/core/target/seata-core-0.5.0.jar
>> /var/benchmarks/projects/./seata/core/target/dependency/mockito-core-2.23.4.jar
>> /var/benchmarks/projects/seata/core/target/dependency/byte-buddy-agent-1.9.3.jar
>> /var/benchmarks/projects/seata/core/target/dependency/assertj-core-2.6.0.jar
>> /var/benchmarks/projects/seata/core/target/dependency/seata-common-0.5.0.jar
>> /var/benchmarks/projects/seata/core/target/dependency/byte-buddy-1.9.3.jar
>> /var/benchmarks/projects/seata/core/target/dependency/objenesis-2.6.jar
>> /var/benchmarks/projects/seata/core/target/dependency/seata-discovery-core-0.5.0.jar
>> /var/benchmarks/projects/seata/core/target/dependency/commons-pool2-2.4.2.jar
>> /var/benchmarks/projects/seata/core/target/dependency/junit-4.12.jar
>> /var/benchmarks/projects/seata/core/target/dependency/hamcrest-core-1.3.jar
>> /var/benchmarks/projects/seata/core/target/dependency/slf4j-api-1.7.22.jar
>> /var/benchmarks/projects/seata/core/target/dependency/seata-config-core-0.5.0.jar
>> /var/benchmarks/projects/seata/core/target/dependency/netty-all-4.1.24.Final.jar
>> /var/benchmarks/projects/seata/core/target/dependency/commons-lang-2.6.jar
>> /var/benchmarks/projects/seata/core/target/dependency/fastjson-1.2.48.jar
>> /var/benchmarks/projects/seata/core/target/dependency/config-1.2.1.jar
>> /var/benchmarks/projects/seata/core/target/dependency/commons-pool-1.6.jar
>> 0
expecting CLASSPATH or READY
<< CLASSPATH
expecting number
<< 0
<< READY
>> 30


### COMPUTING METRICS ###: io.seata.core.store.StoreMode


Starting class io.seata.core.store.StoreMode


Ending class io.seata.core.store.StoreMode
ERROR: Something went wrong! Consult log.txt for more infos!
java.io.FileNotFoundException: /home/utbot_mocks/results_utbot-mocks_30/SEATA-16_3/temp/testcases/timing.txt (Not a directory)
	at java.io.FileInputStream.open0(Native Method)
	at java.io.FileInputStream.open(FileInputStream.java:195)
	at java.io.FileInputStream.<init>(FileInputStream.java:138)
	at java.io.FileReader.<init>(FileReader.java:72)
	at sbst.benchmark.TranscriptWriter.readTimingFile(TranscriptWriter.java:215)
	at sbst.benchmark.TranscriptWriter.endClass(TranscriptWriter.java:127)
	at sbst.benchmark.RunTool.execute(RunTool.java:141)
	at sbst.benchmark.RunTool.run(RunTool.java:62)
	at sbst.benchmark.Main.main(Main.java:160)


Class io.seata.core.store.StoreMode ended.
Stopping process...
Tool subprocess is an instance of java.lang.UNIXProcess
Tool subprocess Id is 28385
Killing master process 28385
Executing command kill -9 28385
Execution of command kill -9 28385 finished.
Process was destroyed

>>> TOOL NAME:  utbot-mocks

>>> BENCHMARK:  GUAVA-260

>>> RUN NUMBER: 1

>>> MODE: --only-compute-metrics
Deleting file or directory ./temp/testcases
Deleting file or directory ./temp/utbot-1-err.log
Deleting file or directory ./temp/data
Deleting file or directory ./temp/utbot-runtool.log
Deleting file or directory ./temp/utbot-1-out.log
Deleting file or directory ./temp
Creating directory ./temp
Creating directory ./temp/data
Creating directory ./temp/testcases
Executing /home/utbot_mocks/./runtool
>> BENCHMARK
>> /var/benchmarks/projects/guava/guava/src
>> /var/benchmarks/projects/guava/guava/target/classes
>> 6
>> /var/benchmarks/projects/guava/guava/target/guava-26.0-jre.jar
>> /var/benchmarks/projects/./guava/guava/target/dependency/checker-qual-2.5.2.jar
>> /var/benchmarks/projects/guava/guava/target/dependency/error_prone_annotations-2.1.3.jar
>> /var/benchmarks/projects/guava/guava/target/dependency/j2objc-annotations-1.1.jar
>> /var/benchmarks/projects/guava/guava/target/dependency/jsr305-3.0.2.jar
>> /var/benchmarks/projects/guava/guava/target/dependency/animal-sniffer-annotations-1.14.jar
>> 0
expecting CLASSPATH or READY
<< CLASSPATH
expecting number
<< 0
<< READY
>> 30


### COMPUTING METRICS ###: com.google.common.collect.TreeRangeMap


Starting class com.google.common.collect.TreeRangeMap


Ending class com.google.common.collect.TreeRangeMap
Creating directory results_utbot-mocks_30/GUAVA-260_1/temp/testcases/bin
Creating dummy JUnit test file

---Compilation---

===
javac command line:
/usr/bin/javac -sourcepath /home/utbot_mocks/results_utbot-mocks_30/GUAVA-260_1/temp/testcases -cp /var/benchmarks/projects/guava/guava/target/guava-26.0-jre.jar:/var/benchmarks/projects/./guava/guava/target/dependency/checker-qual-2.5.2.jar:/var/benchmarks/projects/guava/guava/target/dependency/error_prone_annotations-2.1.3.jar:/var/benchmarks/projects/guava/guava/target/dependency/j2objc-annotations-1.1.jar:/var/benchmarks/projects/guava/guava/target/dependency/jsr305-3.0.2.jar:/var/benchmarks/projects/guava/guava/target/dependency/animal-sniffer-annotations-1.14.jar:/usr/local/bin/lib/junit.jar:/usr/local/bin/lib/hamcrest-core.jar -d results_utbot-mocks_30/GUAVA-260_1/temp/testcases/bin /home/utbot_mocks/results_utbot-mocks_30/GUAVA-260_1/temp/testcases/SBSTDummyForCoverageAndMutationCalculation.java


===
javac command line:
/usr/bin/javac -sourcepath /home/utbot_mocks/results_utbot-mocks_30/GUAVA-260_1/temp/testcases -cp /var/benchmarks/projects/guava/guava/target/guava-26.0-jre.jar:/var/benchmarks/projects/./guava/guava/target/dependency/checker-qual-2.5.2.jar:/var/benchmarks/projects/guava/guava/target/dependency/error_prone_annotations-2.1.3.jar:/var/benchmarks/projects/guava/guava/target/dependency/j2objc-annotations-1.1.jar:/var/benchmarks/projects/guava/guava/target/dependency/jsr305-3.0.2.jar:/var/benchmarks/projects/guava/guava/target/dependency/animal-sniffer-annotations-1.14.jar:/usr/local/bin/lib/junit.jar:/usr/local/bin/lib/hamcrest-core.jar -d results_utbot-mocks_30/GUAVA-260_1/temp/testcases/bin /home/utbot_mocks/results_utbot-mocks_30/GUAVA-260_1/temp/testcases/com/google/common/collect/TreeRangeMapTest.java

/home/utbot_mocks/results_utbot-mocks_30/GUAVA-260_1/temp/testcases/com/google/common/collect/TreeRangeMapTest.java:8: warning: Unsafe is internal proprietary API and may be removed in a future release
import sun.misc.Unsafe;
               ^
/home/utbot_mocks/results_utbot-mocks_30/GUAVA-260_1/temp/testcases/com/google/common/collect/TreeRangeMapTest.java:10: error: package org.mockito does not exist
import static org.mockito.Mockito.mock;
                         ^
/home/utbot_mocks/results_utbot-mocks_30/GUAVA-260_1/temp/testcases/com/google/common/collect/TreeRangeMapTest.java:10: error: static import only from classes and interfaces
import static org.mockito.Mockito.mock;
^
/home/utbot_mocks/results_utbot-mocks_30/GUAVA-260_1/temp/testcases/com/google/common/collect/TreeRangeMapTest.java:11: error: package org.mockito does not exist
import static org.mockito.Mockito.when;
                         ^
/home/utbot_mocks/results_utbot-mocks_30/GUAVA-260_1/temp/testcases/com/google/common/collect/TreeRangeMapTest.java:11: error: static import only from classes and interfaces
import static org.mockito.Mockito.when;
^
/home/utbot_mocks/results_utbot-mocks_30/GUAVA-260_1/temp/testcases/com/google/common/collect/TreeRangeMapTest.java:30: error: cannot find symbol
        Range rangeMock = mock(Range.class);
                          ^
  symbol:   method mock(Class<Range>)
  location: class TreeRangeMapTest
/home/utbot_mocks/results_utbot-mocks_30/GUAVA-260_1/temp/testcases/com/google/common/collect/TreeRangeMapTest.java:31: error: cannot find symbol
        when(rangeMock.isEmpty()).thenReturn(true);
        ^
  symbol:   method when(boolean)
  location: class TreeRangeMapTest
/home/utbot_mocks/results_utbot-mocks_30/GUAVA-260_1/temp/testcases/com/google/common/collect/TreeRangeMapTest.java:53: error: cannot find symbol
        Range rangeMock = mock(Range.class);
                          ^
  symbol:   method mock(Class<Range>)
  location: class TreeRangeMapTest
/home/utbot_mocks/results_utbot-mocks_30/GUAVA-260_1/temp/testcases/com/google/common/collect/TreeRangeMapTest.java:54: error: cannot find symbol
        when(rangeMock.isEmpty()).thenReturn(true);
        ^
  symbol:   method when(boolean)
  location: class TreeRangeMapTest
/home/utbot_mocks/results_utbot-mocks_30/GUAVA-260_1/temp/testcases/com/google/common/collect/TreeRangeMapTest.java:107: error: cannot find symbol
        RangeMap rangeMapMock = mock(RangeMap.class);
                                ^
  symbol:   method mock(Class<RangeMap>)
  location: class TreeRangeMapTest
/home/utbot_mocks/results_utbot-mocks_30/GUAVA-260_1/temp/testcases/com/google/common/collect/TreeRangeMapTest.java:108: error: cannot find symbol
        when(rangeMapMock.asMapOfRanges()).thenReturn(((java.util.Map) null));
        ^
  symbol:   method when(Map)
  location: class TreeRangeMapTest
/home/utbot_mocks/results_utbot-mocks_30/GUAVA-260_1/temp/testcases/com/google/common/collect/TreeRangeMapTest.java:166: warning: Unsafe is internal proprietary API and may be removed in a future release
    private static sun.misc.Unsafe getUnsafeInstance() throws Exception {
                           ^
/home/utbot_mocks/results_utbot-mocks_30/GUAVA-260_1/temp/testcases/com/google/common/collect/TreeRangeMapTest.java:167: warning: Unsafe is internal proprietary API and may be removed in a future release
        java.lang.reflect.Field f = sun.misc.Unsafe.class.getDeclaredField("theUnsafe");
                                            ^
/home/utbot_mocks/results_utbot-mocks_30/GUAVA-260_1/temp/testcases/com/google/common/collect/TreeRangeMapTest.java:169: warning: Unsafe is internal proprietary API and may be removed in a future release
        return (sun.misc.Unsafe) f.get(null);
                        ^
Note: /home/utbot_mocks/results_utbot-mocks_30/GUAVA-260_1/temp/testcases/com/google/common/collect/TreeRangeMapTest.java uses unchecked or unsafe operations.
Note: Recompile with -Xlint:unchecked for details.
10 errors
4 warnings
Failed to compile 'com/google/common/collect/TreeRangeMapTest.java'!
shaded.org.apache.commons.exec.ExecuteException: Process exited with an error: 1 (Exit value: 1)
	at shaded.org.apache.commons.exec.DefaultExecutor.executeInternal(DefaultExecutor.java:377)
	at shaded.org.apache.commons.exec.DefaultExecutor.execute(DefaultExecutor.java:160)
	at shaded.org.apache.commons.exec.DefaultExecutor.execute(DefaultExecutor.java:147)
	at sbst.benchmark.TestSuite.compile(TestSuite.java:250)
	at sbst.benchmark.TestSuite.<init>(TestSuite.java:68)
	at sbst.benchmark.TranscriptWriter.endClass(TranscriptWriter.java:136)
	at sbst.benchmark.RunTool.execute(RunTool.java:141)
	at sbst.benchmark.RunTool.run(RunTool.java:62)
	at sbst.benchmark.Main.main(Main.java:160)

---Timing Information---
Running tests with the following classpath: 
/var/benchmarks/projects/guava/guava/target/guava-26.0-jre.jar:/var/benchmarks/projects/./guava/guava/target/dependency/checker-qual-2.5.2.jar:/var/benchmarks/projects/guava/guava/target/dependency/error_prone_annotations-2.1.3.jar:/var/benchmarks/projects/guava/guava/target/dependency/j2objc-annotations-1.1.jar:/var/benchmarks/projects/guava/guava/target/dependency/jsr305-3.0.2.jar:/var/benchmarks/projects/guava/guava/target/dependency/animal-sniffer-annotations-1.14.jar:/usr/local/bin/lib/junit.jar:/usr/local/bin/lib/hamcrest-core.jar:/home/utbot_mocks/results_utbot-mocks_30/GUAVA-260_1/temp/testcases/bin
Running the tests: [SBSTDummyForCoverageAndMutationCalculation]
Executions terminated

---The tests are re-executed other four times to find the flaky ones---
Running the tests: [SBSTDummyForCoverageAndMutationCalculation]
Executions terminated
Running the tests: [SBSTDummyForCoverageAndMutationCalculation]
Executions terminated
Running the tests: [SBSTDummyForCoverageAndMutationCalculation]
Executions terminated
Running the tests: [SBSTDummyForCoverageAndMutationCalculation]
Executions terminated

=== Run Jacoco for Coverage ===
Number of instrumented file = 2323
Running tests with the following classpath: 
/home/utbot_mocks/results_utbot-mocks_30/GUAVA-260_1/temp/testcases/guava-26.0-jre_instrumented.jar:/home/utbot_mocks/results_utbot-mocks_30/GUAVA-260_1/temp/testcases/checker-qual-2.5.2_instrumented.jar:/home/utbot_mocks/results_utbot-mocks_30/GUAVA-260_1/temp/testcases/error_prone_annotations-2.1.3_instrumented.jar:/home/utbot_mocks/results_utbot-mocks_30/GUAVA-260_1/temp/testcases/j2objc-annotations-1.1_instrumented.jar:/home/utbot_mocks/results_utbot-mocks_30/GUAVA-260_1/temp/testcases/jsr305-3.0.2_instrumented.jar:/home/utbot_mocks/results_utbot-mocks_30/GUAVA-260_1/temp/testcases/animal-sniffer-annotations-1.14_instrumented.jar:/usr/local/bin/lib/hamcrest-core.jar:/usr/local/bin/lib/junit.jar:/home/utbot_mocks/results_utbot-mocks_30/GUAVA-260_1/temp/testcases/bin
Running the tests: [SBSTDummyForCoverageAndMutationCalculation]
Executions terminated
Number of file with coverage information = 1951
Extracted coverage data for the class com/google/common/collect/TreeRangeMap
Number of file with coverage information = 302
Number of file with coverage information = 22
Number of file with coverage information = 12
Number of file with coverage information = 35
Number of file with coverage information = 1

=== Run PIT ===
Matching Jacoco with PIT: find covered mutations
Executing Mutation Analysis using 47 mutants 

>>> RESULTS:
	Tool name: utbot-mocks
	Benchmark: GUAVA-260
	Class Under Test: com.google.common.collect.TreeRangeMap
	Run number: 1
	Tool preparation time (ms): 12711
	Tool test cases generation time (ms): 5885
	Test cases execution time (ms): 10
	Test case number: 8
	Uncompilable Test Classes: 1
	Broken tests number: 0
	Failing tests number: 0
	Lines total: 86
	Lines covered: 0
	Lines coverage ratio (%): 0.0
	Conditions total: 36
	Conditions covered: 0
	Conditions coverage ratio (%): 0.0
	Mutants total: 47
	Mutants covered: 0
	Mutants coverage ratio (%): 0.0
	Mutants killed: 0
	Mutants killed ratio (%): 0.0
	Mutants alive: 47


Class com.google.common.collect.TreeRangeMap ended.
Stopping process...
Tool subprocess is an instance of java.lang.UNIXProcess
Tool subprocess Id is 28522
Killing master process 28522
Executing command kill -9 28522
Execution of command kill -9 28522 finished.
Process was destroyed
