Started UtBot Contest, classfileDir = /var/benchmarks/projects/seata/core/target/classes, classpathString=/var/benchmarks/projects/seata/core/target/classes:/var/benchmarks/projects/seata/core/target/seata-core-0.5.0.jar:/var/benchmarks/projects/./seata/core/target/dependency/mockito-core-2.23.4.jar:/var/benchmarks/projects/seata/core/target/dependency/byte-buddy-agent-1.9.3.jar:/var/benchmarks/projects/seata/core/target/dependency/assertj-core-2.6.0.jar:/var/benchmarks/projects/seata/core/target/dependency/seata-common-0.5.0.jar:/var/benchmarks/projects/seata/core/target/dependency/byte-buddy-1.9.3.jar:/var/benchmarks/projects/seata/core/target/dependency/objenesis-2.6.jar:/var/benchmarks/projects/seata/core/target/dependency/seata-discovery-core-0.5.0.jar:/var/benchmarks/projects/seata/core/target/dependency/commons-pool2-2.4.2.jar:/var/benchmarks/projects/seata/core/target/dependency/junit-4.12.jar:/var/benchmarks/projects/seata/core/target/dependency/hamcrest-core-1.3.jar:/var/benchmarks/projects/seata/core/target/dependency/slf4j-api-1.7.22.jar:/var/benchmarks/projects/seata/core/target/dependency/seata-config-core-0.5.0.jar:/var/benchmarks/projects/seata/core/target/dependency/netty-all-4.1.24.Final.jar:/var/benchmarks/projects/seata/core/target/dependency/commons-lang-2.6.jar:/var/benchmarks/projects/seata/core/target/dependency/fastjson-1.2.48.jar:/var/benchmarks/projects/seata/core/target/dependency/config-1.2.1.jar:/var/benchmarks/projects/seata/core/target/dependency/commons-pool-1.6.jar, outputDir=/home/utbot_mocks/temp/testcases, mocks=Other classes: Mockito
01:03:54.387 | INFO  | Started: warmup: kotlin reflection :: init
01:03:54.462 | INFO  | Finished (in 0.075 sec): warmup: kotlin reflection :: init 
[INIT]
>> [RUN] io.seata.core.protocol.MergedWarpMessage 120
01:03:54.478 | DEBUG | -----------------------------------------------------------------------------
01:03:54.478 | INFO  | Contest.runGeneration: Time budget: 120000 ms, Generation timeout=102000 ms, classpath=/var/benchmarks/projects/seata/core/target/classes:/var/benchmarks/projects/seata/core/target/seata-core-0.5.0.jar:/var/benchmarks/projects/./seata/core/target/dependency/mockito-core-2.23.4.jar:/var/benchmarks/projects/seata/core/target/dependency/byte-buddy-agent-1.9.3.jar:/var/benchmarks/projects/seata/core/target/dependency/assertj-core-2.6.0.jar:/var/benchmarks/projects/seata/core/target/dependency/seata-common-0.5.0.jar:/var/benchmarks/projects/seata/core/target/dependency/byte-buddy-1.9.3.jar:/var/benchmarks/projects/seata/core/target/dependency/objenesis-2.6.jar:/var/benchmarks/projects/seata/core/target/dependency/seata-discovery-core-0.5.0.jar:/var/benchmarks/projects/seata/core/target/dependency/commons-pool2-2.4.2.jar:/var/benchmarks/projects/seata/core/target/dependency/junit-4.12.jar:/var/benchmarks/projects/seata/core/target/dependency/hamcrest-core-1.3.jar:/var/benchmarks/projects/seata/core/target/dependency/slf4j-api-1.7.22.jar:/var/benchmarks/projects/seata/core/target/dependency/seata-config-core-0.5.0.jar:/var/benchmarks/projects/seata/core/target/dependency/netty-all-4.1.24.Final.jar:/var/benchmarks/projects/seata/core/target/dependency/commons-lang-2.6.jar:/var/benchmarks/projects/seata/core/target/dependency/fastjson-1.2.48.jar:/var/benchmarks/projects/seata/core/target/dependency/config-1.2.1.jar:/var/benchmarks/projects/seata/core/target/dependency/commons-pool-1.6.jar, methodNameFilter=null
01:03:54.480 | INFO  | ClassUnderTest[ FQN: io.seata.core.protocol.MergedWarpMessage
    classfileDir: /var/benchmarks/projects/seata/core/target/classes
    testClassSimpleName: MergedWarpMessageTest
    generatedTestFile: /home/utbot_mocks/temp/testcases/io/seata/core/protocol/MergedWarpMessageTest.java
    generatedTestsSourcesDir: /home/utbot_mocks/temp/testcases
]
01:03:54.514 | INFO  | Started: class io.seata.core.protocol.MergedWarpMessage
01:03:54.515 | INFO  | Started: preparation class class io.seata.core.protocol.MergedWarpMessage: kotlin reflection :: run
01:03:54.571 | INFO  | Finished (in 0.055 sec): preparation class class io.seata.core.protocol.MergedWarpMessage: kotlin reflection :: run 
01:03:54.572 | INFO  | Started: 2nd optional soot initialization
01:03:54.573 | INFO  | Finished (in 0.001 sec): 2nd optional soot initialization 
01:03:54.582 | DEBUG |  ... 
01:03:54.595 | INFO  | Started: method io.seata.core.protocol.MergedWarpMessage.toString()
01:03:54.599 | INFO  |  -- Remaining time budget: 101895 ms, #remaining_methods: 6, budget for method: 16982 ms, solver timeout: 1000 ms, budget for symbolic execution: 15782 ms, budget for concrete execution: 1200 ms,  -- 
01:03:54.930 | DEBUG | --new testCase collected, to generate: testIo.seata.core.protocol.MergedWarpMessage.toString()1
01:03:55.453 | DEBUG | --new testCase collected, to generate: testIo.seata.core.protocol.MergedWarpMessage.toString()2
01:03:57.668 | DEBUG | --new testCase collected, to generate: testIo.seata.core.protocol.MergedWarpMessage.toString()3
01:03:58.139 | DEBUG | --new testCase collected, to generate: testIo.seata.core.protocol.MergedWarpMessage.toString()4
01:03:58.284 | DEBUG | --new testCase collected, to generate: testIo.seata.core.protocol.MergedWarpMessage.toString()5
01:04:10.692 | INFO  | |> Starting concrete execution for remaining state: io.seata.core.protocol.MergedWarpMessage.toString()
01:04:11.894 | INFO  | (X) Cancelling concrete execution: io.seata.core.protocol.MergedWarpMessage.toString()
01:04:11.918 | INFO  | Finished (in 17.323 sec): method io.seata.core.protocol.MergedWarpMessage.toString() 
<StatsForMethod> :
	#generatedTC=5
	WITH NO EXCEPTIONS
01:04:11.975 | DEBUG |  ... 
01:04:11.977 | INFO  | Started: method io.seata.core.protocol.MergedWarpMessage.decode(ByteBuf)
01:04:11.977 | INFO  |  -- Remaining time budget: 84503 ms, #remaining_methods: 5, budget for method: 16900 ms, solver timeout: 1000 ms, budget for symbolic execution: 15700 ms, budget for concrete execution: 1200 ms,  -- 
01:04:11.993 | DEBUG | --new testCase collected, to generate: testIo.seata.core.protocol.MergedWarpMessage.decode(ByteBuf)1
01:04:12.024 | DEBUG | --new testCase collected, to generate: testIo.seata.core.protocol.MergedWarpMessage.decode(ByteBuf)2
01:04:12.063 | DEBUG | --new testCase collected, to generate: testIo.seata.core.protocol.MergedWarpMessage.decode(ByteBuf)3
01:04:12.090 | DEBUG | --new testCase collected, to generate: testIo.seata.core.protocol.MergedWarpMessage.decode(ByteBuf)4
01:04:12.102 | DEBUG | --new testCase collected, to generate: testIo.seata.core.protocol.MergedWarpMessage.decode(ByteBuf)5
01:04:12.201 | DEBUG | --new testCase collected, to generate: testIo.seata.core.protocol.MergedWarpMessage.decode(ByteBuf)6
01:04:12.245 | DEBUG | --new testCase collected, to generate: testIo.seata.core.protocol.MergedWarpMessage.decode(ByteBuf)7
01:04:12.269 | DEBUG | --new testCase collected, to generate: testIo.seata.core.protocol.MergedWarpMessage.decode(ByteBuf)8
01:04:12.293 | DEBUG | --new testCase collected, to generate: testIo.seata.core.protocol.MergedWarpMessage.decode(ByteBuf)9
01:04:12.294 | INFO  | Finished (in 0.317 sec): method io.seata.core.protocol.MergedWarpMessage.decode(ByteBuf) 
<StatsForMethod> :
	#generatedTC=9
	WITH NO EXCEPTIONS
01:04:12.308 | DEBUG |  ... 
01:04:12.309 | INFO  | Started: method io.seata.core.protocol.MergedWarpMessage.encode()
01:04:12.310 | INFO  |  -- Remaining time budget: 84170 ms, #remaining_methods: 4, budget for method: 21042 ms, solver timeout: 1000 ms, budget for symbolic execution: 19842 ms, budget for concrete execution: 1200 ms,  -- 
01:04:12.318 | DEBUG | --new testCase collected, to generate: testIo.seata.core.protocol.MergedWarpMessage.encode()1
01:04:12.353 | DEBUG | --new testCase collected, to generate: testIo.seata.core.protocol.MergedWarpMessage.encode()2
01:04:13.060 | DEBUG | --new testCase collected, to generate: testIo.seata.core.protocol.MergedWarpMessage.encode()3
01:04:13.755 | DEBUG | --new testCase collected, to generate: testIo.seata.core.protocol.MergedWarpMessage.encode()4
01:04:14.701 | DEBUG | --new testCase collected, to generate: testIo.seata.core.protocol.MergedWarpMessage.encode()5
01:04:14.828 | DEBUG | --new testCase collected, to generate: testIo.seata.core.protocol.MergedWarpMessage.encode()6
01:04:17.243 | ERROR | Symbolic execution FAILED
com.huawei.utbot.instrumentation.util.ReadingFromKryoException: Failure reading from kryo
	at com.huawei.utbot.instrumentation.ConcreteExecutor.executeAsync(ConcreteExecutor.kt:392) ~[utbot-junit-contest-1.0.jar:?]
	at com.huawei.utbot.instrumentation.ConcreteExecutor$executeAsync$1.invokeSuspend(ConcreteExecutor.kt) ~[utbot-junit-contest-1.0.jar:?]
	at kotlin.coroutines.jvm.internal.BaseContinuationImpl.resumeWith(ContinuationImpl.kt:33) [utbot-junit-contest-1.0.jar:?]
	at kotlinx.coroutines.DispatchedTask.run(DispatchedTask.kt:106) [utbot-junit-contest-1.0.jar:?]
	at java.util.concurrent.Executors$RunnableAdapter.call(Executors.java:511) [?:1.8.0_312]
	at java.util.concurrent.FutureTask.run(FutureTask.java:266) [?:1.8.0_312]
	at java.util.concurrent.ScheduledThreadPoolExecutor$ScheduledFutureTask.access$201(ScheduledThreadPoolExecutor.java:180) [?:1.8.0_312]
	at java.util.concurrent.ScheduledThreadPoolExecutor$ScheduledFutureTask.run(ScheduledThreadPoolExecutor.java:293) [?:1.8.0_312]
	at java.util.concurrent.ThreadPoolExecutor.runWorker(ThreadPoolExecutor.java:1149) [?:1.8.0_312]
	at java.util.concurrent.ThreadPoolExecutor$Worker.run(ThreadPoolExecutor.java:624) [?:1.8.0_312]
	at java.lang.Thread.run(Thread.java:748) [?:1.8.0_312]
Caused by: com.esotericsoftware.kryo.KryoException: Buffer underflow.
	at com.esotericsoftware.kryo.io.Input.require(Input.java:219) ~[utbot-junit-contest-1.0.jar:?]
	at com.esotericsoftware.kryo.io.Input.readVarLong(Input.java:570) ~[utbot-junit-contest-1.0.jar:?]
	at com.esotericsoftware.kryo.serializers.DefaultSerializers$LongSerializer.read(DefaultSerializers.java:131) ~[utbot-junit-contest-1.0.jar:?]
	at com.esotericsoftware.kryo.serializers.DefaultSerializers$LongSerializer.read(DefaultSerializers.java:125) ~[utbot-junit-contest-1.0.jar:?]
	at com.esotericsoftware.kryo.Kryo.readObject(Kryo.java:774) ~[utbot-junit-contest-1.0.jar:?]
	at com.huawei.utbot.instrumentation.util.KryoHelper.readLong(KryoHelper.kt:36) ~[utbot-junit-contest-1.0.jar:?]
	at com.huawei.utbot.instrumentation.ConcreteExecutor$restartIfNeeded$$inlined$bracket$lambda$1$1$1.invokeSuspend(ConcreteExecutor.kt:256) ~[utbot-junit-contest-1.0.jar:?]
	at kotlin.coroutines.jvm.internal.BaseContinuationImpl.resumeWith(ContinuationImpl.kt:33) ~[utbot-junit-contest-1.0.jar:?]
	at kotlinx.coroutines.DispatchedTask.run(DispatchedTask.kt:106) ~[utbot-junit-contest-1.0.jar:?]
	at kotlinx.coroutines.EventLoopImplBase.processNextEvent(EventLoop.common.kt:274) ~[utbot-junit-contest-1.0.jar:?]
	at kotlinx.coroutines.BlockingCoroutine.joinBlocking(Builders.kt:84) ~[utbot-junit-contest-1.0.jar:?]
	at kotlinx.coroutines.BuildersKt__BuildersKt.runBlocking(Builders.kt:59) ~[utbot-junit-contest-1.0.jar:?]
	at kotlinx.coroutines.BuildersKt.runBlocking(Unknown Source) ~[utbot-junit-contest-1.0.jar:?]
	at kotlinx.coroutines.BuildersKt__BuildersKt.runBlocking$default(Builders.kt:38) ~[utbot-junit-contest-1.0.jar:?]
	at kotlinx.coroutines.BuildersKt.runBlocking$default(Unknown Source) ~[utbot-junit-contest-1.0.jar:?]
	at com.huawei.utbot.instrumentation.ConcreteExecutor$restartIfNeeded$$inlined$bracket$lambda$1$1.invoke(ConcreteExecutor.kt:253) ~[utbot-junit-contest-1.0.jar:?]
	at com.huawei.utbot.instrumentation.ConcreteExecutor$restartIfNeeded$$inlined$bracket$lambda$1$1.invoke(ConcreteExecutor.kt:101) ~[utbot-junit-contest-1.0.jar:?]
	at kotlin.concurrent.ThreadsKt$thread$thread$1.run(Thread.kt:30) ~[utbot-junit-contest-1.0.jar:?]
01:04:19.086 | ERROR | Symbolic execution FAILED
com.huawei.utbot.instrumentation.util.ChildProcessError: Error in the child process |> java.lang.IllegalStateException: No field $__is_mock_null in class java.nio.ByteBuffer
	at com.huawei.utbot.framework.concrete.MethodMockController.<init>(MethodMockController.kt:38)
	at com.huawei.utbot.framework.concrete.MockValueConstructor.mockMethods(MockValueConstructor.kt:245)
	at com.huawei.utbot.framework.concrete.MockValueConstructor.mockStaticMethods(MockValueConstructor.kt:263)
	at com.huawei.utbot.framework.concrete.UtExecutionInstrumentation$invoke$$inlined$use$lambda$1.invoke(UtExecutionInstrumentation.kt:139)
	at com.huawei.utbot.framework.concrete.UtExecutionInstrumentation$invoke$$inlined$use$lambda$1.invoke(UtExecutionInstrumentation.kt:96)
	at com.huawei.utbot.framework.concrete.UtExecutionInstrumentation.withStaticFields(UtExecutionInstrumentation.kt:225)
	at com.huawei.utbot.framework.concrete.UtExecutionInstrumentation.invoke(UtExecutionInstrumentation.kt:137)
	at com.huawei.utbot.framework.concrete.UtExecutionInstrumentation.invoke(UtExecutionInstrumentation.kt:96)
	at com.huawei.utbot.instrumentation.process.ChildProcessKt.loop(ChildProcess.kt:114)
	at com.huawei.utbot.instrumentation.process.ChildProcessKt.main(ChildProcess.kt:76)
	at com.huawei.utbot.instrumentation.process.ChildProcessKt.main(ChildProcess.kt)

	at com.huawei.utbot.instrumentation.ConcreteExecutor.executeAsync(ConcreteExecutor.kt:391) ~[utbot-junit-contest-1.0.jar:?]
	at com.huawei.utbot.instrumentation.ConcreteExecutor$executeAsync$1.invokeSuspend(ConcreteExecutor.kt) ~[utbot-junit-contest-1.0.jar:?]
	at kotlin.coroutines.jvm.internal.BaseContinuationImpl.resumeWith(ContinuationImpl.kt:33) [utbot-junit-contest-1.0.jar:?]
	at kotlinx.coroutines.DispatchedTask.run(DispatchedTask.kt:106) [utbot-junit-contest-1.0.jar:?]
	at java.util.concurrent.Executors$RunnableAdapter.call(Executors.java:511) [?:1.8.0_312]
	at java.util.concurrent.FutureTask.run(FutureTask.java:266) [?:1.8.0_312]
	at java.util.concurrent.ScheduledThreadPoolExecutor$ScheduledFutureTask.access$201(ScheduledThreadPoolExecutor.java:180) [?:1.8.0_312]
	at java.util.concurrent.ScheduledThreadPoolExecutor$ScheduledFutureTask.run(ScheduledThreadPoolExecutor.java:293) [?:1.8.0_312]
	at java.util.concurrent.ThreadPoolExecutor.runWorker(ThreadPoolExecutor.java:1149) [?:1.8.0_312]
	at java.util.concurrent.ThreadPoolExecutor$Worker.run(ThreadPoolExecutor.java:624) [?:1.8.0_312]
	at java.lang.Thread.run(Thread.java:748) [?:1.8.0_312]
01:04:19.256 | ERROR | Symbolic execution FAILED ... <<stack trace duplicated>>
01:04:19.257 | INFO  | Finished (in 6.947 sec): method io.seata.core.protocol.MergedWarpMessage.encode() 
<StatsForMethod> :
	#generatedTC=6
	FAILED 3 time(s) with 2 different exception(s)"
01:04:19.429 | DEBUG |  ... 
01:04:19.430 | INFO  | Started: method io.seata.core.protocol.MergedWarpMessage.getTypeCode()
01:04:19.430 | INFO  |  -- Remaining time budget: 77050 ms, #remaining_methods: 3, budget for method: 25683 ms, solver timeout: 1000 ms, budget for symbolic execution: 24483 ms, budget for concrete execution: 1200 ms,  -- 
01:04:19.566 | DEBUG | --new testCase collected, to generate: testIo.seata.core.protocol.MergedWarpMessage.getTypeCode()1
01:04:19.591 | DEBUG | --new testCase collected, to generate: testIo.seata.core.protocol.MergedWarpMessage.getTypeCode()2
01:04:19.592 | INFO  | Finished (in 0.162 sec): method io.seata.core.protocol.MergedWarpMessage.getTypeCode() 
<StatsForMethod> :
	#generatedTC=2
	WITH NO EXCEPTIONS
01:04:19.593 | DEBUG |  ... 
01:04:19.593 | INFO  | Started: method io.seata.core.protocol.MergedWarpMessage.doDecode(ByteBuffer)
01:04:19.593 | INFO  |  -- Remaining time budget: 76886 ms, #remaining_methods: 2, budget for method: 38443 ms, solver timeout: 1000 ms, budget for symbolic execution: 37243 ms, budget for concrete execution: 1200 ms,  -- 
01:04:19.606 | DEBUG | --new testCase collected, to generate: testIo.seata.core.protocol.MergedWarpMessage.doDecode(ByteBuffer)1
01:04:19.631 | DEBUG | --new testCase collected, to generate: testIo.seata.core.protocol.MergedWarpMessage.doDecode(ByteBuffer)2
01:04:19.669 | DEBUG | --new testCase collected, to generate: testIo.seata.core.protocol.MergedWarpMessage.doDecode(ByteBuffer)3
01:04:19.677 | DEBUG | --new testCase collected, to generate: testIo.seata.core.protocol.MergedWarpMessage.doDecode(ByteBuffer)4
01:04:19.702 | DEBUG | --new testCase collected, to generate: testIo.seata.core.protocol.MergedWarpMessage.doDecode(ByteBuffer)5
01:04:19.703 | INFO  | Finished (in 0.109 sec): method io.seata.core.protocol.MergedWarpMessage.doDecode(ByteBuffer) 
<StatsForMethod> :
	#generatedTC=5
	WITH NO EXCEPTIONS
01:04:19.704 | DEBUG |  ... 
01:04:19.705 | INFO  | Started: method io.seata.core.protocol.MergedWarpMessage.<init>()
01:04:19.705 | INFO  |  -- Remaining time budget: 76774 ms, #remaining_methods: 1, budget for method: 76774 ms, solver timeout: 1000 ms, budget for symbolic execution: 75574 ms, budget for concrete execution: 1200 ms,  -- 
01:04:19.714 | DEBUG | --new testCase collected, to generate: testIo.seata.core.protocol.MergedWarpMessage.<init>()1
01:04:19.839 | DEBUG | --new testCase collected, to generate: testIo.seata.core.protocol.MergedWarpMessage.<init>()2
01:04:19.840 | INFO  | Finished (in 0.135 sec): method io.seata.core.protocol.MergedWarpMessage.<init>() 
<StatsForMethod> :
	#generatedTC=2
	WITH NO EXCEPTIONS
01:04:19.855 | INFO  | Started: Flushing tests for [MergedWarpMessage] on disk
01:04:20.716 | INFO  | File size for MergedWarpMessageTest: 27 KB
01:04:20.717 | INFO  | Finished (in 0.862 sec): Flushing tests for [MergedWarpMessage] on disk 
01:04:20.718 | INFO  | Finished (in 26.203 sec): class io.seata.core.protocol.MergedWarpMessage 
<StatsForClass> :
	canceled by timeout = false
	#methods = 6, 
	#methods started symbolic exploration = 6
	#methods with at least one TC = 6
	#methods with exceptions = 1
	#generated TC = 29
	#coverage = null
[READY]
