Started UtBot Contest, classfileDir = /var/benchmarks/projects/guava/guava/target/classes, classpathString=/var/benchmarks/projects/guava/guava/target/classes:/var/benchmarks/projects/guava/guava/target/guava-26.0-jre.jar:/var/benchmarks/projects/./guava/guava/target/dependency/checker-qual-2.5.2.jar:/var/benchmarks/projects/guava/guava/target/dependency/error_prone_annotations-2.1.3.jar:/var/benchmarks/projects/guava/guava/target/dependency/j2objc-annotations-1.1.jar:/var/benchmarks/projects/guava/guava/target/dependency/jsr305-3.0.2.jar:/var/benchmarks/projects/guava/guava/target/dependency/animal-sniffer-annotations-1.14.jar, outputDir=/home/utbot_mocks/temp/testcases, mocks=Other classes: Mockito
17:03:32.383 | INFO  | Started: warmup: kotlin reflection :: init
17:03:32.458 | INFO  | Finished (in 0.075 sec): warmup: kotlin reflection :: init 
[INIT]
>> [RUN] com.google.common.collect.TopKSelector 30
17:03:32.468 | DEBUG | -----------------------------------------------------------------------------
17:03:32.468 | INFO  | Contest.runGeneration: Time budget: 30000 ms, Generation timeout=25500 ms, classpath=/var/benchmarks/projects/guava/guava/target/classes:/var/benchmarks/projects/guava/guava/target/guava-26.0-jre.jar:/var/benchmarks/projects/./guava/guava/target/dependency/checker-qual-2.5.2.jar:/var/benchmarks/projects/guava/guava/target/dependency/error_prone_annotations-2.1.3.jar:/var/benchmarks/projects/guava/guava/target/dependency/j2objc-annotations-1.1.jar:/var/benchmarks/projects/guava/guava/target/dependency/jsr305-3.0.2.jar:/var/benchmarks/projects/guava/guava/target/dependency/animal-sniffer-annotations-1.14.jar, methodNameFilter=null
17:03:32.470 | INFO  | ClassUnderTest[ FQN: com.google.common.collect.TopKSelector
    classfileDir: /var/benchmarks/projects/guava/guava/target/classes
    testClassSimpleName: TopKSelectorTest
    generatedTestFile: /home/utbot_mocks/temp/testcases/com/google/common/collect/TopKSelectorTest.java
    generatedTestsSourcesDir: /home/utbot_mocks/temp/testcases
]
17:03:32.493 | INFO  | Started: class com.google.common.collect.TopKSelector
17:03:32.494 | INFO  | Started: preparation class class com.google.common.collect.TopKSelector: kotlin reflection :: run
17:03:32.527 | INFO  | Finished (in 0.033 sec): preparation class class com.google.common.collect.TopKSelector: kotlin reflection :: run 
17:03:32.528 | INFO  | Started: 2nd optional soot initialization
17:03:32.530 | INFO  | Finished (in 0.001 sec): 2nd optional soot initialization 
17:03:32.539 | DEBUG |  ... 
17:03:32.547 | INFO  | Started: method com.google.common.collect.TopKSelector.trim()
17:03:32.551 | INFO  |  -- Remaining time budget: 25428 ms, #remaining_methods: 13, budget for method: 1956 ms, solver timeout: 978 ms, budget for symbolic execution: 978 ms, budget for concrete execution: 978 ms,  -- 
17:03:32.854 | DEBUG | --new testCase collected, to generate: testCom.google.common.collect.TopKSelector.trim()1
17:03:33.526 | INFO  | |> Starting concrete execution for remaining state: com.google.common.collect.TopKSelector.trim()
17:03:34.505 | INFO  | (X) Cancelling concrete execution: com.google.common.collect.TopKSelector.trim()
17:03:34.570 | INFO  | Finished (in 2.023 sec): method com.google.common.collect.TopKSelector.trim() 
<StatsForMethod> :
	#generatedTC=1
	WITH NO EXCEPTIONS
17:03:34.642 | DEBUG |  ... 
17:03:34.643 | INFO  | Started: method com.google.common.collect.TopKSelector.combine(TopKSelector)
17:03:34.644 | INFO  |  -- Remaining time budget: 23326 ms, #remaining_methods: 12, budget for method: 1943 ms, solver timeout: 971 ms, budget for symbolic execution: 972 ms, budget for concrete execution: 971 ms,  -- 
17:03:34.653 | DEBUG | --new testCase collected, to generate: testCom.google.common.collect.TopKSelector.combine(TopKSelector)1
17:03:34.768 | DEBUG | --new testCase collected, to generate: testCom.google.common.collect.TopKSelector.combine(TopKSelector)2
17:03:34.790 | DEBUG | --new testCase collected, to generate: testCom.google.common.collect.TopKSelector.combine(TopKSelector)3
17:03:35.615 | INFO  | |> Starting concrete execution for remaining state: com.google.common.collect.TopKSelector.combine(TopKSelector)
17:03:35.626 | DEBUG | --new testCase collected, to generate: testCom.google.common.collect.TopKSelector.combine(TopKSelector)4
17:03:36.587 | INFO  | (X) Cancelling concrete execution: com.google.common.collect.TopKSelector.combine(TopKSelector)
17:03:36.846 | INFO  | Finished (in 2.202 sec): method com.google.common.collect.TopKSelector.combine(TopKSelector) 
<StatsForMethod> :
	#generatedTC=4
	WITH NO EXCEPTIONS
17:03:36.849 | DEBUG |  ... 
17:03:36.849 | INFO  | Started: method com.google.common.collect.TopKSelector.swap(int, int)
17:03:36.850 | INFO  |  -- Remaining time budget: 21120 ms, #remaining_methods: 11, budget for method: 1920 ms, solver timeout: 960 ms, budget for symbolic execution: 960 ms, budget for concrete execution: 960 ms,  -- 
17:03:36.860 | DEBUG | --new testCase collected, to generate: testCom.google.common.collect.TopKSelector.swap(int, int)1
17:03:37.051 | DEBUG | --new testCase collected, to generate: testCom.google.common.collect.TopKSelector.swap(int, int)2
17:03:37.216 | DEBUG | --new testCase collected, to generate: testCom.google.common.collect.TopKSelector.swap(int, int)3
17:03:37.514 | DEBUG | --new testCase collected, to generate: testCom.google.common.collect.TopKSelector.swap(int, int)4
17:03:37.743 | DEBUG | --new testCase collected, to generate: testCom.google.common.collect.TopKSelector.swap(int, int)5
17:03:37.810 | INFO  | |> Starting concrete execution for remaining state: com.google.common.collect.TopKSelector.swap(int, int)
17:03:38.416 | DEBUG | --new testCase collected, to generate: testCom.google.common.collect.TopKSelector.swap(int, int)6
17:03:38.417 | INFO  | Finished (in 1.567 sec): method com.google.common.collect.TopKSelector.swap(int, int) 
<StatsForMethod> :
	#generatedTC=6
	WITH NO EXCEPTIONS
17:03:38.426 | DEBUG |  ... 
17:03:38.426 | INFO  | Started: method com.google.common.collect.TopKSelector.offer(T)
17:03:38.426 | INFO  |  -- Remaining time budget: 19543 ms, #remaining_methods: 10, budget for method: 1954 ms, solver timeout: 977 ms, budget for symbolic execution: 977 ms, budget for concrete execution: 977 ms,  -- 
17:03:38.434 | DEBUG | --new testCase collected, to generate: testCom.google.common.collect.TopKSelector.offer(T)1
17:03:38.575 | DEBUG | --new testCase collected, to generate: testCom.google.common.collect.TopKSelector.offer(T)2
17:03:38.964 | DEBUG | --new testCase collected, to generate: testCom.google.common.collect.TopKSelector.offer(T)3
17:03:39.391 | DEBUG | --new testCase collected, to generate: testCom.google.common.collect.TopKSelector.offer(T)4
17:03:39.404 | INFO  | |> Starting concrete execution for remaining state: com.google.common.collect.TopKSelector.offer(T)
17:03:39.562 | DEBUG | --new testCase collected, to generate: testCom.google.common.collect.TopKSelector.offer(T)5
17:03:39.862 | DEBUG | --new testCase collected, to generate: testCom.google.common.collect.TopKSelector.offer(T)6
17:03:40.381 | INFO  | (X) Cancelling concrete execution: com.google.common.collect.TopKSelector.offer(T)
17:03:40.520 | INFO  | Finished (in 2.094 sec): method com.google.common.collect.TopKSelector.offer(T) 
<StatsForMethod> :
	#generatedTC=6
	WITH NO EXCEPTIONS
17:03:40.523 | DEBUG |  ... 
17:03:40.524 | INFO  | Started: method com.google.common.collect.TopKSelector.partition(int, int, int)
17:03:40.524 | INFO  |  -- Remaining time budget: 17446 ms, #remaining_methods: 9, budget for method: 1938 ms, solver timeout: 969 ms, budget for symbolic execution: 969 ms, budget for concrete execution: 969 ms,  -- 
17:03:40.530 | DEBUG | --new testCase collected, to generate: testCom.google.common.collect.TopKSelector.partition(int, int, int)1
17:03:40.729 | DEBUG | --new testCase collected, to generate: testCom.google.common.collect.TopKSelector.partition(int, int, int)2
17:03:40.883 | DEBUG | --new testCase collected, to generate: testCom.google.common.collect.TopKSelector.partition(int, int, int)3
17:03:41.130 | DEBUG | --new testCase collected, to generate: testCom.google.common.collect.TopKSelector.partition(int, int, int)4
17:03:41.377 | DEBUG | --new testCase collected, to generate: testCom.google.common.collect.TopKSelector.partition(int, int, int)5
17:03:41.493 | INFO  | |> Starting concrete execution for remaining state: com.google.common.collect.TopKSelector.partition(int, int, int)
17:03:42.463 | INFO  | (X) Cancelling concrete execution: com.google.common.collect.TopKSelector.partition(int, int, int)
17:03:42.537 | INFO  | Finished (in 2.013 sec): method com.google.common.collect.TopKSelector.partition(int, int, int) 
<StatsForMethod> :
	#generatedTC=5
	WITH NO EXCEPTIONS
17:03:42.559 | DEBUG |  ... 
17:03:42.559 | INFO  | Started: method com.google.common.collect.TopKSelector.topK()
17:03:42.560 | INFO  |  -- Remaining time budget: 15410 ms, #remaining_methods: 8, budget for method: 1926 ms, solver timeout: 963 ms, budget for symbolic execution: 963 ms, budget for concrete execution: 963 ms,  -- 
17:03:42.566 | DEBUG | --new testCase collected, to generate: testCom.google.common.collect.TopKSelector.topK()1
17:03:43.406 | DEBUG | --new testCase collected, to generate: testCom.google.common.collect.TopKSelector.topK()2
17:03:43.523 | INFO  | |> Starting concrete execution for remaining state: com.google.common.collect.TopKSelector.topK()
17:03:43.532 | DEBUG | --new testCase collected, to generate: testCom.google.common.collect.TopKSelector.topK()3
17:03:44.486 | INFO  | (X) Cancelling concrete execution: com.google.common.collect.TopKSelector.topK()
17:03:44.540 | INFO  | Finished (in 1.980 sec): method com.google.common.collect.TopKSelector.topK() 
<StatsForMethod> :
	#generatedTC=3
	WITH NO EXCEPTIONS
17:03:44.610 | DEBUG |  ... 
17:03:44.611 | INFO  | Started: method com.google.common.collect.TopKSelector.offerAll(Iterator)
17:03:44.611 | INFO  |  -- Remaining time budget: 13358 ms, #remaining_methods: 7, budget for method: 1908 ms, solver timeout: 954 ms, budget for symbolic execution: 954 ms, budget for concrete execution: 954 ms,  -- 
17:03:44.618 | DEBUG | --new testCase collected, to generate: testCom.google.common.collect.TopKSelector.offerAll(Iterator)1
17:03:44.718 | DEBUG | --new testCase collected, to generate: testCom.google.common.collect.TopKSelector.offerAll(Iterator)2
17:03:45.009 | DEBUG | --new testCase collected, to generate: testCom.google.common.collect.TopKSelector.offerAll(Iterator)3
17:03:45.148 | ERROR | Symbolic execution FAILED
java.util.NoSuchElementException: List contains no element matching the predicate.
	at com.huawei.utbot.engine.Hierarchy.chunkIdForField(Hierarchy.kt:76) ~[utbot-junit-contest-1.0.jar:?]
	at com.huawei.utbot.engine.UtBotSymbolicEngine.createFieldOrMock(UtBotSymbolicEngine.kt:1934) ~[utbot-junit-contest-1.0.jar:?]
	at com.huawei.utbot.engine.UtBotSymbolicEngine.resolve(UtBotSymbolicEngine.kt:1745) ~[utbot-junit-contest-1.0.jar:?]
	at com.huawei.utbot.engine.UtBotSymbolicEngine.traverseAssignStmt(UtBotSymbolicEngine.kt:886) ~[utbot-junit-contest-1.0.jar:?]
	at com.huawei.utbot.engine.UtBotSymbolicEngine.traverseStmt(UtBotSymbolicEngine.kt:604) ~[utbot-junit-contest-1.0.jar:?]
	at com.huawei.utbot.engine.UtBotSymbolicEngine$traverse$1.invokeSuspend(UtBotSymbolicEngine.kt:464) [utbot-junit-contest-1.0.jar:?]
	at com.huawei.utbot.engine.UtBotSymbolicEngine$traverse$1.invoke(UtBotSymbolicEngine.kt) [utbot-junit-contest-1.0.jar:?]
	at kotlinx.coroutines.flow.SafeFlow.collectSafely(Builders.kt:61) [utbot-junit-contest-1.0.jar:?]
	at kotlinx.coroutines.flow.AbstractFlow.collect(Flow.kt:212) [utbot-junit-contest-1.0.jar:?]
	at kotlinx.coroutines.flow.FlowKt__MergeKt$flattenConcat$$inlined$unsafeFlow$1$lambda$1.emit(Collect.kt:134) [utbot-junit-contest-1.0.jar:?]
	at kotlinx.coroutines.flow.FlowKt__BuildersKt$flowOf$$inlined$unsafeFlow$1.collect(SafeCollector.common.kt:114) [utbot-junit-contest-1.0.jar:?]
	at kotlinx.coroutines.flow.FlowKt__BuildersKt$flowOf$$inlined$unsafeFlow$1$1.invokeSuspend(Unknown Source) [utbot-junit-contest-1.0.jar:?]
	at kotlin.coroutines.jvm.internal.BaseContinuationImpl.resumeWith(ContinuationImpl.kt:33) [utbot-junit-contest-1.0.jar:?]
	at kotlinx.coroutines.DispatchedTask.run(DispatchedTask.kt:106) [utbot-junit-contest-1.0.jar:?]
	at java.util.concurrent.Executors$RunnableAdapter.call(Executors.java:511) [?:1.8.0_312]
	at java.util.concurrent.FutureTask.run(FutureTask.java:266) [?:1.8.0_312]
	at java.util.concurrent.ScheduledThreadPoolExecutor$ScheduledFutureTask.access$201(ScheduledThreadPoolExecutor.java:180) [?:1.8.0_312]
	at java.util.concurrent.ScheduledThreadPoolExecutor$ScheduledFutureTask.run(ScheduledThreadPoolExecutor.java:293) [?:1.8.0_312]
	at java.util.concurrent.ThreadPoolExecutor.runWorker(ThreadPoolExecutor.java:1149) [?:1.8.0_312]
	at java.util.concurrent.ThreadPoolExecutor$Worker.run(ThreadPoolExecutor.java:624) [?:1.8.0_312]
	at java.lang.Thread.run(Thread.java:748) [?:1.8.0_312]
17:03:45.347 | DEBUG | --new testCase collected, to generate: testCom.google.common.collect.TopKSelector.offerAll(Iterator)4
17:03:45.565 | INFO  | |> Starting concrete execution for remaining state: com.google.common.collect.TopKSelector.offerAll(Iterator)
17:03:46.520 | INFO  | (X) Cancelling concrete execution: com.google.common.collect.TopKSelector.offerAll(Iterator)
17:03:46.636 | INFO  | Finished (in 2.025 sec): method com.google.common.collect.TopKSelector.offerAll(Iterator) 
<StatsForMethod> :
	#generatedTC=4
	FAILED 1 time(s) with 1 different exception(s)"
17:03:46.703 | DEBUG |  ... 
17:03:46.703 | INFO  | Started: method com.google.common.collect.TopKSelector.offerAll(Iterable)
17:03:46.704 | INFO  |  -- Remaining time budget: 11266 ms, #remaining_methods: 6, budget for method: 1877 ms, solver timeout: 938 ms, budget for symbolic execution: 939 ms, budget for concrete execution: 938 ms,  -- 
17:03:46.714 | DEBUG | --new testCase collected, to generate: testCom.google.common.collect.TopKSelector.offerAll(Iterable)1
17:03:46.818 | DEBUG | --new testCase collected, to generate: testCom.google.common.collect.TopKSelector.offerAll(Iterable)2
17:03:46.916 | ERROR | Symbolic execution FAILED
java.util.NoSuchElementException: List contains no element matching the predicate.
	at com.huawei.utbot.engine.Hierarchy.chunkIdForField(Hierarchy.kt:76) ~[utbot-junit-contest-1.0.jar:?]
	at com.huawei.utbot.engine.UtBotSymbolicEngine.createFieldOrMock(UtBotSymbolicEngine.kt:1934) ~[utbot-junit-contest-1.0.jar:?]
	at com.huawei.utbot.engine.UtBotSymbolicEngine.resolve(UtBotSymbolicEngine.kt:1745) ~[utbot-junit-contest-1.0.jar:?]
	at com.huawei.utbot.engine.UtBotSymbolicEngine.traverseAssignStmt(UtBotSymbolicEngine.kt:886) ~[utbot-junit-contest-1.0.jar:?]
	at com.huawei.utbot.engine.UtBotSymbolicEngine.traverseStmt(UtBotSymbolicEngine.kt:604) ~[utbot-junit-contest-1.0.jar:?]
	at com.huawei.utbot.engine.UtBotSymbolicEngine$traverse$1.invokeSuspend(UtBotSymbolicEngine.kt:464) [utbot-junit-contest-1.0.jar:?]
	at com.huawei.utbot.engine.UtBotSymbolicEngine$traverse$1.invoke(UtBotSymbolicEngine.kt) [utbot-junit-contest-1.0.jar:?]
	at kotlinx.coroutines.flow.SafeFlow.collectSafely(Builders.kt:61) [utbot-junit-contest-1.0.jar:?]
	at kotlinx.coroutines.flow.AbstractFlow.collect(Flow.kt:212) [utbot-junit-contest-1.0.jar:?]
	at kotlinx.coroutines.flow.FlowKt__MergeKt$flattenConcat$$inlined$unsafeFlow$1$lambda$1.emit(Collect.kt:134) [utbot-junit-contest-1.0.jar:?]
	at kotlinx.coroutines.flow.FlowKt__BuildersKt$flowOf$$inlined$unsafeFlow$1.collect(SafeCollector.common.kt:114) [utbot-junit-contest-1.0.jar:?]
	at kotlinx.coroutines.flow.FlowKt__BuildersKt$flowOf$$inlined$unsafeFlow$1$1.invokeSuspend(Unknown Source) [utbot-junit-contest-1.0.jar:?]
	at kotlin.coroutines.jvm.internal.BaseContinuationImpl.resumeWith(ContinuationImpl.kt:33) [utbot-junit-contest-1.0.jar:?]
	at kotlinx.coroutines.DispatchedTask.run(DispatchedTask.kt:106) [utbot-junit-contest-1.0.jar:?]
	at java.util.concurrent.Executors$RunnableAdapter.call(Executors.java:511) [?:1.8.0_312]
	at java.util.concurrent.FutureTask.run(FutureTask.java:266) [?:1.8.0_312]
	at java.util.concurrent.ScheduledThreadPoolExecutor$ScheduledFutureTask.access$201(ScheduledThreadPoolExecutor.java:180) [?:1.8.0_312]
	at java.util.concurrent.ScheduledThreadPoolExecutor$ScheduledFutureTask.run(ScheduledThreadPoolExecutor.java:293) [?:1.8.0_312]
	at java.util.concurrent.ThreadPoolExecutor.runWorker(ThreadPoolExecutor.java:1149) [?:1.8.0_312]
	at java.util.concurrent.ThreadPoolExecutor$Worker.run(ThreadPoolExecutor.java:624) [?:1.8.0_312]
	at java.lang.Thread.run(Thread.java:748) [?:1.8.0_312]
17:03:47.643 | INFO  | |> Starting concrete execution for remaining state: com.google.common.collect.TopKSelector.offerAll(Iterable)
17:03:48.582 | INFO  | (X) Cancelling concrete execution: com.google.common.collect.TopKSelector.offerAll(Iterable)
17:03:48.722 | INFO  | Finished (in 2.018 sec): method com.google.common.collect.TopKSelector.offerAll(Iterable) 
<StatsForMethod> :
	#generatedTC=2
	FAILED 1 time(s) with 1 different exception(s)"
17:03:48.786 | DEBUG |  ... 
17:03:48.786 | INFO  | Started: method com.google.common.collect.TopKSelector.least(int)
17:03:48.787 | INFO  |  -- Remaining time budget: 9183 ms, #remaining_methods: 5, budget for method: 1836 ms, solver timeout: 918 ms, budget for symbolic execution: 918 ms, budget for concrete execution: 918 ms,  -- 
17:03:48.798 | DEBUG | --new testCase collected, to generate: testCom.google.common.collect.TopKSelector.least(int)1
17:03:49.705 | INFO  | |> Starting concrete execution for remaining state: com.google.common.collect.TopKSelector.least(int)
17:03:50.038 | DEBUG | --new testCase collected, to generate: testCom.google.common.collect.TopKSelector.least(int)2
17:03:50.252 | DEBUG | --new testCase collected, to generate: testCom.google.common.collect.TopKSelector.least(int)3
17:03:50.462 | DEBUG | --new testCase collected, to generate: testCom.google.common.collect.TopKSelector.least(int)4
17:03:50.471 | INFO  | Finished (in 1.685 sec): method com.google.common.collect.TopKSelector.least(int) 
<StatsForMethod> :
	#generatedTC=4
	WITH NO EXCEPTIONS
17:03:50.518 | DEBUG |  ... 
17:03:50.519 | INFO  | Started: method com.google.common.collect.TopKSelector.least(int, Comparator)
17:03:50.519 | INFO  |  -- Remaining time budget: 7451 ms, #remaining_methods: 4, budget for method: 1862 ms, solver timeout: 931 ms, budget for symbolic execution: 931 ms, budget for concrete execution: 931 ms,  -- 
17:03:50.528 | DEBUG | --new testCase collected, to generate: testCom.google.common.collect.TopKSelector.least(int, Comparator)1
17:03:51.441 | DEBUG | --new testCase collected, to generate: testCom.google.common.collect.TopKSelector.least(int, Comparator)2
17:03:51.450 | INFO  | |> Starting concrete execution for remaining state: com.google.common.collect.TopKSelector.least(int, Comparator)
17:03:51.599 | DEBUG | --new testCase collected, to generate: testCom.google.common.collect.TopKSelector.least(int, Comparator)3
17:03:51.677 | DEBUG | --new testCase collected, to generate: testCom.google.common.collect.TopKSelector.least(int, Comparator)4
17:03:51.756 | DEBUG | --new testCase collected, to generate: testCom.google.common.collect.TopKSelector.least(int, Comparator)5
17:03:51.762 | INFO  | Finished (in 1.243 sec): method com.google.common.collect.TopKSelector.least(int, Comparator) 
<StatsForMethod> :
	#generatedTC=5
	WITH NO EXCEPTIONS
17:03:51.791 | DEBUG |  ... 
17:03:51.792 | INFO  | Started: method com.google.common.collect.TopKSelector.greatest(int, Comparator)
17:03:51.792 | INFO  |  -- Remaining time budget: 6178 ms, #remaining_methods: 3, budget for method: 2059 ms, solver timeout: 1000 ms, budget for symbolic execution: 1030 ms, budget for concrete execution: 1029 ms,  -- 
17:03:51.799 | DEBUG | --new testCase collected, to generate: testCom.google.common.collect.TopKSelector.greatest(int, Comparator)1
17:03:51.842 | DEBUG | --new testCase collected, to generate: testCom.google.common.collect.TopKSelector.greatest(int, Comparator)2
17:03:52.821 | DEBUG | --new testCase collected, to generate: testCom.google.common.collect.TopKSelector.greatest(int, Comparator)3
17:03:52.822 | INFO  | |> Starting concrete execution for remaining state: com.google.common.collect.TopKSelector.greatest(int, Comparator)
17:03:52.906 | DEBUG | --new testCase collected, to generate: testCom.google.common.collect.TopKSelector.greatest(int, Comparator)4
17:03:53.014 | DEBUG | --new testCase collected, to generate: testCom.google.common.collect.TopKSelector.greatest(int, Comparator)5
17:03:53.020 | INFO  | Finished (in 1.228 sec): method com.google.common.collect.TopKSelector.greatest(int, Comparator) 
<StatsForMethod> :
	#generatedTC=5
	WITH NO EXCEPTIONS
17:03:53.049 | DEBUG |  ... 
17:03:53.050 | INFO  | Started: method com.google.common.collect.TopKSelector.greatest(int)
17:03:53.050 | INFO  |  -- Remaining time budget: 4919 ms, #remaining_methods: 2, budget for method: 2459 ms, solver timeout: 1000 ms, budget for symbolic execution: 1259 ms, budget for concrete execution: 1200 ms,  -- 
17:03:53.055 | DEBUG | --new testCase collected, to generate: testCom.google.common.collect.TopKSelector.greatest(int)1
17:03:54.310 | INFO  | |> Starting concrete execution for remaining state: com.google.common.collect.TopKSelector.greatest(int)
17:03:54.330 | DEBUG | --new testCase collected, to generate: testCom.google.common.collect.TopKSelector.greatest(int)2
17:03:54.411 | DEBUG | --new testCase collected, to generate: testCom.google.common.collect.TopKSelector.greatest(int)3
17:03:54.623 | DEBUG | --new testCase collected, to generate: testCom.google.common.collect.TopKSelector.greatest(int)4
17:03:54.632 | INFO  | Finished (in 1.582 sec): method com.google.common.collect.TopKSelector.greatest(int) 
<StatsForMethod> :
	#generatedTC=4
	WITH NO EXCEPTIONS
17:03:54.676 | DEBUG |  ... 
17:03:54.677 | INFO  | Started: method com.google.common.collect.TopKSelector.<init>(Comparator, int)
17:03:54.677 | INFO  |  -- Remaining time budget: 3292 ms, #remaining_methods: 1, budget for method: 3292 ms, solver timeout: 1000 ms, budget for symbolic execution: 2092 ms, budget for concrete execution: 1200 ms,  -- 
17:03:54.682 | DEBUG | --new testCase collected, to generate: testCom.google.common.collect.TopKSelector.<init>(Comparator, int)1
17:03:54.943 | DEBUG | --new testCase collected, to generate: testCom.google.common.collect.TopKSelector.<init>(Comparator, int)2
17:03:55.398 | DEBUG | --new testCase collected, to generate: testCom.google.common.collect.TopKSelector.<init>(Comparator, int)3
17:03:55.413 | DEBUG | --new testCase collected, to generate: testCom.google.common.collect.TopKSelector.<init>(Comparator, int)4
17:03:55.419 | INFO  | Finished (in 0.742 sec): method com.google.common.collect.TopKSelector.<init>(Comparator, int) 
<StatsForMethod> :
	#generatedTC=4
	WITH NO EXCEPTIONS
17:03:55.429 | INFO  | Started: Flushing tests for [TopKSelector] on disk
17:03:56.470 | INFO  | File size for TopKSelectorTest: 60 KB
17:03:56.472 | INFO  | Finished (in 1.043 sec): Flushing tests for [TopKSelector] on disk 
17:03:56.473 | INFO  | Finished (in 23.979 sec): class com.google.common.collect.TopKSelector 
<StatsForClass> :
	canceled by timeout = false
	#methods = 13, 
	#methods started symbolic exploration = 13
	#methods with at least one TC = 13
	#methods with exceptions = 2
	#generated TC = 53
	#coverage = null
[READY]
