Started UtBot Contest, classfileDir = /var/benchmarks/projects/guava/guava/target/classes, classpathString=/var/benchmarks/projects/guava/guava/target/classes:/var/benchmarks/projects/guava/guava/target/guava-26.0-jre.jar:/var/benchmarks/projects/./guava/guava/target/dependency/checker-qual-2.5.2.jar:/var/benchmarks/projects/guava/guava/target/dependency/error_prone_annotations-2.1.3.jar:/var/benchmarks/projects/guava/guava/target/dependency/j2objc-annotations-1.1.jar:/var/benchmarks/projects/guava/guava/target/dependency/jsr305-3.0.2.jar:/var/benchmarks/projects/guava/guava/target/dependency/animal-sniffer-annotations-1.14.jar, outputDir=/home/utbot_mocks/temp/testcases, mocks=Other classes: Mockito
20:38:14.959 | INFO  | Started: warmup: kotlin reflection :: init
20:38:15.039 | INFO  | Finished (in 0.079 sec): warmup: kotlin reflection :: init 
[INIT]
>> [RUN] com.google.common.collect.SparseImmutableTable 120
20:38:15.051 | DEBUG | -----------------------------------------------------------------------------
20:38:15.052 | INFO  | Contest.runGeneration: Time budget: 120000 ms, Generation timeout=102000 ms, classpath=/var/benchmarks/projects/guava/guava/target/classes:/var/benchmarks/projects/guava/guava/target/guava-26.0-jre.jar:/var/benchmarks/projects/./guava/guava/target/dependency/checker-qual-2.5.2.jar:/var/benchmarks/projects/guava/guava/target/dependency/error_prone_annotations-2.1.3.jar:/var/benchmarks/projects/guava/guava/target/dependency/j2objc-annotations-1.1.jar:/var/benchmarks/projects/guava/guava/target/dependency/jsr305-3.0.2.jar:/var/benchmarks/projects/guava/guava/target/dependency/animal-sniffer-annotations-1.14.jar, methodNameFilter=null
20:38:15.053 | INFO  | ClassUnderTest[ FQN: com.google.common.collect.SparseImmutableTable
    classfileDir: /var/benchmarks/projects/guava/guava/target/classes
    testClassSimpleName: SparseImmutableTableTest
    generatedTestFile: /home/utbot_mocks/temp/testcases/com/google/common/collect/SparseImmutableTableTest.java
    generatedTestsSourcesDir: /home/utbot_mocks/temp/testcases
]
20:38:15.074 | INFO  | Started: class com.google.common.collect.SparseImmutableTable
20:38:15.075 | INFO  | Started: preparation class class com.google.common.collect.SparseImmutableTable: kotlin reflection :: run
20:38:15.319 | INFO  | Finished (in 0.243 sec): preparation class class com.google.common.collect.SparseImmutableTable: kotlin reflection :: run 
20:38:15.320 | INFO  | Started: 2nd optional soot initialization
20:38:15.322 | INFO  | Finished (in 0.001 sec): 2nd optional soot initialization 
20:38:15.331 | DEBUG |  ... 
20:38:15.340 | INFO  | Started: method com.google.common.collect.SparseImmutableTable.columnMap()
20:38:15.342 | INFO  |  -- Remaining time budget: 101719 ms, #remaining_methods: 7, budget for method: 14531 ms, solver timeout: 1000 ms, budget for symbolic execution: 13331 ms, budget for concrete execution: 1200 ms,  -- 
20:38:15.657 | ERROR | Symbolic execution FAILED
com.huawei.utbot.instrumentation.util.ChildProcessError: Error in the child process |> java.util.NoSuchElementException: List is empty.
	at kotlin.collections.CollectionsKt___CollectionsKt.first(_Collections.kt:212)
	at com.huawei.utbot.framework.concrete.UtExecutionInstrumentation.sortOutException(UtExecutionInstrumentation.kt:179)
	at com.huawei.utbot.framework.concrete.UtExecutionInstrumentation.access$sortOutException(UtExecutionInstrumentation.kt:96)
	at com.huawei.utbot.framework.concrete.UtExecutionInstrumentation$invoke$$inlined$use$lambda$1.invoke(UtExecutionInstrumentation.kt:152)
	at com.huawei.utbot.framework.concrete.UtExecutionInstrumentation$invoke$$inlined$use$lambda$1.invoke(UtExecutionInstrumentation.kt:96)
	at com.huawei.utbot.framework.concrete.UtExecutionInstrumentation.withStaticFields(UtExecutionInstrumentation.kt:225)
	at com.huawei.utbot.framework.concrete.UtExecutionInstrumentation.invoke(UtExecutionInstrumentation.kt:137)
	at com.huawei.utbot.framework.concrete.UtExecutionInstrumentation.invoke(UtExecutionInstrumentation.kt:96)
	at com.huawei.utbot.instrumentation.process.ChildProcessKt.loop(ChildProcess.kt:114)
	at com.huawei.utbot.instrumentation.process.ChildProcessKt.main(ChildProcess.kt:76)
	at com.huawei.utbot.instrumentation.process.ChildProcessKt.main(ChildProcess.kt)

	at com.huawei.utbot.instrumentation.ConcreteExecutor.executeAsync(ConcreteExecutor.kt:391) ~[utbot-junit-contest-1.0.jar:?]
	at com.huawei.utbot.instrumentation.ConcreteExecutor$executeAsync$1.invokeSuspend(ConcreteExecutor.kt) ~[utbot-junit-contest-1.0.jar:?]
	at kotlin.coroutines.jvm.internal.BaseContinuationImpl.resumeWith(ContinuationImpl.kt:33) [utbot-junit-contest-1.0.jar:?]
	at kotlinx.coroutines.DispatchedTask.run(DispatchedTask.kt:106) [utbot-junit-contest-1.0.jar:?]
	at java.util.concurrent.Executors$RunnableAdapter.call(Executors.java:511) [?:1.8.0_312]
	at java.util.concurrent.FutureTask.run(FutureTask.java:266) [?:1.8.0_312]
	at java.util.concurrent.ScheduledThreadPoolExecutor$ScheduledFutureTask.access$201(ScheduledThreadPoolExecutor.java:180) [?:1.8.0_312]
	at java.util.concurrent.ScheduledThreadPoolExecutor$ScheduledFutureTask.run(ScheduledThreadPoolExecutor.java:293) [?:1.8.0_312]
	at java.util.concurrent.ThreadPoolExecutor.runWorker(ThreadPoolExecutor.java:1149) [?:1.8.0_312]
	at java.util.concurrent.ThreadPoolExecutor$Worker.run(ThreadPoolExecutor.java:624) [?:1.8.0_312]
	at java.lang.Thread.run(Thread.java:748) [?:1.8.0_312]
20:38:15.847 | DEBUG | --new testCase collected, to generate: testCom.google.common.collect.SparseImmutableTable.columnMap()1
20:38:15.849 | INFO  | Finished (in 0.507 sec): method com.google.common.collect.SparseImmutableTable.columnMap() 
<StatsForMethod> :
	#generatedTC=1
	FAILED 1 time(s) with 1 different exception(s)"
20:38:15.851 | DEBUG |  ... 
20:38:15.852 | INFO  | Started: method com.google.common.collect.SparseImmutableTable.rowMap()
20:38:15.852 | INFO  |  -- Remaining time budget: 101201 ms, #remaining_methods: 6, budget for method: 16866 ms, solver timeout: 1000 ms, budget for symbolic execution: 15666 ms, budget for concrete execution: 1200 ms,  -- 
20:38:15.857 | ERROR | Symbolic execution FAILED
com.huawei.utbot.instrumentation.util.ChildProcessError: Error in the child process |> java.util.NoSuchElementException: List is empty.
	at kotlin.collections.CollectionsKt___CollectionsKt.first(_Collections.kt:212)
	at com.huawei.utbot.framework.concrete.UtExecutionInstrumentation.sortOutException(UtExecutionInstrumentation.kt:179)
	at com.huawei.utbot.framework.concrete.UtExecutionInstrumentation.access$sortOutException(UtExecutionInstrumentation.kt:96)
	at com.huawei.utbot.framework.concrete.UtExecutionInstrumentation$invoke$$inlined$use$lambda$1.invoke(UtExecutionInstrumentation.kt:152)
	at com.huawei.utbot.framework.concrete.UtExecutionInstrumentation$invoke$$inlined$use$lambda$1.invoke(UtExecutionInstrumentation.kt:96)
	at com.huawei.utbot.framework.concrete.UtExecutionInstrumentation.withStaticFields(UtExecutionInstrumentation.kt:225)
	at com.huawei.utbot.framework.concrete.UtExecutionInstrumentation.invoke(UtExecutionInstrumentation.kt:137)
	at com.huawei.utbot.framework.concrete.UtExecutionInstrumentation.invoke(UtExecutionInstrumentation.kt:96)
	at com.huawei.utbot.instrumentation.process.ChildProcessKt.loop(ChildProcess.kt:114)
	at com.huawei.utbot.instrumentation.process.ChildProcessKt.main(ChildProcess.kt:76)
	at com.huawei.utbot.instrumentation.process.ChildProcessKt.main(ChildProcess.kt)

	at com.huawei.utbot.instrumentation.ConcreteExecutor.executeAsync(ConcreteExecutor.kt:391) ~[utbot-junit-contest-1.0.jar:?]
	at com.huawei.utbot.instrumentation.ConcreteExecutor$executeAsync$1.invokeSuspend(ConcreteExecutor.kt) ~[utbot-junit-contest-1.0.jar:?]
	at kotlin.coroutines.jvm.internal.BaseContinuationImpl.resumeWith(ContinuationImpl.kt:33) [utbot-junit-contest-1.0.jar:?]
	at kotlinx.coroutines.DispatchedTask.run(DispatchedTask.kt:106) [utbot-junit-contest-1.0.jar:?]
	at java.util.concurrent.Executors$RunnableAdapter.call(Executors.java:511) [?:1.8.0_312]
	at java.util.concurrent.FutureTask.run(FutureTask.java:266) [?:1.8.0_312]
	at java.util.concurrent.ScheduledThreadPoolExecutor$ScheduledFutureTask.access$201(ScheduledThreadPoolExecutor.java:180) [?:1.8.0_312]
	at java.util.concurrent.ScheduledThreadPoolExecutor$ScheduledFutureTask.run(ScheduledThreadPoolExecutor.java:293) [?:1.8.0_312]
	at java.util.concurrent.ThreadPoolExecutor.runWorker(ThreadPoolExecutor.java:1149) [?:1.8.0_312]
	at java.util.concurrent.ThreadPoolExecutor$Worker.run(ThreadPoolExecutor.java:624) [?:1.8.0_312]
	at java.lang.Thread.run(Thread.java:748) [?:1.8.0_312]
20:38:15.899 | DEBUG | --new testCase collected, to generate: testCom.google.common.collect.SparseImmutableTable.rowMap()1
20:38:15.900 | INFO  | Finished (in 0.048 sec): method com.google.common.collect.SparseImmutableTable.rowMap() 
<StatsForMethod> :
	#generatedTC=1
	FAILED 1 time(s) with 1 different exception(s)"
20:38:15.900 | DEBUG |  ... 
20:38:15.901 | INFO  | Started: method com.google.common.collect.SparseImmutableTable.size()
20:38:15.901 | INFO  |  -- Remaining time budget: 101151 ms, #remaining_methods: 5, budget for method: 20230 ms, solver timeout: 1000 ms, budget for symbolic execution: 19030 ms, budget for concrete execution: 1200 ms,  -- 
20:38:15.910 | ERROR | Symbolic execution FAILED
com.huawei.utbot.instrumentation.util.ChildProcessError: Error in the child process |> java.util.NoSuchElementException: List is empty.
	at kotlin.collections.CollectionsKt___CollectionsKt.first(_Collections.kt:212)
	at com.huawei.utbot.framework.concrete.UtExecutionInstrumentation.sortOutException(UtExecutionInstrumentation.kt:179)
	at com.huawei.utbot.framework.concrete.UtExecutionInstrumentation.access$sortOutException(UtExecutionInstrumentation.kt:96)
	at com.huawei.utbot.framework.concrete.UtExecutionInstrumentation$invoke$$inlined$use$lambda$1.invoke(UtExecutionInstrumentation.kt:152)
	at com.huawei.utbot.framework.concrete.UtExecutionInstrumentation$invoke$$inlined$use$lambda$1.invoke(UtExecutionInstrumentation.kt:96)
	at com.huawei.utbot.framework.concrete.UtExecutionInstrumentation.withStaticFields(UtExecutionInstrumentation.kt:225)
	at com.huawei.utbot.framework.concrete.UtExecutionInstrumentation.invoke(UtExecutionInstrumentation.kt:137)
	at com.huawei.utbot.framework.concrete.UtExecutionInstrumentation.invoke(UtExecutionInstrumentation.kt:96)
	at com.huawei.utbot.instrumentation.process.ChildProcessKt.loop(ChildProcess.kt:114)
	at com.huawei.utbot.instrumentation.process.ChildProcessKt.main(ChildProcess.kt:76)
	at com.huawei.utbot.instrumentation.process.ChildProcessKt.main(ChildProcess.kt)

	at com.huawei.utbot.instrumentation.ConcreteExecutor.executeAsync(ConcreteExecutor.kt:391) ~[utbot-junit-contest-1.0.jar:?]
	at com.huawei.utbot.instrumentation.ConcreteExecutor$executeAsync$1.invokeSuspend(ConcreteExecutor.kt) ~[utbot-junit-contest-1.0.jar:?]
	at kotlin.coroutines.jvm.internal.BaseContinuationImpl.resumeWith(ContinuationImpl.kt:33) [utbot-junit-contest-1.0.jar:?]
	at kotlinx.coroutines.DispatchedTask.run(DispatchedTask.kt:106) [utbot-junit-contest-1.0.jar:?]
	at java.util.concurrent.Executors$RunnableAdapter.call(Executors.java:511) [?:1.8.0_312]
	at java.util.concurrent.FutureTask.run(FutureTask.java:266) [?:1.8.0_312]
	at java.util.concurrent.ScheduledThreadPoolExecutor$ScheduledFutureTask.access$201(ScheduledThreadPoolExecutor.java:180) [?:1.8.0_312]
	at java.util.concurrent.ScheduledThreadPoolExecutor$ScheduledFutureTask.run(ScheduledThreadPoolExecutor.java:293) [?:1.8.0_312]
	at java.util.concurrent.ThreadPoolExecutor.runWorker(ThreadPoolExecutor.java:1149) [?:1.8.0_312]
	at java.util.concurrent.ThreadPoolExecutor$Worker.run(ThreadPoolExecutor.java:624) [?:1.8.0_312]
	at java.lang.Thread.run(Thread.java:748) [?:1.8.0_312]
20:38:15.950 | DEBUG | --new testCase collected, to generate: testCom.google.common.collect.SparseImmutableTable.size()1
20:38:15.951 | INFO  | Finished (in 0.049 sec): method com.google.common.collect.SparseImmutableTable.size() 
<StatsForMethod> :
	#generatedTC=1
	FAILED 1 time(s) with 1 different exception(s)"
20:38:15.952 | DEBUG |  ... 
20:38:15.952 | INFO  | Started: method com.google.common.collect.SparseImmutableTable.createSerializedForm()
20:38:15.953 | INFO  |  -- Remaining time budget: 101100 ms, #remaining_methods: 4, budget for method: 25275 ms, solver timeout: 1000 ms, budget for symbolic execution: 24075 ms, budget for concrete execution: 1200 ms,  -- 
20:38:15.958 | ERROR | Symbolic execution FAILED
com.huawei.utbot.instrumentation.util.ChildProcessError: Error in the child process |> java.util.NoSuchElementException: List is empty.
	at kotlin.collections.CollectionsKt___CollectionsKt.first(_Collections.kt:212)
	at com.huawei.utbot.framework.concrete.UtExecutionInstrumentation.sortOutException(UtExecutionInstrumentation.kt:179)
	at com.huawei.utbot.framework.concrete.UtExecutionInstrumentation.access$sortOutException(UtExecutionInstrumentation.kt:96)
	at com.huawei.utbot.framework.concrete.UtExecutionInstrumentation$invoke$$inlined$use$lambda$1.invoke(UtExecutionInstrumentation.kt:152)
	at com.huawei.utbot.framework.concrete.UtExecutionInstrumentation$invoke$$inlined$use$lambda$1.invoke(UtExecutionInstrumentation.kt:96)
	at com.huawei.utbot.framework.concrete.UtExecutionInstrumentation.withStaticFields(UtExecutionInstrumentation.kt:225)
	at com.huawei.utbot.framework.concrete.UtExecutionInstrumentation.invoke(UtExecutionInstrumentation.kt:137)
	at com.huawei.utbot.framework.concrete.UtExecutionInstrumentation.invoke(UtExecutionInstrumentation.kt:96)
	at com.huawei.utbot.instrumentation.process.ChildProcessKt.loop(ChildProcess.kt:114)
	at com.huawei.utbot.instrumentation.process.ChildProcessKt.main(ChildProcess.kt:76)
	at com.huawei.utbot.instrumentation.process.ChildProcessKt.main(ChildProcess.kt)

	at com.huawei.utbot.instrumentation.ConcreteExecutor.executeAsync(ConcreteExecutor.kt:391) ~[utbot-junit-contest-1.0.jar:?]
	at com.huawei.utbot.instrumentation.ConcreteExecutor$executeAsync$1.invokeSuspend(ConcreteExecutor.kt) ~[utbot-junit-contest-1.0.jar:?]
	at kotlin.coroutines.jvm.internal.BaseContinuationImpl.resumeWith(ContinuationImpl.kt:33) [utbot-junit-contest-1.0.jar:?]
	at kotlinx.coroutines.DispatchedTask.run(DispatchedTask.kt:106) [utbot-junit-contest-1.0.jar:?]
	at java.util.concurrent.Executors$RunnableAdapter.call(Executors.java:511) [?:1.8.0_312]
	at java.util.concurrent.FutureTask.run(FutureTask.java:266) [?:1.8.0_312]
	at java.util.concurrent.ScheduledThreadPoolExecutor$ScheduledFutureTask.access$201(ScheduledThreadPoolExecutor.java:180) [?:1.8.0_312]
	at java.util.concurrent.ScheduledThreadPoolExecutor$ScheduledFutureTask.run(ScheduledThreadPoolExecutor.java:293) [?:1.8.0_312]
	at java.util.concurrent.ThreadPoolExecutor.runWorker(ThreadPoolExecutor.java:1149) [?:1.8.0_312]
	at java.util.concurrent.ThreadPoolExecutor$Worker.run(ThreadPoolExecutor.java:624) [?:1.8.0_312]
	at java.lang.Thread.run(Thread.java:748) [?:1.8.0_312]
20:38:17.011 | DEBUG | --new testCase collected, to generate: testCom.google.common.collect.SparseImmutableTable.createSerializedForm()1
20:38:17.216 | DEBUG | --new testCase collected, to generate: testCom.google.common.collect.SparseImmutableTable.createSerializedForm()2
20:38:17.258 | DEBUG | --new testCase collected, to generate: testCom.google.common.collect.SparseImmutableTable.createSerializedForm()3
20:38:17.307 | INFO  | Finished (in 1.354 sec): method com.google.common.collect.SparseImmutableTable.createSerializedForm() 
<StatsForMethod> :
	#generatedTC=3
	FAILED 1 time(s) with 1 different exception(s)"
20:38:17.338 | DEBUG |  ... 
20:38:17.339 | INFO  | Started: method com.google.common.collect.SparseImmutableTable.getCell(int)
20:38:17.339 | INFO  |  -- Remaining time budget: 99714 ms, #remaining_methods: 3, budget for method: 33238 ms, solver timeout: 1000 ms, budget for symbolic execution: 32038 ms, budget for concrete execution: 1200 ms,  -- 
20:38:17.345 | ERROR | Symbolic execution FAILED
com.huawei.utbot.instrumentation.util.ChildProcessError: Error in the child process |> java.util.NoSuchElementException: List is empty.
	at kotlin.collections.CollectionsKt___CollectionsKt.first(_Collections.kt:212)
	at com.huawei.utbot.framework.concrete.UtExecutionInstrumentation.sortOutException(UtExecutionInstrumentation.kt:179)
	at com.huawei.utbot.framework.concrete.UtExecutionInstrumentation.access$sortOutException(UtExecutionInstrumentation.kt:96)
	at com.huawei.utbot.framework.concrete.UtExecutionInstrumentation$invoke$$inlined$use$lambda$1.invoke(UtExecutionInstrumentation.kt:152)
	at com.huawei.utbot.framework.concrete.UtExecutionInstrumentation$invoke$$inlined$use$lambda$1.invoke(UtExecutionInstrumentation.kt:96)
	at com.huawei.utbot.framework.concrete.UtExecutionInstrumentation.withStaticFields(UtExecutionInstrumentation.kt:225)
	at com.huawei.utbot.framework.concrete.UtExecutionInstrumentation.invoke(UtExecutionInstrumentation.kt:137)
	at com.huawei.utbot.framework.concrete.UtExecutionInstrumentation.invoke(UtExecutionInstrumentation.kt:96)
	at com.huawei.utbot.instrumentation.process.ChildProcessKt.loop(ChildProcess.kt:114)
	at com.huawei.utbot.instrumentation.process.ChildProcessKt.main(ChildProcess.kt:76)
	at com.huawei.utbot.instrumentation.process.ChildProcessKt.main(ChildProcess.kt)

	at com.huawei.utbot.instrumentation.ConcreteExecutor.executeAsync(ConcreteExecutor.kt:391) ~[utbot-junit-contest-1.0.jar:?]
	at com.huawei.utbot.instrumentation.ConcreteExecutor$executeAsync$1.invokeSuspend(ConcreteExecutor.kt) ~[utbot-junit-contest-1.0.jar:?]
	at kotlin.coroutines.jvm.internal.BaseContinuationImpl.resumeWith(ContinuationImpl.kt:33) [utbot-junit-contest-1.0.jar:?]
	at kotlinx.coroutines.DispatchedTask.run(DispatchedTask.kt:106) [utbot-junit-contest-1.0.jar:?]
	at java.util.concurrent.Executors$RunnableAdapter.call(Executors.java:511) [?:1.8.0_312]
	at java.util.concurrent.FutureTask.run(FutureTask.java:266) [?:1.8.0_312]
	at java.util.concurrent.ScheduledThreadPoolExecutor$ScheduledFutureTask.access$201(ScheduledThreadPoolExecutor.java:180) [?:1.8.0_312]
	at java.util.concurrent.ScheduledThreadPoolExecutor$ScheduledFutureTask.run(ScheduledThreadPoolExecutor.java:293) [?:1.8.0_312]
	at java.util.concurrent.ThreadPoolExecutor.runWorker(ThreadPoolExecutor.java:1149) [?:1.8.0_312]
	at java.util.concurrent.ThreadPoolExecutor$Worker.run(ThreadPoolExecutor.java:624) [?:1.8.0_312]
	at java.lang.Thread.run(Thread.java:748) [?:1.8.0_312]
20:38:17.379 | DEBUG | --new testCase collected, to generate: testCom.google.common.collect.SparseImmutableTable.getCell(int)1
20:38:17.401 | DEBUG | --new testCase collected, to generate: testCom.google.common.collect.SparseImmutableTable.getCell(int)2
20:38:17.601 | DEBUG | --new testCase collected, to generate: testCom.google.common.collect.SparseImmutableTable.getCell(int)3
20:38:17.626 | DEBUG | --new testCase collected, to generate: testCom.google.common.collect.SparseImmutableTable.getCell(int)4
20:38:17.653 | DEBUG | --new testCase collected, to generate: testCom.google.common.collect.SparseImmutableTable.getCell(int)5
20:38:17.715 | DEBUG | --new testCase collected, to generate: testCom.google.common.collect.SparseImmutableTable.getCell(int)6
20:38:18.068 | DEBUG | --new testCase collected, to generate: testCom.google.common.collect.SparseImmutableTable.getCell(int)7
20:38:18.225 | DEBUG | --new testCase collected, to generate: testCom.google.common.collect.SparseImmutableTable.getCell(int)8
20:38:18.374 | DEBUG | --new testCase collected, to generate: testCom.google.common.collect.SparseImmutableTable.getCell(int)9
20:38:18.510 | DEBUG | --new testCase collected, to generate: testCom.google.common.collect.SparseImmutableTable.getCell(int)10
20:38:18.698 | DEBUG | --new testCase collected, to generate: testCom.google.common.collect.SparseImmutableTable.getCell(int)11
20:38:18.890 | DEBUG | --new testCase collected, to generate: testCom.google.common.collect.SparseImmutableTable.getCell(int)12
20:38:19.281 | DEBUG | --new testCase collected, to generate: testCom.google.common.collect.SparseImmutableTable.getCell(int)13
20:38:19.610 | DEBUG | --new testCase collected, to generate: testCom.google.common.collect.SparseImmutableTable.getCell(int)14
20:38:20.825 | DEBUG | --new testCase collected, to generate: testCom.google.common.collect.SparseImmutableTable.getCell(int)15
20:38:21.993 | DEBUG | --new testCase collected, to generate: testCom.google.common.collect.SparseImmutableTable.getCell(int)16
20:38:22.882 | DEBUG | --new testCase collected, to generate: testCom.google.common.collect.SparseImmutableTable.getCell(int)17
20:38:24.247 | DEBUG | --new testCase collected, to generate: testCom.google.common.collect.SparseImmutableTable.getCell(int)18
20:38:24.732 | DEBUG | --new testCase collected, to generate: testCom.google.common.collect.SparseImmutableTable.getCell(int)19
20:38:25.404 | DEBUG | --new testCase collected, to generate: testCom.google.common.collect.SparseImmutableTable.getCell(int)20
20:38:29.074 | DEBUG | --new testCase collected, to generate: testCom.google.common.collect.SparseImmutableTable.getCell(int)21
20:38:31.061 | DEBUG | --new testCase collected, to generate: testCom.google.common.collect.SparseImmutableTable.getCell(int)22
20:38:33.397 | DEBUG | --new testCase collected, to generate: testCom.google.common.collect.SparseImmutableTable.getCell(int)23
20:38:33.463 | INFO  | Finished (in 16.124 sec): method com.google.common.collect.SparseImmutableTable.getCell(int) 
<StatsForMethod> :
	#generatedTC=23
	FAILED 1 time(s) with 1 different exception(s)"
20:38:33.689 | DEBUG |  ... 
20:38:33.690 | INFO  | Started: method com.google.common.collect.SparseImmutableTable.getValue(int)
20:38:33.690 | INFO  |  -- Remaining time budget: 83363 ms, #remaining_methods: 2, budget for method: 41681 ms, solver timeout: 1000 ms, budget for symbolic execution: 40481 ms, budget for concrete execution: 1200 ms,  -- 
20:38:33.696 | ERROR | Symbolic execution FAILED
com.huawei.utbot.instrumentation.util.ChildProcessError: Error in the child process |> java.util.NoSuchElementException: List is empty.
	at kotlin.collections.CollectionsKt___CollectionsKt.first(_Collections.kt:212)
	at com.huawei.utbot.framework.concrete.UtExecutionInstrumentation.sortOutException(UtExecutionInstrumentation.kt:179)
	at com.huawei.utbot.framework.concrete.UtExecutionInstrumentation.access$sortOutException(UtExecutionInstrumentation.kt:96)
	at com.huawei.utbot.framework.concrete.UtExecutionInstrumentation$invoke$$inlined$use$lambda$1.invoke(UtExecutionInstrumentation.kt:152)
	at com.huawei.utbot.framework.concrete.UtExecutionInstrumentation$invoke$$inlined$use$lambda$1.invoke(UtExecutionInstrumentation.kt:96)
	at com.huawei.utbot.framework.concrete.UtExecutionInstrumentation.withStaticFields(UtExecutionInstrumentation.kt:225)
	at com.huawei.utbot.framework.concrete.UtExecutionInstrumentation.invoke(UtExecutionInstrumentation.kt:137)
	at com.huawei.utbot.framework.concrete.UtExecutionInstrumentation.invoke(UtExecutionInstrumentation.kt:96)
	at com.huawei.utbot.instrumentation.process.ChildProcessKt.loop(ChildProcess.kt:114)
	at com.huawei.utbot.instrumentation.process.ChildProcessKt.main(ChildProcess.kt:76)
	at com.huawei.utbot.instrumentation.process.ChildProcessKt.main(ChildProcess.kt)

	at com.huawei.utbot.instrumentation.ConcreteExecutor.executeAsync(ConcreteExecutor.kt:391) ~[utbot-junit-contest-1.0.jar:?]
	at com.huawei.utbot.instrumentation.ConcreteExecutor$executeAsync$1.invokeSuspend(ConcreteExecutor.kt) ~[utbot-junit-contest-1.0.jar:?]
	at kotlin.coroutines.jvm.internal.BaseContinuationImpl.resumeWith(ContinuationImpl.kt:33) [utbot-junit-contest-1.0.jar:?]
	at kotlinx.coroutines.DispatchedTask.run(DispatchedTask.kt:106) [utbot-junit-contest-1.0.jar:?]
	at java.util.concurrent.Executors$RunnableAdapter.call(Executors.java:511) [?:1.8.0_312]
	at java.util.concurrent.FutureTask.run(FutureTask.java:266) [?:1.8.0_312]
	at java.util.concurrent.ScheduledThreadPoolExecutor$ScheduledFutureTask.access$201(ScheduledThreadPoolExecutor.java:180) [?:1.8.0_312]
	at java.util.concurrent.ScheduledThreadPoolExecutor$ScheduledFutureTask.run(ScheduledThreadPoolExecutor.java:293) [?:1.8.0_312]
	at java.util.concurrent.ThreadPoolExecutor.runWorker(ThreadPoolExecutor.java:1149) [?:1.8.0_312]
	at java.util.concurrent.ThreadPoolExecutor$Worker.run(ThreadPoolExecutor.java:624) [?:1.8.0_312]
	at java.lang.Thread.run(Thread.java:748) [?:1.8.0_312]
20:38:33.726 | DEBUG | --new testCase collected, to generate: testCom.google.common.collect.SparseImmutableTable.getValue(int)1
20:38:33.748 | DEBUG | --new testCase collected, to generate: testCom.google.common.collect.SparseImmutableTable.getValue(int)2
20:38:33.915 | DEBUG | --new testCase collected, to generate: testCom.google.common.collect.SparseImmutableTable.getValue(int)3
20:38:33.940 | DEBUG | --new testCase collected, to generate: testCom.google.common.collect.SparseImmutableTable.getValue(int)4
20:38:33.963 | DEBUG | --new testCase collected, to generate: testCom.google.common.collect.SparseImmutableTable.getValue(int)5
20:38:34.058 | DEBUG | --new testCase collected, to generate: testCom.google.common.collect.SparseImmutableTable.getValue(int)6
20:38:34.132 | DEBUG | --new testCase collected, to generate: testCom.google.common.collect.SparseImmutableTable.getValue(int)7
20:38:34.209 | DEBUG | --new testCase collected, to generate: testCom.google.common.collect.SparseImmutableTable.getValue(int)8
20:38:34.321 | DEBUG | --new testCase collected, to generate: testCom.google.common.collect.SparseImmutableTable.getValue(int)9
20:38:34.381 | INFO  | Finished (in 0.691 sec): method com.google.common.collect.SparseImmutableTable.getValue(int) 
<StatsForMethod> :
	#generatedTC=9
	FAILED 1 time(s) with 1 different exception(s)"
20:38:34.388 | DEBUG |  ... 
20:38:34.389 | INFO  | Started: method com.google.common.collect.SparseImmutableTable.<init>(ImmutableList, ImmutableSet, ImmutableSet)
20:38:34.389 | INFO  |  -- Remaining time budget: 82664 ms, #remaining_methods: 1, budget for method: 82664 ms, solver timeout: 1000 ms, budget for symbolic execution: 81464 ms, budget for concrete execution: 1200 ms,  -- 
20:38:34.405 | DEBUG | --new testCase collected, to generate: testCom.google.common.collect.SparseImmutableTable.<init>(ImmutableList, ImmutableSet, ImmutableSet)1
20:38:34.525 | DEBUG | --new testCase collected, to generate: testCom.google.common.collect.SparseImmutableTable.<init>(ImmutableList, ImmutableSet, ImmutableSet)2
20:38:34.549 | DEBUG | --new testCase collected, to generate: testCom.google.common.collect.SparseImmutableTable.<init>(ImmutableList, ImmutableSet, ImmutableSet)3
20:38:34.628 | DEBUG | --new testCase collected, to generate: testCom.google.common.collect.SparseImmutableTable.<init>(ImmutableList, ImmutableSet, ImmutableSet)4
20:38:34.739 | DEBUG | --new testCase collected, to generate: testCom.google.common.collect.SparseImmutableTable.<init>(ImmutableList, ImmutableSet, ImmutableSet)5
20:38:34.916 | DEBUG | --new testCase collected, to generate: testCom.google.common.collect.SparseImmutableTable.<init>(ImmutableList, ImmutableSet, ImmutableSet)6
20:38:34.925 | DEBUG | --new testCase collected, to generate: testCom.google.common.collect.SparseImmutableTable.<init>(ImmutableList, ImmutableSet, ImmutableSet)7
20:38:34.950 | DEBUG | --new testCase collected, to generate: testCom.google.common.collect.SparseImmutableTable.<init>(ImmutableList, ImmutableSet, ImmutableSet)8
20:38:35.093 | DEBUG | --new testCase collected, to generate: testCom.google.common.collect.SparseImmutableTable.<init>(ImmutableList, ImmutableSet, ImmutableSet)9
20:38:35.187 | DEBUG | --new testCase collected, to generate: testCom.google.common.collect.SparseImmutableTable.<init>(ImmutableList, ImmutableSet, ImmutableSet)10
20:38:35.417 | DEBUG | --new testCase collected, to generate: testCom.google.common.collect.SparseImmutableTable.<init>(ImmutableList, ImmutableSet, ImmutableSet)11
20:38:36.561 | DEBUG | --new testCase collected, to generate: testCom.google.common.collect.SparseImmutableTable.<init>(ImmutableList, ImmutableSet, ImmutableSet)12
20:38:37.546 | DEBUG | --new testCase collected, to generate: testCom.google.common.collect.SparseImmutableTable.<init>(ImmutableList, ImmutableSet, ImmutableSet)13
20:38:37.713 | DEBUG | --new testCase collected, to generate: testCom.google.common.collect.SparseImmutableTable.<init>(ImmutableList, ImmutableSet, ImmutableSet)14
20:38:38.236 | DEBUG | --new testCase collected, to generate: testCom.google.common.collect.SparseImmutableTable.<init>(ImmutableList, ImmutableSet, ImmutableSet)15
20:38:38.959 | DEBUG | --new testCase collected, to generate: testCom.google.common.collect.SparseImmutableTable.<init>(ImmutableList, ImmutableSet, ImmutableSet)16
20:38:40.464 | DEBUG | --new testCase collected, to generate: testCom.google.common.collect.SparseImmutableTable.<init>(ImmutableList, ImmutableSet, ImmutableSet)17
20:38:40.876 | DEBUG | --new testCase collected, to generate: testCom.google.common.collect.SparseImmutableTable.<init>(ImmutableList, ImmutableSet, ImmutableSet)18
20:39:02.166 | DEBUG | --new testCase collected, to generate: testCom.google.common.collect.SparseImmutableTable.<init>(ImmutableList, ImmutableSet, ImmutableSet)19
20:39:04.599 | DEBUG | --new testCase collected, to generate: testCom.google.common.collect.SparseImmutableTable.<init>(ImmutableList, ImmutableSet, ImmutableSet)20
20:39:17.278 | DEBUG | --new testCase collected, to generate: testCom.google.common.collect.SparseImmutableTable.<init>(ImmutableList, ImmutableSet, ImmutableSet)21
20:39:50.422 | DEBUG | --new testCase collected, to generate: testCom.google.common.collect.SparseImmutableTable.<init>(ImmutableList, ImmutableSet, ImmutableSet)22
20:39:52.201 | DEBUG | --new testCase collected, to generate: testCom.google.common.collect.SparseImmutableTable.<init>(ImmutableList, ImmutableSet, ImmutableSet)23
20:39:55.854 | INFO  | |> Starting concrete execution for remaining state: com.google.common.collect.SparseImmutableTable.<init>(ImmutableList, ImmutableSet, ImmutableSet)
20:39:57.055 | INFO  | (X) Cancelling concrete execution: com.google.common.collect.SparseImmutableTable.<init>(ImmutableList, ImmutableSet, ImmutableSet)
20:39:57.058 | WARN  | Cancelling job because timeout 102000 ms elapsed (real cancellation can take time)
20:39:57.264 | INFO  | Started: Flushing tests for [SparseImmutableTable] on disk
20:39:57.468 | INFO  | Finished (in 83.079 sec): method com.google.common.collect.SparseImmutableTable.<init>(ImmutableList, ImmutableSet, ImmutableSet) 
<StatsForMethod> :
	#generatedTC=23
	WITH NO EXCEPTIONS
20:39:57.727 | INFO  | File size for SparseImmutableTableTest: 96 KB
20:39:57.730 | INFO  | Finished (in 0.465 sec): Flushing tests for [SparseImmutableTable] on disk 
20:39:57.731 | INFO  | Finished (in 102.656 sec): class com.google.common.collect.SparseImmutableTable 
<StatsForClass> :
	canceled by timeout = true
	#methods = 7, 
	#methods started symbolic exploration = 7
	#methods with at least one TC = 7
	#methods with exceptions = 6
	#generated TC = 61
	#coverage = null
[READY]
