Started UtBot Contest, classfileDir = /var/benchmarks/projects/seata/core/target/classes, classpathString=/var/benchmarks/projects/seata/core/target/classes:/var/benchmarks/projects/seata/core/target/seata-core-0.5.0.jar:/var/benchmarks/projects/./seata/core/target/dependency/mockito-core-2.23.4.jar:/var/benchmarks/projects/seata/core/target/dependency/byte-buddy-agent-1.9.3.jar:/var/benchmarks/projects/seata/core/target/dependency/assertj-core-2.6.0.jar:/var/benchmarks/projects/seata/core/target/dependency/seata-common-0.5.0.jar:/var/benchmarks/projects/seata/core/target/dependency/byte-buddy-1.9.3.jar:/var/benchmarks/projects/seata/core/target/dependency/objenesis-2.6.jar:/var/benchmarks/projects/seata/core/target/dependency/seata-discovery-core-0.5.0.jar:/var/benchmarks/projects/seata/core/target/dependency/commons-pool2-2.4.2.jar:/var/benchmarks/projects/seata/core/target/dependency/junit-4.12.jar:/var/benchmarks/projects/seata/core/target/dependency/hamcrest-core-1.3.jar:/var/benchmarks/projects/seata/core/target/dependency/slf4j-api-1.7.22.jar:/var/benchmarks/projects/seata/core/target/dependency/seata-config-core-0.5.0.jar:/var/benchmarks/projects/seata/core/target/dependency/netty-all-4.1.24.Final.jar:/var/benchmarks/projects/seata/core/target/dependency/commons-lang-2.6.jar:/var/benchmarks/projects/seata/core/target/dependency/fastjson-1.2.48.jar:/var/benchmarks/projects/seata/core/target/dependency/config-1.2.1.jar:/var/benchmarks/projects/seata/core/target/dependency/commons-pool-1.6.jar, outputDir=/home/utbot_mocks/temp/testcases, mocks=Other classes: Mockito
00:05:18.245 | INFO  | Started: warmup: kotlin reflection :: init
00:05:18.325 | INFO  | Finished (in 0.080 sec): warmup: kotlin reflection :: init 
[INIT]
>> [RUN] io.seata.core.store.StoreMode 120
00:05:18.335 | DEBUG | -----------------------------------------------------------------------------
00:05:18.336 | INFO  | Contest.runGeneration: Time budget: 120000 ms, Generation timeout=102000 ms, classpath=/var/benchmarks/projects/seata/core/target/classes:/var/benchmarks/projects/seata/core/target/seata-core-0.5.0.jar:/var/benchmarks/projects/./seata/core/target/dependency/mockito-core-2.23.4.jar:/var/benchmarks/projects/seata/core/target/dependency/byte-buddy-agent-1.9.3.jar:/var/benchmarks/projects/seata/core/target/dependency/assertj-core-2.6.0.jar:/var/benchmarks/projects/seata/core/target/dependency/seata-common-0.5.0.jar:/var/benchmarks/projects/seata/core/target/dependency/byte-buddy-1.9.3.jar:/var/benchmarks/projects/seata/core/target/dependency/objenesis-2.6.jar:/var/benchmarks/projects/seata/core/target/dependency/seata-discovery-core-0.5.0.jar:/var/benchmarks/projects/seata/core/target/dependency/commons-pool2-2.4.2.jar:/var/benchmarks/projects/seata/core/target/dependency/junit-4.12.jar:/var/benchmarks/projects/seata/core/target/dependency/hamcrest-core-1.3.jar:/var/benchmarks/projects/seata/core/target/dependency/slf4j-api-1.7.22.jar:/var/benchmarks/projects/seata/core/target/dependency/seata-config-core-0.5.0.jar:/var/benchmarks/projects/seata/core/target/dependency/netty-all-4.1.24.Final.jar:/var/benchmarks/projects/seata/core/target/dependency/commons-lang-2.6.jar:/var/benchmarks/projects/seata/core/target/dependency/fastjson-1.2.48.jar:/var/benchmarks/projects/seata/core/target/dependency/config-1.2.1.jar:/var/benchmarks/projects/seata/core/target/dependency/commons-pool-1.6.jar, methodNameFilter=null
00:05:18.338 | INFO  | ClassUnderTest[ FQN: io.seata.core.store.StoreMode
    classfileDir: /var/benchmarks/projects/seata/core/target/classes
    testClassSimpleName: StoreModeTest
    generatedTestFile: /home/utbot_mocks/temp/testcases/io/seata/core/store/StoreModeTest.java
    generatedTestsSourcesDir: /home/utbot_mocks/temp/testcases
]
00:05:18.366 | INFO  | Started: class io.seata.core.store.StoreMode
00:05:18.367 | INFO  | Started: preparation class class io.seata.core.store.StoreMode: kotlin reflection :: run
00:05:18.462 | INFO  | Finished (in 0.095 sec): preparation class class io.seata.core.store.StoreMode: kotlin reflection :: run 
00:05:18.463 | INFO  | Started: 2nd optional soot initialization
00:05:18.464 | INFO  | Finished (in 0.001 sec): 2nd optional soot initialization 
00:05:18.473 | DEBUG |  ... 
00:05:18.495 | INFO  | Started: method io.seata.core.store.StoreMode.valueof(String)
00:05:18.496 | INFO  |  -- Remaining time budget: 101861 ms, #remaining_methods: 4, budget for method: 25465 ms, solver timeout: 1000 ms, budget for symbolic execution: 24265 ms, budget for concrete execution: 1200 ms,  -- 
00:05:18.814 | DEBUG | --new testCase collected, to generate: testIo.seata.core.store.StoreMode.valueof(String)1
00:05:21.966 | DEBUG | --new testCase collected, to generate: testIo.seata.core.store.StoreMode.valueof(String)2
00:05:25.176 | DEBUG | --new testCase collected, to generate: testIo.seata.core.store.StoreMode.valueof(String)3
00:05:25.207 | INFO  | Finished (in 6.711 sec): method io.seata.core.store.StoreMode.valueof(String) 
<StatsForMethod> :
	#generatedTC=3
	WITH NO EXCEPTIONS
00:05:25.471 | DEBUG |  ... 
00:05:25.472 | INFO  | Started: method io.seata.core.store.StoreMode.valueOf(String)
00:05:25.472 | INFO  |  -- Remaining time budget: 94864 ms, #remaining_methods: 3, budget for method: 31621 ms, solver timeout: 1000 ms, budget for symbolic execution: 30421 ms, budget for concrete execution: 1200 ms,  -- 
00:05:25.481 | DEBUG | --new testCase collected, to generate: testIo.seata.core.store.StoreMode.valueOf(String)1
00:05:27.668 | DEBUG | --new testCase collected, to generate: testIo.seata.core.store.StoreMode.valueOf(String)2
00:05:32.416 | DEBUG | --new testCase collected, to generate: testIo.seata.core.store.StoreMode.valueOf(String)3
00:05:34.155 | DEBUG | --new testCase collected, to generate: testIo.seata.core.store.StoreMode.valueOf(String)4
00:05:51.674 | DEBUG | --new testCase collected, to generate: testIo.seata.core.store.StoreMode.valueOf(String)5
00:05:52.448 | DEBUG | --new testCase collected, to generate: testIo.seata.core.store.StoreMode.valueOf(String)6
00:05:55.894 | INFO  | |> Starting concrete execution for remaining state: io.seata.core.store.StoreMode.valueOf(String)
00:05:56.382 | DEBUG | --new testCase collected, to generate: testIo.seata.core.store.StoreMode.valueOf(String)7
00:05:57.095 | INFO  | (X) Cancelling concrete execution: io.seata.core.store.StoreMode.valueOf(String)
00:05:57.520 | INFO  | Finished (in 32.039 sec): method io.seata.core.store.StoreMode.valueOf(String) 
<StatsForMethod> :
	#generatedTC=7
	WITH NO EXCEPTIONS
00:05:57.537 | DEBUG |  ... 
00:05:57.538 | INFO  | Started: method io.seata.core.store.StoreMode.values()
00:05:57.539 | INFO  |  -- Remaining time budget: 62798 ms, #remaining_methods: 2, budget for method: 31399 ms, solver timeout: 1000 ms, budget for symbolic execution: 30199 ms, budget for concrete execution: 1200 ms,  -- 
00:05:57.548 | DEBUG | --new testCase collected, to generate: testIo.seata.core.store.StoreMode.values()1
00:05:57.751 | DEBUG | --new testCase collected, to generate: testIo.seata.core.store.StoreMode.values()2
00:05:57.752 | INFO  | Finished (in 0.213 sec): method io.seata.core.store.StoreMode.values() 
<StatsForMethod> :
	#generatedTC=2
	WITH NO EXCEPTIONS
00:05:57.774 | DEBUG |  ... 
00:05:57.774 | INFO  | Started: method io.seata.core.store.StoreMode.<init>()
00:05:57.775 | INFO  |  -- Remaining time budget: 62562 ms, #remaining_methods: 1, budget for method: 62562 ms, solver timeout: 1000 ms, budget for symbolic execution: 61362 ms, budget for concrete execution: 1200 ms,  -- 
00:05:57.788 | ERROR | Symbolic execution FAILED
com.huawei.utbot.instrumentation.util.ChildProcessError: Error in the child process |> java.lang.IllegalArgumentException: Cannot reflectively create enum objects
	at java.lang.reflect.Constructor.newInstance(Constructor.java:417)
	at com.huawei.utbot.instrumentation.instrumentation.InvokeInstrumentation$invoke$$inlined$run$lambda$2.invoke(InvokeInstrumentation.kt:70)
	at com.huawei.utbot.common.ThreadBasedExecutor$invokeWithTimeout$1.invoke(ThreadUtil.kt:43)
	at com.huawei.utbot.common.ThreadBasedExecutor$invokeWithTimeout$1.invoke(ThreadUtil.kt:22)
	at kotlin.concurrent.ThreadsKt$thread$thread$1.run(Thread.kt:30)

	at com.huawei.utbot.instrumentation.ConcreteExecutor.executeAsync(ConcreteExecutor.kt:391) ~[utbot-junit-contest-1.0.jar:?]
	at com.huawei.utbot.instrumentation.ConcreteExecutor$executeAsync$1.invokeSuspend(ConcreteExecutor.kt) ~[utbot-junit-contest-1.0.jar:?]
	at kotlin.coroutines.jvm.internal.BaseContinuationImpl.resumeWith(ContinuationImpl.kt:33) [utbot-junit-contest-1.0.jar:?]
	at kotlinx.coroutines.DispatchedTask.run(DispatchedTask.kt:106) [utbot-junit-contest-1.0.jar:?]
	at java.util.concurrent.Executors$RunnableAdapter.call(Executors.java:511) [?:1.8.0_312]
	at java.util.concurrent.FutureTask.run(FutureTask.java:266) [?:1.8.0_312]
	at java.util.concurrent.ScheduledThreadPoolExecutor$ScheduledFutureTask.access$201(ScheduledThreadPoolExecutor.java:180) [?:1.8.0_312]
	at java.util.concurrent.ScheduledThreadPoolExecutor$ScheduledFutureTask.run(ScheduledThreadPoolExecutor.java:293) [?:1.8.0_312]
	at java.util.concurrent.ThreadPoolExecutor.runWorker(ThreadPoolExecutor.java:1149) [?:1.8.0_312]
	at java.util.concurrent.ThreadPoolExecutor$Worker.run(ThreadPoolExecutor.java:624) [?:1.8.0_312]
	at java.lang.Thread.run(Thread.java:748) [?:1.8.0_312]
00:05:57.855 | DEBUG | --new testCase collected, to generate: testIo.seata.core.store.StoreMode.<init>()1
00:05:57.855 | INFO  | Finished (in 0.080 sec): method io.seata.core.store.StoreMode.<init>() 
<StatsForMethod> :
	#generatedTC=1
	FAILED 1 time(s) with 1 different exception(s)"
00:05:57.864 | INFO  | Started: Flushing tests for [StoreMode] on disk
00:05:57.993 | INFO  | File size for StoreModeTest: 9 KB
00:05:57.994 | INFO  | Finished (in 0.130 sec): Flushing tests for [StoreMode] on disk 
00:05:57.995 | INFO  | Finished (in 39.628 sec): class io.seata.core.store.StoreMode 
<StatsForClass> :
	canceled by timeout = false
	#methods = 4, 
	#methods started symbolic exploration = 4
	#methods with at least one TC = 4
	#methods with exceptions = 1
	#generated TC = 13
	#coverage = null
[READY]
