Started UtBot Contest, classfileDir = /var/benchmarks/projects/guava/guava/target/classes, classpathString=/var/benchmarks/projects/guava/guava/target/classes:/var/benchmarks/projects/guava/guava/target/guava-26.0-jre.jar:/var/benchmarks/projects/./guava/guava/target/dependency/checker-qual-2.5.2.jar:/var/benchmarks/projects/guava/guava/target/dependency/error_prone_annotations-2.1.3.jar:/var/benchmarks/projects/guava/guava/target/dependency/j2objc-annotations-1.1.jar:/var/benchmarks/projects/guava/guava/target/dependency/jsr305-3.0.2.jar:/var/benchmarks/projects/guava/guava/target/dependency/animal-sniffer-annotations-1.14.jar, outputDir=/home/utbot_mocks/temp/testcases, mocks=Other classes: Mockito
16:33:36.594 | INFO  | Started: warmup: kotlin reflection :: init
16:33:36.674 | INFO  | Finished (in 0.079 sec): warmup: kotlin reflection :: init 
[INIT]
>> [RUN] com.google.common.primitives.Booleans 30
16:33:36.683 | DEBUG | -----------------------------------------------------------------------------
16:33:36.684 | INFO  | Contest.runGeneration: Time budget: 30000 ms, Generation timeout=25500 ms, classpath=/var/benchmarks/projects/guava/guava/target/classes:/var/benchmarks/projects/guava/guava/target/guava-26.0-jre.jar:/var/benchmarks/projects/./guava/guava/target/dependency/checker-qual-2.5.2.jar:/var/benchmarks/projects/guava/guava/target/dependency/error_prone_annotations-2.1.3.jar:/var/benchmarks/projects/guava/guava/target/dependency/j2objc-annotations-1.1.jar:/var/benchmarks/projects/guava/guava/target/dependency/jsr305-3.0.2.jar:/var/benchmarks/projects/guava/guava/target/dependency/animal-sniffer-annotations-1.14.jar, methodNameFilter=null
16:33:36.685 | INFO  | ClassUnderTest[ FQN: com.google.common.primitives.Booleans
    classfileDir: /var/benchmarks/projects/guava/guava/target/classes
    testClassSimpleName: BooleansTest
    generatedTestFile: /home/utbot_mocks/temp/testcases/com/google/common/primitives/BooleansTest.java
    generatedTestsSourcesDir: /home/utbot_mocks/temp/testcases
]
16:33:36.710 | INFO  | Started: class com.google.common.primitives.Booleans
16:33:36.711 | INFO  | Started: preparation class class com.google.common.primitives.Booleans: kotlin reflection :: run
16:33:37.069 | INFO  | Finished (in 0.357 sec): preparation class class com.google.common.primitives.Booleans: kotlin reflection :: run 
16:33:37.070 | INFO  | Started: 2nd optional soot initialization
16:33:37.071 | INFO  | Finished (in 0.001 sec): 2nd optional soot initialization 
16:33:37.078 | DEBUG |  ... 
16:33:37.085 | INFO  | Started: method com.google.common.primitives.Booleans.hashCode(boolean)
16:33:37.086 | INFO  |  -- Remaining time budget: 25104 ms, #remaining_methods: 44, budget for method: 570 ms, solver timeout: 285 ms, budget for symbolic execution: 285 ms, budget for concrete execution: 285 ms,  -- 
16:33:37.373 | INFO  | |> Starting concrete execution for remaining state: com.google.common.primitives.Booleans.hashCode(boolean)
16:33:37.376 | DEBUG | --new testCase collected, to generate: testCom.google.common.primitives.Booleans.hashCode(boolean)1
16:33:37.535 | DEBUG | --new testCase collected, to generate: testCom.google.common.primitives.Booleans.hashCode(boolean)2
16:33:37.539 | DEBUG | --new testCase collected, to generate: testCom.google.common.primitives.Booleans.hashCode(boolean)3
16:33:37.540 | INFO  | Finished (in 0.455 sec): method com.google.common.primitives.Booleans.hashCode(boolean) 
<StatsForMethod> :
	#generatedTC=3
	WITH NO EXCEPTIONS
16:33:37.541 | DEBUG |  ... 
16:33:37.542 | INFO  | Started: method com.google.common.primitives.Booleans.indexOf(boolean[], boolean, int, int)
16:33:37.542 | INFO  |  -- Remaining time budget: 24642 ms, #remaining_methods: 43, budget for method: 573 ms, solver timeout: 286 ms, budget for symbolic execution: 287 ms, budget for concrete execution: 286 ms,  -- 
16:33:37.553 | DEBUG | --new testCase collected, to generate: testCom.google.common.primitives.Booleans.indexOf(boolean[], boolean, int, int)1
16:33:37.631 | DEBUG | --new testCase collected, to generate: testCom.google.common.primitives.Booleans.indexOf(boolean[], boolean, int, int)2
16:33:38.174 | INFO  | |> Starting concrete execution for remaining state: com.google.common.primitives.Booleans.indexOf(boolean[], boolean, int, int)
16:33:38.182 | DEBUG | --new testCase collected, to generate: testCom.google.common.primitives.Booleans.indexOf(boolean[], boolean, int, int)3
16:33:38.205 | DEBUG | --new testCase collected, to generate: testCom.google.common.primitives.Booleans.indexOf(boolean[], boolean, int, int)4
16:33:38.227 | DEBUG | --new testCase collected, to generate: testCom.google.common.primitives.Booleans.indexOf(boolean[], boolean, int, int)5
16:33:38.247 | DEBUG | --new testCase collected, to generate: testCom.google.common.primitives.Booleans.indexOf(boolean[], boolean, int, int)6
16:33:38.257 | DEBUG | --new testCase collected, to generate: testCom.google.common.primitives.Booleans.indexOf(boolean[], boolean, int, int)7
16:33:38.257 | INFO  | Finished (in 0.715 sec): method com.google.common.primitives.Booleans.indexOf(boolean[], boolean, int, int) 
<StatsForMethod> :
	#generatedTC=7
	WITH NO EXCEPTIONS
16:33:38.259 | DEBUG |  ... 
16:33:38.259 | INFO  | Started: method com.google.common.primitives.Booleans.indexOf(boolean[], boolean[])
16:33:38.260 | INFO  |  -- Remaining time budget: 23925 ms, #remaining_methods: 42, budget for method: 569 ms, solver timeout: 284 ms, budget for symbolic execution: 285 ms, budget for concrete execution: 284 ms,  -- 
16:33:38.274 | DEBUG | --new testCase collected, to generate: testCom.google.common.primitives.Booleans.indexOf(boolean[], boolean[])1
16:33:38.545 | INFO  | |> Starting concrete execution for remaining state: com.google.common.primitives.Booleans.indexOf(boolean[], boolean[])
16:33:38.609 | DEBUG | --new testCase collected, to generate: testCom.google.common.primitives.Booleans.indexOf(boolean[], boolean[])2
16:33:38.782 | DEBUG | --new testCase collected, to generate: testCom.google.common.primitives.Booleans.indexOf(boolean[], boolean[])3
16:33:38.830 | INFO  | (X) Cancelling concrete execution: com.google.common.primitives.Booleans.indexOf(boolean[], boolean[])
16:33:38.922 | INFO  | Finished (in 0.663 sec): method com.google.common.primitives.Booleans.indexOf(boolean[], boolean[]) 
<StatsForMethod> :
	#generatedTC=3
	WITH NO EXCEPTIONS
16:33:38.925 | DEBUG |  ... 
16:33:38.925 | INFO  | Started: method com.google.common.primitives.Booleans.indexOf(boolean[], boolean)
16:33:38.925 | INFO  |  -- Remaining time budget: 23259 ms, #remaining_methods: 41, budget for method: 567 ms, solver timeout: 283 ms, budget for symbolic execution: 284 ms, budget for concrete execution: 283 ms,  -- 
16:33:38.931 | DEBUG | --new testCase collected, to generate: testCom.google.common.primitives.Booleans.indexOf(boolean[], boolean)1
16:33:38.955 | DEBUG | --new testCase collected, to generate: testCom.google.common.primitives.Booleans.indexOf(boolean[], boolean)2
16:33:39.027 | DEBUG | --new testCase collected, to generate: testCom.google.common.primitives.Booleans.indexOf(boolean[], boolean)3
16:33:39.051 | DEBUG | --new testCase collected, to generate: testCom.google.common.primitives.Booleans.indexOf(boolean[], boolean)4
16:33:39.054 | INFO  | Finished (in 0.129 sec): method com.google.common.primitives.Booleans.indexOf(boolean[], boolean) 
<StatsForMethod> :
	#generatedTC=4
	WITH NO EXCEPTIONS
16:33:39.058 | DEBUG |  ... 
16:33:39.058 | INFO  | Started: method com.google.common.primitives.Booleans.lastIndexOf(boolean[], boolean, int, int)
16:33:39.058 | INFO  |  -- Remaining time budget: 23126 ms, #remaining_methods: 40, budget for method: 578 ms, solver timeout: 289 ms, budget for symbolic execution: 289 ms, budget for concrete execution: 289 ms,  -- 
16:33:39.064 | DEBUG | --new testCase collected, to generate: testCom.google.common.primitives.Booleans.lastIndexOf(boolean[], boolean, int, int)1
16:33:39.113 | DEBUG | --new testCase collected, to generate: testCom.google.common.primitives.Booleans.lastIndexOf(boolean[], boolean, int, int)2
16:33:39.133 | DEBUG | --new testCase collected, to generate: testCom.google.common.primitives.Booleans.lastIndexOf(boolean[], boolean, int, int)3
16:33:39.156 | DEBUG | --new testCase collected, to generate: testCom.google.common.primitives.Booleans.lastIndexOf(boolean[], boolean, int, int)4
16:33:39.178 | DEBUG | --new testCase collected, to generate: testCom.google.common.primitives.Booleans.lastIndexOf(boolean[], boolean, int, int)5
16:33:39.198 | DEBUG | --new testCase collected, to generate: testCom.google.common.primitives.Booleans.lastIndexOf(boolean[], boolean, int, int)6
16:33:39.209 | DEBUG | --new testCase collected, to generate: testCom.google.common.primitives.Booleans.lastIndexOf(boolean[], boolean, int, int)7
16:33:39.209 | INFO  | Finished (in 0.151 sec): method com.google.common.primitives.Booleans.lastIndexOf(boolean[], boolean, int, int) 
<StatsForMethod> :
	#generatedTC=7
	WITH NO EXCEPTIONS
16:33:39.211 | DEBUG |  ... 
16:33:39.211 | INFO  | Started: method com.google.common.primitives.Booleans.lastIndexOf(boolean[], boolean)
16:33:39.211 | INFO  |  -- Remaining time budget: 22973 ms, #remaining_methods: 39, budget for method: 589 ms, solver timeout: 294 ms, budget for symbolic execution: 295 ms, budget for concrete execution: 294 ms,  -- 
16:33:39.217 | DEBUG | --new testCase collected, to generate: testCom.google.common.primitives.Booleans.lastIndexOf(boolean[], boolean)1
16:33:39.238 | DEBUG | --new testCase collected, to generate: testCom.google.common.primitives.Booleans.lastIndexOf(boolean[], boolean)2
16:33:39.321 | DEBUG | --new testCase collected, to generate: testCom.google.common.primitives.Booleans.lastIndexOf(boolean[], boolean)3
16:33:39.340 | DEBUG | --new testCase collected, to generate: testCom.google.common.primitives.Booleans.lastIndexOf(boolean[], boolean)4
16:33:39.360 | DEBUG | --new testCase collected, to generate: testCom.google.common.primitives.Booleans.lastIndexOf(boolean[], boolean)5
16:33:39.360 | INFO  | Finished (in 0.149 sec): method com.google.common.primitives.Booleans.lastIndexOf(boolean[], boolean) 
<StatsForMethod> :
	#generatedTC=5
	WITH NO EXCEPTIONS
16:33:39.366 | DEBUG |  ... 
16:33:39.366 | INFO  | Started: method com.google.common.primitives.Booleans.concat(boolean[][])
16:33:39.366 | INFO  |  -- Remaining time budget: 22818 ms, #remaining_methods: 38, budget for method: 600 ms, solver timeout: 300 ms, budget for symbolic execution: 300 ms, budget for concrete execution: 300 ms,  -- 
16:33:39.375 | DEBUG | --new testCase collected, to generate: testCom.google.common.primitives.Booleans.concat(boolean[][])1
16:33:39.396 | DEBUG | --new testCase collected, to generate: testCom.google.common.primitives.Booleans.concat(boolean[][])2
16:33:39.438 | DEBUG | --new testCase collected, to generate: testCom.google.common.primitives.Booleans.concat(boolean[][])3
16:33:39.444 | DEBUG | --new testCase collected, to generate: testCom.google.common.primitives.Booleans.concat(boolean[][])4
16:33:39.622 | DEBUG | --new testCase collected, to generate: testCom.google.common.primitives.Booleans.concat(boolean[][])5
16:33:39.625 | INFO  | Finished (in 0.258 sec): method com.google.common.primitives.Booleans.concat(boolean[][]) 
<StatsForMethod> :
	#generatedTC=5
	WITH NO EXCEPTIONS
16:33:39.629 | DEBUG |  ... 
16:33:39.629 | INFO  | Started: method com.google.common.primitives.Booleans.contains(boolean[], boolean)
16:33:39.629 | INFO  |  -- Remaining time budget: 22555 ms, #remaining_methods: 37, budget for method: 609 ms, solver timeout: 304 ms, budget for symbolic execution: 305 ms, budget for concrete execution: 304 ms,  -- 
16:33:39.634 | DEBUG | --new testCase collected, to generate: testCom.google.common.primitives.Booleans.contains(boolean[], boolean)1
16:33:39.661 | DEBUG | --new testCase collected, to generate: testCom.google.common.primitives.Booleans.contains(boolean[], boolean)2
16:33:39.697 | DEBUG | --new testCase collected, to generate: testCom.google.common.primitives.Booleans.contains(boolean[], boolean)3
16:33:39.716 | DEBUG | --new testCase collected, to generate: testCom.google.common.primitives.Booleans.contains(boolean[], boolean)4
16:33:39.724 | DEBUG | --new testCase collected, to generate: testCom.google.common.primitives.Booleans.contains(boolean[], boolean)5
16:33:39.724 | INFO  | Finished (in 0.095 sec): method com.google.common.primitives.Booleans.contains(boolean[], boolean) 
<StatsForMethod> :
	#generatedTC=5
	WITH NO EXCEPTIONS
16:33:39.725 | DEBUG |  ... 
16:33:39.725 | INFO  | Started: method com.google.common.primitives.Booleans.join(String, boolean[])
16:33:39.725 | INFO  |  -- Remaining time budget: 22459 ms, #remaining_methods: 36, budget for method: 623 ms, solver timeout: 311 ms, budget for symbolic execution: 312 ms, budget for concrete execution: 311 ms,  -- 
16:33:39.742 | DEBUG | --new testCase collected, to generate: testCom.google.common.primitives.Booleans.join(String, boolean[])1
16:33:39.870 | DEBUG | --new testCase collected, to generate: testCom.google.common.primitives.Booleans.join(String, boolean[])2
16:33:39.963 | DEBUG | --new testCase collected, to generate: testCom.google.common.primitives.Booleans.join(String, boolean[])3
16:33:40.038 | INFO  | |> Starting concrete execution for remaining state: com.google.common.primitives.Booleans.join(String, boolean[])
16:33:40.349 | INFO  | (X) Cancelling concrete execution: com.google.common.primitives.Booleans.join(String, boolean[])
16:33:40.393 | INFO  | Finished (in 0.668 sec): method com.google.common.primitives.Booleans.join(String, boolean[]) 
<StatsForMethod> :
	#generatedTC=3
	WITH NO EXCEPTIONS
16:33:40.408 | DEBUG |  ... 
16:33:40.409 | INFO  | Started: method com.google.common.primitives.Booleans.compare(boolean, boolean)
16:33:40.409 | INFO  |  -- Remaining time budget: 21776 ms, #remaining_methods: 35, budget for method: 622 ms, solver timeout: 311 ms, budget for symbolic execution: 311 ms, budget for concrete execution: 311 ms,  -- 
16:33:40.413 | DEBUG | --new testCase collected, to generate: testCom.google.common.primitives.Booleans.compare(boolean, boolean)1
16:33:40.470 | DEBUG | --new testCase collected, to generate: testCom.google.common.primitives.Booleans.compare(boolean, boolean)2
16:33:40.474 | DEBUG | --new testCase collected, to generate: testCom.google.common.primitives.Booleans.compare(boolean, boolean)3
16:33:40.477 | DEBUG | --new testCase collected, to generate: testCom.google.common.primitives.Booleans.compare(boolean, boolean)4
16:33:40.478 | INFO  | Finished (in 0.069 sec): method com.google.common.primitives.Booleans.compare(boolean, boolean) 
<StatsForMethod> :
	#generatedTC=4
	WITH NO EXCEPTIONS
16:33:40.478 | DEBUG |  ... 
16:33:40.479 | INFO  | Started: method com.google.common.primitives.Booleans.toArray(Collection)
16:33:40.479 | INFO  |  -- Remaining time budget: 21706 ms, #remaining_methods: 34, budget for method: 638 ms, solver timeout: 319 ms, budget for symbolic execution: 319 ms, budget for concrete execution: 319 ms,  -- 
16:33:40.485 | DEBUG | --new testCase collected, to generate: testCom.google.common.primitives.Booleans.toArray(Collection)1
16:33:40.661 | DEBUG | --new testCase collected, to generate: testCom.google.common.primitives.Booleans.toArray(Collection)2
16:33:40.798 | INFO  | |> Starting concrete execution for remaining state: com.google.common.primitives.Booleans.toArray(Collection)
16:33:41.118 | INFO  | (X) Cancelling concrete execution: com.google.common.primitives.Booleans.toArray(Collection)
16:33:41.155 | INFO  | Finished (in 0.677 sec): method com.google.common.primitives.Booleans.toArray(Collection) 
<StatsForMethod> :
	#generatedTC=2
	WITH NO EXCEPTIONS
16:33:41.159 | DEBUG |  ... 
16:33:41.159 | INFO  | Started: method com.google.common.primitives.Booleans.asList(boolean[])
16:33:41.160 | INFO  |  -- Remaining time budget: 21025 ms, #remaining_methods: 33, budget for method: 637 ms, solver timeout: 318 ms, budget for symbolic execution: 319 ms, budget for concrete execution: 318 ms,  -- 
16:33:41.164 | DEBUG | --new testCase collected, to generate: testCom.google.common.primitives.Booleans.asList(boolean[])1
16:33:41.202 | DEBUG | --new testCase collected, to generate: testCom.google.common.primitives.Booleans.asList(boolean[])2
16:33:41.307 | DEBUG | --new testCase collected, to generate: testCom.google.common.primitives.Booleans.asList(boolean[])3
16:33:41.443 | DEBUG | --new testCase collected, to generate: testCom.google.common.primitives.Booleans.asList(boolean[])4
16:33:41.443 | INFO  | Finished (in 0.283 sec): method com.google.common.primitives.Booleans.asList(boolean[]) 
<StatsForMethod> :
	#generatedTC=4
	WITH NO EXCEPTIONS
16:33:41.460 | DEBUG |  ... 
16:33:41.461 | INFO  | Started: method com.google.common.primitives.Booleans.ensureCapacity(boolean[], int, int)
16:33:41.461 | INFO  |  -- Remaining time budget: 20723 ms, #remaining_methods: 32, budget for method: 647 ms, solver timeout: 323 ms, budget for symbolic execution: 324 ms, budget for concrete execution: 323 ms,  -- 
16:33:41.465 | DEBUG | --new testCase collected, to generate: testCom.google.common.primitives.Booleans.ensureCapacity(boolean[], int, int)1
16:33:41.574 | DEBUG | --new testCase collected, to generate: testCom.google.common.primitives.Booleans.ensureCapacity(boolean[], int, int)2
16:33:41.581 | DEBUG | --new testCase collected, to generate: testCom.google.common.primitives.Booleans.ensureCapacity(boolean[], int, int)3
16:33:41.623 | DEBUG | --new testCase collected, to generate: testCom.google.common.primitives.Booleans.ensureCapacity(boolean[], int, int)4
16:33:41.778 | DEBUG | --new testCase collected, to generate: testCom.google.common.primitives.Booleans.ensureCapacity(boolean[], int, int)5
16:33:41.785 | INFO  | |> Starting concrete execution for remaining state: com.google.common.primitives.Booleans.ensureCapacity(boolean[], int, int)
16:33:42.075 | DEBUG | --new testCase collected, to generate: testCom.google.common.primitives.Booleans.ensureCapacity(boolean[], int, int)6
16:33:42.081 | INFO  | Finished (in 0.620 sec): method com.google.common.primitives.Booleans.ensureCapacity(boolean[], int, int) 
<StatsForMethod> :
	#generatedTC=6
	WITH NO EXCEPTIONS
16:33:42.096 | DEBUG |  ... 
16:33:42.097 | INFO  | Started: method com.google.common.primitives.Booleans.reverse(boolean[], int, int)
16:33:42.097 | INFO  |  -- Remaining time budget: 20088 ms, #remaining_methods: 31, budget for method: 648 ms, solver timeout: 324 ms, budget for symbolic execution: 324 ms, budget for concrete execution: 324 ms,  -- 
16:33:42.105 | DEBUG | --new testCase collected, to generate: testCom.google.common.primitives.Booleans.reverse(boolean[], int, int)1
16:33:42.226 | DEBUG | --new testCase collected, to generate: testCom.google.common.primitives.Booleans.reverse(boolean[], int, int)2
16:33:42.314 | DEBUG | --new testCase collected, to generate: testCom.google.common.primitives.Booleans.reverse(boolean[], int, int)3
16:33:42.421 | INFO  | |> Starting concrete execution for remaining state: com.google.common.primitives.Booleans.reverse(boolean[], int, int)
16:33:42.479 | DEBUG | --new testCase collected, to generate: testCom.google.common.primitives.Booleans.reverse(boolean[], int, int)4
16:33:42.656 | DEBUG | --new testCase collected, to generate: testCom.google.common.primitives.Booleans.reverse(boolean[], int, int)5
16:33:42.668 | DEBUG | --new testCase collected, to generate: testCom.google.common.primitives.Booleans.reverse(boolean[], int, int)6
16:33:42.746 | INFO  | (X) Cancelling concrete execution: com.google.common.primitives.Booleans.reverse(boolean[], int, int)
16:33:42.790 | INFO  | Finished (in 0.693 sec): method com.google.common.primitives.Booleans.reverse(boolean[], int, int) 
<StatsForMethod> :
	#generatedTC=6
	WITH NO EXCEPTIONS
16:33:42.802 | DEBUG |  ... 
16:33:42.802 | INFO  | Started: method com.google.common.primitives.Booleans.reverse(boolean[])
16:33:42.802 | INFO  |  -- Remaining time budget: 19382 ms, #remaining_methods: 30, budget for method: 646 ms, solver timeout: 323 ms, budget for symbolic execution: 323 ms, budget for concrete execution: 323 ms,  -- 
16:33:42.806 | DEBUG | --new testCase collected, to generate: testCom.google.common.primitives.Booleans.reverse(boolean[])1
16:33:42.923 | DEBUG | --new testCase collected, to generate: testCom.google.common.primitives.Booleans.reverse(boolean[])2
16:33:43.125 | INFO  | |> Starting concrete execution for remaining state: com.google.common.primitives.Booleans.reverse(boolean[])
16:33:43.394 | DEBUG | --new testCase collected, to generate: testCom.google.common.primitives.Booleans.reverse(boolean[])3
16:33:43.449 | INFO  | (X) Cancelling concrete execution: com.google.common.primitives.Booleans.reverse(boolean[])
16:33:43.528 | INFO  | Finished (in 0.726 sec): method com.google.common.primitives.Booleans.reverse(boolean[]) 
<StatsForMethod> :
	#generatedTC=3
	WITH NO EXCEPTIONS
16:33:43.546 | DEBUG |  ... 
16:33:43.547 | INFO  | Started: method com.google.common.primitives.Booleans.falseFirst()
16:33:43.547 | INFO  |  -- Remaining time budget: 18637 ms, #remaining_methods: 29, budget for method: 642 ms, solver timeout: 321 ms, budget for symbolic execution: 321 ms, budget for concrete execution: 321 ms,  -- 
16:33:43.555 | DEBUG | --new testCase collected, to generate: testCom.google.common.primitives.Booleans.falseFirst()1
16:33:43.743 | DEBUG | --new testCase collected, to generate: testCom.google.common.primitives.Booleans.falseFirst()2
16:33:43.743 | INFO  | Finished (in 0.196 sec): method com.google.common.primitives.Booleans.falseFirst() 
<StatsForMethod> :
	#generatedTC=2
	WITH NO EXCEPTIONS
16:33:43.761 | DEBUG |  ... 
16:33:43.762 | INFO  | Started: method com.google.common.primitives.Booleans.trueFirst()
16:33:43.762 | INFO  |  -- Remaining time budget: 18423 ms, #remaining_methods: 28, budget for method: 657 ms, solver timeout: 328 ms, budget for symbolic execution: 329 ms, budget for concrete execution: 328 ms,  -- 
16:33:43.765 | DEBUG | --new testCase collected, to generate: testCom.google.common.primitives.Booleans.trueFirst()1
16:33:43.943 | DEBUG | --new testCase collected, to generate: testCom.google.common.primitives.Booleans.trueFirst()2
16:33:43.943 | INFO  | Finished (in 0.181 sec): method com.google.common.primitives.Booleans.trueFirst() 
<StatsForMethod> :
	#generatedTC=2
	WITH NO EXCEPTIONS
16:33:43.962 | DEBUG |  ... 
16:33:43.962 | INFO  | Started: method com.google.common.primitives.Booleans.lexicographicalComparator()
16:33:43.962 | INFO  |  -- Remaining time budget: 18222 ms, #remaining_methods: 27, budget for method: 674 ms, solver timeout: 337 ms, budget for symbolic execution: 337 ms, budget for concrete execution: 337 ms,  -- 
16:33:43.967 | DEBUG | --new testCase collected, to generate: testCom.google.common.primitives.Booleans.lexicographicalComparator()1
16:33:44.065 | DEBUG | --new testCase collected, to generate: testCom.google.common.primitives.Booleans.lexicographicalComparator()2
16:33:44.066 | INFO  | Finished (in 0.103 sec): method com.google.common.primitives.Booleans.lexicographicalComparator() 
<StatsForMethod> :
	#generatedTC=2
	WITH NO EXCEPTIONS
16:33:44.078 | DEBUG |  ... 
16:33:44.079 | INFO  | Started: method com.google.common.primitives.Booleans.countTrue(boolean[])
16:33:44.079 | INFO  |  -- Remaining time budget: 18105 ms, #remaining_methods: 26, budget for method: 696 ms, solver timeout: 348 ms, budget for symbolic execution: 348 ms, budget for concrete execution: 348 ms,  -- 
16:33:44.083 | DEBUG | --new testCase collected, to generate: testCom.google.common.primitives.Booleans.countTrue(boolean[])1
16:33:44.104 | DEBUG | --new testCase collected, to generate: testCom.google.common.primitives.Booleans.countTrue(boolean[])2
16:33:44.137 | DEBUG | --new testCase collected, to generate: testCom.google.common.primitives.Booleans.countTrue(boolean[])3
16:33:44.158 | DEBUG | --new testCase collected, to generate: testCom.google.common.primitives.Booleans.countTrue(boolean[])4
16:33:44.164 | DEBUG | --new testCase collected, to generate: testCom.google.common.primitives.Booleans.countTrue(boolean[])5
16:33:44.165 | INFO  | Finished (in 0.086 sec): method com.google.common.primitives.Booleans.countTrue(boolean[]) 
<StatsForMethod> :
	#generatedTC=5
	WITH NO EXCEPTIONS
16:33:44.166 | DEBUG |  ... 
16:33:44.166 | INFO  | Started: method com.google.common.primitives.Booleans.<init>()
16:33:44.167 | INFO  |  -- Remaining time budget: 18018 ms, #remaining_methods: 25, budget for method: 720 ms, solver timeout: 360 ms, budget for symbolic execution: 360 ms, budget for concrete execution: 360 ms,  -- 
16:33:44.172 | DEBUG | --new testCase collected, to generate: testCom.google.common.primitives.Booleans.<init>()1
16:33:44.201 | DEBUG | --new testCase collected, to generate: testCom.google.common.primitives.Booleans.<init>()2
16:33:44.202 | INFO  | Finished (in 0.035 sec): method com.google.common.primitives.Booleans.<init>() 
<StatsForMethod> :
	#generatedTC=2
	WITH NO EXCEPTIONS
16:33:44.205 | DEBUG |  ... 
16:33:44.205 | INFO  | Started: method com.google.common.primitives.Booleans.BooleanArrayAsList.contains(Object)
16:33:44.205 | INFO  |  -- Remaining time budget: 17979 ms, #remaining_methods: 24, budget for method: 749 ms, solver timeout: 374 ms, budget for symbolic execution: 375 ms, budget for concrete execution: 374 ms,  -- 
16:33:44.214 | DEBUG | --new testCase collected, to generate: testCom.google.common.primitives.Booleans.BooleanArrayAsList.contains(Object)1
16:33:44.408 | DEBUG | --new testCase collected, to generate: testCom.google.common.primitives.Booleans.BooleanArrayAsList.contains(Object)2
16:33:44.485 | DEBUG | --new testCase collected, to generate: testCom.google.common.primitives.Booleans.BooleanArrayAsList.contains(Object)3
16:33:44.500 | DEBUG | --new testCase collected, to generate: testCom.google.common.primitives.Booleans.BooleanArrayAsList.contains(Object)4
16:33:44.500 | INFO  | Finished (in 0.294 sec): method com.google.common.primitives.Booleans.BooleanArrayAsList.contains(Object) 
<StatsForMethod> :
	#generatedTC=4
	WITH NO EXCEPTIONS
16:33:44.503 | DEBUG |  ... 
16:33:44.503 | INFO  | Started: method com.google.common.primitives.Booleans.BooleanArrayAsList.isEmpty()
16:33:44.503 | INFO  |  -- Remaining time budget: 17681 ms, #remaining_methods: 23, budget for method: 768 ms, solver timeout: 384 ms, budget for symbolic execution: 384 ms, budget for concrete execution: 384 ms,  -- 
16:33:44.506 | DEBUG | --new testCase collected, to generate: testCom.google.common.primitives.Booleans.BooleanArrayAsList.isEmpty()1
16:33:44.528 | DEBUG | --new testCase collected, to generate: testCom.google.common.primitives.Booleans.BooleanArrayAsList.isEmpty()2
16:33:44.529 | INFO  | Finished (in 0.025 sec): method com.google.common.primitives.Booleans.BooleanArrayAsList.isEmpty() 
<StatsForMethod> :
	#generatedTC=2
	WITH NO EXCEPTIONS
16:33:44.529 | DEBUG |  ... 
16:33:44.529 | INFO  | Started: method com.google.common.primitives.Booleans.BooleanArrayAsList.equals(Object)
16:33:44.529 | INFO  |  -- Remaining time budget: 17655 ms, #remaining_methods: 22, budget for method: 802 ms, solver timeout: 401 ms, budget for symbolic execution: 401 ms, budget for concrete execution: 401 ms,  -- 
16:33:44.532 | DEBUG | --new testCase collected, to generate: testCom.google.common.primitives.Booleans.BooleanArrayAsList.equals(Object)1
16:33:44.740 | DEBUG | --new testCase collected, to generate: testCom.google.common.primitives.Booleans.BooleanArrayAsList.equals(Object)2
16:33:44.931 | INFO  | |> Starting concrete execution for remaining state: com.google.common.primitives.Booleans.BooleanArrayAsList.equals(Object)
16:33:45.049 | DEBUG | --new testCase collected, to generate: testCom.google.common.primitives.Booleans.BooleanArrayAsList.equals(Object)3
16:33:45.332 | INFO  | (X) Cancelling concrete execution: com.google.common.primitives.Booleans.BooleanArrayAsList.equals(Object)
16:33:45.339 | INFO  | Finished (in 0.810 sec): method com.google.common.primitives.Booleans.BooleanArrayAsList.equals(Object) 
<StatsForMethod> :
	#generatedTC=3
	WITH NO EXCEPTIONS
16:33:45.365 | DEBUG |  ... 
16:33:45.365 | INFO  | Started: method com.google.common.primitives.Booleans.BooleanArrayAsList.hashCode()
16:33:45.366 | INFO  |  -- Remaining time budget: 16819 ms, #remaining_methods: 21, budget for method: 800 ms, solver timeout: 400 ms, budget for symbolic execution: 400 ms, budget for concrete execution: 400 ms,  -- 
16:33:45.369 | DEBUG | --new testCase collected, to generate: testCom.google.common.primitives.Booleans.BooleanArrayAsList.hashCode()1
16:33:45.397 | DEBUG | --new testCase collected, to generate: testCom.google.common.primitives.Booleans.BooleanArrayAsList.hashCode()2
16:33:45.420 | DEBUG | --new testCase collected, to generate: testCom.google.common.primitives.Booleans.BooleanArrayAsList.hashCode()3
16:33:45.440 | DEBUG | --new testCase collected, to generate: testCom.google.common.primitives.Booleans.BooleanArrayAsList.hashCode()4
16:33:45.475 | DEBUG | --new testCase collected, to generate: testCom.google.common.primitives.Booleans.BooleanArrayAsList.hashCode()5
16:33:45.475 | INFO  | Finished (in 0.110 sec): method com.google.common.primitives.Booleans.BooleanArrayAsList.hashCode() 
<StatsForMethod> :
	#generatedTC=5
	WITH NO EXCEPTIONS
16:33:45.476 | DEBUG |  ... 
16:33:45.477 | INFO  | Started: method com.google.common.primitives.Booleans.BooleanArrayAsList.toString()
16:33:45.477 | INFO  |  -- Remaining time budget: 16708 ms, #remaining_methods: 20, budget for method: 835 ms, solver timeout: 417 ms, budget for symbolic execution: 418 ms, budget for concrete execution: 417 ms,  -- 
16:33:45.483 | DEBUG | --new testCase collected, to generate: testCom.google.common.primitives.Booleans.BooleanArrayAsList.toString()1
16:33:45.567 | DEBUG | --new testCase collected, to generate: testCom.google.common.primitives.Booleans.BooleanArrayAsList.toString()2
16:33:45.588 | DEBUG | --new testCase collected, to generate: testCom.google.common.primitives.Booleans.BooleanArrayAsList.toString()3
16:33:45.834 | DEBUG | --new testCase collected, to generate: testCom.google.common.primitives.Booleans.BooleanArrayAsList.toString()4
16:33:45.895 | INFO  | |> Starting concrete execution for remaining state: com.google.common.primitives.Booleans.BooleanArrayAsList.toString()
16:33:46.082 | DEBUG | --new testCase collected, to generate: testCom.google.common.primitives.Booleans.BooleanArrayAsList.toString()5
16:33:46.313 | INFO  | (X) Cancelling concrete execution: com.google.common.primitives.Booleans.BooleanArrayAsList.toString()
16:33:46.333 | INFO  | Finished (in 0.856 sec): method com.google.common.primitives.Booleans.BooleanArrayAsList.toString() 
<StatsForMethod> :
	#generatedTC=5
	WITH NO EXCEPTIONS
16:33:46.385 | DEBUG |  ... 
16:33:46.385 | INFO  | Started: method com.google.common.primitives.Booleans.BooleanArrayAsList.set(int, Boolean)
16:33:46.385 | INFO  |  -- Remaining time budget: 15799 ms, #remaining_methods: 19, budget for method: 831 ms, solver timeout: 415 ms, budget for symbolic execution: 416 ms, budget for concrete execution: 415 ms,  -- 
16:33:46.402 | ERROR | Symbolic execution FAILED
kotlin.reflect.jvm.internal.KotlinReflectionInternalError: Could not compute caller for function: private constructor Boolean() defined in kotlin.Boolean[DeserializedClassConstructorDescriptor@5eb12f5e] (member = null)
	at kotlin.reflect.jvm.internal.KFunctionImpl$caller$2.invoke(KFunctionImpl.kt:89) ~[utbot-junit-contest-1.0.jar:?]
	at kotlin.reflect.jvm.internal.KFunctionImpl$caller$2.invoke(KFunctionImpl.kt:36) ~[utbot-junit-contest-1.0.jar:?]
	at kotlin.reflect.jvm.internal.ReflectProperties$LazyVal.invoke(ReflectProperties.java:62) ~[utbot-junit-contest-1.0.jar:?]
	at kotlin.reflect.jvm.internal.ReflectProperties$Val.getValue(ReflectProperties.java:31) ~[utbot-junit-contest-1.0.jar:?]
	at kotlin.reflect.jvm.internal.KFunctionImpl.getCaller(KFunctionImpl.kt) ~[utbot-junit-contest-1.0.jar:?]
	at kotlin.reflect.jvm.ReflectJvmMapping.getJavaMethod(ReflectJvmMapping.kt:63) ~[utbot-junit-contest-1.0.jar:?]
	at com.huawei.utbot.framework.plugin.api.util.IdUtilKt.getExecutableId(IdUtil.kt:394) ~[utbot-junit-contest-1.0.jar:?]
	at com.huawei.utbot.engine.UtBotSymbolicEngine.createSimpleModelByKClass(UtBotSymbolicEngine.kt:587) ~[utbot-junit-contest-1.0.jar:?]
	at com.huawei.utbot.engine.UtBotSymbolicEngine.createModelByClassId(UtBotSymbolicEngine.kt:569) ~[utbot-junit-contest-1.0.jar:?]
	at com.huawei.utbot.engine.UtBotSymbolicEngine.access$createModelByClassId(UtBotSymbolicEngine.kt:245) ~[utbot-junit-contest-1.0.jar:?]
	at com.huawei.utbot.engine.UtBotSymbolicEngine$fuzzing$1.invokeSuspend(UtBotSymbolicEngine.kt:502) [utbot-junit-contest-1.0.jar:?]
	at com.huawei.utbot.engine.UtBotSymbolicEngine$fuzzing$1.invoke(UtBotSymbolicEngine.kt) [utbot-junit-contest-1.0.jar:?]
	at kotlinx.coroutines.flow.SafeFlow.collectSafely(Builders.kt:61) [utbot-junit-contest-1.0.jar:?]
	at kotlinx.coroutines.flow.AbstractFlow.collect(Flow.kt:212) [utbot-junit-contest-1.0.jar:?]
	at kotlinx.coroutines.flow.FlowKt__MergeKt$flattenConcat$$inlined$unsafeFlow$1$lambda$1.emit(Collect.kt:134) [utbot-junit-contest-1.0.jar:?]
	at kotlinx.coroutines.flow.FlowKt__BuildersKt$flowOf$$inlined$unsafeFlow$1.collect(SafeCollector.common.kt:114) [utbot-junit-contest-1.0.jar:?]
	at kotlinx.coroutines.flow.FlowKt__MergeKt$flattenConcat$$inlined$unsafeFlow$1.collect(SafeCollector.common.kt:114) [utbot-junit-contest-1.0.jar:?]
	at com.huawei.utbot.contest.ContestKt$runGeneration$1$invokeSuspend$$inlined$bracket$lambda$1$1.invokeSuspend(Contest.kt:531) [utbot-junit-contest-1.0.jar:?]
	at kotlin.coroutines.jvm.internal.BaseContinuationImpl.resumeWith(ContinuationImpl.kt:33) [utbot-junit-contest-1.0.jar:?]
	at kotlinx.coroutines.DispatchedTask.run(DispatchedTask.kt:106) [utbot-junit-contest-1.0.jar:?]
	at java.util.concurrent.Executors$RunnableAdapter.call(Executors.java:511) [?:1.8.0_312]
	at java.util.concurrent.FutureTask.run(FutureTask.java:266) [?:1.8.0_312]
	at java.util.concurrent.ScheduledThreadPoolExecutor$ScheduledFutureTask.access$201(ScheduledThreadPoolExecutor.java:180) [?:1.8.0_312]
	at java.util.concurrent.ScheduledThreadPoolExecutor$ScheduledFutureTask.run(ScheduledThreadPoolExecutor.java:293) [?:1.8.0_312]
	at java.util.concurrent.ThreadPoolExecutor.runWorker(ThreadPoolExecutor.java:1149) [?:1.8.0_312]
	at java.util.concurrent.ThreadPoolExecutor$Worker.run(ThreadPoolExecutor.java:624) [?:1.8.0_312]
	at java.lang.Thread.run(Thread.java:748) [?:1.8.0_312]
16:33:46.448 | DEBUG | --new testCase collected, to generate: testCom.google.common.primitives.Booleans.BooleanArrayAsList.set(int, Boolean)1
16:33:46.468 | DEBUG | --new testCase collected, to generate: testCom.google.common.primitives.Booleans.BooleanArrayAsList.set(int, Boolean)2
16:33:46.614 | DEBUG | --new testCase collected, to generate: testCom.google.common.primitives.Booleans.BooleanArrayAsList.set(int, Boolean)3
16:33:46.651 | DEBUG | --new testCase collected, to generate: testCom.google.common.primitives.Booleans.BooleanArrayAsList.set(int, Boolean)4
16:33:46.787 | DEBUG | --new testCase collected, to generate: testCom.google.common.primitives.Booleans.BooleanArrayAsList.set(int, Boolean)5
16:33:46.787 | INFO  | Finished (in 0.402 sec): method com.google.common.primitives.Booleans.BooleanArrayAsList.set(int, Boolean) 
<StatsForMethod> :
	#generatedTC=5
	FAILED 1 time(s) with 1 different exception(s)"
16:33:46.796 | DEBUG |  ... 
16:33:46.796 | INFO  | Started: method com.google.common.primitives.Booleans.BooleanArrayAsList.subList(int, int)
16:33:46.797 | INFO  |  -- Remaining time budget: 15388 ms, #remaining_methods: 18, budget for method: 854 ms, solver timeout: 427 ms, budget for symbolic execution: 427 ms, budget for concrete execution: 427 ms,  -- 
16:33:46.800 | DEBUG | --new testCase collected, to generate: testCom.google.common.primitives.Booleans.BooleanArrayAsList.subList(int, int)1
16:33:46.904 | DEBUG | --new testCase collected, to generate: testCom.google.common.primitives.Booleans.BooleanArrayAsList.subList(int, int)2
16:33:47.037 | DEBUG | --new testCase collected, to generate: testCom.google.common.primitives.Booleans.BooleanArrayAsList.subList(int, int)3
16:33:47.037 | INFO  | Finished (in 0.241 sec): method com.google.common.primitives.Booleans.BooleanArrayAsList.subList(int, int) 
<StatsForMethod> :
	#generatedTC=3
	WITH NO EXCEPTIONS
16:33:47.056 | DEBUG |  ... 
16:33:47.057 | INFO  | Started: method com.google.common.primitives.Booleans.BooleanArrayAsList.get(int)
16:33:47.057 | INFO  |  -- Remaining time budget: 15127 ms, #remaining_methods: 17, budget for method: 889 ms, solver timeout: 444 ms, budget for symbolic execution: 445 ms, budget for concrete execution: 444 ms,  -- 
16:33:47.065 | DEBUG | --new testCase collected, to generate: testCom.google.common.primitives.Booleans.BooleanArrayAsList.get(int)1
16:33:47.108 | DEBUG | --new testCase collected, to generate: testCom.google.common.primitives.Booleans.BooleanArrayAsList.get(int)2
16:33:47.145 | DEBUG | --new testCase collected, to generate: testCom.google.common.primitives.Booleans.BooleanArrayAsList.get(int)3
16:33:47.153 | DEBUG | --new testCase collected, to generate: testCom.google.common.primitives.Booleans.BooleanArrayAsList.get(int)4
16:33:47.154 | INFO  | Finished (in 0.097 sec): method com.google.common.primitives.Booleans.BooleanArrayAsList.get(int) 
<StatsForMethod> :
	#generatedTC=4
	WITH NO EXCEPTIONS
16:33:47.160 | DEBUG |  ... 
16:33:47.160 | INFO  | Started: method com.google.common.primitives.Booleans.BooleanArrayAsList.indexOf(Object)
16:33:47.161 | INFO  |  -- Remaining time budget: 15024 ms, #remaining_methods: 16, budget for method: 939 ms, solver timeout: 469 ms, budget for symbolic execution: 470 ms, budget for concrete execution: 469 ms,  -- 
16:33:47.163 | DEBUG | --new testCase collected, to generate: testCom.google.common.primitives.Booleans.BooleanArrayAsList.indexOf(Object)1
16:33:47.350 | DEBUG | --new testCase collected, to generate: testCom.google.common.primitives.Booleans.BooleanArrayAsList.indexOf(Object)2
16:33:47.408 | DEBUG | --new testCase collected, to generate: testCom.google.common.primitives.Booleans.BooleanArrayAsList.indexOf(Object)3
16:33:47.450 | DEBUG | --new testCase collected, to generate: testCom.google.common.primitives.Booleans.BooleanArrayAsList.indexOf(Object)4
16:33:47.451 | INFO  | Finished (in 0.290 sec): method com.google.common.primitives.Booleans.BooleanArrayAsList.indexOf(Object) 
<StatsForMethod> :
	#generatedTC=4
	WITH NO EXCEPTIONS
16:33:47.454 | DEBUG |  ... 
16:33:47.455 | INFO  | Started: method com.google.common.primitives.Booleans.BooleanArrayAsList.lastIndexOf(Object)
16:33:47.455 | INFO  |  -- Remaining time budget: 14729 ms, #remaining_methods: 15, budget for method: 981 ms, solver timeout: 490 ms, budget for symbolic execution: 491 ms, budget for concrete execution: 490 ms,  -- 
16:33:47.458 | DEBUG | --new testCase collected, to generate: testCom.google.common.primitives.Booleans.BooleanArrayAsList.lastIndexOf(Object)1
16:33:47.644 | DEBUG | --new testCase collected, to generate: testCom.google.common.primitives.Booleans.BooleanArrayAsList.lastIndexOf(Object)2
16:33:47.690 | DEBUG | --new testCase collected, to generate: testCom.google.common.primitives.Booleans.BooleanArrayAsList.lastIndexOf(Object)3
16:33:47.734 | DEBUG | --new testCase collected, to generate: testCom.google.common.primitives.Booleans.BooleanArrayAsList.lastIndexOf(Object)4
16:33:47.734 | INFO  | Finished (in 0.279 sec): method com.google.common.primitives.Booleans.BooleanArrayAsList.lastIndexOf(Object) 
<StatsForMethod> :
	#generatedTC=4
	WITH NO EXCEPTIONS
16:33:47.738 | DEBUG |  ... 
16:33:47.738 | INFO  | Started: method com.google.common.primitives.Booleans.BooleanArrayAsList.toBooleanArray()
16:33:47.738 | INFO  |  -- Remaining time budget: 14446 ms, #remaining_methods: 14, budget for method: 1031 ms, solver timeout: 515 ms, budget for symbolic execution: 516 ms, budget for concrete execution: 515 ms,  -- 
16:33:47.741 | DEBUG | --new testCase collected, to generate: testCom.google.common.primitives.Booleans.BooleanArrayAsList.toBooleanArray()1
16:33:47.912 | DEBUG | --new testCase collected, to generate: testCom.google.common.primitives.Booleans.BooleanArrayAsList.toBooleanArray()2
16:33:48.018 | DEBUG | --new testCase collected, to generate: testCom.google.common.primitives.Booleans.BooleanArrayAsList.toBooleanArray()3
16:33:48.021 | INFO  | Finished (in 0.283 sec): method com.google.common.primitives.Booleans.BooleanArrayAsList.toBooleanArray() 
<StatsForMethod> :
	#generatedTC=3
	WITH NO EXCEPTIONS
16:33:48.036 | DEBUG |  ... 
16:33:48.037 | INFO  | Started: method com.google.common.primitives.Booleans.BooleanArrayAsList.size()
16:33:48.037 | INFO  |  -- Remaining time budget: 14147 ms, #remaining_methods: 13, budget for method: 1088 ms, solver timeout: 544 ms, budget for symbolic execution: 544 ms, budget for concrete execution: 544 ms,  -- 
16:33:48.040 | DEBUG | --new testCase collected, to generate: testCom.google.common.primitives.Booleans.BooleanArrayAsList.size()1
16:33:48.062 | DEBUG | --new testCase collected, to generate: testCom.google.common.primitives.Booleans.BooleanArrayAsList.size()2
16:33:48.063 | INFO  | Finished (in 0.026 sec): method com.google.common.primitives.Booleans.BooleanArrayAsList.size() 
<StatsForMethod> :
	#generatedTC=2
	WITH NO EXCEPTIONS
16:33:48.063 | DEBUG |  ... 
16:33:48.064 | INFO  | Started: method com.google.common.primitives.Booleans.BooleanArrayAsList.<init>(boolean[])
16:33:48.064 | INFO  |  -- Remaining time budget: 14121 ms, #remaining_methods: 12, budget for method: 1176 ms, solver timeout: 588 ms, budget for symbolic execution: 588 ms, budget for concrete execution: 588 ms,  -- 
16:33:48.066 | DEBUG | --new testCase collected, to generate: testCom.google.common.primitives.Booleans.BooleanArrayAsList.<init>(boolean[])1
16:33:48.090 | DEBUG | --new testCase collected, to generate: testCom.google.common.primitives.Booleans.BooleanArrayAsList.<init>(boolean[])2
16:33:48.145 | DEBUG | --new testCase collected, to generate: testCom.google.common.primitives.Booleans.BooleanArrayAsList.<init>(boolean[])3
16:33:48.146 | INFO  | Finished (in 0.082 sec): method com.google.common.primitives.Booleans.BooleanArrayAsList.<init>(boolean[]) 
<StatsForMethod> :
	#generatedTC=3
	WITH NO EXCEPTIONS
16:33:48.151 | DEBUG |  ... 
16:33:48.151 | INFO  | Started: method com.google.common.primitives.Booleans.BooleanArrayAsList.<init>(boolean[], int, int)
16:33:48.151 | INFO  |  -- Remaining time budget: 14033 ms, #remaining_methods: 11, budget for method: 1275 ms, solver timeout: 637 ms, budget for symbolic execution: 638 ms, budget for concrete execution: 637 ms,  -- 
16:33:48.155 | DEBUG | --new testCase collected, to generate: testCom.google.common.primitives.Booleans.BooleanArrayAsList.<init>(boolean[], int, int)1
16:33:48.205 | DEBUG | --new testCase collected, to generate: testCom.google.common.primitives.Booleans.BooleanArrayAsList.<init>(boolean[], int, int)2
16:33:48.205 | INFO  | Finished (in 0.054 sec): method com.google.common.primitives.Booleans.BooleanArrayAsList.<init>(boolean[], int, int) 
<StatsForMethod> :
	#generatedTC=2
	WITH NO EXCEPTIONS
16:33:48.209 | DEBUG |  ... 
16:33:48.209 | INFO  | Started: method com.google.common.primitives.Booleans.LexicographicalComparator.toString()
16:33:48.209 | INFO  |  -- Remaining time budget: 13975 ms, #remaining_methods: 10, budget for method: 1397 ms, solver timeout: 698 ms, budget for symbolic execution: 699 ms, budget for concrete execution: 698 ms,  -- 
16:33:48.218 | ERROR | Symbolic execution FAILED
com.huawei.utbot.instrumentation.util.ChildProcessError: Error in the child process |> java.lang.IllegalAccessException: Class com.huawei.utbot.framework.concrete.MockValueConstructor can not access a member of class com.google.common.primitives.Booleans$LexicographicalComparator with modifiers "private"
	at sun.reflect.Reflection.ensureMemberAccess(Reflection.java:102)
	at java.lang.reflect.AccessibleObject.slowCheckMemberAccess(AccessibleObject.java:296)
	at java.lang.reflect.AccessibleObject.checkAccess(AccessibleObject.java:288)
	at java.lang.reflect.Constructor.newInstance(Constructor.java:413)
	at com.huawei.utbot.framework.concrete.MockValueConstructor.call(MockValueConstructor.kt:414)
	at com.huawei.utbot.framework.concrete.MockValueConstructor.updateWithExecutableCallModel(MockValueConstructor.kt:353)
	at com.huawei.utbot.framework.concrete.MockValueConstructor.constructFromAssembleModel(MockValueConstructor.kt:332)
	at com.huawei.utbot.framework.concrete.MockValueConstructor.construct(MockValueConstructor.kt:126)
	at com.huawei.utbot.framework.concrete.MockValueConstructor.constructMethodParameters(MockValueConstructor.kt:101)
	at com.huawei.utbot.framework.concrete.UtExecutionInstrumentation.invoke(UtExecutionInstrumentation.kt:126)
	at com.huawei.utbot.framework.concrete.UtExecutionInstrumentation.invoke(UtExecutionInstrumentation.kt:96)
	at com.huawei.utbot.instrumentation.process.ChildProcessKt.loop(ChildProcess.kt:114)
	at com.huawei.utbot.instrumentation.process.ChildProcessKt.main(ChildProcess.kt:76)
	at com.huawei.utbot.instrumentation.process.ChildProcessKt.main(ChildProcess.kt)

	at com.huawei.utbot.instrumentation.ConcreteExecutor.executeAsync(ConcreteExecutor.kt:391) ~[utbot-junit-contest-1.0.jar:?]
	at com.huawei.utbot.instrumentation.ConcreteExecutor$executeAsync$1.invokeSuspend(ConcreteExecutor.kt) ~[utbot-junit-contest-1.0.jar:?]
	at kotlin.coroutines.jvm.internal.BaseContinuationImpl.resumeWith(ContinuationImpl.kt:33) [utbot-junit-contest-1.0.jar:?]
	at kotlinx.coroutines.DispatchedTask.run(DispatchedTask.kt:106) [utbot-junit-contest-1.0.jar:?]
	at java.util.concurrent.Executors$RunnableAdapter.call(Executors.java:511) [?:1.8.0_312]
	at java.util.concurrent.FutureTask.run(FutureTask.java:266) [?:1.8.0_312]
	at java.util.concurrent.ScheduledThreadPoolExecutor$ScheduledFutureTask.access$201(ScheduledThreadPoolExecutor.java:180) [?:1.8.0_312]
	at java.util.concurrent.ScheduledThreadPoolExecutor$ScheduledFutureTask.run(ScheduledThreadPoolExecutor.java:293) [?:1.8.0_312]
	at java.util.concurrent.ThreadPoolExecutor.runWorker(ThreadPoolExecutor.java:1149) [?:1.8.0_312]
	at java.util.concurrent.ThreadPoolExecutor$Worker.run(ThreadPoolExecutor.java:624) [?:1.8.0_312]
	at java.lang.Thread.run(Thread.java:748) [?:1.8.0_312]
16:33:48.245 | DEBUG | --new testCase collected, to generate: testCom.google.common.primitives.Booleans.LexicographicalComparator.toString()1
16:33:48.245 | INFO  | Finished (in 0.036 sec): method com.google.common.primitives.Booleans.LexicographicalComparator.toString() 
<StatsForMethod> :
	#generatedTC=1
	FAILED 1 time(s) with 1 different exception(s)"
16:33:48.246 | DEBUG |  ... 
16:33:48.246 | INFO  | Started: method com.google.common.primitives.Booleans.LexicographicalComparator.compare(boolean[], boolean[])
16:33:48.247 | INFO  |  -- Remaining time budget: 13938 ms, #remaining_methods: 9, budget for method: 1548 ms, solver timeout: 774 ms, budget for symbolic execution: 774 ms, budget for concrete execution: 774 ms,  -- 
16:33:48.251 | ERROR | Symbolic execution FAILED
com.huawei.utbot.instrumentation.util.ChildProcessError: Error in the child process |> java.lang.IllegalAccessException: Class com.huawei.utbot.framework.concrete.MockValueConstructor can not access a member of class com.google.common.primitives.Booleans$LexicographicalComparator with modifiers "private"
	at sun.reflect.Reflection.ensureMemberAccess(Reflection.java:102)
	at java.lang.reflect.AccessibleObject.slowCheckMemberAccess(AccessibleObject.java:296)
	at java.lang.reflect.AccessibleObject.checkAccess(AccessibleObject.java:288)
	at java.lang.reflect.Constructor.newInstance(Constructor.java:413)
	at com.huawei.utbot.framework.concrete.MockValueConstructor.call(MockValueConstructor.kt:414)
	at com.huawei.utbot.framework.concrete.MockValueConstructor.updateWithExecutableCallModel(MockValueConstructor.kt:353)
	at com.huawei.utbot.framework.concrete.MockValueConstructor.constructFromAssembleModel(MockValueConstructor.kt:332)
	at com.huawei.utbot.framework.concrete.MockValueConstructor.construct(MockValueConstructor.kt:126)
	at com.huawei.utbot.framework.concrete.MockValueConstructor.constructMethodParameters(MockValueConstructor.kt:101)
	at com.huawei.utbot.framework.concrete.UtExecutionInstrumentation.invoke(UtExecutionInstrumentation.kt:126)
	at com.huawei.utbot.framework.concrete.UtExecutionInstrumentation.invoke(UtExecutionInstrumentation.kt:96)
	at com.huawei.utbot.instrumentation.process.ChildProcessKt.loop(ChildProcess.kt:114)
	at com.huawei.utbot.instrumentation.process.ChildProcessKt.main(ChildProcess.kt:76)
	at com.huawei.utbot.instrumentation.process.ChildProcessKt.main(ChildProcess.kt)

	at com.huawei.utbot.instrumentation.ConcreteExecutor.executeAsync(ConcreteExecutor.kt:391) ~[utbot-junit-contest-1.0.jar:?]
	at com.huawei.utbot.instrumentation.ConcreteExecutor$executeAsync$1.invokeSuspend(ConcreteExecutor.kt) ~[utbot-junit-contest-1.0.jar:?]
	at kotlin.coroutines.jvm.internal.BaseContinuationImpl.resumeWith(ContinuationImpl.kt:33) [utbot-junit-contest-1.0.jar:?]
	at kotlinx.coroutines.DispatchedTask.run(DispatchedTask.kt:106) [utbot-junit-contest-1.0.jar:?]
	at java.util.concurrent.Executors$RunnableAdapter.call(Executors.java:511) [?:1.8.0_312]
	at java.util.concurrent.FutureTask.run(FutureTask.java:266) [?:1.8.0_312]
	at java.util.concurrent.ScheduledThreadPoolExecutor$ScheduledFutureTask.access$201(ScheduledThreadPoolExecutor.java:180) [?:1.8.0_312]
	at java.util.concurrent.ScheduledThreadPoolExecutor$ScheduledFutureTask.run(ScheduledThreadPoolExecutor.java:293) [?:1.8.0_312]
	at java.util.concurrent.ThreadPoolExecutor.runWorker(ThreadPoolExecutor.java:1149) [?:1.8.0_312]
	at java.util.concurrent.ThreadPoolExecutor$Worker.run(ThreadPoolExecutor.java:624) [?:1.8.0_312]
	at java.lang.Thread.run(Thread.java:748) [?:1.8.0_312]
16:33:48.277 | DEBUG | --new testCase collected, to generate: testCom.google.common.primitives.Booleans.LexicographicalComparator.compare(boolean[], boolean[])1
16:33:48.297 | DEBUG | --new testCase collected, to generate: testCom.google.common.primitives.Booleans.LexicographicalComparator.compare(boolean[], boolean[])2
16:33:48.387 | DEBUG | --new testCase collected, to generate: testCom.google.common.primitives.Booleans.LexicographicalComparator.compare(boolean[], boolean[])3
16:33:48.394 | DEBUG | --new testCase collected, to generate: testCom.google.common.primitives.Booleans.LexicographicalComparator.compare(boolean[], boolean[])4
16:33:48.436 | DEBUG | --new testCase collected, to generate: testCom.google.common.primitives.Booleans.LexicographicalComparator.compare(boolean[], boolean[])5
16:33:48.439 | INFO  | Finished (in 0.192 sec): method com.google.common.primitives.Booleans.LexicographicalComparator.compare(boolean[], boolean[]) 
<StatsForMethod> :
	#generatedTC=5
	FAILED 1 time(s) with 1 different exception(s)"
16:33:48.445 | DEBUG |  ... 
16:33:48.445 | INFO  | Started: method com.google.common.primitives.Booleans.LexicographicalComparator.valueOf(String)
16:33:48.445 | INFO  |  -- Remaining time budget: 13739 ms, #remaining_methods: 8, budget for method: 1717 ms, solver timeout: 858 ms, budget for symbolic execution: 859 ms, budget for concrete execution: 858 ms,  -- 
16:33:48.451 | DEBUG | --new testCase collected, to generate: testCom.google.common.primitives.Booleans.LexicographicalComparator.valueOf(String)1
16:33:49.305 | INFO  | |> Starting concrete execution for remaining state: com.google.common.primitives.Booleans.LexicographicalComparator.valueOf(String)
16:33:50.164 | INFO  | (X) Cancelling concrete execution: com.google.common.primitives.Booleans.LexicographicalComparator.valueOf(String)
16:33:50.237 | INFO  | Finished (in 1.792 sec): method com.google.common.primitives.Booleans.LexicographicalComparator.valueOf(String) 
<StatsForMethod> :
	#generatedTC=1
	WITH NO EXCEPTIONS
16:33:50.289 | DEBUG |  ... 
16:33:50.290 | INFO  | Started: method com.google.common.primitives.Booleans.LexicographicalComparator.values()
16:33:50.290 | INFO  |  -- Remaining time budget: 11895 ms, #remaining_methods: 7, budget for method: 1699 ms, solver timeout: 849 ms, budget for symbolic execution: 850 ms, budget for concrete execution: 849 ms,  -- 
16:33:50.292 | DEBUG | --new testCase collected, to generate: testCom.google.common.primitives.Booleans.LexicographicalComparator.values()1
16:33:50.423 | DEBUG | --new testCase collected, to generate: testCom.google.common.primitives.Booleans.LexicographicalComparator.values()2
16:33:50.424 | INFO  | Finished (in 0.134 sec): method com.google.common.primitives.Booleans.LexicographicalComparator.values() 
<StatsForMethod> :
	#generatedTC=2
	WITH NO EXCEPTIONS
16:33:50.438 | DEBUG |  ... 
16:33:50.438 | INFO  | Started: method com.google.common.primitives.Booleans.LexicographicalComparator.<init>()
16:33:50.438 | INFO  |  -- Remaining time budget: 11746 ms, #remaining_methods: 6, budget for method: 1957 ms, solver timeout: 978 ms, budget for symbolic execution: 979 ms, budget for concrete execution: 978 ms,  -- 
16:33:50.441 | ERROR | Symbolic execution FAILED
com.huawei.utbot.instrumentation.util.ChildProcessError: Error in the child process |> java.lang.IllegalArgumentException: Cannot reflectively create enum objects
	at java.lang.reflect.Constructor.newInstance(Constructor.java:417)
	at com.huawei.utbot.instrumentation.instrumentation.InvokeInstrumentation$invoke$$inlined$run$lambda$2.invoke(InvokeInstrumentation.kt:70)
	at com.huawei.utbot.common.ThreadBasedExecutor$invokeWithTimeout$1.invoke(ThreadUtil.kt:43)
	at com.huawei.utbot.common.ThreadBasedExecutor$invokeWithTimeout$1.invoke(ThreadUtil.kt:22)
	at kotlin.concurrent.ThreadsKt$thread$thread$1.run(Thread.kt:30)

	at com.huawei.utbot.instrumentation.ConcreteExecutor.executeAsync(ConcreteExecutor.kt:391) ~[utbot-junit-contest-1.0.jar:?]
	at com.huawei.utbot.instrumentation.ConcreteExecutor$executeAsync$1.invokeSuspend(ConcreteExecutor.kt) ~[utbot-junit-contest-1.0.jar:?]
	at kotlin.coroutines.jvm.internal.BaseContinuationImpl.resumeWith(ContinuationImpl.kt:33) [utbot-junit-contest-1.0.jar:?]
	at kotlinx.coroutines.DispatchedTask.run(DispatchedTask.kt:106) [utbot-junit-contest-1.0.jar:?]
	at java.util.concurrent.Executors$RunnableAdapter.call(Executors.java:511) [?:1.8.0_312]
	at java.util.concurrent.FutureTask.run(FutureTask.java:266) [?:1.8.0_312]
	at java.util.concurrent.ScheduledThreadPoolExecutor$ScheduledFutureTask.access$201(ScheduledThreadPoolExecutor.java:180) [?:1.8.0_312]
	at java.util.concurrent.ScheduledThreadPoolExecutor$ScheduledFutureTask.run(ScheduledThreadPoolExecutor.java:293) [?:1.8.0_312]
	at java.util.concurrent.ThreadPoolExecutor.runWorker(ThreadPoolExecutor.java:1149) [?:1.8.0_312]
	at java.util.concurrent.ThreadPoolExecutor$Worker.run(ThreadPoolExecutor.java:624) [?:1.8.0_312]
	at java.lang.Thread.run(Thread.java:748) [?:1.8.0_312]
16:33:50.499 | DEBUG | --new testCase collected, to generate: testCom.google.common.primitives.Booleans.LexicographicalComparator.<init>()1
16:33:50.499 | INFO  | Finished (in 0.061 sec): method com.google.common.primitives.Booleans.LexicographicalComparator.<init>() 
<StatsForMethod> :
	#generatedTC=1
	FAILED 1 time(s) with 1 different exception(s)"
16:33:50.505 | DEBUG |  ... 
16:33:50.505 | INFO  | Started: method com.google.common.primitives.Booleans.BooleanComparator.toString()
16:33:50.505 | INFO  |  -- Remaining time budget: 11679 ms, #remaining_methods: 5, budget for method: 2335 ms, solver timeout: 1000 ms, budget for symbolic execution: 1168 ms, budget for concrete execution: 1167 ms,  -- 
16:33:50.508 | DEBUG | --new testCase collected, to generate: testCom.google.common.primitives.Booleans.BooleanComparator.toString()1
16:33:50.533 | DEBUG | --new testCase collected, to generate: testCom.google.common.primitives.Booleans.BooleanComparator.toString()2
16:33:50.533 | INFO  | Finished (in 0.027 sec): method com.google.common.primitives.Booleans.BooleanComparator.toString() 
<StatsForMethod> :
	#generatedTC=2
	WITH NO EXCEPTIONS
16:33:50.533 | DEBUG |  ... 
16:33:50.534 | INFO  | Started: method com.google.common.primitives.Booleans.BooleanComparator.compare(Boolean, Boolean)
16:33:50.534 | INFO  |  -- Remaining time budget: 11650 ms, #remaining_methods: 4, budget for method: 2912 ms, solver timeout: 1000 ms, budget for symbolic execution: 1712 ms, budget for concrete execution: 1200 ms,  -- 
16:33:50.537 | ERROR | Symbolic execution FAILED
kotlin.reflect.jvm.internal.KotlinReflectionInternalError: Could not compute caller for function: private constructor Boolean() defined in kotlin.Boolean[DeserializedClassConstructorDescriptor@5eb12f5e] (member = null)
	at kotlin.reflect.jvm.internal.KFunctionImpl$caller$2.invoke(KFunctionImpl.kt:89) ~[utbot-junit-contest-1.0.jar:?]
	at kotlin.reflect.jvm.internal.KFunctionImpl$caller$2.invoke(KFunctionImpl.kt:36) ~[utbot-junit-contest-1.0.jar:?]
	at kotlin.reflect.jvm.internal.ReflectProperties$LazyVal.invoke(ReflectProperties.java:62) ~[utbot-junit-contest-1.0.jar:?]
	at kotlin.reflect.jvm.internal.ReflectProperties$Val.getValue(ReflectProperties.java:31) ~[utbot-junit-contest-1.0.jar:?]
	at kotlin.reflect.jvm.internal.KFunctionImpl.getCaller(KFunctionImpl.kt) ~[utbot-junit-contest-1.0.jar:?]
	at kotlin.reflect.jvm.ReflectJvmMapping.getJavaMethod(ReflectJvmMapping.kt:63) ~[utbot-junit-contest-1.0.jar:?]
	at com.huawei.utbot.framework.plugin.api.util.IdUtilKt.getExecutableId(IdUtil.kt:394) ~[utbot-junit-contest-1.0.jar:?]
	at com.huawei.utbot.engine.UtBotSymbolicEngine.createSimpleModelByKClass(UtBotSymbolicEngine.kt:587) ~[utbot-junit-contest-1.0.jar:?]
	at com.huawei.utbot.engine.UtBotSymbolicEngine.createModelByClassId(UtBotSymbolicEngine.kt:569) ~[utbot-junit-contest-1.0.jar:?]
	at com.huawei.utbot.engine.UtBotSymbolicEngine.access$createModelByClassId(UtBotSymbolicEngine.kt:245) ~[utbot-junit-contest-1.0.jar:?]
	at com.huawei.utbot.engine.UtBotSymbolicEngine$fuzzing$1.invokeSuspend(UtBotSymbolicEngine.kt:502) [utbot-junit-contest-1.0.jar:?]
	at com.huawei.utbot.engine.UtBotSymbolicEngine$fuzzing$1.invoke(UtBotSymbolicEngine.kt) [utbot-junit-contest-1.0.jar:?]
	at kotlinx.coroutines.flow.SafeFlow.collectSafely(Builders.kt:61) [utbot-junit-contest-1.0.jar:?]
	at kotlinx.coroutines.flow.AbstractFlow.collect(Flow.kt:212) [utbot-junit-contest-1.0.jar:?]
	at kotlinx.coroutines.flow.FlowKt__MergeKt$flattenConcat$$inlined$unsafeFlow$1$lambda$1.emit(Collect.kt:134) [utbot-junit-contest-1.0.jar:?]
	at kotlinx.coroutines.flow.FlowKt__BuildersKt$flowOf$$inlined$unsafeFlow$1.collect(SafeCollector.common.kt:114) [utbot-junit-contest-1.0.jar:?]
	at kotlinx.coroutines.flow.FlowKt__MergeKt$flattenConcat$$inlined$unsafeFlow$1.collect(SafeCollector.common.kt:114) [utbot-junit-contest-1.0.jar:?]
	at com.huawei.utbot.contest.ContestKt$runGeneration$1$invokeSuspend$$inlined$bracket$lambda$1$1.invokeSuspend(Contest.kt:531) [utbot-junit-contest-1.0.jar:?]
	at kotlin.coroutines.jvm.internal.BaseContinuationImpl.resumeWith(ContinuationImpl.kt:33) [utbot-junit-contest-1.0.jar:?]
	at kotlinx.coroutines.DispatchedTask.run(DispatchedTask.kt:106) [utbot-junit-contest-1.0.jar:?]
	at java.util.concurrent.Executors$RunnableAdapter.call(Executors.java:511) [?:1.8.0_312]
	at java.util.concurrent.FutureTask.run(FutureTask.java:266) [?:1.8.0_312]
	at java.util.concurrent.ScheduledThreadPoolExecutor$ScheduledFutureTask.access$201(ScheduledThreadPoolExecutor.java:180) [?:1.8.0_312]
	at java.util.concurrent.ScheduledThreadPoolExecutor$ScheduledFutureTask.run(ScheduledThreadPoolExecutor.java:293) [?:1.8.0_312]
	at java.util.concurrent.ThreadPoolExecutor.runWorker(ThreadPoolExecutor.java:1149) [?:1.8.0_312]
	at java.util.concurrent.ThreadPoolExecutor$Worker.run(ThreadPoolExecutor.java:624) [?:1.8.0_312]
	at java.lang.Thread.run(Thread.java:748) [?:1.8.0_312]
16:33:50.589 | DEBUG | --new testCase collected, to generate: testCom.google.common.primitives.Booleans.BooleanComparator.compare(Boolean, Boolean)1
16:33:50.609 | DEBUG | --new testCase collected, to generate: testCom.google.common.primitives.Booleans.BooleanComparator.compare(Boolean, Boolean)2
16:33:50.613 | DEBUG | --new testCase collected, to generate: testCom.google.common.primitives.Booleans.BooleanComparator.compare(Boolean, Boolean)3
16:33:50.666 | DEBUG | --new testCase collected, to generate: testCom.google.common.primitives.Booleans.BooleanComparator.compare(Boolean, Boolean)4
16:33:50.668 | DEBUG | --new testCase collected, to generate: testCom.google.common.primitives.Booleans.BooleanComparator.compare(Boolean, Boolean)5
16:33:50.670 | INFO  | Finished (in 0.136 sec): method com.google.common.primitives.Booleans.BooleanComparator.compare(Boolean, Boolean) 
<StatsForMethod> :
	#generatedTC=5
	FAILED 1 time(s) with 1 different exception(s)"
16:33:50.676 | DEBUG |  ... 
16:33:50.676 | INFO  | Started: method com.google.common.primitives.Booleans.BooleanComparator.valueOf(String)
16:33:50.676 | INFO  |  -- Remaining time budget: 11508 ms, #remaining_methods: 3, budget for method: 3836 ms, solver timeout: 1000 ms, budget for symbolic execution: 2636 ms, budget for concrete execution: 1200 ms,  -- 
16:33:50.680 | DEBUG | --new testCase collected, to generate: testCom.google.common.primitives.Booleans.BooleanComparator.valueOf(String)1
16:33:53.112 | DEBUG | --new testCase collected, to generate: testCom.google.common.primitives.Booleans.BooleanComparator.valueOf(String)2
16:33:53.313 | INFO  | |> Starting concrete execution for remaining state: com.google.common.primitives.Booleans.BooleanComparator.valueOf(String)
16:33:54.513 | INFO  | (X) Cancelling concrete execution: com.google.common.primitives.Booleans.BooleanComparator.valueOf(String)
16:33:54.647 | INFO  | Finished (in 3.971 sec): method com.google.common.primitives.Booleans.BooleanComparator.valueOf(String) 
<StatsForMethod> :
	#generatedTC=2
	WITH NO EXCEPTIONS
16:33:54.749 | DEBUG |  ... 
16:33:54.750 | INFO  | Started: method com.google.common.primitives.Booleans.BooleanComparator.values()
16:33:54.750 | INFO  |  -- Remaining time budget: 7435 ms, #remaining_methods: 2, budget for method: 3717 ms, solver timeout: 1000 ms, budget for symbolic execution: 2517 ms, budget for concrete execution: 1200 ms,  -- 
16:33:54.752 | DEBUG | --new testCase collected, to generate: testCom.google.common.primitives.Booleans.BooleanComparator.values()1
16:33:54.948 | DEBUG | --new testCase collected, to generate: testCom.google.common.primitives.Booleans.BooleanComparator.values()2
16:33:54.964 | INFO  | Finished (in 0.214 sec): method com.google.common.primitives.Booleans.BooleanComparator.values() 
<StatsForMethod> :
	#generatedTC=2
	WITH NO EXCEPTIONS
16:33:54.985 | DEBUG |  ... 
16:33:54.986 | INFO  | Started: method com.google.common.primitives.Booleans.BooleanComparator.<init>(int, String)
16:33:54.986 | INFO  |  -- Remaining time budget: 7198 ms, #remaining_methods: 1, budget for method: 7198 ms, solver timeout: 1000 ms, budget for symbolic execution: 5998 ms, budget for concrete execution: 1200 ms,  -- 
16:33:54.990 | ERROR | Symbolic execution FAILED
com.huawei.utbot.instrumentation.util.ChildProcessError: Error in the child process |> java.lang.IllegalArgumentException: Cannot reflectively create enum objects
	at java.lang.reflect.Constructor.newInstance(Constructor.java:417)
	at com.huawei.utbot.instrumentation.instrumentation.InvokeInstrumentation$invoke$$inlined$run$lambda$2.invoke(InvokeInstrumentation.kt:70)
	at com.huawei.utbot.common.ThreadBasedExecutor$invokeWithTimeout$1.invoke(ThreadUtil.kt:43)
	at com.huawei.utbot.common.ThreadBasedExecutor$invokeWithTimeout$1.invoke(ThreadUtil.kt:22)
	at kotlin.concurrent.ThreadsKt$thread$thread$1.run(Thread.kt:30)

	at com.huawei.utbot.instrumentation.ConcreteExecutor.executeAsync(ConcreteExecutor.kt:391) ~[utbot-junit-contest-1.0.jar:?]
	at com.huawei.utbot.instrumentation.ConcreteExecutor$executeAsync$1.invokeSuspend(ConcreteExecutor.kt) ~[utbot-junit-contest-1.0.jar:?]
	at kotlin.coroutines.jvm.internal.BaseContinuationImpl.resumeWith(ContinuationImpl.kt:33) [utbot-junit-contest-1.0.jar:?]
	at kotlinx.coroutines.DispatchedTask.run(DispatchedTask.kt:106) [utbot-junit-contest-1.0.jar:?]
	at java.util.concurrent.Executors$RunnableAdapter.call(Executors.java:511) [?:1.8.0_312]
	at java.util.concurrent.FutureTask.run(FutureTask.java:266) [?:1.8.0_312]
	at java.util.concurrent.ScheduledThreadPoolExecutor$ScheduledFutureTask.access$201(ScheduledThreadPoolExecutor.java:180) [?:1.8.0_312]
	at java.util.concurrent.ScheduledThreadPoolExecutor$ScheduledFutureTask.run(ScheduledThreadPoolExecutor.java:293) [?:1.8.0_312]
	at java.util.concurrent.ThreadPoolExecutor.runWorker(ThreadPoolExecutor.java:1149) [?:1.8.0_312]
	at java.util.concurrent.ThreadPoolExecutor$Worker.run(ThreadPoolExecutor.java:624) [?:1.8.0_312]
	at java.lang.Thread.run(Thread.java:748) [?:1.8.0_312]
16:33:55.051 | DEBUG | --new testCase collected, to generate: testCom.google.common.primitives.Booleans.BooleanComparator.<init>(int, String)1
16:33:55.052 | INFO  | Finished (in 0.066 sec): method com.google.common.primitives.Booleans.BooleanComparator.<init>(int, String) 
<StatsForMethod> :
	#generatedTC=1
	FAILED 1 time(s) with 1 different exception(s)"
16:33:55.060 | INFO  | Started: Flushing tests for [Booleans] on disk
16:33:55.587 | INFO  | File size for BooleansTest: 122 KB
16:33:55.588 | INFO  | Finished (in 0.528 sec): Flushing tests for [Booleans] on disk 
16:33:55.589 | INFO  | Finished (in 18.878 sec): class com.google.common.primitives.Booleans 
<StatsForClass> :
	canceled by timeout = false
	#methods = 44, 
	#methods started symbolic exploration = 44
	#methods with at least one TC = 44
	#methods with exceptions = 6
	#generated TC = 151
	#coverage = null
[READY]
