
>>> TOOL NAME:  utbot-mocks

>>> BENCHMARK:  SEATA-21

>>> RUN NUMBER: 3

>>> MODE: --only-compute-metrics
Creating directory ./temp
Creating directory ./temp/data
Creating directory ./temp/testcases
Executing /home/utbot_mocks/./runtool
>> BENCHMARK
>> /var/benchmarks/projects/seata/core/src/main/java
>> /var/benchmarks/projects/seata/core/target/classes
>> 18
>> /var/benchmarks/projects/seata/core/target/seata-core-0.5.0.jar
>> /var/benchmarks/projects/./seata/core/target/dependency/mockito-core-2.23.4.jar
>> /var/benchmarks/projects/seata/core/target/dependency/byte-buddy-agent-1.9.3.jar
>> /var/benchmarks/projects/seata/core/target/dependency/assertj-core-2.6.0.jar
>> /var/benchmarks/projects/seata/core/target/dependency/seata-common-0.5.0.jar
>> /var/benchmarks/projects/seata/core/target/dependency/byte-buddy-1.9.3.jar
>> /var/benchmarks/projects/seata/core/target/dependency/objenesis-2.6.jar
>> /var/benchmarks/projects/seata/core/target/dependency/seata-discovery-core-0.5.0.jar
>> /var/benchmarks/projects/seata/core/target/dependency/commons-pool2-2.4.2.jar
>> /var/benchmarks/projects/seata/core/target/dependency/junit-4.12.jar
>> /var/benchmarks/projects/seata/core/target/dependency/hamcrest-core-1.3.jar
>> /var/benchmarks/projects/seata/core/target/dependency/slf4j-api-1.7.22.jar
>> /var/benchmarks/projects/seata/core/target/dependency/seata-config-core-0.5.0.jar
>> /var/benchmarks/projects/seata/core/target/dependency/netty-all-4.1.24.Final.jar
>> /var/benchmarks/projects/seata/core/target/dependency/commons-lang-2.6.jar
>> /var/benchmarks/projects/seata/core/target/dependency/fastjson-1.2.48.jar
>> /var/benchmarks/projects/seata/core/target/dependency/config-1.2.1.jar
>> /var/benchmarks/projects/seata/core/target/dependency/commons-pool-1.6.jar
>> 0
expecting CLASSPATH or READY
<< CLASSPATH
expecting number
<< 0
<< READY
>> 30


### COMPUTING METRICS ###: io.seata.core.rpc.netty.RmRpcClient


Starting class io.seata.core.rpc.netty.RmRpcClient


Ending class io.seata.core.rpc.netty.RmRpcClient
Creating directory results_utbot-mocks_30/SEATA-21_3/temp/testcases/bin
Creating dummy JUnit test file

---Compilation---

===
javac command line:
/usr/bin/javac -sourcepath /home/utbot_mocks/results_utbot-mocks_30/SEATA-21_3/temp/testcases -cp /var/benchmarks/projects/seata/core/target/seata-core-0.5.0.jar:/var/benchmarks/projects/./seata/core/target/dependency/mockito-core-2.23.4.jar:/var/benchmarks/projects/seata/core/target/dependency/byte-buddy-agent-1.9.3.jar:/var/benchmarks/projects/seata/core/target/dependency/assertj-core-2.6.0.jar:/var/benchmarks/projects/seata/core/target/dependency/seata-common-0.5.0.jar:/var/benchmarks/projects/seata/core/target/dependency/byte-buddy-1.9.3.jar:/var/benchmarks/projects/seata/core/target/dependency/objenesis-2.6.jar:/var/benchmarks/projects/seata/core/target/dependency/seata-discovery-core-0.5.0.jar:/var/benchmarks/projects/seata/core/target/dependency/commons-pool2-2.4.2.jar:/var/benchmarks/projects/seata/core/target/dependency/junit-4.12.jar:/var/benchmarks/projects/seata/core/target/dependency/hamcrest-core-1.3.jar:/var/benchmarks/projects/seata/core/target/dependency/slf4j-api-1.7.22.jar:/var/benchmarks/projects/seata/core/target/dependency/seata-config-core-0.5.0.jar:/var/benchmarks/projects/seata/core/target/dependency/netty-all-4.1.24.Final.jar:/var/benchmarks/projects/seata/core/target/dependency/commons-lang-2.6.jar:/var/benchmarks/projects/seata/core/target/dependency/fastjson-1.2.48.jar:/var/benchmarks/projects/seata/core/target/dependency/config-1.2.1.jar:/var/benchmarks/projects/seata/core/target/dependency/commons-pool-1.6.jar:/usr/local/bin/lib/junit.jar:/usr/local/bin/lib/hamcrest-core.jar -d results_utbot-mocks_30/SEATA-21_3/temp/testcases/bin /home/utbot_mocks/results_utbot-mocks_30/SEATA-21_3/temp/testcases/SBSTDummyForCoverageAndMutationCalculation.java


===
javac command line:
/usr/bin/javac -sourcepath /home/utbot_mocks/results_utbot-mocks_30/SEATA-21_3/temp/testcases -cp /var/benchmarks/projects/seata/core/target/seata-core-0.5.0.jar:/var/benchmarks/projects/./seata/core/target/dependency/mockito-core-2.23.4.jar:/var/benchmarks/projects/seata/core/target/dependency/byte-buddy-agent-1.9.3.jar:/var/benchmarks/projects/seata/core/target/dependency/assertj-core-2.6.0.jar:/var/benchmarks/projects/seata/core/target/dependency/seata-common-0.5.0.jar:/var/benchmarks/projects/seata/core/target/dependency/byte-buddy-1.9.3.jar:/var/benchmarks/projects/seata/core/target/dependency/objenesis-2.6.jar:/var/benchmarks/projects/seata/core/target/dependency/seata-discovery-core-0.5.0.jar:/var/benchmarks/projects/seata/core/target/dependency/commons-pool2-2.4.2.jar:/var/benchmarks/projects/seata/core/target/dependency/junit-4.12.jar:/var/benchmarks/projects/seata/core/target/dependency/hamcrest-core-1.3.jar:/var/benchmarks/projects/seata/core/target/dependency/slf4j-api-1.7.22.jar:/var/benchmarks/projects/seata/core/target/dependency/seata-config-core-0.5.0.jar:/var/benchmarks/projects/seata/core/target/dependency/netty-all-4.1.24.Final.jar:/var/benchmarks/projects/seata/core/target/dependency/commons-lang-2.6.jar:/var/benchmarks/projects/seata/core/target/dependency/fastjson-1.2.48.jar:/var/benchmarks/projects/seata/core/target/dependency/config-1.2.1.jar:/var/benchmarks/projects/seata/core/target/dependency/commons-pool-1.6.jar:/usr/local/bin/lib/junit.jar:/usr/local/bin/lib/hamcrest-core.jar -d results_utbot-mocks_30/SEATA-21_3/temp/testcases/bin /home/utbot_mocks/results_utbot-mocks_30/SEATA-21_3/temp/testcases/io/seata/core/rpc/netty/RmRpcClientTest.java

/home/utbot_mocks/results_utbot-mocks_30/SEATA-21_3/temp/testcases/io/seata/core/rpc/netty/RmRpcClientTest.java:8: error: package sun.util.locale.provider does not exist
import sun.util.locale.provider.TimeZoneNameUtility;
                               ^
/home/utbot_mocks/results_utbot-mocks_30/SEATA-21_3/temp/testcases/io/seata/core/rpc/netty/RmRpcClientTest.java:28: warning: Unsafe is internal proprietary API and may be removed in a future release
import sun.misc.Unsafe;
               ^
/home/utbot_mocks/results_utbot-mocks_30/SEATA-21_3/temp/testcases/io/seata/core/rpc/netty/RmRpcClientTest.java:32: error: cannot find symbol
import static org.mockito.Mockito.mockStatic;
^
  symbol:   static mockStatic
  location: class
/home/utbot_mocks/results_utbot-mocks_30/SEATA-21_3/temp/testcases/io/seata/core/rpc/netty/RmRpcClientTest.java:152: error: cannot find symbol
        org.mockito.MockedStatic mockedStatic = null;
                   ^
  symbol:   class MockedStatic
  location: package org.mockito
/home/utbot_mocks/results_utbot-mocks_30/SEATA-21_3/temp/testcases/io/seata/core/rpc/netty/RmRpcClientTest.java:154: error: cannot find symbol
            mockedStatic = mockStatic(org.slf4j.LoggerFactory.class);
                           ^
  symbol:   method mockStatic(Class<LoggerFactory>)
  location: class RmRpcClientTest
/home/utbot_mocks/results_utbot-mocks_30/SEATA-21_3/temp/testcases/io/seata/core/rpc/netty/RmRpcClientTest.java:191: error: package sun.util.locale.provider does not exist
        sun.util.locale.provider.TimeZoneNameUtility[] timeZoneNameUtilityArray = new sun.util.locale.provider.TimeZoneNameUtility[0];
                                ^
/home/utbot_mocks/results_utbot-mocks_30/SEATA-21_3/temp/testcases/io/seata/core/rpc/netty/RmRpcClientTest.java:191: error: package sun.util.locale.provider does not exist
        sun.util.locale.provider.TimeZoneNameUtility[] timeZoneNameUtilityArray = new sun.util.locale.provider.TimeZoneNameUtility[0];
                                                                                                              ^
/home/utbot_mocks/results_utbot-mocks_30/SEATA-21_3/temp/testcases/io/seata/core/rpc/netty/RmRpcClientTest.java:202: error: cannot find symbol
        org.mockito.MockedStatic mockedStatic = null;
                   ^
  symbol:   class MockedStatic
  location: package org.mockito
/home/utbot_mocks/results_utbot-mocks_30/SEATA-21_3/temp/testcases/io/seata/core/rpc/netty/RmRpcClientTest.java:204: error: cannot find symbol
            mockedStatic = mockStatic(org.slf4j.LoggerFactory.class);
                           ^
  symbol:   method mockStatic(Class<LoggerFactory>)
  location: class RmRpcClientTest
/home/utbot_mocks/results_utbot-mocks_30/SEATA-21_3/temp/testcases/io/seata/core/rpc/netty/RmRpcClientTest.java:543: error: cannot find symbol
        org.mockito.MockedStatic mockedStatic = null;
                   ^
  symbol:   class MockedStatic
  location: package org.mockito
/home/utbot_mocks/results_utbot-mocks_30/SEATA-21_3/temp/testcases/io/seata/core/rpc/netty/RmRpcClientTest.java:545: error: cannot find symbol
            mockedStatic = mockStatic(NettyClientConfig.class);
                           ^
  symbol:   method mockStatic(Class<NettyClientConfig>)
  location: class RmRpcClientTest
/home/utbot_mocks/results_utbot-mocks_30/SEATA-21_3/temp/testcases/io/seata/core/rpc/netty/RmRpcClientTest.java:572: error: cannot find symbol
        org.mockito.MockedStatic mockedStatic = null;
                   ^
  symbol:   class MockedStatic
  location: package org.mockito
/home/utbot_mocks/results_utbot-mocks_30/SEATA-21_3/temp/testcases/io/seata/core/rpc/netty/RmRpcClientTest.java:574: error: cannot find symbol
            mockedStatic = mockStatic(NettyClientConfig.class);
                           ^
  symbol:   method mockStatic(Class<NettyClientConfig>)
  location: class RmRpcClientTest
/home/utbot_mocks/results_utbot-mocks_30/SEATA-21_3/temp/testcases/io/seata/core/rpc/netty/RmRpcClientTest.java:640: error: cannot find symbol
        org.mockito.MockedStatic mockedStatic = null;
                   ^
  symbol:   class MockedStatic
  location: package org.mockito
/home/utbot_mocks/results_utbot-mocks_30/SEATA-21_3/temp/testcases/io/seata/core/rpc/netty/RmRpcClientTest.java:642: error: cannot find symbol
            mockedStatic = mockStatic(org.slf4j.LoggerFactory.class);
                           ^
  symbol:   method mockStatic(Class<LoggerFactory>)
  location: class RmRpcClientTest
/home/utbot_mocks/results_utbot-mocks_30/SEATA-21_3/temp/testcases/io/seata/core/rpc/netty/RmRpcClientTest.java:668: error: cannot find symbol
        org.mockito.MockedStatic mockedStatic = null;
                   ^
  symbol:   class MockedStatic
  location: package org.mockito
/home/utbot_mocks/results_utbot-mocks_30/SEATA-21_3/temp/testcases/io/seata/core/rpc/netty/RmRpcClientTest.java:670: error: cannot find symbol
            mockedStatic = mockStatic(org.slf4j.LoggerFactory.class);
                           ^
  symbol:   method mockStatic(Class<LoggerFactory>)
  location: class RmRpcClientTest
/home/utbot_mocks/results_utbot-mocks_30/SEATA-21_3/temp/testcases/io/seata/core/rpc/netty/RmRpcClientTest.java:794: error: cannot find symbol
        org.mockito.MockedStatic mockedStatic = null;
                   ^
  symbol:   class MockedStatic
  location: package org.mockito
/home/utbot_mocks/results_utbot-mocks_30/SEATA-21_3/temp/testcases/io/seata/core/rpc/netty/RmRpcClientTest.java:803: error: cannot find symbol
                mockedStatic = mockStatic(org.slf4j.LoggerFactory.class);
                               ^
  symbol:   method mockStatic(Class<LoggerFactory>)
  location: class RmRpcClientTest
/home/utbot_mocks/results_utbot-mocks_30/SEATA-21_3/temp/testcases/io/seata/core/rpc/netty/RmRpcClientTest.java:835: error: cannot find symbol
        org.mockito.MockedStatic mockedStatic = null;
                   ^
  symbol:   class MockedStatic
  location: package org.mockito
/home/utbot_mocks/results_utbot-mocks_30/SEATA-21_3/temp/testcases/io/seata/core/rpc/netty/RmRpcClientTest.java:842: error: cannot find symbol
                mockedStatic = mockStatic(org.slf4j.LoggerFactory.class);
                               ^
  symbol:   method mockStatic(Class<LoggerFactory>)
  location: class RmRpcClientTest
/home/utbot_mocks/results_utbot-mocks_30/SEATA-21_3/temp/testcases/io/seata/core/rpc/netty/RmRpcClientTest.java:1119: warning: Unsafe is internal proprietary API and may be removed in a future release
    private static sun.misc.Unsafe getUnsafeInstance() throws Exception {
                           ^
/home/utbot_mocks/results_utbot-mocks_30/SEATA-21_3/temp/testcases/io/seata/core/rpc/netty/RmRpcClientTest.java:1120: warning: Unsafe is internal proprietary API and may be removed in a future release
        java.lang.reflect.Field f = sun.misc.Unsafe.class.getDeclaredField("theUnsafe");
                                            ^
/home/utbot_mocks/results_utbot-mocks_30/SEATA-21_3/temp/testcases/io/seata/core/rpc/netty/RmRpcClientTest.java:1122: warning: Unsafe is internal proprietary API and may be removed in a future release
        return (sun.misc.Unsafe) f.get(null);
                        ^
Note: /home/utbot_mocks/results_utbot-mocks_30/SEATA-21_3/temp/testcases/io/seata/core/rpc/netty/RmRpcClientTest.java uses unchecked or unsafe operations.
Note: Recompile with -Xlint:unchecked for details.
20 errors
4 warnings
Failed to compile 'io/seata/core/rpc/netty/RmRpcClientTest.java'!
shaded.org.apache.commons.exec.ExecuteException: Process exited with an error: 1 (Exit value: 1)
	at shaded.org.apache.commons.exec.DefaultExecutor.executeInternal(DefaultExecutor.java:377)
	at shaded.org.apache.commons.exec.DefaultExecutor.execute(DefaultExecutor.java:160)
	at shaded.org.apache.commons.exec.DefaultExecutor.execute(DefaultExecutor.java:147)
	at sbst.benchmark.TestSuite.compile(TestSuite.java:250)
	at sbst.benchmark.TestSuite.<init>(TestSuite.java:68)
	at sbst.benchmark.TranscriptWriter.endClass(TranscriptWriter.java:136)
	at sbst.benchmark.RunTool.execute(RunTool.java:141)
	at sbst.benchmark.RunTool.run(RunTool.java:62)
	at sbst.benchmark.Main.main(Main.java:160)

---Timing Information---
Running tests with the following classpath: 
/var/benchmarks/projects/seata/core/target/seata-core-0.5.0.jar:/var/benchmarks/projects/./seata/core/target/dependency/mockito-core-2.23.4.jar:/var/benchmarks/projects/seata/core/target/dependency/byte-buddy-agent-1.9.3.jar:/var/benchmarks/projects/seata/core/target/dependency/assertj-core-2.6.0.jar:/var/benchmarks/projects/seata/core/target/dependency/seata-common-0.5.0.jar:/var/benchmarks/projects/seata/core/target/dependency/byte-buddy-1.9.3.jar:/var/benchmarks/projects/seata/core/target/dependency/objenesis-2.6.jar:/var/benchmarks/projects/seata/core/target/dependency/seata-discovery-core-0.5.0.jar:/var/benchmarks/projects/seata/core/target/dependency/commons-pool2-2.4.2.jar:/var/benchmarks/projects/seata/core/target/dependency/junit-4.12.jar:/var/benchmarks/projects/seata/core/target/dependency/hamcrest-core-1.3.jar:/var/benchmarks/projects/seata/core/target/dependency/slf4j-api-1.7.22.jar:/var/benchmarks/projects/seata/core/target/dependency/seata-config-core-0.5.0.jar:/var/benchmarks/projects/seata/core/target/dependency/netty-all-4.1.24.Final.jar:/var/benchmarks/projects/seata/core/target/dependency/commons-lang-2.6.jar:/var/benchmarks/projects/seata/core/target/dependency/fastjson-1.2.48.jar:/var/benchmarks/projects/seata/core/target/dependency/config-1.2.1.jar:/var/benchmarks/projects/seata/core/target/dependency/commons-pool-1.6.jar:/usr/local/bin/lib/junit.jar:/usr/local/bin/lib/hamcrest-core.jar:/home/utbot_mocks/results_utbot-mocks_30/SEATA-21_3/temp/testcases/bin
Running the tests: [SBSTDummyForCoverageAndMutationCalculation]
Executions terminated

---The tests are re-executed other four times to find the flaky ones---
Running the tests: [SBSTDummyForCoverageAndMutationCalculation]
Executions terminated
Running the tests: [SBSTDummyForCoverageAndMutationCalculation]
Executions terminated
Running the tests: [SBSTDummyForCoverageAndMutationCalculation]
Executions terminated
Running the tests: [SBSTDummyForCoverageAndMutationCalculation]
Executions terminated

=== Run Jacoco for Coverage ===
Number of instrumented file = 7313
Running tests with the following classpath: 
/home/utbot_mocks/results_utbot-mocks_30/SEATA-21_3/temp/testcases/seata-core-0.5.0_instrumented.jar:/home/utbot_mocks/results_utbot-mocks_30/SEATA-21_3/temp/testcases/mockito-core-2.23.4_instrumented.jar:/home/utbot_mocks/results_utbot-mocks_30/SEATA-21_3/temp/testcases/byte-buddy-agent-1.9.3_instrumented.jar:/home/utbot_mocks/results_utbot-mocks_30/SEATA-21_3/temp/testcases/assertj-core-2.6.0_instrumented.jar:/home/utbot_mocks/results_utbot-mocks_30/SEATA-21_3/temp/testcases/seata-common-0.5.0_instrumented.jar:/home/utbot_mocks/results_utbot-mocks_30/SEATA-21_3/temp/testcases/byte-buddy-1.9.3_instrumented.jar:/home/utbot_mocks/results_utbot-mocks_30/SEATA-21_3/temp/testcases/objenesis-2.6_instrumented.jar:/home/utbot_mocks/results_utbot-mocks_30/SEATA-21_3/temp/testcases/seata-discovery-core-0.5.0_instrumented.jar:/home/utbot_mocks/results_utbot-mocks_30/SEATA-21_3/temp/testcases/commons-pool2-2.4.2_instrumented.jar:/home/utbot_mocks/results_utbot-mocks_30/SEATA-21_3/temp/testcases/junit-4.12_instrumented.jar:/home/utbot_mocks/results_utbot-mocks_30/SEATA-21_3/temp/testcases/hamcrest-core-1.3_instrumented.jar:/home/utbot_mocks/results_utbot-mocks_30/SEATA-21_3/temp/testcases/slf4j-api-1.7.22_instrumented.jar:/home/utbot_mocks/results_utbot-mocks_30/SEATA-21_3/temp/testcases/seata-config-core-0.5.0_instrumented.jar:/home/utbot_mocks/results_utbot-mocks_30/SEATA-21_3/temp/testcases/netty-all-4.1.24.Final_instrumented.jar:/home/utbot_mocks/results_utbot-mocks_30/SEATA-21_3/temp/testcases/commons-lang-2.6_instrumented.jar:/home/utbot_mocks/results_utbot-mocks_30/SEATA-21_3/temp/testcases/fastjson-1.2.48_instrumented.jar:/home/utbot_mocks/results_utbot-mocks_30/SEATA-21_3/temp/testcases/config-1.2.1_instrumented.jar:/home/utbot_mocks/results_utbot-mocks_30/SEATA-21_3/temp/testcases/commons-pool-1.6_instrumented.jar:/usr/local/bin/lib/hamcrest-core.jar:/usr/local/bin/lib/junit.jar:/home/utbot_mocks/results_utbot-mocks_30/SEATA-21_3/temp/testcases/bin
Running the tests: [SBSTDummyForCoverageAndMutationCalculation]
Executions terminated
Number of file with coverage information = 120
Extracted coverage data for the class io/seata/core/rpc/netty/RmRpcClient
Number of file with coverage information = 543
Number of file with coverage information = 31
Number of file with coverage information = 740
Number of file with coverage information = 23
Number of file with coverage information = 2286
Number of file with coverage information = 43
Number of file with coverage information = 10
Number of file with coverage information = 68
Number of file with coverage information = 286
Number of file with coverage information = 45
Number of file with coverage information = 34
Number of file with coverage information = 12
Number of file with coverage information = 2528
Number of file with coverage information = 133
Number of file with coverage information = 221
Number of file with coverage information = 135
Number of file with coverage information = 55

=== Run PIT ===
Matching Jacoco with PIT: find covered mutations
Executing Mutation Analysis using 75 mutants 

>>> RESULTS:
	Tool name: utbot-mocks
	Benchmark: SEATA-21
	Class Under Test: io.seata.core.rpc.netty.RmRpcClient
	Run number: 3
	Tool preparation time (ms): 8117
	Tool test cases generation time (ms): 26825
	Test cases execution time (ms): 19
	Test case number: 48
	Uncompilable Test Classes: 1
	Broken tests number: 0
	Failing tests number: 0
	Lines total: 211
	Lines covered: 0
	Lines coverage ratio (%): 0.0
	Conditions total: 88
	Conditions covered: 0
	Conditions coverage ratio (%): 0.0
	Mutants total: 75
	Mutants covered: 0
	Mutants coverage ratio (%): 0.0
	Mutants killed: 0
	Mutants killed ratio (%): 0.0
	Mutants alive: 75


Class io.seata.core.rpc.netty.RmRpcClient ended.
Stopping process...
Tool subprocess is an instance of java.lang.UNIXProcess
Tool subprocess Id is 5314
Killing master process 5314
Executing command kill -9 5314
Execution of command kill -9 5314 finished.
Process was destroyed
