Started UtBot Contest, classfileDir = /var/benchmarks/projects/seata/core/target/classes, classpathString=/var/benchmarks/projects/seata/core/target/classes:/var/benchmarks/projects/seata/core/target/seata-core-0.5.0.jar:/var/benchmarks/projects/./seata/core/target/dependency/mockito-core-2.23.4.jar:/var/benchmarks/projects/seata/core/target/dependency/byte-buddy-agent-1.9.3.jar:/var/benchmarks/projects/seata/core/target/dependency/assertj-core-2.6.0.jar:/var/benchmarks/projects/seata/core/target/dependency/seata-common-0.5.0.jar:/var/benchmarks/projects/seata/core/target/dependency/byte-buddy-1.9.3.jar:/var/benchmarks/projects/seata/core/target/dependency/objenesis-2.6.jar:/var/benchmarks/projects/seata/core/target/dependency/seata-discovery-core-0.5.0.jar:/var/benchmarks/projects/seata/core/target/dependency/commons-pool2-2.4.2.jar:/var/benchmarks/projects/seata/core/target/dependency/junit-4.12.jar:/var/benchmarks/projects/seata/core/target/dependency/hamcrest-core-1.3.jar:/var/benchmarks/projects/seata/core/target/dependency/slf4j-api-1.7.22.jar:/var/benchmarks/projects/seata/core/target/dependency/seata-config-core-0.5.0.jar:/var/benchmarks/projects/seata/core/target/dependency/netty-all-4.1.24.Final.jar:/var/benchmarks/projects/seata/core/target/dependency/commons-lang-2.6.jar:/var/benchmarks/projects/seata/core/target/dependency/fastjson-1.2.48.jar:/var/benchmarks/projects/seata/core/target/dependency/config-1.2.1.jar:/var/benchmarks/projects/seata/core/target/dependency/commons-pool-1.6.jar, outputDir=/home/utbot_mocks/temp/testcases, mocks=Other classes: Mockito
19:44:11.781 | INFO  | Started: warmup: kotlin reflection :: init
19:44:11.847 | INFO  | Finished (in 0.066 sec): warmup: kotlin reflection :: init 
[INIT]
>> [RUN] io.seata.core.store.StoreMode 30
19:44:11.857 | DEBUG | -----------------------------------------------------------------------------
19:44:11.857 | INFO  | Contest.runGeneration: Time budget: 30000 ms, Generation timeout=25500 ms, classpath=/var/benchmarks/projects/seata/core/target/classes:/var/benchmarks/projects/seata/core/target/seata-core-0.5.0.jar:/var/benchmarks/projects/./seata/core/target/dependency/mockito-core-2.23.4.jar:/var/benchmarks/projects/seata/core/target/dependency/byte-buddy-agent-1.9.3.jar:/var/benchmarks/projects/seata/core/target/dependency/assertj-core-2.6.0.jar:/var/benchmarks/projects/seata/core/target/dependency/seata-common-0.5.0.jar:/var/benchmarks/projects/seata/core/target/dependency/byte-buddy-1.9.3.jar:/var/benchmarks/projects/seata/core/target/dependency/objenesis-2.6.jar:/var/benchmarks/projects/seata/core/target/dependency/seata-discovery-core-0.5.0.jar:/var/benchmarks/projects/seata/core/target/dependency/commons-pool2-2.4.2.jar:/var/benchmarks/projects/seata/core/target/dependency/junit-4.12.jar:/var/benchmarks/projects/seata/core/target/dependency/hamcrest-core-1.3.jar:/var/benchmarks/projects/seata/core/target/dependency/slf4j-api-1.7.22.jar:/var/benchmarks/projects/seata/core/target/dependency/seata-config-core-0.5.0.jar:/var/benchmarks/projects/seata/core/target/dependency/netty-all-4.1.24.Final.jar:/var/benchmarks/projects/seata/core/target/dependency/commons-lang-2.6.jar:/var/benchmarks/projects/seata/core/target/dependency/fastjson-1.2.48.jar:/var/benchmarks/projects/seata/core/target/dependency/config-1.2.1.jar:/var/benchmarks/projects/seata/core/target/dependency/commons-pool-1.6.jar, methodNameFilter=null
19:44:11.859 | INFO  | ClassUnderTest[ FQN: io.seata.core.store.StoreMode
    classfileDir: /var/benchmarks/projects/seata/core/target/classes
    testClassSimpleName: StoreModeTest
    generatedTestFile: /home/utbot_mocks/temp/testcases/io/seata/core/store/StoreModeTest.java
    generatedTestsSourcesDir: /home/utbot_mocks/temp/testcases
]
19:44:11.880 | INFO  | Started: class io.seata.core.store.StoreMode
19:44:11.880 | INFO  | Started: preparation class class io.seata.core.store.StoreMode: kotlin reflection :: run
19:44:11.954 | INFO  | Finished (in 0.073 sec): preparation class class io.seata.core.store.StoreMode: kotlin reflection :: run 
19:44:11.955 | INFO  | Started: 2nd optional soot initialization
19:44:11.956 | INFO  | Finished (in 0.001 sec): 2nd optional soot initialization 
19:44:11.965 | DEBUG |  ... 
19:44:11.976 | INFO  | Started: method io.seata.core.store.StoreMode.valueof(String)
19:44:11.976 | INFO  |  -- Remaining time budget: 25391 ms, #remaining_methods: 4, budget for method: 6347 ms, solver timeout: 1000 ms, budget for symbolic execution: 5147 ms, budget for concrete execution: 1200 ms,  -- 
19:44:12.286 | DEBUG | --new testCase collected, to generate: testIo.seata.core.store.StoreMode.valueof(String)1
19:44:15.416 | DEBUG | --new testCase collected, to generate: testIo.seata.core.store.StoreMode.valueof(String)2
19:44:17.122 | INFO  | |> Starting concrete execution for remaining state: io.seata.core.store.StoreMode.valueof(String)
19:44:18.323 | INFO  | (X) Cancelling concrete execution: io.seata.core.store.StoreMode.valueof(String)
19:44:18.347 | INFO  | Finished (in 6.371 sec): method io.seata.core.store.StoreMode.valueof(String) 
<StatsForMethod> :
	#generatedTC=2
	WITH NO EXCEPTIONS
19:44:18.598 | DEBUG |  ... 
19:44:18.599 | INFO  | Started: method io.seata.core.store.StoreMode.valueOf(String)
19:44:18.599 | INFO  |  -- Remaining time budget: 18759 ms, #remaining_methods: 3, budget for method: 6253 ms, solver timeout: 1000 ms, budget for symbolic execution: 5053 ms, budget for concrete execution: 1200 ms,  -- 
19:44:18.610 | DEBUG | --new testCase collected, to generate: testIo.seata.core.store.StoreMode.valueOf(String)1
19:44:20.724 | DEBUG | --new testCase collected, to generate: testIo.seata.core.store.StoreMode.valueOf(String)2
19:44:23.652 | INFO  | |> Starting concrete execution for remaining state: io.seata.core.store.StoreMode.valueOf(String)
19:44:24.853 | INFO  | (X) Cancelling concrete execution: io.seata.core.store.StoreMode.valueOf(String)
19:44:24.970 | INFO  | Finished (in 6.371 sec): method io.seata.core.store.StoreMode.valueOf(String) 
<StatsForMethod> :
	#generatedTC=2
	WITH NO EXCEPTIONS
19:44:25.149 | DEBUG |  ... 
19:44:25.149 | INFO  | Started: method io.seata.core.store.StoreMode.values()
19:44:25.150 | INFO  |  -- Remaining time budget: 12209 ms, #remaining_methods: 2, budget for method: 6104 ms, solver timeout: 1000 ms, budget for symbolic execution: 4904 ms, budget for concrete execution: 1200 ms,  -- 
19:44:25.161 | DEBUG | --new testCase collected, to generate: testIo.seata.core.store.StoreMode.values()1
19:44:25.391 | DEBUG | --new testCase collected, to generate: testIo.seata.core.store.StoreMode.values()2
19:44:25.392 | INFO  | Finished (in 0.242 sec): method io.seata.core.store.StoreMode.values() 
<StatsForMethod> :
	#generatedTC=2
	WITH NO EXCEPTIONS
19:44:25.413 | DEBUG |  ... 
19:44:25.413 | INFO  | Started: method io.seata.core.store.StoreMode.<init>()
19:44:25.414 | INFO  |  -- Remaining time budget: 11945 ms, #remaining_methods: 1, budget for method: 11945 ms, solver timeout: 1000 ms, budget for symbolic execution: 10745 ms, budget for concrete execution: 1200 ms,  -- 
19:44:25.425 | ERROR | Symbolic execution FAILED
com.huawei.utbot.instrumentation.util.ChildProcessError: Error in the child process |> java.lang.IllegalArgumentException: Cannot reflectively create enum objects
	at java.lang.reflect.Constructor.newInstance(Constructor.java:417)
	at com.huawei.utbot.instrumentation.instrumentation.InvokeInstrumentation$invoke$$inlined$run$lambda$2.invoke(InvokeInstrumentation.kt:70)
	at com.huawei.utbot.common.ThreadBasedExecutor$invokeWithTimeout$1.invoke(ThreadUtil.kt:43)
	at com.huawei.utbot.common.ThreadBasedExecutor$invokeWithTimeout$1.invoke(ThreadUtil.kt:22)
	at kotlin.concurrent.ThreadsKt$thread$thread$1.run(Thread.kt:30)

	at com.huawei.utbot.instrumentation.ConcreteExecutor.executeAsync(ConcreteExecutor.kt:391) ~[utbot-junit-contest-1.0.jar:?]
	at com.huawei.utbot.instrumentation.ConcreteExecutor$executeAsync$1.invokeSuspend(ConcreteExecutor.kt) ~[utbot-junit-contest-1.0.jar:?]
	at kotlin.coroutines.jvm.internal.BaseContinuationImpl.resumeWith(ContinuationImpl.kt:33) [utbot-junit-contest-1.0.jar:?]
	at kotlinx.coroutines.DispatchedTask.run(DispatchedTask.kt:106) [utbot-junit-contest-1.0.jar:?]
	at java.util.concurrent.Executors$RunnableAdapter.call(Executors.java:511) [?:1.8.0_312]
	at java.util.concurrent.FutureTask.run(FutureTask.java:266) [?:1.8.0_312]
	at java.util.concurrent.ScheduledThreadPoolExecutor$ScheduledFutureTask.access$201(ScheduledThreadPoolExecutor.java:180) [?:1.8.0_312]
	at java.util.concurrent.ScheduledThreadPoolExecutor$ScheduledFutureTask.run(ScheduledThreadPoolExecutor.java:293) [?:1.8.0_312]
	at java.util.concurrent.ThreadPoolExecutor.runWorker(ThreadPoolExecutor.java:1149) [?:1.8.0_312]
	at java.util.concurrent.ThreadPoolExecutor$Worker.run(ThreadPoolExecutor.java:624) [?:1.8.0_312]
	at java.lang.Thread.run(Thread.java:748) [?:1.8.0_312]
19:44:25.491 | DEBUG | --new testCase collected, to generate: testIo.seata.core.store.StoreMode.<init>()1
19:44:25.492 | INFO  | Finished (in 0.078 sec): method io.seata.core.store.StoreMode.<init>() 
<StatsForMethod> :
	#generatedTC=1
	FAILED 1 time(s) with 1 different exception(s)"
19:44:25.501 | INFO  | Started: Flushing tests for [StoreMode] on disk
19:44:25.626 | INFO  | File size for StoreModeTest: 8 KB
19:44:25.628 | INFO  | Finished (in 0.127 sec): Flushing tests for [StoreMode] on disk 
19:44:25.629 | INFO  | Finished (in 13.748 sec): class io.seata.core.store.StoreMode 
<StatsForClass> :
	canceled by timeout = false
	#methods = 4, 
	#methods started symbolic exploration = 4
	#methods with at least one TC = 4
	#methods with exceptions = 1
	#generated TC = 7
	#coverage = null
[READY]
