
>>> TOOL NAME:  utbot-mocks

>>> BENCHMARK:  SPOON-167

>>> RUN NUMBER: 3

>>> MODE: --only-compute-metrics
Creating directory ./temp
Creating directory ./temp/data
Creating directory ./temp/testcases
Executing /home/utbot_mocks/./runtool
>> BENCHMARK
>> /var/benchmarks/projects/spoon/src/main/java
>> /var/benchmarks/projects/spoon/target/classes
>> 31
>> /var/benchmarks/projects/spoon/target/spoon-core-7.0.0.jar
>> /var/benchmarks/projects/./spoon/target/dependency/org.eclipse.text-3.12.0.jar
>> /var/benchmarks/projects/spoon/target/dependency/org.eclipse.equinox.app-1.6.100.jar
>> /var/benchmarks/projects/spoon/target/dependency/org.eclipse.core.contenttype-3.8.100.jar
>> /var/benchmarks/projects/spoon/target/dependency/mockito-all-2.0.2-beta.jar
>> /var/benchmarks/projects/spoon/target/dependency/jackson-databind-2.9.2.jar
>> /var/benchmarks/projects/spoon/target/dependency/guava-18.0.jar
>> /var/benchmarks/projects/spoon/target/dependency/org.eclipse.core.expressions-3.8.100.jar
>> /var/benchmarks/projects/spoon/target/dependency/org.eclipse.core.commands-3.10.100.jar
>> /var/benchmarks/projects/spoon/target/dependency/jackson-annotations-2.9.0.jar
>> /var/benchmarks/projects/spoon/target/dependency/org.eclipse.jdt.core-3.13.102.jar
>> /var/benchmarks/projects/spoon/target/dependency/org.eclipse.core.runtime-3.24.0.jar
>> /var/benchmarks/projects/spoon/target/dependency/org.eclipse.core.resources-3.16.0.jar
>> /var/benchmarks/projects/spoon/target/dependency/jackson-core-2.9.2.jar
>> /var/benchmarks/projects/spoon/target/dependency/junit-4.12.jar
>> /var/benchmarks/projects/spoon/target/dependency/org.eclipse.equinox.registry-3.11.100.jar
>> /var/benchmarks/projects/spoon/target/dependency/hamcrest-core-1.3.jar
>> /var/benchmarks/projects/spoon/target/dependency/maven-model-3.3.9.jar
>> /var/benchmarks/projects/spoon/target/dependency/plexus-utils-3.0.22.jar
>> /var/benchmarks/projects/spoon/target/dependency/jsap-2.1.jar
>> /var/benchmarks/projects/spoon/target/dependency/bridge-method-annotation-1.13.jar
>> /var/benchmarks/projects/spoon/target/dependency/org.eclipse.equinox.common-3.15.100.jar
>> /var/benchmarks/projects/spoon/target/dependency/org.eclipse.core.jobs-3.12.0.jar
>> /var/benchmarks/projects/spoon/target/dependency/commons-io-2.5.jar
>> /var/benchmarks/projects/spoon/target/dependency/commons-lang3-3.5.jar
>> /var/benchmarks/projects/spoon/target/dependency/system-rules-1.9.0.jar
>> /var/benchmarks/projects/spoon/target/dependency/querydsl-core-3.6.9.jar
>> /var/benchmarks/projects/spoon/target/dependency/org.eclipse.core.filesystem-1.9.200.jar
>> /var/benchmarks/projects/spoon/target/dependency/org.eclipse.equinox.preferences-3.9.100.jar
>> /var/benchmarks/projects/spoon/target/dependency/org.eclipse.osgi-3.17.100.jar
>> /var/benchmarks/projects/spoon/target/dependency/log4j-1.2.17.jar
>> 0
expecting CLASSPATH or READY
<< CLASSPATH
expecting number
<< 0
<< READY
>> 30


### COMPUTING METRICS ###: spoon.support.reflect.CtExtendedModifier


Starting class spoon.support.reflect.CtExtendedModifier


Ending class spoon.support.reflect.CtExtendedModifier
ERROR: Something went wrong! Consult log.txt for more infos!
java.io.FileNotFoundException: /home/utbot_mocks/results_utbot-mocks_30/SPOON-167_3/temp/testcases/timing.txt (Not a directory)
	at java.io.FileInputStream.open0(Native Method)
	at java.io.FileInputStream.open(FileInputStream.java:195)
	at java.io.FileInputStream.<init>(FileInputStream.java:138)
	at java.io.FileReader.<init>(FileReader.java:72)
	at sbst.benchmark.TranscriptWriter.readTimingFile(TranscriptWriter.java:215)
	at sbst.benchmark.TranscriptWriter.endClass(TranscriptWriter.java:127)
	at sbst.benchmark.RunTool.execute(RunTool.java:141)
	at sbst.benchmark.RunTool.run(RunTool.java:62)
	at sbst.benchmark.Main.main(Main.java:160)


Class spoon.support.reflect.CtExtendedModifier ended.
Stopping process...
Tool subprocess is an instance of java.lang.UNIXProcess
Tool subprocess Id is 26640
Killing master process 26640
Executing command kill -9 26640
Execution of command kill -9 26640 finished.
Process was destroyed

>>> TOOL NAME:  utbot-mocks

>>> BENCHMARK:  GUAVA-110

>>> RUN NUMBER: 6

>>> MODE: --only-compute-metrics
Deleting file or directory ./temp/testcases
Deleting file or directory ./temp/utbot-1-err.log
Deleting file or directory ./temp/data
Deleting file or directory ./temp/utbot-runtool.log
Deleting file or directory ./temp/utbot-1-out.log
Deleting file or directory ./temp
Creating directory ./temp
Creating directory ./temp/data
Creating directory ./temp/testcases
Executing /home/utbot_mocks/./runtool
>> BENCHMARK
>> /var/benchmarks/projects/guava/guava/src
>> /var/benchmarks/projects/guava/guava/target/classes
>> 6
>> /var/benchmarks/projects/guava/guava/target/guava-26.0-jre.jar
>> /var/benchmarks/projects/./guava/guava/target/dependency/checker-qual-2.5.2.jar
>> /var/benchmarks/projects/guava/guava/target/dependency/error_prone_annotations-2.1.3.jar
>> /var/benchmarks/projects/guava/guava/target/dependency/j2objc-annotations-1.1.jar
>> /var/benchmarks/projects/guava/guava/target/dependency/jsr305-3.0.2.jar
>> /var/benchmarks/projects/guava/guava/target/dependency/animal-sniffer-annotations-1.14.jar
>> 0
expecting CLASSPATH or READY
<< CLASSPATH
expecting number
<< 0
<< READY
>> 30


### COMPUTING METRICS ###: com.google.common.math.IntMath


Starting class com.google.common.math.IntMath


Ending class com.google.common.math.IntMath
Creating directory results_utbot-mocks_30/GUAVA-110_6/temp/testcases/bin
Creating dummy JUnit test file

---Compilation---

===
javac command line:
/usr/bin/javac -sourcepath /home/utbot_mocks/results_utbot-mocks_30/GUAVA-110_6/temp/testcases -cp /var/benchmarks/projects/guava/guava/target/guava-26.0-jre.jar:/var/benchmarks/projects/./guava/guava/target/dependency/checker-qual-2.5.2.jar:/var/benchmarks/projects/guava/guava/target/dependency/error_prone_annotations-2.1.3.jar:/var/benchmarks/projects/guava/guava/target/dependency/j2objc-annotations-1.1.jar:/var/benchmarks/projects/guava/guava/target/dependency/jsr305-3.0.2.jar:/var/benchmarks/projects/guava/guava/target/dependency/animal-sniffer-annotations-1.14.jar:/usr/local/bin/lib/junit.jar:/usr/local/bin/lib/hamcrest-core.jar -d results_utbot-mocks_30/GUAVA-110_6/temp/testcases/bin /home/utbot_mocks/results_utbot-mocks_30/GUAVA-110_6/temp/testcases/SBSTDummyForCoverageAndMutationCalculation.java


===
javac command line:
/usr/bin/javac -sourcepath /home/utbot_mocks/results_utbot-mocks_30/GUAVA-110_6/temp/testcases -cp /var/benchmarks/projects/guava/guava/target/guava-26.0-jre.jar:/var/benchmarks/projects/./guava/guava/target/dependency/checker-qual-2.5.2.jar:/var/benchmarks/projects/guava/guava/target/dependency/error_prone_annotations-2.1.3.jar:/var/benchmarks/projects/guava/guava/target/dependency/j2objc-annotations-1.1.jar:/var/benchmarks/projects/guava/guava/target/dependency/jsr305-3.0.2.jar:/var/benchmarks/projects/guava/guava/target/dependency/animal-sniffer-annotations-1.14.jar:/usr/local/bin/lib/junit.jar:/usr/local/bin/lib/hamcrest-core.jar -d results_utbot-mocks_30/GUAVA-110_6/temp/testcases/bin /home/utbot_mocks/results_utbot-mocks_30/GUAVA-110_6/temp/testcases/com/google/common/math/IntMathTest.java

/home/utbot_mocks/results_utbot-mocks_30/GUAVA-110_6/temp/testcases/com/google/common/math/IntMathTest.java:8: warning: Unsafe is internal proprietary API and may be removed in a future release
import sun.misc.Unsafe;
               ^
/home/utbot_mocks/results_utbot-mocks_30/GUAVA-110_6/temp/testcases/com/google/common/math/IntMathTest.java:11: error: package org.mockito does not exist
import static org.mockito.ArgumentMatchers.anyString;
                         ^
/home/utbot_mocks/results_utbot-mocks_30/GUAVA-110_6/temp/testcases/com/google/common/math/IntMathTest.java:11: error: static import only from classes and interfaces
import static org.mockito.ArgumentMatchers.anyString;
^
/home/utbot_mocks/results_utbot-mocks_30/GUAVA-110_6/temp/testcases/com/google/common/math/IntMathTest.java:12: error: package org.mockito does not exist
import static org.mockito.ArgumentMatchers.anyInt;
                         ^
/home/utbot_mocks/results_utbot-mocks_30/GUAVA-110_6/temp/testcases/com/google/common/math/IntMathTest.java:12: error: static import only from classes and interfaces
import static org.mockito.ArgumentMatchers.anyInt;
^
/home/utbot_mocks/results_utbot-mocks_30/GUAVA-110_6/temp/testcases/com/google/common/math/IntMathTest.java:13: error: package org.mockito does not exist
import static org.mockito.Mockito.mockStatic;
                         ^
/home/utbot_mocks/results_utbot-mocks_30/GUAVA-110_6/temp/testcases/com/google/common/math/IntMathTest.java:13: error: static import only from classes and interfaces
import static org.mockito.Mockito.mockStatic;
^
/home/utbot_mocks/results_utbot-mocks_30/GUAVA-110_6/temp/testcases/com/google/common/math/IntMathTest.java:14: error: package org.mockito does not exist
import static org.mockito.ArgumentMatchers.anyLong;
                         ^
/home/utbot_mocks/results_utbot-mocks_30/GUAVA-110_6/temp/testcases/com/google/common/math/IntMathTest.java:14: error: static import only from classes and interfaces
import static org.mockito.ArgumentMatchers.anyLong;
^
/home/utbot_mocks/results_utbot-mocks_30/GUAVA-110_6/temp/testcases/com/google/common/math/IntMathTest.java:17: error: package org.mockito does not exist
import static org.mockito.ArgumentMatchers.anyBoolean;
                         ^
/home/utbot_mocks/results_utbot-mocks_30/GUAVA-110_6/temp/testcases/com/google/common/math/IntMathTest.java:17: error: static import only from classes and interfaces
import static org.mockito.ArgumentMatchers.anyBoolean;
^
/home/utbot_mocks/results_utbot-mocks_30/GUAVA-110_6/temp/testcases/com/google/common/math/IntMathTest.java:18: error: package org.mockito does not exist
import static org.mockito.ArgumentMatchers.any;
                         ^
/home/utbot_mocks/results_utbot-mocks_30/GUAVA-110_6/temp/testcases/com/google/common/math/IntMathTest.java:18: error: static import only from classes and interfaces
import static org.mockito.ArgumentMatchers.any;
^
/home/utbot_mocks/results_utbot-mocks_30/GUAVA-110_6/temp/testcases/com/google/common/math/IntMathTest.java:81: error: package org.mockito does not exist
        org.mockito.MockedStatic mockedStatic = null;
                   ^
/home/utbot_mocks/results_utbot-mocks_30/GUAVA-110_6/temp/testcases/com/google/common/math/IntMathTest.java:83: error: cannot find symbol
            mockedStatic = mockStatic(MathPreconditions.class);
                           ^
  symbol:   method mockStatic(Class<MathPreconditions>)
  location: class IntMathTest
/home/utbot_mocks/results_utbot-mocks_30/GUAVA-110_6/temp/testcases/com/google/common/math/IntMathTest.java:85: error: cannot find symbol
                MathPreconditions.checkNonNegative(anyString(), anyInt());
                                                   ^
  symbol:   method anyString()
  location: class IntMathTest
/home/utbot_mocks/results_utbot-mocks_30/GUAVA-110_6/temp/testcases/com/google/common/math/IntMathTest.java:85: error: cannot find symbol
                MathPreconditions.checkNonNegative(anyString(), anyInt());
                                                                ^
  symbol:   method anyInt()
  location: class IntMathTest
/home/utbot_mocks/results_utbot-mocks_30/GUAVA-110_6/temp/testcases/com/google/common/math/IntMathTest.java:101: error: package org.mockito does not exist
        org.mockito.MockedStatic mockedStatic = null;
                   ^
/home/utbot_mocks/results_utbot-mocks_30/GUAVA-110_6/temp/testcases/com/google/common/math/IntMathTest.java:103: error: cannot find symbol
            mockedStatic = mockStatic(MathPreconditions.class);
                           ^
  symbol:   method mockStatic(Class<MathPreconditions>)
  location: class IntMathTest
/home/utbot_mocks/results_utbot-mocks_30/GUAVA-110_6/temp/testcases/com/google/common/math/IntMathTest.java:105: error: cannot find symbol
                MathPreconditions.checkNonNegative(anyString(), anyInt());
                                                   ^
  symbol:   method anyString()
  location: class IntMathTest
/home/utbot_mocks/results_utbot-mocks_30/GUAVA-110_6/temp/testcases/com/google/common/math/IntMathTest.java:105: error: cannot find symbol
                MathPreconditions.checkNonNegative(anyString(), anyInt());
                                                                ^
  symbol:   method anyInt()
  location: class IntMathTest
/home/utbot_mocks/results_utbot-mocks_30/GUAVA-110_6/temp/testcases/com/google/common/math/IntMathTest.java:131: error: package org.mockito does not exist
        org.mockito.MockedStatic mockedStatic = null;
                   ^
/home/utbot_mocks/results_utbot-mocks_30/GUAVA-110_6/temp/testcases/com/google/common/math/IntMathTest.java:133: error: cannot find symbol
            mockedStatic = mockStatic(com.google.common.primitives.Ints.class);
                           ^
  symbol:   method mockStatic(Class<Ints>)
  location: class IntMathTest
/home/utbot_mocks/results_utbot-mocks_30/GUAVA-110_6/temp/testcases/com/google/common/math/IntMathTest.java:135: error: cannot find symbol
                com.google.common.primitives.Ints.saturatedCast(anyLong());
                                                                ^
  symbol:   method anyLong()
  location: class IntMathTest
/home/utbot_mocks/results_utbot-mocks_30/GUAVA-110_6/temp/testcases/com/google/common/math/IntMathTest.java:161: error: package org.mockito does not exist
        org.mockito.MockedStatic mockedStatic = null;
                   ^
/home/utbot_mocks/results_utbot-mocks_30/GUAVA-110_6/temp/testcases/com/google/common/math/IntMathTest.java:163: error: cannot find symbol
            mockedStatic = mockStatic(com.google.common.primitives.Ints.class);
                           ^
  symbol:   method mockStatic(Class<Ints>)
  location: class IntMathTest
/home/utbot_mocks/results_utbot-mocks_30/GUAVA-110_6/temp/testcases/com/google/common/math/IntMathTest.java:165: error: cannot find symbol
                com.google.common.primitives.Ints.saturatedCast(anyLong());
                                                                ^
  symbol:   method anyLong()
  location: class IntMathTest
/home/utbot_mocks/results_utbot-mocks_30/GUAVA-110_6/temp/testcases/com/google/common/math/IntMathTest.java:229: error: package org.mockito does not exist
        org.mockito.MockedStatic mockedStatic = null;
                   ^
/home/utbot_mocks/results_utbot-mocks_30/GUAVA-110_6/temp/testcases/com/google/common/math/IntMathTest.java:231: error: cannot find symbol
            mockedStatic = mockStatic(MathPreconditions.class);
                           ^
  symbol:   method mockStatic(Class<MathPreconditions>)
  location: class IntMathTest
/home/utbot_mocks/results_utbot-mocks_30/GUAVA-110_6/temp/testcases/com/google/common/math/IntMathTest.java:233: error: cannot find symbol
                MathPreconditions.checkPositive(anyString(), anyInt());
                                                ^
  symbol:   method anyString()
  location: class IntMathTest
/home/utbot_mocks/results_utbot-mocks_30/GUAVA-110_6/temp/testcases/com/google/common/math/IntMathTest.java:233: error: cannot find symbol
                MathPreconditions.checkPositive(anyString(), anyInt());
                                                             ^
  symbol:   method anyInt()
  location: class IntMathTest
/home/utbot_mocks/results_utbot-mocks_30/GUAVA-110_6/temp/testcases/com/google/common/math/IntMathTest.java:257: error: package org.mockito does not exist
        org.mockito.MockedStatic mockedStatic = null;
                   ^
/home/utbot_mocks/results_utbot-mocks_30/GUAVA-110_6/temp/testcases/com/google/common/math/IntMathTest.java:259: error: cannot find symbol
            mockedStatic = mockStatic(MathPreconditions.class);
                           ^
  symbol:   method mockStatic(Class<MathPreconditions>)
  location: class IntMathTest
/home/utbot_mocks/results_utbot-mocks_30/GUAVA-110_6/temp/testcases/com/google/common/math/IntMathTest.java:261: error: cannot find symbol
                MathPreconditions.checkPositive(anyString(), anyInt());
                                                ^
  symbol:   method anyString()
  location: class IntMathTest
/home/utbot_mocks/results_utbot-mocks_30/GUAVA-110_6/temp/testcases/com/google/common/math/IntMathTest.java:261: error: cannot find symbol
                MathPreconditions.checkPositive(anyString(), anyInt());
                                                             ^
  symbol:   method anyInt()
  location: class IntMathTest
/home/utbot_mocks/results_utbot-mocks_30/GUAVA-110_6/temp/testcases/com/google/common/math/IntMathTest.java:275: error: package org.mockito does not exist
        org.mockito.MockedStatic mockedStatic = null;
                   ^
/home/utbot_mocks/results_utbot-mocks_30/GUAVA-110_6/temp/testcases/com/google/common/math/IntMathTest.java:277: error: cannot find symbol
            mockedStatic = mockStatic(MathPreconditions.class);
                           ^
  symbol:   method mockStatic(Class<MathPreconditions>)
  location: class IntMathTest
/home/utbot_mocks/results_utbot-mocks_30/GUAVA-110_6/temp/testcases/com/google/common/math/IntMathTest.java:279: error: cannot find symbol
                MathPreconditions.checkPositive(anyString(), anyInt());
                                                ^
  symbol:   method anyString()
  location: class IntMathTest
/home/utbot_mocks/results_utbot-mocks_30/GUAVA-110_6/temp/testcases/com/google/common/math/IntMathTest.java:279: error: cannot find symbol
                MathPreconditions.checkPositive(anyString(), anyInt());
                                                             ^
  symbol:   method anyInt()
  location: class IntMathTest
/home/utbot_mocks/results_utbot-mocks_30/GUAVA-110_6/temp/testcases/com/google/common/math/IntMathTest.java:357: error: package org.mockito does not exist
        org.mockito.MockedStatic mockedStatic = null;
                   ^
/home/utbot_mocks/results_utbot-mocks_30/GUAVA-110_6/temp/testcases/com/google/common/math/IntMathTest.java:359: error: cannot find symbol
            mockedStatic = mockStatic(MathPreconditions.class);
                           ^
  symbol:   method mockStatic(Class<MathPreconditions>)
  location: class IntMathTest
/home/utbot_mocks/results_utbot-mocks_30/GUAVA-110_6/temp/testcases/com/google/common/math/IntMathTest.java:374: error: package org.mockito does not exist
        org.mockito.MockedStatic mockedStatic = null;
                   ^
/home/utbot_mocks/results_utbot-mocks_30/GUAVA-110_6/temp/testcases/com/google/common/math/IntMathTest.java:376: error: cannot find symbol
            mockedStatic = mockStatic(MathPreconditions.class);
                           ^
  symbol:   method mockStatic(Class<MathPreconditions>)
  location: class IntMathTest
/home/utbot_mocks/results_utbot-mocks_30/GUAVA-110_6/temp/testcases/com/google/common/math/IntMathTest.java:401: error: package org.mockito does not exist
        org.mockito.MockedStatic mockedStatic = null;
                   ^
/home/utbot_mocks/results_utbot-mocks_30/GUAVA-110_6/temp/testcases/com/google/common/math/IntMathTest.java:403: error: cannot find symbol
            mockedStatic = mockStatic(MathPreconditions.class);
                           ^
  symbol:   method mockStatic(Class<MathPreconditions>)
  location: class IntMathTest
/home/utbot_mocks/results_utbot-mocks_30/GUAVA-110_6/temp/testcases/com/google/common/math/IntMathTest.java:418: error: package org.mockito does not exist
        org.mockito.MockedStatic mockedStatic = null;
                   ^
/home/utbot_mocks/results_utbot-mocks_30/GUAVA-110_6/temp/testcases/com/google/common/math/IntMathTest.java:420: error: cannot find symbol
            mockedStatic = mockStatic(MathPreconditions.class);
                           ^
  symbol:   method mockStatic(Class<MathPreconditions>)
  location: class IntMathTest
/home/utbot_mocks/results_utbot-mocks_30/GUAVA-110_6/temp/testcases/com/google/common/math/IntMathTest.java:445: error: package org.mockito does not exist
        org.mockito.MockedStatic mockedStatic = null;
                   ^
/home/utbot_mocks/results_utbot-mocks_30/GUAVA-110_6/temp/testcases/com/google/common/math/IntMathTest.java:447: error: cannot find symbol
            mockedStatic = mockStatic(MathPreconditions.class);
                           ^
  symbol:   method mockStatic(Class<MathPreconditions>)
  location: class IntMathTest
/home/utbot_mocks/results_utbot-mocks_30/GUAVA-110_6/temp/testcases/com/google/common/math/IntMathTest.java:472: error: package org.mockito does not exist
        org.mockito.MockedStatic mockedStatic = null;
                   ^
/home/utbot_mocks/results_utbot-mocks_30/GUAVA-110_6/temp/testcases/com/google/common/math/IntMathTest.java:474: error: cannot find symbol
            mockedStatic = mockStatic(MathPreconditions.class);
                           ^
  symbol:   method mockStatic(Class<MathPreconditions>)
  location: class IntMathTest
/home/utbot_mocks/results_utbot-mocks_30/GUAVA-110_6/temp/testcases/com/google/common/math/IntMathTest.java:476: error: cannot find symbol
                MathPreconditions.checkNonNegative(anyString(), anyInt());
                                                   ^
  symbol:   method anyString()
  location: class IntMathTest
/home/utbot_mocks/results_utbot-mocks_30/GUAVA-110_6/temp/testcases/com/google/common/math/IntMathTest.java:476: error: cannot find symbol
                MathPreconditions.checkNonNegative(anyString(), anyInt());
                                                                ^
  symbol:   method anyInt()
  location: class IntMathTest
/home/utbot_mocks/results_utbot-mocks_30/GUAVA-110_6/temp/testcases/com/google/common/math/IntMathTest.java:492: error: package org.mockito does not exist
        org.mockito.MockedStatic mockedStatic = null;
                   ^
/home/utbot_mocks/results_utbot-mocks_30/GUAVA-110_6/temp/testcases/com/google/common/math/IntMathTest.java:494: error: cannot find symbol
            mockedStatic = mockStatic(MathPreconditions.class);
                           ^
  symbol:   method mockStatic(Class<MathPreconditions>)
  location: class IntMathTest
/home/utbot_mocks/results_utbot-mocks_30/GUAVA-110_6/temp/testcases/com/google/common/math/IntMathTest.java:496: error: cannot find symbol
                MathPreconditions.checkNonNegative(anyString(), anyInt());
                                                   ^
  symbol:   method anyString()
  location: class IntMathTest
/home/utbot_mocks/results_utbot-mocks_30/GUAVA-110_6/temp/testcases/com/google/common/math/IntMathTest.java:496: error: cannot find symbol
                MathPreconditions.checkNonNegative(anyString(), anyInt());
                                                                ^
  symbol:   method anyInt()
  location: class IntMathTest
/home/utbot_mocks/results_utbot-mocks_30/GUAVA-110_6/temp/testcases/com/google/common/math/IntMathTest.java:512: error: package org.mockito does not exist
        org.mockito.MockedStatic mockedStatic = null;
                   ^
/home/utbot_mocks/results_utbot-mocks_30/GUAVA-110_6/temp/testcases/com/google/common/math/IntMathTest.java:514: error: cannot find symbol
            mockedStatic = mockStatic(MathPreconditions.class);
                           ^
  symbol:   method mockStatic(Class<MathPreconditions>)
  location: class IntMathTest
/home/utbot_mocks/results_utbot-mocks_30/GUAVA-110_6/temp/testcases/com/google/common/math/IntMathTest.java:516: error: cannot find symbol
                MathPreconditions.checkNonNegative(anyString(), anyInt());
                                                   ^
  symbol:   method anyString()
  location: class IntMathTest
/home/utbot_mocks/results_utbot-mocks_30/GUAVA-110_6/temp/testcases/com/google/common/math/IntMathTest.java:516: error: cannot find symbol
                MathPreconditions.checkNonNegative(anyString(), anyInt());
                                                                ^
  symbol:   method anyInt()
  location: class IntMathTest
/home/utbot_mocks/results_utbot-mocks_30/GUAVA-110_6/temp/testcases/com/google/common/math/IntMathTest.java:532: error: package org.mockito does not exist
        org.mockito.MockedStatic mockedStatic = null;
                   ^
/home/utbot_mocks/results_utbot-mocks_30/GUAVA-110_6/temp/testcases/com/google/common/math/IntMathTest.java:534: error: cannot find symbol
            mockedStatic = mockStatic(MathPreconditions.class);
                           ^
  symbol:   method mockStatic(Class<MathPreconditions>)
  location: class IntMathTest
/home/utbot_mocks/results_utbot-mocks_30/GUAVA-110_6/temp/testcases/com/google/common/math/IntMathTest.java:536: error: cannot find symbol
                MathPreconditions.checkNonNegative(anyString(), anyInt());
                                                   ^
  symbol:   method anyString()
  location: class IntMathTest
/home/utbot_mocks/results_utbot-mocks_30/GUAVA-110_6/temp/testcases/com/google/common/math/IntMathTest.java:536: error: cannot find symbol
                MathPreconditions.checkNonNegative(anyString(), anyInt());
                                                                ^
  symbol:   method anyInt()
  location: class IntMathTest
/home/utbot_mocks/results_utbot-mocks_30/GUAVA-110_6/temp/testcases/com/google/common/math/IntMathTest.java:552: error: package org.mockito does not exist
        org.mockito.MockedStatic mockedStatic = null;
                   ^
/home/utbot_mocks/results_utbot-mocks_30/GUAVA-110_6/temp/testcases/com/google/common/math/IntMathTest.java:554: error: cannot find symbol
            mockedStatic = mockStatic(MathPreconditions.class);
                           ^
  symbol:   method mockStatic(Class<MathPreconditions>)
  location: class IntMathTest
/home/utbot_mocks/results_utbot-mocks_30/GUAVA-110_6/temp/testcases/com/google/common/math/IntMathTest.java:556: error: cannot find symbol
                MathPreconditions.checkNonNegative(anyString(), anyInt());
                                                   ^
  symbol:   method anyString()
  location: class IntMathTest
/home/utbot_mocks/results_utbot-mocks_30/GUAVA-110_6/temp/testcases/com/google/common/math/IntMathTest.java:556: error: cannot find symbol
                MathPreconditions.checkNonNegative(anyString(), anyInt());
                                                                ^
  symbol:   method anyInt()
  location: class IntMathTest
/home/utbot_mocks/results_utbot-mocks_30/GUAVA-110_6/temp/testcases/com/google/common/math/IntMathTest.java:572: error: package org.mockito does not exist
        org.mockito.MockedStatic mockedStatic = null;
                   ^
/home/utbot_mocks/results_utbot-mocks_30/GUAVA-110_6/temp/testcases/com/google/common/math/IntMathTest.java:574: error: cannot find symbol
            mockedStatic = mockStatic(MathPreconditions.class);
                           ^
  symbol:   method mockStatic(Class<MathPreconditions>)
  location: class IntMathTest
/home/utbot_mocks/results_utbot-mocks_30/GUAVA-110_6/temp/testcases/com/google/common/math/IntMathTest.java:576: error: cannot find symbol
                MathPreconditions.checkNonNegative(anyString(), anyInt());
                                                   ^
  symbol:   method anyString()
  location: class IntMathTest
/home/utbot_mocks/results_utbot-mocks_30/GUAVA-110_6/temp/testcases/com/google/common/math/IntMathTest.java:576: error: cannot find symbol
                MathPreconditions.checkNonNegative(anyString(), anyInt());
                                                                ^
  symbol:   method anyInt()
  location: class IntMathTest
/home/utbot_mocks/results_utbot-mocks_30/GUAVA-110_6/temp/testcases/com/google/common/math/IntMathTest.java:592: error: package org.mockito does not exist
        org.mockito.MockedStatic mockedStatic = null;
                   ^
/home/utbot_mocks/results_utbot-mocks_30/GUAVA-110_6/temp/testcases/com/google/common/math/IntMathTest.java:594: error: cannot find symbol
            mockedStatic = mockStatic(MathPreconditions.class);
                           ^
  symbol:   method mockStatic(Class<MathPreconditions>)
  location: class IntMathTest
/home/utbot_mocks/results_utbot-mocks_30/GUAVA-110_6/temp/testcases/com/google/common/math/IntMathTest.java:596: error: cannot find symbol
                MathPreconditions.checkNonNegative(anyString(), anyInt());
                                                   ^
  symbol:   method anyString()
  location: class IntMathTest
/home/utbot_mocks/results_utbot-mocks_30/GUAVA-110_6/temp/testcases/com/google/common/math/IntMathTest.java:596: error: cannot find symbol
                MathPreconditions.checkNonNegative(anyString(), anyInt());
                                                                ^
  symbol:   method anyInt()
  location: class IntMathTest
/home/utbot_mocks/results_utbot-mocks_30/GUAVA-110_6/temp/testcases/com/google/common/math/IntMathTest.java:612: error: package org.mockito does not exist
        org.mockito.MockedStatic mockedStatic = null;
                   ^
/home/utbot_mocks/results_utbot-mocks_30/GUAVA-110_6/temp/testcases/com/google/common/math/IntMathTest.java:614: error: cannot find symbol
            mockedStatic = mockStatic(MathPreconditions.class);
                           ^
  symbol:   method mockStatic(Class<MathPreconditions>)
  location: class IntMathTest
/home/utbot_mocks/results_utbot-mocks_30/GUAVA-110_6/temp/testcases/com/google/common/math/IntMathTest.java:616: error: cannot find symbol
                MathPreconditions.checkNonNegative(anyString(), anyInt());
                                                   ^
  symbol:   method anyString()
  location: class IntMathTest
/home/utbot_mocks/results_utbot-mocks_30/GUAVA-110_6/temp/testcases/com/google/common/math/IntMathTest.java:616: error: cannot find symbol
                MathPreconditions.checkNonNegative(anyString(), anyInt());
                                                                ^
  symbol:   method anyInt()
  location: class IntMathTest
/home/utbot_mocks/results_utbot-mocks_30/GUAVA-110_6/temp/testcases/com/google/common/math/IntMathTest.java:632: error: package org.mockito does not exist
        org.mockito.MockedStatic mockedStatic = null;
                   ^
/home/utbot_mocks/results_utbot-mocks_30/GUAVA-110_6/temp/testcases/com/google/common/math/IntMathTest.java:634: error: cannot find symbol
            mockedStatic = mockStatic(MathPreconditions.class);
                           ^
  symbol:   method mockStatic(Class<MathPreconditions>)
  location: class IntMathTest
/home/utbot_mocks/results_utbot-mocks_30/GUAVA-110_6/temp/testcases/com/google/common/math/IntMathTest.java:636: error: cannot find symbol
                MathPreconditions.checkNonNegative(anyString(), anyInt());
                                                   ^
  symbol:   method anyString()
  location: class IntMathTest
/home/utbot_mocks/results_utbot-mocks_30/GUAVA-110_6/temp/testcases/com/google/common/math/IntMathTest.java:636: error: cannot find symbol
                MathPreconditions.checkNonNegative(anyString(), anyInt());
                                                                ^
  symbol:   method anyInt()
  location: class IntMathTest
/home/utbot_mocks/results_utbot-mocks_30/GUAVA-110_6/temp/testcases/com/google/common/math/IntMathTest.java:652: error: package org.mockito does not exist
        org.mockito.MockedStatic mockedStatic = null;
                   ^
/home/utbot_mocks/results_utbot-mocks_30/GUAVA-110_6/temp/testcases/com/google/common/math/IntMathTest.java:654: error: cannot find symbol
            mockedStatic = mockStatic(MathPreconditions.class);
                           ^
  symbol:   method mockStatic(Class<MathPreconditions>)
  location: class IntMathTest
/home/utbot_mocks/results_utbot-mocks_30/GUAVA-110_6/temp/testcases/com/google/common/math/IntMathTest.java:656: error: cannot find symbol
                MathPreconditions.checkNonNegative(anyString(), anyInt());
                                                   ^
  symbol:   method anyString()
  location: class IntMathTest
/home/utbot_mocks/results_utbot-mocks_30/GUAVA-110_6/temp/testcases/com/google/common/math/IntMathTest.java:656: error: cannot find symbol
                MathPreconditions.checkNonNegative(anyString(), anyInt());
                                                                ^
  symbol:   method anyInt()
  location: class IntMathTest
/home/utbot_mocks/results_utbot-mocks_30/GUAVA-110_6/temp/testcases/com/google/common/math/IntMathTest.java:672: error: package org.mockito does not exist
        org.mockito.MockedStatic mockedStatic = null;
                   ^
/home/utbot_mocks/results_utbot-mocks_30/GUAVA-110_6/temp/testcases/com/google/common/math/IntMathTest.java:674: error: cannot find symbol
            mockedStatic = mockStatic(MathPreconditions.class);
                           ^
  symbol:   method mockStatic(Class<MathPreconditions>)
  location: class IntMathTest
/home/utbot_mocks/results_utbot-mocks_30/GUAVA-110_6/temp/testcases/com/google/common/math/IntMathTest.java:676: error: cannot find symbol
                MathPreconditions.checkNonNegative(anyString(), anyInt());
                                                   ^
  symbol:   method anyString()
  location: class IntMathTest
/home/utbot_mocks/results_utbot-mocks_30/GUAVA-110_6/temp/testcases/com/google/common/math/IntMathTest.java:676: error: cannot find symbol
                MathPreconditions.checkNonNegative(anyString(), anyInt());
                                                                ^
  symbol:   method anyInt()
  location: class IntMathTest
/home/utbot_mocks/results_utbot-mocks_30/GUAVA-110_6/temp/testcases/com/google/common/math/IntMathTest.java:692: error: package org.mockito does not exist
        org.mockito.MockedStatic mockedStatic = null;
                   ^
/home/utbot_mocks/results_utbot-mocks_30/GUAVA-110_6/temp/testcases/com/google/common/math/IntMathTest.java:694: error: cannot find symbol
            mockedStatic = mockStatic(MathPreconditions.class);
                           ^
  symbol:   method mockStatic(Class<MathPreconditions>)
  location: class IntMathTest
/home/utbot_mocks/results_utbot-mocks_30/GUAVA-110_6/temp/testcases/com/google/common/math/IntMathTest.java:696: error: cannot find symbol
                MathPreconditions.checkNonNegative(anyString(), anyInt());
                                                   ^
  symbol:   method anyString()
  location: class IntMathTest
/home/utbot_mocks/results_utbot-mocks_30/GUAVA-110_6/temp/testcases/com/google/common/math/IntMathTest.java:696: error: cannot find symbol
                MathPreconditions.checkNonNegative(anyString(), anyInt());
                                                                ^
  symbol:   method anyInt()
  location: class IntMathTest
/home/utbot_mocks/results_utbot-mocks_30/GUAVA-110_6/temp/testcases/com/google/common/math/IntMathTest.java:712: error: package org.mockito does not exist
        org.mockito.MockedStatic mockedStatic = null;
                   ^
/home/utbot_mocks/results_utbot-mocks_30/GUAVA-110_6/temp/testcases/com/google/common/math/IntMathTest.java:714: error: cannot find symbol
            mockedStatic = mockStatic(MathPreconditions.class);
                           ^
  symbol:   method mockStatic(Class<MathPreconditions>)
  location: class IntMathTest
/home/utbot_mocks/results_utbot-mocks_30/GUAVA-110_6/temp/testcases/com/google/common/math/IntMathTest.java:716: error: cannot find symbol
                MathPreconditions.checkNonNegative(anyString(), anyInt());
                                                   ^
  symbol:   method anyString()
  location: class IntMathTest
/home/utbot_mocks/results_utbot-mocks_30/GUAVA-110_6/temp/testcases/com/google/common/math/IntMathTest.java:716: error: cannot find symbol
                MathPreconditions.checkNonNegative(anyString(), anyInt());
                                                                ^
  symbol:   method anyInt()
  location: class IntMathTest
/home/utbot_mocks/results_utbot-mocks_30/GUAVA-110_6/temp/testcases/com/google/common/math/IntMathTest.java:1719: warning: Unsafe is internal proprietary API and may be removed in a future release
    private static sun.misc.Unsafe getUnsafeInstance() throws Exception {
                           ^
/home/utbot_mocks/results_utbot-mocks_30/GUAVA-110_6/temp/testcases/com/google/common/math/IntMathTest.java:1720: warning: Unsafe is internal proprietary API and may be removed in a future release
        java.lang.reflect.Field f = sun.misc.Unsafe.class.getDeclaredField("theUnsafe");
                                            ^
/home/utbot_mocks/results_utbot-mocks_30/GUAVA-110_6/temp/testcases/com/google/common/math/IntMathTest.java:1722: warning: Unsafe is internal proprietary API and may be removed in a future release
        return (sun.misc.Unsafe) f.get(null);
                        ^
Note: /home/utbot_mocks/results_utbot-mocks_30/GUAVA-110_6/temp/testcases/com/google/common/math/IntMathTest.java uses unchecked or unsafe operations.
Note: Recompile with -Xlint:unchecked for details.
100 errors
4 warnings
Failed to compile 'com/google/common/math/IntMathTest.java'!
shaded.org.apache.commons.exec.ExecuteException: Process exited with an error: 1 (Exit value: 1)
	at shaded.org.apache.commons.exec.DefaultExecutor.executeInternal(DefaultExecutor.java:377)
	at shaded.org.apache.commons.exec.DefaultExecutor.execute(DefaultExecutor.java:160)
	at shaded.org.apache.commons.exec.DefaultExecutor.execute(DefaultExecutor.java:147)
	at sbst.benchmark.TestSuite.compile(TestSuite.java:250)
	at sbst.benchmark.TestSuite.<init>(TestSuite.java:68)
	at sbst.benchmark.TranscriptWriter.endClass(TranscriptWriter.java:136)
	at sbst.benchmark.RunTool.execute(RunTool.java:141)
	at sbst.benchmark.RunTool.run(RunTool.java:62)
	at sbst.benchmark.Main.main(Main.java:160)

---Timing Information---
Running tests with the following classpath: 
/var/benchmarks/projects/guava/guava/target/guava-26.0-jre.jar:/var/benchmarks/projects/./guava/guava/target/dependency/checker-qual-2.5.2.jar:/var/benchmarks/projects/guava/guava/target/dependency/error_prone_annotations-2.1.3.jar:/var/benchmarks/projects/guava/guava/target/dependency/j2objc-annotations-1.1.jar:/var/benchmarks/projects/guava/guava/target/dependency/jsr305-3.0.2.jar:/var/benchmarks/projects/guava/guava/target/dependency/animal-sniffer-annotations-1.14.jar:/usr/local/bin/lib/junit.jar:/usr/local/bin/lib/hamcrest-core.jar:/home/utbot_mocks/results_utbot-mocks_30/GUAVA-110_6/temp/testcases/bin
Running the tests: [SBSTDummyForCoverageAndMutationCalculation]
Executions terminated

---The tests are re-executed other four times to find the flaky ones---
Running the tests: [SBSTDummyForCoverageAndMutationCalculation]
Executions terminated
Running the tests: [SBSTDummyForCoverageAndMutationCalculation]
Executions terminated
Running the tests: [SBSTDummyForCoverageAndMutationCalculation]
Executions terminated
Running the tests: [SBSTDummyForCoverageAndMutationCalculation]
Executions terminated

=== Run Jacoco for Coverage ===
Number of instrumented file = 2323
Running tests with the following classpath: 
/home/utbot_mocks/results_utbot-mocks_30/GUAVA-110_6/temp/testcases/guava-26.0-jre_instrumented.jar:/home/utbot_mocks/results_utbot-mocks_30/GUAVA-110_6/temp/testcases/checker-qual-2.5.2_instrumented.jar:/home/utbot_mocks/results_utbot-mocks_30/GUAVA-110_6/temp/testcases/error_prone_annotations-2.1.3_instrumented.jar:/home/utbot_mocks/results_utbot-mocks_30/GUAVA-110_6/temp/testcases/j2objc-annotations-1.1_instrumented.jar:/home/utbot_mocks/results_utbot-mocks_30/GUAVA-110_6/temp/testcases/jsr305-3.0.2_instrumented.jar:/home/utbot_mocks/results_utbot-mocks_30/GUAVA-110_6/temp/testcases/animal-sniffer-annotations-1.14_instrumented.jar:/usr/local/bin/lib/hamcrest-core.jar:/usr/local/bin/lib/junit.jar:/home/utbot_mocks/results_utbot-mocks_30/GUAVA-110_6/temp/testcases/bin
Running the tests: [SBSTDummyForCoverageAndMutationCalculation]
Executions terminated
Number of file with coverage information = 1951
Extracted coverage data for the class com/google/common/math/IntMath
Number of file with coverage information = 302
Number of file with coverage information = 22
Number of file with coverage information = 12
Number of file with coverage information = 35
Number of file with coverage information = 1

=== Run PIT ===
Matching Jacoco with PIT: find covered mutations
Executing Mutation Analysis using 126 mutants 

>>> RESULTS:
	Tool name: utbot-mocks
	Benchmark: GUAVA-110
	Class Under Test: com.google.common.math.IntMath
	Run number: 6
	Tool preparation time (ms): 12613
	Tool test cases generation time (ms): 24197
	Test cases execution time (ms): 11
	Test case number: 101
	Uncompilable Test Classes: 1
	Broken tests number: 0
	Failing tests number: 0
	Lines total: 180
	Lines covered: 0
	Lines coverage ratio (%): 0.0
	Conditions total: 164
	Conditions covered: 0
	Conditions coverage ratio (%): 0.0
	Mutants total: 126
	Mutants covered: 0
	Mutants coverage ratio (%): 0.0
	Mutants killed: 0
	Mutants killed ratio (%): 0.0
	Mutants alive: 126


Class com.google.common.math.IntMath ended.
Stopping process...
Tool subprocess is an instance of java.lang.UNIXProcess
Tool subprocess Id is 26777
Killing master process 26777
Executing command kill -9 26777
Execution of command kill -9 26777 finished.
Process was destroyed
