
>>> TOOL NAME:  utbot-mocks

>>> BENCHMARK:  GUAVA-197

>>> RUN NUMBER: 1

>>> MODE: --only-compute-metrics
Creating directory ./temp
Creating directory ./temp/data
Creating directory ./temp/testcases
Executing /home/utbot_mocks/./runtool
>> BENCHMARK
>> /var/benchmarks/projects/guava/guava/src
>> /var/benchmarks/projects/guava/guava/target/classes
>> 6
>> /var/benchmarks/projects/guava/guava/target/guava-26.0-jre.jar
>> /var/benchmarks/projects/./guava/guava/target/dependency/checker-qual-2.5.2.jar
>> /var/benchmarks/projects/guava/guava/target/dependency/error_prone_annotations-2.1.3.jar
>> /var/benchmarks/projects/guava/guava/target/dependency/j2objc-annotations-1.1.jar
>> /var/benchmarks/projects/guava/guava/target/dependency/jsr305-3.0.2.jar
>> /var/benchmarks/projects/guava/guava/target/dependency/animal-sniffer-annotations-1.14.jar
>> 0
expecting CLASSPATH or READY
<< CLASSPATH
expecting number
<< 0
<< READY
>> 120


### COMPUTING METRICS ###: com.google.common.primitives.Booleans


Starting class com.google.common.primitives.Booleans


Ending class com.google.common.primitives.Booleans
Creating directory results_utbot-mocks_120/GUAVA-197_1/temp/testcases/bin
Creating dummy JUnit test file

---Compilation---

===
javac command line:
/usr/bin/javac -sourcepath /home/utbot_mocks/results_utbot-mocks_120/GUAVA-197_1/temp/testcases -cp /var/benchmarks/projects/guava/guava/target/guava-26.0-jre.jar:/var/benchmarks/projects/./guava/guava/target/dependency/checker-qual-2.5.2.jar:/var/benchmarks/projects/guava/guava/target/dependency/error_prone_annotations-2.1.3.jar:/var/benchmarks/projects/guava/guava/target/dependency/j2objc-annotations-1.1.jar:/var/benchmarks/projects/guava/guava/target/dependency/jsr305-3.0.2.jar:/var/benchmarks/projects/guava/guava/target/dependency/animal-sniffer-annotations-1.14.jar:/usr/local/bin/lib/junit.jar:/usr/local/bin/lib/hamcrest-core.jar -d results_utbot-mocks_120/GUAVA-197_1/temp/testcases/bin /home/utbot_mocks/results_utbot-mocks_120/GUAVA-197_1/temp/testcases/SBSTDummyForCoverageAndMutationCalculation.java


===
javac command line:
/usr/bin/javac -sourcepath /home/utbot_mocks/results_utbot-mocks_120/GUAVA-197_1/temp/testcases -cp /var/benchmarks/projects/guava/guava/target/guava-26.0-jre.jar:/var/benchmarks/projects/./guava/guava/target/dependency/checker-qual-2.5.2.jar:/var/benchmarks/projects/guava/guava/target/dependency/error_prone_annotations-2.1.3.jar:/var/benchmarks/projects/guava/guava/target/dependency/j2objc-annotations-1.1.jar:/var/benchmarks/projects/guava/guava/target/dependency/jsr305-3.0.2.jar:/var/benchmarks/projects/guava/guava/target/dependency/animal-sniffer-annotations-1.14.jar:/usr/local/bin/lib/junit.jar:/usr/local/bin/lib/hamcrest-core.jar -d results_utbot-mocks_120/GUAVA-197_1/temp/testcases/bin /home/utbot_mocks/results_utbot-mocks_120/GUAVA-197_1/temp/testcases/com/google/common/primitives/BooleansTest.java

/home/utbot_mocks/results_utbot-mocks_120/GUAVA-197_1/temp/testcases/com/google/common/primitives/BooleansTest.java:23: warning: Unsafe is internal proprietary API and may be removed in a future release
import sun.misc.Unsafe;
               ^
/home/utbot_mocks/results_utbot-mocks_120/GUAVA-197_1/temp/testcases/com/google/common/primitives/BooleansTest.java:27: error: package org.mockito does not exist
import static org.mockito.ArgumentMatchers.any;
                         ^
/home/utbot_mocks/results_utbot-mocks_120/GUAVA-197_1/temp/testcases/com/google/common/primitives/BooleansTest.java:27: error: static import only from classes and interfaces
import static org.mockito.ArgumentMatchers.any;
^
/home/utbot_mocks/results_utbot-mocks_120/GUAVA-197_1/temp/testcases/com/google/common/primitives/BooleansTest.java:28: error: package org.mockito does not exist
import static org.mockito.Mockito.mockStatic;
                         ^
/home/utbot_mocks/results_utbot-mocks_120/GUAVA-197_1/temp/testcases/com/google/common/primitives/BooleansTest.java:28: error: static import only from classes and interfaces
import static org.mockito.Mockito.mockStatic;
^
/home/utbot_mocks/results_utbot-mocks_120/GUAVA-197_1/temp/testcases/com/google/common/primitives/BooleansTest.java:31: error: package org.mockito does not exist
import static org.mockito.ArgumentMatchers.anyBoolean;
                         ^
/home/utbot_mocks/results_utbot-mocks_120/GUAVA-197_1/temp/testcases/com/google/common/primitives/BooleansTest.java:31: error: static import only from classes and interfaces
import static org.mockito.ArgumentMatchers.anyBoolean;
^
/home/utbot_mocks/results_utbot-mocks_120/GUAVA-197_1/temp/testcases/com/google/common/primitives/BooleansTest.java:32: error: package org.mockito does not exist
import static org.mockito.ArgumentMatchers.anyString;
                         ^
/home/utbot_mocks/results_utbot-mocks_120/GUAVA-197_1/temp/testcases/com/google/common/primitives/BooleansTest.java:32: error: static import only from classes and interfaces
import static org.mockito.ArgumentMatchers.anyString;
^
/home/utbot_mocks/results_utbot-mocks_120/GUAVA-197_1/temp/testcases/com/google/common/primitives/BooleansTest.java:33: error: package org.mockito does not exist
import static org.mockito.ArgumentMatchers.anyInt;
                         ^
/home/utbot_mocks/results_utbot-mocks_120/GUAVA-197_1/temp/testcases/com/google/common/primitives/BooleansTest.java:33: error: static import only from classes and interfaces
import static org.mockito.ArgumentMatchers.anyInt;
^
/home/utbot_mocks/results_utbot-mocks_120/GUAVA-197_1/temp/testcases/com/google/common/primitives/BooleansTest.java:225: error: package org.mockito does not exist
        org.mockito.MockedStatic mockedStatic = null;
                   ^
/home/utbot_mocks/results_utbot-mocks_120/GUAVA-197_1/temp/testcases/com/google/common/primitives/BooleansTest.java:227: error: cannot find symbol
            mockedStatic = mockStatic(com.google.common.base.Preconditions.class);
                           ^
  symbol:   method mockStatic(Class<Preconditions>)
  location: class BooleansTest
/home/utbot_mocks/results_utbot-mocks_120/GUAVA-197_1/temp/testcases/com/google/common/primitives/BooleansTest.java:229: error: cannot find symbol
                com.google.common.base.Preconditions.checkNotNull(any(), any());
                                                                  ^
  symbol:   method any()
  location: class BooleansTest
/home/utbot_mocks/results_utbot-mocks_120/GUAVA-197_1/temp/testcases/com/google/common/primitives/BooleansTest.java:229: error: cannot find symbol
                com.google.common.base.Preconditions.checkNotNull(any(), any());
                                                                         ^
  symbol:   method any()
  location: class BooleansTest
/home/utbot_mocks/results_utbot-mocks_120/GUAVA-197_1/temp/testcases/com/google/common/primitives/BooleansTest.java:244: error: package org.mockito does not exist
        org.mockito.MockedStatic mockedStatic = null;
                   ^
/home/utbot_mocks/results_utbot-mocks_120/GUAVA-197_1/temp/testcases/com/google/common/primitives/BooleansTest.java:246: error: cannot find symbol
            mockedStatic = mockStatic(com.google.common.base.Preconditions.class);
                           ^
  symbol:   method mockStatic(Class<Preconditions>)
  location: class BooleansTest
/home/utbot_mocks/results_utbot-mocks_120/GUAVA-197_1/temp/testcases/com/google/common/primitives/BooleansTest.java:248: error: cannot find symbol
                com.google.common.base.Preconditions.checkNotNull(any(), any());
                                                                  ^
  symbol:   method any()
  location: class BooleansTest
/home/utbot_mocks/results_utbot-mocks_120/GUAVA-197_1/temp/testcases/com/google/common/primitives/BooleansTest.java:248: error: cannot find symbol
                com.google.common.base.Preconditions.checkNotNull(any(), any());
                                                                         ^
  symbol:   method any()
  location: class BooleansTest
/home/utbot_mocks/results_utbot-mocks_120/GUAVA-197_1/temp/testcases/com/google/common/primitives/BooleansTest.java:266: error: package org.mockito does not exist
        org.mockito.MockedStatic mockedStatic = null;
                   ^
/home/utbot_mocks/results_utbot-mocks_120/GUAVA-197_1/temp/testcases/com/google/common/primitives/BooleansTest.java:268: error: cannot find symbol
            mockedStatic = mockStatic(com.google.common.base.Preconditions.class);
                           ^
  symbol:   method mockStatic(Class<Preconditions>)
  location: class BooleansTest
/home/utbot_mocks/results_utbot-mocks_120/GUAVA-197_1/temp/testcases/com/google/common/primitives/BooleansTest.java:271: error: cannot find symbol
                com.google.common.base.Preconditions.checkNotNull(any(), any());
                                                                  ^
  symbol:   method any()
  location: class BooleansTest
/home/utbot_mocks/results_utbot-mocks_120/GUAVA-197_1/temp/testcases/com/google/common/primitives/BooleansTest.java:271: error: cannot find symbol
                com.google.common.base.Preconditions.checkNotNull(any(), any());
                                                                         ^
  symbol:   method any()
  location: class BooleansTest
/home/utbot_mocks/results_utbot-mocks_120/GUAVA-197_1/temp/testcases/com/google/common/primitives/BooleansTest.java:286: error: package org.mockito does not exist
        org.mockito.MockedStatic mockedStatic = null;
                   ^
/home/utbot_mocks/results_utbot-mocks_120/GUAVA-197_1/temp/testcases/com/google/common/primitives/BooleansTest.java:288: error: cannot find symbol
            mockedStatic = mockStatic(com.google.common.base.Preconditions.class);
                           ^
  symbol:   method mockStatic(Class<Preconditions>)
  location: class BooleansTest
/home/utbot_mocks/results_utbot-mocks_120/GUAVA-197_1/temp/testcases/com/google/common/primitives/BooleansTest.java:290: error: cannot find symbol
                com.google.common.base.Preconditions.checkNotNull(any(), any());
                                                                  ^
  symbol:   method any()
  location: class BooleansTest
/home/utbot_mocks/results_utbot-mocks_120/GUAVA-197_1/temp/testcases/com/google/common/primitives/BooleansTest.java:290: error: cannot find symbol
                com.google.common.base.Preconditions.checkNotNull(any(), any());
                                                                         ^
  symbol:   method any()
  location: class BooleansTest
/home/utbot_mocks/results_utbot-mocks_120/GUAVA-197_1/temp/testcases/com/google/common/primitives/BooleansTest.java:308: error: package org.mockito does not exist
        org.mockito.MockedStatic mockedStatic = null;
                   ^
/home/utbot_mocks/results_utbot-mocks_120/GUAVA-197_1/temp/testcases/com/google/common/primitives/BooleansTest.java:310: error: cannot find symbol
            mockedStatic = mockStatic(com.google.common.base.Preconditions.class);
                           ^
  symbol:   method mockStatic(Class<Preconditions>)
  location: class BooleansTest
/home/utbot_mocks/results_utbot-mocks_120/GUAVA-197_1/temp/testcases/com/google/common/primitives/BooleansTest.java:312: error: cannot find symbol
                com.google.common.base.Preconditions.checkNotNull(any(), any());
                                                                  ^
  symbol:   method any()
  location: class BooleansTest
/home/utbot_mocks/results_utbot-mocks_120/GUAVA-197_1/temp/testcases/com/google/common/primitives/BooleansTest.java:312: error: cannot find symbol
                com.google.common.base.Preconditions.checkNotNull(any(), any());
                                                                         ^
  symbol:   method any()
  location: class BooleansTest
/home/utbot_mocks/results_utbot-mocks_120/GUAVA-197_1/temp/testcases/com/google/common/primitives/BooleansTest.java:330: error: package org.mockito does not exist
        org.mockito.MockedStatic mockedStatic = null;
                   ^
/home/utbot_mocks/results_utbot-mocks_120/GUAVA-197_1/temp/testcases/com/google/common/primitives/BooleansTest.java:332: error: cannot find symbol
            mockedStatic = mockStatic(com.google.common.base.Preconditions.class);
                           ^
  symbol:   method mockStatic(Class<Preconditions>)
  location: class BooleansTest
/home/utbot_mocks/results_utbot-mocks_120/GUAVA-197_1/temp/testcases/com/google/common/primitives/BooleansTest.java:334: error: cannot find symbol
                com.google.common.base.Preconditions.checkNotNull(any(), any());
                                                                  ^
  symbol:   method any()
  location: class BooleansTest
/home/utbot_mocks/results_utbot-mocks_120/GUAVA-197_1/temp/testcases/com/google/common/primitives/BooleansTest.java:334: error: cannot find symbol
                com.google.common.base.Preconditions.checkNotNull(any(), any());
                                                                         ^
  symbol:   method any()
  location: class BooleansTest
/home/utbot_mocks/results_utbot-mocks_120/GUAVA-197_1/temp/testcases/com/google/common/primitives/BooleansTest.java:790: warning: non-varargs call of varargs method with inexact argument type for last parameter;
        Booleans.concat(null);
                        ^
  cast to boolean[] for a varargs call
  cast to boolean[][] for a non-varargs call and to suppress this warning
/home/utbot_mocks/results_utbot-mocks_120/GUAVA-197_1/temp/testcases/com/google/common/primitives/BooleansTest.java:919: error: package org.mockito does not exist
        org.mockito.MockedStatic mockedStatic = null;
                   ^
/home/utbot_mocks/results_utbot-mocks_120/GUAVA-197_1/temp/testcases/com/google/common/primitives/BooleansTest.java:921: error: cannot find symbol
            mockedStatic = mockStatic(com.google.common.base.Preconditions.class);
                           ^
  symbol:   method mockStatic(Class<Preconditions>)
  location: class BooleansTest
/home/utbot_mocks/results_utbot-mocks_120/GUAVA-197_1/temp/testcases/com/google/common/primitives/BooleansTest.java:923: error: cannot find symbol
                com.google.common.base.Preconditions.checkNotNull(any());
                                                                  ^
  symbol:   method any()
  location: class BooleansTest
/home/utbot_mocks/results_utbot-mocks_120/GUAVA-197_1/temp/testcases/com/google/common/primitives/BooleansTest.java:944: error: package org.mockito does not exist
        org.mockito.MockedStatic mockedStatic = null;
                   ^
/home/utbot_mocks/results_utbot-mocks_120/GUAVA-197_1/temp/testcases/com/google/common/primitives/BooleansTest.java:946: error: cannot find symbol
            mockedStatic = mockStatic(com.google.common.base.Preconditions.class);
                           ^
  symbol:   method mockStatic(Class<Preconditions>)
  location: class BooleansTest
/home/utbot_mocks/results_utbot-mocks_120/GUAVA-197_1/temp/testcases/com/google/common/primitives/BooleansTest.java:948: error: cannot find symbol
                com.google.common.base.Preconditions.checkNotNull(any());
                                                                  ^
  symbol:   method any()
  location: class BooleansTest
/home/utbot_mocks/results_utbot-mocks_120/GUAVA-197_1/temp/testcases/com/google/common/primitives/BooleansTest.java:963: error: package org.mockito does not exist
        org.mockito.MockedStatic mockedStatic = null;
                   ^
/home/utbot_mocks/results_utbot-mocks_120/GUAVA-197_1/temp/testcases/com/google/common/primitives/BooleansTest.java:965: error: cannot find symbol
            mockedStatic = mockStatic(com.google.common.base.Preconditions.class);
                           ^
  symbol:   method mockStatic(Class<Preconditions>)
  location: class BooleansTest
/home/utbot_mocks/results_utbot-mocks_120/GUAVA-197_1/temp/testcases/com/google/common/primitives/BooleansTest.java:968: error: cannot find symbol
                com.google.common.base.Preconditions.checkNotNull(any());
                                                                  ^
  symbol:   method any()
  location: class BooleansTest
/home/utbot_mocks/results_utbot-mocks_120/GUAVA-197_1/temp/testcases/com/google/common/primitives/BooleansTest.java:1142: error: package org.mockito does not exist
        org.mockito.MockedStatic mockedStatic = null;
                   ^
/home/utbot_mocks/results_utbot-mocks_120/GUAVA-197_1/temp/testcases/com/google/common/primitives/BooleansTest.java:1144: error: cannot find symbol
            mockedStatic = mockStatic(com.google.common.base.Preconditions.class);
                           ^
  symbol:   method mockStatic(Class<Preconditions>)
  location: class BooleansTest
/home/utbot_mocks/results_utbot-mocks_120/GUAVA-197_1/temp/testcases/com/google/common/primitives/BooleansTest.java:1157: error: package org.mockito does not exist
        org.mockito.MockedStatic mockedStatic = null;
                   ^
/home/utbot_mocks/results_utbot-mocks_120/GUAVA-197_1/temp/testcases/com/google/common/primitives/BooleansTest.java:1159: error: cannot find symbol
            mockedStatic = mockStatic(com.google.common.base.Preconditions.class);
                           ^
  symbol:   method mockStatic(Class<Preconditions>)
  location: class BooleansTest
/home/utbot_mocks/results_utbot-mocks_120/GUAVA-197_1/temp/testcases/com/google/common/primitives/BooleansTest.java:1175: error: package org.mockito does not exist
        org.mockito.MockedStatic mockedStatic = null;
                   ^
/home/utbot_mocks/results_utbot-mocks_120/GUAVA-197_1/temp/testcases/com/google/common/primitives/BooleansTest.java:1177: error: cannot find symbol
            mockedStatic = mockStatic(com.google.common.base.Preconditions.class);
                           ^
  symbol:   method mockStatic(Class<Preconditions>)
  location: class BooleansTest
/home/utbot_mocks/results_utbot-mocks_120/GUAVA-197_1/temp/testcases/com/google/common/primitives/BooleansTest.java:1190: error: package org.mockito does not exist
        org.mockito.MockedStatic mockedStatic = null;
                   ^
/home/utbot_mocks/results_utbot-mocks_120/GUAVA-197_1/temp/testcases/com/google/common/primitives/BooleansTest.java:1192: error: cannot find symbol
            mockedStatic = mockStatic(com.google.common.base.Preconditions.class);
                           ^
  symbol:   method mockStatic(Class<Preconditions>)
  location: class BooleansTest
/home/utbot_mocks/results_utbot-mocks_120/GUAVA-197_1/temp/testcases/com/google/common/primitives/BooleansTest.java:1206: error: package org.mockito does not exist
        org.mockito.MockedStatic mockedStatic = null;
                   ^
/home/utbot_mocks/results_utbot-mocks_120/GUAVA-197_1/temp/testcases/com/google/common/primitives/BooleansTest.java:1208: error: cannot find symbol
            mockedStatic = mockStatic(com.google.common.base.Preconditions.class);
                           ^
  symbol:   method mockStatic(Class<Preconditions>)
  location: class BooleansTest
/home/utbot_mocks/results_utbot-mocks_120/GUAVA-197_1/temp/testcases/com/google/common/primitives/BooleansTest.java:1235: error: package org.mockito does not exist
        org.mockito.MockedStatic mockedStatic = null;
                   ^
/home/utbot_mocks/results_utbot-mocks_120/GUAVA-197_1/temp/testcases/com/google/common/primitives/BooleansTest.java:1237: error: cannot find symbol
            mockedStatic = mockStatic(com.google.common.base.Preconditions.class);
                           ^
  symbol:   method mockStatic(Class<Preconditions>)
  location: class BooleansTest
/home/utbot_mocks/results_utbot-mocks_120/GUAVA-197_1/temp/testcases/com/google/common/primitives/BooleansTest.java:1240: error: cannot find symbol
                com.google.common.base.Preconditions.checkNotNull(any());
                                                                  ^
  symbol:   method any()
  location: class BooleansTest
/home/utbot_mocks/results_utbot-mocks_120/GUAVA-197_1/temp/testcases/com/google/common/primitives/BooleansTest.java:1254: error: package org.mockito does not exist
        org.mockito.MockedStatic mockedStatic = null;
                   ^
/home/utbot_mocks/results_utbot-mocks_120/GUAVA-197_1/temp/testcases/com/google/common/primitives/BooleansTest.java:1256: error: cannot find symbol
            mockedStatic = mockStatic(com.google.common.base.Preconditions.class);
                           ^
  symbol:   method mockStatic(Class<Preconditions>)
  location: class BooleansTest
/home/utbot_mocks/results_utbot-mocks_120/GUAVA-197_1/temp/testcases/com/google/common/primitives/BooleansTest.java:1258: error: cannot find symbol
                com.google.common.base.Preconditions.checkNotNull(any());
                                                                  ^
  symbol:   method any()
  location: class BooleansTest
/home/utbot_mocks/results_utbot-mocks_120/GUAVA-197_1/temp/testcases/com/google/common/primitives/BooleansTest.java:1273: error: package org.mockito does not exist
        org.mockito.MockedStatic mockedStatic = null;
                   ^
/home/utbot_mocks/results_utbot-mocks_120/GUAVA-197_1/temp/testcases/com/google/common/primitives/BooleansTest.java:1275: error: cannot find symbol
            mockedStatic = mockStatic(com.google.common.base.Preconditions.class);
                           ^
  symbol:   method mockStatic(Class<Preconditions>)
  location: class BooleansTest
/home/utbot_mocks/results_utbot-mocks_120/GUAVA-197_1/temp/testcases/com/google/common/primitives/BooleansTest.java:1277: error: cannot find symbol
                com.google.common.base.Preconditions.checkNotNull(any());
                                                                  ^
  symbol:   method any()
  location: class BooleansTest
/home/utbot_mocks/results_utbot-mocks_120/GUAVA-197_1/temp/testcases/com/google/common/primitives/BooleansTest.java:1302: error: package org.mockito does not exist
        org.mockito.MockedStatic mockedStatic = null;
                   ^
/home/utbot_mocks/results_utbot-mocks_120/GUAVA-197_1/temp/testcases/com/google/common/primitives/BooleansTest.java:1304: error: cannot find symbol
            mockedStatic = mockStatic(com.google.common.base.Preconditions.class);
                           ^
  symbol:   method mockStatic(Class<Preconditions>)
  location: class BooleansTest
/home/utbot_mocks/results_utbot-mocks_120/GUAVA-197_1/temp/testcases/com/google/common/primitives/BooleansTest.java:1307: error: cannot find symbol
                com.google.common.base.Preconditions.checkNotNull(any());
                                                                  ^
  symbol:   method any()
  location: class BooleansTest
/home/utbot_mocks/results_utbot-mocks_120/GUAVA-197_1/temp/testcases/com/google/common/primitives/BooleansTest.java:1321: error: package org.mockito does not exist
        org.mockito.MockedStatic mockedStatic = null;
                   ^
/home/utbot_mocks/results_utbot-mocks_120/GUAVA-197_1/temp/testcases/com/google/common/primitives/BooleansTest.java:1323: error: cannot find symbol
            mockedStatic = mockStatic(com.google.common.base.Preconditions.class);
                           ^
  symbol:   method mockStatic(Class<Preconditions>)
  location: class BooleansTest
/home/utbot_mocks/results_utbot-mocks_120/GUAVA-197_1/temp/testcases/com/google/common/primitives/BooleansTest.java:1325: error: cannot find symbol
                com.google.common.base.Preconditions.checkNotNull(any());
                                                                  ^
  symbol:   method any()
  location: class BooleansTest
/home/utbot_mocks/results_utbot-mocks_120/GUAVA-197_1/temp/testcases/com/google/common/primitives/BooleansTest.java:1340: error: package org.mockito does not exist
        org.mockito.MockedStatic mockedStatic = null;
                   ^
/home/utbot_mocks/results_utbot-mocks_120/GUAVA-197_1/temp/testcases/com/google/common/primitives/BooleansTest.java:1342: error: cannot find symbol
            mockedStatic = mockStatic(com.google.common.base.Preconditions.class);
                           ^
  symbol:   method mockStatic(Class<Preconditions>)
  location: class BooleansTest
/home/utbot_mocks/results_utbot-mocks_120/GUAVA-197_1/temp/testcases/com/google/common/primitives/BooleansTest.java:1344: error: cannot find symbol
                com.google.common.base.Preconditions.checkNotNull(any());
                                                                  ^
  symbol:   method any()
  location: class BooleansTest
/home/utbot_mocks/results_utbot-mocks_120/GUAVA-197_1/temp/testcases/com/google/common/primitives/BooleansTest.java:1359: error: package org.mockito does not exist
        org.mockito.MockedStatic mockedStatic = null;
                   ^
/home/utbot_mocks/results_utbot-mocks_120/GUAVA-197_1/temp/testcases/com/google/common/primitives/BooleansTest.java:1361: error: cannot find symbol
            mockedStatic = mockStatic(com.google.common.base.Preconditions.class);
                           ^
  symbol:   method mockStatic(Class<Preconditions>)
  location: class BooleansTest
/home/utbot_mocks/results_utbot-mocks_120/GUAVA-197_1/temp/testcases/com/google/common/primitives/BooleansTest.java:1363: error: cannot find symbol
                com.google.common.base.Preconditions.checkNotNull(any());
                                                                  ^
  symbol:   method any()
  location: class BooleansTest
/home/utbot_mocks/results_utbot-mocks_120/GUAVA-197_1/temp/testcases/com/google/common/primitives/BooleansTest.java:1378: error: package org.mockito does not exist
        org.mockito.MockedStatic mockedStatic = null;
                   ^
/home/utbot_mocks/results_utbot-mocks_120/GUAVA-197_1/temp/testcases/com/google/common/primitives/BooleansTest.java:1380: error: cannot find symbol
            mockedStatic = mockStatic(com.google.common.base.Preconditions.class);
                           ^
  symbol:   method mockStatic(Class<Preconditions>)
  location: class BooleansTest
/home/utbot_mocks/results_utbot-mocks_120/GUAVA-197_1/temp/testcases/com/google/common/primitives/BooleansTest.java:1382: error: cannot find symbol
                com.google.common.base.Preconditions.checkNotNull(any());
                                                                  ^
  symbol:   method any()
  location: class BooleansTest
/home/utbot_mocks/results_utbot-mocks_120/GUAVA-197_1/temp/testcases/com/google/common/primitives/BooleansTest.java:1397: error: package org.mockito does not exist
        org.mockito.MockedStatic mockedStatic = null;
                   ^
/home/utbot_mocks/results_utbot-mocks_120/GUAVA-197_1/temp/testcases/com/google/common/primitives/BooleansTest.java:1399: error: cannot find symbol
            mockedStatic = mockStatic(com.google.common.base.Preconditions.class);
                           ^
  symbol:   method mockStatic(Class<Preconditions>)
  location: class BooleansTest
/home/utbot_mocks/results_utbot-mocks_120/GUAVA-197_1/temp/testcases/com/google/common/primitives/BooleansTest.java:1401: error: cannot find symbol
                com.google.common.base.Preconditions.checkNotNull(any());
                                                                  ^
  symbol:   method any()
  location: class BooleansTest
/home/utbot_mocks/results_utbot-mocks_120/GUAVA-197_1/temp/testcases/com/google/common/primitives/BooleansTest.java:1916: error: package org.mockito does not exist
        org.mockito.MockedStatic mockedStatic = null;
                   ^
/home/utbot_mocks/results_utbot-mocks_120/GUAVA-197_1/temp/testcases/com/google/common/primitives/BooleansTest.java:1918: error: cannot find symbol
            mockedStatic = mockStatic(Booleans.class);
                           ^
  symbol:   method mockStatic(Class<Booleans>)
  location: class BooleansTest
/home/utbot_mocks/results_utbot-mocks_120/GUAVA-197_1/temp/testcases/com/google/common/primitives/BooleansTest.java:1920: error: cannot find symbol
                Booleans.hashCode(anyBoolean());
                                  ^
  symbol:   method anyBoolean()
  location: class BooleansTest
/home/utbot_mocks/results_utbot-mocks_120/GUAVA-197_1/temp/testcases/com/google/common/primitives/BooleansTest.java:2114: error: package org.mockito does not exist
        org.mockito.MockedStatic mockedStatic = null;
                   ^
/home/utbot_mocks/results_utbot-mocks_120/GUAVA-197_1/temp/testcases/com/google/common/primitives/BooleansTest.java:2116: error: cannot find symbol
            mockedStatic = mockStatic(com.google.common.base.Preconditions.class);
                           ^
  symbol:   method mockStatic(Class<Preconditions>)
  location: class BooleansTest
/home/utbot_mocks/results_utbot-mocks_120/GUAVA-197_1/temp/testcases/com/google/common/primitives/BooleansTest.java:2118: error: cannot find symbol
                com.google.common.base.Preconditions.checkElementIndex(anyInt(), anyInt());
                                                                       ^
  symbol:   method anyInt()
  location: class BooleansTest
/home/utbot_mocks/results_utbot-mocks_120/GUAVA-197_1/temp/testcases/com/google/common/primitives/BooleansTest.java:2118: error: cannot find symbol
                com.google.common.base.Preconditions.checkElementIndex(anyInt(), anyInt());
                                                                                 ^
  symbol:   method anyInt()
  location: class BooleansTest
/home/utbot_mocks/results_utbot-mocks_120/GUAVA-197_1/temp/testcases/com/google/common/primitives/BooleansTest.java:2148: error: package org.mockito does not exist
        org.mockito.MockedStatic mockedStatic = null;
                   ^
/home/utbot_mocks/results_utbot-mocks_120/GUAVA-197_1/temp/testcases/com/google/common/primitives/BooleansTest.java:2150: error: cannot find symbol
            mockedStatic = mockStatic(com.google.common.base.Preconditions.class);
                           ^
  symbol:   method mockStatic(Class<Preconditions>)
  location: class BooleansTest
/home/utbot_mocks/results_utbot-mocks_120/GUAVA-197_1/temp/testcases/com/google/common/primitives/BooleansTest.java:2152: error: cannot find symbol
                com.google.common.base.Preconditions.checkElementIndex(anyInt(), anyInt());
                                                                       ^
  symbol:   method anyInt()
  location: class BooleansTest
/home/utbot_mocks/results_utbot-mocks_120/GUAVA-197_1/temp/testcases/com/google/common/primitives/BooleansTest.java:2152: error: cannot find symbol
                com.google.common.base.Preconditions.checkElementIndex(anyInt(), anyInt());
                                                                                 ^
  symbol:   method anyInt()
  location: class BooleansTest
/home/utbot_mocks/results_utbot-mocks_120/GUAVA-197_1/temp/testcases/com/google/common/primitives/BooleansTest.java:2182: error: package org.mockito does not exist
        org.mockito.MockedStatic mockedStatic = null;
                   ^
/home/utbot_mocks/results_utbot-mocks_120/GUAVA-197_1/temp/testcases/com/google/common/primitives/BooleansTest.java:2184: error: cannot find symbol
            mockedStatic = mockStatic(com.google.common.base.Preconditions.class);
                           ^
  symbol:   method mockStatic(Class<Preconditions>)
  location: class BooleansTest
/home/utbot_mocks/results_utbot-mocks_120/GUAVA-197_1/temp/testcases/com/google/common/primitives/BooleansTest.java:2186: error: cannot find symbol
                com.google.common.base.Preconditions.checkElementIndex(anyInt(), anyInt());
                                                                       ^
  symbol:   method anyInt()
  location: class BooleansTest
/home/utbot_mocks/results_utbot-mocks_120/GUAVA-197_1/temp/testcases/com/google/common/primitives/BooleansTest.java:2186: error: cannot find symbol
                com.google.common.base.Preconditions.checkElementIndex(anyInt(), anyInt());
                                                                                 ^
  symbol:   method anyInt()
  location: class BooleansTest
/home/utbot_mocks/results_utbot-mocks_120/GUAVA-197_1/temp/testcases/com/google/common/primitives/BooleansTest.java:2190: error: cannot find symbol
                com.google.common.base.Preconditions.checkNotNull(any());
                                                                  ^
  symbol:   method any()
  location: class BooleansTest
/home/utbot_mocks/results_utbot-mocks_120/GUAVA-197_1/temp/testcases/com/google/common/primitives/BooleansTest.java:2221: error: package org.mockito does not exist
        org.mockito.MockedStatic mockedStatic = null;
                   ^
/home/utbot_mocks/results_utbot-mocks_120/GUAVA-197_1/temp/testcases/com/google/common/primitives/BooleansTest.java:2223: error: cannot find symbol
            mockedStatic = mockStatic(com.google.common.base.Preconditions.class);
                           ^
  symbol:   method mockStatic(Class<Preconditions>)
  location: class BooleansTest
/home/utbot_mocks/results_utbot-mocks_120/GUAVA-197_1/temp/testcases/com/google/common/primitives/BooleansTest.java:2225: error: cannot find symbol
                com.google.common.base.Preconditions.checkElementIndex(anyInt(), anyInt());
                                                                       ^
  symbol:   method anyInt()
  location: class BooleansTest
/home/utbot_mocks/results_utbot-mocks_120/GUAVA-197_1/temp/testcases/com/google/common/primitives/BooleansTest.java:2225: error: cannot find symbol
                com.google.common.base.Preconditions.checkElementIndex(anyInt(), anyInt());
                                                                                 ^
  symbol:   method anyInt()
  location: class BooleansTest
/home/utbot_mocks/results_utbot-mocks_120/GUAVA-197_1/temp/testcases/com/google/common/primitives/BooleansTest.java:3600: warning: Unsafe is internal proprietary API and may be removed in a future release
    private static sun.misc.Unsafe getUnsafeInstance() throws Exception {
                           ^
/home/utbot_mocks/results_utbot-mocks_120/GUAVA-197_1/temp/testcases/com/google/common/primitives/BooleansTest.java:3601: warning: Unsafe is internal proprietary API and may be removed in a future release
        java.lang.reflect.Field f = sun.misc.Unsafe.class.getDeclaredField("theUnsafe");
                                            ^
/home/utbot_mocks/results_utbot-mocks_120/GUAVA-197_1/temp/testcases/com/google/common/primitives/BooleansTest.java:3603: warning: Unsafe is internal proprietary API and may be removed in a future release
        return (sun.misc.Unsafe) f.get(null);
                        ^
Note: /home/utbot_mocks/results_utbot-mocks_120/GUAVA-197_1/temp/testcases/com/google/common/primitives/BooleansTest.java uses unchecked or unsafe operations.
Note: Recompile with -Xlint:unchecked for details.
100 errors
5 warnings
Failed to compile 'com/google/common/primitives/BooleansTest.java'!
shaded.org.apache.commons.exec.ExecuteException: Process exited with an error: 1 (Exit value: 1)
	at shaded.org.apache.commons.exec.DefaultExecutor.executeInternal(DefaultExecutor.java:377)
	at shaded.org.apache.commons.exec.DefaultExecutor.execute(DefaultExecutor.java:160)
	at shaded.org.apache.commons.exec.DefaultExecutor.execute(DefaultExecutor.java:147)
	at sbst.benchmark.TestSuite.compile(TestSuite.java:250)
	at sbst.benchmark.TestSuite.<init>(TestSuite.java:68)
	at sbst.benchmark.TranscriptWriter.endClass(TranscriptWriter.java:136)
	at sbst.benchmark.RunTool.execute(RunTool.java:141)
	at sbst.benchmark.RunTool.run(RunTool.java:62)
	at sbst.benchmark.Main.main(Main.java:160)

---Timing Information---
Running tests with the following classpath: 
/var/benchmarks/projects/guava/guava/target/guava-26.0-jre.jar:/var/benchmarks/projects/./guava/guava/target/dependency/checker-qual-2.5.2.jar:/var/benchmarks/projects/guava/guava/target/dependency/error_prone_annotations-2.1.3.jar:/var/benchmarks/projects/guava/guava/target/dependency/j2objc-annotations-1.1.jar:/var/benchmarks/projects/guava/guava/target/dependency/jsr305-3.0.2.jar:/var/benchmarks/projects/guava/guava/target/dependency/animal-sniffer-annotations-1.14.jar:/usr/local/bin/lib/junit.jar:/usr/local/bin/lib/hamcrest-core.jar:/home/utbot_mocks/results_utbot-mocks_120/GUAVA-197_1/temp/testcases/bin
Running the tests: [SBSTDummyForCoverageAndMutationCalculation]
Executions terminated

---The tests are re-executed other four times to find the flaky ones---
Running the tests: [SBSTDummyForCoverageAndMutationCalculation]
Executions terminated
Running the tests: [SBSTDummyForCoverageAndMutationCalculation]
Executions terminated
Running the tests: [SBSTDummyForCoverageAndMutationCalculation]
Executions terminated
Running the tests: [SBSTDummyForCoverageAndMutationCalculation]
Executions terminated

=== Run Jacoco for Coverage ===
Number of instrumented file = 2323
Running tests with the following classpath: 
/home/utbot_mocks/results_utbot-mocks_120/GUAVA-197_1/temp/testcases/guava-26.0-jre_instrumented.jar:/home/utbot_mocks/results_utbot-mocks_120/GUAVA-197_1/temp/testcases/checker-qual-2.5.2_instrumented.jar:/home/utbot_mocks/results_utbot-mocks_120/GUAVA-197_1/temp/testcases/error_prone_annotations-2.1.3_instrumented.jar:/home/utbot_mocks/results_utbot-mocks_120/GUAVA-197_1/temp/testcases/j2objc-annotations-1.1_instrumented.jar:/home/utbot_mocks/results_utbot-mocks_120/GUAVA-197_1/temp/testcases/jsr305-3.0.2_instrumented.jar:/home/utbot_mocks/results_utbot-mocks_120/GUAVA-197_1/temp/testcases/animal-sniffer-annotations-1.14_instrumented.jar:/usr/local/bin/lib/hamcrest-core.jar:/usr/local/bin/lib/junit.jar:/home/utbot_mocks/results_utbot-mocks_120/GUAVA-197_1/temp/testcases/bin
Running the tests: [SBSTDummyForCoverageAndMutationCalculation]
Executions terminated
Number of file with coverage information = 1951
Extracted coverage data for the class com/google/common/primitives/Booleans
Number of file with coverage information = 302
Number of file with coverage information = 22
Number of file with coverage information = 12
Number of file with coverage information = 35
Number of file with coverage information = 1

=== Run PIT ===
Matching Jacoco with PIT: find covered mutations
Executing Mutation Analysis using 92 mutants 

>>> RESULTS:
	Tool name: utbot-mocks
	Benchmark: GUAVA-197
	Class Under Test: com.google.common.primitives.Booleans
	Run number: 1
	Tool preparation time (ms): 11880
	Tool test cases generation time (ms): 57620
	Test cases execution time (ms): 14
	Test case number: 176
	Uncompilable Test Classes: 1
	Broken tests number: 0
	Failing tests number: 0
	Lines total: 75
	Lines covered: 0
	Lines coverage ratio (%): 0.0
	Conditions total: 52
	Conditions covered: 0
	Conditions coverage ratio (%): 0.0
	Mutants total: 92
	Mutants covered: 0
	Mutants coverage ratio (%): 0.0
	Mutants killed: 0
	Mutants killed ratio (%): 0.0
	Mutants alive: 92


Class com.google.common.primitives.Booleans ended.
Stopping process...
Tool subprocess is an instance of java.lang.UNIXProcess
Tool subprocess Id is 29248
Killing master process 29248
Executing command kill -9 29248
Execution of command kill -9 29248 finished.
Process was destroyed
