Started UtBot Contest, classfileDir = /var/benchmarks/projects/spoon/target/classes, classpathString=/var/benchmarks/projects/spoon/target/classes:/var/benchmarks/projects/spoon/target/spoon-core-7.0.0.jar:/var/benchmarks/projects/./spoon/target/dependency/org.eclipse.text-3.12.0.jar:/var/benchmarks/projects/spoon/target/dependency/org.eclipse.equinox.app-1.6.100.jar:/var/benchmarks/projects/spoon/target/dependency/org.eclipse.core.contenttype-3.8.100.jar:/var/benchmarks/projects/spoon/target/dependency/mockito-all-2.0.2-beta.jar:/var/benchmarks/projects/spoon/target/dependency/jackson-databind-2.9.2.jar:/var/benchmarks/projects/spoon/target/dependency/guava-18.0.jar:/var/benchmarks/projects/spoon/target/dependency/org.eclipse.core.expressions-3.8.100.jar:/var/benchmarks/projects/spoon/target/dependency/org.eclipse.core.commands-3.10.100.jar:/var/benchmarks/projects/spoon/target/dependency/jackson-annotations-2.9.0.jar:/var/benchmarks/projects/spoon/target/dependency/org.eclipse.jdt.core-3.13.102.jar:/var/benchmarks/projects/spoon/target/dependency/org.eclipse.core.runtime-3.24.0.jar:/var/benchmarks/projects/spoon/target/dependency/org.eclipse.core.resources-3.16.0.jar:/var/benchmarks/projects/spoon/target/dependency/jackson-core-2.9.2.jar:/var/benchmarks/projects/spoon/target/dependency/junit-4.12.jar:/var/benchmarks/projects/spoon/target/dependency/org.eclipse.equinox.registry-3.11.100.jar:/var/benchmarks/projects/spoon/target/dependency/hamcrest-core-1.3.jar:/var/benchmarks/projects/spoon/target/dependency/maven-model-3.3.9.jar:/var/benchmarks/projects/spoon/target/dependency/plexus-utils-3.0.22.jar:/var/benchmarks/projects/spoon/target/dependency/jsap-2.1.jar:/var/benchmarks/projects/spoon/target/dependency/bridge-method-annotation-1.13.jar:/var/benchmarks/projects/spoon/target/dependency/org.eclipse.equinox.common-3.15.100.jar:/var/benchmarks/projects/spoon/target/dependency/org.eclipse.core.jobs-3.12.0.jar:/var/benchmarks/projects/spoon/target/dependency/commons-io-2.5.jar:/var/benchmarks/projects/spoon/target/dependency/commons-lang3-3.5.jar:/var/benchmarks/projects/spoon/target/dependency/system-rules-1.9.0.jar:/var/benchmarks/projects/spoon/target/dependency/querydsl-core-3.6.9.jar:/var/benchmarks/projects/spoon/target/dependency/org.eclipse.core.filesystem-1.9.200.jar:/var/benchmarks/projects/spoon/target/dependency/org.eclipse.equinox.preferences-3.9.100.jar:/var/benchmarks/projects/spoon/target/dependency/org.eclipse.osgi-3.17.100.jar:/var/benchmarks/projects/spoon/target/dependency/log4j-1.2.17.jar, outputDir=/home/utbot_mocks/temp/testcases, mocks=Other classes: Mockito
19:29:34.799 | INFO  | Started: warmup: kotlin reflection :: init
19:29:34.901 | INFO  | Finished (in 0.102 sec): warmup: kotlin reflection :: init 
[INIT]
>> [RUN] spoon.support.reflect.CtExtendedModifier 120
19:29:34.914 | DEBUG | -----------------------------------------------------------------------------
19:29:34.915 | INFO  | Contest.runGeneration: Time budget: 120000 ms, Generation timeout=102000 ms, classpath=/var/benchmarks/projects/spoon/target/classes:/var/benchmarks/projects/spoon/target/spoon-core-7.0.0.jar:/var/benchmarks/projects/./spoon/target/dependency/org.eclipse.text-3.12.0.jar:/var/benchmarks/projects/spoon/target/dependency/org.eclipse.equinox.app-1.6.100.jar:/var/benchmarks/projects/spoon/target/dependency/org.eclipse.core.contenttype-3.8.100.jar:/var/benchmarks/projects/spoon/target/dependency/mockito-all-2.0.2-beta.jar:/var/benchmarks/projects/spoon/target/dependency/jackson-databind-2.9.2.jar:/var/benchmarks/projects/spoon/target/dependency/guava-18.0.jar:/var/benchmarks/projects/spoon/target/dependency/org.eclipse.core.expressions-3.8.100.jar:/var/benchmarks/projects/spoon/target/dependency/org.eclipse.core.commands-3.10.100.jar:/var/benchmarks/projects/spoon/target/dependency/jackson-annotations-2.9.0.jar:/var/benchmarks/projects/spoon/target/dependency/org.eclipse.jdt.core-3.13.102.jar:/var/benchmarks/projects/spoon/target/dependency/org.eclipse.core.runtime-3.24.0.jar:/var/benchmarks/projects/spoon/target/dependency/org.eclipse.core.resources-3.16.0.jar:/var/benchmarks/projects/spoon/target/dependency/jackson-core-2.9.2.jar:/var/benchmarks/projects/spoon/target/dependency/junit-4.12.jar:/var/benchmarks/projects/spoon/target/dependency/org.eclipse.equinox.registry-3.11.100.jar:/var/benchmarks/projects/spoon/target/dependency/hamcrest-core-1.3.jar:/var/benchmarks/projects/spoon/target/dependency/maven-model-3.3.9.jar:/var/benchmarks/projects/spoon/target/dependency/plexus-utils-3.0.22.jar:/var/benchmarks/projects/spoon/target/dependency/jsap-2.1.jar:/var/benchmarks/projects/spoon/target/dependency/bridge-method-annotation-1.13.jar:/var/benchmarks/projects/spoon/target/dependency/org.eclipse.equinox.common-3.15.100.jar:/var/benchmarks/projects/spoon/target/dependency/org.eclipse.core.jobs-3.12.0.jar:/var/benchmarks/projects/spoon/target/dependency/commons-io-2.5.jar:/var/benchmarks/projects/spoon/target/dependency/commons-lang3-3.5.jar:/var/benchmarks/projects/spoon/target/dependency/system-rules-1.9.0.jar:/var/benchmarks/projects/spoon/target/dependency/querydsl-core-3.6.9.jar:/var/benchmarks/projects/spoon/target/dependency/org.eclipse.core.filesystem-1.9.200.jar:/var/benchmarks/projects/spoon/target/dependency/org.eclipse.equinox.preferences-3.9.100.jar:/var/benchmarks/projects/spoon/target/dependency/org.eclipse.osgi-3.17.100.jar:/var/benchmarks/projects/spoon/target/dependency/log4j-1.2.17.jar, methodNameFilter=null
19:29:34.917 | INFO  | ClassUnderTest[ FQN: spoon.support.reflect.CtExtendedModifier
    classfileDir: /var/benchmarks/projects/spoon/target/classes
    testClassSimpleName: CtExtendedModifierTest
    generatedTestFile: /home/utbot_mocks/temp/testcases/spoon/support/reflect/CtExtendedModifierTest.java
    generatedTestsSourcesDir: /home/utbot_mocks/temp/testcases
]
19:29:34.946 | INFO  | Started: class spoon.support.reflect.CtExtendedModifier
19:29:34.947 | INFO  | Started: preparation class class spoon.support.reflect.CtExtendedModifier: kotlin reflection :: run
19:29:34.965 | INFO  | Finished (in 0.018 sec): preparation class class spoon.support.reflect.CtExtendedModifier: kotlin reflection :: run 
19:29:34.966 | INFO  | Started: 2nd optional soot initialization
19:29:34.968 | INFO  | Finished (in 0.001 sec): 2nd optional soot initialization 
19:29:34.978 | DEBUG |  ... 
19:29:34.989 | INFO  | Started: method spoon.support.reflect.CtExtendedModifier.equals(Object)
19:29:34.991 | INFO  |  -- Remaining time budget: 101936 ms, #remaining_methods: 10, budget for method: 10193 ms, solver timeout: 1000 ms, budget for symbolic execution: 8993 ms, budget for concrete execution: 1200 ms,  -- 
19:29:35.337 | DEBUG | --new testCase collected, to generate: testSpoon.support.reflect.CtExtendedModifier.equals(Object)1
19:29:36.260 | DEBUG | --new testCase collected, to generate: testSpoon.support.reflect.CtExtendedModifier.equals(Object)2
19:29:36.297 | DEBUG | --new testCase collected, to generate: testSpoon.support.reflect.CtExtendedModifier.equals(Object)3
19:29:36.722 | DEBUG | --new testCase collected, to generate: testSpoon.support.reflect.CtExtendedModifier.equals(Object)4
19:29:36.724 | INFO  | Finished (in 1.734 sec): method spoon.support.reflect.CtExtendedModifier.equals(Object) 
<StatsForMethod> :
	#generatedTC=4
	WITH NO EXCEPTIONS
19:29:36.727 | DEBUG |  ... 
19:29:36.728 | INFO  | Started: method spoon.support.reflect.CtExtendedModifier.hashCode()
19:29:36.728 | INFO  |  -- Remaining time budget: 100188 ms, #remaining_methods: 9, budget for method: 11132 ms, solver timeout: 1000 ms, budget for symbolic execution: 9932 ms, budget for concrete execution: 1200 ms,  -- 
19:29:36.737 | DEBUG | --new testCase collected, to generate: testSpoon.support.reflect.CtExtendedModifier.hashCode()1
19:29:36.837 | DEBUG | --new testCase collected, to generate: testSpoon.support.reflect.CtExtendedModifier.hashCode()2
19:29:36.864 | DEBUG | --new testCase collected, to generate: testSpoon.support.reflect.CtExtendedModifier.hashCode()3
19:29:36.870 | DEBUG | --new testCase collected, to generate: testSpoon.support.reflect.CtExtendedModifier.hashCode()4
19:29:36.873 | INFO  | Finished (in 0.145 sec): method spoon.support.reflect.CtExtendedModifier.hashCode() 
<StatsForMethod> :
	#generatedTC=4
	WITH NO EXCEPTIONS
19:29:36.875 | DEBUG |  ... 
19:29:36.875 | INFO  | Started: method spoon.support.reflect.CtExtendedModifier.getPosition()
19:29:36.875 | INFO  |  -- Remaining time budget: 100041 ms, #remaining_methods: 8, budget for method: 12505 ms, solver timeout: 1000 ms, budget for symbolic execution: 11305 ms, budget for concrete execution: 1200 ms,  -- 
19:29:36.885 | DEBUG | --new testCase collected, to generate: testSpoon.support.reflect.CtExtendedModifier.getPosition()1
19:29:36.940 | DEBUG | --new testCase collected, to generate: testSpoon.support.reflect.CtExtendedModifier.getPosition()2
19:29:36.975 | INFO  | Finished (in 0.100 sec): method spoon.support.reflect.CtExtendedModifier.getPosition() 
<StatsForMethod> :
	#generatedTC=2
	WITH NO EXCEPTIONS
19:29:36.981 | DEBUG |  ... 
19:29:36.982 | INFO  | Started: method spoon.support.reflect.CtExtendedModifier.getKind()
19:29:36.982 | INFO  |  -- Remaining time budget: 99934 ms, #remaining_methods: 7, budget for method: 14276 ms, solver timeout: 1000 ms, budget for symbolic execution: 13076 ms, budget for concrete execution: 1200 ms,  -- 
19:29:36.990 | DEBUG | --new testCase collected, to generate: testSpoon.support.reflect.CtExtendedModifier.getKind()1
19:29:37.022 | DEBUG | --new testCase collected, to generate: testSpoon.support.reflect.CtExtendedModifier.getKind()2
19:29:37.023 | INFO  | Finished (in 0.040 sec): method spoon.support.reflect.CtExtendedModifier.getKind() 
<StatsForMethod> :
	#generatedTC=2
	WITH NO EXCEPTIONS
19:29:37.023 | DEBUG |  ... 
19:29:37.024 | INFO  | Started: method spoon.support.reflect.CtExtendedModifier.setKind(ModifierKind)
19:29:37.024 | INFO  |  -- Remaining time budget: 99892 ms, #remaining_methods: 6, budget for method: 16648 ms, solver timeout: 1000 ms, budget for symbolic execution: 15448 ms, budget for concrete execution: 1200 ms,  -- 
19:29:37.040 | ERROR | Symbolic execution FAILED
com.huawei.utbot.instrumentation.util.ChildProcessError: Error in the child process |> java.lang.IllegalAccessException: Class com.huawei.utbot.framework.concrete.MockValueConstructor can not access a member of class spoon.reflect.declaration.ModifierKind with modifiers "private"
	at sun.reflect.Reflection.ensureMemberAccess(Reflection.java:102)
	at java.lang.reflect.AccessibleObject.slowCheckMemberAccess(AccessibleObject.java:296)
	at java.lang.reflect.AccessibleObject.checkAccess(AccessibleObject.java:288)
	at java.lang.reflect.Constructor.newInstance(Constructor.java:413)
	at com.huawei.utbot.framework.concrete.MockValueConstructor.call(MockValueConstructor.kt:414)
	at com.huawei.utbot.framework.concrete.MockValueConstructor.updateWithExecutableCallModel(MockValueConstructor.kt:353)
	at com.huawei.utbot.framework.concrete.MockValueConstructor.constructFromAssembleModel(MockValueConstructor.kt:332)
	at com.huawei.utbot.framework.concrete.MockValueConstructor.construct(MockValueConstructor.kt:126)
	at com.huawei.utbot.framework.concrete.MockValueConstructor.constructMethodParameters(MockValueConstructor.kt:101)
	at com.huawei.utbot.framework.concrete.UtExecutionInstrumentation.invoke(UtExecutionInstrumentation.kt:126)
	at com.huawei.utbot.framework.concrete.UtExecutionInstrumentation.invoke(UtExecutionInstrumentation.kt:96)
	at com.huawei.utbot.instrumentation.process.ChildProcessKt.loop(ChildProcess.kt:114)
	at com.huawei.utbot.instrumentation.process.ChildProcessKt.main(ChildProcess.kt:76)
	at com.huawei.utbot.instrumentation.process.ChildProcessKt.main(ChildProcess.kt)

	at com.huawei.utbot.instrumentation.ConcreteExecutor.executeAsync(ConcreteExecutor.kt:391) ~[utbot-junit-contest-1.0.jar:?]
	at com.huawei.utbot.instrumentation.ConcreteExecutor$executeAsync$1.invokeSuspend(ConcreteExecutor.kt) ~[utbot-junit-contest-1.0.jar:?]
	at kotlin.coroutines.jvm.internal.BaseContinuationImpl.resumeWith(ContinuationImpl.kt:33) [utbot-junit-contest-1.0.jar:?]
	at kotlinx.coroutines.DispatchedTask.run(DispatchedTask.kt:106) [utbot-junit-contest-1.0.jar:?]
	at java.util.concurrent.Executors$RunnableAdapter.call(Executors.java:511) [?:1.8.0_312]
	at java.util.concurrent.FutureTask.run(FutureTask.java:266) [?:1.8.0_312]
	at java.util.concurrent.ScheduledThreadPoolExecutor$ScheduledFutureTask.access$201(ScheduledThreadPoolExecutor.java:180) [?:1.8.0_312]
	at java.util.concurrent.ScheduledThreadPoolExecutor$ScheduledFutureTask.run(ScheduledThreadPoolExecutor.java:293) [?:1.8.0_312]
	at java.util.concurrent.ThreadPoolExecutor.runWorker(ThreadPoolExecutor.java:1149) [?:1.8.0_312]
	at java.util.concurrent.ThreadPoolExecutor$Worker.run(ThreadPoolExecutor.java:624) [?:1.8.0_312]
	at java.lang.Thread.run(Thread.java:748) [?:1.8.0_312]
19:29:37.079 | DEBUG | --new testCase collected, to generate: testSpoon.support.reflect.CtExtendedModifier.setKind(ModifierKind)1
19:29:37.079 | INFO  | Finished (in 0.055 sec): method spoon.support.reflect.CtExtendedModifier.setKind(ModifierKind) 
<StatsForMethod> :
	#generatedTC=1
	FAILED 1 time(s) with 1 different exception(s)"
19:29:37.080 | DEBUG |  ... 
19:29:37.081 | INFO  | Started: method spoon.support.reflect.CtExtendedModifier.setPosition(SourcePosition)
19:29:37.081 | INFO  |  -- Remaining time budget: 99835 ms, #remaining_methods: 5, budget for method: 19967 ms, solver timeout: 1000 ms, budget for symbolic execution: 18767 ms, budget for concrete execution: 1200 ms,  -- 
19:29:37.090 | DEBUG | --new testCase collected, to generate: testSpoon.support.reflect.CtExtendedModifier.setPosition(SourcePosition)1
19:29:37.123 | DEBUG | --new testCase collected, to generate: testSpoon.support.reflect.CtExtendedModifier.setPosition(SourcePosition)2
19:29:37.123 | INFO  | Finished (in 0.042 sec): method spoon.support.reflect.CtExtendedModifier.setPosition(SourcePosition) 
<StatsForMethod> :
	#generatedTC=2
	WITH NO EXCEPTIONS
19:29:37.124 | DEBUG |  ... 
19:29:37.125 | INFO  | Started: method spoon.support.reflect.CtExtendedModifier.setImplicit(boolean)
19:29:37.125 | INFO  |  -- Remaining time budget: 99791 ms, #remaining_methods: 4, budget for method: 24947 ms, solver timeout: 1000 ms, budget for symbolic execution: 23747 ms, budget for concrete execution: 1200 ms,  -- 
19:29:37.131 | DEBUG | --new testCase collected, to generate: testSpoon.support.reflect.CtExtendedModifier.setImplicit(boolean)1
19:29:37.161 | DEBUG | --new testCase collected, to generate: testSpoon.support.reflect.CtExtendedModifier.setImplicit(boolean)2
19:29:37.162 | INFO  | Finished (in 0.036 sec): method spoon.support.reflect.CtExtendedModifier.setImplicit(boolean) 
<StatsForMethod> :
	#generatedTC=2
	WITH NO EXCEPTIONS
19:29:37.163 | DEBUG |  ... 
19:29:37.163 | INFO  | Started: method spoon.support.reflect.CtExtendedModifier.isImplicit()
19:29:37.163 | INFO  |  -- Remaining time budget: 99753 ms, #remaining_methods: 3, budget for method: 33251 ms, solver timeout: 1000 ms, budget for symbolic execution: 32051 ms, budget for concrete execution: 1200 ms,  -- 
19:29:37.169 | DEBUG | --new testCase collected, to generate: testSpoon.support.reflect.CtExtendedModifier.isImplicit()1
19:29:37.196 | DEBUG | --new testCase collected, to generate: testSpoon.support.reflect.CtExtendedModifier.isImplicit()2
19:29:37.197 | INFO  | Finished (in 0.033 sec): method spoon.support.reflect.CtExtendedModifier.isImplicit() 
<StatsForMethod> :
	#generatedTC=2
	WITH NO EXCEPTIONS
19:29:37.197 | DEBUG |  ... 
19:29:37.198 | INFO  | Started: method spoon.support.reflect.CtExtendedModifier.<init>(ModifierKind)
19:29:37.198 | INFO  |  -- Remaining time budget: 99718 ms, #remaining_methods: 2, budget for method: 49859 ms, solver timeout: 1000 ms, budget for symbolic execution: 48659 ms, budget for concrete execution: 1200 ms,  -- 
19:29:37.203 | ERROR | Symbolic execution FAILED
com.huawei.utbot.instrumentation.util.ChildProcessError: Error in the child process |> java.lang.IllegalAccessException: Class com.huawei.utbot.framework.concrete.MockValueConstructor can not access a member of class spoon.reflect.declaration.ModifierKind with modifiers "private"
	at sun.reflect.Reflection.ensureMemberAccess(Reflection.java:102)
	at java.lang.reflect.AccessibleObject.slowCheckMemberAccess(AccessibleObject.java:296)
	at java.lang.reflect.AccessibleObject.checkAccess(AccessibleObject.java:288)
	at java.lang.reflect.Constructor.newInstance(Constructor.java:413)
	at com.huawei.utbot.framework.concrete.MockValueConstructor.call(MockValueConstructor.kt:414)
	at com.huawei.utbot.framework.concrete.MockValueConstructor.updateWithExecutableCallModel(MockValueConstructor.kt:353)
	at com.huawei.utbot.framework.concrete.MockValueConstructor.constructFromAssembleModel(MockValueConstructor.kt:332)
	at com.huawei.utbot.framework.concrete.MockValueConstructor.construct(MockValueConstructor.kt:126)
	at com.huawei.utbot.framework.concrete.MockValueConstructor.constructMethodParameters(MockValueConstructor.kt:101)
	at com.huawei.utbot.framework.concrete.UtExecutionInstrumentation.invoke(UtExecutionInstrumentation.kt:126)
	at com.huawei.utbot.framework.concrete.UtExecutionInstrumentation.invoke(UtExecutionInstrumentation.kt:96)
	at com.huawei.utbot.instrumentation.process.ChildProcessKt.loop(ChildProcess.kt:114)
	at com.huawei.utbot.instrumentation.process.ChildProcessKt.main(ChildProcess.kt:76)
	at com.huawei.utbot.instrumentation.process.ChildProcessKt.main(ChildProcess.kt)

	at com.huawei.utbot.instrumentation.ConcreteExecutor.executeAsync(ConcreteExecutor.kt:391) ~[utbot-junit-contest-1.0.jar:?]
	at com.huawei.utbot.instrumentation.ConcreteExecutor$executeAsync$1.invokeSuspend(ConcreteExecutor.kt) ~[utbot-junit-contest-1.0.jar:?]
	at kotlin.coroutines.jvm.internal.BaseContinuationImpl.resumeWith(ContinuationImpl.kt:33) [utbot-junit-contest-1.0.jar:?]
	at kotlinx.coroutines.DispatchedTask.run(DispatchedTask.kt:106) [utbot-junit-contest-1.0.jar:?]
	at java.util.concurrent.Executors$RunnableAdapter.call(Executors.java:511) [?:1.8.0_312]
	at java.util.concurrent.FutureTask.run(FutureTask.java:266) [?:1.8.0_312]
	at java.util.concurrent.ScheduledThreadPoolExecutor$ScheduledFutureTask.access$201(ScheduledThreadPoolExecutor.java:180) [?:1.8.0_312]
	at java.util.concurrent.ScheduledThreadPoolExecutor$ScheduledFutureTask.run(ScheduledThreadPoolExecutor.java:293) [?:1.8.0_312]
	at java.util.concurrent.ThreadPoolExecutor.runWorker(ThreadPoolExecutor.java:1149) [?:1.8.0_312]
	at java.util.concurrent.ThreadPoolExecutor$Worker.run(ThreadPoolExecutor.java:624) [?:1.8.0_312]
	at java.lang.Thread.run(Thread.java:748) [?:1.8.0_312]
19:29:37.255 | DEBUG | --new testCase collected, to generate: testSpoon.support.reflect.CtExtendedModifier.<init>(ModifierKind)1
19:29:37.255 | INFO  | Finished (in 0.057 sec): method spoon.support.reflect.CtExtendedModifier.<init>(ModifierKind) 
<StatsForMethod> :
	#generatedTC=1
	FAILED 1 time(s) with 1 different exception(s)"
19:29:37.259 | DEBUG |  ... 
19:29:37.260 | INFO  | Started: method spoon.support.reflect.CtExtendedModifier.<init>(ModifierKind, boolean)
19:29:37.260 | INFO  |  -- Remaining time budget: 99657 ms, #remaining_methods: 1, budget for method: 99657 ms, solver timeout: 1000 ms, budget for symbolic execution: 98457 ms, budget for concrete execution: 1200 ms,  -- 
19:29:37.265 | ERROR | Symbolic execution FAILED
com.huawei.utbot.instrumentation.util.ChildProcessError: Error in the child process |> java.lang.IllegalAccessException: Class com.huawei.utbot.framework.concrete.MockValueConstructor can not access a member of class spoon.reflect.declaration.ModifierKind with modifiers "private"
	at sun.reflect.Reflection.ensureMemberAccess(Reflection.java:102)
	at java.lang.reflect.AccessibleObject.slowCheckMemberAccess(AccessibleObject.java:296)
	at java.lang.reflect.AccessibleObject.checkAccess(AccessibleObject.java:288)
	at java.lang.reflect.Constructor.newInstance(Constructor.java:413)
	at com.huawei.utbot.framework.concrete.MockValueConstructor.call(MockValueConstructor.kt:414)
	at com.huawei.utbot.framework.concrete.MockValueConstructor.updateWithExecutableCallModel(MockValueConstructor.kt:353)
	at com.huawei.utbot.framework.concrete.MockValueConstructor.constructFromAssembleModel(MockValueConstructor.kt:332)
	at com.huawei.utbot.framework.concrete.MockValueConstructor.construct(MockValueConstructor.kt:126)
	at com.huawei.utbot.framework.concrete.MockValueConstructor.constructMethodParameters(MockValueConstructor.kt:101)
	at com.huawei.utbot.framework.concrete.UtExecutionInstrumentation.invoke(UtExecutionInstrumentation.kt:126)
	at com.huawei.utbot.framework.concrete.UtExecutionInstrumentation.invoke(UtExecutionInstrumentation.kt:96)
	at com.huawei.utbot.instrumentation.process.ChildProcessKt.loop(ChildProcess.kt:114)
	at com.huawei.utbot.instrumentation.process.ChildProcessKt.main(ChildProcess.kt:76)
	at com.huawei.utbot.instrumentation.process.ChildProcessKt.main(ChildProcess.kt)

	at com.huawei.utbot.instrumentation.ConcreteExecutor.executeAsync(ConcreteExecutor.kt:391) ~[utbot-junit-contest-1.0.jar:?]
	at com.huawei.utbot.instrumentation.ConcreteExecutor$executeAsync$1.invokeSuspend(ConcreteExecutor.kt) ~[utbot-junit-contest-1.0.jar:?]
	at kotlin.coroutines.jvm.internal.BaseContinuationImpl.resumeWith(ContinuationImpl.kt:33) [utbot-junit-contest-1.0.jar:?]
	at kotlinx.coroutines.DispatchedTask.run(DispatchedTask.kt:106) [utbot-junit-contest-1.0.jar:?]
	at java.util.concurrent.Executors$RunnableAdapter.call(Executors.java:511) [?:1.8.0_312]
	at java.util.concurrent.FutureTask.run(FutureTask.java:266) [?:1.8.0_312]
	at java.util.concurrent.ScheduledThreadPoolExecutor$ScheduledFutureTask.access$201(ScheduledThreadPoolExecutor.java:180) [?:1.8.0_312]
	at java.util.concurrent.ScheduledThreadPoolExecutor$ScheduledFutureTask.run(ScheduledThreadPoolExecutor.java:293) [?:1.8.0_312]
	at java.util.concurrent.ThreadPoolExecutor.runWorker(ThreadPoolExecutor.java:1149) [?:1.8.0_312]
	at java.util.concurrent.ThreadPoolExecutor$Worker.run(ThreadPoolExecutor.java:624) [?:1.8.0_312]
	at java.lang.Thread.run(Thread.java:748) [?:1.8.0_312]
19:29:37.338 | DEBUG | --new testCase collected, to generate: testSpoon.support.reflect.CtExtendedModifier.<init>(ModifierKind, boolean)1
19:29:37.338 | INFO  | Finished (in 0.079 sec): method spoon.support.reflect.CtExtendedModifier.<init>(ModifierKind, boolean) 
<StatsForMethod> :
	#generatedTC=1
	FAILED 1 time(s) with 1 different exception(s)"
19:29:37.347 | INFO  | Started: Flushing tests for [CtExtendedModifier] on disk
19:29:38.288 | INFO  | File size for CtExtendedModifierTest: 15 KB
19:29:38.289 | INFO  | Finished (in 0.942 sec): Flushing tests for [CtExtendedModifier] on disk 
19:29:38.290 | INFO  | Finished (in 3.343 sec): class spoon.support.reflect.CtExtendedModifier 
<StatsForClass> :
	canceled by timeout = false
	#methods = 10, 
	#methods started symbolic exploration = 10
	#methods with at least one TC = 10
	#methods with exceptions = 3
	#generated TC = 21
	#coverage = null
[READY]
