Started UtBot Contest, classfileDir = /var/benchmarks/projects/guava/guava/target/classes, classpathString=/var/benchmarks/projects/guava/guava/target/classes:/var/benchmarks/projects/guava/guava/target/guava-26.0-jre.jar:/var/benchmarks/projects/./guava/guava/target/dependency/checker-qual-2.5.2.jar:/var/benchmarks/projects/guava/guava/target/dependency/error_prone_annotations-2.1.3.jar:/var/benchmarks/projects/guava/guava/target/dependency/j2objc-annotations-1.1.jar:/var/benchmarks/projects/guava/guava/target/dependency/jsr305-3.0.2.jar:/var/benchmarks/projects/guava/guava/target/dependency/animal-sniffer-annotations-1.14.jar, outputDir=/home/utbot_mocks/temp/testcases, mocks=Other classes: Mockito
19:45:11.902 | INFO  | Started: warmup: kotlin reflection :: init
19:45:11.985 | INFO  | Finished (in 0.083 sec): warmup: kotlin reflection :: init 
[INIT]
>> [RUN] com.google.common.primitives.Booleans 120
19:45:11.994 | DEBUG | -----------------------------------------------------------------------------
19:45:11.995 | INFO  | Contest.runGeneration: Time budget: 120000 ms, Generation timeout=102000 ms, classpath=/var/benchmarks/projects/guava/guava/target/classes:/var/benchmarks/projects/guava/guava/target/guava-26.0-jre.jar:/var/benchmarks/projects/./guava/guava/target/dependency/checker-qual-2.5.2.jar:/var/benchmarks/projects/guava/guava/target/dependency/error_prone_annotations-2.1.3.jar:/var/benchmarks/projects/guava/guava/target/dependency/j2objc-annotations-1.1.jar:/var/benchmarks/projects/guava/guava/target/dependency/jsr305-3.0.2.jar:/var/benchmarks/projects/guava/guava/target/dependency/animal-sniffer-annotations-1.14.jar, methodNameFilter=null
19:45:11.996 | INFO  | ClassUnderTest[ FQN: com.google.common.primitives.Booleans
    classfileDir: /var/benchmarks/projects/guava/guava/target/classes
    testClassSimpleName: BooleansTest
    generatedTestFile: /home/utbot_mocks/temp/testcases/com/google/common/primitives/BooleansTest.java
    generatedTestsSourcesDir: /home/utbot_mocks/temp/testcases
]
19:45:12.017 | INFO  | Started: class com.google.common.primitives.Booleans
19:45:12.018 | INFO  | Started: preparation class class com.google.common.primitives.Booleans: kotlin reflection :: run
19:45:12.415 | INFO  | Finished (in 0.396 sec): preparation class class com.google.common.primitives.Booleans: kotlin reflection :: run 
19:45:12.416 | INFO  | Started: 2nd optional soot initialization
19:45:12.417 | INFO  | Finished (in 0.001 sec): 2nd optional soot initialization 
19:45:12.424 | DEBUG |  ... 
19:45:12.432 | INFO  | Started: method com.google.common.primitives.Booleans.falseFirst()
19:45:12.436 | INFO  |  -- Remaining time budget: 101568 ms, #remaining_methods: 44, budget for method: 2308 ms, solver timeout: 1000 ms, budget for symbolic execution: 1154 ms, budget for concrete execution: 1154 ms,  -- 
19:45:12.734 | DEBUG | --new testCase collected, to generate: testCom.google.common.primitives.Booleans.falseFirst()1
19:45:13.585 | INFO  | |> Starting concrete execution for remaining state: com.google.common.primitives.Booleans.falseFirst()
19:45:13.795 | DEBUG | --new testCase collected, to generate: testCom.google.common.primitives.Booleans.falseFirst()2
19:45:13.796 | INFO  | Finished (in 1.363 sec): method com.google.common.primitives.Booleans.falseFirst() 
<StatsForMethod> :
	#generatedTC=2
	WITH NO EXCEPTIONS
19:45:13.812 | DEBUG |  ... 
19:45:13.812 | INFO  | Started: method com.google.common.primitives.Booleans.trueFirst()
19:45:13.813 | INFO  |  -- Remaining time budget: 100183 ms, #remaining_methods: 43, budget for method: 2329 ms, solver timeout: 1000 ms, budget for symbolic execution: 1165 ms, budget for concrete execution: 1164 ms,  -- 
19:45:13.818 | DEBUG | --new testCase collected, to generate: testCom.google.common.primitives.Booleans.trueFirst()1
19:45:14.058 | DEBUG | --new testCase collected, to generate: testCom.google.common.primitives.Booleans.trueFirst()2
19:45:14.058 | INFO  | Finished (in 0.246 sec): method com.google.common.primitives.Booleans.trueFirst() 
<StatsForMethod> :
	#generatedTC=2
	WITH NO EXCEPTIONS
19:45:14.077 | DEBUG |  ... 
19:45:14.077 | INFO  | Started: method com.google.common.primitives.Booleans.lexicographicalComparator()
19:45:14.078 | INFO  |  -- Remaining time budget: 99918 ms, #remaining_methods: 42, budget for method: 2379 ms, solver timeout: 1000 ms, budget for symbolic execution: 1190 ms, budget for concrete execution: 1189 ms,  -- 
19:45:14.084 | DEBUG | --new testCase collected, to generate: testCom.google.common.primitives.Booleans.lexicographicalComparator()1
19:45:14.193 | DEBUG | --new testCase collected, to generate: testCom.google.common.primitives.Booleans.lexicographicalComparator()2
19:45:14.194 | INFO  | Finished (in 0.116 sec): method com.google.common.primitives.Booleans.lexicographicalComparator() 
<StatsForMethod> :
	#generatedTC=2
	WITH NO EXCEPTIONS
19:45:14.206 | DEBUG |  ... 
19:45:14.210 | INFO  | Started: method com.google.common.primitives.Booleans.countTrue(boolean[])
19:45:14.210 | INFO  |  -- Remaining time budget: 99789 ms, #remaining_methods: 41, budget for method: 2433 ms, solver timeout: 1000 ms, budget for symbolic execution: 1233 ms, budget for concrete execution: 1200 ms,  -- 
19:45:14.218 | DEBUG | --new testCase collected, to generate: testCom.google.common.primitives.Booleans.countTrue(boolean[])1
19:45:14.245 | DEBUG | --new testCase collected, to generate: testCom.google.common.primitives.Booleans.countTrue(boolean[])2
19:45:14.297 | DEBUG | --new testCase collected, to generate: testCom.google.common.primitives.Booleans.countTrue(boolean[])3
19:45:14.324 | DEBUG | --new testCase collected, to generate: testCom.google.common.primitives.Booleans.countTrue(boolean[])4
19:45:14.331 | DEBUG | --new testCase collected, to generate: testCom.google.common.primitives.Booleans.countTrue(boolean[])5
19:45:14.332 | INFO  | Finished (in 0.122 sec): method com.google.common.primitives.Booleans.countTrue(boolean[]) 
<StatsForMethod> :
	#generatedTC=5
	WITH NO EXCEPTIONS
19:45:14.334 | DEBUG |  ... 
19:45:14.334 | INFO  | Started: method com.google.common.primitives.Booleans.hashCode(boolean)
19:45:14.334 | INFO  |  -- Remaining time budget: 99661 ms, #remaining_methods: 40, budget for method: 2491 ms, solver timeout: 1000 ms, budget for symbolic execution: 1291 ms, budget for concrete execution: 1200 ms,  -- 
19:45:14.340 | DEBUG | --new testCase collected, to generate: testCom.google.common.primitives.Booleans.hashCode(boolean)1
19:45:14.378 | DEBUG | --new testCase collected, to generate: testCom.google.common.primitives.Booleans.hashCode(boolean)2
19:45:14.382 | DEBUG | --new testCase collected, to generate: testCom.google.common.primitives.Booleans.hashCode(boolean)3
19:45:14.382 | INFO  | Finished (in 0.048 sec): method com.google.common.primitives.Booleans.hashCode(boolean) 
<StatsForMethod> :
	#generatedTC=3
	WITH NO EXCEPTIONS
19:45:14.383 | DEBUG |  ... 
19:45:14.384 | INFO  | Started: method com.google.common.primitives.Booleans.indexOf(boolean[], boolean[])
19:45:14.384 | INFO  |  -- Remaining time budget: 99611 ms, #remaining_methods: 39, budget for method: 2554 ms, solver timeout: 1000 ms, budget for symbolic execution: 1354 ms, budget for concrete execution: 1200 ms,  -- 
19:45:14.395 | DEBUG | --new testCase collected, to generate: testCom.google.common.primitives.Booleans.indexOf(boolean[], boolean[])1
19:45:14.681 | DEBUG | --new testCase collected, to generate: testCom.google.common.primitives.Booleans.indexOf(boolean[], boolean[])2
19:45:14.834 | DEBUG | --new testCase collected, to generate: testCom.google.common.primitives.Booleans.indexOf(boolean[], boolean[])3
19:45:14.993 | DEBUG | --new testCase collected, to generate: testCom.google.common.primitives.Booleans.indexOf(boolean[], boolean[])4
19:45:15.151 | DEBUG | --new testCase collected, to generate: testCom.google.common.primitives.Booleans.indexOf(boolean[], boolean[])5
19:45:15.557 | DEBUG | --new testCase collected, to generate: testCom.google.common.primitives.Booleans.indexOf(boolean[], boolean[])6
19:45:15.591 | DEBUG | --new testCase collected, to generate: testCom.google.common.primitives.Booleans.indexOf(boolean[], boolean[])7
19:45:15.591 | INFO  | Finished (in 1.207 sec): method com.google.common.primitives.Booleans.indexOf(boolean[], boolean[]) 
<StatsForMethod> :
	#generatedTC=7
	WITH NO EXCEPTIONS
19:45:15.603 | DEBUG |  ... 
19:45:15.604 | INFO  | Started: method com.google.common.primitives.Booleans.indexOf(boolean[], boolean, int, int)
19:45:15.604 | INFO  |  -- Remaining time budget: 98391 ms, #remaining_methods: 38, budget for method: 2589 ms, solver timeout: 1000 ms, budget for symbolic execution: 1389 ms, budget for concrete execution: 1200 ms,  -- 
19:45:15.610 | DEBUG | --new testCase collected, to generate: testCom.google.common.primitives.Booleans.indexOf(boolean[], boolean, int, int)1
19:45:15.651 | DEBUG | --new testCase collected, to generate: testCom.google.common.primitives.Booleans.indexOf(boolean[], boolean, int, int)2
19:45:15.670 | DEBUG | --new testCase collected, to generate: testCom.google.common.primitives.Booleans.indexOf(boolean[], boolean, int, int)3
19:45:15.690 | DEBUG | --new testCase collected, to generate: testCom.google.common.primitives.Booleans.indexOf(boolean[], boolean, int, int)4
19:45:15.711 | DEBUG | --new testCase collected, to generate: testCom.google.common.primitives.Booleans.indexOf(boolean[], boolean, int, int)5
19:45:15.731 | DEBUG | --new testCase collected, to generate: testCom.google.common.primitives.Booleans.indexOf(boolean[], boolean, int, int)6
19:45:15.738 | DEBUG | --new testCase collected, to generate: testCom.google.common.primitives.Booleans.indexOf(boolean[], boolean, int, int)7
19:45:15.738 | INFO  | Finished (in 0.134 sec): method com.google.common.primitives.Booleans.indexOf(boolean[], boolean, int, int) 
<StatsForMethod> :
	#generatedTC=7
	WITH NO EXCEPTIONS
19:45:15.739 | DEBUG |  ... 
19:45:15.740 | INFO  | Started: method com.google.common.primitives.Booleans.indexOf(boolean[], boolean)
19:45:15.740 | INFO  |  -- Remaining time budget: 98256 ms, #remaining_methods: 37, budget for method: 2655 ms, solver timeout: 1000 ms, budget for symbolic execution: 1455 ms, budget for concrete execution: 1200 ms,  -- 
19:45:15.745 | DEBUG | --new testCase collected, to generate: testCom.google.common.primitives.Booleans.indexOf(boolean[], boolean)1
19:45:15.766 | DEBUG | --new testCase collected, to generate: testCom.google.common.primitives.Booleans.indexOf(boolean[], boolean)2
19:45:15.824 | DEBUG | --new testCase collected, to generate: testCom.google.common.primitives.Booleans.indexOf(boolean[], boolean)3
19:45:15.844 | DEBUG | --new testCase collected, to generate: testCom.google.common.primitives.Booleans.indexOf(boolean[], boolean)4
19:45:15.847 | INFO  | Finished (in 0.107 sec): method com.google.common.primitives.Booleans.indexOf(boolean[], boolean) 
<StatsForMethod> :
	#generatedTC=4
	WITH NO EXCEPTIONS
19:45:15.850 | DEBUG |  ... 
19:45:15.850 | INFO  | Started: method com.google.common.primitives.Booleans.lastIndexOf(boolean[], boolean, int, int)
19:45:15.851 | INFO  |  -- Remaining time budget: 98145 ms, #remaining_methods: 36, budget for method: 2726 ms, solver timeout: 1000 ms, budget for symbolic execution: 1526 ms, budget for concrete execution: 1200 ms,  -- 
19:45:15.856 | DEBUG | --new testCase collected, to generate: testCom.google.common.primitives.Booleans.lastIndexOf(boolean[], boolean, int, int)1
19:45:15.897 | DEBUG | --new testCase collected, to generate: testCom.google.common.primitives.Booleans.lastIndexOf(boolean[], boolean, int, int)2
19:45:15.919 | DEBUG | --new testCase collected, to generate: testCom.google.common.primitives.Booleans.lastIndexOf(boolean[], boolean, int, int)3
19:45:15.939 | DEBUG | --new testCase collected, to generate: testCom.google.common.primitives.Booleans.lastIndexOf(boolean[], boolean, int, int)4
19:45:15.961 | DEBUG | --new testCase collected, to generate: testCom.google.common.primitives.Booleans.lastIndexOf(boolean[], boolean, int, int)5
19:45:15.982 | DEBUG | --new testCase collected, to generate: testCom.google.common.primitives.Booleans.lastIndexOf(boolean[], boolean, int, int)6
19:45:15.993 | DEBUG | --new testCase collected, to generate: testCom.google.common.primitives.Booleans.lastIndexOf(boolean[], boolean, int, int)7
19:45:15.993 | INFO  | Finished (in 0.143 sec): method com.google.common.primitives.Booleans.lastIndexOf(boolean[], boolean, int, int) 
<StatsForMethod> :
	#generatedTC=7
	WITH NO EXCEPTIONS
19:45:15.995 | DEBUG |  ... 
19:45:15.995 | INFO  | Started: method com.google.common.primitives.Booleans.lastIndexOf(boolean[], boolean)
19:45:15.995 | INFO  |  -- Remaining time budget: 98000 ms, #remaining_methods: 35, budget for method: 2800 ms, solver timeout: 1000 ms, budget for symbolic execution: 1600 ms, budget for concrete execution: 1200 ms,  -- 
19:45:16.001 | DEBUG | --new testCase collected, to generate: testCom.google.common.primitives.Booleans.lastIndexOf(boolean[], boolean)1
19:45:16.022 | DEBUG | --new testCase collected, to generate: testCom.google.common.primitives.Booleans.lastIndexOf(boolean[], boolean)2
19:45:16.101 | DEBUG | --new testCase collected, to generate: testCom.google.common.primitives.Booleans.lastIndexOf(boolean[], boolean)3
19:45:16.121 | DEBUG | --new testCase collected, to generate: testCom.google.common.primitives.Booleans.lastIndexOf(boolean[], boolean)4
19:45:16.142 | DEBUG | --new testCase collected, to generate: testCom.google.common.primitives.Booleans.lastIndexOf(boolean[], boolean)5
19:45:16.143 | INFO  | Finished (in 0.147 sec): method com.google.common.primitives.Booleans.lastIndexOf(boolean[], boolean) 
<StatsForMethod> :
	#generatedTC=5
	WITH NO EXCEPTIONS
19:45:16.149 | DEBUG |  ... 
19:45:16.150 | INFO  | Started: method com.google.common.primitives.Booleans.concat(boolean[][])
19:45:16.150 | INFO  |  -- Remaining time budget: 97846 ms, #remaining_methods: 34, budget for method: 2877 ms, solver timeout: 1000 ms, budget for symbolic execution: 1677 ms, budget for concrete execution: 1200 ms,  -- 
19:45:16.160 | DEBUG | --new testCase collected, to generate: testCom.google.common.primitives.Booleans.concat(boolean[][])1
19:45:16.185 | DEBUG | --new testCase collected, to generate: testCom.google.common.primitives.Booleans.concat(boolean[][])2
19:45:16.236 | DEBUG | --new testCase collected, to generate: testCom.google.common.primitives.Booleans.concat(boolean[][])3
19:45:16.242 | DEBUG | --new testCase collected, to generate: testCom.google.common.primitives.Booleans.concat(boolean[][])4
19:45:16.402 | DEBUG | --new testCase collected, to generate: testCom.google.common.primitives.Booleans.concat(boolean[][])5
19:45:16.405 | INFO  | Finished (in 0.255 sec): method com.google.common.primitives.Booleans.concat(boolean[][]) 
<StatsForMethod> :
	#generatedTC=5
	WITH NO EXCEPTIONS
19:45:16.409 | DEBUG |  ... 
19:45:16.409 | INFO  | Started: method com.google.common.primitives.Booleans.contains(boolean[], boolean)
19:45:16.409 | INFO  |  -- Remaining time budget: 97586 ms, #remaining_methods: 33, budget for method: 2957 ms, solver timeout: 1000 ms, budget for symbolic execution: 1757 ms, budget for concrete execution: 1200 ms,  -- 
19:45:16.416 | DEBUG | --new testCase collected, to generate: testCom.google.common.primitives.Booleans.contains(boolean[], boolean)1
19:45:16.439 | DEBUG | --new testCase collected, to generate: testCom.google.common.primitives.Booleans.contains(boolean[], boolean)2
19:45:16.475 | DEBUG | --new testCase collected, to generate: testCom.google.common.primitives.Booleans.contains(boolean[], boolean)3
19:45:16.494 | DEBUG | --new testCase collected, to generate: testCom.google.common.primitives.Booleans.contains(boolean[], boolean)4
19:45:16.502 | DEBUG | --new testCase collected, to generate: testCom.google.common.primitives.Booleans.contains(boolean[], boolean)5
19:45:16.503 | INFO  | Finished (in 0.094 sec): method com.google.common.primitives.Booleans.contains(boolean[], boolean) 
<StatsForMethod> :
	#generatedTC=5
	WITH NO EXCEPTIONS
19:45:16.504 | DEBUG |  ... 
19:45:16.504 | INFO  | Started: method com.google.common.primitives.Booleans.join(String, boolean[])
19:45:16.504 | INFO  |  -- Remaining time budget: 97491 ms, #remaining_methods: 32, budget for method: 3046 ms, solver timeout: 1000 ms, budget for symbolic execution: 1846 ms, budget for concrete execution: 1200 ms,  -- 
19:45:16.524 | DEBUG | --new testCase collected, to generate: testCom.google.common.primitives.Booleans.join(String, boolean[])1
19:45:16.651 | DEBUG | --new testCase collected, to generate: testCom.google.common.primitives.Booleans.join(String, boolean[])2
19:45:16.739 | DEBUG | --new testCase collected, to generate: testCom.google.common.primitives.Booleans.join(String, boolean[])3
19:45:18.351 | INFO  | |> Starting concrete execution for remaining state: com.google.common.primitives.Booleans.join(String, boolean[])
19:45:19.553 | INFO  | (X) Cancelling concrete execution: com.google.common.primitives.Booleans.join(String, boolean[])
19:45:19.615 | INFO  | Finished (in 3.110 sec): method com.google.common.primitives.Booleans.join(String, boolean[]) 
<StatsForMethod> :
	#generatedTC=3
	WITH NO EXCEPTIONS
19:45:19.722 | DEBUG |  ... 
19:45:19.722 | INFO  | Started: method com.google.common.primitives.Booleans.compare(boolean, boolean)
19:45:19.722 | INFO  |  -- Remaining time budget: 94273 ms, #remaining_methods: 31, budget for method: 3041 ms, solver timeout: 1000 ms, budget for symbolic execution: 1841 ms, budget for concrete execution: 1200 ms,  -- 
19:45:19.726 | DEBUG | --new testCase collected, to generate: testCom.google.common.primitives.Booleans.compare(boolean, boolean)1
19:45:19.773 | DEBUG | --new testCase collected, to generate: testCom.google.common.primitives.Booleans.compare(boolean, boolean)2
19:45:19.776 | DEBUG | --new testCase collected, to generate: testCom.google.common.primitives.Booleans.compare(boolean, boolean)3
19:45:19.779 | DEBUG | --new testCase collected, to generate: testCom.google.common.primitives.Booleans.compare(boolean, boolean)4
19:45:19.780 | INFO  | Finished (in 0.057 sec): method com.google.common.primitives.Booleans.compare(boolean, boolean) 
<StatsForMethod> :
	#generatedTC=4
	WITH NO EXCEPTIONS
19:45:19.780 | DEBUG |  ... 
19:45:19.781 | INFO  | Started: method com.google.common.primitives.Booleans.toArray(Collection)
19:45:19.781 | INFO  |  -- Remaining time budget: 94214 ms, #remaining_methods: 30, budget for method: 3140 ms, solver timeout: 1000 ms, budget for symbolic execution: 1940 ms, budget for concrete execution: 1200 ms,  -- 
19:45:19.786 | DEBUG | --new testCase collected, to generate: testCom.google.common.primitives.Booleans.toArray(Collection)1
19:45:19.948 | DEBUG | --new testCase collected, to generate: testCom.google.common.primitives.Booleans.toArray(Collection)2
19:45:21.721 | INFO  | |> Starting concrete execution for remaining state: com.google.common.primitives.Booleans.toArray(Collection)
19:45:22.478 | DEBUG | --new testCase collected, to generate: testCom.google.common.primitives.Booleans.toArray(Collection)3
19:45:22.922 | INFO  | (X) Cancelling concrete execution: com.google.common.primitives.Booleans.toArray(Collection)
19:45:23.000 | INFO  | Finished (in 3.218 sec): method com.google.common.primitives.Booleans.toArray(Collection) 
<StatsForMethod> :
	#generatedTC=3
	WITH NO EXCEPTIONS
19:45:23.050 | DEBUG |  ... 
19:45:23.051 | INFO  | Started: method com.google.common.primitives.Booleans.asList(boolean[])
19:45:23.051 | INFO  |  -- Remaining time budget: 90944 ms, #remaining_methods: 29, budget for method: 3136 ms, solver timeout: 1000 ms, budget for symbolic execution: 1936 ms, budget for concrete execution: 1200 ms,  -- 
19:45:23.056 | DEBUG | --new testCase collected, to generate: testCom.google.common.primitives.Booleans.asList(boolean[])1
19:45:23.095 | DEBUG | --new testCase collected, to generate: testCom.google.common.primitives.Booleans.asList(boolean[])2
19:45:23.190 | DEBUG | --new testCase collected, to generate: testCom.google.common.primitives.Booleans.asList(boolean[])3
19:45:23.300 | DEBUG | --new testCase collected, to generate: testCom.google.common.primitives.Booleans.asList(boolean[])4
19:45:23.301 | INFO  | Finished (in 0.249 sec): method com.google.common.primitives.Booleans.asList(boolean[]) 
<StatsForMethod> :
	#generatedTC=4
	WITH NO EXCEPTIONS
19:45:23.321 | DEBUG |  ... 
19:45:23.321 | INFO  | Started: method com.google.common.primitives.Booleans.ensureCapacity(boolean[], int, int)
19:45:23.321 | INFO  |  -- Remaining time budget: 90674 ms, #remaining_methods: 28, budget for method: 3238 ms, solver timeout: 1000 ms, budget for symbolic execution: 2038 ms, budget for concrete execution: 1200 ms,  -- 
19:45:23.325 | DEBUG | --new testCase collected, to generate: testCom.google.common.primitives.Booleans.ensureCapacity(boolean[], int, int)1
19:45:23.439 | DEBUG | --new testCase collected, to generate: testCom.google.common.primitives.Booleans.ensureCapacity(boolean[], int, int)2
19:45:23.447 | DEBUG | --new testCase collected, to generate: testCom.google.common.primitives.Booleans.ensureCapacity(boolean[], int, int)3
19:45:23.491 | DEBUG | --new testCase collected, to generate: testCom.google.common.primitives.Booleans.ensureCapacity(boolean[], int, int)4
19:45:23.647 | DEBUG | --new testCase collected, to generate: testCom.google.common.primitives.Booleans.ensureCapacity(boolean[], int, int)5
19:45:23.950 | DEBUG | --new testCase collected, to generate: testCom.google.common.primitives.Booleans.ensureCapacity(boolean[], int, int)6
19:45:23.956 | INFO  | Finished (in 0.634 sec): method com.google.common.primitives.Booleans.ensureCapacity(boolean[], int, int) 
<StatsForMethod> :
	#generatedTC=6
	WITH NO EXCEPTIONS
19:45:23.972 | DEBUG |  ... 
19:45:23.973 | INFO  | Started: method com.google.common.primitives.Booleans.reverse(boolean[])
19:45:23.973 | INFO  |  -- Remaining time budget: 90022 ms, #remaining_methods: 27, budget for method: 3334 ms, solver timeout: 1000 ms, budget for symbolic execution: 2134 ms, budget for concrete execution: 1200 ms,  -- 
19:45:23.980 | DEBUG | --new testCase collected, to generate: testCom.google.common.primitives.Booleans.reverse(boolean[])1
19:45:24.107 | DEBUG | --new testCase collected, to generate: testCom.google.common.primitives.Booleans.reverse(boolean[])2
19:45:24.605 | DEBUG | --new testCase collected, to generate: testCom.google.common.primitives.Booleans.reverse(boolean[])3
19:45:24.878 | DEBUG | --new testCase collected, to generate: testCom.google.common.primitives.Booleans.reverse(boolean[])4
19:45:25.110 | INFO  | Finished (in 1.137 sec): method com.google.common.primitives.Booleans.reverse(boolean[]) 
<StatsForMethod> :
	#generatedTC=4
	WITH NO EXCEPTIONS
19:45:25.144 | DEBUG |  ... 
19:45:25.145 | INFO  | Started: method com.google.common.primitives.Booleans.reverse(boolean[], int, int)
19:45:25.145 | INFO  |  -- Remaining time budget: 88851 ms, #remaining_methods: 26, budget for method: 3417 ms, solver timeout: 1000 ms, budget for symbolic execution: 2217 ms, budget for concrete execution: 1200 ms,  -- 
19:45:25.149 | DEBUG | --new testCase collected, to generate: testCom.google.common.primitives.Booleans.reverse(boolean[], int, int)1
19:45:25.277 | DEBUG | --new testCase collected, to generate: testCom.google.common.primitives.Booleans.reverse(boolean[], int, int)2
19:45:25.366 | DEBUG | --new testCase collected, to generate: testCom.google.common.primitives.Booleans.reverse(boolean[], int, int)3
19:45:25.532 | DEBUG | --new testCase collected, to generate: testCom.google.common.primitives.Booleans.reverse(boolean[], int, int)4
19:45:25.709 | DEBUG | --new testCase collected, to generate: testCom.google.common.primitives.Booleans.reverse(boolean[], int, int)5
19:45:25.723 | DEBUG | --new testCase collected, to generate: testCom.google.common.primitives.Booleans.reverse(boolean[], int, int)6
19:45:25.841 | DEBUG | --new testCase collected, to generate: testCom.google.common.primitives.Booleans.reverse(boolean[], int, int)7
19:45:25.841 | INFO  | Finished (in 0.696 sec): method com.google.common.primitives.Booleans.reverse(boolean[], int, int) 
<StatsForMethod> :
	#generatedTC=7
	WITH NO EXCEPTIONS
19:45:25.854 | DEBUG |  ... 
19:45:25.855 | INFO  | Started: method com.google.common.primitives.Booleans.<init>()
19:45:25.855 | INFO  |  -- Remaining time budget: 88140 ms, #remaining_methods: 25, budget for method: 3525 ms, solver timeout: 1000 ms, budget for symbolic execution: 2325 ms, budget for concrete execution: 1200 ms,  -- 
19:45:25.859 | DEBUG | --new testCase collected, to generate: testCom.google.common.primitives.Booleans.<init>()1
19:45:25.881 | DEBUG | --new testCase collected, to generate: testCom.google.common.primitives.Booleans.<init>()2
19:45:25.882 | INFO  | Finished (in 0.026 sec): method com.google.common.primitives.Booleans.<init>() 
<StatsForMethod> :
	#generatedTC=2
	WITH NO EXCEPTIONS
19:45:25.885 | DEBUG |  ... 
19:45:25.887 | INFO  | Started: method com.google.common.primitives.Booleans.BooleanArrayAsList.contains(Object)
19:45:25.887 | INFO  |  -- Remaining time budget: 88109 ms, #remaining_methods: 24, budget for method: 3671 ms, solver timeout: 1000 ms, budget for symbolic execution: 2471 ms, budget for concrete execution: 1200 ms,  -- 
19:45:25.896 | DEBUG | --new testCase collected, to generate: testCom.google.common.primitives.Booleans.BooleanArrayAsList.contains(Object)1
19:45:26.089 | DEBUG | --new testCase collected, to generate: testCom.google.common.primitives.Booleans.BooleanArrayAsList.contains(Object)2
19:45:26.169 | DEBUG | --new testCase collected, to generate: testCom.google.common.primitives.Booleans.BooleanArrayAsList.contains(Object)3
19:45:26.183 | DEBUG | --new testCase collected, to generate: testCom.google.common.primitives.Booleans.BooleanArrayAsList.contains(Object)4
19:45:26.184 | INFO  | Finished (in 0.297 sec): method com.google.common.primitives.Booleans.BooleanArrayAsList.contains(Object) 
<StatsForMethod> :
	#generatedTC=4
	WITH NO EXCEPTIONS
19:45:26.188 | DEBUG |  ... 
19:45:26.189 | INFO  | Started: method com.google.common.primitives.Booleans.BooleanArrayAsList.isEmpty()
19:45:26.189 | INFO  |  -- Remaining time budget: 87807 ms, #remaining_methods: 23, budget for method: 3817 ms, solver timeout: 1000 ms, budget for symbolic execution: 2617 ms, budget for concrete execution: 1200 ms,  -- 
19:45:26.191 | DEBUG | --new testCase collected, to generate: testCom.google.common.primitives.Booleans.BooleanArrayAsList.isEmpty()1
19:45:26.215 | DEBUG | --new testCase collected, to generate: testCom.google.common.primitives.Booleans.BooleanArrayAsList.isEmpty()2
19:45:26.215 | INFO  | Finished (in 0.026 sec): method com.google.common.primitives.Booleans.BooleanArrayAsList.isEmpty() 
<StatsForMethod> :
	#generatedTC=2
	WITH NO EXCEPTIONS
19:45:26.216 | DEBUG |  ... 
19:45:26.216 | INFO  | Started: method com.google.common.primitives.Booleans.BooleanArrayAsList.equals(Object)
19:45:26.216 | INFO  |  -- Remaining time budget: 87779 ms, #remaining_methods: 22, budget for method: 3989 ms, solver timeout: 1000 ms, budget for symbolic execution: 2789 ms, budget for concrete execution: 1200 ms,  -- 
19:45:26.220 | DEBUG | --new testCase collected, to generate: testCom.google.common.primitives.Booleans.BooleanArrayAsList.equals(Object)1
19:45:26.435 | DEBUG | --new testCase collected, to generate: testCom.google.common.primitives.Booleans.BooleanArrayAsList.equals(Object)2
19:45:26.783 | DEBUG | --new testCase collected, to generate: testCom.google.common.primitives.Booleans.BooleanArrayAsList.equals(Object)3
19:45:27.126 | DEBUG | --new testCase collected, to generate: testCom.google.common.primitives.Booleans.BooleanArrayAsList.equals(Object)4
19:45:27.203 | DEBUG | --new testCase collected, to generate: testCom.google.common.primitives.Booleans.BooleanArrayAsList.equals(Object)5
19:45:27.249 | DEBUG | --new testCase collected, to generate: testCom.google.common.primitives.Booleans.BooleanArrayAsList.equals(Object)6
19:45:27.266 | DEBUG | --new testCase collected, to generate: testCom.google.common.primitives.Booleans.BooleanArrayAsList.equals(Object)7
19:45:27.314 | DEBUG | --new testCase collected, to generate: testCom.google.common.primitives.Booleans.BooleanArrayAsList.equals(Object)8
19:45:27.360 | DEBUG | --new testCase collected, to generate: testCom.google.common.primitives.Booleans.BooleanArrayAsList.equals(Object)9
19:45:27.439 | DEBUG | --new testCase collected, to generate: testCom.google.common.primitives.Booleans.BooleanArrayAsList.equals(Object)10
19:45:27.459 | DEBUG | --new testCase collected, to generate: testCom.google.common.primitives.Booleans.BooleanArrayAsList.equals(Object)11
19:45:27.591 | DEBUG | --new testCase collected, to generate: testCom.google.common.primitives.Booleans.BooleanArrayAsList.equals(Object)12
19:45:28.462 | INFO  | Finished (in 2.245 sec): method com.google.common.primitives.Booleans.BooleanArrayAsList.equals(Object) 
<StatsForMethod> :
	#generatedTC=12
	WITH NO EXCEPTIONS
19:45:28.514 | DEBUG |  ... 
19:45:28.515 | INFO  | Started: method com.google.common.primitives.Booleans.BooleanArrayAsList.hashCode()
19:45:28.515 | INFO  |  -- Remaining time budget: 85481 ms, #remaining_methods: 21, budget for method: 4070 ms, solver timeout: 1000 ms, budget for symbolic execution: 2870 ms, budget for concrete execution: 1200 ms,  -- 
19:45:28.518 | DEBUG | --new testCase collected, to generate: testCom.google.common.primitives.Booleans.BooleanArrayAsList.hashCode()1
19:45:28.544 | DEBUG | --new testCase collected, to generate: testCom.google.common.primitives.Booleans.BooleanArrayAsList.hashCode()2
19:45:28.569 | DEBUG | --new testCase collected, to generate: testCom.google.common.primitives.Booleans.BooleanArrayAsList.hashCode()3
19:45:28.591 | DEBUG | --new testCase collected, to generate: testCom.google.common.primitives.Booleans.BooleanArrayAsList.hashCode()4
19:45:28.615 | DEBUG | --new testCase collected, to generate: testCom.google.common.primitives.Booleans.BooleanArrayAsList.hashCode()5
19:45:28.615 | INFO  | Finished (in 0.101 sec): method com.google.common.primitives.Booleans.BooleanArrayAsList.hashCode() 
<StatsForMethod> :
	#generatedTC=5
	WITH NO EXCEPTIONS
19:45:28.617 | DEBUG |  ... 
19:45:28.617 | INFO  | Started: method com.google.common.primitives.Booleans.BooleanArrayAsList.toString()
19:45:28.617 | INFO  |  -- Remaining time budget: 85378 ms, #remaining_methods: 20, budget for method: 4268 ms, solver timeout: 1000 ms, budget for symbolic execution: 3068 ms, budget for concrete execution: 1200 ms,  -- 
19:45:28.625 | DEBUG | --new testCase collected, to generate: testCom.google.common.primitives.Booleans.BooleanArrayAsList.toString()1
19:45:28.714 | DEBUG | --new testCase collected, to generate: testCom.google.common.primitives.Booleans.BooleanArrayAsList.toString()2
19:45:28.736 | DEBUG | --new testCase collected, to generate: testCom.google.common.primitives.Booleans.BooleanArrayAsList.toString()3
19:45:28.956 | DEBUG | --new testCase collected, to generate: testCom.google.common.primitives.Booleans.BooleanArrayAsList.toString()4
19:45:29.147 | DEBUG | --new testCase collected, to generate: testCom.google.common.primitives.Booleans.BooleanArrayAsList.toString()5
19:45:29.550 | DEBUG | --new testCase collected, to generate: testCom.google.common.primitives.Booleans.BooleanArrayAsList.toString()6
19:45:30.031 | DEBUG | --new testCase collected, to generate: testCom.google.common.primitives.Booleans.BooleanArrayAsList.toString()7
19:45:30.310 | DEBUG | --new testCase collected, to generate: testCom.google.common.primitives.Booleans.BooleanArrayAsList.toString()8
19:45:30.328 | INFO  | Finished (in 1.710 sec): method com.google.common.primitives.Booleans.BooleanArrayAsList.toString() 
<StatsForMethod> :
	#generatedTC=8
	WITH NO EXCEPTIONS
19:45:30.445 | DEBUG |  ... 
19:45:30.445 | INFO  | Started: method com.google.common.primitives.Booleans.BooleanArrayAsList.set(int, Boolean)
19:45:30.446 | INFO  |  -- Remaining time budget: 83550 ms, #remaining_methods: 19, budget for method: 4397 ms, solver timeout: 1000 ms, budget for symbolic execution: 3197 ms, budget for concrete execution: 1200 ms,  -- 
19:45:30.464 | ERROR | Symbolic execution FAILED
kotlin.reflect.jvm.internal.KotlinReflectionInternalError: Could not compute caller for function: private constructor Boolean() defined in kotlin.Boolean[DeserializedClassConstructorDescriptor@48acdda5] (member = null)
	at kotlin.reflect.jvm.internal.KFunctionImpl$caller$2.invoke(KFunctionImpl.kt:89) ~[utbot-junit-contest-1.0.jar:?]
	at kotlin.reflect.jvm.internal.KFunctionImpl$caller$2.invoke(KFunctionImpl.kt:36) ~[utbot-junit-contest-1.0.jar:?]
	at kotlin.reflect.jvm.internal.ReflectProperties$LazyVal.invoke(ReflectProperties.java:62) ~[utbot-junit-contest-1.0.jar:?]
	at kotlin.reflect.jvm.internal.ReflectProperties$Val.getValue(ReflectProperties.java:31) ~[utbot-junit-contest-1.0.jar:?]
	at kotlin.reflect.jvm.internal.KFunctionImpl.getCaller(KFunctionImpl.kt) ~[utbot-junit-contest-1.0.jar:?]
	at kotlin.reflect.jvm.ReflectJvmMapping.getJavaMethod(ReflectJvmMapping.kt:63) ~[utbot-junit-contest-1.0.jar:?]
	at com.huawei.utbot.framework.plugin.api.util.IdUtilKt.getExecutableId(IdUtil.kt:394) ~[utbot-junit-contest-1.0.jar:?]
	at com.huawei.utbot.engine.UtBotSymbolicEngine.createSimpleModelByKClass(UtBotSymbolicEngine.kt:587) ~[utbot-junit-contest-1.0.jar:?]
	at com.huawei.utbot.engine.UtBotSymbolicEngine.createModelByClassId(UtBotSymbolicEngine.kt:569) ~[utbot-junit-contest-1.0.jar:?]
	at com.huawei.utbot.engine.UtBotSymbolicEngine.access$createModelByClassId(UtBotSymbolicEngine.kt:245) ~[utbot-junit-contest-1.0.jar:?]
	at com.huawei.utbot.engine.UtBotSymbolicEngine$fuzzing$1.invokeSuspend(UtBotSymbolicEngine.kt:502) [utbot-junit-contest-1.0.jar:?]
	at com.huawei.utbot.engine.UtBotSymbolicEngine$fuzzing$1.invoke(UtBotSymbolicEngine.kt) [utbot-junit-contest-1.0.jar:?]
	at kotlinx.coroutines.flow.SafeFlow.collectSafely(Builders.kt:61) [utbot-junit-contest-1.0.jar:?]
	at kotlinx.coroutines.flow.AbstractFlow.collect(Flow.kt:212) [utbot-junit-contest-1.0.jar:?]
	at kotlinx.coroutines.flow.FlowKt__MergeKt$flattenConcat$$inlined$unsafeFlow$1$lambda$1.emit(Collect.kt:134) [utbot-junit-contest-1.0.jar:?]
	at kotlinx.coroutines.flow.FlowKt__BuildersKt$flowOf$$inlined$unsafeFlow$1.collect(SafeCollector.common.kt:114) [utbot-junit-contest-1.0.jar:?]
	at kotlinx.coroutines.flow.FlowKt__MergeKt$flattenConcat$$inlined$unsafeFlow$1.collect(SafeCollector.common.kt:114) [utbot-junit-contest-1.0.jar:?]
	at com.huawei.utbot.contest.ContestKt$runGeneration$1$invokeSuspend$$inlined$bracket$lambda$1$1.invokeSuspend(Contest.kt:531) [utbot-junit-contest-1.0.jar:?]
	at kotlin.coroutines.jvm.internal.BaseContinuationImpl.resumeWith(ContinuationImpl.kt:33) [utbot-junit-contest-1.0.jar:?]
	at kotlinx.coroutines.DispatchedTask.run(DispatchedTask.kt:106) [utbot-junit-contest-1.0.jar:?]
	at java.util.concurrent.Executors$RunnableAdapter.call(Executors.java:511) [?:1.8.0_312]
	at java.util.concurrent.FutureTask.run(FutureTask.java:266) [?:1.8.0_312]
	at java.util.concurrent.ScheduledThreadPoolExecutor$ScheduledFutureTask.access$201(ScheduledThreadPoolExecutor.java:180) [?:1.8.0_312]
	at java.util.concurrent.ScheduledThreadPoolExecutor$ScheduledFutureTask.run(ScheduledThreadPoolExecutor.java:293) [?:1.8.0_312]
	at java.util.concurrent.ThreadPoolExecutor.runWorker(ThreadPoolExecutor.java:1149) [?:1.8.0_312]
	at java.util.concurrent.ThreadPoolExecutor$Worker.run(ThreadPoolExecutor.java:624) [?:1.8.0_312]
	at java.lang.Thread.run(Thread.java:748) [?:1.8.0_312]
19:45:30.512 | DEBUG | --new testCase collected, to generate: testCom.google.common.primitives.Booleans.BooleanArrayAsList.set(int, Boolean)1
19:45:30.533 | DEBUG | --new testCase collected, to generate: testCom.google.common.primitives.Booleans.BooleanArrayAsList.set(int, Boolean)2
19:45:30.683 | DEBUG | --new testCase collected, to generate: testCom.google.common.primitives.Booleans.BooleanArrayAsList.set(int, Boolean)3
19:45:30.720 | DEBUG | --new testCase collected, to generate: testCom.google.common.primitives.Booleans.BooleanArrayAsList.set(int, Boolean)4
19:45:30.855 | DEBUG | --new testCase collected, to generate: testCom.google.common.primitives.Booleans.BooleanArrayAsList.set(int, Boolean)5
19:45:30.855 | INFO  | Finished (in 0.410 sec): method com.google.common.primitives.Booleans.BooleanArrayAsList.set(int, Boolean) 
<StatsForMethod> :
	#generatedTC=5
	FAILED 1 time(s) with 1 different exception(s)"
19:45:30.866 | DEBUG |  ... 
19:45:30.867 | INFO  | Started: method com.google.common.primitives.Booleans.BooleanArrayAsList.subList(int, int)
19:45:30.867 | INFO  |  -- Remaining time budget: 83129 ms, #remaining_methods: 18, budget for method: 4618 ms, solver timeout: 1000 ms, budget for symbolic execution: 3418 ms, budget for concrete execution: 1200 ms,  -- 
19:45:30.871 | DEBUG | --new testCase collected, to generate: testCom.google.common.primitives.Booleans.BooleanArrayAsList.subList(int, int)1
19:45:30.982 | DEBUG | --new testCase collected, to generate: testCom.google.common.primitives.Booleans.BooleanArrayAsList.subList(int, int)2
19:45:31.130 | DEBUG | --new testCase collected, to generate: testCom.google.common.primitives.Booleans.BooleanArrayAsList.subList(int, int)3
19:45:31.130 | INFO  | Finished (in 0.263 sec): method com.google.common.primitives.Booleans.BooleanArrayAsList.subList(int, int) 
<StatsForMethod> :
	#generatedTC=3
	WITH NO EXCEPTIONS
19:45:31.151 | DEBUG |  ... 
19:45:31.152 | INFO  | Started: method com.google.common.primitives.Booleans.BooleanArrayAsList.get(int)
19:45:31.152 | INFO  |  -- Remaining time budget: 82844 ms, #remaining_methods: 17, budget for method: 4873 ms, solver timeout: 1000 ms, budget for symbolic execution: 3673 ms, budget for concrete execution: 1200 ms,  -- 
19:45:31.161 | DEBUG | --new testCase collected, to generate: testCom.google.common.primitives.Booleans.BooleanArrayAsList.get(int)1
19:45:31.212 | DEBUG | --new testCase collected, to generate: testCom.google.common.primitives.Booleans.BooleanArrayAsList.get(int)2
19:45:31.259 | DEBUG | --new testCase collected, to generate: testCom.google.common.primitives.Booleans.BooleanArrayAsList.get(int)3
19:45:31.267 | DEBUG | --new testCase collected, to generate: testCom.google.common.primitives.Booleans.BooleanArrayAsList.get(int)4
19:45:31.267 | INFO  | Finished (in 0.115 sec): method com.google.common.primitives.Booleans.BooleanArrayAsList.get(int) 
<StatsForMethod> :
	#generatedTC=4
	WITH NO EXCEPTIONS
19:45:31.273 | DEBUG |  ... 
19:45:31.274 | INFO  | Started: method com.google.common.primitives.Booleans.BooleanArrayAsList.indexOf(Object)
19:45:31.274 | INFO  |  -- Remaining time budget: 82721 ms, #remaining_methods: 16, budget for method: 5170 ms, solver timeout: 1000 ms, budget for symbolic execution: 3970 ms, budget for concrete execution: 1200 ms,  -- 
19:45:31.277 | DEBUG | --new testCase collected, to generate: testCom.google.common.primitives.Booleans.BooleanArrayAsList.indexOf(Object)1
19:45:31.466 | DEBUG | --new testCase collected, to generate: testCom.google.common.primitives.Booleans.BooleanArrayAsList.indexOf(Object)2
19:45:31.515 | DEBUG | --new testCase collected, to generate: testCom.google.common.primitives.Booleans.BooleanArrayAsList.indexOf(Object)3
19:45:31.561 | DEBUG | --new testCase collected, to generate: testCom.google.common.primitives.Booleans.BooleanArrayAsList.indexOf(Object)4
19:45:31.561 | INFO  | Finished (in 0.287 sec): method com.google.common.primitives.Booleans.BooleanArrayAsList.indexOf(Object) 
<StatsForMethod> :
	#generatedTC=4
	WITH NO EXCEPTIONS
19:45:31.565 | DEBUG |  ... 
19:45:31.566 | INFO  | Started: method com.google.common.primitives.Booleans.BooleanArrayAsList.lastIndexOf(Object)
19:45:31.566 | INFO  |  -- Remaining time budget: 82430 ms, #remaining_methods: 15, budget for method: 5495 ms, solver timeout: 1000 ms, budget for symbolic execution: 4295 ms, budget for concrete execution: 1200 ms,  -- 
19:45:31.569 | DEBUG | --new testCase collected, to generate: testCom.google.common.primitives.Booleans.BooleanArrayAsList.lastIndexOf(Object)1
19:45:31.755 | DEBUG | --new testCase collected, to generate: testCom.google.common.primitives.Booleans.BooleanArrayAsList.lastIndexOf(Object)2
19:45:31.802 | DEBUG | --new testCase collected, to generate: testCom.google.common.primitives.Booleans.BooleanArrayAsList.lastIndexOf(Object)3
19:45:31.845 | DEBUG | --new testCase collected, to generate: testCom.google.common.primitives.Booleans.BooleanArrayAsList.lastIndexOf(Object)4
19:45:31.845 | INFO  | Finished (in 0.279 sec): method com.google.common.primitives.Booleans.BooleanArrayAsList.lastIndexOf(Object) 
<StatsForMethod> :
	#generatedTC=4
	WITH NO EXCEPTIONS
19:45:31.849 | DEBUG |  ... 
19:45:31.849 | INFO  | Started: method com.google.common.primitives.Booleans.BooleanArrayAsList.toBooleanArray()
19:45:31.849 | INFO  |  -- Remaining time budget: 82146 ms, #remaining_methods: 14, budget for method: 5867 ms, solver timeout: 1000 ms, budget for symbolic execution: 4667 ms, budget for concrete execution: 1200 ms,  -- 
19:45:31.853 | DEBUG | --new testCase collected, to generate: testCom.google.common.primitives.Booleans.BooleanArrayAsList.toBooleanArray()1
19:45:32.024 | DEBUG | --new testCase collected, to generate: testCom.google.common.primitives.Booleans.BooleanArrayAsList.toBooleanArray()2
19:45:32.134 | DEBUG | --new testCase collected, to generate: testCom.google.common.primitives.Booleans.BooleanArrayAsList.toBooleanArray()3
19:45:32.137 | INFO  | Finished (in 0.287 sec): method com.google.common.primitives.Booleans.BooleanArrayAsList.toBooleanArray() 
<StatsForMethod> :
	#generatedTC=3
	WITH NO EXCEPTIONS
19:45:32.153 | DEBUG |  ... 
19:45:32.154 | INFO  | Started: method com.google.common.primitives.Booleans.BooleanArrayAsList.size()
19:45:32.154 | INFO  |  -- Remaining time budget: 81841 ms, #remaining_methods: 13, budget for method: 6295 ms, solver timeout: 1000 ms, budget for symbolic execution: 5095 ms, budget for concrete execution: 1200 ms,  -- 
19:45:32.157 | DEBUG | --new testCase collected, to generate: testCom.google.common.primitives.Booleans.BooleanArrayAsList.size()1
19:45:32.180 | DEBUG | --new testCase collected, to generate: testCom.google.common.primitives.Booleans.BooleanArrayAsList.size()2
19:45:32.181 | INFO  | Finished (in 0.027 sec): method com.google.common.primitives.Booleans.BooleanArrayAsList.size() 
<StatsForMethod> :
	#generatedTC=2
	WITH NO EXCEPTIONS
19:45:32.181 | DEBUG |  ... 
19:45:32.181 | INFO  | Started: method com.google.common.primitives.Booleans.BooleanArrayAsList.<init>(boolean[])
19:45:32.181 | INFO  |  -- Remaining time budget: 81814 ms, #remaining_methods: 12, budget for method: 6817 ms, solver timeout: 1000 ms, budget for symbolic execution: 5617 ms, budget for concrete execution: 1200 ms,  -- 
19:45:32.185 | DEBUG | --new testCase collected, to generate: testCom.google.common.primitives.Booleans.BooleanArrayAsList.<init>(boolean[])1
19:45:32.207 | DEBUG | --new testCase collected, to generate: testCom.google.common.primitives.Booleans.BooleanArrayAsList.<init>(boolean[])2
19:45:32.263 | DEBUG | --new testCase collected, to generate: testCom.google.common.primitives.Booleans.BooleanArrayAsList.<init>(boolean[])3
19:45:32.263 | INFO  | Finished (in 0.081 sec): method com.google.common.primitives.Booleans.BooleanArrayAsList.<init>(boolean[]) 
<StatsForMethod> :
	#generatedTC=3
	WITH NO EXCEPTIONS
19:45:32.268 | DEBUG |  ... 
19:45:32.269 | INFO  | Started: method com.google.common.primitives.Booleans.BooleanArrayAsList.<init>(boolean[], int, int)
19:45:32.269 | INFO  |  -- Remaining time budget: 81726 ms, #remaining_methods: 11, budget for method: 7429 ms, solver timeout: 1000 ms, budget for symbolic execution: 6229 ms, budget for concrete execution: 1200 ms,  -- 
19:45:32.272 | DEBUG | --new testCase collected, to generate: testCom.google.common.primitives.Booleans.BooleanArrayAsList.<init>(boolean[], int, int)1
19:45:32.320 | DEBUG | --new testCase collected, to generate: testCom.google.common.primitives.Booleans.BooleanArrayAsList.<init>(boolean[], int, int)2
19:45:32.320 | INFO  | Finished (in 0.051 sec): method com.google.common.primitives.Booleans.BooleanArrayAsList.<init>(boolean[], int, int) 
<StatsForMethod> :
	#generatedTC=2
	WITH NO EXCEPTIONS
19:45:32.325 | DEBUG |  ... 
19:45:32.325 | INFO  | Started: method com.google.common.primitives.Booleans.LexicographicalComparator.toString()
19:45:32.325 | INFO  |  -- Remaining time budget: 81670 ms, #remaining_methods: 10, budget for method: 8167 ms, solver timeout: 1000 ms, budget for symbolic execution: 6967 ms, budget for concrete execution: 1200 ms,  -- 
19:45:32.334 | ERROR | Symbolic execution FAILED
com.huawei.utbot.instrumentation.util.ChildProcessError: Error in the child process |> java.lang.IllegalAccessException: Class com.huawei.utbot.framework.concrete.MockValueConstructor can not access a member of class com.google.common.primitives.Booleans$LexicographicalComparator with modifiers "private"
	at sun.reflect.Reflection.ensureMemberAccess(Reflection.java:102)
	at java.lang.reflect.AccessibleObject.slowCheckMemberAccess(AccessibleObject.java:296)
	at java.lang.reflect.AccessibleObject.checkAccess(AccessibleObject.java:288)
	at java.lang.reflect.Constructor.newInstance(Constructor.java:413)
	at com.huawei.utbot.framework.concrete.MockValueConstructor.call(MockValueConstructor.kt:414)
	at com.huawei.utbot.framework.concrete.MockValueConstructor.updateWithExecutableCallModel(MockValueConstructor.kt:353)
	at com.huawei.utbot.framework.concrete.MockValueConstructor.constructFromAssembleModel(MockValueConstructor.kt:332)
	at com.huawei.utbot.framework.concrete.MockValueConstructor.construct(MockValueConstructor.kt:126)
	at com.huawei.utbot.framework.concrete.MockValueConstructor.constructMethodParameters(MockValueConstructor.kt:101)
	at com.huawei.utbot.framework.concrete.UtExecutionInstrumentation.invoke(UtExecutionInstrumentation.kt:126)
	at com.huawei.utbot.framework.concrete.UtExecutionInstrumentation.invoke(UtExecutionInstrumentation.kt:96)
	at com.huawei.utbot.instrumentation.process.ChildProcessKt.loop(ChildProcess.kt:114)
	at com.huawei.utbot.instrumentation.process.ChildProcessKt.main(ChildProcess.kt:76)
	at com.huawei.utbot.instrumentation.process.ChildProcessKt.main(ChildProcess.kt)

	at com.huawei.utbot.instrumentation.ConcreteExecutor.executeAsync(ConcreteExecutor.kt:391) ~[utbot-junit-contest-1.0.jar:?]
	at com.huawei.utbot.instrumentation.ConcreteExecutor$executeAsync$1.invokeSuspend(ConcreteExecutor.kt) ~[utbot-junit-contest-1.0.jar:?]
	at kotlin.coroutines.jvm.internal.BaseContinuationImpl.resumeWith(ContinuationImpl.kt:33) [utbot-junit-contest-1.0.jar:?]
	at kotlinx.coroutines.DispatchedTask.run(DispatchedTask.kt:106) [utbot-junit-contest-1.0.jar:?]
	at java.util.concurrent.Executors$RunnableAdapter.call(Executors.java:511) [?:1.8.0_312]
	at java.util.concurrent.FutureTask.run(FutureTask.java:266) [?:1.8.0_312]
	at java.util.concurrent.ScheduledThreadPoolExecutor$ScheduledFutureTask.access$201(ScheduledThreadPoolExecutor.java:180) [?:1.8.0_312]
	at java.util.concurrent.ScheduledThreadPoolExecutor$ScheduledFutureTask.run(ScheduledThreadPoolExecutor.java:293) [?:1.8.0_312]
	at java.util.concurrent.ThreadPoolExecutor.runWorker(ThreadPoolExecutor.java:1149) [?:1.8.0_312]
	at java.util.concurrent.ThreadPoolExecutor$Worker.run(ThreadPoolExecutor.java:624) [?:1.8.0_312]
	at java.lang.Thread.run(Thread.java:748) [?:1.8.0_312]
19:45:32.362 | DEBUG | --new testCase collected, to generate: testCom.google.common.primitives.Booleans.LexicographicalComparator.toString()1
19:45:32.362 | INFO  | Finished (in 0.037 sec): method com.google.common.primitives.Booleans.LexicographicalComparator.toString() 
<StatsForMethod> :
	#generatedTC=1
	FAILED 1 time(s) with 1 different exception(s)"
19:45:32.364 | DEBUG |  ... 
19:45:32.364 | INFO  | Started: method com.google.common.primitives.Booleans.LexicographicalComparator.compare(boolean[], boolean[])
19:45:32.364 | INFO  |  -- Remaining time budget: 81631 ms, #remaining_methods: 9, budget for method: 9070 ms, solver timeout: 1000 ms, budget for symbolic execution: 7870 ms, budget for concrete execution: 1200 ms,  -- 
19:45:32.367 | ERROR | Symbolic execution FAILED
com.huawei.utbot.instrumentation.util.ChildProcessError: Error in the child process |> java.lang.IllegalAccessException: Class com.huawei.utbot.framework.concrete.MockValueConstructor can not access a member of class com.google.common.primitives.Booleans$LexicographicalComparator with modifiers "private"
	at sun.reflect.Reflection.ensureMemberAccess(Reflection.java:102)
	at java.lang.reflect.AccessibleObject.slowCheckMemberAccess(AccessibleObject.java:296)
	at java.lang.reflect.AccessibleObject.checkAccess(AccessibleObject.java:288)
	at java.lang.reflect.Constructor.newInstance(Constructor.java:413)
	at com.huawei.utbot.framework.concrete.MockValueConstructor.call(MockValueConstructor.kt:414)
	at com.huawei.utbot.framework.concrete.MockValueConstructor.updateWithExecutableCallModel(MockValueConstructor.kt:353)
	at com.huawei.utbot.framework.concrete.MockValueConstructor.constructFromAssembleModel(MockValueConstructor.kt:332)
	at com.huawei.utbot.framework.concrete.MockValueConstructor.construct(MockValueConstructor.kt:126)
	at com.huawei.utbot.framework.concrete.MockValueConstructor.constructMethodParameters(MockValueConstructor.kt:101)
	at com.huawei.utbot.framework.concrete.UtExecutionInstrumentation.invoke(UtExecutionInstrumentation.kt:126)
	at com.huawei.utbot.framework.concrete.UtExecutionInstrumentation.invoke(UtExecutionInstrumentation.kt:96)
	at com.huawei.utbot.instrumentation.process.ChildProcessKt.loop(ChildProcess.kt:114)
	at com.huawei.utbot.instrumentation.process.ChildProcessKt.main(ChildProcess.kt:76)
	at com.huawei.utbot.instrumentation.process.ChildProcessKt.main(ChildProcess.kt)

	at com.huawei.utbot.instrumentation.ConcreteExecutor.executeAsync(ConcreteExecutor.kt:391) ~[utbot-junit-contest-1.0.jar:?]
	at com.huawei.utbot.instrumentation.ConcreteExecutor$executeAsync$1.invokeSuspend(ConcreteExecutor.kt) ~[utbot-junit-contest-1.0.jar:?]
	at kotlin.coroutines.jvm.internal.BaseContinuationImpl.resumeWith(ContinuationImpl.kt:33) [utbot-junit-contest-1.0.jar:?]
	at kotlinx.coroutines.DispatchedTask.run(DispatchedTask.kt:106) [utbot-junit-contest-1.0.jar:?]
	at java.util.concurrent.Executors$RunnableAdapter.call(Executors.java:511) [?:1.8.0_312]
	at java.util.concurrent.FutureTask.run(FutureTask.java:266) [?:1.8.0_312]
	at java.util.concurrent.ScheduledThreadPoolExecutor$ScheduledFutureTask.access$201(ScheduledThreadPoolExecutor.java:180) [?:1.8.0_312]
	at java.util.concurrent.ScheduledThreadPoolExecutor$ScheduledFutureTask.run(ScheduledThreadPoolExecutor.java:293) [?:1.8.0_312]
	at java.util.concurrent.ThreadPoolExecutor.runWorker(ThreadPoolExecutor.java:1149) [?:1.8.0_312]
	at java.util.concurrent.ThreadPoolExecutor$Worker.run(ThreadPoolExecutor.java:624) [?:1.8.0_312]
	at java.lang.Thread.run(Thread.java:748) [?:1.8.0_312]
19:45:32.393 | DEBUG | --new testCase collected, to generate: testCom.google.common.primitives.Booleans.LexicographicalComparator.compare(boolean[], boolean[])1
19:45:32.414 | DEBUG | --new testCase collected, to generate: testCom.google.common.primitives.Booleans.LexicographicalComparator.compare(boolean[], boolean[])2
19:45:32.508 | DEBUG | --new testCase collected, to generate: testCom.google.common.primitives.Booleans.LexicographicalComparator.compare(boolean[], boolean[])3
19:45:32.514 | DEBUG | --new testCase collected, to generate: testCom.google.common.primitives.Booleans.LexicographicalComparator.compare(boolean[], boolean[])4
19:45:32.558 | DEBUG | --new testCase collected, to generate: testCom.google.common.primitives.Booleans.LexicographicalComparator.compare(boolean[], boolean[])5
19:45:32.561 | INFO  | Finished (in 0.196 sec): method com.google.common.primitives.Booleans.LexicographicalComparator.compare(boolean[], boolean[]) 
<StatsForMethod> :
	#generatedTC=5
	FAILED 1 time(s) with 1 different exception(s)"
19:45:32.567 | DEBUG |  ... 
19:45:32.568 | INFO  | Started: method com.google.common.primitives.Booleans.LexicographicalComparator.valueOf(String)
19:45:32.568 | INFO  |  -- Remaining time budget: 81427 ms, #remaining_methods: 8, budget for method: 10178 ms, solver timeout: 1000 ms, budget for symbolic execution: 8978 ms, budget for concrete execution: 1200 ms,  -- 
19:45:32.573 | DEBUG | --new testCase collected, to generate: testCom.google.common.primitives.Booleans.LexicographicalComparator.valueOf(String)1
19:45:35.099 | DEBUG | --new testCase collected, to generate: testCom.google.common.primitives.Booleans.LexicographicalComparator.valueOf(String)2
19:45:40.306 | DEBUG | --new testCase collected, to generate: testCom.google.common.primitives.Booleans.LexicographicalComparator.valueOf(String)3
19:45:41.546 | INFO  | |> Starting concrete execution for remaining state: com.google.common.primitives.Booleans.LexicographicalComparator.valueOf(String)
19:45:42.275 | DEBUG | --new testCase collected, to generate: testCom.google.common.primitives.Booleans.LexicographicalComparator.valueOf(String)4
19:45:42.747 | INFO  | (X) Cancelling concrete execution: com.google.common.primitives.Booleans.LexicographicalComparator.valueOf(String)
19:45:43.200 | INFO  | Finished (in 10.632 sec): method com.google.common.primitives.Booleans.LexicographicalComparator.valueOf(String) 
<StatsForMethod> :
	#generatedTC=4
	WITH NO EXCEPTIONS
19:45:43.511 | DEBUG |  ... 
19:45:43.511 | INFO  | Started: method com.google.common.primitives.Booleans.LexicographicalComparator.values()
19:45:43.511 | INFO  |  -- Remaining time budget: 70484 ms, #remaining_methods: 7, budget for method: 10069 ms, solver timeout: 1000 ms, budget for symbolic execution: 8869 ms, budget for concrete execution: 1200 ms,  -- 
19:45:43.514 | DEBUG | --new testCase collected, to generate: testCom.google.common.primitives.Booleans.LexicographicalComparator.values()1
19:45:43.647 | DEBUG | --new testCase collected, to generate: testCom.google.common.primitives.Booleans.LexicographicalComparator.values()2
19:45:43.648 | INFO  | Finished (in 0.136 sec): method com.google.common.primitives.Booleans.LexicographicalComparator.values() 
<StatsForMethod> :
	#generatedTC=2
	WITH NO EXCEPTIONS
19:45:43.662 | DEBUG |  ... 
19:45:43.662 | INFO  | Started: method com.google.common.primitives.Booleans.LexicographicalComparator.<init>()
19:45:43.662 | INFO  |  -- Remaining time budget: 70333 ms, #remaining_methods: 6, budget for method: 11722 ms, solver timeout: 1000 ms, budget for symbolic execution: 10522 ms, budget for concrete execution: 1200 ms,  -- 
19:45:43.667 | ERROR | Symbolic execution FAILED
com.huawei.utbot.instrumentation.util.ChildProcessError: Error in the child process |> java.lang.IllegalArgumentException: Cannot reflectively create enum objects
	at java.lang.reflect.Constructor.newInstance(Constructor.java:417)
	at com.huawei.utbot.instrumentation.instrumentation.InvokeInstrumentation$invoke$$inlined$run$lambda$2.invoke(InvokeInstrumentation.kt:70)
	at com.huawei.utbot.common.ThreadBasedExecutor$invokeWithTimeout$1.invoke(ThreadUtil.kt:43)
	at com.huawei.utbot.common.ThreadBasedExecutor$invokeWithTimeout$1.invoke(ThreadUtil.kt:22)
	at kotlin.concurrent.ThreadsKt$thread$thread$1.run(Thread.kt:30)

	at com.huawei.utbot.instrumentation.ConcreteExecutor.executeAsync(ConcreteExecutor.kt:391) ~[utbot-junit-contest-1.0.jar:?]
	at com.huawei.utbot.instrumentation.ConcreteExecutor$executeAsync$1.invokeSuspend(ConcreteExecutor.kt) ~[utbot-junit-contest-1.0.jar:?]
	at kotlin.coroutines.jvm.internal.BaseContinuationImpl.resumeWith(ContinuationImpl.kt:33) [utbot-junit-contest-1.0.jar:?]
	at kotlinx.coroutines.DispatchedTask.run(DispatchedTask.kt:106) [utbot-junit-contest-1.0.jar:?]
	at java.util.concurrent.Executors$RunnableAdapter.call(Executors.java:511) [?:1.8.0_312]
	at java.util.concurrent.FutureTask.run(FutureTask.java:266) [?:1.8.0_312]
	at java.util.concurrent.ScheduledThreadPoolExecutor$ScheduledFutureTask.access$201(ScheduledThreadPoolExecutor.java:180) [?:1.8.0_312]
	at java.util.concurrent.ScheduledThreadPoolExecutor$ScheduledFutureTask.run(ScheduledThreadPoolExecutor.java:293) [?:1.8.0_312]
	at java.util.concurrent.ThreadPoolExecutor.runWorker(ThreadPoolExecutor.java:1149) [?:1.8.0_312]
	at java.util.concurrent.ThreadPoolExecutor$Worker.run(ThreadPoolExecutor.java:624) [?:1.8.0_312]
	at java.lang.Thread.run(Thread.java:748) [?:1.8.0_312]
19:45:43.731 | DEBUG | --new testCase collected, to generate: testCom.google.common.primitives.Booleans.LexicographicalComparator.<init>()1
19:45:43.731 | INFO  | Finished (in 0.069 sec): method com.google.common.primitives.Booleans.LexicographicalComparator.<init>() 
<StatsForMethod> :
	#generatedTC=1
	FAILED 1 time(s) with 1 different exception(s)"
19:45:43.737 | DEBUG |  ... 
19:45:43.737 | INFO  | Started: method com.google.common.primitives.Booleans.BooleanComparator.toString()
19:45:43.737 | INFO  |  -- Remaining time budget: 70258 ms, #remaining_methods: 5, budget for method: 14051 ms, solver timeout: 1000 ms, budget for symbolic execution: 12851 ms, budget for concrete execution: 1200 ms,  -- 
19:45:43.740 | DEBUG | --new testCase collected, to generate: testCom.google.common.primitives.Booleans.BooleanComparator.toString()1
19:45:43.765 | DEBUG | --new testCase collected, to generate: testCom.google.common.primitives.Booleans.BooleanComparator.toString()2
19:45:43.766 | INFO  | Finished (in 0.028 sec): method com.google.common.primitives.Booleans.BooleanComparator.toString() 
<StatsForMethod> :
	#generatedTC=2
	WITH NO EXCEPTIONS
19:45:43.766 | DEBUG |  ... 
19:45:43.767 | INFO  | Started: method com.google.common.primitives.Booleans.BooleanComparator.compare(Boolean, Boolean)
19:45:43.767 | INFO  |  -- Remaining time budget: 70228 ms, #remaining_methods: 4, budget for method: 17557 ms, solver timeout: 1000 ms, budget for symbolic execution: 16357 ms, budget for concrete execution: 1200 ms,  -- 
19:45:43.769 | ERROR | Symbolic execution FAILED
kotlin.reflect.jvm.internal.KotlinReflectionInternalError: Could not compute caller for function: private constructor Boolean() defined in kotlin.Boolean[DeserializedClassConstructorDescriptor@48acdda5] (member = null)
	at kotlin.reflect.jvm.internal.KFunctionImpl$caller$2.invoke(KFunctionImpl.kt:89) ~[utbot-junit-contest-1.0.jar:?]
	at kotlin.reflect.jvm.internal.KFunctionImpl$caller$2.invoke(KFunctionImpl.kt:36) ~[utbot-junit-contest-1.0.jar:?]
	at kotlin.reflect.jvm.internal.ReflectProperties$LazyVal.invoke(ReflectProperties.java:62) ~[utbot-junit-contest-1.0.jar:?]
	at kotlin.reflect.jvm.internal.ReflectProperties$Val.getValue(ReflectProperties.java:31) ~[utbot-junit-contest-1.0.jar:?]
	at kotlin.reflect.jvm.internal.KFunctionImpl.getCaller(KFunctionImpl.kt) ~[utbot-junit-contest-1.0.jar:?]
	at kotlin.reflect.jvm.ReflectJvmMapping.getJavaMethod(ReflectJvmMapping.kt:63) ~[utbot-junit-contest-1.0.jar:?]
	at com.huawei.utbot.framework.plugin.api.util.IdUtilKt.getExecutableId(IdUtil.kt:394) ~[utbot-junit-contest-1.0.jar:?]
	at com.huawei.utbot.engine.UtBotSymbolicEngine.createSimpleModelByKClass(UtBotSymbolicEngine.kt:587) ~[utbot-junit-contest-1.0.jar:?]
	at com.huawei.utbot.engine.UtBotSymbolicEngine.createModelByClassId(UtBotSymbolicEngine.kt:569) ~[utbot-junit-contest-1.0.jar:?]
	at com.huawei.utbot.engine.UtBotSymbolicEngine.access$createModelByClassId(UtBotSymbolicEngine.kt:245) ~[utbot-junit-contest-1.0.jar:?]
	at com.huawei.utbot.engine.UtBotSymbolicEngine$fuzzing$1.invokeSuspend(UtBotSymbolicEngine.kt:502) [utbot-junit-contest-1.0.jar:?]
	at com.huawei.utbot.engine.UtBotSymbolicEngine$fuzzing$1.invoke(UtBotSymbolicEngine.kt) [utbot-junit-contest-1.0.jar:?]
	at kotlinx.coroutines.flow.SafeFlow.collectSafely(Builders.kt:61) [utbot-junit-contest-1.0.jar:?]
	at kotlinx.coroutines.flow.AbstractFlow.collect(Flow.kt:212) [utbot-junit-contest-1.0.jar:?]
	at kotlinx.coroutines.flow.FlowKt__MergeKt$flattenConcat$$inlined$unsafeFlow$1$lambda$1.emit(Collect.kt:134) [utbot-junit-contest-1.0.jar:?]
	at kotlinx.coroutines.flow.FlowKt__BuildersKt$flowOf$$inlined$unsafeFlow$1.collect(SafeCollector.common.kt:114) [utbot-junit-contest-1.0.jar:?]
	at kotlinx.coroutines.flow.FlowKt__MergeKt$flattenConcat$$inlined$unsafeFlow$1.collect(SafeCollector.common.kt:114) [utbot-junit-contest-1.0.jar:?]
	at com.huawei.utbot.contest.ContestKt$runGeneration$1$invokeSuspend$$inlined$bracket$lambda$1$1.invokeSuspend(Contest.kt:531) [utbot-junit-contest-1.0.jar:?]
	at kotlin.coroutines.jvm.internal.BaseContinuationImpl.resumeWith(ContinuationImpl.kt:33) [utbot-junit-contest-1.0.jar:?]
	at kotlinx.coroutines.DispatchedTask.run(DispatchedTask.kt:106) [utbot-junit-contest-1.0.jar:?]
	at java.util.concurrent.Executors$RunnableAdapter.call(Executors.java:511) [?:1.8.0_312]
	at java.util.concurrent.FutureTask.run(FutureTask.java:266) [?:1.8.0_312]
	at java.util.concurrent.ScheduledThreadPoolExecutor$ScheduledFutureTask.access$201(ScheduledThreadPoolExecutor.java:180) [?:1.8.0_312]
	at java.util.concurrent.ScheduledThreadPoolExecutor$ScheduledFutureTask.run(ScheduledThreadPoolExecutor.java:293) [?:1.8.0_312]
	at java.util.concurrent.ThreadPoolExecutor.runWorker(ThreadPoolExecutor.java:1149) [?:1.8.0_312]
	at java.util.concurrent.ThreadPoolExecutor$Worker.run(ThreadPoolExecutor.java:624) [?:1.8.0_312]
	at java.lang.Thread.run(Thread.java:748) [?:1.8.0_312]
19:45:43.810 | DEBUG | --new testCase collected, to generate: testCom.google.common.primitives.Booleans.BooleanComparator.compare(Boolean, Boolean)1
19:45:43.830 | DEBUG | --new testCase collected, to generate: testCom.google.common.primitives.Booleans.BooleanComparator.compare(Boolean, Boolean)2
19:45:43.834 | DEBUG | --new testCase collected, to generate: testCom.google.common.primitives.Booleans.BooleanComparator.compare(Boolean, Boolean)3
19:45:43.886 | DEBUG | --new testCase collected, to generate: testCom.google.common.primitives.Booleans.BooleanComparator.compare(Boolean, Boolean)4
19:45:43.888 | DEBUG | --new testCase collected, to generate: testCom.google.common.primitives.Booleans.BooleanComparator.compare(Boolean, Boolean)5
19:45:43.890 | INFO  | Finished (in 0.124 sec): method com.google.common.primitives.Booleans.BooleanComparator.compare(Boolean, Boolean) 
<StatsForMethod> :
	#generatedTC=5
	FAILED 1 time(s) with 1 different exception(s)"
19:45:43.896 | DEBUG |  ... 
19:45:43.897 | INFO  | Started: method com.google.common.primitives.Booleans.BooleanComparator.valueOf(String)
19:45:43.897 | INFO  |  -- Remaining time budget: 70098 ms, #remaining_methods: 3, budget for method: 23366 ms, solver timeout: 1000 ms, budget for symbolic execution: 22166 ms, budget for concrete execution: 1200 ms,  -- 
19:45:43.900 | DEBUG | --new testCase collected, to generate: testCom.google.common.primitives.Booleans.BooleanComparator.valueOf(String)1
19:45:46.353 | DEBUG | --new testCase collected, to generate: testCom.google.common.primitives.Booleans.BooleanComparator.valueOf(String)2
19:45:51.385 | DEBUG | --new testCase collected, to generate: testCom.google.common.primitives.Booleans.BooleanComparator.valueOf(String)3
19:45:53.138 | DEBUG | --new testCase collected, to generate: testCom.google.common.primitives.Booleans.BooleanComparator.valueOf(String)4
19:46:06.063 | INFO  | |> Starting concrete execution for remaining state: com.google.common.primitives.Booleans.BooleanComparator.valueOf(String)
19:46:07.264 | INFO  | (X) Cancelling concrete execution: com.google.common.primitives.Booleans.BooleanComparator.valueOf(String)
19:46:07.889 | INFO  | Finished (in 23.992 sec): method com.google.common.primitives.Booleans.BooleanComparator.valueOf(String) 
<StatsForMethod> :
	#generatedTC=4
	WITH NO EXCEPTIONS
19:46:08.479 | DEBUG |  ... 
19:46:08.480 | INFO  | Started: method com.google.common.primitives.Booleans.BooleanComparator.values()
19:46:08.480 | INFO  |  -- Remaining time budget: 45515 ms, #remaining_methods: 2, budget for method: 22757 ms, solver timeout: 1000 ms, budget for symbolic execution: 21557 ms, budget for concrete execution: 1200 ms,  -- 
19:46:08.482 | DEBUG | --new testCase collected, to generate: testCom.google.common.primitives.Booleans.BooleanComparator.values()1
19:46:08.681 | DEBUG | --new testCase collected, to generate: testCom.google.common.primitives.Booleans.BooleanComparator.values()2
19:46:08.699 | INFO  | Finished (in 0.218 sec): method com.google.common.primitives.Booleans.BooleanComparator.values() 
<StatsForMethod> :
	#generatedTC=2
	WITH NO EXCEPTIONS
19:46:08.721 | DEBUG |  ... 
19:46:08.721 | INFO  | Started: method com.google.common.primitives.Booleans.BooleanComparator.<init>(int, String)
19:46:08.721 | INFO  |  -- Remaining time budget: 45274 ms, #remaining_methods: 1, budget for method: 45274 ms, solver timeout: 1000 ms, budget for symbolic execution: 44074 ms, budget for concrete execution: 1200 ms,  -- 
19:46:08.725 | ERROR | Symbolic execution FAILED
com.huawei.utbot.instrumentation.util.ChildProcessError: Error in the child process |> java.lang.IllegalArgumentException: Cannot reflectively create enum objects
	at java.lang.reflect.Constructor.newInstance(Constructor.java:417)
	at com.huawei.utbot.instrumentation.instrumentation.InvokeInstrumentation$invoke$$inlined$run$lambda$2.invoke(InvokeInstrumentation.kt:70)
	at com.huawei.utbot.common.ThreadBasedExecutor$invokeWithTimeout$1.invoke(ThreadUtil.kt:43)
	at com.huawei.utbot.common.ThreadBasedExecutor$invokeWithTimeout$1.invoke(ThreadUtil.kt:22)
	at kotlin.concurrent.ThreadsKt$thread$thread$1.run(Thread.kt:30)

	at com.huawei.utbot.instrumentation.ConcreteExecutor.executeAsync(ConcreteExecutor.kt:391) ~[utbot-junit-contest-1.0.jar:?]
	at com.huawei.utbot.instrumentation.ConcreteExecutor$executeAsync$1.invokeSuspend(ConcreteExecutor.kt) ~[utbot-junit-contest-1.0.jar:?]
	at kotlin.coroutines.jvm.internal.BaseContinuationImpl.resumeWith(ContinuationImpl.kt:33) [utbot-junit-contest-1.0.jar:?]
	at kotlinx.coroutines.DispatchedTask.run(DispatchedTask.kt:106) [utbot-junit-contest-1.0.jar:?]
	at java.util.concurrent.Executors$RunnableAdapter.call(Executors.java:511) [?:1.8.0_312]
	at java.util.concurrent.FutureTask.run(FutureTask.java:266) [?:1.8.0_312]
	at java.util.concurrent.ScheduledThreadPoolExecutor$ScheduledFutureTask.access$201(ScheduledThreadPoolExecutor.java:180) [?:1.8.0_312]
	at java.util.concurrent.ScheduledThreadPoolExecutor$ScheduledFutureTask.run(ScheduledThreadPoolExecutor.java:293) [?:1.8.0_312]
	at java.util.concurrent.ThreadPoolExecutor.runWorker(ThreadPoolExecutor.java:1149) [?:1.8.0_312]
	at java.util.concurrent.ThreadPoolExecutor$Worker.run(ThreadPoolExecutor.java:624) [?:1.8.0_312]
	at java.lang.Thread.run(Thread.java:748) [?:1.8.0_312]
19:46:08.790 | DEBUG | --new testCase collected, to generate: testCom.google.common.primitives.Booleans.BooleanComparator.<init>(int, String)1
19:46:08.791 | INFO  | Finished (in 0.069 sec): method com.google.common.primitives.Booleans.BooleanComparator.<init>(int, String) 
<StatsForMethod> :
	#generatedTC=1
	FAILED 1 time(s) with 1 different exception(s)"
19:46:08.800 | INFO  | Started: Flushing tests for [Booleans] on disk
19:46:09.388 | INFO  | File size for BooleansTest: 147 KB
19:46:09.390 | INFO  | Finished (in 0.589 sec): Flushing tests for [Booleans] on disk 
19:46:09.390 | INFO  | Finished (in 57.372 sec): class com.google.common.primitives.Booleans 
<StatsForClass> :
	canceled by timeout = false
	#methods = 44, 
	#methods started symbolic exploration = 44
	#methods with at least one TC = 44
	#methods with exceptions = 6
	#generated TC = 175
	#coverage = null
[READY]
