Started UtBot Contest, classfileDir = /var/benchmarks/projects/guava/guava/target/classes, classpathString=/var/benchmarks/projects/guava/guava/target/classes:/var/benchmarks/projects/guava/guava/target/guava-26.0-jre.jar:/var/benchmarks/projects/./guava/guava/target/dependency/checker-qual-2.5.2.jar:/var/benchmarks/projects/guava/guava/target/dependency/error_prone_annotations-2.1.3.jar:/var/benchmarks/projects/guava/guava/target/dependency/j2objc-annotations-1.1.jar:/var/benchmarks/projects/guava/guava/target/dependency/jsr305-3.0.2.jar:/var/benchmarks/projects/guava/guava/target/dependency/animal-sniffer-annotations-1.14.jar, outputDir=/home/utbot_mocks/temp/testcases, mocks=Other classes: Mockito
00:56:53.143 | INFO  | Started: warmup: kotlin reflection :: init
00:56:53.214 | INFO  | Finished (in 0.070 sec): warmup: kotlin reflection :: init 
[INIT]
>> [RUN] com.google.common.collect.TopKSelector 120
00:56:53.222 | DEBUG | -----------------------------------------------------------------------------
00:56:53.223 | INFO  | Contest.runGeneration: Time budget: 120000 ms, Generation timeout=102000 ms, classpath=/var/benchmarks/projects/guava/guava/target/classes:/var/benchmarks/projects/guava/guava/target/guava-26.0-jre.jar:/var/benchmarks/projects/./guava/guava/target/dependency/checker-qual-2.5.2.jar:/var/benchmarks/projects/guava/guava/target/dependency/error_prone_annotations-2.1.3.jar:/var/benchmarks/projects/guava/guava/target/dependency/j2objc-annotations-1.1.jar:/var/benchmarks/projects/guava/guava/target/dependency/jsr305-3.0.2.jar:/var/benchmarks/projects/guava/guava/target/dependency/animal-sniffer-annotations-1.14.jar, methodNameFilter=null
00:56:53.224 | INFO  | ClassUnderTest[ FQN: com.google.common.collect.TopKSelector
    classfileDir: /var/benchmarks/projects/guava/guava/target/classes
    testClassSimpleName: TopKSelectorTest
    generatedTestFile: /home/utbot_mocks/temp/testcases/com/google/common/collect/TopKSelectorTest.java
    generatedTestsSourcesDir: /home/utbot_mocks/temp/testcases
]
00:56:53.245 | INFO  | Started: class com.google.common.collect.TopKSelector
00:56:53.246 | INFO  | Started: preparation class class com.google.common.collect.TopKSelector: kotlin reflection :: run
00:56:53.274 | INFO  | Finished (in 0.028 sec): preparation class class com.google.common.collect.TopKSelector: kotlin reflection :: run 
00:56:53.275 | INFO  | Started: 2nd optional soot initialization
00:56:53.276 | INFO  | Finished (in 0.001 sec): 2nd optional soot initialization 
00:56:53.283 | DEBUG |  ... 
00:56:53.295 | INFO  | Started: method com.google.common.collect.TopKSelector.offer(T)
00:56:53.296 | INFO  |  -- Remaining time budget: 101938 ms, #remaining_methods: 13, budget for method: 7841 ms, solver timeout: 1000 ms, budget for symbolic execution: 6641 ms, budget for concrete execution: 1200 ms,  -- 
00:56:53.592 | DEBUG | --new testCase collected, to generate: testCom.google.common.collect.TopKSelector.offer(T)1
00:56:53.985 | DEBUG | --new testCase collected, to generate: testCom.google.common.collect.TopKSelector.offer(T)2
00:56:54.485 | DEBUG | --new testCase collected, to generate: testCom.google.common.collect.TopKSelector.offer(T)3
00:56:55.020 | DEBUG | --new testCase collected, to generate: testCom.google.common.collect.TopKSelector.offer(T)4
00:56:55.219 | DEBUG | --new testCase collected, to generate: testCom.google.common.collect.TopKSelector.offer(T)5
00:56:55.528 | DEBUG | --new testCase collected, to generate: testCom.google.common.collect.TopKSelector.offer(T)6
00:56:57.338 | DEBUG | --new testCase collected, to generate: testCom.google.common.collect.TopKSelector.offer(T)7
00:56:57.688 | DEBUG | --new testCase collected, to generate: testCom.google.common.collect.TopKSelector.offer(T)8
00:56:58.423 | DEBUG | --new testCase collected, to generate: testCom.google.common.collect.TopKSelector.offer(T)9
00:57:00.115 | INFO  | |> Starting concrete execution for remaining state: com.google.common.collect.TopKSelector.offer(T)
00:57:01.316 | INFO  | (X) Cancelling concrete execution: com.google.common.collect.TopKSelector.offer(T)
00:57:01.485 | INFO  | Finished (in 8.189 sec): method com.google.common.collect.TopKSelector.offer(T) 
<StatsForMethod> :
	#generatedTC=9
	WITH NO EXCEPTIONS
00:57:01.491 | DEBUG |  ... 
00:57:01.492 | INFO  | Started: method com.google.common.collect.TopKSelector.partition(int, int, int)
00:57:01.492 | INFO  |  -- Remaining time budget: 93732 ms, #remaining_methods: 12, budget for method: 7811 ms, solver timeout: 1000 ms, budget for symbolic execution: 6611 ms, budget for concrete execution: 1200 ms,  -- 
00:57:01.503 | DEBUG | --new testCase collected, to generate: testCom.google.common.collect.TopKSelector.partition(int, int, int)1
00:57:01.727 | DEBUG | --new testCase collected, to generate: testCom.google.common.collect.TopKSelector.partition(int, int, int)2
00:57:01.893 | DEBUG | --new testCase collected, to generate: testCom.google.common.collect.TopKSelector.partition(int, int, int)3
00:57:02.153 | DEBUG | --new testCase collected, to generate: testCom.google.common.collect.TopKSelector.partition(int, int, int)4
00:57:02.414 | DEBUG | --new testCase collected, to generate: testCom.google.common.collect.TopKSelector.partition(int, int, int)5
00:57:03.639 | DEBUG | --new testCase collected, to generate: testCom.google.common.collect.TopKSelector.partition(int, int, int)6
00:57:06.065 | DEBUG | --new testCase collected, to generate: testCom.google.common.collect.TopKSelector.partition(int, int, int)7
00:57:06.460 | DEBUG | --new testCase collected, to generate: testCom.google.common.collect.TopKSelector.partition(int, int, int)8
00:57:07.446 | DEBUG | --new testCase collected, to generate: testCom.google.common.collect.TopKSelector.partition(int, int, int)9
00:57:08.103 | INFO  | |> Starting concrete execution for remaining state: com.google.common.collect.TopKSelector.partition(int, int, int)
00:57:08.418 | DEBUG | --new testCase collected, to generate: testCom.google.common.collect.TopKSelector.partition(int, int, int)10
00:57:09.304 | INFO  | (X) Cancelling concrete execution: com.google.common.collect.TopKSelector.partition(int, int, int)
00:57:09.448 | INFO  | Finished (in 7.956 sec): method com.google.common.collect.TopKSelector.partition(int, int, int) 
<StatsForMethod> :
	#generatedTC=10
	WITH NO EXCEPTIONS
00:57:09.584 | DEBUG |  ... 
00:57:09.585 | INFO  | Started: method com.google.common.collect.TopKSelector.offerAll(Iterable)
00:57:09.586 | INFO  |  -- Remaining time budget: 85638 ms, #remaining_methods: 11, budget for method: 7785 ms, solver timeout: 1000 ms, budget for symbolic execution: 6585 ms, budget for concrete execution: 1200 ms,  -- 
00:57:09.592 | DEBUG | --new testCase collected, to generate: testCom.google.common.collect.TopKSelector.offerAll(Iterable)1
00:57:09.691 | DEBUG | --new testCase collected, to generate: testCom.google.common.collect.TopKSelector.offerAll(Iterable)2
00:57:09.801 | ERROR | Symbolic execution FAILED
java.util.NoSuchElementException: List contains no element matching the predicate.
	at com.huawei.utbot.engine.Hierarchy.chunkIdForField(Hierarchy.kt:76) ~[utbot-junit-contest-1.0.jar:?]
	at com.huawei.utbot.engine.UtBotSymbolicEngine.createFieldOrMock(UtBotSymbolicEngine.kt:1934) ~[utbot-junit-contest-1.0.jar:?]
	at com.huawei.utbot.engine.UtBotSymbolicEngine.resolve(UtBotSymbolicEngine.kt:1745) ~[utbot-junit-contest-1.0.jar:?]
	at com.huawei.utbot.engine.UtBotSymbolicEngine.traverseAssignStmt(UtBotSymbolicEngine.kt:886) ~[utbot-junit-contest-1.0.jar:?]
	at com.huawei.utbot.engine.UtBotSymbolicEngine.traverseStmt(UtBotSymbolicEngine.kt:604) ~[utbot-junit-contest-1.0.jar:?]
	at com.huawei.utbot.engine.UtBotSymbolicEngine$traverse$1.invokeSuspend(UtBotSymbolicEngine.kt:464) [utbot-junit-contest-1.0.jar:?]
	at com.huawei.utbot.engine.UtBotSymbolicEngine$traverse$1.invoke(UtBotSymbolicEngine.kt) [utbot-junit-contest-1.0.jar:?]
	at kotlinx.coroutines.flow.SafeFlow.collectSafely(Builders.kt:61) [utbot-junit-contest-1.0.jar:?]
	at kotlinx.coroutines.flow.AbstractFlow.collect(Flow.kt:212) [utbot-junit-contest-1.0.jar:?]
	at kotlinx.coroutines.flow.FlowKt__MergeKt$flattenConcat$$inlined$unsafeFlow$1$lambda$1.emit(Collect.kt:134) [utbot-junit-contest-1.0.jar:?]
	at kotlinx.coroutines.flow.FlowKt__BuildersKt$flowOf$$inlined$unsafeFlow$1.collect(SafeCollector.common.kt:114) [utbot-junit-contest-1.0.jar:?]
	at kotlinx.coroutines.flow.FlowKt__BuildersKt$flowOf$$inlined$unsafeFlow$1$1.invokeSuspend(Unknown Source) [utbot-junit-contest-1.0.jar:?]
	at kotlin.coroutines.jvm.internal.BaseContinuationImpl.resumeWith(ContinuationImpl.kt:33) [utbot-junit-contest-1.0.jar:?]
	at kotlinx.coroutines.DispatchedTask.run(DispatchedTask.kt:106) [utbot-junit-contest-1.0.jar:?]
	at java.util.concurrent.Executors$RunnableAdapter.call(Executors.java:511) [?:1.8.0_312]
	at java.util.concurrent.FutureTask.run(FutureTask.java:266) [?:1.8.0_312]
	at java.util.concurrent.ScheduledThreadPoolExecutor$ScheduledFutureTask.access$201(ScheduledThreadPoolExecutor.java:180) [?:1.8.0_312]
	at java.util.concurrent.ScheduledThreadPoolExecutor$ScheduledFutureTask.run(ScheduledThreadPoolExecutor.java:293) [?:1.8.0_312]
	at java.util.concurrent.ThreadPoolExecutor.runWorker(ThreadPoolExecutor.java:1149) [?:1.8.0_312]
	at java.util.concurrent.ThreadPoolExecutor$Worker.run(ThreadPoolExecutor.java:624) [?:1.8.0_312]
	at java.lang.Thread.run(Thread.java:748) [?:1.8.0_312]
00:57:16.171 | INFO  | |> Starting concrete execution for remaining state: com.google.common.collect.TopKSelector.offerAll(Iterable)
00:57:17.372 | INFO  | (X) Cancelling concrete execution: com.google.common.collect.TopKSelector.offerAll(Iterable)
00:57:17.978 | INFO  | Finished (in 8.392 sec): method com.google.common.collect.TopKSelector.offerAll(Iterable) 
<StatsForMethod> :
	#generatedTC=2
	FAILED 1 time(s) with 1 different exception(s)"
00:57:18.167 | DEBUG |  ... 
00:57:18.167 | INFO  | Started: method com.google.common.collect.TopKSelector.offerAll(Iterator)
00:57:18.168 | INFO  |  -- Remaining time budget: 77056 ms, #remaining_methods: 10, budget for method: 7705 ms, solver timeout: 1000 ms, budget for symbolic execution: 6505 ms, budget for concrete execution: 1200 ms,  -- 
00:57:18.176 | DEBUG | --new testCase collected, to generate: testCom.google.common.collect.TopKSelector.offerAll(Iterator)1
00:57:18.282 | DEBUG | --new testCase collected, to generate: testCom.google.common.collect.TopKSelector.offerAll(Iterator)2
00:57:18.569 | DEBUG | --new testCase collected, to generate: testCom.google.common.collect.TopKSelector.offerAll(Iterator)3
00:57:18.704 | ERROR | Symbolic execution FAILED
java.util.NoSuchElementException: List contains no element matching the predicate.
	at com.huawei.utbot.engine.Hierarchy.chunkIdForField(Hierarchy.kt:76) ~[utbot-junit-contest-1.0.jar:?]
	at com.huawei.utbot.engine.UtBotSymbolicEngine.createFieldOrMock(UtBotSymbolicEngine.kt:1934) ~[utbot-junit-contest-1.0.jar:?]
	at com.huawei.utbot.engine.UtBotSymbolicEngine.resolve(UtBotSymbolicEngine.kt:1745) ~[utbot-junit-contest-1.0.jar:?]
	at com.huawei.utbot.engine.UtBotSymbolicEngine.traverseAssignStmt(UtBotSymbolicEngine.kt:886) ~[utbot-junit-contest-1.0.jar:?]
	at com.huawei.utbot.engine.UtBotSymbolicEngine.traverseStmt(UtBotSymbolicEngine.kt:604) ~[utbot-junit-contest-1.0.jar:?]
	at com.huawei.utbot.engine.UtBotSymbolicEngine$traverse$1.invokeSuspend(UtBotSymbolicEngine.kt:464) [utbot-junit-contest-1.0.jar:?]
	at com.huawei.utbot.engine.UtBotSymbolicEngine$traverse$1.invoke(UtBotSymbolicEngine.kt) [utbot-junit-contest-1.0.jar:?]
	at kotlinx.coroutines.flow.SafeFlow.collectSafely(Builders.kt:61) [utbot-junit-contest-1.0.jar:?]
	at kotlinx.coroutines.flow.AbstractFlow.collect(Flow.kt:212) [utbot-junit-contest-1.0.jar:?]
	at kotlinx.coroutines.flow.FlowKt__MergeKt$flattenConcat$$inlined$unsafeFlow$1$lambda$1.emit(Collect.kt:134) [utbot-junit-contest-1.0.jar:?]
	at kotlinx.coroutines.flow.FlowKt__BuildersKt$flowOf$$inlined$unsafeFlow$1.collect(SafeCollector.common.kt:114) [utbot-junit-contest-1.0.jar:?]
	at kotlinx.coroutines.flow.FlowKt__BuildersKt$flowOf$$inlined$unsafeFlow$1$1.invokeSuspend(Unknown Source) [utbot-junit-contest-1.0.jar:?]
	at kotlin.coroutines.jvm.internal.BaseContinuationImpl.resumeWith(ContinuationImpl.kt:33) [utbot-junit-contest-1.0.jar:?]
	at kotlinx.coroutines.DispatchedTask.run(DispatchedTask.kt:106) [utbot-junit-contest-1.0.jar:?]
	at java.util.concurrent.Executors$RunnableAdapter.call(Executors.java:511) [?:1.8.0_312]
	at java.util.concurrent.FutureTask.run(FutureTask.java:266) [?:1.8.0_312]
	at java.util.concurrent.ScheduledThreadPoolExecutor$ScheduledFutureTask.access$201(ScheduledThreadPoolExecutor.java:180) [?:1.8.0_312]
	at java.util.concurrent.ScheduledThreadPoolExecutor$ScheduledFutureTask.run(ScheduledThreadPoolExecutor.java:293) [?:1.8.0_312]
	at java.util.concurrent.ThreadPoolExecutor.runWorker(ThreadPoolExecutor.java:1149) [?:1.8.0_312]
	at java.util.concurrent.ThreadPoolExecutor$Worker.run(ThreadPoolExecutor.java:624) [?:1.8.0_312]
	at java.lang.Thread.run(Thread.java:748) [?:1.8.0_312]
00:57:18.896 | DEBUG | --new testCase collected, to generate: testCom.google.common.collect.TopKSelector.offerAll(Iterator)4
00:57:20.194 | DEBUG | --new testCase collected, to generate: testCom.google.common.collect.TopKSelector.offerAll(Iterator)5
00:57:21.314 | DEBUG | --new testCase collected, to generate: testCom.google.common.collect.TopKSelector.offerAll(Iterator)6
00:57:24.673 | INFO  | |> Starting concrete execution for remaining state: com.google.common.collect.TopKSelector.offerAll(Iterator)
00:57:25.874 | INFO  | (X) Cancelling concrete execution: com.google.common.collect.TopKSelector.offerAll(Iterator)
00:57:26.608 | INFO  | Finished (in 8.440 sec): method com.google.common.collect.TopKSelector.offerAll(Iterator) 
<StatsForMethod> :
	#generatedTC=6
	FAILED 1 time(s) with 1 different exception(s)"
00:57:26.781 | DEBUG |  ... 
00:57:26.781 | INFO  | Started: method com.google.common.collect.TopKSelector.topK()
00:57:26.782 | INFO  |  -- Remaining time budget: 68442 ms, #remaining_methods: 9, budget for method: 7604 ms, solver timeout: 1000 ms, budget for symbolic execution: 6404 ms, budget for concrete execution: 1200 ms,  -- 
00:57:26.788 | DEBUG | --new testCase collected, to generate: testCom.google.common.collect.TopKSelector.topK()1
00:57:27.881 | DEBUG | --new testCase collected, to generate: testCom.google.common.collect.TopKSelector.topK()2
00:57:28.010 | DEBUG | --new testCase collected, to generate: testCom.google.common.collect.TopKSelector.topK()3
00:57:33.186 | INFO  | |> Starting concrete execution for remaining state: com.google.common.collect.TopKSelector.topK()
00:57:34.386 | INFO  | (X) Cancelling concrete execution: com.google.common.collect.TopKSelector.topK()
00:57:34.502 | INFO  | Finished (in 7.721 sec): method com.google.common.collect.TopKSelector.topK() 
<StatsForMethod> :
	#generatedTC=3
	WITH NO EXCEPTIONS
00:57:34.673 | DEBUG |  ... 
00:57:34.673 | INFO  | Started: method com.google.common.collect.TopKSelector.trim()
00:57:34.674 | INFO  |  -- Remaining time budget: 60550 ms, #remaining_methods: 8, budget for method: 7568 ms, solver timeout: 1000 ms, budget for symbolic execution: 6368 ms, budget for concrete execution: 1200 ms,  -- 
00:57:34.686 | DEBUG | --new testCase collected, to generate: testCom.google.common.collect.TopKSelector.trim()1
00:57:35.639 | DEBUG | --new testCase collected, to generate: testCom.google.common.collect.TopKSelector.trim()2
00:57:36.598 | DEBUG | --new testCase collected, to generate: testCom.google.common.collect.TopKSelector.trim()3
00:57:37.600 | DEBUG | --new testCase collected, to generate: testCom.google.common.collect.TopKSelector.trim()4
00:57:41.042 | INFO  | |> Starting concrete execution for remaining state: com.google.common.collect.TopKSelector.trim()
00:57:42.242 | INFO  | (X) Cancelling concrete execution: com.google.common.collect.TopKSelector.trim()
00:57:42.354 | INFO  | Finished (in 7.680 sec): method com.google.common.collect.TopKSelector.trim() 
<StatsForMethod> :
	#generatedTC=4
	WITH NO EXCEPTIONS
00:57:42.454 | DEBUG |  ... 
00:57:42.455 | INFO  | Started: method com.google.common.collect.TopKSelector.combine(TopKSelector)
00:57:42.455 | INFO  |  -- Remaining time budget: 52768 ms, #remaining_methods: 7, budget for method: 7538 ms, solver timeout: 1000 ms, budget for symbolic execution: 6338 ms, budget for concrete execution: 1200 ms,  -- 
00:57:42.461 | DEBUG | --new testCase collected, to generate: testCom.google.common.collect.TopKSelector.combine(TopKSelector)1
00:57:42.559 | DEBUG | --new testCase collected, to generate: testCom.google.common.collect.TopKSelector.combine(TopKSelector)2
00:57:42.579 | DEBUG | --new testCase collected, to generate: testCom.google.common.collect.TopKSelector.combine(TopKSelector)3
00:57:42.918 | DEBUG | --new testCase collected, to generate: testCom.google.common.collect.TopKSelector.combine(TopKSelector)4
00:57:46.879 | DEBUG | --new testCase collected, to generate: testCom.google.common.collect.TopKSelector.combine(TopKSelector)5
00:57:48.558 | DEBUG | --new testCase collected, to generate: testCom.google.common.collect.TopKSelector.combine(TopKSelector)6
00:57:48.793 | INFO  | |> Starting concrete execution for remaining state: com.google.common.collect.TopKSelector.combine(TopKSelector)
00:57:49.380 | DEBUG | --new testCase collected, to generate: testCom.google.common.collect.TopKSelector.combine(TopKSelector)7
00:57:49.994 | INFO  | (X) Cancelling concrete execution: com.google.common.collect.TopKSelector.combine(TopKSelector)
00:57:50.106 | INFO  | Finished (in 7.651 sec): method com.google.common.collect.TopKSelector.combine(TopKSelector) 
<StatsForMethod> :
	#generatedTC=7
	WITH NO EXCEPTIONS
00:57:50.269 | DEBUG |  ... 
00:57:50.270 | INFO  | Started: method com.google.common.collect.TopKSelector.swap(int, int)
00:57:50.270 | INFO  |  -- Remaining time budget: 44953 ms, #remaining_methods: 6, budget for method: 7492 ms, solver timeout: 1000 ms, budget for symbolic execution: 6292 ms, budget for concrete execution: 1200 ms,  -- 
00:57:50.277 | DEBUG | --new testCase collected, to generate: testCom.google.common.collect.TopKSelector.swap(int, int)1
00:57:50.459 | DEBUG | --new testCase collected, to generate: testCom.google.common.collect.TopKSelector.swap(int, int)2
00:57:50.617 | DEBUG | --new testCase collected, to generate: testCom.google.common.collect.TopKSelector.swap(int, int)3
00:57:50.897 | DEBUG | --new testCase collected, to generate: testCom.google.common.collect.TopKSelector.swap(int, int)4
00:57:51.133 | DEBUG | --new testCase collected, to generate: testCom.google.common.collect.TopKSelector.swap(int, int)5
00:57:51.804 | DEBUG | --new testCase collected, to generate: testCom.google.common.collect.TopKSelector.swap(int, int)6
00:57:51.805 | INFO  | Finished (in 1.534 sec): method com.google.common.collect.TopKSelector.swap(int, int) 
<StatsForMethod> :
	#generatedTC=6
	WITH NO EXCEPTIONS
00:57:51.813 | DEBUG |  ... 
00:57:51.814 | INFO  | Started: method com.google.common.collect.TopKSelector.least(int)
00:57:51.814 | INFO  |  -- Remaining time budget: 43409 ms, #remaining_methods: 5, budget for method: 8681 ms, solver timeout: 1000 ms, budget for symbolic execution: 7481 ms, budget for concrete execution: 1200 ms,  -- 
00:57:51.824 | DEBUG | --new testCase collected, to generate: testCom.google.common.collect.TopKSelector.least(int)1
00:57:53.066 | DEBUG | --new testCase collected, to generate: testCom.google.common.collect.TopKSelector.least(int)2
00:57:53.279 | DEBUG | --new testCase collected, to generate: testCom.google.common.collect.TopKSelector.least(int)3
00:57:53.488 | DEBUG | --new testCase collected, to generate: testCom.google.common.collect.TopKSelector.least(int)4
00:57:53.498 | INFO  | Finished (in 1.684 sec): method com.google.common.collect.TopKSelector.least(int) 
<StatsForMethod> :
	#generatedTC=4
	WITH NO EXCEPTIONS
00:57:53.549 | DEBUG |  ... 
00:57:53.549 | INFO  | Started: method com.google.common.collect.TopKSelector.least(int, Comparator)
00:57:53.550 | INFO  |  -- Remaining time budget: 41674 ms, #remaining_methods: 4, budget for method: 10418 ms, solver timeout: 1000 ms, budget for symbolic execution: 9218 ms, budget for concrete execution: 1200 ms,  -- 
00:57:53.555 | DEBUG | --new testCase collected, to generate: testCom.google.common.collect.TopKSelector.least(int, Comparator)1
00:57:54.506 | DEBUG | --new testCase collected, to generate: testCom.google.common.collect.TopKSelector.least(int, Comparator)2
00:57:54.668 | DEBUG | --new testCase collected, to generate: testCom.google.common.collect.TopKSelector.least(int, Comparator)3
00:57:54.749 | DEBUG | --new testCase collected, to generate: testCom.google.common.collect.TopKSelector.least(int, Comparator)4
00:57:54.829 | DEBUG | --new testCase collected, to generate: testCom.google.common.collect.TopKSelector.least(int, Comparator)5
00:57:54.835 | INFO  | Finished (in 1.285 sec): method com.google.common.collect.TopKSelector.least(int, Comparator) 
<StatsForMethod> :
	#generatedTC=5
	WITH NO EXCEPTIONS
00:57:54.867 | DEBUG |  ... 
00:57:54.867 | INFO  | Started: method com.google.common.collect.TopKSelector.greatest(int, Comparator)
00:57:54.868 | INFO  |  -- Remaining time budget: 40356 ms, #remaining_methods: 3, budget for method: 13452 ms, solver timeout: 1000 ms, budget for symbolic execution: 12252 ms, budget for concrete execution: 1200 ms,  -- 
00:57:54.874 | DEBUG | --new testCase collected, to generate: testCom.google.common.collect.TopKSelector.greatest(int, Comparator)1
00:57:54.928 | DEBUG | --new testCase collected, to generate: testCom.google.common.collect.TopKSelector.greatest(int, Comparator)2
00:57:55.913 | DEBUG | --new testCase collected, to generate: testCom.google.common.collect.TopKSelector.greatest(int, Comparator)3
00:57:55.998 | DEBUG | --new testCase collected, to generate: testCom.google.common.collect.TopKSelector.greatest(int, Comparator)4
00:57:56.107 | DEBUG | --new testCase collected, to generate: testCom.google.common.collect.TopKSelector.greatest(int, Comparator)5
00:57:56.113 | INFO  | Finished (in 1.246 sec): method com.google.common.collect.TopKSelector.greatest(int, Comparator) 
<StatsForMethod> :
	#generatedTC=5
	WITH NO EXCEPTIONS
00:57:56.145 | DEBUG |  ... 
00:57:56.146 | INFO  | Started: method com.google.common.collect.TopKSelector.greatest(int)
00:57:56.146 | INFO  |  -- Remaining time budget: 39078 ms, #remaining_methods: 2, budget for method: 19539 ms, solver timeout: 1000 ms, budget for symbolic execution: 18339 ms, budget for concrete execution: 1200 ms,  -- 
00:57:56.151 | DEBUG | --new testCase collected, to generate: testCom.google.common.collect.TopKSelector.greatest(int)1
00:57:57.457 | DEBUG | --new testCase collected, to generate: testCom.google.common.collect.TopKSelector.greatest(int)2
00:57:57.538 | DEBUG | --new testCase collected, to generate: testCom.google.common.collect.TopKSelector.greatest(int)3
00:57:57.752 | DEBUG | --new testCase collected, to generate: testCom.google.common.collect.TopKSelector.greatest(int)4
00:57:57.762 | INFO  | Finished (in 1.616 sec): method com.google.common.collect.TopKSelector.greatest(int) 
<StatsForMethod> :
	#generatedTC=4
	WITH NO EXCEPTIONS
00:57:57.808 | DEBUG |  ... 
00:57:57.809 | INFO  | Started: method com.google.common.collect.TopKSelector.<init>(Comparator, int)
00:57:57.809 | INFO  |  -- Remaining time budget: 37414 ms, #remaining_methods: 1, budget for method: 37414 ms, solver timeout: 1000 ms, budget for symbolic execution: 36214 ms, budget for concrete execution: 1200 ms,  -- 
00:57:57.815 | DEBUG | --new testCase collected, to generate: testCom.google.common.collect.TopKSelector.<init>(Comparator, int)1
00:57:58.074 | DEBUG | --new testCase collected, to generate: testCom.google.common.collect.TopKSelector.<init>(Comparator, int)2
00:57:58.537 | DEBUG | --new testCase collected, to generate: testCom.google.common.collect.TopKSelector.<init>(Comparator, int)3
00:57:58.553 | DEBUG | --new testCase collected, to generate: testCom.google.common.collect.TopKSelector.<init>(Comparator, int)4
00:57:58.560 | INFO  | Finished (in 0.751 sec): method com.google.common.collect.TopKSelector.<init>(Comparator, int) 
<StatsForMethod> :
	#generatedTC=4
	WITH NO EXCEPTIONS
00:57:58.570 | INFO  | Started: Flushing tests for [TopKSelector] on disk
00:57:59.684 | INFO  | File size for TopKSelectorTest: 83 KB
00:57:59.688 | INFO  | Finished (in 1.117 sec): Flushing tests for [TopKSelector] on disk 
00:57:59.688 | INFO  | Finished (in 66.443 sec): class com.google.common.collect.TopKSelector 
<StatsForClass> :
	canceled by timeout = false
	#methods = 13, 
	#methods started symbolic exploration = 13
	#methods with at least one TC = 13
	#methods with exceptions = 2
	#generated TC = 69
	#coverage = null
[READY]
