
>>> TOOL NAME:  utbot-mocks

>>> BENCHMARK:  GUAVA-275

>>> RUN NUMBER: 6

>>> MODE: --only-compute-metrics
Creating directory ./temp
Creating directory ./temp/data
Creating directory ./temp/testcases
Executing /home/utbot_mocks/./runtool
>> BENCHMARK
>> /var/benchmarks/projects/guava/guava/src
>> /var/benchmarks/projects/guava/guava/target/classes
>> 6
>> /var/benchmarks/projects/guava/guava/target/guava-26.0-jre.jar
>> /var/benchmarks/projects/./guava/guava/target/dependency/checker-qual-2.5.2.jar
>> /var/benchmarks/projects/guava/guava/target/dependency/error_prone_annotations-2.1.3.jar
>> /var/benchmarks/projects/guava/guava/target/dependency/j2objc-annotations-1.1.jar
>> /var/benchmarks/projects/guava/guava/target/dependency/jsr305-3.0.2.jar
>> /var/benchmarks/projects/guava/guava/target/dependency/animal-sniffer-annotations-1.14.jar
>> 0
expecting CLASSPATH or READY
<< CLASSPATH
expecting number
<< 0
<< READY
>> 30


### COMPUTING METRICS ###: com.google.common.math.PairedStatsAccumulator


Starting class com.google.common.math.PairedStatsAccumulator


Ending class com.google.common.math.PairedStatsAccumulator
Creating directory results_utbot-mocks_30/GUAVA-275_6/temp/testcases/bin
Creating dummy JUnit test file

---Compilation---

===
javac command line:
/usr/bin/javac -sourcepath /home/utbot_mocks/results_utbot-mocks_30/GUAVA-275_6/temp/testcases -cp /var/benchmarks/projects/guava/guava/target/guava-26.0-jre.jar:/var/benchmarks/projects/./guava/guava/target/dependency/checker-qual-2.5.2.jar:/var/benchmarks/projects/guava/guava/target/dependency/error_prone_annotations-2.1.3.jar:/var/benchmarks/projects/guava/guava/target/dependency/j2objc-annotations-1.1.jar:/var/benchmarks/projects/guava/guava/target/dependency/jsr305-3.0.2.jar:/var/benchmarks/projects/guava/guava/target/dependency/animal-sniffer-annotations-1.14.jar:/usr/local/bin/lib/junit.jar:/usr/local/bin/lib/hamcrest-core.jar -d results_utbot-mocks_30/GUAVA-275_6/temp/testcases/bin /home/utbot_mocks/results_utbot-mocks_30/GUAVA-275_6/temp/testcases/SBSTDummyForCoverageAndMutationCalculation.java


===
javac command line:
/usr/bin/javac -sourcepath /home/utbot_mocks/results_utbot-mocks_30/GUAVA-275_6/temp/testcases -cp /var/benchmarks/projects/guava/guava/target/guava-26.0-jre.jar:/var/benchmarks/projects/./guava/guava/target/dependency/checker-qual-2.5.2.jar:/var/benchmarks/projects/guava/guava/target/dependency/error_prone_annotations-2.1.3.jar:/var/benchmarks/projects/guava/guava/target/dependency/j2objc-annotations-1.1.jar:/var/benchmarks/projects/guava/guava/target/dependency/jsr305-3.0.2.jar:/var/benchmarks/projects/guava/guava/target/dependency/animal-sniffer-annotations-1.14.jar:/usr/local/bin/lib/junit.jar:/usr/local/bin/lib/hamcrest-core.jar -d results_utbot-mocks_30/GUAVA-275_6/temp/testcases/bin /home/utbot_mocks/results_utbot-mocks_30/GUAVA-275_6/temp/testcases/com/google/common/math/PairedStatsAccumulatorTest.java

/home/utbot_mocks/results_utbot-mocks_30/GUAVA-275_6/temp/testcases/com/google/common/math/PairedStatsAccumulatorTest.java:18: warning: Unsafe is internal proprietary API and may be removed in a future release
import sun.misc.Unsafe;
               ^
/home/utbot_mocks/results_utbot-mocks_30/GUAVA-275_6/temp/testcases/com/google/common/math/PairedStatsAccumulatorTest.java:21: error: package org.mockito does not exist
import static org.mockito.Mockito.mock;
                         ^
/home/utbot_mocks/results_utbot-mocks_30/GUAVA-275_6/temp/testcases/com/google/common/math/PairedStatsAccumulatorTest.java:21: error: static import only from classes and interfaces
import static org.mockito.Mockito.mock;
^
/home/utbot_mocks/results_utbot-mocks_30/GUAVA-275_6/temp/testcases/com/google/common/math/PairedStatsAccumulatorTest.java:22: error: package org.mockito does not exist
import static org.mockito.Mockito.when;
                         ^
/home/utbot_mocks/results_utbot-mocks_30/GUAVA-275_6/temp/testcases/com/google/common/math/PairedStatsAccumulatorTest.java:22: error: static import only from classes and interfaces
import static org.mockito.Mockito.when;
^
/home/utbot_mocks/results_utbot-mocks_30/GUAVA-275_6/temp/testcases/com/google/common/math/PairedStatsAccumulatorTest.java:25: error: package org.mockito does not exist
import static org.mockito.ArgumentMatchers.anyBoolean;
                         ^
/home/utbot_mocks/results_utbot-mocks_30/GUAVA-275_6/temp/testcases/com/google/common/math/PairedStatsAccumulatorTest.java:25: error: static import only from classes and interfaces
import static org.mockito.ArgumentMatchers.anyBoolean;
^
/home/utbot_mocks/results_utbot-mocks_30/GUAVA-275_6/temp/testcases/com/google/common/math/PairedStatsAccumulatorTest.java:26: error: package org.mockito does not exist
import static org.mockito.Mockito.mockStatic;
                         ^
/home/utbot_mocks/results_utbot-mocks_30/GUAVA-275_6/temp/testcases/com/google/common/math/PairedStatsAccumulatorTest.java:26: error: static import only from classes and interfaces
import static org.mockito.Mockito.mockStatic;
^
/home/utbot_mocks/results_utbot-mocks_30/GUAVA-275_6/temp/testcases/com/google/common/math/PairedStatsAccumulatorTest.java:27: error: package org.mockito does not exist
import static org.mockito.ArgumentMatchers.anyDouble;
                         ^
/home/utbot_mocks/results_utbot-mocks_30/GUAVA-275_6/temp/testcases/com/google/common/math/PairedStatsAccumulatorTest.java:27: error: static import only from classes and interfaces
import static org.mockito.ArgumentMatchers.anyDouble;
^
/home/utbot_mocks/results_utbot-mocks_30/GUAVA-275_6/temp/testcases/com/google/common/math/PairedStatsAccumulatorTest.java:66: error: cannot find symbol
        StatsAccumulator statsAccumulatorMock = mock(StatsAccumulator.class);
                                                ^
  symbol:   method mock(Class<StatsAccumulator>)
  location: class PairedStatsAccumulatorTest
/home/utbot_mocks/results_utbot-mocks_30/GUAVA-275_6/temp/testcases/com/google/common/math/PairedStatsAccumulatorTest.java:67: error: cannot find symbol
        Stats statsMock = mock(Stats.class);
                          ^
  symbol:   method mock(Class<Stats>)
  location: class PairedStatsAccumulatorTest
/home/utbot_mocks/results_utbot-mocks_30/GUAVA-275_6/temp/testcases/com/google/common/math/PairedStatsAccumulatorTest.java:68: error: cannot find symbol
        when(statsAccumulatorMock.snapshot()).thenReturn(statsMock);
        ^
  symbol:   method when(Stats)
  location: class PairedStatsAccumulatorTest
/home/utbot_mocks/results_utbot-mocks_30/GUAVA-275_6/temp/testcases/com/google/common/math/PairedStatsAccumulatorTest.java:70: error: cannot find symbol
        StatsAccumulator statsAccumulatorMock1 = mock(StatsAccumulator.class);
                                                 ^
  symbol:   method mock(Class<StatsAccumulator>)
  location: class PairedStatsAccumulatorTest
/home/utbot_mocks/results_utbot-mocks_30/GUAVA-275_6/temp/testcases/com/google/common/math/PairedStatsAccumulatorTest.java:71: error: cannot find symbol
        Stats statsMock1 = mock(Stats.class);
                           ^
  symbol:   method mock(Class<Stats>)
  location: class PairedStatsAccumulatorTest
/home/utbot_mocks/results_utbot-mocks_30/GUAVA-275_6/temp/testcases/com/google/common/math/PairedStatsAccumulatorTest.java:72: error: cannot find symbol
        when(statsAccumulatorMock1.snapshot()).thenReturn(statsMock1);
        ^
  symbol:   method when(Stats)
  location: class PairedStatsAccumulatorTest
/home/utbot_mocks/results_utbot-mocks_30/GUAVA-275_6/temp/testcases/com/google/common/math/PairedStatsAccumulatorTest.java:112: error: cannot find symbol
        StatsAccumulator statsAccumulatorMock = mock(StatsAccumulator.class);
                                                ^
  symbol:   method mock(Class<StatsAccumulator>)
  location: class PairedStatsAccumulatorTest
/home/utbot_mocks/results_utbot-mocks_30/GUAVA-275_6/temp/testcases/com/google/common/math/PairedStatsAccumulatorTest.java:113: error: cannot find symbol
        when(statsAccumulatorMock.snapshot()).thenReturn(((Stats) null));
        ^
  symbol:   method when(Stats)
  location: class PairedStatsAccumulatorTest
/home/utbot_mocks/results_utbot-mocks_30/GUAVA-275_6/temp/testcases/com/google/common/math/PairedStatsAccumulatorTest.java:190: error: package org.mockito does not exist
        org.mockito.MockedStatic mockedStatic = null;
                   ^
/home/utbot_mocks/results_utbot-mocks_30/GUAVA-275_6/temp/testcases/com/google/common/math/PairedStatsAccumulatorTest.java:192: error: cannot find symbol
            mockedStatic = mockStatic(com.google.common.base.Preconditions.class);
                           ^
  symbol:   method mockStatic(Class<Preconditions>)
  location: class PairedStatsAccumulatorTest
/home/utbot_mocks/results_utbot-mocks_30/GUAVA-275_6/temp/testcases/com/google/common/math/PairedStatsAccumulatorTest.java:195: error: cannot find symbol
            StatsAccumulator statsAccumulatorMock = mock(StatsAccumulator.class);
                                                    ^
  symbol:   method mock(Class<StatsAccumulator>)
  location: class PairedStatsAccumulatorTest
/home/utbot_mocks/results_utbot-mocks_30/GUAVA-275_6/temp/testcases/com/google/common/math/PairedStatsAccumulatorTest.java:196: error: cannot find symbol
            when(statsAccumulatorMock.count()).thenReturn(2L, 0L);
            ^
  symbol:   method when(long)
  location: class PairedStatsAccumulatorTest
/home/utbot_mocks/results_utbot-mocks_30/GUAVA-275_6/temp/testcases/com/google/common/math/PairedStatsAccumulatorTest.java:212: error: package org.mockito does not exist
        org.mockito.MockedStatic mockedStatic = null;
                   ^
/home/utbot_mocks/results_utbot-mocks_30/GUAVA-275_6/temp/testcases/com/google/common/math/PairedStatsAccumulatorTest.java:214: error: cannot find symbol
            mockedStatic = mockStatic(com.google.common.base.Preconditions.class);
                           ^
  symbol:   method mockStatic(Class<Preconditions>)
  location: class PairedStatsAccumulatorTest
/home/utbot_mocks/results_utbot-mocks_30/GUAVA-275_6/temp/testcases/com/google/common/math/PairedStatsAccumulatorTest.java:217: error: cannot find symbol
            StatsAccumulator statsAccumulatorMock = mock(StatsAccumulator.class);
                                                    ^
  symbol:   method mock(Class<StatsAccumulator>)
  location: class PairedStatsAccumulatorTest
/home/utbot_mocks/results_utbot-mocks_30/GUAVA-275_6/temp/testcases/com/google/common/math/PairedStatsAccumulatorTest.java:218: error: cannot find symbol
            when(statsAccumulatorMock.count()).thenReturn(-9223372036854775806L, 0L);
            ^
  symbol:   method when(long)
  location: class PairedStatsAccumulatorTest
/home/utbot_mocks/results_utbot-mocks_30/GUAVA-275_6/temp/testcases/com/google/common/math/PairedStatsAccumulatorTest.java:244: error: package org.mockito does not exist
        org.mockito.MockedStatic mockedStatic = null;
                   ^
/home/utbot_mocks/results_utbot-mocks_30/GUAVA-275_6/temp/testcases/com/google/common/math/PairedStatsAccumulatorTest.java:245: error: package org.mockito does not exist
        org.mockito.MockedStatic mockedStatic1 = null;
                   ^
/home/utbot_mocks/results_utbot-mocks_30/GUAVA-275_6/temp/testcases/com/google/common/math/PairedStatsAccumulatorTest.java:247: error: cannot find symbol
            mockedStatic = mockStatic(com.google.common.base.Preconditions.class);
                           ^
  symbol:   method mockStatic(Class<Preconditions>)
  location: class PairedStatsAccumulatorTest
/home/utbot_mocks/results_utbot-mocks_30/GUAVA-275_6/temp/testcases/com/google/common/math/PairedStatsAccumulatorTest.java:248: error: cannot find symbol
            mockedStatic1 = mockStatic(LinearTransformation.class);
                            ^
  symbol:   method mockStatic(Class<LinearTransformation>)
  location: class PairedStatsAccumulatorTest
/home/utbot_mocks/results_utbot-mocks_30/GUAVA-275_6/temp/testcases/com/google/common/math/PairedStatsAccumulatorTest.java:250: error: cannot find symbol
                LinearTransformation.vertical(anyDouble());
                                              ^
  symbol:   method anyDouble()
  location: class PairedStatsAccumulatorTest
/home/utbot_mocks/results_utbot-mocks_30/GUAVA-275_6/temp/testcases/com/google/common/math/PairedStatsAccumulatorTest.java:254: error: cannot find symbol
            StatsAccumulator statsAccumulatorMock = mock(StatsAccumulator.class);
                                                    ^
  symbol:   method mock(Class<StatsAccumulator>)
  location: class PairedStatsAccumulatorTest
/home/utbot_mocks/results_utbot-mocks_30/GUAVA-275_6/temp/testcases/com/google/common/math/PairedStatsAccumulatorTest.java:255: error: cannot find symbol
            when(statsAccumulatorMock.sumOfSquaresOfDeltas()).thenReturn(java.lang.Double.NaN);
            ^
  symbol:   method when(double)
  location: class PairedStatsAccumulatorTest
/home/utbot_mocks/results_utbot-mocks_30/GUAVA-275_6/temp/testcases/com/google/common/math/PairedStatsAccumulatorTest.java:257: error: cannot find symbol
            StatsAccumulator statsAccumulatorMock1 = mock(StatsAccumulator.class);
                                                     ^
  symbol:   method mock(Class<StatsAccumulator>)
  location: class PairedStatsAccumulatorTest
/home/utbot_mocks/results_utbot-mocks_30/GUAVA-275_6/temp/testcases/com/google/common/math/PairedStatsAccumulatorTest.java:258: error: cannot find symbol
            when(statsAccumulatorMock1.count()).thenReturn(1L);
            ^
  symbol:   method when(long)
  location: class PairedStatsAccumulatorTest
/home/utbot_mocks/results_utbot-mocks_30/GUAVA-275_6/temp/testcases/com/google/common/math/PairedStatsAccumulatorTest.java:259: error: cannot find symbol
            when(statsAccumulatorMock1.sumOfSquaresOfDeltas()).thenReturn(-0.0);
            ^
  symbol:   method when(double)
  location: class PairedStatsAccumulatorTest
/home/utbot_mocks/results_utbot-mocks_30/GUAVA-275_6/temp/testcases/com/google/common/math/PairedStatsAccumulatorTest.java:260: error: cannot find symbol
            when(statsAccumulatorMock1.mean()).thenReturn(java.lang.Double.NaN);
            ^
  symbol:   method when(double)
  location: class PairedStatsAccumulatorTest
/home/utbot_mocks/results_utbot-mocks_30/GUAVA-275_6/temp/testcases/com/google/common/math/PairedStatsAccumulatorTest.java:277: error: package org.mockito does not exist
        org.mockito.MockedStatic mockedStatic = null;
                   ^
/home/utbot_mocks/results_utbot-mocks_30/GUAVA-275_6/temp/testcases/com/google/common/math/PairedStatsAccumulatorTest.java:278: error: package org.mockito does not exist
        org.mockito.MockedStatic mockedStatic1 = null;
                   ^
/home/utbot_mocks/results_utbot-mocks_30/GUAVA-275_6/temp/testcases/com/google/common/math/PairedStatsAccumulatorTest.java:280: error: cannot find symbol
            mockedStatic = mockStatic(com.google.common.base.Preconditions.class);
                           ^
  symbol:   method mockStatic(Class<Preconditions>)
  location: class PairedStatsAccumulatorTest
/home/utbot_mocks/results_utbot-mocks_30/GUAVA-275_6/temp/testcases/com/google/common/math/PairedStatsAccumulatorTest.java:281: error: cannot find symbol
            mockedStatic1 = mockStatic(LinearTransformation.class);
                            ^
  symbol:   method mockStatic(Class<LinearTransformation>)
  location: class PairedStatsAccumulatorTest
/home/utbot_mocks/results_utbot-mocks_30/GUAVA-275_6/temp/testcases/com/google/common/math/PairedStatsAccumulatorTest.java:283: error: cannot find symbol
                LinearTransformation.horizontal(anyDouble());
                                                ^
  symbol:   method anyDouble()
  location: class PairedStatsAccumulatorTest
/home/utbot_mocks/results_utbot-mocks_30/GUAVA-275_6/temp/testcases/com/google/common/math/PairedStatsAccumulatorTest.java:287: error: cannot find symbol
            StatsAccumulator statsAccumulatorMock = mock(StatsAccumulator.class);
                                                    ^
  symbol:   method mock(Class<StatsAccumulator>)
  location: class PairedStatsAccumulatorTest
/home/utbot_mocks/results_utbot-mocks_30/GUAVA-275_6/temp/testcases/com/google/common/math/PairedStatsAccumulatorTest.java:288: error: cannot find symbol
            when(statsAccumulatorMock.sumOfSquaresOfDeltas()).thenReturn(java.lang.Double.NaN);
            ^
  symbol:   method when(double)
  location: class PairedStatsAccumulatorTest
/home/utbot_mocks/results_utbot-mocks_30/GUAVA-275_6/temp/testcases/com/google/common/math/PairedStatsAccumulatorTest.java:289: error: cannot find symbol
            when(statsAccumulatorMock.mean()).thenReturn(java.lang.Double.NaN);
            ^
  symbol:   method when(double)
  location: class PairedStatsAccumulatorTest
/home/utbot_mocks/results_utbot-mocks_30/GUAVA-275_6/temp/testcases/com/google/common/math/PairedStatsAccumulatorTest.java:291: error: cannot find symbol
            StatsAccumulator statsAccumulatorMock1 = mock(StatsAccumulator.class);
                                                     ^
  symbol:   method mock(Class<StatsAccumulator>)
  location: class PairedStatsAccumulatorTest
/home/utbot_mocks/results_utbot-mocks_30/GUAVA-275_6/temp/testcases/com/google/common/math/PairedStatsAccumulatorTest.java:292: error: cannot find symbol
            when(statsAccumulatorMock1.count()).thenReturn(1L);
            ^
  symbol:   method when(long)
  location: class PairedStatsAccumulatorTest
/home/utbot_mocks/results_utbot-mocks_30/GUAVA-275_6/temp/testcases/com/google/common/math/PairedStatsAccumulatorTest.java:293: error: cannot find symbol
            when(statsAccumulatorMock1.sumOfSquaresOfDeltas()).thenReturn(2.225073858507202E-308);
            ^
  symbol:   method when(double)
  location: class PairedStatsAccumulatorTest
/home/utbot_mocks/results_utbot-mocks_30/GUAVA-275_6/temp/testcases/com/google/common/math/PairedStatsAccumulatorTest.java:310: error: package org.mockito does not exist
        org.mockito.MockedStatic mockedStatic = null;
                   ^
/home/utbot_mocks/results_utbot-mocks_30/GUAVA-275_6/temp/testcases/com/google/common/math/PairedStatsAccumulatorTest.java:311: error: package org.mockito does not exist
        org.mockito.MockedStatic mockedStatic1 = null;
                   ^
/home/utbot_mocks/results_utbot-mocks_30/GUAVA-275_6/temp/testcases/com/google/common/math/PairedStatsAccumulatorTest.java:313: error: cannot find symbol
            mockedStatic = mockStatic(com.google.common.base.Preconditions.class);
                           ^
  symbol:   method mockStatic(Class<Preconditions>)
  location: class PairedStatsAccumulatorTest
/home/utbot_mocks/results_utbot-mocks_30/GUAVA-275_6/temp/testcases/com/google/common/math/PairedStatsAccumulatorTest.java:314: error: cannot find symbol
            mockedStatic1 = mockStatic(LinearTransformation.class);
                            ^
  symbol:   method mockStatic(Class<LinearTransformation>)
  location: class PairedStatsAccumulatorTest
/home/utbot_mocks/results_utbot-mocks_30/GUAVA-275_6/temp/testcases/com/google/common/math/PairedStatsAccumulatorTest.java:318: error: cannot find symbol
            StatsAccumulator statsAccumulatorMock = mock(StatsAccumulator.class);
                                                    ^
  symbol:   method mock(Class<StatsAccumulator>)
  location: class PairedStatsAccumulatorTest
/home/utbot_mocks/results_utbot-mocks_30/GUAVA-275_6/temp/testcases/com/google/common/math/PairedStatsAccumulatorTest.java:319: error: cannot find symbol
            when(statsAccumulatorMock.count()).thenReturn(-9223372036854775806L);
            ^
  symbol:   method when(long)
  location: class PairedStatsAccumulatorTest
/home/utbot_mocks/results_utbot-mocks_30/GUAVA-275_6/temp/testcases/com/google/common/math/PairedStatsAccumulatorTest.java:336: error: package org.mockito does not exist
        org.mockito.MockedStatic mockedStatic = null;
                   ^
/home/utbot_mocks/results_utbot-mocks_30/GUAVA-275_6/temp/testcases/com/google/common/math/PairedStatsAccumulatorTest.java:337: error: package org.mockito does not exist
        org.mockito.MockedStatic mockedStatic1 = null;
                   ^
/home/utbot_mocks/results_utbot-mocks_30/GUAVA-275_6/temp/testcases/com/google/common/math/PairedStatsAccumulatorTest.java:339: error: cannot find symbol
            mockedStatic = mockStatic(com.google.common.base.Preconditions.class);
                           ^
  symbol:   method mockStatic(Class<Preconditions>)
  location: class PairedStatsAccumulatorTest
/home/utbot_mocks/results_utbot-mocks_30/GUAVA-275_6/temp/testcases/com/google/common/math/PairedStatsAccumulatorTest.java:340: error: cannot find symbol
            mockedStatic1 = mockStatic(LinearTransformation.class);
                            ^
  symbol:   method mockStatic(Class<LinearTransformation>)
  location: class PairedStatsAccumulatorTest
/home/utbot_mocks/results_utbot-mocks_30/GUAVA-275_6/temp/testcases/com/google/common/math/PairedStatsAccumulatorTest.java:342: error: cannot find symbol
                LinearTransformation.mapping(anyDouble(), anyDouble());
                                             ^
  symbol:   method anyDouble()
  location: class PairedStatsAccumulatorTest
/home/utbot_mocks/results_utbot-mocks_30/GUAVA-275_6/temp/testcases/com/google/common/math/PairedStatsAccumulatorTest.java:342: error: cannot find symbol
                LinearTransformation.mapping(anyDouble(), anyDouble());
                                                          ^
  symbol:   method anyDouble()
  location: class PairedStatsAccumulatorTest
/home/utbot_mocks/results_utbot-mocks_30/GUAVA-275_6/temp/testcases/com/google/common/math/PairedStatsAccumulatorTest.java:346: error: cannot find symbol
            StatsAccumulator statsAccumulatorMock = mock(StatsAccumulator.class);
                                                    ^
  symbol:   method mock(Class<StatsAccumulator>)
  location: class PairedStatsAccumulatorTest
/home/utbot_mocks/results_utbot-mocks_30/GUAVA-275_6/temp/testcases/com/google/common/math/PairedStatsAccumulatorTest.java:347: error: cannot find symbol
            when(statsAccumulatorMock.sumOfSquaresOfDeltas()).thenReturn(2.225073858507202E-308);
            ^
  symbol:   method when(double)
  location: class PairedStatsAccumulatorTest
/home/utbot_mocks/results_utbot-mocks_30/GUAVA-275_6/temp/testcases/com/google/common/math/PairedStatsAccumulatorTest.java:348: error: cannot find symbol
            when(statsAccumulatorMock.mean()).thenReturn(java.lang.Double.NaN);
            ^
  symbol:   method when(double)
  location: class PairedStatsAccumulatorTest
/home/utbot_mocks/results_utbot-mocks_30/GUAVA-275_6/temp/testcases/com/google/common/math/PairedStatsAccumulatorTest.java:350: error: cannot find symbol
            StatsAccumulator statsAccumulatorMock1 = mock(StatsAccumulator.class);
                                                     ^
  symbol:   method mock(Class<StatsAccumulator>)
  location: class PairedStatsAccumulatorTest
/home/utbot_mocks/results_utbot-mocks_30/GUAVA-275_6/temp/testcases/com/google/common/math/PairedStatsAccumulatorTest.java:351: error: cannot find symbol
            when(statsAccumulatorMock1.count()).thenReturn(1L);
            ^
  symbol:   method when(long)
  location: class PairedStatsAccumulatorTest
/home/utbot_mocks/results_utbot-mocks_30/GUAVA-275_6/temp/testcases/com/google/common/math/PairedStatsAccumulatorTest.java:352: error: cannot find symbol
            when(statsAccumulatorMock1.sumOfSquaresOfDeltas()).thenReturn(2.225073858507202E-308);
            ^
  symbol:   method when(double)
  location: class PairedStatsAccumulatorTest
/home/utbot_mocks/results_utbot-mocks_30/GUAVA-275_6/temp/testcases/com/google/common/math/PairedStatsAccumulatorTest.java:353: error: cannot find symbol
            when(statsAccumulatorMock1.mean()).thenReturn(java.lang.Double.NaN);
            ^
  symbol:   method when(double)
  location: class PairedStatsAccumulatorTest
/home/utbot_mocks/results_utbot-mocks_30/GUAVA-275_6/temp/testcases/com/google/common/math/PairedStatsAccumulatorTest.java:368: error: package org.mockito does not exist
        org.mockito.MockedStatic mockedStatic = null;
                   ^
/home/utbot_mocks/results_utbot-mocks_30/GUAVA-275_6/temp/testcases/com/google/common/math/PairedStatsAccumulatorTest.java:369: error: package org.mockito does not exist
        org.mockito.MockedStatic mockedStatic1 = null;
                   ^
/home/utbot_mocks/results_utbot-mocks_30/GUAVA-275_6/temp/testcases/com/google/common/math/PairedStatsAccumulatorTest.java:371: error: cannot find symbol
            mockedStatic = mockStatic(com.google.common.base.Preconditions.class);
                           ^
  symbol:   method mockStatic(Class<Preconditions>)
  location: class PairedStatsAccumulatorTest
/home/utbot_mocks/results_utbot-mocks_30/GUAVA-275_6/temp/testcases/com/google/common/math/PairedStatsAccumulatorTest.java:372: error: cannot find symbol
            mockedStatic1 = mockStatic(LinearTransformation.class);
                            ^
  symbol:   method mockStatic(Class<LinearTransformation>)
  location: class PairedStatsAccumulatorTest
/home/utbot_mocks/results_utbot-mocks_30/GUAVA-275_6/temp/testcases/com/google/common/math/PairedStatsAccumulatorTest.java:373: error: cannot find symbol
            LinearTransformation linearTransformationMock = mock(LinearTransformation.class);
                                                            ^
  symbol:   method mock(Class<LinearTransformation>)
  location: class PairedStatsAccumulatorTest
/home/utbot_mocks/results_utbot-mocks_30/GUAVA-275_6/temp/testcases/com/google/common/math/PairedStatsAccumulatorTest.java:375: error: cannot find symbol
                LinearTransformation.vertical(anyDouble());
                                              ^
  symbol:   method anyDouble()
  location: class PairedStatsAccumulatorTest
/home/utbot_mocks/results_utbot-mocks_30/GUAVA-275_6/temp/testcases/com/google/common/math/PairedStatsAccumulatorTest.java:379: error: cannot find symbol
            StatsAccumulator statsAccumulatorMock = mock(StatsAccumulator.class);
                                                    ^
  symbol:   method mock(Class<StatsAccumulator>)
  location: class PairedStatsAccumulatorTest
/home/utbot_mocks/results_utbot-mocks_30/GUAVA-275_6/temp/testcases/com/google/common/math/PairedStatsAccumulatorTest.java:380: error: cannot find symbol
            when(statsAccumulatorMock.sumOfSquaresOfDeltas()).thenReturn(2.225073858507202E-308);
            ^
  symbol:   method when(double)
  location: class PairedStatsAccumulatorTest
/home/utbot_mocks/results_utbot-mocks_30/GUAVA-275_6/temp/testcases/com/google/common/math/PairedStatsAccumulatorTest.java:382: error: cannot find symbol
            StatsAccumulator statsAccumulatorMock1 = mock(StatsAccumulator.class);
                                                     ^
  symbol:   method mock(Class<StatsAccumulator>)
  location: class PairedStatsAccumulatorTest
/home/utbot_mocks/results_utbot-mocks_30/GUAVA-275_6/temp/testcases/com/google/common/math/PairedStatsAccumulatorTest.java:383: error: cannot find symbol
            when(statsAccumulatorMock1.count()).thenReturn(1L);
            ^
  symbol:   method when(long)
  location: class PairedStatsAccumulatorTest
/home/utbot_mocks/results_utbot-mocks_30/GUAVA-275_6/temp/testcases/com/google/common/math/PairedStatsAccumulatorTest.java:384: error: cannot find symbol
            when(statsAccumulatorMock1.sumOfSquaresOfDeltas()).thenReturn(java.lang.Double.NaN);
            ^
  symbol:   method when(double)
  location: class PairedStatsAccumulatorTest
/home/utbot_mocks/results_utbot-mocks_30/GUAVA-275_6/temp/testcases/com/google/common/math/PairedStatsAccumulatorTest.java:385: error: cannot find symbol
            when(statsAccumulatorMock1.mean()).thenReturn(java.lang.Double.NaN);
            ^
  symbol:   method when(double)
  location: class PairedStatsAccumulatorTest
/home/utbot_mocks/results_utbot-mocks_30/GUAVA-275_6/temp/testcases/com/google/common/math/PairedStatsAccumulatorTest.java:404: error: package org.mockito does not exist
        org.mockito.MockedStatic mockedStatic = null;
                   ^
/home/utbot_mocks/results_utbot-mocks_30/GUAVA-275_6/temp/testcases/com/google/common/math/PairedStatsAccumulatorTest.java:405: error: package org.mockito does not exist
        org.mockito.MockedStatic mockedStatic1 = null;
                   ^
/home/utbot_mocks/results_utbot-mocks_30/GUAVA-275_6/temp/testcases/com/google/common/math/PairedStatsAccumulatorTest.java:407: error: cannot find symbol
            mockedStatic = mockStatic(com.google.common.base.Preconditions.class);
                           ^
  symbol:   method mockStatic(Class<Preconditions>)
  location: class PairedStatsAccumulatorTest
/home/utbot_mocks/results_utbot-mocks_30/GUAVA-275_6/temp/testcases/com/google/common/math/PairedStatsAccumulatorTest.java:408: error: cannot find symbol
            mockedStatic1 = mockStatic(LinearTransformation.class);
                            ^
  symbol:   method mockStatic(Class<LinearTransformation>)
  location: class PairedStatsAccumulatorTest
/home/utbot_mocks/results_utbot-mocks_30/GUAVA-275_6/temp/testcases/com/google/common/math/PairedStatsAccumulatorTest.java:409: error: cannot find symbol
            LinearTransformation.LinearTransformationBuilder linearTransformationBuilderMock = mock(LinearTransformation.LinearTransformationBuilder.class);
                                                                                               ^
  symbol:   method mock(Class<LinearTransformationBuilder>)
  location: class PairedStatsAccumulatorTest
/home/utbot_mocks/results_utbot-mocks_30/GUAVA-275_6/temp/testcases/com/google/common/math/PairedStatsAccumulatorTest.java:410: error: cannot find symbol
            when(linearTransformationBuilderMock.withSlope(anyDouble())).thenReturn(((LinearTransformation) null));
                                                           ^
  symbol:   method anyDouble()
  location: class PairedStatsAccumulatorTest
/home/utbot_mocks/results_utbot-mocks_30/GUAVA-275_6/temp/testcases/com/google/common/math/PairedStatsAccumulatorTest.java:412: error: cannot find symbol
                LinearTransformation.mapping(anyDouble(), anyDouble());
                                             ^
  symbol:   method anyDouble()
  location: class PairedStatsAccumulatorTest
/home/utbot_mocks/results_utbot-mocks_30/GUAVA-275_6/temp/testcases/com/google/common/math/PairedStatsAccumulatorTest.java:412: error: cannot find symbol
                LinearTransformation.mapping(anyDouble(), anyDouble());
                                                          ^
  symbol:   method anyDouble()
  location: class PairedStatsAccumulatorTest
/home/utbot_mocks/results_utbot-mocks_30/GUAVA-275_6/temp/testcases/com/google/common/math/PairedStatsAccumulatorTest.java:416: error: cannot find symbol
            StatsAccumulator statsAccumulatorMock = mock(StatsAccumulator.class);
                                                    ^
  symbol:   method mock(Class<StatsAccumulator>)
  location: class PairedStatsAccumulatorTest
/home/utbot_mocks/results_utbot-mocks_30/GUAVA-275_6/temp/testcases/com/google/common/math/PairedStatsAccumulatorTest.java:417: error: cannot find symbol
            when(statsAccumulatorMock.sumOfSquaresOfDeltas()).thenReturn(2.225073858507202E-308);
            ^
  symbol:   method when(double)
  location: class PairedStatsAccumulatorTest
/home/utbot_mocks/results_utbot-mocks_30/GUAVA-275_6/temp/testcases/com/google/common/math/PairedStatsAccumulatorTest.java:418: error: cannot find symbol
            when(statsAccumulatorMock.mean()).thenReturn(java.lang.Double.NaN);
            ^
  symbol:   method when(double)
  location: class PairedStatsAccumulatorTest
/home/utbot_mocks/results_utbot-mocks_30/GUAVA-275_6/temp/testcases/com/google/common/math/PairedStatsAccumulatorTest.java:420: error: cannot find symbol
            StatsAccumulator statsAccumulatorMock1 = mock(StatsAccumulator.class);
                                                     ^
  symbol:   method mock(Class<StatsAccumulator>)
  location: class PairedStatsAccumulatorTest
/home/utbot_mocks/results_utbot-mocks_30/GUAVA-275_6/temp/testcases/com/google/common/math/PairedStatsAccumulatorTest.java:421: error: cannot find symbol
            when(statsAccumulatorMock1.count()).thenReturn(-9223372036854743040L);
            ^
  symbol:   method when(long)
  location: class PairedStatsAccumulatorTest
/home/utbot_mocks/results_utbot-mocks_30/GUAVA-275_6/temp/testcases/com/google/common/math/PairedStatsAccumulatorTest.java:422: error: cannot find symbol
            when(statsAccumulatorMock1.sumOfSquaresOfDeltas()).thenReturn(2.225073858507202E-308);
            ^
  symbol:   method when(double)
  location: class PairedStatsAccumulatorTest
/home/utbot_mocks/results_utbot-mocks_30/GUAVA-275_6/temp/testcases/com/google/common/math/PairedStatsAccumulatorTest.java:423: error: cannot find symbol
            when(statsAccumulatorMock1.mean()).thenReturn(java.lang.Double.NaN);
            ^
  symbol:   method when(double)
  location: class PairedStatsAccumulatorTest
/home/utbot_mocks/results_utbot-mocks_30/GUAVA-275_6/temp/testcases/com/google/common/math/PairedStatsAccumulatorTest.java:440: error: package org.mockito does not exist
        org.mockito.MockedStatic mockedStatic = null;
                   ^
/home/utbot_mocks/results_utbot-mocks_30/GUAVA-275_6/temp/testcases/com/google/common/math/PairedStatsAccumulatorTest.java:441: error: package org.mockito does not exist
        org.mockito.MockedStatic mockedStatic1 = null;
                   ^
/home/utbot_mocks/results_utbot-mocks_30/GUAVA-275_6/temp/testcases/com/google/common/math/PairedStatsAccumulatorTest.java:443: error: cannot find symbol
            mockedStatic = mockStatic(com.google.common.base.Preconditions.class);
                           ^
  symbol:   method mockStatic(Class<Preconditions>)
  location: class PairedStatsAccumulatorTest
/home/utbot_mocks/results_utbot-mocks_30/GUAVA-275_6/temp/testcases/com/google/common/math/PairedStatsAccumulatorTest.java:444: error: cannot find symbol
            mockedStatic1 = mockStatic(LinearTransformation.class);
                            ^
  symbol:   method mockStatic(Class<LinearTransformation>)
  location: class PairedStatsAccumulatorTest
/home/utbot_mocks/results_utbot-mocks_30/GUAVA-275_6/temp/testcases/com/google/common/math/PairedStatsAccumulatorTest.java:446: error: cannot find symbol
                LinearTransformation.vertical(anyDouble());
                                              ^
  symbol:   method anyDouble()
  location: class PairedStatsAccumulatorTest
/home/utbot_mocks/results_utbot-mocks_30/GUAVA-275_6/temp/testcases/com/google/common/math/PairedStatsAccumulatorTest.java:450: error: cannot find symbol
            StatsAccumulator statsAccumulatorMock = mock(StatsAccumulator.class);
                                                    ^
  symbol:   method mock(Class<StatsAccumulator>)
  location: class PairedStatsAccumulatorTest
/home/utbot_mocks/results_utbot-mocks_30/GUAVA-275_6/temp/testcases/com/google/common/math/PairedStatsAccumulatorTest.java:1162: warning: Unsafe is internal proprietary API and may be removed in a future release
    private static sun.misc.Unsafe getUnsafeInstance() throws Exception {
                           ^
/home/utbot_mocks/results_utbot-mocks_30/GUAVA-275_6/temp/testcases/com/google/common/math/PairedStatsAccumulatorTest.java:1163: warning: Unsafe is internal proprietary API and may be removed in a future release
        java.lang.reflect.Field f = sun.misc.Unsafe.class.getDeclaredField("theUnsafe");
                                            ^
/home/utbot_mocks/results_utbot-mocks_30/GUAVA-275_6/temp/testcases/com/google/common/math/PairedStatsAccumulatorTest.java:1165: warning: Unsafe is internal proprietary API and may be removed in a future release
        return (sun.misc.Unsafe) f.get(null);
                        ^
Note: /home/utbot_mocks/results_utbot-mocks_30/GUAVA-275_6/temp/testcases/com/google/common/math/PairedStatsAccumulatorTest.java uses unchecked or unsafe operations.
Note: Recompile with -Xlint:unchecked for details.
100 errors
4 warnings
Failed to compile 'com/google/common/math/PairedStatsAccumulatorTest.java'!
shaded.org.apache.commons.exec.ExecuteException: Process exited with an error: 1 (Exit value: 1)
	at shaded.org.apache.commons.exec.DefaultExecutor.executeInternal(DefaultExecutor.java:377)
	at shaded.org.apache.commons.exec.DefaultExecutor.execute(DefaultExecutor.java:160)
	at shaded.org.apache.commons.exec.DefaultExecutor.execute(DefaultExecutor.java:147)
	at sbst.benchmark.TestSuite.compile(TestSuite.java:250)
	at sbst.benchmark.TestSuite.<init>(TestSuite.java:68)
	at sbst.benchmark.TranscriptWriter.endClass(TranscriptWriter.java:136)
	at sbst.benchmark.RunTool.execute(RunTool.java:141)
	at sbst.benchmark.RunTool.run(RunTool.java:62)
	at sbst.benchmark.Main.main(Main.java:160)

---Timing Information---
Running tests with the following classpath: 
/var/benchmarks/projects/guava/guava/target/guava-26.0-jre.jar:/var/benchmarks/projects/./guava/guava/target/dependency/checker-qual-2.5.2.jar:/var/benchmarks/projects/guava/guava/target/dependency/error_prone_annotations-2.1.3.jar:/var/benchmarks/projects/guava/guava/target/dependency/j2objc-annotations-1.1.jar:/var/benchmarks/projects/guava/guava/target/dependency/jsr305-3.0.2.jar:/var/benchmarks/projects/guava/guava/target/dependency/animal-sniffer-annotations-1.14.jar:/usr/local/bin/lib/junit.jar:/usr/local/bin/lib/hamcrest-core.jar:/home/utbot_mocks/results_utbot-mocks_30/GUAVA-275_6/temp/testcases/bin
Running the tests: [SBSTDummyForCoverageAndMutationCalculation]
Executions terminated

---The tests are re-executed other four times to find the flaky ones---
Running the tests: [SBSTDummyForCoverageAndMutationCalculation]
Executions terminated
Running the tests: [SBSTDummyForCoverageAndMutationCalculation]
Executions terminated
Running the tests: [SBSTDummyForCoverageAndMutationCalculation]
Executions terminated
Running the tests: [SBSTDummyForCoverageAndMutationCalculation]
Executions terminated

=== Run Jacoco for Coverage ===
Number of instrumented file = 2323
Running tests with the following classpath: 
/home/utbot_mocks/results_utbot-mocks_30/GUAVA-275_6/temp/testcases/guava-26.0-jre_instrumented.jar:/home/utbot_mocks/results_utbot-mocks_30/GUAVA-275_6/temp/testcases/checker-qual-2.5.2_instrumented.jar:/home/utbot_mocks/results_utbot-mocks_30/GUAVA-275_6/temp/testcases/error_prone_annotations-2.1.3_instrumented.jar:/home/utbot_mocks/results_utbot-mocks_30/GUAVA-275_6/temp/testcases/j2objc-annotations-1.1_instrumented.jar:/home/utbot_mocks/results_utbot-mocks_30/GUAVA-275_6/temp/testcases/jsr305-3.0.2_instrumented.jar:/home/utbot_mocks/results_utbot-mocks_30/GUAVA-275_6/temp/testcases/animal-sniffer-annotations-1.14_instrumented.jar:/usr/local/bin/lib/hamcrest-core.jar:/usr/local/bin/lib/junit.jar:/home/utbot_mocks/results_utbot-mocks_30/GUAVA-275_6/temp/testcases/bin
Running the tests: [SBSTDummyForCoverageAndMutationCalculation]
Executions terminated
Number of file with coverage information = 1951
Extracted coverage data for the class com/google/common/math/PairedStatsAccumulator
Number of file with coverage information = 302
Number of file with coverage information = 22
Number of file with coverage information = 12
Number of file with coverage information = 35
Number of file with coverage information = 1

=== Run PIT ===
Matching Jacoco with PIT: find covered mutations
Executing Mutation Analysis using 75 mutants 

>>> RESULTS:
	Tool name: utbot-mocks
	Benchmark: GUAVA-275
	Class Under Test: com.google.common.math.PairedStatsAccumulator
	Run number: 6
	Tool preparation time (ms): 13652
	Tool test cases generation time (ms): 7788
	Test cases execution time (ms): 13
	Test case number: 45
	Uncompilable Test Classes: 1
	Broken tests number: 0
	Failing tests number: 0
	Lines total: 60
	Lines covered: 0
	Lines coverage ratio (%): 0.0
	Conditions total: 38
	Conditions covered: 0
	Conditions coverage ratio (%): 0.0
	Mutants total: 75
	Mutants covered: 0
	Mutants coverage ratio (%): 0.0
	Mutants killed: 0
	Mutants killed ratio (%): 0.0
	Mutants alive: 75


Class com.google.common.math.PairedStatsAccumulator ended.
Stopping process...
Tool subprocess is an instance of java.lang.UNIXProcess
Tool subprocess Id is 2986
Killing master process 2986
Executing command kill -9 2986
Execution of command kill -9 2986 finished.
Process was destroyed
