
>>> TOOL NAME:  utbot-mocks

>>> BENCHMARK:  GUAVA-85

>>> RUN NUMBER: 7

>>> MODE: --only-compute-metrics
Creating directory ./temp
Creating directory ./temp/data
Creating directory ./temp/testcases
Executing /home/utbot_mocks/./runtool
>> BENCHMARK
>> /var/benchmarks/projects/guava/guava/src
>> /var/benchmarks/projects/guava/guava/target/classes
>> 6
>> /var/benchmarks/projects/guava/guava/target/guava-26.0-jre.jar
>> /var/benchmarks/projects/./guava/guava/target/dependency/checker-qual-2.5.2.jar
>> /var/benchmarks/projects/guava/guava/target/dependency/error_prone_annotations-2.1.3.jar
>> /var/benchmarks/projects/guava/guava/target/dependency/j2objc-annotations-1.1.jar
>> /var/benchmarks/projects/guava/guava/target/dependency/jsr305-3.0.2.jar
>> /var/benchmarks/projects/guava/guava/target/dependency/animal-sniffer-annotations-1.14.jar
>> 0
expecting CLASSPATH or READY
<< CLASSPATH
expecting number
<< 0
<< READY
>> 30


### COMPUTING METRICS ###: com.google.common.base.CaseFormat


Starting class com.google.common.base.CaseFormat


Ending class com.google.common.base.CaseFormat
Creating directory results_utbot-mocks_30/GUAVA-85_7/temp/testcases/bin
Creating dummy JUnit test file

---Compilation---

===
javac command line:
/usr/bin/javac -sourcepath /home/utbot_mocks/results_utbot-mocks_30/GUAVA-85_7/temp/testcases -cp /var/benchmarks/projects/guava/guava/target/guava-26.0-jre.jar:/var/benchmarks/projects/./guava/guava/target/dependency/checker-qual-2.5.2.jar:/var/benchmarks/projects/guava/guava/target/dependency/error_prone_annotations-2.1.3.jar:/var/benchmarks/projects/guava/guava/target/dependency/j2objc-annotations-1.1.jar:/var/benchmarks/projects/guava/guava/target/dependency/jsr305-3.0.2.jar:/var/benchmarks/projects/guava/guava/target/dependency/animal-sniffer-annotations-1.14.jar:/usr/local/bin/lib/junit.jar:/usr/local/bin/lib/hamcrest-core.jar -d results_utbot-mocks_30/GUAVA-85_7/temp/testcases/bin /home/utbot_mocks/results_utbot-mocks_30/GUAVA-85_7/temp/testcases/SBSTDummyForCoverageAndMutationCalculation.java


===
javac command line:
/usr/bin/javac -sourcepath /home/utbot_mocks/results_utbot-mocks_30/GUAVA-85_7/temp/testcases -cp /var/benchmarks/projects/guava/guava/target/guava-26.0-jre.jar:/var/benchmarks/projects/./guava/guava/target/dependency/checker-qual-2.5.2.jar:/var/benchmarks/projects/guava/guava/target/dependency/error_prone_annotations-2.1.3.jar:/var/benchmarks/projects/guava/guava/target/dependency/j2objc-annotations-1.1.jar:/var/benchmarks/projects/guava/guava/target/dependency/jsr305-3.0.2.jar:/var/benchmarks/projects/guava/guava/target/dependency/animal-sniffer-annotations-1.14.jar:/usr/local/bin/lib/junit.jar:/usr/local/bin/lib/hamcrest-core.jar -d results_utbot-mocks_30/GUAVA-85_7/temp/testcases/bin /home/utbot_mocks/results_utbot-mocks_30/GUAVA-85_7/temp/testcases/com/google/common/base/CaseFormatTest.java

/home/utbot_mocks/results_utbot-mocks_30/GUAVA-85_7/temp/testcases/com/google/common/base/CaseFormatTest.java:17: warning: Unsafe is internal proprietary API and may be removed in a future release
import sun.misc.Unsafe;
               ^
/home/utbot_mocks/results_utbot-mocks_30/GUAVA-85_7/temp/testcases/com/google/common/base/CaseFormatTest.java:19: error: package org.mockito does not exist
import static org.mockito.ArgumentMatchers.any;
                         ^
/home/utbot_mocks/results_utbot-mocks_30/GUAVA-85_7/temp/testcases/com/google/common/base/CaseFormatTest.java:19: error: static import only from classes and interfaces
import static org.mockito.ArgumentMatchers.any;
^
/home/utbot_mocks/results_utbot-mocks_30/GUAVA-85_7/temp/testcases/com/google/common/base/CaseFormatTest.java:20: error: package org.mockito does not exist
import static org.mockito.Mockito.mockStatic;
                         ^
/home/utbot_mocks/results_utbot-mocks_30/GUAVA-85_7/temp/testcases/com/google/common/base/CaseFormatTest.java:20: error: static import only from classes and interfaces
import static org.mockito.Mockito.mockStatic;
^
/home/utbot_mocks/results_utbot-mocks_30/GUAVA-85_7/temp/testcases/com/google/common/base/CaseFormatTest.java:22: error: package org.mockito does not exist
import static org.mockito.ArgumentMatchers.anyChar;
                         ^
/home/utbot_mocks/results_utbot-mocks_30/GUAVA-85_7/temp/testcases/com/google/common/base/CaseFormatTest.java:22: error: static import only from classes and interfaces
import static org.mockito.ArgumentMatchers.anyChar;
^
/home/utbot_mocks/results_utbot-mocks_30/GUAVA-85_7/temp/testcases/com/google/common/base/CaseFormatTest.java:23: error: package org.mockito does not exist
import static org.mockito.ArgumentMatchers.anyString;
                         ^
/home/utbot_mocks/results_utbot-mocks_30/GUAVA-85_7/temp/testcases/com/google/common/base/CaseFormatTest.java:23: error: static import only from classes and interfaces
import static org.mockito.ArgumentMatchers.anyString;
^
/home/utbot_mocks/results_utbot-mocks_30/GUAVA-85_7/temp/testcases/com/google/common/base/CaseFormatTest.java:24: error: package org.mockito does not exist
import static org.mockito.Mockito.mock;
                         ^
/home/utbot_mocks/results_utbot-mocks_30/GUAVA-85_7/temp/testcases/com/google/common/base/CaseFormatTest.java:24: error: static import only from classes and interfaces
import static org.mockito.Mockito.mock;
^
/home/utbot_mocks/results_utbot-mocks_30/GUAVA-85_7/temp/testcases/com/google/common/base/CaseFormatTest.java:27: error: package org.mockito does not exist
import static org.mockito.Mockito.when;
                         ^
/home/utbot_mocks/results_utbot-mocks_30/GUAVA-85_7/temp/testcases/com/google/common/base/CaseFormatTest.java:27: error: static import only from classes and interfaces
import static org.mockito.Mockito.when;
^
/home/utbot_mocks/results_utbot-mocks_30/GUAVA-85_7/temp/testcases/com/google/common/base/CaseFormatTest.java:183: error: package org.mockito does not exist
        org.mockito.MockedStatic mockedStatic = null;
                   ^
/home/utbot_mocks/results_utbot-mocks_30/GUAVA-85_7/temp/testcases/com/google/common/base/CaseFormatTest.java:185: error: cannot find symbol
            mockedStatic = mockStatic(Ascii.class);
                           ^
  symbol:   method mockStatic(Class<Ascii>)
  location: class CaseFormatTest
/home/utbot_mocks/results_utbot-mocks_30/GUAVA-85_7/temp/testcases/com/google/common/base/CaseFormatTest.java:187: error: cannot find symbol
                Ascii.toUpperCase(anyChar());
                                  ^
  symbol:   method anyChar()
  location: class CaseFormatTest
/home/utbot_mocks/results_utbot-mocks_30/GUAVA-85_7/temp/testcases/com/google/common/base/CaseFormatTest.java:190: error: cannot find symbol
                Ascii.toLowerCase(anyString());
                                  ^
  symbol:   method anyString()
  location: class CaseFormatTest
/home/utbot_mocks/results_utbot-mocks_30/GUAVA-85_7/temp/testcases/com/google/common/base/CaseFormatTest.java:240: error: cannot find symbol
        CharMatcher charMatcherMock = mock(CharMatcher.class);
                                      ^
  symbol:   method mock(Class<CharMatcher>)
  location: class CaseFormatTest
/home/utbot_mocks/results_utbot-mocks_30/GUAVA-85_7/temp/testcases/com/google/common/base/CaseFormatTest.java:300: error: cannot find symbol
        CaseFormat caseFormatMock = mock(CaseFormat.class);
                                    ^
  symbol:   method mock(Class<CaseFormat>)
  location: class CaseFormatTest
/home/utbot_mocks/results_utbot-mocks_30/GUAVA-85_7/temp/testcases/com/google/common/base/CaseFormatTest.java:320: error: cannot find symbol
        CaseFormat caseFormatMock = mock(CaseFormat.class);
                                    ^
  symbol:   method mock(Class<CaseFormat>)
  location: class CaseFormatTest
/home/utbot_mocks/results_utbot-mocks_30/GUAVA-85_7/temp/testcases/com/google/common/base/CaseFormatTest.java:341: error: cannot find symbol
        CaseFormat caseFormatMock = mock(CaseFormat.class);
                                    ^
  symbol:   method mock(Class<CaseFormat>)
  location: class CaseFormatTest
/home/utbot_mocks/results_utbot-mocks_30/GUAVA-85_7/temp/testcases/com/google/common/base/CaseFormatTest.java:379: error: cannot find symbol
        CaseFormat caseFormatMock = mock(CaseFormat.class);
                                    ^
  symbol:   method mock(Class<CaseFormat>)
  location: class CaseFormatTest
/home/utbot_mocks/results_utbot-mocks_30/GUAVA-85_7/temp/testcases/com/google/common/base/CaseFormatTest.java:417: error: cannot find symbol
        CaseFormat caseFormatMock = mock(CaseFormat.class);
                                    ^
  symbol:   method mock(Class<CaseFormat>)
  location: class CaseFormatTest
/home/utbot_mocks/results_utbot-mocks_30/GUAVA-85_7/temp/testcases/com/google/common/base/CaseFormatTest.java:418: error: cannot find symbol
        when(caseFormatMock.toString()).thenReturn(((String) null), ((String) null));
        ^
  symbol:   method when(String)
  location: class CaseFormatTest
/home/utbot_mocks/results_utbot-mocks_30/GUAVA-85_7/temp/testcases/com/google/common/base/CaseFormatTest.java:460: error: cannot find symbol
        CaseFormat caseFormatMock = mock(CaseFormat.class);
                                    ^
  symbol:   method mock(Class<CaseFormat>)
  location: class CaseFormatTest
/home/utbot_mocks/results_utbot-mocks_30/GUAVA-85_7/temp/testcases/com/google/common/base/CaseFormatTest.java:461: error: cannot find symbol
        when(caseFormatMock.to(any(), anyString())).thenReturn(((String) null));
                               ^
  symbol:   method any()
  location: class CaseFormatTest
/home/utbot_mocks/results_utbot-mocks_30/GUAVA-85_7/temp/testcases/com/google/common/base/CaseFormatTest.java:461: error: cannot find symbol
        when(caseFormatMock.to(any(), anyString())).thenReturn(((String) null));
                                      ^
  symbol:   method anyString()
  location: class CaseFormatTest
/home/utbot_mocks/results_utbot-mocks_30/GUAVA-85_7/temp/testcases/com/google/common/base/CaseFormatTest.java:502: error: cannot find symbol
        CaseFormat caseFormatMock = mock(CaseFormat.class);
                                    ^
  symbol:   method mock(Class<CaseFormat>)
  location: class CaseFormatTest
/home/utbot_mocks/results_utbot-mocks_30/GUAVA-85_7/temp/testcases/com/google/common/base/CaseFormatTest.java:504: error: cannot find symbol
        when(caseFormatMock.to(any(), anyString())).thenReturn(string);
                               ^
  symbol:   method any()
  location: class CaseFormatTest
/home/utbot_mocks/results_utbot-mocks_30/GUAVA-85_7/temp/testcases/com/google/common/base/CaseFormatTest.java:504: error: cannot find symbol
        when(caseFormatMock.to(any(), anyString())).thenReturn(string);
                                      ^
  symbol:   method anyString()
  location: class CaseFormatTest
/home/utbot_mocks/results_utbot-mocks_30/GUAVA-85_7/temp/testcases/com/google/common/base/CaseFormatTest.java:736: warning: Unsafe is internal proprietary API and may be removed in a future release
    private static sun.misc.Unsafe getUnsafeInstance() throws Exception {
                           ^
/home/utbot_mocks/results_utbot-mocks_30/GUAVA-85_7/temp/testcases/com/google/common/base/CaseFormatTest.java:737: warning: Unsafe is internal proprietary API and may be removed in a future release
        java.lang.reflect.Field f = sun.misc.Unsafe.class.getDeclaredField("theUnsafe");
                                            ^
/home/utbot_mocks/results_utbot-mocks_30/GUAVA-85_7/temp/testcases/com/google/common/base/CaseFormatTest.java:739: warning: Unsafe is internal proprietary API and may be removed in a future release
        return (sun.misc.Unsafe) f.get(null);
                        ^
Note: /home/utbot_mocks/results_utbot-mocks_30/GUAVA-85_7/temp/testcases/com/google/common/base/CaseFormatTest.java uses unchecked or unsafe operations.
Note: Recompile with -Xlint:unchecked for details.
29 errors
4 warnings
Failed to compile 'com/google/common/base/CaseFormatTest.java'!
shaded.org.apache.commons.exec.ExecuteException: Process exited with an error: 1 (Exit value: 1)
	at shaded.org.apache.commons.exec.DefaultExecutor.executeInternal(DefaultExecutor.java:377)
	at shaded.org.apache.commons.exec.DefaultExecutor.execute(DefaultExecutor.java:160)
	at shaded.org.apache.commons.exec.DefaultExecutor.execute(DefaultExecutor.java:147)
	at sbst.benchmark.TestSuite.compile(TestSuite.java:250)
	at sbst.benchmark.TestSuite.<init>(TestSuite.java:68)
	at sbst.benchmark.TranscriptWriter.endClass(TranscriptWriter.java:136)
	at sbst.benchmark.RunTool.execute(RunTool.java:141)
	at sbst.benchmark.RunTool.run(RunTool.java:62)
	at sbst.benchmark.Main.main(Main.java:160)

---Timing Information---
Running tests with the following classpath: 
/var/benchmarks/projects/guava/guava/target/guava-26.0-jre.jar:/var/benchmarks/projects/./guava/guava/target/dependency/checker-qual-2.5.2.jar:/var/benchmarks/projects/guava/guava/target/dependency/error_prone_annotations-2.1.3.jar:/var/benchmarks/projects/guava/guava/target/dependency/j2objc-annotations-1.1.jar:/var/benchmarks/projects/guava/guava/target/dependency/jsr305-3.0.2.jar:/var/benchmarks/projects/guava/guava/target/dependency/animal-sniffer-annotations-1.14.jar:/usr/local/bin/lib/junit.jar:/usr/local/bin/lib/hamcrest-core.jar:/home/utbot_mocks/results_utbot-mocks_30/GUAVA-85_7/temp/testcases/bin
Running the tests: [SBSTDummyForCoverageAndMutationCalculation]
Executions terminated

---The tests are re-executed other four times to find the flaky ones---
Running the tests: [SBSTDummyForCoverageAndMutationCalculation]
Executions terminated
Running the tests: [SBSTDummyForCoverageAndMutationCalculation]
Executions terminated
Running the tests: [SBSTDummyForCoverageAndMutationCalculation]
Executions terminated
Running the tests: [SBSTDummyForCoverageAndMutationCalculation]
Executions terminated

=== Run Jacoco for Coverage ===
Number of instrumented file = 2323
Running tests with the following classpath: 
/home/utbot_mocks/results_utbot-mocks_30/GUAVA-85_7/temp/testcases/guava-26.0-jre_instrumented.jar:/home/utbot_mocks/results_utbot-mocks_30/GUAVA-85_7/temp/testcases/checker-qual-2.5.2_instrumented.jar:/home/utbot_mocks/results_utbot-mocks_30/GUAVA-85_7/temp/testcases/error_prone_annotations-2.1.3_instrumented.jar:/home/utbot_mocks/results_utbot-mocks_30/GUAVA-85_7/temp/testcases/j2objc-annotations-1.1_instrumented.jar:/home/utbot_mocks/results_utbot-mocks_30/GUAVA-85_7/temp/testcases/jsr305-3.0.2_instrumented.jar:/home/utbot_mocks/results_utbot-mocks_30/GUAVA-85_7/temp/testcases/animal-sniffer-annotations-1.14_instrumented.jar:/usr/local/bin/lib/hamcrest-core.jar:/usr/local/bin/lib/junit.jar:/home/utbot_mocks/results_utbot-mocks_30/GUAVA-85_7/temp/testcases/bin
Running the tests: [SBSTDummyForCoverageAndMutationCalculation]
Executions terminated
Number of file with coverage information = 1951
Extracted coverage data for the class com/google/common/base/CaseFormat
Number of file with coverage information = 302
Number of file with coverage information = 22
Number of file with coverage information = 12
Number of file with coverage information = 35
Number of file with coverage information = 1

=== Run PIT ===
Matching Jacoco with PIT: find covered mutations
Executing Mutation Analysis using 15 mutants 

>>> RESULTS:
	Tool name: utbot-mocks
	Benchmark: GUAVA-85
	Class Under Test: com.google.common.base.CaseFormat
	Run number: 7
	Tool preparation time (ms): 12946
	Tool test cases generation time (ms): 15244
	Test cases execution time (ms): 15
	Test case number: 19
	Uncompilable Test Classes: 1
	Broken tests number: 0
	Failing tests number: 0
	Lines total: 30
	Lines covered: 0
	Lines coverage ratio (%): 0.0
	Conditions total: 12
	Conditions covered: 0
	Conditions coverage ratio (%): 0.0
	Mutants total: 15
	Mutants covered: 0
	Mutants coverage ratio (%): 0.0
	Mutants killed: 0
	Mutants killed ratio (%): 0.0
	Mutants alive: 15


Class com.google.common.base.CaseFormat ended.
Stopping process...
Tool subprocess is an instance of java.lang.UNIXProcess
Tool subprocess Id is 7817
Killing master process 7817
Executing command kill -9 7817
Execution of command kill -9 7817 finished.
Process was destroyed
