Started UtBot Contest, classfileDir = /var/benchmarks/projects/guava/guava/target/classes, classpathString=/var/benchmarks/projects/guava/guava/target/classes:/var/benchmarks/projects/guava/guava/target/guava-26.0-jre.jar:/var/benchmarks/projects/./guava/guava/target/dependency/checker-qual-2.5.2.jar:/var/benchmarks/projects/guava/guava/target/dependency/error_prone_annotations-2.1.3.jar:/var/benchmarks/projects/guava/guava/target/dependency/j2objc-annotations-1.1.jar:/var/benchmarks/projects/guava/guava/target/dependency/jsr305-3.0.2.jar:/var/benchmarks/projects/guava/guava/target/dependency/animal-sniffer-annotations-1.14.jar, outputDir=/home/utbot_mocks/temp/testcases, mocks=Other classes: Mockito
16:35:15.563 | INFO  | Started: warmup: kotlin reflection :: init
16:35:15.650 | INFO  | Finished (in 0.087 sec): warmup: kotlin reflection :: init 
[INIT]
>> [RUN] com.google.common.collect.TopKSelector 120
16:35:15.661 | DEBUG | -----------------------------------------------------------------------------
16:35:15.661 | INFO  | Contest.runGeneration: Time budget: 120000 ms, Generation timeout=102000 ms, classpath=/var/benchmarks/projects/guava/guava/target/classes:/var/benchmarks/projects/guava/guava/target/guava-26.0-jre.jar:/var/benchmarks/projects/./guava/guava/target/dependency/checker-qual-2.5.2.jar:/var/benchmarks/projects/guava/guava/target/dependency/error_prone_annotations-2.1.3.jar:/var/benchmarks/projects/guava/guava/target/dependency/j2objc-annotations-1.1.jar:/var/benchmarks/projects/guava/guava/target/dependency/jsr305-3.0.2.jar:/var/benchmarks/projects/guava/guava/target/dependency/animal-sniffer-annotations-1.14.jar, methodNameFilter=null
16:35:15.663 | INFO  | ClassUnderTest[ FQN: com.google.common.collect.TopKSelector
    classfileDir: /var/benchmarks/projects/guava/guava/target/classes
    testClassSimpleName: TopKSelectorTest
    generatedTestFile: /home/utbot_mocks/temp/testcases/com/google/common/collect/TopKSelectorTest.java
    generatedTestsSourcesDir: /home/utbot_mocks/temp/testcases
]
16:35:15.688 | INFO  | Started: class com.google.common.collect.TopKSelector
16:35:15.689 | INFO  | Started: preparation class class com.google.common.collect.TopKSelector: kotlin reflection :: run
16:35:15.717 | INFO  | Finished (in 0.027 sec): preparation class class com.google.common.collect.TopKSelector: kotlin reflection :: run 
16:35:15.718 | INFO  | Started: 2nd optional soot initialization
16:35:15.720 | INFO  | Finished (in 0.001 sec): 2nd optional soot initialization 
16:35:15.727 | DEBUG |  ... 
16:35:15.740 | INFO  | Started: method com.google.common.collect.TopKSelector.offer(T)
16:35:15.741 | INFO  |  -- Remaining time budget: 101932 ms, #remaining_methods: 13, budget for method: 7840 ms, solver timeout: 1000 ms, budget for symbolic execution: 6640 ms, budget for concrete execution: 1200 ms,  -- 
16:35:16.041 | DEBUG | --new testCase collected, to generate: testCom.google.common.collect.TopKSelector.offer(T)1
16:35:16.408 | DEBUG | --new testCase collected, to generate: testCom.google.common.collect.TopKSelector.offer(T)2
16:35:16.869 | DEBUG | --new testCase collected, to generate: testCom.google.common.collect.TopKSelector.offer(T)3
16:35:17.387 | DEBUG | --new testCase collected, to generate: testCom.google.common.collect.TopKSelector.offer(T)4
16:35:17.574 | DEBUG | --new testCase collected, to generate: testCom.google.common.collect.TopKSelector.offer(T)5
16:35:17.897 | DEBUG | --new testCase collected, to generate: testCom.google.common.collect.TopKSelector.offer(T)6
16:35:19.616 | DEBUG | --new testCase collected, to generate: testCom.google.common.collect.TopKSelector.offer(T)7
16:35:19.945 | DEBUG | --new testCase collected, to generate: testCom.google.common.collect.TopKSelector.offer(T)8
16:35:21.184 | DEBUG | --new testCase collected, to generate: testCom.google.common.collect.TopKSelector.offer(T)9
16:35:22.374 | INFO  | |> Starting concrete execution for remaining state: com.google.common.collect.TopKSelector.offer(T)
16:35:23.577 | INFO  | (X) Cancelling concrete execution: com.google.common.collect.TopKSelector.offer(T)
16:35:23.617 | INFO  | Finished (in 7.876 sec): method com.google.common.collect.TopKSelector.offer(T) 
<StatsForMethod> :
	#generatedTC=9
	WITH NO EXCEPTIONS
16:35:23.685 | DEBUG |  ... 
16:35:23.686 | INFO  | Started: method com.google.common.collect.TopKSelector.partition(int, int, int)
16:35:23.686 | INFO  |  -- Remaining time budget: 93977 ms, #remaining_methods: 12, budget for method: 7831 ms, solver timeout: 1000 ms, budget for symbolic execution: 6631 ms, budget for concrete execution: 1200 ms,  -- 
16:35:23.695 | DEBUG | --new testCase collected, to generate: testCom.google.common.collect.TopKSelector.partition(int, int, int)1
16:35:23.896 | DEBUG | --new testCase collected, to generate: testCom.google.common.collect.TopKSelector.partition(int, int, int)2
16:35:24.049 | DEBUG | --new testCase collected, to generate: testCom.google.common.collect.TopKSelector.partition(int, int, int)3
16:35:24.294 | DEBUG | --new testCase collected, to generate: testCom.google.common.collect.TopKSelector.partition(int, int, int)4
16:35:24.538 | DEBUG | --new testCase collected, to generate: testCom.google.common.collect.TopKSelector.partition(int, int, int)5
16:35:25.681 | DEBUG | --new testCase collected, to generate: testCom.google.common.collect.TopKSelector.partition(int, int, int)6
16:35:27.996 | DEBUG | --new testCase collected, to generate: testCom.google.common.collect.TopKSelector.partition(int, int, int)7
16:35:28.366 | DEBUG | --new testCase collected, to generate: testCom.google.common.collect.TopKSelector.partition(int, int, int)8
16:35:29.283 | DEBUG | --new testCase collected, to generate: testCom.google.common.collect.TopKSelector.partition(int, int, int)9
16:35:30.216 | DEBUG | --new testCase collected, to generate: testCom.google.common.collect.TopKSelector.partition(int, int, int)10
16:35:30.317 | INFO  | |> Starting concrete execution for remaining state: com.google.common.collect.TopKSelector.partition(int, int, int)
16:35:31.518 | INFO  | (X) Cancelling concrete execution: com.google.common.collect.TopKSelector.partition(int, int, int)
16:35:31.932 | INFO  | Finished (in 8.246 sec): method com.google.common.collect.TopKSelector.partition(int, int, int) 
<StatsForMethod> :
	#generatedTC=10
	WITH NO EXCEPTIONS
16:35:32.074 | DEBUG |  ... 
16:35:32.074 | INFO  | Started: method com.google.common.collect.TopKSelector.offerAll(Iterator)
16:35:32.075 | INFO  |  -- Remaining time budget: 85588 ms, #remaining_methods: 11, budget for method: 7780 ms, solver timeout: 1000 ms, budget for symbolic execution: 6580 ms, budget for concrete execution: 1200 ms,  -- 
16:35:32.083 | DEBUG | --new testCase collected, to generate: testCom.google.common.collect.TopKSelector.offerAll(Iterator)1
16:35:32.174 | DEBUG | --new testCase collected, to generate: testCom.google.common.collect.TopKSelector.offerAll(Iterator)2
16:35:32.468 | DEBUG | --new testCase collected, to generate: testCom.google.common.collect.TopKSelector.offerAll(Iterator)3
16:35:32.607 | ERROR | Symbolic execution FAILED
java.util.NoSuchElementException: List contains no element matching the predicate.
	at com.huawei.utbot.engine.Hierarchy.chunkIdForField(Hierarchy.kt:76) ~[utbot-junit-contest-1.0.jar:?]
	at com.huawei.utbot.engine.UtBotSymbolicEngine.createFieldOrMock(UtBotSymbolicEngine.kt:1934) ~[utbot-junit-contest-1.0.jar:?]
	at com.huawei.utbot.engine.UtBotSymbolicEngine.resolve(UtBotSymbolicEngine.kt:1745) ~[utbot-junit-contest-1.0.jar:?]
	at com.huawei.utbot.engine.UtBotSymbolicEngine.traverseAssignStmt(UtBotSymbolicEngine.kt:886) ~[utbot-junit-contest-1.0.jar:?]
	at com.huawei.utbot.engine.UtBotSymbolicEngine.traverseStmt(UtBotSymbolicEngine.kt:604) ~[utbot-junit-contest-1.0.jar:?]
	at com.huawei.utbot.engine.UtBotSymbolicEngine$traverse$1.invokeSuspend(UtBotSymbolicEngine.kt:464) [utbot-junit-contest-1.0.jar:?]
	at com.huawei.utbot.engine.UtBotSymbolicEngine$traverse$1.invoke(UtBotSymbolicEngine.kt) [utbot-junit-contest-1.0.jar:?]
	at kotlinx.coroutines.flow.SafeFlow.collectSafely(Builders.kt:61) [utbot-junit-contest-1.0.jar:?]
	at kotlinx.coroutines.flow.AbstractFlow.collect(Flow.kt:212) [utbot-junit-contest-1.0.jar:?]
	at kotlinx.coroutines.flow.FlowKt__MergeKt$flattenConcat$$inlined$unsafeFlow$1$lambda$1.emit(Collect.kt:134) [utbot-junit-contest-1.0.jar:?]
	at kotlinx.coroutines.flow.FlowKt__BuildersKt$flowOf$$inlined$unsafeFlow$1.collect(SafeCollector.common.kt:114) [utbot-junit-contest-1.0.jar:?]
	at kotlinx.coroutines.flow.FlowKt__BuildersKt$flowOf$$inlined$unsafeFlow$1$1.invokeSuspend(Unknown Source) [utbot-junit-contest-1.0.jar:?]
	at kotlin.coroutines.jvm.internal.BaseContinuationImpl.resumeWith(ContinuationImpl.kt:33) [utbot-junit-contest-1.0.jar:?]
	at kotlinx.coroutines.DispatchedTask.run(DispatchedTask.kt:106) [utbot-junit-contest-1.0.jar:?]
	at java.util.concurrent.Executors$RunnableAdapter.call(Executors.java:511) [?:1.8.0_312]
	at java.util.concurrent.FutureTask.run(FutureTask.java:266) [?:1.8.0_312]
	at java.util.concurrent.ScheduledThreadPoolExecutor$ScheduledFutureTask.access$201(ScheduledThreadPoolExecutor.java:180) [?:1.8.0_312]
	at java.util.concurrent.ScheduledThreadPoolExecutor$ScheduledFutureTask.run(ScheduledThreadPoolExecutor.java:293) [?:1.8.0_312]
	at java.util.concurrent.ThreadPoolExecutor.runWorker(ThreadPoolExecutor.java:1149) [?:1.8.0_312]
	at java.util.concurrent.ThreadPoolExecutor$Worker.run(ThreadPoolExecutor.java:624) [?:1.8.0_312]
	at java.lang.Thread.run(Thread.java:748) [?:1.8.0_312]
16:35:32.791 | DEBUG | --new testCase collected, to generate: testCom.google.common.collect.TopKSelector.offerAll(Iterator)4
16:35:34.056 | DEBUG | --new testCase collected, to generate: testCom.google.common.collect.TopKSelector.offerAll(Iterator)5
16:35:35.135 | DEBUG | --new testCase collected, to generate: testCom.google.common.collect.TopKSelector.offerAll(Iterator)6
16:35:38.655 | INFO  | |> Starting concrete execution for remaining state: com.google.common.collect.TopKSelector.offerAll(Iterator)
16:35:39.855 | INFO  | (X) Cancelling concrete execution: com.google.common.collect.TopKSelector.offerAll(Iterator)
16:35:40.610 | INFO  | Finished (in 8.535 sec): method com.google.common.collect.TopKSelector.offerAll(Iterator) 
<StatsForMethod> :
	#generatedTC=6
	FAILED 1 time(s) with 1 different exception(s)"
16:35:40.770 | DEBUG |  ... 
16:35:40.771 | INFO  | Started: method com.google.common.collect.TopKSelector.offerAll(Iterable)
16:35:40.771 | INFO  |  -- Remaining time budget: 76892 ms, #remaining_methods: 10, budget for method: 7689 ms, solver timeout: 1000 ms, budget for symbolic execution: 6489 ms, budget for concrete execution: 1200 ms,  -- 
16:35:40.776 | DEBUG | --new testCase collected, to generate: testCom.google.common.collect.TopKSelector.offerAll(Iterable)1
16:35:40.874 | DEBUG | --new testCase collected, to generate: testCom.google.common.collect.TopKSelector.offerAll(Iterable)2
16:35:40.966 | ERROR | Symbolic execution FAILED
java.util.NoSuchElementException: List contains no element matching the predicate.
	at com.huawei.utbot.engine.Hierarchy.chunkIdForField(Hierarchy.kt:76) ~[utbot-junit-contest-1.0.jar:?]
	at com.huawei.utbot.engine.UtBotSymbolicEngine.createFieldOrMock(UtBotSymbolicEngine.kt:1934) ~[utbot-junit-contest-1.0.jar:?]
	at com.huawei.utbot.engine.UtBotSymbolicEngine.resolve(UtBotSymbolicEngine.kt:1745) ~[utbot-junit-contest-1.0.jar:?]
	at com.huawei.utbot.engine.UtBotSymbolicEngine.traverseAssignStmt(UtBotSymbolicEngine.kt:886) ~[utbot-junit-contest-1.0.jar:?]
	at com.huawei.utbot.engine.UtBotSymbolicEngine.traverseStmt(UtBotSymbolicEngine.kt:604) ~[utbot-junit-contest-1.0.jar:?]
	at com.huawei.utbot.engine.UtBotSymbolicEngine$traverse$1.invokeSuspend(UtBotSymbolicEngine.kt:464) [utbot-junit-contest-1.0.jar:?]
	at com.huawei.utbot.engine.UtBotSymbolicEngine$traverse$1.invoke(UtBotSymbolicEngine.kt) [utbot-junit-contest-1.0.jar:?]
	at kotlinx.coroutines.flow.SafeFlow.collectSafely(Builders.kt:61) [utbot-junit-contest-1.0.jar:?]
	at kotlinx.coroutines.flow.AbstractFlow.collect(Flow.kt:212) [utbot-junit-contest-1.0.jar:?]
	at kotlinx.coroutines.flow.FlowKt__MergeKt$flattenConcat$$inlined$unsafeFlow$1$lambda$1.emit(Collect.kt:134) [utbot-junit-contest-1.0.jar:?]
	at kotlinx.coroutines.flow.FlowKt__BuildersKt$flowOf$$inlined$unsafeFlow$1.collect(SafeCollector.common.kt:114) [utbot-junit-contest-1.0.jar:?]
	at kotlinx.coroutines.flow.FlowKt__BuildersKt$flowOf$$inlined$unsafeFlow$1$1.invokeSuspend(Unknown Source) [utbot-junit-contest-1.0.jar:?]
	at kotlin.coroutines.jvm.internal.BaseContinuationImpl.resumeWith(ContinuationImpl.kt:33) [utbot-junit-contest-1.0.jar:?]
	at kotlinx.coroutines.DispatchedTask.run(DispatchedTask.kt:106) [utbot-junit-contest-1.0.jar:?]
	at java.util.concurrent.Executors$RunnableAdapter.call(Executors.java:511) [?:1.8.0_312]
	at java.util.concurrent.FutureTask.run(FutureTask.java:266) [?:1.8.0_312]
	at java.util.concurrent.ScheduledThreadPoolExecutor$ScheduledFutureTask.access$201(ScheduledThreadPoolExecutor.java:180) [?:1.8.0_312]
	at java.util.concurrent.ScheduledThreadPoolExecutor$ScheduledFutureTask.run(ScheduledThreadPoolExecutor.java:293) [?:1.8.0_312]
	at java.util.concurrent.ThreadPoolExecutor.runWorker(ThreadPoolExecutor.java:1149) [?:1.8.0_312]
	at java.util.concurrent.ThreadPoolExecutor$Worker.run(ThreadPoolExecutor.java:624) [?:1.8.0_312]
	at java.lang.Thread.run(Thread.java:748) [?:1.8.0_312]
16:35:47.260 | INFO  | |> Starting concrete execution for remaining state: com.google.common.collect.TopKSelector.offerAll(Iterable)
16:35:48.461 | INFO  | (X) Cancelling concrete execution: com.google.common.collect.TopKSelector.offerAll(Iterable)
16:35:48.619 | INFO  | Finished (in 7.848 sec): method com.google.common.collect.TopKSelector.offerAll(Iterable) 
<StatsForMethod> :
	#generatedTC=2
	FAILED 1 time(s) with 1 different exception(s)"
16:35:48.790 | DEBUG |  ... 
16:35:48.790 | INFO  | Started: method com.google.common.collect.TopKSelector.topK()
16:35:48.791 | INFO  |  -- Remaining time budget: 68872 ms, #remaining_methods: 9, budget for method: 7652 ms, solver timeout: 1000 ms, budget for symbolic execution: 6452 ms, budget for concrete execution: 1200 ms,  -- 
16:35:48.796 | DEBUG | --new testCase collected, to generate: testCom.google.common.collect.TopKSelector.topK()1
16:35:49.686 | DEBUG | --new testCase collected, to generate: testCom.google.common.collect.TopKSelector.topK()2
16:35:49.806 | DEBUG | --new testCase collected, to generate: testCom.google.common.collect.TopKSelector.topK()3
16:35:55.243 | INFO  | |> Starting concrete execution for remaining state: com.google.common.collect.TopKSelector.topK()
16:35:56.443 | INFO  | (X) Cancelling concrete execution: com.google.common.collect.TopKSelector.topK()
16:35:56.464 | INFO  | Finished (in 7.673 sec): method com.google.common.collect.TopKSelector.topK() 
<StatsForMethod> :
	#generatedTC=3
	WITH NO EXCEPTIONS
16:35:56.780 | DEBUG |  ... 
16:35:56.781 | INFO  | Started: method com.google.common.collect.TopKSelector.trim()
16:35:56.781 | INFO  |  -- Remaining time budget: 60882 ms, #remaining_methods: 8, budget for method: 7610 ms, solver timeout: 1000 ms, budget for symbolic execution: 6410 ms, budget for concrete execution: 1200 ms,  -- 
16:35:56.792 | DEBUG | --new testCase collected, to generate: testCom.google.common.collect.TopKSelector.trim()1
16:35:57.699 | DEBUG | --new testCase collected, to generate: testCom.google.common.collect.TopKSelector.trim()2
16:35:58.612 | DEBUG | --new testCase collected, to generate: testCom.google.common.collect.TopKSelector.trim()3
16:35:59.447 | DEBUG | --new testCase collected, to generate: testCom.google.common.collect.TopKSelector.trim()4
16:36:03.191 | INFO  | |> Starting concrete execution for remaining state: com.google.common.collect.TopKSelector.trim()
16:36:04.392 | INFO  | (X) Cancelling concrete execution: com.google.common.collect.TopKSelector.trim()
16:36:04.878 | INFO  | Finished (in 8.097 sec): method com.google.common.collect.TopKSelector.trim() 
<StatsForMethod> :
	#generatedTC=4
	WITH NO EXCEPTIONS
16:36:05.013 | DEBUG |  ... 
16:36:05.013 | INFO  | Started: method com.google.common.collect.TopKSelector.combine(TopKSelector)
16:36:05.014 | INFO  |  -- Remaining time budget: 52649 ms, #remaining_methods: 7, budget for method: 7521 ms, solver timeout: 1000 ms, budget for symbolic execution: 6321 ms, budget for concrete execution: 1200 ms,  -- 
16:36:05.019 | DEBUG | --new testCase collected, to generate: testCom.google.common.collect.TopKSelector.combine(TopKSelector)1
16:36:05.109 | DEBUG | --new testCase collected, to generate: testCom.google.common.collect.TopKSelector.combine(TopKSelector)2
16:36:05.128 | DEBUG | --new testCase collected, to generate: testCom.google.common.collect.TopKSelector.combine(TopKSelector)3
16:36:05.450 | DEBUG | --new testCase collected, to generate: testCom.google.common.collect.TopKSelector.combine(TopKSelector)4
16:36:09.238 | DEBUG | --new testCase collected, to generate: testCom.google.common.collect.TopKSelector.combine(TopKSelector)5
16:36:10.840 | DEBUG | --new testCase collected, to generate: testCom.google.common.collect.TopKSelector.combine(TopKSelector)6
16:36:11.335 | INFO  | |> Starting concrete execution for remaining state: com.google.common.collect.TopKSelector.combine(TopKSelector)
16:36:11.616 | DEBUG | --new testCase collected, to generate: testCom.google.common.collect.TopKSelector.combine(TopKSelector)7
16:36:12.535 | INFO  | (X) Cancelling concrete execution: com.google.common.collect.TopKSelector.combine(TopKSelector)
16:36:12.681 | INFO  | Finished (in 7.668 sec): method com.google.common.collect.TopKSelector.combine(TopKSelector) 
<StatsForMethod> :
	#generatedTC=7
	WITH NO EXCEPTIONS
16:36:12.834 | DEBUG |  ... 
16:36:12.835 | INFO  | Started: method com.google.common.collect.TopKSelector.swap(int, int)
16:36:12.835 | INFO  |  -- Remaining time budget: 44827 ms, #remaining_methods: 6, budget for method: 7471 ms, solver timeout: 1000 ms, budget for symbolic execution: 6271 ms, budget for concrete execution: 1200 ms,  -- 
16:36:12.840 | DEBUG | --new testCase collected, to generate: testCom.google.common.collect.TopKSelector.swap(int, int)1
16:36:13.014 | DEBUG | --new testCase collected, to generate: testCom.google.common.collect.TopKSelector.swap(int, int)2
16:36:13.171 | DEBUG | --new testCase collected, to generate: testCom.google.common.collect.TopKSelector.swap(int, int)3
16:36:13.447 | DEBUG | --new testCase collected, to generate: testCom.google.common.collect.TopKSelector.swap(int, int)4
16:36:13.680 | DEBUG | --new testCase collected, to generate: testCom.google.common.collect.TopKSelector.swap(int, int)5
16:36:14.328 | DEBUG | --new testCase collected, to generate: testCom.google.common.collect.TopKSelector.swap(int, int)6
16:36:14.328 | INFO  | Finished (in 1.493 sec): method com.google.common.collect.TopKSelector.swap(int, int) 
<StatsForMethod> :
	#generatedTC=6
	WITH NO EXCEPTIONS
16:36:14.337 | DEBUG |  ... 
16:36:14.338 | INFO  | Started: method com.google.common.collect.TopKSelector.least(int)
16:36:14.338 | INFO  |  -- Remaining time budget: 43325 ms, #remaining_methods: 5, budget for method: 8665 ms, solver timeout: 1000 ms, budget for symbolic execution: 7465 ms, budget for concrete execution: 1200 ms,  -- 
16:36:14.347 | DEBUG | --new testCase collected, to generate: testCom.google.common.collect.TopKSelector.least(int)1
16:36:15.519 | DEBUG | --new testCase collected, to generate: testCom.google.common.collect.TopKSelector.least(int)2
16:36:15.726 | DEBUG | --new testCase collected, to generate: testCom.google.common.collect.TopKSelector.least(int)3
16:36:15.932 | DEBUG | --new testCase collected, to generate: testCom.google.common.collect.TopKSelector.least(int)4
16:36:15.942 | INFO  | Finished (in 1.604 sec): method com.google.common.collect.TopKSelector.least(int) 
<StatsForMethod> :
	#generatedTC=4
	WITH NO EXCEPTIONS
16:36:15.991 | DEBUG |  ... 
16:36:15.992 | INFO  | Started: method com.google.common.collect.TopKSelector.least(int, Comparator)
16:36:15.992 | INFO  |  -- Remaining time budget: 41671 ms, #remaining_methods: 4, budget for method: 10417 ms, solver timeout: 1000 ms, budget for symbolic execution: 9217 ms, budget for concrete execution: 1200 ms,  -- 
16:36:15.997 | DEBUG | --new testCase collected, to generate: testCom.google.common.collect.TopKSelector.least(int, Comparator)1
16:36:16.866 | DEBUG | --new testCase collected, to generate: testCom.google.common.collect.TopKSelector.least(int, Comparator)2
16:36:17.019 | DEBUG | --new testCase collected, to generate: testCom.google.common.collect.TopKSelector.least(int, Comparator)3
16:36:17.096 | DEBUG | --new testCase collected, to generate: testCom.google.common.collect.TopKSelector.least(int, Comparator)4
16:36:17.172 | DEBUG | --new testCase collected, to generate: testCom.google.common.collect.TopKSelector.least(int, Comparator)5
16:36:17.177 | INFO  | Finished (in 1.185 sec): method com.google.common.collect.TopKSelector.least(int, Comparator) 
<StatsForMethod> :
	#generatedTC=5
	WITH NO EXCEPTIONS
16:36:17.205 | DEBUG |  ... 
16:36:17.206 | INFO  | Started: method com.google.common.collect.TopKSelector.greatest(int)
16:36:17.206 | INFO  |  -- Remaining time budget: 40456 ms, #remaining_methods: 3, budget for method: 13485 ms, solver timeout: 1000 ms, budget for symbolic execution: 12285 ms, budget for concrete execution: 1200 ms,  -- 
16:36:17.212 | DEBUG | --new testCase collected, to generate: testCom.google.common.collect.TopKSelector.greatest(int)1
16:36:18.432 | DEBUG | --new testCase collected, to generate: testCom.google.common.collect.TopKSelector.greatest(int)2
16:36:18.511 | DEBUG | --new testCase collected, to generate: testCom.google.common.collect.TopKSelector.greatest(int)3
16:36:18.721 | DEBUG | --new testCase collected, to generate: testCom.google.common.collect.TopKSelector.greatest(int)4
16:36:18.730 | INFO  | Finished (in 1.524 sec): method com.google.common.collect.TopKSelector.greatest(int) 
<StatsForMethod> :
	#generatedTC=4
	WITH NO EXCEPTIONS
16:36:18.772 | DEBUG |  ... 
16:36:18.773 | INFO  | Started: method com.google.common.collect.TopKSelector.greatest(int, Comparator)
16:36:18.773 | INFO  |  -- Remaining time budget: 38889 ms, #remaining_methods: 2, budget for method: 19444 ms, solver timeout: 1000 ms, budget for symbolic execution: 18244 ms, budget for concrete execution: 1200 ms,  -- 
16:36:18.784 | DEBUG | --new testCase collected, to generate: testCom.google.common.collect.TopKSelector.greatest(int, Comparator)1
16:36:18.823 | DEBUG | --new testCase collected, to generate: testCom.google.common.collect.TopKSelector.greatest(int, Comparator)2
16:36:19.784 | DEBUG | --new testCase collected, to generate: testCom.google.common.collect.TopKSelector.greatest(int, Comparator)3
16:36:19.865 | DEBUG | --new testCase collected, to generate: testCom.google.common.collect.TopKSelector.greatest(int, Comparator)4
16:36:19.970 | DEBUG | --new testCase collected, to generate: testCom.google.common.collect.TopKSelector.greatest(int, Comparator)5
16:36:19.976 | INFO  | Finished (in 1.203 sec): method com.google.common.collect.TopKSelector.greatest(int, Comparator) 
<StatsForMethod> :
	#generatedTC=5
	WITH NO EXCEPTIONS
16:36:20.000 | DEBUG |  ... 
16:36:20.001 | INFO  | Started: method com.google.common.collect.TopKSelector.<init>(Comparator, int)
16:36:20.001 | INFO  |  -- Remaining time budget: 37661 ms, #remaining_methods: 1, budget for method: 37661 ms, solver timeout: 1000 ms, budget for symbolic execution: 36461 ms, budget for concrete execution: 1200 ms,  -- 
16:36:20.007 | DEBUG | --new testCase collected, to generate: testCom.google.common.collect.TopKSelector.<init>(Comparator, int)1
16:36:20.252 | DEBUG | --new testCase collected, to generate: testCom.google.common.collect.TopKSelector.<init>(Comparator, int)2
16:36:20.680 | DEBUG | --new testCase collected, to generate: testCom.google.common.collect.TopKSelector.<init>(Comparator, int)3
16:36:20.694 | DEBUG | --new testCase collected, to generate: testCom.google.common.collect.TopKSelector.<init>(Comparator, int)4
16:36:20.700 | INFO  | Finished (in 0.699 sec): method com.google.common.collect.TopKSelector.<init>(Comparator, int) 
<StatsForMethod> :
	#generatedTC=4
	WITH NO EXCEPTIONS
16:36:20.709 | INFO  | Started: Flushing tests for [TopKSelector] on disk
16:36:21.647 | INFO  | File size for TopKSelectorTest: 83 KB
16:36:21.649 | INFO  | Finished (in 0.939 sec): Flushing tests for [TopKSelector] on disk 
16:36:21.649 | INFO  | Finished (in 65.961 sec): class com.google.common.collect.TopKSelector 
<StatsForClass> :
	canceled by timeout = false
	#methods = 13, 
	#methods started symbolic exploration = 13
	#methods with at least one TC = 13
	#methods with exceptions = 2
	#generated TC = 69
	#coverage = null
[READY]
