
>>> TOOL NAME:  utbot-mocks

>>> BENCHMARK:  GUAVA-6

>>> RUN NUMBER: 1

>>> MODE: --only-compute-metrics
Creating directory ./temp
Creating directory ./temp/data
Creating directory ./temp/testcases
Executing /home/utbot_mocks/./runtool
>> BENCHMARK
>> /var/benchmarks/projects/guava/guava/src
>> /var/benchmarks/projects/guava/guava/target/classes
>> 6
>> /var/benchmarks/projects/guava/guava/target/guava-26.0-jre.jar
>> /var/benchmarks/projects/./guava/guava/target/dependency/checker-qual-2.5.2.jar
>> /var/benchmarks/projects/guava/guava/target/dependency/error_prone_annotations-2.1.3.jar
>> /var/benchmarks/projects/guava/guava/target/dependency/j2objc-annotations-1.1.jar
>> /var/benchmarks/projects/guava/guava/target/dependency/jsr305-3.0.2.jar
>> /var/benchmarks/projects/guava/guava/target/dependency/animal-sniffer-annotations-1.14.jar
>> 0
expecting CLASSPATH or READY
<< CLASSPATH
expecting number
<< 0
<< READY
>> 30


### COMPUTING METRICS ###: com.google.common.base.Throwables


Starting class com.google.common.base.Throwables


Ending class com.google.common.base.Throwables
Creating directory results_utbot-mocks_30/GUAVA-6_1/temp/testcases/bin
Creating dummy JUnit test file

---Compilation---

===
javac command line:
/usr/bin/javac -sourcepath /home/utbot_mocks/results_utbot-mocks_30/GUAVA-6_1/temp/testcases -cp /var/benchmarks/projects/guava/guava/target/guava-26.0-jre.jar:/var/benchmarks/projects/./guava/guava/target/dependency/checker-qual-2.5.2.jar:/var/benchmarks/projects/guava/guava/target/dependency/error_prone_annotations-2.1.3.jar:/var/benchmarks/projects/guava/guava/target/dependency/j2objc-annotations-1.1.jar:/var/benchmarks/projects/guava/guava/target/dependency/jsr305-3.0.2.jar:/var/benchmarks/projects/guava/guava/target/dependency/animal-sniffer-annotations-1.14.jar:/usr/local/bin/lib/junit.jar:/usr/local/bin/lib/hamcrest-core.jar -d results_utbot-mocks_30/GUAVA-6_1/temp/testcases/bin /home/utbot_mocks/results_utbot-mocks_30/GUAVA-6_1/temp/testcases/SBSTDummyForCoverageAndMutationCalculation.java


===
javac command line:
/usr/bin/javac -sourcepath /home/utbot_mocks/results_utbot-mocks_30/GUAVA-6_1/temp/testcases -cp /var/benchmarks/projects/guava/guava/target/guava-26.0-jre.jar:/var/benchmarks/projects/./guava/guava/target/dependency/checker-qual-2.5.2.jar:/var/benchmarks/projects/guava/guava/target/dependency/error_prone_annotations-2.1.3.jar:/var/benchmarks/projects/guava/guava/target/dependency/j2objc-annotations-1.1.jar:/var/benchmarks/projects/guava/guava/target/dependency/jsr305-3.0.2.jar:/var/benchmarks/projects/guava/guava/target/dependency/animal-sniffer-annotations-1.14.jar:/usr/local/bin/lib/junit.jar:/usr/local/bin/lib/hamcrest-core.jar -d results_utbot-mocks_30/GUAVA-6_1/temp/testcases/bin /home/utbot_mocks/results_utbot-mocks_30/GUAVA-6_1/temp/testcases/com/google/common/base/ThrowablesTest.java

/home/utbot_mocks/results_utbot-mocks_30/GUAVA-6_1/temp/testcases/com/google/common/base/ThrowablesTest.java:16: warning: ConnectionResetException is internal proprietary API and may be removed in a future release
import sun.net.ConnectionResetException;
              ^
/home/utbot_mocks/results_utbot-mocks_30/GUAVA-6_1/temp/testcases/com/google/common/base/ThrowablesTest.java:28: warning: Unsafe is internal proprietary API and may be removed in a future release
import sun.misc.Unsafe;
               ^
/home/utbot_mocks/results_utbot-mocks_30/GUAVA-6_1/temp/testcases/com/google/common/base/ThrowablesTest.java:31: error: package org.mockito does not exist
import static org.mockito.ArgumentMatchers.any;
                         ^
/home/utbot_mocks/results_utbot-mocks_30/GUAVA-6_1/temp/testcases/com/google/common/base/ThrowablesTest.java:31: error: static import only from classes and interfaces
import static org.mockito.ArgumentMatchers.any;
^
/home/utbot_mocks/results_utbot-mocks_30/GUAVA-6_1/temp/testcases/com/google/common/base/ThrowablesTest.java:32: error: package org.mockito does not exist
import static org.mockito.Mockito.mockStatic;
                         ^
/home/utbot_mocks/results_utbot-mocks_30/GUAVA-6_1/temp/testcases/com/google/common/base/ThrowablesTest.java:32: error: static import only from classes and interfaces
import static org.mockito.Mockito.mockStatic;
^
/home/utbot_mocks/results_utbot-mocks_30/GUAVA-6_1/temp/testcases/com/google/common/base/ThrowablesTest.java:87: error: package org.mockito does not exist
        org.mockito.MockedStatic mockedStatic = null;
                   ^
/home/utbot_mocks/results_utbot-mocks_30/GUAVA-6_1/temp/testcases/com/google/common/base/ThrowablesTest.java:89: error: cannot find symbol
            mockedStatic = mockStatic(Preconditions.class);
                           ^
  symbol:   method mockStatic(Class<Preconditions>)
  location: class ThrowablesTest
/home/utbot_mocks/results_utbot-mocks_30/GUAVA-6_1/temp/testcases/com/google/common/base/ThrowablesTest.java:91: error: cannot find symbol
                Preconditions.checkNotNull(any());
                                           ^
  symbol:   method any()
  location: class ThrowablesTest
/home/utbot_mocks/results_utbot-mocks_30/GUAVA-6_1/temp/testcases/com/google/common/base/ThrowablesTest.java:105: error: package org.mockito does not exist
        org.mockito.MockedStatic mockedStatic = null;
                   ^
/home/utbot_mocks/results_utbot-mocks_30/GUAVA-6_1/temp/testcases/com/google/common/base/ThrowablesTest.java:107: error: cannot find symbol
            mockedStatic = mockStatic(Preconditions.class);
                           ^
  symbol:   method mockStatic(Class<Preconditions>)
  location: class ThrowablesTest
/home/utbot_mocks/results_utbot-mocks_30/GUAVA-6_1/temp/testcases/com/google/common/base/ThrowablesTest.java:110: error: cannot find symbol
                Preconditions.checkNotNull(any());
                                           ^
  symbol:   method any()
  location: class ThrowablesTest
/home/utbot_mocks/results_utbot-mocks_30/GUAVA-6_1/temp/testcases/com/google/common/base/ThrowablesTest.java:125: error: package org.mockito does not exist
        org.mockito.MockedStatic mockedStatic = null;
                   ^
/home/utbot_mocks/results_utbot-mocks_30/GUAVA-6_1/temp/testcases/com/google/common/base/ThrowablesTest.java:127: error: cannot find symbol
            mockedStatic = mockStatic(Preconditions.class);
                           ^
  symbol:   method mockStatic(Class<Preconditions>)
  location: class ThrowablesTest
/home/utbot_mocks/results_utbot-mocks_30/GUAVA-6_1/temp/testcases/com/google/common/base/ThrowablesTest.java:129: error: cannot find symbol
                Preconditions.checkNotNull(any());
                                           ^
  symbol:   method any()
  location: class ThrowablesTest
/home/utbot_mocks/results_utbot-mocks_30/GUAVA-6_1/temp/testcases/com/google/common/base/ThrowablesTest.java:154: error: package org.mockito does not exist
        org.mockito.MockedStatic mockedStatic = null;
                   ^
/home/utbot_mocks/results_utbot-mocks_30/GUAVA-6_1/temp/testcases/com/google/common/base/ThrowablesTest.java:156: error: cannot find symbol
            mockedStatic = mockStatic(Preconditions.class);
                           ^
  symbol:   method mockStatic(Class<Preconditions>)
  location: class ThrowablesTest
/home/utbot_mocks/results_utbot-mocks_30/GUAVA-6_1/temp/testcases/com/google/common/base/ThrowablesTest.java:158: error: cannot find symbol
                Preconditions.checkNotNull(any());
                                           ^
  symbol:   method any()
  location: class ThrowablesTest
/home/utbot_mocks/results_utbot-mocks_30/GUAVA-6_1/temp/testcases/com/google/common/base/ThrowablesTest.java:173: error: package org.mockito does not exist
        org.mockito.MockedStatic mockedStatic = null;
                   ^
/home/utbot_mocks/results_utbot-mocks_30/GUAVA-6_1/temp/testcases/com/google/common/base/ThrowablesTest.java:175: error: cannot find symbol
            mockedStatic = mockStatic(Preconditions.class);
                           ^
  symbol:   method mockStatic(Class<Preconditions>)
  location: class ThrowablesTest
/home/utbot_mocks/results_utbot-mocks_30/GUAVA-6_1/temp/testcases/com/google/common/base/ThrowablesTest.java:177: error: cannot find symbol
                Preconditions.checkNotNull(any());
                                           ^
  symbol:   method any()
  location: class ThrowablesTest
/home/utbot_mocks/results_utbot-mocks_30/GUAVA-6_1/temp/testcases/com/google/common/base/ThrowablesTest.java:192: error: package org.mockito does not exist
        org.mockito.MockedStatic mockedStatic = null;
                   ^
/home/utbot_mocks/results_utbot-mocks_30/GUAVA-6_1/temp/testcases/com/google/common/base/ThrowablesTest.java:194: error: cannot find symbol
            mockedStatic = mockStatic(Preconditions.class);
                           ^
  symbol:   method mockStatic(Class<Preconditions>)
  location: class ThrowablesTest
/home/utbot_mocks/results_utbot-mocks_30/GUAVA-6_1/temp/testcases/com/google/common/base/ThrowablesTest.java:196: error: cannot find symbol
                Preconditions.checkNotNull(any());
                                           ^
  symbol:   method any()
  location: class ThrowablesTest
/home/utbot_mocks/results_utbot-mocks_30/GUAVA-6_1/temp/testcases/com/google/common/base/ThrowablesTest.java:211: error: package org.mockito does not exist
        org.mockito.MockedStatic mockedStatic = null;
                   ^
/home/utbot_mocks/results_utbot-mocks_30/GUAVA-6_1/temp/testcases/com/google/common/base/ThrowablesTest.java:213: error: cannot find symbol
            mockedStatic = mockStatic(Preconditions.class);
                           ^
  symbol:   method mockStatic(Class<Preconditions>)
  location: class ThrowablesTest
/home/utbot_mocks/results_utbot-mocks_30/GUAVA-6_1/temp/testcases/com/google/common/base/ThrowablesTest.java:215: error: cannot find symbol
                Preconditions.checkNotNull(any());
                                           ^
  symbol:   method any()
  location: class ThrowablesTest
/home/utbot_mocks/results_utbot-mocks_30/GUAVA-6_1/temp/testcases/com/google/common/base/ThrowablesTest.java:229: error: package org.mockito does not exist
        org.mockito.MockedStatic mockedStatic = null;
                   ^
/home/utbot_mocks/results_utbot-mocks_30/GUAVA-6_1/temp/testcases/com/google/common/base/ThrowablesTest.java:231: error: cannot find symbol
            mockedStatic = mockStatic(Preconditions.class);
                           ^
  symbol:   method mockStatic(Class<Preconditions>)
  location: class ThrowablesTest
/home/utbot_mocks/results_utbot-mocks_30/GUAVA-6_1/temp/testcases/com/google/common/base/ThrowablesTest.java:233: error: cannot find symbol
                Preconditions.checkNotNull(any());
                                           ^
  symbol:   method any()
  location: class ThrowablesTest
/home/utbot_mocks/results_utbot-mocks_30/GUAVA-6_1/temp/testcases/com/google/common/base/ThrowablesTest.java:248: error: package org.mockito does not exist
        org.mockito.MockedStatic mockedStatic = null;
                   ^
/home/utbot_mocks/results_utbot-mocks_30/GUAVA-6_1/temp/testcases/com/google/common/base/ThrowablesTest.java:250: error: cannot find symbol
            mockedStatic = mockStatic(Preconditions.class);
                           ^
  symbol:   method mockStatic(Class<Preconditions>)
  location: class ThrowablesTest
/home/utbot_mocks/results_utbot-mocks_30/GUAVA-6_1/temp/testcases/com/google/common/base/ThrowablesTest.java:252: error: cannot find symbol
                Preconditions.checkNotNull(any());
                                           ^
  symbol:   method any()
  location: class ThrowablesTest
/home/utbot_mocks/results_utbot-mocks_30/GUAVA-6_1/temp/testcases/com/google/common/base/ThrowablesTest.java:278: error: package org.mockito does not exist
        org.mockito.MockedStatic mockedStatic = null;
                   ^
/home/utbot_mocks/results_utbot-mocks_30/GUAVA-6_1/temp/testcases/com/google/common/base/ThrowablesTest.java:280: error: cannot find symbol
            mockedStatic = mockStatic(Preconditions.class);
                           ^
  symbol:   method mockStatic(Class<Preconditions>)
  location: class ThrowablesTest
/home/utbot_mocks/results_utbot-mocks_30/GUAVA-6_1/temp/testcases/com/google/common/base/ThrowablesTest.java:282: error: cannot find symbol
                Preconditions.checkNotNull(any());
                                           ^
  symbol:   method any()
  location: class ThrowablesTest
/home/utbot_mocks/results_utbot-mocks_30/GUAVA-6_1/temp/testcases/com/google/common/base/ThrowablesTest.java:298: error: package org.mockito does not exist
        org.mockito.MockedStatic mockedStatic = null;
                   ^
/home/utbot_mocks/results_utbot-mocks_30/GUAVA-6_1/temp/testcases/com/google/common/base/ThrowablesTest.java:300: error: cannot find symbol
            mockedStatic = mockStatic(Preconditions.class);
                           ^
  symbol:   method mockStatic(Class<Preconditions>)
  location: class ThrowablesTest
/home/utbot_mocks/results_utbot-mocks_30/GUAVA-6_1/temp/testcases/com/google/common/base/ThrowablesTest.java:302: error: cannot find symbol
                Preconditions.checkNotNull(any());
                                           ^
  symbol:   method any()
  location: class ThrowablesTest
/home/utbot_mocks/results_utbot-mocks_30/GUAVA-6_1/temp/testcases/com/google/common/base/ThrowablesTest.java:336: error: package org.mockito does not exist
        org.mockito.MockedStatic mockedStatic = null;
                   ^
/home/utbot_mocks/results_utbot-mocks_30/GUAVA-6_1/temp/testcases/com/google/common/base/ThrowablesTest.java:338: error: cannot find symbol
            mockedStatic = mockStatic(Preconditions.class);
                           ^
  symbol:   method mockStatic(Class<Preconditions>)
  location: class ThrowablesTest
/home/utbot_mocks/results_utbot-mocks_30/GUAVA-6_1/temp/testcases/com/google/common/base/ThrowablesTest.java:340: error: cannot find symbol
                Preconditions.checkNotNull(any());
                                           ^
  symbol:   method any()
  location: class ThrowablesTest
/home/utbot_mocks/results_utbot-mocks_30/GUAVA-6_1/temp/testcases/com/google/common/base/ThrowablesTest.java:355: error: package org.mockito does not exist
        org.mockito.MockedStatic mockedStatic = null;
                   ^
/home/utbot_mocks/results_utbot-mocks_30/GUAVA-6_1/temp/testcases/com/google/common/base/ThrowablesTest.java:357: error: cannot find symbol
            mockedStatic = mockStatic(Preconditions.class);
                           ^
  symbol:   method mockStatic(Class<Preconditions>)
  location: class ThrowablesTest
/home/utbot_mocks/results_utbot-mocks_30/GUAVA-6_1/temp/testcases/com/google/common/base/ThrowablesTest.java:359: error: cannot find symbol
                Preconditions.checkNotNull(any());
                                           ^
  symbol:   method any()
  location: class ThrowablesTest
/home/utbot_mocks/results_utbot-mocks_30/GUAVA-6_1/temp/testcases/com/google/common/base/ThrowablesTest.java:374: error: package org.mockito does not exist
        org.mockito.MockedStatic mockedStatic = null;
                   ^
/home/utbot_mocks/results_utbot-mocks_30/GUAVA-6_1/temp/testcases/com/google/common/base/ThrowablesTest.java:376: error: cannot find symbol
            mockedStatic = mockStatic(Preconditions.class);
                           ^
  symbol:   method mockStatic(Class<Preconditions>)
  location: class ThrowablesTest
/home/utbot_mocks/results_utbot-mocks_30/GUAVA-6_1/temp/testcases/com/google/common/base/ThrowablesTest.java:378: error: cannot find symbol
                Preconditions.checkNotNull(any());
                                           ^
  symbol:   method any()
  location: class ThrowablesTest
/home/utbot_mocks/results_utbot-mocks_30/GUAVA-6_1/temp/testcases/com/google/common/base/ThrowablesTest.java:412: error: package org.mockito does not exist
        org.mockito.MockedStatic mockedStatic = null;
                   ^
/home/utbot_mocks/results_utbot-mocks_30/GUAVA-6_1/temp/testcases/com/google/common/base/ThrowablesTest.java:414: error: cannot find symbol
            mockedStatic = mockStatic(Preconditions.class);
                           ^
  symbol:   method mockStatic(Class<Preconditions>)
  location: class ThrowablesTest
/home/utbot_mocks/results_utbot-mocks_30/GUAVA-6_1/temp/testcases/com/google/common/base/ThrowablesTest.java:416: error: cannot find symbol
                Preconditions.checkNotNull(any());
                                           ^
  symbol:   method any()
  location: class ThrowablesTest
/home/utbot_mocks/results_utbot-mocks_30/GUAVA-6_1/temp/testcases/com/google/common/base/ThrowablesTest.java:509: warning: ConnectionResetException is internal proprietary API and may be removed in a future release
        sun.net.ConnectionResetException[] connectionResetExceptionArray = new sun.net.ConnectionResetException[0];
               ^
/home/utbot_mocks/results_utbot-mocks_30/GUAVA-6_1/temp/testcases/com/google/common/base/ThrowablesTest.java:509: warning: ConnectionResetException is internal proprietary API and may be removed in a future release
        sun.net.ConnectionResetException[] connectionResetExceptionArray = new sun.net.ConnectionResetException[0];
                                                                                      ^
/home/utbot_mocks/results_utbot-mocks_30/GUAVA-6_1/temp/testcases/com/google/common/base/ThrowablesTest.java:540: warning: JavaLangAccess is internal proprietary API and may be removed in a future release
        Class class1 = sun.misc.JavaLangAccess.class;
                               ^
/home/utbot_mocks/results_utbot-mocks_30/GUAVA-6_1/temp/testcases/com/google/common/base/ThrowablesTest.java:605: warning: JavaLangAccess is internal proprietary API and may be removed in a future release
        Class class1 = sun.misc.JavaLangAccess.class;
                               ^
/home/utbot_mocks/results_utbot-mocks_30/GUAVA-6_1/temp/testcases/com/google/common/base/ThrowablesTest.java:920: warning: Unsafe is internal proprietary API and may be removed in a future release
    private static sun.misc.Unsafe getUnsafeInstance() throws Exception {
                           ^
/home/utbot_mocks/results_utbot-mocks_30/GUAVA-6_1/temp/testcases/com/google/common/base/ThrowablesTest.java:921: warning: Unsafe is internal proprietary API and may be removed in a future release
        java.lang.reflect.Field f = sun.misc.Unsafe.class.getDeclaredField("theUnsafe");
                                            ^
/home/utbot_mocks/results_utbot-mocks_30/GUAVA-6_1/temp/testcases/com/google/common/base/ThrowablesTest.java:923: warning: Unsafe is internal proprietary API and may be removed in a future release
        return (sun.misc.Unsafe) f.get(null);
                        ^
Note: /home/utbot_mocks/results_utbot-mocks_30/GUAVA-6_1/temp/testcases/com/google/common/base/ThrowablesTest.java uses or overrides a deprecated API.
Note: Recompile with -Xlint:deprecation for details.
Note: /home/utbot_mocks/results_utbot-mocks_30/GUAVA-6_1/temp/testcases/com/google/common/base/ThrowablesTest.java uses unchecked or unsafe operations.
Note: Recompile with -Xlint:unchecked for details.
49 errors
9 warnings
Failed to compile 'com/google/common/base/ThrowablesTest.java'!
shaded.org.apache.commons.exec.ExecuteException: Process exited with an error: 1 (Exit value: 1)
	at shaded.org.apache.commons.exec.DefaultExecutor.executeInternal(DefaultExecutor.java:377)
	at shaded.org.apache.commons.exec.DefaultExecutor.execute(DefaultExecutor.java:160)
	at shaded.org.apache.commons.exec.DefaultExecutor.execute(DefaultExecutor.java:147)
	at sbst.benchmark.TestSuite.compile(TestSuite.java:250)
	at sbst.benchmark.TestSuite.<init>(TestSuite.java:68)
	at sbst.benchmark.TranscriptWriter.endClass(TranscriptWriter.java:136)
	at sbst.benchmark.RunTool.execute(RunTool.java:141)
	at sbst.benchmark.RunTool.run(RunTool.java:62)
	at sbst.benchmark.Main.main(Main.java:160)

---Timing Information---
Running tests with the following classpath: 
/var/benchmarks/projects/guava/guava/target/guava-26.0-jre.jar:/var/benchmarks/projects/./guava/guava/target/dependency/checker-qual-2.5.2.jar:/var/benchmarks/projects/guava/guava/target/dependency/error_prone_annotations-2.1.3.jar:/var/benchmarks/projects/guava/guava/target/dependency/j2objc-annotations-1.1.jar:/var/benchmarks/projects/guava/guava/target/dependency/jsr305-3.0.2.jar:/var/benchmarks/projects/guava/guava/target/dependency/animal-sniffer-annotations-1.14.jar:/usr/local/bin/lib/junit.jar:/usr/local/bin/lib/hamcrest-core.jar:/home/utbot_mocks/results_utbot-mocks_30/GUAVA-6_1/temp/testcases/bin
Running the tests: [SBSTDummyForCoverageAndMutationCalculation]
Executions terminated

---The tests are re-executed other four times to find the flaky ones---
Running the tests: [SBSTDummyForCoverageAndMutationCalculation]
Executions terminated
Running the tests: [SBSTDummyForCoverageAndMutationCalculation]
Executions terminated
Running the tests: [SBSTDummyForCoverageAndMutationCalculation]
Executions terminated
Running the tests: [SBSTDummyForCoverageAndMutationCalculation]
Executions terminated

=== Run Jacoco for Coverage ===
Number of instrumented file = 2323
Running tests with the following classpath: 
/home/utbot_mocks/results_utbot-mocks_30/GUAVA-6_1/temp/testcases/guava-26.0-jre_instrumented.jar:/home/utbot_mocks/results_utbot-mocks_30/GUAVA-6_1/temp/testcases/checker-qual-2.5.2_instrumented.jar:/home/utbot_mocks/results_utbot-mocks_30/GUAVA-6_1/temp/testcases/error_prone_annotations-2.1.3_instrumented.jar:/home/utbot_mocks/results_utbot-mocks_30/GUAVA-6_1/temp/testcases/j2objc-annotations-1.1_instrumented.jar:/home/utbot_mocks/results_utbot-mocks_30/GUAVA-6_1/temp/testcases/jsr305-3.0.2_instrumented.jar:/home/utbot_mocks/results_utbot-mocks_30/GUAVA-6_1/temp/testcases/animal-sniffer-annotations-1.14_instrumented.jar:/usr/local/bin/lib/hamcrest-core.jar:/usr/local/bin/lib/junit.jar:/home/utbot_mocks/results_utbot-mocks_30/GUAVA-6_1/temp/testcases/bin
Running the tests: [SBSTDummyForCoverageAndMutationCalculation]
Executions terminated
Number of file with coverage information = 1951
Extracted coverage data for the class com/google/common/base/Throwables
Number of file with coverage information = 302
Number of file with coverage information = 22
Number of file with coverage information = 12
Number of file with coverage information = 35
Number of file with coverage information = 1

=== Run PIT ===
Matching Jacoco with PIT: find covered mutations
Executing Mutation Analysis using 41 mutants 

>>> RESULTS:
	Tool name: utbot-mocks
	Benchmark: GUAVA-6
	Class Under Test: com.google.common.base.Throwables
	Run number: 1
	Tool preparation time (ms): 13268
	Tool test cases generation time (ms): 25667
	Test cases execution time (ms): 10
	Test case number: 37
	Uncompilable Test Classes: 1
	Broken tests number: 0
	Failing tests number: 0
	Lines total: 92
	Lines covered: 0
	Lines coverage ratio (%): 0.0
	Conditions total: 38
	Conditions covered: 0
	Conditions coverage ratio (%): 0.0
	Mutants total: 41
	Mutants covered: 0
	Mutants coverage ratio (%): 0.0
	Mutants killed: 0
	Mutants killed ratio (%): 0.0
	Mutants alive: 41


Class com.google.common.base.Throwables ended.
Stopping process...
Tool subprocess is an instance of java.lang.UNIXProcess
Tool subprocess Id is 13968
Killing master process 13968
Executing command kill -9 13968
Execution of command kill -9 13968 finished.
Process was destroyed
