
>>> TOOL NAME:  utbot-mocks

>>> BENCHMARK:  GUAVA-174

>>> RUN NUMBER: 2

>>> MODE: --only-compute-metrics
Creating directory ./temp
Creating directory ./temp/data
Creating directory ./temp/testcases
Executing /home/utbot_mocks/./runtool
>> BENCHMARK
>> /var/benchmarks/projects/guava/guava/src
>> /var/benchmarks/projects/guava/guava/target/classes
>> 6
>> /var/benchmarks/projects/guava/guava/target/guava-26.0-jre.jar
>> /var/benchmarks/projects/./guava/guava/target/dependency/checker-qual-2.5.2.jar
>> /var/benchmarks/projects/guava/guava/target/dependency/error_prone_annotations-2.1.3.jar
>> /var/benchmarks/projects/guava/guava/target/dependency/j2objc-annotations-1.1.jar
>> /var/benchmarks/projects/guava/guava/target/dependency/jsr305-3.0.2.jar
>> /var/benchmarks/projects/guava/guava/target/dependency/animal-sniffer-annotations-1.14.jar
>> 0
expecting CLASSPATH or READY
<< CLASSPATH
expecting number
<< 0
<< READY
>> 120


### COMPUTING METRICS ###: com.google.common.collect.TopKSelector


Starting class com.google.common.collect.TopKSelector


Ending class com.google.common.collect.TopKSelector
Creating directory results_utbot-mocks_120/GUAVA-174_2/temp/testcases/bin
Creating dummy JUnit test file

---Compilation---

===
javac command line:
/usr/bin/javac -sourcepath /home/utbot_mocks/results_utbot-mocks_120/GUAVA-174_2/temp/testcases -cp /var/benchmarks/projects/guava/guava/target/guava-26.0-jre.jar:/var/benchmarks/projects/./guava/guava/target/dependency/checker-qual-2.5.2.jar:/var/benchmarks/projects/guava/guava/target/dependency/error_prone_annotations-2.1.3.jar:/var/benchmarks/projects/guava/guava/target/dependency/j2objc-annotations-1.1.jar:/var/benchmarks/projects/guava/guava/target/dependency/jsr305-3.0.2.jar:/var/benchmarks/projects/guava/guava/target/dependency/animal-sniffer-annotations-1.14.jar:/usr/local/bin/lib/junit.jar:/usr/local/bin/lib/hamcrest-core.jar -d results_utbot-mocks_120/GUAVA-174_2/temp/testcases/bin /home/utbot_mocks/results_utbot-mocks_120/GUAVA-174_2/temp/testcases/SBSTDummyForCoverageAndMutationCalculation.java


===
javac command line:
/usr/bin/javac -sourcepath /home/utbot_mocks/results_utbot-mocks_120/GUAVA-174_2/temp/testcases -cp /var/benchmarks/projects/guava/guava/target/guava-26.0-jre.jar:/var/benchmarks/projects/./guava/guava/target/dependency/checker-qual-2.5.2.jar:/var/benchmarks/projects/guava/guava/target/dependency/error_prone_annotations-2.1.3.jar:/var/benchmarks/projects/guava/guava/target/dependency/j2objc-annotations-1.1.jar:/var/benchmarks/projects/guava/guava/target/dependency/jsr305-3.0.2.jar:/var/benchmarks/projects/guava/guava/target/dependency/animal-sniffer-annotations-1.14.jar:/usr/local/bin/lib/junit.jar:/usr/local/bin/lib/hamcrest-core.jar -d results_utbot-mocks_120/GUAVA-174_2/temp/testcases/bin /home/utbot_mocks/results_utbot-mocks_120/GUAVA-174_2/temp/testcases/com/google/common/collect/TopKSelectorTest.java

/home/utbot_mocks/results_utbot-mocks_120/GUAVA-174_2/temp/testcases/com/google/common/collect/TopKSelectorTest.java:4: warning: ASCIICaseInsensitiveComparator is internal proprietary API and may be removed in a future release
import sun.misc.ASCIICaseInsensitiveComparator;
               ^
/home/utbot_mocks/results_utbot-mocks_120/GUAVA-174_2/temp/testcases/com/google/common/collect/TopKSelectorTest.java:22: warning: Unsafe is internal proprietary API and may be removed in a future release
import sun.misc.Unsafe;
               ^
/home/utbot_mocks/results_utbot-mocks_120/GUAVA-174_2/temp/testcases/com/google/common/collect/TopKSelectorTest.java:27: error: package org.mockito does not exist
import static org.mockito.ArgumentMatchers.anyInt;
                         ^
/home/utbot_mocks/results_utbot-mocks_120/GUAVA-174_2/temp/testcases/com/google/common/collect/TopKSelectorTest.java:27: error: static import only from classes and interfaces
import static org.mockito.ArgumentMatchers.anyInt;
^
/home/utbot_mocks/results_utbot-mocks_120/GUAVA-174_2/temp/testcases/com/google/common/collect/TopKSelectorTest.java:28: error: package org.mockito does not exist
import static org.mockito.ArgumentMatchers.any;
                         ^
/home/utbot_mocks/results_utbot-mocks_120/GUAVA-174_2/temp/testcases/com/google/common/collect/TopKSelectorTest.java:28: error: static import only from classes and interfaces
import static org.mockito.ArgumentMatchers.any;
^
/home/utbot_mocks/results_utbot-mocks_120/GUAVA-174_2/temp/testcases/com/google/common/collect/TopKSelectorTest.java:29: error: package org.mockito does not exist
import static org.mockito.Mockito.mockStatic;
                         ^
/home/utbot_mocks/results_utbot-mocks_120/GUAVA-174_2/temp/testcases/com/google/common/collect/TopKSelectorTest.java:29: error: static import only from classes and interfaces
import static org.mockito.Mockito.mockStatic;
^
/home/utbot_mocks/results_utbot-mocks_120/GUAVA-174_2/temp/testcases/com/google/common/collect/TopKSelectorTest.java:31: error: package org.mockito does not exist
import static org.mockito.Mockito.mock;
                         ^
/home/utbot_mocks/results_utbot-mocks_120/GUAVA-174_2/temp/testcases/com/google/common/collect/TopKSelectorTest.java:31: error: static import only from classes and interfaces
import static org.mockito.Mockito.mock;
^
/home/utbot_mocks/results_utbot-mocks_120/GUAVA-174_2/temp/testcases/com/google/common/collect/TopKSelectorTest.java:32: error: package org.mockito does not exist
import static org.mockito.ArgumentMatchers.anyBoolean;
                         ^
/home/utbot_mocks/results_utbot-mocks_120/GUAVA-174_2/temp/testcases/com/google/common/collect/TopKSelectorTest.java:32: error: static import only from classes and interfaces
import static org.mockito.ArgumentMatchers.anyBoolean;
^
/home/utbot_mocks/results_utbot-mocks_120/GUAVA-174_2/temp/testcases/com/google/common/collect/TopKSelectorTest.java:33: error: package org.mockito does not exist
import static org.mockito.ArgumentMatchers.anyString;
                         ^
/home/utbot_mocks/results_utbot-mocks_120/GUAVA-174_2/temp/testcases/com/google/common/collect/TopKSelectorTest.java:33: error: static import only from classes and interfaces
import static org.mockito.ArgumentMatchers.anyString;
^
/home/utbot_mocks/results_utbot-mocks_120/GUAVA-174_2/temp/testcases/com/google/common/collect/TopKSelectorTest.java:34: error: package org.mockito does not exist
import static org.mockito.Mockito.when;
                         ^
/home/utbot_mocks/results_utbot-mocks_120/GUAVA-174_2/temp/testcases/com/google/common/collect/TopKSelectorTest.java:34: error: static import only from classes and interfaces
import static org.mockito.Mockito.when;
^
/home/utbot_mocks/results_utbot-mocks_120/GUAVA-174_2/temp/testcases/com/google/common/collect/TopKSelectorTest.java:136: warning: ASCIICaseInsensitiveComparator is internal proprietary API and may be removed in a future release
        ASCIICaseInsensitiveComparator aSCIICaseInsensitiveComparator = ((ASCIICaseInsensitiveComparator) createInstance("sun.misc.ASCIICaseInsensitiveComparator"));
        ^
/home/utbot_mocks/results_utbot-mocks_120/GUAVA-174_2/temp/testcases/com/google/common/collect/TopKSelectorTest.java:136: warning: ASCIICaseInsensitiveComparator is internal proprietary API and may be removed in a future release
        ASCIICaseInsensitiveComparator aSCIICaseInsensitiveComparator = ((ASCIICaseInsensitiveComparator) createInstance("sun.misc.ASCIICaseInsensitiveComparator"));
                                                                          ^
/home/utbot_mocks/results_utbot-mocks_120/GUAVA-174_2/temp/testcases/com/google/common/collect/TopKSelectorTest.java:154: warning: ASCIICaseInsensitiveComparator is internal proprietary API and may be removed in a future release
        ASCIICaseInsensitiveComparator aSCIICaseInsensitiveComparator = ((ASCIICaseInsensitiveComparator) createInstance("sun.misc.ASCIICaseInsensitiveComparator"));
        ^
/home/utbot_mocks/results_utbot-mocks_120/GUAVA-174_2/temp/testcases/com/google/common/collect/TopKSelectorTest.java:154: warning: ASCIICaseInsensitiveComparator is internal proprietary API and may be removed in a future release
        ASCIICaseInsensitiveComparator aSCIICaseInsensitiveComparator = ((ASCIICaseInsensitiveComparator) createInstance("sun.misc.ASCIICaseInsensitiveComparator"));
                                                                          ^
/home/utbot_mocks/results_utbot-mocks_120/GUAVA-174_2/temp/testcases/com/google/common/collect/TopKSelectorTest.java:173: warning: ASCIICaseInsensitiveComparator is internal proprietary API and may be removed in a future release
        ASCIICaseInsensitiveComparator aSCIICaseInsensitiveComparator = ((ASCIICaseInsensitiveComparator) createInstance("sun.misc.ASCIICaseInsensitiveComparator"));
        ^
/home/utbot_mocks/results_utbot-mocks_120/GUAVA-174_2/temp/testcases/com/google/common/collect/TopKSelectorTest.java:173: warning: ASCIICaseInsensitiveComparator is internal proprietary API and may be removed in a future release
        ASCIICaseInsensitiveComparator aSCIICaseInsensitiveComparator = ((ASCIICaseInsensitiveComparator) createInstance("sun.misc.ASCIICaseInsensitiveComparator"));
                                                                          ^
/home/utbot_mocks/results_utbot-mocks_120/GUAVA-174_2/temp/testcases/com/google/common/collect/TopKSelectorTest.java:448: warning: ASCIICaseInsensitiveComparator is internal proprietary API and may be removed in a future release
        ASCIICaseInsensitiveComparator aSCIICaseInsensitiveComparator = ((ASCIICaseInsensitiveComparator) createInstance("sun.misc.ASCIICaseInsensitiveComparator"));
        ^
/home/utbot_mocks/results_utbot-mocks_120/GUAVA-174_2/temp/testcases/com/google/common/collect/TopKSelectorTest.java:448: warning: ASCIICaseInsensitiveComparator is internal proprietary API and may be removed in a future release
        ASCIICaseInsensitiveComparator aSCIICaseInsensitiveComparator = ((ASCIICaseInsensitiveComparator) createInstance("sun.misc.ASCIICaseInsensitiveComparator"));
                                                                          ^
/home/utbot_mocks/results_utbot-mocks_120/GUAVA-174_2/temp/testcases/com/google/common/collect/TopKSelectorTest.java:477: warning: ASCIICaseInsensitiveComparator is internal proprietary API and may be removed in a future release
        ASCIICaseInsensitiveComparator aSCIICaseInsensitiveComparator = ((ASCIICaseInsensitiveComparator) createInstance("sun.misc.ASCIICaseInsensitiveComparator"));
        ^
/home/utbot_mocks/results_utbot-mocks_120/GUAVA-174_2/temp/testcases/com/google/common/collect/TopKSelectorTest.java:477: warning: ASCIICaseInsensitiveComparator is internal proprietary API and may be removed in a future release
        ASCIICaseInsensitiveComparator aSCIICaseInsensitiveComparator = ((ASCIICaseInsensitiveComparator) createInstance("sun.misc.ASCIICaseInsensitiveComparator"));
                                                                          ^
/home/utbot_mocks/results_utbot-mocks_120/GUAVA-174_2/temp/testcases/com/google/common/collect/TopKSelectorTest.java:689: error: package org.mockito does not exist
        org.mockito.MockedStatic mockedStatic = null;
                   ^
/home/utbot_mocks/results_utbot-mocks_120/GUAVA-174_2/temp/testcases/com/google/common/collect/TopKSelectorTest.java:691: error: cannot find symbol
            mockedStatic = mockStatic(com.google.common.math.IntMath.class);
                           ^
  symbol:   method mockStatic(Class<IntMath>)
  location: class TopKSelectorTest
/home/utbot_mocks/results_utbot-mocks_120/GUAVA-174_2/temp/testcases/com/google/common/collect/TopKSelectorTest.java:693: error: cannot find symbol
                com.google.common.math.IntMath.log2(anyInt(), any());
                                                    ^
  symbol:   method anyInt()
  location: class TopKSelectorTest
/home/utbot_mocks/results_utbot-mocks_120/GUAVA-174_2/temp/testcases/com/google/common/collect/TopKSelectorTest.java:693: error: cannot find symbol
                com.google.common.math.IntMath.log2(anyInt(), any());
                                                              ^
  symbol:   method any()
  location: class TopKSelectorTest
/home/utbot_mocks/results_utbot-mocks_120/GUAVA-174_2/temp/testcases/com/google/common/collect/TopKSelectorTest.java:719: error: package org.mockito does not exist
        org.mockito.MockedStatic mockedStatic = null;
                   ^
/home/utbot_mocks/results_utbot-mocks_120/GUAVA-174_2/temp/testcases/com/google/common/collect/TopKSelectorTest.java:721: error: cannot find symbol
            mockedStatic = mockStatic(com.google.common.math.IntMath.class);
                           ^
  symbol:   method mockStatic(Class<IntMath>)
  location: class TopKSelectorTest
/home/utbot_mocks/results_utbot-mocks_120/GUAVA-174_2/temp/testcases/com/google/common/collect/TopKSelectorTest.java:723: error: cannot find symbol
                com.google.common.math.IntMath.log2(anyInt(), any());
                                                    ^
  symbol:   method anyInt()
  location: class TopKSelectorTest
/home/utbot_mocks/results_utbot-mocks_120/GUAVA-174_2/temp/testcases/com/google/common/collect/TopKSelectorTest.java:723: error: cannot find symbol
                com.google.common.math.IntMath.log2(anyInt(), any());
                                                              ^
  symbol:   method any()
  location: class TopKSelectorTest
/home/utbot_mocks/results_utbot-mocks_120/GUAVA-174_2/temp/testcases/com/google/common/collect/TopKSelectorTest.java:760: error: package org.mockito does not exist
        org.mockito.MockedStatic mockedStatic = null;
                   ^
/home/utbot_mocks/results_utbot-mocks_120/GUAVA-174_2/temp/testcases/com/google/common/collect/TopKSelectorTest.java:762: error: cannot find symbol
            mockedStatic = mockStatic(com.google.common.math.IntMath.class);
                           ^
  symbol:   method mockStatic(Class<IntMath>)
  location: class TopKSelectorTest
/home/utbot_mocks/results_utbot-mocks_120/GUAVA-174_2/temp/testcases/com/google/common/collect/TopKSelectorTest.java:764: error: cannot find symbol
                com.google.common.math.IntMath.log2(anyInt(), any());
                                                    ^
  symbol:   method anyInt()
  location: class TopKSelectorTest
/home/utbot_mocks/results_utbot-mocks_120/GUAVA-174_2/temp/testcases/com/google/common/collect/TopKSelectorTest.java:764: error: cannot find symbol
                com.google.common.math.IntMath.log2(anyInt(), any());
                                                              ^
  symbol:   method any()
  location: class TopKSelectorTest
/home/utbot_mocks/results_utbot-mocks_120/GUAVA-174_2/temp/testcases/com/google/common/collect/TopKSelectorTest.java:911: warning: ASCIICaseInsensitiveComparator is internal proprietary API and may be removed in a future release
        ASCIICaseInsensitiveComparator aSCIICaseInsensitiveComparator = ((ASCIICaseInsensitiveComparator) createInstance("sun.misc.ASCIICaseInsensitiveComparator"));
        ^
/home/utbot_mocks/results_utbot-mocks_120/GUAVA-174_2/temp/testcases/com/google/common/collect/TopKSelectorTest.java:911: warning: ASCIICaseInsensitiveComparator is internal proprietary API and may be removed in a future release
        ASCIICaseInsensitiveComparator aSCIICaseInsensitiveComparator = ((ASCIICaseInsensitiveComparator) createInstance("sun.misc.ASCIICaseInsensitiveComparator"));
                                                                          ^
/home/utbot_mocks/results_utbot-mocks_120/GUAVA-174_2/temp/testcases/com/google/common/collect/TopKSelectorTest.java:1139: error: package org.mockito does not exist
        org.mockito.MockedStatic mockedStatic = null;
                   ^
/home/utbot_mocks/results_utbot-mocks_120/GUAVA-174_2/temp/testcases/com/google/common/collect/TopKSelectorTest.java:1140: error: package org.mockito does not exist
        org.mockito.MockedStatic mockedStatic1 = null;
                   ^
/home/utbot_mocks/results_utbot-mocks_120/GUAVA-174_2/temp/testcases/com/google/common/collect/TopKSelectorTest.java:1142: error: cannot find symbol
            mockedStatic = mockStatic(Ordering.class);
                           ^
  symbol:   method mockStatic(Class<Ordering>)
  location: class TopKSelectorTest
/home/utbot_mocks/results_utbot-mocks_120/GUAVA-174_2/temp/testcases/com/google/common/collect/TopKSelectorTest.java:1143: error: cannot find symbol
            Ordering orderingMock = mock(Ordering.class);
                                    ^
  symbol:   method mock(Class<Ordering>)
  location: class TopKSelectorTest
/home/utbot_mocks/results_utbot-mocks_120/GUAVA-174_2/temp/testcases/com/google/common/collect/TopKSelectorTest.java:1145: error: cannot find symbol
            mockedStatic1 = mockStatic(com.google.common.base.Preconditions.class);
                            ^
  symbol:   method mockStatic(Class<Preconditions>)
  location: class TopKSelectorTest
/home/utbot_mocks/results_utbot-mocks_120/GUAVA-174_2/temp/testcases/com/google/common/collect/TopKSelectorTest.java:1148: error: cannot find symbol
                com.google.common.base.Preconditions.checkNotNull(any(), any());
                                                                  ^
  symbol:   method any()
  location: class TopKSelectorTest
/home/utbot_mocks/results_utbot-mocks_120/GUAVA-174_2/temp/testcases/com/google/common/collect/TopKSelectorTest.java:1148: error: cannot find symbol
                com.google.common.base.Preconditions.checkNotNull(any(), any());
                                                                         ^
  symbol:   method any()
  location: class TopKSelectorTest
/home/utbot_mocks/results_utbot-mocks_120/GUAVA-174_2/temp/testcases/com/google/common/collect/TopKSelectorTest.java:1174: error: package org.mockito does not exist
        org.mockito.MockedStatic mockedStatic = null;
                   ^
/home/utbot_mocks/results_utbot-mocks_120/GUAVA-174_2/temp/testcases/com/google/common/collect/TopKSelectorTest.java:1175: error: package org.mockito does not exist
        org.mockito.MockedStatic mockedStatic1 = null;
                   ^
/home/utbot_mocks/results_utbot-mocks_120/GUAVA-174_2/temp/testcases/com/google/common/collect/TopKSelectorTest.java:1177: error: cannot find symbol
            mockedStatic = mockStatic(Ordering.class);
                           ^
  symbol:   method mockStatic(Class<Ordering>)
  location: class TopKSelectorTest
/home/utbot_mocks/results_utbot-mocks_120/GUAVA-174_2/temp/testcases/com/google/common/collect/TopKSelectorTest.java:1179: error: cannot find symbol
            mockedStatic1 = mockStatic(com.google.common.base.Preconditions.class);
                            ^
  symbol:   method mockStatic(Class<Preconditions>)
  location: class TopKSelectorTest
/home/utbot_mocks/results_utbot-mocks_120/GUAVA-174_2/temp/testcases/com/google/common/collect/TopKSelectorTest.java:1182: error: cannot find symbol
                com.google.common.base.Preconditions.checkNotNull(any(), any());
                                                                  ^
  symbol:   method any()
  location: class TopKSelectorTest
/home/utbot_mocks/results_utbot-mocks_120/GUAVA-174_2/temp/testcases/com/google/common/collect/TopKSelectorTest.java:1182: error: cannot find symbol
                com.google.common.base.Preconditions.checkNotNull(any(), any());
                                                                         ^
  symbol:   method any()
  location: class TopKSelectorTest
/home/utbot_mocks/results_utbot-mocks_120/GUAVA-174_2/temp/testcases/com/google/common/collect/TopKSelectorTest.java:1197: error: package org.mockito does not exist
        org.mockito.MockedStatic mockedStatic = null;
                   ^
/home/utbot_mocks/results_utbot-mocks_120/GUAVA-174_2/temp/testcases/com/google/common/collect/TopKSelectorTest.java:1198: error: package org.mockito does not exist
        org.mockito.MockedStatic mockedStatic1 = null;
                   ^
/home/utbot_mocks/results_utbot-mocks_120/GUAVA-174_2/temp/testcases/com/google/common/collect/TopKSelectorTest.java:1200: error: cannot find symbol
            mockedStatic = mockStatic(Ordering.class);
                           ^
  symbol:   method mockStatic(Class<Ordering>)
  location: class TopKSelectorTest
/home/utbot_mocks/results_utbot-mocks_120/GUAVA-174_2/temp/testcases/com/google/common/collect/TopKSelectorTest.java:1202: error: cannot find symbol
            mockedStatic1 = mockStatic(com.google.common.base.Preconditions.class);
                            ^
  symbol:   method mockStatic(Class<Preconditions>)
  location: class TopKSelectorTest
/home/utbot_mocks/results_utbot-mocks_120/GUAVA-174_2/temp/testcases/com/google/common/collect/TopKSelectorTest.java:1205: error: cannot find symbol
                com.google.common.base.Preconditions.checkNotNull(any(), any());
                                                                  ^
  symbol:   method any()
  location: class TopKSelectorTest
/home/utbot_mocks/results_utbot-mocks_120/GUAVA-174_2/temp/testcases/com/google/common/collect/TopKSelectorTest.java:1205: error: cannot find symbol
                com.google.common.base.Preconditions.checkNotNull(any(), any());
                                                                         ^
  symbol:   method any()
  location: class TopKSelectorTest
/home/utbot_mocks/results_utbot-mocks_120/GUAVA-174_2/temp/testcases/com/google/common/collect/TopKSelectorTest.java:1228: error: package org.mockito does not exist
        org.mockito.MockedStatic mockedStatic = null;
                   ^
/home/utbot_mocks/results_utbot-mocks_120/GUAVA-174_2/temp/testcases/com/google/common/collect/TopKSelectorTest.java:1230: error: cannot find symbol
            mockedStatic = mockStatic(com.google.common.base.Preconditions.class);
                           ^
  symbol:   method mockStatic(Class<Preconditions>)
  location: class TopKSelectorTest
/home/utbot_mocks/results_utbot-mocks_120/GUAVA-174_2/temp/testcases/com/google/common/collect/TopKSelectorTest.java:1233: error: cannot find symbol
                com.google.common.base.Preconditions.checkNotNull(any(), any());
                                                                  ^
  symbol:   method any()
  location: class TopKSelectorTest
/home/utbot_mocks/results_utbot-mocks_120/GUAVA-174_2/temp/testcases/com/google/common/collect/TopKSelectorTest.java:1233: error: cannot find symbol
                com.google.common.base.Preconditions.checkNotNull(any(), any());
                                                                         ^
  symbol:   method any()
  location: class TopKSelectorTest
/home/utbot_mocks/results_utbot-mocks_120/GUAVA-174_2/temp/testcases/com/google/common/collect/TopKSelectorTest.java:1247: error: package org.mockito does not exist
        org.mockito.MockedStatic mockedStatic = null;
                   ^
/home/utbot_mocks/results_utbot-mocks_120/GUAVA-174_2/temp/testcases/com/google/common/collect/TopKSelectorTest.java:1249: error: cannot find symbol
            mockedStatic = mockStatic(com.google.common.base.Preconditions.class);
                           ^
  symbol:   method mockStatic(Class<Preconditions>)
  location: class TopKSelectorTest
/home/utbot_mocks/results_utbot-mocks_120/GUAVA-174_2/temp/testcases/com/google/common/collect/TopKSelectorTest.java:1253: error: cannot find symbol
                com.google.common.base.Preconditions.checkNotNull(any(), any());
                                                                  ^
  symbol:   method any()
  location: class TopKSelectorTest
/home/utbot_mocks/results_utbot-mocks_120/GUAVA-174_2/temp/testcases/com/google/common/collect/TopKSelectorTest.java:1253: error: cannot find symbol
                com.google.common.base.Preconditions.checkNotNull(any(), any());
                                                                         ^
  symbol:   method any()
  location: class TopKSelectorTest
/home/utbot_mocks/results_utbot-mocks_120/GUAVA-174_2/temp/testcases/com/google/common/collect/TopKSelectorTest.java:1289: error: package org.mockito does not exist
        org.mockito.MockedStatic mockedStatic = null;
                   ^
/home/utbot_mocks/results_utbot-mocks_120/GUAVA-174_2/temp/testcases/com/google/common/collect/TopKSelectorTest.java:1291: error: cannot find symbol
            mockedStatic = mockStatic(com.google.common.base.Preconditions.class);
                           ^
  symbol:   method mockStatic(Class<Preconditions>)
  location: class TopKSelectorTest
/home/utbot_mocks/results_utbot-mocks_120/GUAVA-174_2/temp/testcases/com/google/common/collect/TopKSelectorTest.java:1295: error: cannot find symbol
                com.google.common.base.Preconditions.checkNotNull(any(), any());
                                                                  ^
  symbol:   method any()
  location: class TopKSelectorTest
/home/utbot_mocks/results_utbot-mocks_120/GUAVA-174_2/temp/testcases/com/google/common/collect/TopKSelectorTest.java:1295: error: cannot find symbol
                com.google.common.base.Preconditions.checkNotNull(any(), any());
                                                                         ^
  symbol:   method any()
  location: class TopKSelectorTest
/home/utbot_mocks/results_utbot-mocks_120/GUAVA-174_2/temp/testcases/com/google/common/collect/TopKSelectorTest.java:1309: error: package org.mockito does not exist
        org.mockito.MockedStatic mockedStatic = null;
                   ^
/home/utbot_mocks/results_utbot-mocks_120/GUAVA-174_2/temp/testcases/com/google/common/collect/TopKSelectorTest.java:1311: error: cannot find symbol
            mockedStatic = mockStatic(com.google.common.base.Preconditions.class);
                           ^
  symbol:   method mockStatic(Class<Preconditions>)
  location: class TopKSelectorTest
/home/utbot_mocks/results_utbot-mocks_120/GUAVA-174_2/temp/testcases/com/google/common/collect/TopKSelectorTest.java:1315: error: cannot find symbol
                com.google.common.base.Preconditions.checkNotNull(any(), any());
                                                                  ^
  symbol:   method any()
  location: class TopKSelectorTest
/home/utbot_mocks/results_utbot-mocks_120/GUAVA-174_2/temp/testcases/com/google/common/collect/TopKSelectorTest.java:1315: error: cannot find symbol
                com.google.common.base.Preconditions.checkNotNull(any(), any());
                                                                         ^
  symbol:   method any()
  location: class TopKSelectorTest
/home/utbot_mocks/results_utbot-mocks_120/GUAVA-174_2/temp/testcases/com/google/common/collect/TopKSelectorTest.java:1337: error: package org.mockito does not exist
        org.mockito.MockedStatic mockedStatic = null;
                   ^
/home/utbot_mocks/results_utbot-mocks_120/GUAVA-174_2/temp/testcases/com/google/common/collect/TopKSelectorTest.java:1339: error: cannot find symbol
            mockedStatic = mockStatic(Ordering.class);
                           ^
  symbol:   method mockStatic(Class<Ordering>)
  location: class TopKSelectorTest
/home/utbot_mocks/results_utbot-mocks_120/GUAVA-174_2/temp/testcases/com/google/common/collect/TopKSelectorTest.java:1341: error: package org.mockito does not exist
                Ordering.from(org.mockito.ArgumentMatchers.any(java.util.Comparator.class));
                                         ^
/home/utbot_mocks/results_utbot-mocks_120/GUAVA-174_2/temp/testcases/com/google/common/collect/TopKSelectorTest.java:1368: error: package org.mockito does not exist
        org.mockito.MockedStatic mockedStatic = null;
                   ^
/home/utbot_mocks/results_utbot-mocks_120/GUAVA-174_2/temp/testcases/com/google/common/collect/TopKSelectorTest.java:1369: error: package org.mockito does not exist
        org.mockito.MockedStatic mockedStatic1 = null;
                   ^
/home/utbot_mocks/results_utbot-mocks_120/GUAVA-174_2/temp/testcases/com/google/common/collect/TopKSelectorTest.java:1371: error: cannot find symbol
            mockedStatic = mockStatic(Ordering.class);
                           ^
  symbol:   method mockStatic(Class<Ordering>)
  location: class TopKSelectorTest
/home/utbot_mocks/results_utbot-mocks_120/GUAVA-174_2/temp/testcases/com/google/common/collect/TopKSelectorTest.java:1372: error: cannot find symbol
            Ordering orderingMock = mock(Ordering.class);
                                    ^
  symbol:   method mock(Class<Ordering>)
  location: class TopKSelectorTest
/home/utbot_mocks/results_utbot-mocks_120/GUAVA-174_2/temp/testcases/com/google/common/collect/TopKSelectorTest.java:1373: error: cannot find symbol
            Ordering orderingMock1 = mock(Ordering.class);
                                     ^
  symbol:   method mock(Class<Ordering>)
  location: class TopKSelectorTest
/home/utbot_mocks/results_utbot-mocks_120/GUAVA-174_2/temp/testcases/com/google/common/collect/TopKSelectorTest.java:1374: error: cannot find symbol
            when(orderingMock.reverse()).thenReturn(orderingMock1);
            ^
  symbol:   method when(Ordering)
  location: class TopKSelectorTest
/home/utbot_mocks/results_utbot-mocks_120/GUAVA-174_2/temp/testcases/com/google/common/collect/TopKSelectorTest.java:1376: error: package org.mockito does not exist
                Ordering.from(org.mockito.ArgumentMatchers.any(java.util.Comparator.class));
                                         ^
/home/utbot_mocks/results_utbot-mocks_120/GUAVA-174_2/temp/testcases/com/google/common/collect/TopKSelectorTest.java:1378: error: cannot find symbol
            mockedStatic1 = mockStatic(com.google.common.base.Preconditions.class);
                            ^
  symbol:   method mockStatic(Class<Preconditions>)
  location: class TopKSelectorTest
/home/utbot_mocks/results_utbot-mocks_120/GUAVA-174_2/temp/testcases/com/google/common/collect/TopKSelectorTest.java:1382: error: cannot find symbol
                com.google.common.base.Preconditions.checkNotNull(any(), any());
                                                                  ^
  symbol:   method any()
  location: class TopKSelectorTest
/home/utbot_mocks/results_utbot-mocks_120/GUAVA-174_2/temp/testcases/com/google/common/collect/TopKSelectorTest.java:1382: error: cannot find symbol
                com.google.common.base.Preconditions.checkNotNull(any(), any());
                                                                         ^
  symbol:   method any()
  location: class TopKSelectorTest
/home/utbot_mocks/results_utbot-mocks_120/GUAVA-174_2/temp/testcases/com/google/common/collect/TopKSelectorTest.java:1418: error: package org.mockito does not exist
        org.mockito.MockedStatic mockedStatic = null;
                   ^
/home/utbot_mocks/results_utbot-mocks_120/GUAVA-174_2/temp/testcases/com/google/common/collect/TopKSelectorTest.java:1419: error: package org.mockito does not exist
        org.mockito.MockedStatic mockedStatic1 = null;
                   ^
/home/utbot_mocks/results_utbot-mocks_120/GUAVA-174_2/temp/testcases/com/google/common/collect/TopKSelectorTest.java:1421: error: cannot find symbol
            mockedStatic = mockStatic(Ordering.class);
                           ^
  symbol:   method mockStatic(Class<Ordering>)
  location: class TopKSelectorTest
/home/utbot_mocks/results_utbot-mocks_120/GUAVA-174_2/temp/testcases/com/google/common/collect/TopKSelectorTest.java:1422: error: cannot find symbol
            Ordering orderingMock = mock(Ordering.class);
                                    ^
  symbol:   method mock(Class<Ordering>)
  location: class TopKSelectorTest
/home/utbot_mocks/results_utbot-mocks_120/GUAVA-174_2/temp/testcases/com/google/common/collect/TopKSelectorTest.java:1423: error: cannot find symbol
            when(orderingMock.reverse()).thenReturn(((Ordering) null));
            ^
  symbol:   method when(Ordering)
  location: class TopKSelectorTest
/home/utbot_mocks/results_utbot-mocks_120/GUAVA-174_2/temp/testcases/com/google/common/collect/TopKSelectorTest.java:1425: error: package org.mockito does not exist
                Ordering.from(org.mockito.ArgumentMatchers.any(java.util.Comparator.class));
                                         ^
/home/utbot_mocks/results_utbot-mocks_120/GUAVA-174_2/temp/testcases/com/google/common/collect/TopKSelectorTest.java:1427: error: cannot find symbol
            mockedStatic1 = mockStatic(com.google.common.base.Preconditions.class);
                            ^
  symbol:   method mockStatic(Class<Preconditions>)
  location: class TopKSelectorTest
/home/utbot_mocks/results_utbot-mocks_120/GUAVA-174_2/temp/testcases/com/google/common/collect/TopKSelectorTest.java:1431: error: cannot find symbol
                com.google.common.base.Preconditions.checkNotNull(any(), any());
                                                                  ^
  symbol:   method any()
  location: class TopKSelectorTest
/home/utbot_mocks/results_utbot-mocks_120/GUAVA-174_2/temp/testcases/com/google/common/collect/TopKSelectorTest.java:1431: error: cannot find symbol
                com.google.common.base.Preconditions.checkNotNull(any(), any());
                                                                         ^
  symbol:   method any()
  location: class TopKSelectorTest
/home/utbot_mocks/results_utbot-mocks_120/GUAVA-174_2/temp/testcases/com/google/common/collect/TopKSelectorTest.java:1459: error: package org.mockito does not exist
        org.mockito.MockedStatic mockedStatic = null;
                   ^
/home/utbot_mocks/results_utbot-mocks_120/GUAVA-174_2/temp/testcases/com/google/common/collect/TopKSelectorTest.java:1460: error: package org.mockito does not exist
        org.mockito.MockedStatic mockedStatic1 = null;
                   ^
/home/utbot_mocks/results_utbot-mocks_120/GUAVA-174_2/temp/testcases/com/google/common/collect/TopKSelectorTest.java:1462: error: cannot find symbol
            mockedStatic = mockStatic(Ordering.class);
                           ^
  symbol:   method mockStatic(Class<Ordering>)
  location: class TopKSelectorTest
/home/utbot_mocks/results_utbot-mocks_120/GUAVA-174_2/temp/testcases/com/google/common/collect/TopKSelectorTest.java:1463: error: cannot find symbol
            Ordering orderingMock = mock(Ordering.class);
                                    ^
  symbol:   method mock(Class<Ordering>)
  location: class TopKSelectorTest
/home/utbot_mocks/results_utbot-mocks_120/GUAVA-174_2/temp/testcases/com/google/common/collect/TopKSelectorTest.java:1464: error: cannot find symbol
            when(orderingMock.reverse()).thenReturn(((Ordering) null));
            ^
  symbol:   method when(Ordering)
  location: class TopKSelectorTest
/home/utbot_mocks/results_utbot-mocks_120/GUAVA-174_2/temp/testcases/com/google/common/collect/TopKSelectorTest.java:1466: error: package org.mockito does not exist
                Ordering.from(org.mockito.ArgumentMatchers.any(java.util.Comparator.class));
                                         ^
/home/utbot_mocks/results_utbot-mocks_120/GUAVA-174_2/temp/testcases/com/google/common/collect/TopKSelectorTest.java:1468: error: cannot find symbol
            mockedStatic1 = mockStatic(com.google.common.base.Preconditions.class);
                            ^
  symbol:   method mockStatic(Class<Preconditions>)
  location: class TopKSelectorTest
/home/utbot_mocks/results_utbot-mocks_120/GUAVA-174_2/temp/testcases/com/google/common/collect/TopKSelectorTest.java:1471: error: cannot find symbol
                com.google.common.base.Preconditions.checkNotNull(any(), any());
                                                                  ^
  symbol:   method any()
  location: class TopKSelectorTest
/home/utbot_mocks/results_utbot-mocks_120/GUAVA-174_2/temp/testcases/com/google/common/collect/TopKSelectorTest.java:1471: error: cannot find symbol
                com.google.common.base.Preconditions.checkNotNull(any(), any());
                                                                         ^
  symbol:   method any()
  location: class TopKSelectorTest
/home/utbot_mocks/results_utbot-mocks_120/GUAVA-174_2/temp/testcases/com/google/common/collect/TopKSelectorTest.java:1532: error: package org.mockito does not exist
        org.mockito.MockedStatic mockedStatic = null;
                   ^
/home/utbot_mocks/results_utbot-mocks_120/GUAVA-174_2/temp/testcases/com/google/common/collect/TopKSelectorTest.java:1533: error: package org.mockito does not exist
        org.mockito.MockedStatic mockedStatic1 = null;
                   ^
/home/utbot_mocks/results_utbot-mocks_120/GUAVA-174_2/temp/testcases/com/google/common/collect/TopKSelectorTest.java:1535: error: cannot find symbol
            mockedStatic = mockStatic(Ordering.class);
                           ^
  symbol:   method mockStatic(Class<Ordering>)
  location: class TopKSelectorTest
/home/utbot_mocks/results_utbot-mocks_120/GUAVA-174_2/temp/testcases/com/google/common/collect/TopKSelectorTest.java:1537: error: cannot find symbol
            Ordering orderingMock = mock(Ordering.class);
                                    ^
  symbol:   method mock(Class<Ordering>)
  location: class TopKSelectorTest
/home/utbot_mocks/results_utbot-mocks_120/GUAVA-174_2/temp/testcases/com/google/common/collect/TopKSelectorTest.java:1538: error: cannot find symbol
            when(orderingMock.reverse()).thenReturn(((Ordering) null));
            ^
  symbol:   method when(Ordering)
  location: class TopKSelectorTest
/home/utbot_mocks/results_utbot-mocks_120/GUAVA-174_2/temp/testcases/com/google/common/collect/TopKSelectorTest.java:1540: error: package org.mockito does not exist
                Ordering.from(org.mockito.ArgumentMatchers.any(java.util.Comparator.class));
                                         ^
/home/utbot_mocks/results_utbot-mocks_120/GUAVA-174_2/temp/testcases/com/google/common/collect/TopKSelectorTest.java:1542: error: cannot find symbol
            mockedStatic1 = mockStatic(com.google.common.base.Preconditions.class);
                            ^
  symbol:   method mockStatic(Class<Preconditions>)
  location: class TopKSelectorTest
/home/utbot_mocks/results_utbot-mocks_120/GUAVA-174_2/temp/testcases/com/google/common/collect/TopKSelectorTest.java:1545: error: cannot find symbol
                com.google.common.base.Preconditions.checkNotNull(any(), any());
                                                                  ^
  symbol:   method any()
  location: class TopKSelectorTest
/home/utbot_mocks/results_utbot-mocks_120/GUAVA-174_2/temp/testcases/com/google/common/collect/TopKSelectorTest.java:1917: warning: Unsafe is internal proprietary API and may be removed in a future release
    private static sun.misc.Unsafe getUnsafeInstance() throws Exception {
                           ^
/home/utbot_mocks/results_utbot-mocks_120/GUAVA-174_2/temp/testcases/com/google/common/collect/TopKSelectorTest.java:1918: warning: Unsafe is internal proprietary API and may be removed in a future release
        java.lang.reflect.Field f = sun.misc.Unsafe.class.getDeclaredField("theUnsafe");
                                            ^
/home/utbot_mocks/results_utbot-mocks_120/GUAVA-174_2/temp/testcases/com/google/common/collect/TopKSelectorTest.java:1920: warning: Unsafe is internal proprietary API and may be removed in a future release
        return (sun.misc.Unsafe) f.get(null);
                        ^
Note: /home/utbot_mocks/results_utbot-mocks_120/GUAVA-174_2/temp/testcases/com/google/common/collect/TopKSelectorTest.java uses unchecked or unsafe operations.
Note: Recompile with -Xlint:unchecked for details.
100 errors
17 warnings
Failed to compile 'com/google/common/collect/TopKSelectorTest.java'!
shaded.org.apache.commons.exec.ExecuteException: Process exited with an error: 1 (Exit value: 1)
	at shaded.org.apache.commons.exec.DefaultExecutor.executeInternal(DefaultExecutor.java:377)
	at shaded.org.apache.commons.exec.DefaultExecutor.execute(DefaultExecutor.java:160)
	at shaded.org.apache.commons.exec.DefaultExecutor.execute(DefaultExecutor.java:147)
	at sbst.benchmark.TestSuite.compile(TestSuite.java:250)
	at sbst.benchmark.TestSuite.<init>(TestSuite.java:68)
	at sbst.benchmark.TranscriptWriter.endClass(TranscriptWriter.java:136)
	at sbst.benchmark.RunTool.execute(RunTool.java:141)
	at sbst.benchmark.RunTool.run(RunTool.java:62)
	at sbst.benchmark.Main.main(Main.java:160)

---Timing Information---
Running tests with the following classpath: 
/var/benchmarks/projects/guava/guava/target/guava-26.0-jre.jar:/var/benchmarks/projects/./guava/guava/target/dependency/checker-qual-2.5.2.jar:/var/benchmarks/projects/guava/guava/target/dependency/error_prone_annotations-2.1.3.jar:/var/benchmarks/projects/guava/guava/target/dependency/j2objc-annotations-1.1.jar:/var/benchmarks/projects/guava/guava/target/dependency/jsr305-3.0.2.jar:/var/benchmarks/projects/guava/guava/target/dependency/animal-sniffer-annotations-1.14.jar:/usr/local/bin/lib/junit.jar:/usr/local/bin/lib/hamcrest-core.jar:/home/utbot_mocks/results_utbot-mocks_120/GUAVA-174_2/temp/testcases/bin
Running the tests: [SBSTDummyForCoverageAndMutationCalculation]
Executions terminated

---The tests are re-executed other four times to find the flaky ones---
Running the tests: [SBSTDummyForCoverageAndMutationCalculation]
Executions terminated
Running the tests: [SBSTDummyForCoverageAndMutationCalculation]
Executions terminated
Running the tests: [SBSTDummyForCoverageAndMutationCalculation]
Executions terminated
Running the tests: [SBSTDummyForCoverageAndMutationCalculation]
Executions terminated

=== Run Jacoco for Coverage ===
Number of instrumented file = 2323
Running tests with the following classpath: 
/home/utbot_mocks/results_utbot-mocks_120/GUAVA-174_2/temp/testcases/guava-26.0-jre_instrumented.jar:/home/utbot_mocks/results_utbot-mocks_120/GUAVA-174_2/temp/testcases/checker-qual-2.5.2_instrumented.jar:/home/utbot_mocks/results_utbot-mocks_120/GUAVA-174_2/temp/testcases/error_prone_annotations-2.1.3_instrumented.jar:/home/utbot_mocks/results_utbot-mocks_120/GUAVA-174_2/temp/testcases/j2objc-annotations-1.1_instrumented.jar:/home/utbot_mocks/results_utbot-mocks_120/GUAVA-174_2/temp/testcases/jsr305-3.0.2_instrumented.jar:/home/utbot_mocks/results_utbot-mocks_120/GUAVA-174_2/temp/testcases/animal-sniffer-annotations-1.14_instrumented.jar:/usr/local/bin/lib/hamcrest-core.jar:/usr/local/bin/lib/junit.jar:/home/utbot_mocks/results_utbot-mocks_120/GUAVA-174_2/temp/testcases/bin
Running the tests: [SBSTDummyForCoverageAndMutationCalculation]
Executions terminated
Number of file with coverage information = 1951
Extracted coverage data for the class com/google/common/collect/TopKSelector
Number of file with coverage information = 302
Number of file with coverage information = 22
Number of file with coverage information = 12
Number of file with coverage information = 35
Number of file with coverage information = 1

=== Run PIT ===
Matching Jacoco with PIT: find covered mutations
Executing Mutation Analysis using 68 mutants 

>>> RESULTS:
	Tool name: utbot-mocks
	Benchmark: GUAVA-174
	Class Under Test: com.google.common.collect.TopKSelector
	Run number: 2
	Tool preparation time (ms): 12506
	Tool test cases generation time (ms): 68198
	Test cases execution time (ms): 12
	Test case number: 68
	Uncompilable Test Classes: 1
	Broken tests number: 0
	Failing tests number: 0
	Lines total: 79
	Lines covered: 0
	Lines coverage ratio (%): 0.0
	Conditions total: 36
	Conditions covered: 0
	Conditions coverage ratio (%): 0.0
	Mutants total: 68
	Mutants covered: 0
	Mutants coverage ratio (%): 0.0
	Mutants killed: 0
	Mutants killed ratio (%): 0.0
	Mutants alive: 68


Class com.google.common.collect.TopKSelector ended.
Stopping process...
Tool subprocess is an instance of java.lang.UNIXProcess
Tool subprocess Id is 3725
Killing master process 3725
Executing command kill -9 3725
Execution of command kill -9 3725 finished.
Process was destroyed
