Started UtBot Contest, classfileDir = /var/benchmarks/projects/seata/core/target/classes, classpathString=/var/benchmarks/projects/seata/core/target/classes:/var/benchmarks/projects/seata/core/target/seata-core-0.5.0.jar:/var/benchmarks/projects/./seata/core/target/dependency/mockito-core-2.23.4.jar:/var/benchmarks/projects/seata/core/target/dependency/byte-buddy-agent-1.9.3.jar:/var/benchmarks/projects/seata/core/target/dependency/assertj-core-2.6.0.jar:/var/benchmarks/projects/seata/core/target/dependency/seata-common-0.5.0.jar:/var/benchmarks/projects/seata/core/target/dependency/byte-buddy-1.9.3.jar:/var/benchmarks/projects/seata/core/target/dependency/objenesis-2.6.jar:/var/benchmarks/projects/seata/core/target/dependency/seata-discovery-core-0.5.0.jar:/var/benchmarks/projects/seata/core/target/dependency/commons-pool2-2.4.2.jar:/var/benchmarks/projects/seata/core/target/dependency/junit-4.12.jar:/var/benchmarks/projects/seata/core/target/dependency/hamcrest-core-1.3.jar:/var/benchmarks/projects/seata/core/target/dependency/slf4j-api-1.7.22.jar:/var/benchmarks/projects/seata/core/target/dependency/seata-config-core-0.5.0.jar:/var/benchmarks/projects/seata/core/target/dependency/netty-all-4.1.24.Final.jar:/var/benchmarks/projects/seata/core/target/dependency/commons-lang-2.6.jar:/var/benchmarks/projects/seata/core/target/dependency/fastjson-1.2.48.jar:/var/benchmarks/projects/seata/core/target/dependency/config-1.2.1.jar:/var/benchmarks/projects/seata/core/target/dependency/commons-pool-1.6.jar, outputDir=/home/utbot_mocks/temp/testcases, mocks=Other classes: Mockito
16:38:04.988 | INFO  | Started: warmup: kotlin reflection :: init
16:38:05.078 | INFO  | Finished (in 0.090 sec): warmup: kotlin reflection :: init 
[INIT]
>> [RUN] io.seata.core.protocol.RegisterRMRequest 30
16:38:05.093 | DEBUG | -----------------------------------------------------------------------------
16:38:05.094 | INFO  | Contest.runGeneration: Time budget: 30000 ms, Generation timeout=25500 ms, classpath=/var/benchmarks/projects/seata/core/target/classes:/var/benchmarks/projects/seata/core/target/seata-core-0.5.0.jar:/var/benchmarks/projects/./seata/core/target/dependency/mockito-core-2.23.4.jar:/var/benchmarks/projects/seata/core/target/dependency/byte-buddy-agent-1.9.3.jar:/var/benchmarks/projects/seata/core/target/dependency/assertj-core-2.6.0.jar:/var/benchmarks/projects/seata/core/target/dependency/seata-common-0.5.0.jar:/var/benchmarks/projects/seata/core/target/dependency/byte-buddy-1.9.3.jar:/var/benchmarks/projects/seata/core/target/dependency/objenesis-2.6.jar:/var/benchmarks/projects/seata/core/target/dependency/seata-discovery-core-0.5.0.jar:/var/benchmarks/projects/seata/core/target/dependency/commons-pool2-2.4.2.jar:/var/benchmarks/projects/seata/core/target/dependency/junit-4.12.jar:/var/benchmarks/projects/seata/core/target/dependency/hamcrest-core-1.3.jar:/var/benchmarks/projects/seata/core/target/dependency/slf4j-api-1.7.22.jar:/var/benchmarks/projects/seata/core/target/dependency/seata-config-core-0.5.0.jar:/var/benchmarks/projects/seata/core/target/dependency/netty-all-4.1.24.Final.jar:/var/benchmarks/projects/seata/core/target/dependency/commons-lang-2.6.jar:/var/benchmarks/projects/seata/core/target/dependency/fastjson-1.2.48.jar:/var/benchmarks/projects/seata/core/target/dependency/config-1.2.1.jar:/var/benchmarks/projects/seata/core/target/dependency/commons-pool-1.6.jar, methodNameFilter=null
16:38:05.096 | INFO  | ClassUnderTest[ FQN: io.seata.core.protocol.RegisterRMRequest
    classfileDir: /var/benchmarks/projects/seata/core/target/classes
    testClassSimpleName: RegisterRMRequestTest
    generatedTestFile: /home/utbot_mocks/temp/testcases/io/seata/core/protocol/RegisterRMRequestTest.java
    generatedTestsSourcesDir: /home/utbot_mocks/temp/testcases
]
16:38:05.130 | INFO  | Started: class io.seata.core.protocol.RegisterRMRequest
16:38:05.132 | INFO  | Started: preparation class class io.seata.core.protocol.RegisterRMRequest: kotlin reflection :: run
16:38:05.202 | INFO  | Finished (in 0.070 sec): preparation class class io.seata.core.protocol.RegisterRMRequest: kotlin reflection :: run 
16:38:05.203 | INFO  | Started: 2nd optional soot initialization
16:38:05.207 | INFO  | Finished (in 0.003 sec): 2nd optional soot initialization 
16:38:05.217 | DEBUG |  ... 
16:38:05.227 | INFO  | Started: method io.seata.core.protocol.RegisterRMRequest.toString()
16:38:05.228 | INFO  |  -- Remaining time budget: 25376 ms, #remaining_methods: 8, budget for method: 3172 ms, solver timeout: 1000 ms, budget for symbolic execution: 1972 ms, budget for concrete execution: 1200 ms,  -- 
16:38:05.603 | DEBUG | --new testCase collected, to generate: testIo.seata.core.protocol.RegisterRMRequest.toString()1
16:38:07.160 | INFO  | Finished (in 1.933 sec): method io.seata.core.protocol.RegisterRMRequest.toString() 
<StatsForMethod> :
	#generatedTC=1
	WITH NO EXCEPTIONS
16:38:07.237 | DEBUG |  ... 
16:38:07.238 | INFO  | Started: method io.seata.core.protocol.RegisterRMRequest.decode(ByteBuf)
16:38:07.239 | INFO  |  -- Remaining time budget: 23357 ms, #remaining_methods: 7, budget for method: 3336 ms, solver timeout: 1000 ms, budget for symbolic execution: 2136 ms, budget for concrete execution: 1200 ms,  -- 
16:38:07.307 | DEBUG | --new testCase collected, to generate: testIo.seata.core.protocol.RegisterRMRequest.decode(ByteBuf)1
16:38:07.362 | DEBUG | --new testCase collected, to generate: testIo.seata.core.protocol.RegisterRMRequest.decode(ByteBuf)2
16:38:07.401 | DEBUG | --new testCase collected, to generate: testIo.seata.core.protocol.RegisterRMRequest.decode(ByteBuf)3
16:38:07.457 | DEBUG | --new testCase collected, to generate: testIo.seata.core.protocol.RegisterRMRequest.decode(ByteBuf)4
16:38:07.529 | DEBUG | --new testCase collected, to generate: testIo.seata.core.protocol.RegisterRMRequest.decode(ByteBuf)5
16:38:07.554 | DEBUG | --new testCase collected, to generate: testIo.seata.core.protocol.RegisterRMRequest.decode(ByteBuf)6
16:38:07.592 | DEBUG | --new testCase collected, to generate: testIo.seata.core.protocol.RegisterRMRequest.decode(ByteBuf)7
16:38:07.625 | DEBUG | --new testCase collected, to generate: testIo.seata.core.protocol.RegisterRMRequest.decode(ByteBuf)8
16:38:07.670 | DEBUG | --new testCase collected, to generate: testIo.seata.core.protocol.RegisterRMRequest.decode(ByteBuf)9
16:38:09.375 | INFO  | |> Starting concrete execution for remaining state: io.seata.core.protocol.RegisterRMRequest.decode(ByteBuf)
16:38:10.577 | INFO  | (X) Cancelling concrete execution: io.seata.core.protocol.RegisterRMRequest.decode(ByteBuf)
16:38:11.481 | INFO  | Finished (in 4.242 sec): method io.seata.core.protocol.RegisterRMRequest.decode(ByteBuf) 
<StatsForMethod> :
	#generatedTC=9
	WITH NO EXCEPTIONS
16:38:11.536 | DEBUG |  ... 
16:38:11.536 | INFO  | Started: method io.seata.core.protocol.RegisterRMRequest.getTypeCode()
16:38:11.536 | INFO  |  -- Remaining time budget: 19059 ms, #remaining_methods: 6, budget for method: 3176 ms, solver timeout: 1000 ms, budget for symbolic execution: 1976 ms, budget for concrete execution: 1200 ms,  -- 
16:38:11.574 | DEBUG | --new testCase collected, to generate: testIo.seata.core.protocol.RegisterRMRequest.getTypeCode()1
16:38:11.612 | DEBUG | --new testCase collected, to generate: testIo.seata.core.protocol.RegisterRMRequest.getTypeCode()2
16:38:11.612 | INFO  | Finished (in 0.076 sec): method io.seata.core.protocol.RegisterRMRequest.getTypeCode() 
<StatsForMethod> :
	#generatedTC=2
	WITH NO EXCEPTIONS
16:38:11.613 | DEBUG |  ... 
16:38:11.614 | INFO  | Started: method io.seata.core.protocol.RegisterRMRequest.doEncode()
16:38:11.614 | INFO  |  -- Remaining time budget: 18982 ms, #remaining_methods: 5, budget for method: 3796 ms, solver timeout: 1000 ms, budget for symbolic execution: 2596 ms, budget for concrete execution: 1200 ms,  -- 
16:38:11.640 | DEBUG | --new testCase collected, to generate: testIo.seata.core.protocol.RegisterRMRequest.doEncode()1
16:38:12.223 | DEBUG | --new testCase collected, to generate: testIo.seata.core.protocol.RegisterRMRequest.doEncode()2
16:38:13.426 | ERROR | Symbolic execution FAILED
com.huawei.utbot.instrumentation.util.ChildProcessError: Error in the child process |> java.lang.IllegalStateException: No field $__is_mock_null in class java.nio.charset.Charset
	at com.huawei.utbot.framework.concrete.MethodMockController.<init>(MethodMockController.kt:38)
	at com.huawei.utbot.framework.concrete.MockValueConstructor.mockMethods(MockValueConstructor.kt:245)
	at com.huawei.utbot.framework.concrete.MockValueConstructor.mockStaticMethods(MockValueConstructor.kt:263)
	at com.huawei.utbot.framework.concrete.UtExecutionInstrumentation$invoke$$inlined$use$lambda$1.invoke(UtExecutionInstrumentation.kt:139)
	at com.huawei.utbot.framework.concrete.UtExecutionInstrumentation$invoke$$inlined$use$lambda$1.invoke(UtExecutionInstrumentation.kt:96)
	at com.huawei.utbot.framework.concrete.UtExecutionInstrumentation.withStaticFields(UtExecutionInstrumentation.kt:225)
	at com.huawei.utbot.framework.concrete.UtExecutionInstrumentation.invoke(UtExecutionInstrumentation.kt:137)
	at com.huawei.utbot.framework.concrete.UtExecutionInstrumentation.invoke(UtExecutionInstrumentation.kt:96)
	at com.huawei.utbot.instrumentation.process.ChildProcessKt.loop(ChildProcess.kt:114)
	at com.huawei.utbot.instrumentation.process.ChildProcessKt.main(ChildProcess.kt:76)
	at com.huawei.utbot.instrumentation.process.ChildProcessKt.main(ChildProcess.kt)

	at com.huawei.utbot.instrumentation.ConcreteExecutor.executeAsync(ConcreteExecutor.kt:391) ~[utbot-junit-contest-1.0.jar:?]
	at com.huawei.utbot.instrumentation.ConcreteExecutor$executeAsync$1.invokeSuspend(ConcreteExecutor.kt) ~[utbot-junit-contest-1.0.jar:?]
	at kotlin.coroutines.jvm.internal.BaseContinuationImpl.resumeWith(ContinuationImpl.kt:33) [utbot-junit-contest-1.0.jar:?]
	at kotlinx.coroutines.DispatchedTask.run(DispatchedTask.kt:106) [utbot-junit-contest-1.0.jar:?]
	at java.util.concurrent.Executors$RunnableAdapter.call(Executors.java:511) [?:1.8.0_312]
	at java.util.concurrent.FutureTask.run(FutureTask.java:266) [?:1.8.0_312]
	at java.util.concurrent.ScheduledThreadPoolExecutor$ScheduledFutureTask.access$201(ScheduledThreadPoolExecutor.java:180) [?:1.8.0_312]
	at java.util.concurrent.ScheduledThreadPoolExecutor$ScheduledFutureTask.run(ScheduledThreadPoolExecutor.java:293) [?:1.8.0_312]
	at java.util.concurrent.ThreadPoolExecutor.runWorker(ThreadPoolExecutor.java:1149) [?:1.8.0_312]
	at java.util.concurrent.ThreadPoolExecutor$Worker.run(ThreadPoolExecutor.java:624) [?:1.8.0_312]
	at java.lang.Thread.run(Thread.java:748) [?:1.8.0_312]
16:38:13.435 | ERROR | Symbolic execution FAILED ... <<stack trace duplicated>>
16:38:13.443 | ERROR | Symbolic execution FAILED ... <<stack trace duplicated>>
16:38:13.450 | ERROR | Symbolic execution FAILED
com.huawei.utbot.instrumentation.util.ChildProcessError: Error in the child process |> java.lang.IllegalStateException: No field $__is_mock_null in class java.nio.charset.Charset
	at com.huawei.utbot.framework.concrete.MethodMockController.<init>(MethodMockController.kt:38)
	at com.huawei.utbot.framework.concrete.MockValueConstructor.mockMethods(MockValueConstructor.kt:245)
	at com.huawei.utbot.framework.concrete.MockValueConstructor.mockStaticMethods(MockValueConstructor.kt:263)
	at com.huawei.utbot.framework.concrete.UtExecutionInstrumentation$invoke$$inlined$use$lambda$1.invoke(UtExecutionInstrumentation.kt:139)
	at com.huawei.utbot.framework.concrete.UtExecutionInstrumentation$invoke$$inlined$use$lambda$1.invoke(UtExecutionInstrumentation.kt:96)
	at com.huawei.utbot.framework.concrete.UtExecutionInstrumentation.withStaticFields(UtExecutionInstrumentation.kt:225)
	at com.huawei.utbot.framework.concrete.UtExecutionInstrumentation.invoke(UtExecutionInstrumentation.kt:137)
	at com.huawei.utbot.framework.concrete.UtExecutionInstrumentation.invoke(UtExecutionInstrumentation.kt:96)
	at com.huawei.utbot.instrumentation.process.ChildProcessKt.loop(ChildProcess.kt:114)
	at com.huawei.utbot.instrumentation.process.ChildProcessKt.main(ChildProcess.kt:76)
	at com.huawei.utbot.instrumentation.process.ChildProcessKt.main(ChildProcess.kt)

	at com.huawei.utbot.instrumentation.ConcreteExecutor.executeAsync(ConcreteExecutor.kt:391) ~[utbot-junit-contest-1.0.jar:?]
	at com.huawei.utbot.engine.UtBotSymbolicEngineKt.executeConcretely(UtBotSymbolicEngine.kt:3203) ~[utbot-junit-contest-1.0.jar:?]
	at com.huawei.utbot.engine.UtBotSymbolicEngine$traverse$1.invokeSuspend(UtBotSymbolicEngine.kt:423) [utbot-junit-contest-1.0.jar:?]
	at kotlin.coroutines.jvm.internal.BaseContinuationImpl.resumeWith(ContinuationImpl.kt:33) [utbot-junit-contest-1.0.jar:?]
	at kotlinx.coroutines.DispatchedTask.run(DispatchedTask.kt:106) [utbot-junit-contest-1.0.jar:?]
	at java.util.concurrent.Executors$RunnableAdapter.call(Executors.java:511) [?:1.8.0_312]
	at java.util.concurrent.FutureTask.run(FutureTask.java:266) [?:1.8.0_312]
	at java.util.concurrent.ScheduledThreadPoolExecutor$ScheduledFutureTask.access$201(ScheduledThreadPoolExecutor.java:180) [?:1.8.0_312]
	at java.util.concurrent.ScheduledThreadPoolExecutor$ScheduledFutureTask.run(ScheduledThreadPoolExecutor.java:293) [?:1.8.0_312]
	at java.util.concurrent.ThreadPoolExecutor.runWorker(ThreadPoolExecutor.java:1149) [?:1.8.0_312]
	at java.util.concurrent.ThreadPoolExecutor$Worker.run(ThreadPoolExecutor.java:624) [?:1.8.0_312]
	at java.lang.Thread.run(Thread.java:748) [?:1.8.0_312]
16:38:13.452 | INFO  | Finished (in 1.838 sec): method io.seata.core.protocol.RegisterRMRequest.doEncode() 
<StatsForMethod> :
	#generatedTC=2
	FAILED 4 time(s) with 2 different exception(s)"
16:38:13.462 | DEBUG |  ... 
16:38:13.463 | INFO  | Started: method io.seata.core.protocol.RegisterRMRequest.setResourceIds(String)
16:38:13.463 | INFO  |  -- Remaining time budget: 17132 ms, #remaining_methods: 4, budget for method: 4283 ms, solver timeout: 1000 ms, budget for symbolic execution: 3083 ms, budget for concrete execution: 1200 ms,  -- 
16:38:13.565 | DEBUG | --new testCase collected, to generate: testIo.seata.core.protocol.RegisterRMRequest.setResourceIds(String)1
16:38:13.593 | DEBUG | --new testCase collected, to generate: testIo.seata.core.protocol.RegisterRMRequest.setResourceIds(String)2
16:38:13.594 | INFO  | Finished (in 0.130 sec): method io.seata.core.protocol.RegisterRMRequest.setResourceIds(String) 
<StatsForMethod> :
	#generatedTC=2
	WITH NO EXCEPTIONS
16:38:13.595 | DEBUG |  ... 
16:38:13.597 | INFO  | Started: method io.seata.core.protocol.RegisterRMRequest.getResourceIds()
16:38:13.597 | INFO  |  -- Remaining time budget: 16998 ms, #remaining_methods: 3, budget for method: 5666 ms, solver timeout: 1000 ms, budget for symbolic execution: 4466 ms, budget for concrete execution: 1200 ms,  -- 
16:38:13.655 | DEBUG | --new testCase collected, to generate: testIo.seata.core.protocol.RegisterRMRequest.getResourceIds()1
16:38:13.680 | DEBUG | --new testCase collected, to generate: testIo.seata.core.protocol.RegisterRMRequest.getResourceIds()2
16:38:13.680 | INFO  | Finished (in 0.083 sec): method io.seata.core.protocol.RegisterRMRequest.getResourceIds() 
<StatsForMethod> :
	#generatedTC=2
	WITH NO EXCEPTIONS
16:38:13.681 | DEBUG |  ... 
16:38:13.682 | INFO  | Started: method io.seata.core.protocol.RegisterRMRequest.<init>(String, String)
16:38:13.682 | INFO  |  -- Remaining time budget: 16913 ms, #remaining_methods: 2, budget for method: 8456 ms, solver timeout: 1000 ms, budget for symbolic execution: 7256 ms, budget for concrete execution: 1200 ms,  -- 
16:38:13.709 | DEBUG | --new testCase collected, to generate: testIo.seata.core.protocol.RegisterRMRequest.<init>(String, String)1
16:38:13.787 | DEBUG | --new testCase collected, to generate: testIo.seata.core.protocol.RegisterRMRequest.<init>(String, String)2
16:38:13.788 | INFO  | Finished (in 0.106 sec): method io.seata.core.protocol.RegisterRMRequest.<init>(String, String) 
<StatsForMethod> :
	#generatedTC=2
	WITH NO EXCEPTIONS
16:38:13.796 | DEBUG |  ... 
16:38:13.797 | INFO  | Started: method io.seata.core.protocol.RegisterRMRequest.<init>()
16:38:13.797 | INFO  |  -- Remaining time budget: 16799 ms, #remaining_methods: 1, budget for method: 16799 ms, solver timeout: 1000 ms, budget for symbolic execution: 15599 ms, budget for concrete execution: 1200 ms,  -- 
16:38:13.826 | DEBUG | --new testCase collected, to generate: testIo.seata.core.protocol.RegisterRMRequest.<init>()1
16:38:13.905 | DEBUG | --new testCase collected, to generate: testIo.seata.core.protocol.RegisterRMRequest.<init>()2
16:38:13.906 | INFO  | Finished (in 0.109 sec): method io.seata.core.protocol.RegisterRMRequest.<init>() 
<StatsForMethod> :
	#generatedTC=2
	WITH NO EXCEPTIONS
16:38:13.916 | INFO  | Started: Flushing tests for [RegisterRMRequest] on disk
16:38:14.134 | INFO  | File size for RegisterRMRequestTest: 17 KB
16:38:14.135 | INFO  | Finished (in 0.219 sec): Flushing tests for [RegisterRMRequest] on disk 
16:38:14.136 | INFO  | Finished (in 9.005 sec): class io.seata.core.protocol.RegisterRMRequest 
<StatsForClass> :
	canceled by timeout = false
	#methods = 8, 
	#methods started symbolic exploration = 8
	#methods with at least one TC = 8
	#methods with exceptions = 1
	#generated TC = 22
	#coverage = null
[READY]
