
>>> TOOL NAME:  utbot-mocks

>>> BENCHMARK:  GUAVA-197

>>> RUN NUMBER: 5

>>> MODE: --only-compute-metrics
Creating directory ./temp
Creating directory ./temp/data
Creating directory ./temp/testcases
Executing /home/utbot_mocks/./runtool
>> BENCHMARK
>> /var/benchmarks/projects/guava/guava/src
>> /var/benchmarks/projects/guava/guava/target/classes
>> 6
>> /var/benchmarks/projects/guava/guava/target/guava-26.0-jre.jar
>> /var/benchmarks/projects/./guava/guava/target/dependency/checker-qual-2.5.2.jar
>> /var/benchmarks/projects/guava/guava/target/dependency/error_prone_annotations-2.1.3.jar
>> /var/benchmarks/projects/guava/guava/target/dependency/j2objc-annotations-1.1.jar
>> /var/benchmarks/projects/guava/guava/target/dependency/jsr305-3.0.2.jar
>> /var/benchmarks/projects/guava/guava/target/dependency/animal-sniffer-annotations-1.14.jar
>> 0
expecting CLASSPATH or READY
<< CLASSPATH
expecting number
<< 0
<< READY
>> 30


### COMPUTING METRICS ###: com.google.common.primitives.Booleans


Starting class com.google.common.primitives.Booleans


Ending class com.google.common.primitives.Booleans
Creating directory results_utbot-mocks_30/GUAVA-197_5/temp/testcases/bin
Creating dummy JUnit test file

---Compilation---

===
javac command line:
/usr/bin/javac -sourcepath /home/utbot_mocks/results_utbot-mocks_30/GUAVA-197_5/temp/testcases -cp /var/benchmarks/projects/guava/guava/target/guava-26.0-jre.jar:/var/benchmarks/projects/./guava/guava/target/dependency/checker-qual-2.5.2.jar:/var/benchmarks/projects/guava/guava/target/dependency/error_prone_annotations-2.1.3.jar:/var/benchmarks/projects/guava/guava/target/dependency/j2objc-annotations-1.1.jar:/var/benchmarks/projects/guava/guava/target/dependency/jsr305-3.0.2.jar:/var/benchmarks/projects/guava/guava/target/dependency/animal-sniffer-annotations-1.14.jar:/usr/local/bin/lib/junit.jar:/usr/local/bin/lib/hamcrest-core.jar -d results_utbot-mocks_30/GUAVA-197_5/temp/testcases/bin /home/utbot_mocks/results_utbot-mocks_30/GUAVA-197_5/temp/testcases/SBSTDummyForCoverageAndMutationCalculation.java


===
javac command line:
/usr/bin/javac -sourcepath /home/utbot_mocks/results_utbot-mocks_30/GUAVA-197_5/temp/testcases -cp /var/benchmarks/projects/guava/guava/target/guava-26.0-jre.jar:/var/benchmarks/projects/./guava/guava/target/dependency/checker-qual-2.5.2.jar:/var/benchmarks/projects/guava/guava/target/dependency/error_prone_annotations-2.1.3.jar:/var/benchmarks/projects/guava/guava/target/dependency/j2objc-annotations-1.1.jar:/var/benchmarks/projects/guava/guava/target/dependency/jsr305-3.0.2.jar:/var/benchmarks/projects/guava/guava/target/dependency/animal-sniffer-annotations-1.14.jar:/usr/local/bin/lib/junit.jar:/usr/local/bin/lib/hamcrest-core.jar -d results_utbot-mocks_30/GUAVA-197_5/temp/testcases/bin /home/utbot_mocks/results_utbot-mocks_30/GUAVA-197_5/temp/testcases/com/google/common/primitives/BooleansTest.java

/home/utbot_mocks/results_utbot-mocks_30/GUAVA-197_5/temp/testcases/com/google/common/primitives/BooleansTest.java:19: warning: Unsafe is internal proprietary API and may be removed in a future release
import sun.misc.Unsafe;
               ^
/home/utbot_mocks/results_utbot-mocks_30/GUAVA-197_5/temp/testcases/com/google/common/primitives/BooleansTest.java:23: error: package org.mockito does not exist
import static org.mockito.ArgumentMatchers.any;
                         ^
/home/utbot_mocks/results_utbot-mocks_30/GUAVA-197_5/temp/testcases/com/google/common/primitives/BooleansTest.java:23: error: static import only from classes and interfaces
import static org.mockito.ArgumentMatchers.any;
^
/home/utbot_mocks/results_utbot-mocks_30/GUAVA-197_5/temp/testcases/com/google/common/primitives/BooleansTest.java:24: error: package org.mockito does not exist
import static org.mockito.Mockito.mockStatic;
                         ^
/home/utbot_mocks/results_utbot-mocks_30/GUAVA-197_5/temp/testcases/com/google/common/primitives/BooleansTest.java:24: error: static import only from classes and interfaces
import static org.mockito.Mockito.mockStatic;
^
/home/utbot_mocks/results_utbot-mocks_30/GUAVA-197_5/temp/testcases/com/google/common/primitives/BooleansTest.java:27: error: package org.mockito does not exist
import static org.mockito.ArgumentMatchers.anyBoolean;
                         ^
/home/utbot_mocks/results_utbot-mocks_30/GUAVA-197_5/temp/testcases/com/google/common/primitives/BooleansTest.java:27: error: static import only from classes and interfaces
import static org.mockito.ArgumentMatchers.anyBoolean;
^
/home/utbot_mocks/results_utbot-mocks_30/GUAVA-197_5/temp/testcases/com/google/common/primitives/BooleansTest.java:28: error: package org.mockito does not exist
import static org.mockito.ArgumentMatchers.anyString;
                         ^
/home/utbot_mocks/results_utbot-mocks_30/GUAVA-197_5/temp/testcases/com/google/common/primitives/BooleansTest.java:28: error: static import only from classes and interfaces
import static org.mockito.ArgumentMatchers.anyString;
^
/home/utbot_mocks/results_utbot-mocks_30/GUAVA-197_5/temp/testcases/com/google/common/primitives/BooleansTest.java:29: error: package org.mockito does not exist
import static org.mockito.ArgumentMatchers.anyInt;
                         ^
/home/utbot_mocks/results_utbot-mocks_30/GUAVA-197_5/temp/testcases/com/google/common/primitives/BooleansTest.java:29: error: static import only from classes and interfaces
import static org.mockito.ArgumentMatchers.anyInt;
^
/home/utbot_mocks/results_utbot-mocks_30/GUAVA-197_5/temp/testcases/com/google/common/primitives/BooleansTest.java:207: error: package org.mockito does not exist
        org.mockito.MockedStatic mockedStatic = null;
                   ^
/home/utbot_mocks/results_utbot-mocks_30/GUAVA-197_5/temp/testcases/com/google/common/primitives/BooleansTest.java:209: error: cannot find symbol
            mockedStatic = mockStatic(com.google.common.base.Preconditions.class);
                           ^
  symbol:   method mockStatic(Class<Preconditions>)
  location: class BooleansTest
/home/utbot_mocks/results_utbot-mocks_30/GUAVA-197_5/temp/testcases/com/google/common/primitives/BooleansTest.java:212: error: cannot find symbol
                com.google.common.base.Preconditions.checkNotNull(any(), any());
                                                                  ^
  symbol:   method any()
  location: class BooleansTest
/home/utbot_mocks/results_utbot-mocks_30/GUAVA-197_5/temp/testcases/com/google/common/primitives/BooleansTest.java:212: error: cannot find symbol
                com.google.common.base.Preconditions.checkNotNull(any(), any());
                                                                         ^
  symbol:   method any()
  location: class BooleansTest
/home/utbot_mocks/results_utbot-mocks_30/GUAVA-197_5/temp/testcases/com/google/common/primitives/BooleansTest.java:227: error: package org.mockito does not exist
        org.mockito.MockedStatic mockedStatic = null;
                   ^
/home/utbot_mocks/results_utbot-mocks_30/GUAVA-197_5/temp/testcases/com/google/common/primitives/BooleansTest.java:229: error: cannot find symbol
            mockedStatic = mockStatic(com.google.common.base.Preconditions.class);
                           ^
  symbol:   method mockStatic(Class<Preconditions>)
  location: class BooleansTest
/home/utbot_mocks/results_utbot-mocks_30/GUAVA-197_5/temp/testcases/com/google/common/primitives/BooleansTest.java:231: error: cannot find symbol
                com.google.common.base.Preconditions.checkNotNull(any(), any());
                                                                  ^
  symbol:   method any()
  location: class BooleansTest
/home/utbot_mocks/results_utbot-mocks_30/GUAVA-197_5/temp/testcases/com/google/common/primitives/BooleansTest.java:231: error: cannot find symbol
                com.google.common.base.Preconditions.checkNotNull(any(), any());
                                                                         ^
  symbol:   method any()
  location: class BooleansTest
/home/utbot_mocks/results_utbot-mocks_30/GUAVA-197_5/temp/testcases/com/google/common/primitives/BooleansTest.java:690: warning: non-varargs call of varargs method with inexact argument type for last parameter;
        Booleans.concat(null);
                        ^
  cast to boolean[] for a varargs call
  cast to boolean[][] for a non-varargs call and to suppress this warning
/home/utbot_mocks/results_utbot-mocks_30/GUAVA-197_5/temp/testcases/com/google/common/primitives/BooleansTest.java:819: error: package org.mockito does not exist
        org.mockito.MockedStatic mockedStatic = null;
                   ^
/home/utbot_mocks/results_utbot-mocks_30/GUAVA-197_5/temp/testcases/com/google/common/primitives/BooleansTest.java:821: error: cannot find symbol
            mockedStatic = mockStatic(com.google.common.base.Preconditions.class);
                           ^
  symbol:   method mockStatic(Class<Preconditions>)
  location: class BooleansTest
/home/utbot_mocks/results_utbot-mocks_30/GUAVA-197_5/temp/testcases/com/google/common/primitives/BooleansTest.java:823: error: cannot find symbol
                com.google.common.base.Preconditions.checkNotNull(any());
                                                                  ^
  symbol:   method any()
  location: class BooleansTest
/home/utbot_mocks/results_utbot-mocks_30/GUAVA-197_5/temp/testcases/com/google/common/primitives/BooleansTest.java:844: error: package org.mockito does not exist
        org.mockito.MockedStatic mockedStatic = null;
                   ^
/home/utbot_mocks/results_utbot-mocks_30/GUAVA-197_5/temp/testcases/com/google/common/primitives/BooleansTest.java:846: error: cannot find symbol
            mockedStatic = mockStatic(com.google.common.base.Preconditions.class);
                           ^
  symbol:   method mockStatic(Class<Preconditions>)
  location: class BooleansTest
/home/utbot_mocks/results_utbot-mocks_30/GUAVA-197_5/temp/testcases/com/google/common/primitives/BooleansTest.java:849: error: cannot find symbol
                com.google.common.base.Preconditions.checkNotNull(any());
                                                                  ^
  symbol:   method any()
  location: class BooleansTest
/home/utbot_mocks/results_utbot-mocks_30/GUAVA-197_5/temp/testcases/com/google/common/primitives/BooleansTest.java:994: error: package org.mockito does not exist
        org.mockito.MockedStatic mockedStatic = null;
                   ^
/home/utbot_mocks/results_utbot-mocks_30/GUAVA-197_5/temp/testcases/com/google/common/primitives/BooleansTest.java:996: error: cannot find symbol
            mockedStatic = mockStatic(com.google.common.base.Preconditions.class);
                           ^
  symbol:   method mockStatic(Class<Preconditions>)
  location: class BooleansTest
/home/utbot_mocks/results_utbot-mocks_30/GUAVA-197_5/temp/testcases/com/google/common/primitives/BooleansTest.java:1009: error: package org.mockito does not exist
        org.mockito.MockedStatic mockedStatic = null;
                   ^
/home/utbot_mocks/results_utbot-mocks_30/GUAVA-197_5/temp/testcases/com/google/common/primitives/BooleansTest.java:1011: error: cannot find symbol
            mockedStatic = mockStatic(com.google.common.base.Preconditions.class);
                           ^
  symbol:   method mockStatic(Class<Preconditions>)
  location: class BooleansTest
/home/utbot_mocks/results_utbot-mocks_30/GUAVA-197_5/temp/testcases/com/google/common/primitives/BooleansTest.java:1027: error: package org.mockito does not exist
        org.mockito.MockedStatic mockedStatic = null;
                   ^
/home/utbot_mocks/results_utbot-mocks_30/GUAVA-197_5/temp/testcases/com/google/common/primitives/BooleansTest.java:1029: error: cannot find symbol
            mockedStatic = mockStatic(com.google.common.base.Preconditions.class);
                           ^
  symbol:   method mockStatic(Class<Preconditions>)
  location: class BooleansTest
/home/utbot_mocks/results_utbot-mocks_30/GUAVA-197_5/temp/testcases/com/google/common/primitives/BooleansTest.java:1042: error: package org.mockito does not exist
        org.mockito.MockedStatic mockedStatic = null;
                   ^
/home/utbot_mocks/results_utbot-mocks_30/GUAVA-197_5/temp/testcases/com/google/common/primitives/BooleansTest.java:1044: error: cannot find symbol
            mockedStatic = mockStatic(com.google.common.base.Preconditions.class);
                           ^
  symbol:   method mockStatic(Class<Preconditions>)
  location: class BooleansTest
/home/utbot_mocks/results_utbot-mocks_30/GUAVA-197_5/temp/testcases/com/google/common/primitives/BooleansTest.java:1058: error: package org.mockito does not exist
        org.mockito.MockedStatic mockedStatic = null;
                   ^
/home/utbot_mocks/results_utbot-mocks_30/GUAVA-197_5/temp/testcases/com/google/common/primitives/BooleansTest.java:1060: error: cannot find symbol
            mockedStatic = mockStatic(com.google.common.base.Preconditions.class);
                           ^
  symbol:   method mockStatic(Class<Preconditions>)
  location: class BooleansTest
/home/utbot_mocks/results_utbot-mocks_30/GUAVA-197_5/temp/testcases/com/google/common/primitives/BooleansTest.java:1087: error: package org.mockito does not exist
        org.mockito.MockedStatic mockedStatic = null;
                   ^
/home/utbot_mocks/results_utbot-mocks_30/GUAVA-197_5/temp/testcases/com/google/common/primitives/BooleansTest.java:1089: error: cannot find symbol
            mockedStatic = mockStatic(com.google.common.base.Preconditions.class);
                           ^
  symbol:   method mockStatic(Class<Preconditions>)
  location: class BooleansTest
/home/utbot_mocks/results_utbot-mocks_30/GUAVA-197_5/temp/testcases/com/google/common/primitives/BooleansTest.java:1092: error: cannot find symbol
                com.google.common.base.Preconditions.checkNotNull(any());
                                                                  ^
  symbol:   method any()
  location: class BooleansTest
/home/utbot_mocks/results_utbot-mocks_30/GUAVA-197_5/temp/testcases/com/google/common/primitives/BooleansTest.java:1106: error: package org.mockito does not exist
        org.mockito.MockedStatic mockedStatic = null;
                   ^
/home/utbot_mocks/results_utbot-mocks_30/GUAVA-197_5/temp/testcases/com/google/common/primitives/BooleansTest.java:1108: error: cannot find symbol
            mockedStatic = mockStatic(com.google.common.base.Preconditions.class);
                           ^
  symbol:   method mockStatic(Class<Preconditions>)
  location: class BooleansTest
/home/utbot_mocks/results_utbot-mocks_30/GUAVA-197_5/temp/testcases/com/google/common/primitives/BooleansTest.java:1110: error: cannot find symbol
                com.google.common.base.Preconditions.checkNotNull(any());
                                                                  ^
  symbol:   method any()
  location: class BooleansTest
/home/utbot_mocks/results_utbot-mocks_30/GUAVA-197_5/temp/testcases/com/google/common/primitives/BooleansTest.java:1135: error: package org.mockito does not exist
        org.mockito.MockedStatic mockedStatic = null;
                   ^
/home/utbot_mocks/results_utbot-mocks_30/GUAVA-197_5/temp/testcases/com/google/common/primitives/BooleansTest.java:1137: error: cannot find symbol
            mockedStatic = mockStatic(com.google.common.base.Preconditions.class);
                           ^
  symbol:   method mockStatic(Class<Preconditions>)
  location: class BooleansTest
/home/utbot_mocks/results_utbot-mocks_30/GUAVA-197_5/temp/testcases/com/google/common/primitives/BooleansTest.java:1140: error: cannot find symbol
                com.google.common.base.Preconditions.checkNotNull(any());
                                                                  ^
  symbol:   method any()
  location: class BooleansTest
/home/utbot_mocks/results_utbot-mocks_30/GUAVA-197_5/temp/testcases/com/google/common/primitives/BooleansTest.java:1154: error: package org.mockito does not exist
        org.mockito.MockedStatic mockedStatic = null;
                   ^
/home/utbot_mocks/results_utbot-mocks_30/GUAVA-197_5/temp/testcases/com/google/common/primitives/BooleansTest.java:1156: error: cannot find symbol
            mockedStatic = mockStatic(com.google.common.base.Preconditions.class);
                           ^
  symbol:   method mockStatic(Class<Preconditions>)
  location: class BooleansTest
/home/utbot_mocks/results_utbot-mocks_30/GUAVA-197_5/temp/testcases/com/google/common/primitives/BooleansTest.java:1158: error: cannot find symbol
                com.google.common.base.Preconditions.checkNotNull(any());
                                                                  ^
  symbol:   method any()
  location: class BooleansTest
/home/utbot_mocks/results_utbot-mocks_30/GUAVA-197_5/temp/testcases/com/google/common/primitives/BooleansTest.java:1173: error: package org.mockito does not exist
        org.mockito.MockedStatic mockedStatic = null;
                   ^
/home/utbot_mocks/results_utbot-mocks_30/GUAVA-197_5/temp/testcases/com/google/common/primitives/BooleansTest.java:1175: error: cannot find symbol
            mockedStatic = mockStatic(com.google.common.base.Preconditions.class);
                           ^
  symbol:   method mockStatic(Class<Preconditions>)
  location: class BooleansTest
/home/utbot_mocks/results_utbot-mocks_30/GUAVA-197_5/temp/testcases/com/google/common/primitives/BooleansTest.java:1177: error: cannot find symbol
                com.google.common.base.Preconditions.checkNotNull(any());
                                                                  ^
  symbol:   method any()
  location: class BooleansTest
/home/utbot_mocks/results_utbot-mocks_30/GUAVA-197_5/temp/testcases/com/google/common/primitives/BooleansTest.java:1192: error: package org.mockito does not exist
        org.mockito.MockedStatic mockedStatic = null;
                   ^
/home/utbot_mocks/results_utbot-mocks_30/GUAVA-197_5/temp/testcases/com/google/common/primitives/BooleansTest.java:1194: error: cannot find symbol
            mockedStatic = mockStatic(com.google.common.base.Preconditions.class);
                           ^
  symbol:   method mockStatic(Class<Preconditions>)
  location: class BooleansTest
/home/utbot_mocks/results_utbot-mocks_30/GUAVA-197_5/temp/testcases/com/google/common/primitives/BooleansTest.java:1196: error: cannot find symbol
                com.google.common.base.Preconditions.checkNotNull(any());
                                                                  ^
  symbol:   method any()
  location: class BooleansTest
/home/utbot_mocks/results_utbot-mocks_30/GUAVA-197_5/temp/testcases/com/google/common/primitives/BooleansTest.java:1211: error: package org.mockito does not exist
        org.mockito.MockedStatic mockedStatic = null;
                   ^
/home/utbot_mocks/results_utbot-mocks_30/GUAVA-197_5/temp/testcases/com/google/common/primitives/BooleansTest.java:1213: error: cannot find symbol
            mockedStatic = mockStatic(com.google.common.base.Preconditions.class);
                           ^
  symbol:   method mockStatic(Class<Preconditions>)
  location: class BooleansTest
/home/utbot_mocks/results_utbot-mocks_30/GUAVA-197_5/temp/testcases/com/google/common/primitives/BooleansTest.java:1215: error: cannot find symbol
                com.google.common.base.Preconditions.checkNotNull(any());
                                                                  ^
  symbol:   method any()
  location: class BooleansTest
/home/utbot_mocks/results_utbot-mocks_30/GUAVA-197_5/temp/testcases/com/google/common/primitives/BooleansTest.java:1230: error: package org.mockito does not exist
        org.mockito.MockedStatic mockedStatic = null;
                   ^
/home/utbot_mocks/results_utbot-mocks_30/GUAVA-197_5/temp/testcases/com/google/common/primitives/BooleansTest.java:1232: error: cannot find symbol
            mockedStatic = mockStatic(com.google.common.base.Preconditions.class);
                           ^
  symbol:   method mockStatic(Class<Preconditions>)
  location: class BooleansTest
/home/utbot_mocks/results_utbot-mocks_30/GUAVA-197_5/temp/testcases/com/google/common/primitives/BooleansTest.java:1234: error: cannot find symbol
                com.google.common.base.Preconditions.checkNotNull(any());
                                                                  ^
  symbol:   method any()
  location: class BooleansTest
/home/utbot_mocks/results_utbot-mocks_30/GUAVA-197_5/temp/testcases/com/google/common/primitives/BooleansTest.java:1521: error: package org.mockito does not exist
        org.mockito.MockedStatic mockedStatic = null;
                   ^
/home/utbot_mocks/results_utbot-mocks_30/GUAVA-197_5/temp/testcases/com/google/common/primitives/BooleansTest.java:1523: error: cannot find symbol
            mockedStatic = mockStatic(Booleans.class);
                           ^
  symbol:   method mockStatic(Class<Booleans>)
  location: class BooleansTest
/home/utbot_mocks/results_utbot-mocks_30/GUAVA-197_5/temp/testcases/com/google/common/primitives/BooleansTest.java:1525: error: cannot find symbol
                Booleans.hashCode(anyBoolean());
                                  ^
  symbol:   method anyBoolean()
  location: class BooleansTest
/home/utbot_mocks/results_utbot-mocks_30/GUAVA-197_5/temp/testcases/com/google/common/primitives/BooleansTest.java:1652: error: package org.mockito does not exist
        org.mockito.MockedStatic mockedStatic = null;
                   ^
/home/utbot_mocks/results_utbot-mocks_30/GUAVA-197_5/temp/testcases/com/google/common/primitives/BooleansTest.java:1654: error: cannot find symbol
            mockedStatic = mockStatic(com.google.common.base.Preconditions.class);
                           ^
  symbol:   method mockStatic(Class<Preconditions>)
  location: class BooleansTest
/home/utbot_mocks/results_utbot-mocks_30/GUAVA-197_5/temp/testcases/com/google/common/primitives/BooleansTest.java:1656: error: cannot find symbol
                com.google.common.base.Preconditions.checkElementIndex(anyInt(), anyInt());
                                                                       ^
  symbol:   method anyInt()
  location: class BooleansTest
/home/utbot_mocks/results_utbot-mocks_30/GUAVA-197_5/temp/testcases/com/google/common/primitives/BooleansTest.java:1656: error: cannot find symbol
                com.google.common.base.Preconditions.checkElementIndex(anyInt(), anyInt());
                                                                                 ^
  symbol:   method anyInt()
  location: class BooleansTest
/home/utbot_mocks/results_utbot-mocks_30/GUAVA-197_5/temp/testcases/com/google/common/primitives/BooleansTest.java:1686: error: package org.mockito does not exist
        org.mockito.MockedStatic mockedStatic = null;
                   ^
/home/utbot_mocks/results_utbot-mocks_30/GUAVA-197_5/temp/testcases/com/google/common/primitives/BooleansTest.java:1688: error: cannot find symbol
            mockedStatic = mockStatic(com.google.common.base.Preconditions.class);
                           ^
  symbol:   method mockStatic(Class<Preconditions>)
  location: class BooleansTest
/home/utbot_mocks/results_utbot-mocks_30/GUAVA-197_5/temp/testcases/com/google/common/primitives/BooleansTest.java:1690: error: cannot find symbol
                com.google.common.base.Preconditions.checkElementIndex(anyInt(), anyInt());
                                                                       ^
  symbol:   method anyInt()
  location: class BooleansTest
/home/utbot_mocks/results_utbot-mocks_30/GUAVA-197_5/temp/testcases/com/google/common/primitives/BooleansTest.java:1690: error: cannot find symbol
                com.google.common.base.Preconditions.checkElementIndex(anyInt(), anyInt());
                                                                                 ^
  symbol:   method anyInt()
  location: class BooleansTest
/home/utbot_mocks/results_utbot-mocks_30/GUAVA-197_5/temp/testcases/com/google/common/primitives/BooleansTest.java:1720: error: package org.mockito does not exist
        org.mockito.MockedStatic mockedStatic = null;
                   ^
/home/utbot_mocks/results_utbot-mocks_30/GUAVA-197_5/temp/testcases/com/google/common/primitives/BooleansTest.java:1722: error: cannot find symbol
            mockedStatic = mockStatic(com.google.common.base.Preconditions.class);
                           ^
  symbol:   method mockStatic(Class<Preconditions>)
  location: class BooleansTest
/home/utbot_mocks/results_utbot-mocks_30/GUAVA-197_5/temp/testcases/com/google/common/primitives/BooleansTest.java:1724: error: cannot find symbol
                com.google.common.base.Preconditions.checkElementIndex(anyInt(), anyInt());
                                                                       ^
  symbol:   method anyInt()
  location: class BooleansTest
/home/utbot_mocks/results_utbot-mocks_30/GUAVA-197_5/temp/testcases/com/google/common/primitives/BooleansTest.java:1724: error: cannot find symbol
                com.google.common.base.Preconditions.checkElementIndex(anyInt(), anyInt());
                                                                                 ^
  symbol:   method anyInt()
  location: class BooleansTest
/home/utbot_mocks/results_utbot-mocks_30/GUAVA-197_5/temp/testcases/com/google/common/primitives/BooleansTest.java:1728: error: cannot find symbol
                com.google.common.base.Preconditions.checkNotNull(any());
                                                                  ^
  symbol:   method any()
  location: class BooleansTest
/home/utbot_mocks/results_utbot-mocks_30/GUAVA-197_5/temp/testcases/com/google/common/primitives/BooleansTest.java:1759: error: package org.mockito does not exist
        org.mockito.MockedStatic mockedStatic = null;
                   ^
/home/utbot_mocks/results_utbot-mocks_30/GUAVA-197_5/temp/testcases/com/google/common/primitives/BooleansTest.java:1761: error: cannot find symbol
            mockedStatic = mockStatic(com.google.common.base.Preconditions.class);
                           ^
  symbol:   method mockStatic(Class<Preconditions>)
  location: class BooleansTest
/home/utbot_mocks/results_utbot-mocks_30/GUAVA-197_5/temp/testcases/com/google/common/primitives/BooleansTest.java:1763: error: cannot find symbol
                com.google.common.base.Preconditions.checkElementIndex(anyInt(), anyInt());
                                                                       ^
  symbol:   method anyInt()
  location: class BooleansTest
/home/utbot_mocks/results_utbot-mocks_30/GUAVA-197_5/temp/testcases/com/google/common/primitives/BooleansTest.java:1763: error: cannot find symbol
                com.google.common.base.Preconditions.checkElementIndex(anyInt(), anyInt());
                                                                                 ^
  symbol:   method anyInt()
  location: class BooleansTest
/home/utbot_mocks/results_utbot-mocks_30/GUAVA-197_5/temp/testcases/com/google/common/primitives/BooleansTest.java:1766: error: cannot find symbol
                com.google.common.base.Preconditions.checkNotNull(any());
                                                                  ^
  symbol:   method any()
  location: class BooleansTest
/home/utbot_mocks/results_utbot-mocks_30/GUAVA-197_5/temp/testcases/com/google/common/primitives/BooleansTest.java:1797: error: package org.mockito does not exist
        org.mockito.MockedStatic mockedStatic = null;
                   ^
/home/utbot_mocks/results_utbot-mocks_30/GUAVA-197_5/temp/testcases/com/google/common/primitives/BooleansTest.java:1799: error: cannot find symbol
            mockedStatic = mockStatic(com.google.common.base.Preconditions.class);
                           ^
  symbol:   method mockStatic(Class<Preconditions>)
  location: class BooleansTest
/home/utbot_mocks/results_utbot-mocks_30/GUAVA-197_5/temp/testcases/com/google/common/primitives/BooleansTest.java:1801: error: cannot find symbol
                com.google.common.base.Preconditions.checkElementIndex(anyInt(), anyInt());
                                                                       ^
  symbol:   method anyInt()
  location: class BooleansTest
/home/utbot_mocks/results_utbot-mocks_30/GUAVA-197_5/temp/testcases/com/google/common/primitives/BooleansTest.java:1801: error: cannot find symbol
                com.google.common.base.Preconditions.checkElementIndex(anyInt(), anyInt());
                                                                                 ^
  symbol:   method anyInt()
  location: class BooleansTest
/home/utbot_mocks/results_utbot-mocks_30/GUAVA-197_5/temp/testcases/com/google/common/primitives/BooleansTest.java:1805: error: cannot find symbol
                com.google.common.base.Preconditions.checkNotNull(any());
                                                                  ^
  symbol:   method any()
  location: class BooleansTest
/home/utbot_mocks/results_utbot-mocks_30/GUAVA-197_5/temp/testcases/com/google/common/primitives/BooleansTest.java:1860: error: package org.mockito does not exist
        org.mockito.MockedStatic mockedStatic = null;
                   ^
/home/utbot_mocks/results_utbot-mocks_30/GUAVA-197_5/temp/testcases/com/google/common/primitives/BooleansTest.java:1862: error: cannot find symbol
            mockedStatic = mockStatic(com.google.common.base.Preconditions.class);
                           ^
  symbol:   method mockStatic(Class<Preconditions>)
  location: class BooleansTest
/home/utbot_mocks/results_utbot-mocks_30/GUAVA-197_5/temp/testcases/com/google/common/primitives/BooleansTest.java:1897: error: package org.mockito does not exist
        org.mockito.MockedStatic mockedStatic = null;
                   ^
/home/utbot_mocks/results_utbot-mocks_30/GUAVA-197_5/temp/testcases/com/google/common/primitives/BooleansTest.java:1899: error: cannot find symbol
            mockedStatic = mockStatic(com.google.common.base.Preconditions.class);
                           ^
  symbol:   method mockStatic(Class<Preconditions>)
  location: class BooleansTest
/home/utbot_mocks/results_utbot-mocks_30/GUAVA-197_5/temp/testcases/com/google/common/primitives/BooleansTest.java:1947: error: package org.mockito does not exist
        org.mockito.MockedStatic mockedStatic = null;
                   ^
/home/utbot_mocks/results_utbot-mocks_30/GUAVA-197_5/temp/testcases/com/google/common/primitives/BooleansTest.java:1949: error: cannot find symbol
            mockedStatic = mockStatic(com.google.common.base.Preconditions.class);
                           ^
  symbol:   method mockStatic(Class<Preconditions>)
  location: class BooleansTest
/home/utbot_mocks/results_utbot-mocks_30/GUAVA-197_5/temp/testcases/com/google/common/primitives/BooleansTest.java:1951: error: cannot find symbol
                com.google.common.base.Preconditions.checkElementIndex(anyInt(), anyInt());
                                                                       ^
  symbol:   method anyInt()
  location: class BooleansTest
/home/utbot_mocks/results_utbot-mocks_30/GUAVA-197_5/temp/testcases/com/google/common/primitives/BooleansTest.java:1951: error: cannot find symbol
                com.google.common.base.Preconditions.checkElementIndex(anyInt(), anyInt());
                                                                                 ^
  symbol:   method anyInt()
  location: class BooleansTest
/home/utbot_mocks/results_utbot-mocks_30/GUAVA-197_5/temp/testcases/com/google/common/primitives/BooleansTest.java:1979: error: package org.mockito does not exist
        org.mockito.MockedStatic mockedStatic = null;
                   ^
/home/utbot_mocks/results_utbot-mocks_30/GUAVA-197_5/temp/testcases/com/google/common/primitives/BooleansTest.java:1981: error: cannot find symbol
            mockedStatic = mockStatic(com.google.common.base.Preconditions.class);
                           ^
  symbol:   method mockStatic(Class<Preconditions>)
  location: class BooleansTest
/home/utbot_mocks/results_utbot-mocks_30/GUAVA-197_5/temp/testcases/com/google/common/primitives/BooleansTest.java:1983: error: cannot find symbol
                com.google.common.base.Preconditions.checkElementIndex(anyInt(), anyInt());
                                                                       ^
  symbol:   method anyInt()
  location: class BooleansTest
/home/utbot_mocks/results_utbot-mocks_30/GUAVA-197_5/temp/testcases/com/google/common/primitives/BooleansTest.java:1983: error: cannot find symbol
                com.google.common.base.Preconditions.checkElementIndex(anyInt(), anyInt());
                                                                                 ^
  symbol:   method anyInt()
  location: class BooleansTest
/home/utbot_mocks/results_utbot-mocks_30/GUAVA-197_5/temp/testcases/com/google/common/primitives/BooleansTest.java:2011: error: package org.mockito does not exist
        org.mockito.MockedStatic mockedStatic = null;
                   ^
/home/utbot_mocks/results_utbot-mocks_30/GUAVA-197_5/temp/testcases/com/google/common/primitives/BooleansTest.java:2013: error: cannot find symbol
            mockedStatic = mockStatic(com.google.common.base.Preconditions.class);
                           ^
  symbol:   method mockStatic(Class<Preconditions>)
  location: class BooleansTest
/home/utbot_mocks/results_utbot-mocks_30/GUAVA-197_5/temp/testcases/com/google/common/primitives/BooleansTest.java:2015: error: cannot find symbol
                com.google.common.base.Preconditions.checkElementIndex(anyInt(), anyInt());
                                                                       ^
  symbol:   method anyInt()
  location: class BooleansTest
/home/utbot_mocks/results_utbot-mocks_30/GUAVA-197_5/temp/testcases/com/google/common/primitives/BooleansTest.java:2015: error: cannot find symbol
                com.google.common.base.Preconditions.checkElementIndex(anyInt(), anyInt());
                                                                                 ^
  symbol:   method anyInt()
  location: class BooleansTest
/home/utbot_mocks/results_utbot-mocks_30/GUAVA-197_5/temp/testcases/com/google/common/primitives/BooleansTest.java:3047: warning: Unsafe is internal proprietary API and may be removed in a future release
    private static sun.misc.Unsafe getUnsafeInstance() throws Exception {
                           ^
/home/utbot_mocks/results_utbot-mocks_30/GUAVA-197_5/temp/testcases/com/google/common/primitives/BooleansTest.java:3048: warning: Unsafe is internal proprietary API and may be removed in a future release
        java.lang.reflect.Field f = sun.misc.Unsafe.class.getDeclaredField("theUnsafe");
                                            ^
/home/utbot_mocks/results_utbot-mocks_30/GUAVA-197_5/temp/testcases/com/google/common/primitives/BooleansTest.java:3050: warning: Unsafe is internal proprietary API and may be removed in a future release
        return (sun.misc.Unsafe) f.get(null);
                        ^
Note: /home/utbot_mocks/results_utbot-mocks_30/GUAVA-197_5/temp/testcases/com/google/common/primitives/BooleansTest.java uses unchecked or unsafe operations.
Note: Recompile with -Xlint:unchecked for details.
100 errors
5 warnings
Failed to compile 'com/google/common/primitives/BooleansTest.java'!
shaded.org.apache.commons.exec.ExecuteException: Process exited with an error: 1 (Exit value: 1)
	at shaded.org.apache.commons.exec.DefaultExecutor.executeInternal(DefaultExecutor.java:377)
	at shaded.org.apache.commons.exec.DefaultExecutor.execute(DefaultExecutor.java:160)
	at shaded.org.apache.commons.exec.DefaultExecutor.execute(DefaultExecutor.java:147)
	at sbst.benchmark.TestSuite.compile(TestSuite.java:250)
	at sbst.benchmark.TestSuite.<init>(TestSuite.java:68)
	at sbst.benchmark.TranscriptWriter.endClass(TranscriptWriter.java:136)
	at sbst.benchmark.RunTool.execute(RunTool.java:141)
	at sbst.benchmark.RunTool.run(RunTool.java:62)
	at sbst.benchmark.Main.main(Main.java:160)

---Timing Information---
Running tests with the following classpath: 
/var/benchmarks/projects/guava/guava/target/guava-26.0-jre.jar:/var/benchmarks/projects/./guava/guava/target/dependency/checker-qual-2.5.2.jar:/var/benchmarks/projects/guava/guava/target/dependency/error_prone_annotations-2.1.3.jar:/var/benchmarks/projects/guava/guava/target/dependency/j2objc-annotations-1.1.jar:/var/benchmarks/projects/guava/guava/target/dependency/jsr305-3.0.2.jar:/var/benchmarks/projects/guava/guava/target/dependency/animal-sniffer-annotations-1.14.jar:/usr/local/bin/lib/junit.jar:/usr/local/bin/lib/hamcrest-core.jar:/home/utbot_mocks/results_utbot-mocks_30/GUAVA-197_5/temp/testcases/bin
Running the tests: [SBSTDummyForCoverageAndMutationCalculation]
Executions terminated

---The tests are re-executed other four times to find the flaky ones---
Running the tests: [SBSTDummyForCoverageAndMutationCalculation]
Executions terminated
Running the tests: [SBSTDummyForCoverageAndMutationCalculation]
Executions terminated
Running the tests: [SBSTDummyForCoverageAndMutationCalculation]
Executions terminated
Running the tests: [SBSTDummyForCoverageAndMutationCalculation]
Executions terminated

=== Run Jacoco for Coverage ===
Number of instrumented file = 2323
Running tests with the following classpath: 
/home/utbot_mocks/results_utbot-mocks_30/GUAVA-197_5/temp/testcases/guava-26.0-jre_instrumented.jar:/home/utbot_mocks/results_utbot-mocks_30/GUAVA-197_5/temp/testcases/checker-qual-2.5.2_instrumented.jar:/home/utbot_mocks/results_utbot-mocks_30/GUAVA-197_5/temp/testcases/error_prone_annotations-2.1.3_instrumented.jar:/home/utbot_mocks/results_utbot-mocks_30/GUAVA-197_5/temp/testcases/j2objc-annotations-1.1_instrumented.jar:/home/utbot_mocks/results_utbot-mocks_30/GUAVA-197_5/temp/testcases/jsr305-3.0.2_instrumented.jar:/home/utbot_mocks/results_utbot-mocks_30/GUAVA-197_5/temp/testcases/animal-sniffer-annotations-1.14_instrumented.jar:/usr/local/bin/lib/hamcrest-core.jar:/usr/local/bin/lib/junit.jar:/home/utbot_mocks/results_utbot-mocks_30/GUAVA-197_5/temp/testcases/bin
Running the tests: [SBSTDummyForCoverageAndMutationCalculation]
Executions terminated
Number of file with coverage information = 1951
Extracted coverage data for the class com/google/common/primitives/Booleans
Number of file with coverage information = 302
Number of file with coverage information = 22
Number of file with coverage information = 12
Number of file with coverage information = 35
Number of file with coverage information = 1

=== Run PIT ===
Matching Jacoco with PIT: find covered mutations
Executing Mutation Analysis using 92 mutants 

>>> RESULTS:
	Tool name: utbot-mocks
	Benchmark: GUAVA-197
	Class Under Test: com.google.common.primitives.Booleans
	Run number: 5
	Tool preparation time (ms): 12550
	Tool test cases generation time (ms): 20366
	Test cases execution time (ms): 11
	Test case number: 151
	Uncompilable Test Classes: 1
	Broken tests number: 0
	Failing tests number: 0
	Lines total: 75
	Lines covered: 0
	Lines coverage ratio (%): 0.0
	Conditions total: 52
	Conditions covered: 0
	Conditions coverage ratio (%): 0.0
	Mutants total: 92
	Mutants covered: 0
	Mutants coverage ratio (%): 0.0
	Mutants killed: 0
	Mutants killed ratio (%): 0.0
	Mutants alive: 92


Class com.google.common.primitives.Booleans ended.
Stopping process...
Tool subprocess is an instance of java.lang.UNIXProcess
Tool subprocess Id is 28201
Killing master process 28201
Executing command kill -9 28201
Execution of command kill -9 28201 finished.
Process was destroyed
