
>>> TOOL NAME:  utbot-mocks

>>> BENCHMARK:  SEATA-8

>>> RUN NUMBER: 3

>>> MODE: --only-compute-metrics
Creating directory ./temp
Creating directory ./temp/data
Creating directory ./temp/testcases
Executing /home/utbot_mocks/./runtool
>> BENCHMARK
>> /var/benchmarks/projects/seata/core/src/main/java
>> /var/benchmarks/projects/seata/core/target/classes
>> 18
>> /var/benchmarks/projects/seata/core/target/seata-core-0.5.0.jar
>> /var/benchmarks/projects/./seata/core/target/dependency/mockito-core-2.23.4.jar
>> /var/benchmarks/projects/seata/core/target/dependency/byte-buddy-agent-1.9.3.jar
>> /var/benchmarks/projects/seata/core/target/dependency/assertj-core-2.6.0.jar
>> /var/benchmarks/projects/seata/core/target/dependency/seata-common-0.5.0.jar
>> /var/benchmarks/projects/seata/core/target/dependency/byte-buddy-1.9.3.jar
>> /var/benchmarks/projects/seata/core/target/dependency/objenesis-2.6.jar
>> /var/benchmarks/projects/seata/core/target/dependency/seata-discovery-core-0.5.0.jar
>> /var/benchmarks/projects/seata/core/target/dependency/commons-pool2-2.4.2.jar
>> /var/benchmarks/projects/seata/core/target/dependency/junit-4.12.jar
>> /var/benchmarks/projects/seata/core/target/dependency/hamcrest-core-1.3.jar
>> /var/benchmarks/projects/seata/core/target/dependency/slf4j-api-1.7.22.jar
>> /var/benchmarks/projects/seata/core/target/dependency/seata-config-core-0.5.0.jar
>> /var/benchmarks/projects/seata/core/target/dependency/netty-all-4.1.24.Final.jar
>> /var/benchmarks/projects/seata/core/target/dependency/commons-lang-2.6.jar
>> /var/benchmarks/projects/seata/core/target/dependency/fastjson-1.2.48.jar
>> /var/benchmarks/projects/seata/core/target/dependency/config-1.2.1.jar
>> /var/benchmarks/projects/seata/core/target/dependency/commons-pool-1.6.jar
>> 0
expecting CLASSPATH or READY
<< CLASSPATH
expecting number
<< 0
<< READY
>> 30


### COMPUTING METRICS ###: io.seata.core.protocol.MergedWarpMessage


Starting class io.seata.core.protocol.MergedWarpMessage


Ending class io.seata.core.protocol.MergedWarpMessage
ERROR: Something went wrong! Consult log.txt for more infos!
java.io.FileNotFoundException: /home/utbot_mocks/results_utbot-mocks_30/SEATA-8_3/temp/testcases/timing.txt (Not a directory)
	at java.io.FileInputStream.open0(Native Method)
	at java.io.FileInputStream.open(FileInputStream.java:195)
	at java.io.FileInputStream.<init>(FileInputStream.java:138)
	at java.io.FileReader.<init>(FileReader.java:72)
	at sbst.benchmark.TranscriptWriter.readTimingFile(TranscriptWriter.java:215)
	at sbst.benchmark.TranscriptWriter.endClass(TranscriptWriter.java:127)
	at sbst.benchmark.RunTool.execute(RunTool.java:141)
	at sbst.benchmark.RunTool.run(RunTool.java:62)
	at sbst.benchmark.Main.main(Main.java:160)


Class io.seata.core.protocol.MergedWarpMessage ended.
Stopping process...
Tool subprocess is an instance of java.lang.UNIXProcess
Tool subprocess Id is 30263
Killing master process 30263
Executing command kill -9 30263
Execution of command kill -9 30263 finished.
Process was destroyed

>>> TOOL NAME:  utbot-mocks

>>> BENCHMARK:  SPOON-163

>>> RUN NUMBER: 4

>>> MODE: --only-compute-metrics
Deleting file or directory ./temp/testcases
Deleting file or directory ./temp/utbot-1-err.log
Deleting file or directory ./temp/data
Deleting file or directory ./temp/utbot-runtool.log
Deleting file or directory ./temp/utbot-1-out.log
Deleting file or directory ./temp
Creating directory ./temp
Creating directory ./temp/data
Creating directory ./temp/testcases
Executing /home/utbot_mocks/./runtool
>> BENCHMARK
>> /var/benchmarks/projects/spoon/src/main/java
>> /var/benchmarks/projects/spoon/target/classes
>> 31
>> /var/benchmarks/projects/spoon/target/spoon-core-7.0.0.jar
>> /var/benchmarks/projects/./spoon/target/dependency/org.eclipse.text-3.12.0.jar
>> /var/benchmarks/projects/spoon/target/dependency/org.eclipse.equinox.app-1.6.100.jar
>> /var/benchmarks/projects/spoon/target/dependency/org.eclipse.core.contenttype-3.8.100.jar
>> /var/benchmarks/projects/spoon/target/dependency/mockito-all-2.0.2-beta.jar
>> /var/benchmarks/projects/spoon/target/dependency/jackson-databind-2.9.2.jar
>> /var/benchmarks/projects/spoon/target/dependency/guava-18.0.jar
>> /var/benchmarks/projects/spoon/target/dependency/org.eclipse.core.expressions-3.8.100.jar
>> /var/benchmarks/projects/spoon/target/dependency/org.eclipse.core.commands-3.10.100.jar
>> /var/benchmarks/projects/spoon/target/dependency/jackson-annotations-2.9.0.jar
>> /var/benchmarks/projects/spoon/target/dependency/org.eclipse.jdt.core-3.13.102.jar
>> /var/benchmarks/projects/spoon/target/dependency/org.eclipse.core.runtime-3.24.0.jar
>> /var/benchmarks/projects/spoon/target/dependency/org.eclipse.core.resources-3.16.0.jar
>> /var/benchmarks/projects/spoon/target/dependency/jackson-core-2.9.2.jar
>> /var/benchmarks/projects/spoon/target/dependency/junit-4.12.jar
>> /var/benchmarks/projects/spoon/target/dependency/org.eclipse.equinox.registry-3.11.100.jar
>> /var/benchmarks/projects/spoon/target/dependency/hamcrest-core-1.3.jar
>> /var/benchmarks/projects/spoon/target/dependency/maven-model-3.3.9.jar
>> /var/benchmarks/projects/spoon/target/dependency/plexus-utils-3.0.22.jar
>> /var/benchmarks/projects/spoon/target/dependency/jsap-2.1.jar
>> /var/benchmarks/projects/spoon/target/dependency/bridge-method-annotation-1.13.jar
>> /var/benchmarks/projects/spoon/target/dependency/org.eclipse.equinox.common-3.15.100.jar
>> /var/benchmarks/projects/spoon/target/dependency/org.eclipse.core.jobs-3.12.0.jar
>> /var/benchmarks/projects/spoon/target/dependency/commons-io-2.5.jar
>> /var/benchmarks/projects/spoon/target/dependency/commons-lang3-3.5.jar
>> /var/benchmarks/projects/spoon/target/dependency/system-rules-1.9.0.jar
>> /var/benchmarks/projects/spoon/target/dependency/querydsl-core-3.6.9.jar
>> /var/benchmarks/projects/spoon/target/dependency/org.eclipse.core.filesystem-1.9.200.jar
>> /var/benchmarks/projects/spoon/target/dependency/org.eclipse.equinox.preferences-3.9.100.jar
>> /var/benchmarks/projects/spoon/target/dependency/org.eclipse.osgi-3.17.100.jar
>> /var/benchmarks/projects/spoon/target/dependency/log4j-1.2.17.jar
>> 0
expecting CLASSPATH or READY
<< CLASSPATH
expecting number
<< 0
<< READY
>> 30


### COMPUTING METRICS ###: spoon.pattern.internal.node.MapEntryNode


Starting class spoon.pattern.internal.node.MapEntryNode


Ending class spoon.pattern.internal.node.MapEntryNode
Creating directory results_utbot-mocks_30/SPOON-163_4/temp/testcases/bin
Creating dummy JUnit test file

---Compilation---

===
javac command line:
/usr/bin/javac -sourcepath /home/utbot_mocks/results_utbot-mocks_30/SPOON-163_4/temp/testcases -cp /var/benchmarks/projects/spoon/target/spoon-core-7.0.0.jar:/var/benchmarks/projects/./spoon/target/dependency/org.eclipse.text-3.12.0.jar:/var/benchmarks/projects/spoon/target/dependency/org.eclipse.equinox.app-1.6.100.jar:/var/benchmarks/projects/spoon/target/dependency/org.eclipse.core.contenttype-3.8.100.jar:/var/benchmarks/projects/spoon/target/dependency/mockito-all-2.0.2-beta.jar:/var/benchmarks/projects/spoon/target/dependency/jackson-databind-2.9.2.jar:/var/benchmarks/projects/spoon/target/dependency/guava-18.0.jar:/var/benchmarks/projects/spoon/target/dependency/org.eclipse.core.expressions-3.8.100.jar:/var/benchmarks/projects/spoon/target/dependency/org.eclipse.core.commands-3.10.100.jar:/var/benchmarks/projects/spoon/target/dependency/jackson-annotations-2.9.0.jar:/var/benchmarks/projects/spoon/target/dependency/org.eclipse.jdt.core-3.13.102.jar:/var/benchmarks/projects/spoon/target/dependency/org.eclipse.core.runtime-3.24.0.jar:/var/benchmarks/projects/spoon/target/dependency/org.eclipse.core.resources-3.16.0.jar:/var/benchmarks/projects/spoon/target/dependency/jackson-core-2.9.2.jar:/var/benchmarks/projects/spoon/target/dependency/junit-4.12.jar:/var/benchmarks/projects/spoon/target/dependency/org.eclipse.equinox.registry-3.11.100.jar:/var/benchmarks/projects/spoon/target/dependency/hamcrest-core-1.3.jar:/var/benchmarks/projects/spoon/target/dependency/maven-model-3.3.9.jar:/var/benchmarks/projects/spoon/target/dependency/plexus-utils-3.0.22.jar:/var/benchmarks/projects/spoon/target/dependency/jsap-2.1.jar:/var/benchmarks/projects/spoon/target/dependency/bridge-method-annotation-1.13.jar:/var/benchmarks/projects/spoon/target/dependency/org.eclipse.equinox.common-3.15.100.jar:/var/benchmarks/projects/spoon/target/dependency/org.eclipse.core.jobs-3.12.0.jar:/var/benchmarks/projects/spoon/target/dependency/commons-io-2.5.jar:/var/benchmarks/projects/spoon/target/dependency/commons-lang3-3.5.jar:/var/benchmarks/projects/spoon/target/dependency/system-rules-1.9.0.jar:/var/benchmarks/projects/spoon/target/dependency/querydsl-core-3.6.9.jar:/var/benchmarks/projects/spoon/target/dependency/org.eclipse.core.filesystem-1.9.200.jar:/var/benchmarks/projects/spoon/target/dependency/org.eclipse.equinox.preferences-3.9.100.jar:/var/benchmarks/projects/spoon/target/dependency/org.eclipse.osgi-3.17.100.jar:/var/benchmarks/projects/spoon/target/dependency/log4j-1.2.17.jar:/usr/local/bin/lib/junit.jar:/usr/local/bin/lib/hamcrest-core.jar -d results_utbot-mocks_30/SPOON-163_4/temp/testcases/bin /home/utbot_mocks/results_utbot-mocks_30/SPOON-163_4/temp/testcases/SBSTDummyForCoverageAndMutationCalculation.java


===
javac command line:
/usr/bin/javac -sourcepath /home/utbot_mocks/results_utbot-mocks_30/SPOON-163_4/temp/testcases -cp /var/benchmarks/projects/spoon/target/spoon-core-7.0.0.jar:/var/benchmarks/projects/./spoon/target/dependency/org.eclipse.text-3.12.0.jar:/var/benchmarks/projects/spoon/target/dependency/org.eclipse.equinox.app-1.6.100.jar:/var/benchmarks/projects/spoon/target/dependency/org.eclipse.core.contenttype-3.8.100.jar:/var/benchmarks/projects/spoon/target/dependency/mockito-all-2.0.2-beta.jar:/var/benchmarks/projects/spoon/target/dependency/jackson-databind-2.9.2.jar:/var/benchmarks/projects/spoon/target/dependency/guava-18.0.jar:/var/benchmarks/projects/spoon/target/dependency/org.eclipse.core.expressions-3.8.100.jar:/var/benchmarks/projects/spoon/target/dependency/org.eclipse.core.commands-3.10.100.jar:/var/benchmarks/projects/spoon/target/dependency/jackson-annotations-2.9.0.jar:/var/benchmarks/projects/spoon/target/dependency/org.eclipse.jdt.core-3.13.102.jar:/var/benchmarks/projects/spoon/target/dependency/org.eclipse.core.runtime-3.24.0.jar:/var/benchmarks/projects/spoon/target/dependency/org.eclipse.core.resources-3.16.0.jar:/var/benchmarks/projects/spoon/target/dependency/jackson-core-2.9.2.jar:/var/benchmarks/projects/spoon/target/dependency/junit-4.12.jar:/var/benchmarks/projects/spoon/target/dependency/org.eclipse.equinox.registry-3.11.100.jar:/var/benchmarks/projects/spoon/target/dependency/hamcrest-core-1.3.jar:/var/benchmarks/projects/spoon/target/dependency/maven-model-3.3.9.jar:/var/benchmarks/projects/spoon/target/dependency/plexus-utils-3.0.22.jar:/var/benchmarks/projects/spoon/target/dependency/jsap-2.1.jar:/var/benchmarks/projects/spoon/target/dependency/bridge-method-annotation-1.13.jar:/var/benchmarks/projects/spoon/target/dependency/org.eclipse.equinox.common-3.15.100.jar:/var/benchmarks/projects/spoon/target/dependency/org.eclipse.core.jobs-3.12.0.jar:/var/benchmarks/projects/spoon/target/dependency/commons-io-2.5.jar:/var/benchmarks/projects/spoon/target/dependency/commons-lang3-3.5.jar:/var/benchmarks/projects/spoon/target/dependency/system-rules-1.9.0.jar:/var/benchmarks/projects/spoon/target/dependency/querydsl-core-3.6.9.jar:/var/benchmarks/projects/spoon/target/dependency/org.eclipse.core.filesystem-1.9.200.jar:/var/benchmarks/projects/spoon/target/dependency/org.eclipse.equinox.preferences-3.9.100.jar:/var/benchmarks/projects/spoon/target/dependency/org.eclipse.osgi-3.17.100.jar:/var/benchmarks/projects/spoon/target/dependency/log4j-1.2.17.jar:/usr/local/bin/lib/junit.jar:/usr/local/bin/lib/hamcrest-core.jar -d results_utbot-mocks_30/SPOON-163_4/temp/testcases/bin /home/utbot_mocks/results_utbot-mocks_30/SPOON-163_4/temp/testcases/spoon/pattern/internal/node/MapEntryNodeTest.java

/home/utbot_mocks/results_utbot-mocks_30/SPOON-163_4/temp/testcases/spoon/pattern/internal/node/MapEntryNodeTest.java:5: warning: PixelConverter is internal proprietary API and may be removed in a future release
import sun.awt.image.PixelConverter.Ushort555Rgb;
                    ^
/home/utbot_mocks/results_utbot-mocks_30/SPOON-163_4/temp/testcases/spoon/pattern/internal/node/MapEntryNodeTest.java:5: warning: PixelConverter is internal proprietary API and may be removed in a future release
import sun.awt.image.PixelConverter.Ushort555Rgb;
                    ^
/home/utbot_mocks/results_utbot-mocks_30/SPOON-163_4/temp/testcases/spoon/pattern/internal/node/MapEntryNodeTest.java:6: warning: PixelConverter is internal proprietary API and may be removed in a future release
import sun.awt.image.PixelConverter;
                    ^
/home/utbot_mocks/results_utbot-mocks_30/SPOON-163_4/temp/testcases/spoon/pattern/internal/node/MapEntryNodeTest.java:7: warning: SharedSecrets is internal proprietary API and may be removed in a future release
import sun.misc.SharedSecrets;
               ^
/home/utbot_mocks/results_utbot-mocks_30/SPOON-163_4/temp/testcases/spoon/pattern/internal/node/MapEntryNodeTest.java:11: warning: PixelConverter is internal proprietary API and may be removed in a future release
import sun.awt.image.PixelConverter.Rgba;
                    ^
/home/utbot_mocks/results_utbot-mocks_30/SPOON-163_4/temp/testcases/spoon/pattern/internal/node/MapEntryNodeTest.java:11: warning: PixelConverter is internal proprietary API and may be removed in a future release
import sun.awt.image.PixelConverter.Rgba;
                    ^
/home/utbot_mocks/results_utbot-mocks_30/SPOON-163_4/temp/testcases/spoon/pattern/internal/node/MapEntryNodeTest.java:27: warning: Unsafe is internal proprietary API and may be removed in a future release
import sun.misc.Unsafe;
               ^
/home/utbot_mocks/results_utbot-mocks_30/SPOON-163_4/temp/testcases/spoon/pattern/internal/node/MapEntryNodeTest.java:30: error: cannot find symbol
import static org.mockito.ArgumentMatchers.any;
                         ^
  symbol:   class ArgumentMatchers
  location: package org.mockito
/home/utbot_mocks/results_utbot-mocks_30/SPOON-163_4/temp/testcases/spoon/pattern/internal/node/MapEntryNodeTest.java:30: error: static import only from classes and interfaces
import static org.mockito.ArgumentMatchers.any;
^
/home/utbot_mocks/results_utbot-mocks_30/SPOON-163_4/temp/testcases/spoon/pattern/internal/node/MapEntryNodeTest.java:114: warning: PixelConverter is internal proprietary API and may be removed in a future release
        sun.awt.image.PixelConverter.Ushort555Rgb[] ushort555RgbArray = new sun.awt.image.PixelConverter.Ushort555Rgb[0];
                     ^
/home/utbot_mocks/results_utbot-mocks_30/SPOON-163_4/temp/testcases/spoon/pattern/internal/node/MapEntryNodeTest.java:114: warning: PixelConverter is internal proprietary API and may be removed in a future release
        sun.awt.image.PixelConverter.Ushort555Rgb[] ushort555RgbArray = new sun.awt.image.PixelConverter.Ushort555Rgb[0];
                                                                                         ^
/home/utbot_mocks/results_utbot-mocks_30/SPOON-163_4/temp/testcases/spoon/pattern/internal/node/MapEntryNodeTest.java:115: error: cannot find symbol
        when(defaultGeneratorMock.generateSingleTarget(any(), any(), any())).thenReturn(((Object) ushort555RgbArray));
                                                       ^
  symbol:   method any()
  location: class MapEntryNodeTest
/home/utbot_mocks/results_utbot-mocks_30/SPOON-163_4/temp/testcases/spoon/pattern/internal/node/MapEntryNodeTest.java:115: error: cannot find symbol
        when(defaultGeneratorMock.generateSingleTarget(any(), any(), any())).thenReturn(((Object) ushort555RgbArray));
                                                              ^
  symbol:   method any()
  location: class MapEntryNodeTest
/home/utbot_mocks/results_utbot-mocks_30/SPOON-163_4/temp/testcases/spoon/pattern/internal/node/MapEntryNodeTest.java:115: error: cannot find symbol
        when(defaultGeneratorMock.generateSingleTarget(any(), any(), any())).thenReturn(((Object) ushort555RgbArray));
                                                                     ^
  symbol:   method any()
  location: class MapEntryNodeTest
/home/utbot_mocks/results_utbot-mocks_30/SPOON-163_4/temp/testcases/spoon/pattern/internal/node/MapEntryNodeTest.java:130: warning: SharedSecrets is internal proprietary API and may be removed in a future release
        sun.misc.SharedSecrets[] sharedSecretsArray = new sun.misc.SharedSecrets[0];
                ^
/home/utbot_mocks/results_utbot-mocks_30/SPOON-163_4/temp/testcases/spoon/pattern/internal/node/MapEntryNodeTest.java:130: warning: SharedSecrets is internal proprietary API and may be removed in a future release
        sun.misc.SharedSecrets[] sharedSecretsArray = new sun.misc.SharedSecrets[0];
                                                                  ^
/home/utbot_mocks/results_utbot-mocks_30/SPOON-163_4/temp/testcases/spoon/pattern/internal/node/MapEntryNodeTest.java:131: error: cannot find symbol
        when(defaultGeneratorMock.generateSingleTarget(any(), any(), any())).thenReturn(((Object) string), ((Object) sharedSecretsArray));
                                                       ^
  symbol:   method any()
  location: class MapEntryNodeTest
/home/utbot_mocks/results_utbot-mocks_30/SPOON-163_4/temp/testcases/spoon/pattern/internal/node/MapEntryNodeTest.java:131: error: cannot find symbol
        when(defaultGeneratorMock.generateSingleTarget(any(), any(), any())).thenReturn(((Object) string), ((Object) sharedSecretsArray));
                                                              ^
  symbol:   method any()
  location: class MapEntryNodeTest
/home/utbot_mocks/results_utbot-mocks_30/SPOON-163_4/temp/testcases/spoon/pattern/internal/node/MapEntryNodeTest.java:131: error: cannot find symbol
        when(defaultGeneratorMock.generateSingleTarget(any(), any(), any())).thenReturn(((Object) string), ((Object) sharedSecretsArray));
                                                                     ^
  symbol:   method any()
  location: class MapEntryNodeTest
/home/utbot_mocks/results_utbot-mocks_30/SPOON-163_4/temp/testcases/spoon/pattern/internal/node/MapEntryNodeTest.java:148: error: cannot find symbol
        when(defaultGeneratorMock.generateSingleTarget(any(), any(), any())).thenReturn(((Object) string), null);
                                                       ^
  symbol:   method any()
  location: class MapEntryNodeTest
/home/utbot_mocks/results_utbot-mocks_30/SPOON-163_4/temp/testcases/spoon/pattern/internal/node/MapEntryNodeTest.java:148: error: cannot find symbol
        when(defaultGeneratorMock.generateSingleTarget(any(), any(), any())).thenReturn(((Object) string), null);
                                                              ^
  symbol:   method any()
  location: class MapEntryNodeTest
/home/utbot_mocks/results_utbot-mocks_30/SPOON-163_4/temp/testcases/spoon/pattern/internal/node/MapEntryNodeTest.java:148: error: cannot find symbol
        when(defaultGeneratorMock.generateSingleTarget(any(), any(), any())).thenReturn(((Object) string), null);
                                                                     ^
  symbol:   method any()
  location: class MapEntryNodeTest
/home/utbot_mocks/results_utbot-mocks_30/SPOON-163_4/temp/testcases/spoon/pattern/internal/node/MapEntryNodeTest.java:203: error: cannot find symbol
        when(rootNodeMock.replaceNode(any(), any())).thenReturn(true);
                                      ^
  symbol:   method any()
  location: class MapEntryNodeTest
/home/utbot_mocks/results_utbot-mocks_30/SPOON-163_4/temp/testcases/spoon/pattern/internal/node/MapEntryNodeTest.java:203: error: cannot find symbol
        when(rootNodeMock.replaceNode(any(), any())).thenReturn(true);
                                             ^
  symbol:   method any()
  location: class MapEntryNodeTest
/home/utbot_mocks/results_utbot-mocks_30/SPOON-163_4/temp/testcases/spoon/pattern/internal/node/MapEntryNodeTest.java:234: error: cannot find symbol
        when(rootNodeMock.replaceNode(any(), any())).thenReturn(false);
                                      ^
  symbol:   method any()
  location: class MapEntryNodeTest
/home/utbot_mocks/results_utbot-mocks_30/SPOON-163_4/temp/testcases/spoon/pattern/internal/node/MapEntryNodeTest.java:234: error: cannot find symbol
        when(rootNodeMock.replaceNode(any(), any())).thenReturn(false);
                                             ^
  symbol:   method any()
  location: class MapEntryNodeTest
/home/utbot_mocks/results_utbot-mocks_30/SPOON-163_4/temp/testcases/spoon/pattern/internal/node/MapEntryNodeTest.java:248: error: cannot find symbol
        when(rootNodeMock.replaceNode(any(), any())).thenReturn(false, false);
                                      ^
  symbol:   method any()
  location: class MapEntryNodeTest
/home/utbot_mocks/results_utbot-mocks_30/SPOON-163_4/temp/testcases/spoon/pattern/internal/node/MapEntryNodeTest.java:248: error: cannot find symbol
        when(rootNodeMock.replaceNode(any(), any())).thenReturn(false, false);
                                             ^
  symbol:   method any()
  location: class MapEntryNodeTest
/home/utbot_mocks/results_utbot-mocks_30/SPOON-163_4/temp/testcases/spoon/pattern/internal/node/MapEntryNodeTest.java:264: error: cannot find symbol
        when(rootNodeMock.replaceNode(any(), any())).thenReturn(false, true);
                                      ^
  symbol:   method any()
  location: class MapEntryNodeTest
/home/utbot_mocks/results_utbot-mocks_30/SPOON-163_4/temp/testcases/spoon/pattern/internal/node/MapEntryNodeTest.java:264: error: cannot find symbol
        when(rootNodeMock.replaceNode(any(), any())).thenReturn(false, true);
                                             ^
  symbol:   method any()
  location: class MapEntryNodeTest
/home/utbot_mocks/results_utbot-mocks_30/SPOON-163_4/temp/testcases/spoon/pattern/internal/node/MapEntryNodeTest.java:330: warning: PixelConverter is internal proprietary API and may be removed in a future release
        sun.awt.image.PixelConverter.Rgba[] rgbaArray = new sun.awt.image.PixelConverter.Rgba[0];
                     ^
/home/utbot_mocks/results_utbot-mocks_30/SPOON-163_4/temp/testcases/spoon/pattern/internal/node/MapEntryNodeTest.java:330: warning: PixelConverter is internal proprietary API and may be removed in a future release
        sun.awt.image.PixelConverter.Rgba[] rgbaArray = new sun.awt.image.PixelConverter.Rgba[0];
                                                                         ^
/home/utbot_mocks/results_utbot-mocks_30/SPOON-163_4/temp/testcases/spoon/pattern/internal/node/MapEntryNodeTest.java:734: warning: Unsafe is internal proprietary API and may be removed in a future release
    private static sun.misc.Unsafe getUnsafeInstance() throws Exception {
                           ^
/home/utbot_mocks/results_utbot-mocks_30/SPOON-163_4/temp/testcases/spoon/pattern/internal/node/MapEntryNodeTest.java:735: warning: Unsafe is internal proprietary API and may be removed in a future release
        java.lang.reflect.Field f = sun.misc.Unsafe.class.getDeclaredField("theUnsafe");
                                            ^
/home/utbot_mocks/results_utbot-mocks_30/SPOON-163_4/temp/testcases/spoon/pattern/internal/node/MapEntryNodeTest.java:737: warning: Unsafe is internal proprietary API and may be removed in a future release
        return (sun.misc.Unsafe) f.get(null);
                        ^
Note: /home/utbot_mocks/results_utbot-mocks_30/SPOON-163_4/temp/testcases/spoon/pattern/internal/node/MapEntryNodeTest.java uses unchecked or unsafe operations.
Note: Recompile with -Xlint:unchecked for details.
19 errors
16 warnings
Failed to compile 'spoon/pattern/internal/node/MapEntryNodeTest.java'!
shaded.org.apache.commons.exec.ExecuteException: Process exited with an error: 1 (Exit value: 1)
	at shaded.org.apache.commons.exec.DefaultExecutor.executeInternal(DefaultExecutor.java:377)
	at shaded.org.apache.commons.exec.DefaultExecutor.execute(DefaultExecutor.java:160)
	at shaded.org.apache.commons.exec.DefaultExecutor.execute(DefaultExecutor.java:147)
	at sbst.benchmark.TestSuite.compile(TestSuite.java:250)
	at sbst.benchmark.TestSuite.<init>(TestSuite.java:68)
	at sbst.benchmark.TranscriptWriter.endClass(TranscriptWriter.java:136)
	at sbst.benchmark.RunTool.execute(RunTool.java:141)
	at sbst.benchmark.RunTool.run(RunTool.java:62)
	at sbst.benchmark.Main.main(Main.java:160)

---Timing Information---
Running tests with the following classpath: 
/var/benchmarks/projects/spoon/target/spoon-core-7.0.0.jar:/var/benchmarks/projects/./spoon/target/dependency/org.eclipse.text-3.12.0.jar:/var/benchmarks/projects/spoon/target/dependency/org.eclipse.equinox.app-1.6.100.jar:/var/benchmarks/projects/spoon/target/dependency/org.eclipse.core.contenttype-3.8.100.jar:/var/benchmarks/projects/spoon/target/dependency/mockito-all-2.0.2-beta.jar:/var/benchmarks/projects/spoon/target/dependency/jackson-databind-2.9.2.jar:/var/benchmarks/projects/spoon/target/dependency/guava-18.0.jar:/var/benchmarks/projects/spoon/target/dependency/org.eclipse.core.expressions-3.8.100.jar:/var/benchmarks/projects/spoon/target/dependency/org.eclipse.core.commands-3.10.100.jar:/var/benchmarks/projects/spoon/target/dependency/jackson-annotations-2.9.0.jar:/var/benchmarks/projects/spoon/target/dependency/org.eclipse.jdt.core-3.13.102.jar:/var/benchmarks/projects/spoon/target/dependency/org.eclipse.core.runtime-3.24.0.jar:/var/benchmarks/projects/spoon/target/dependency/org.eclipse.core.resources-3.16.0.jar:/var/benchmarks/projects/spoon/target/dependency/jackson-core-2.9.2.jar:/var/benchmarks/projects/spoon/target/dependency/junit-4.12.jar:/var/benchmarks/projects/spoon/target/dependency/org.eclipse.equinox.registry-3.11.100.jar:/var/benchmarks/projects/spoon/target/dependency/hamcrest-core-1.3.jar:/var/benchmarks/projects/spoon/target/dependency/maven-model-3.3.9.jar:/var/benchmarks/projects/spoon/target/dependency/plexus-utils-3.0.22.jar:/var/benchmarks/projects/spoon/target/dependency/jsap-2.1.jar:/var/benchmarks/projects/spoon/target/dependency/bridge-method-annotation-1.13.jar:/var/benchmarks/projects/spoon/target/dependency/org.eclipse.equinox.common-3.15.100.jar:/var/benchmarks/projects/spoon/target/dependency/org.eclipse.core.jobs-3.12.0.jar:/var/benchmarks/projects/spoon/target/dependency/commons-io-2.5.jar:/var/benchmarks/projects/spoon/target/dependency/commons-lang3-3.5.jar:/var/benchmarks/projects/spoon/target/dependency/system-rules-1.9.0.jar:/var/benchmarks/projects/spoon/target/dependency/querydsl-core-3.6.9.jar:/var/benchmarks/projects/spoon/target/dependency/org.eclipse.core.filesystem-1.9.200.jar:/var/benchmarks/projects/spoon/target/dependency/org.eclipse.equinox.preferences-3.9.100.jar:/var/benchmarks/projects/spoon/target/dependency/org.eclipse.osgi-3.17.100.jar:/var/benchmarks/projects/spoon/target/dependency/log4j-1.2.17.jar:/usr/local/bin/lib/junit.jar:/usr/local/bin/lib/hamcrest-core.jar:/home/utbot_mocks/results_utbot-mocks_30/SPOON-163_4/temp/testcases/bin
Running the tests: [SBSTDummyForCoverageAndMutationCalculation]
Executions terminated

---The tests are re-executed other four times to find the flaky ones---
Running the tests: [SBSTDummyForCoverageAndMutationCalculation]
Executions terminated
Running the tests: [SBSTDummyForCoverageAndMutationCalculation]
Executions terminated
Running the tests: [SBSTDummyForCoverageAndMutationCalculation]
Executions terminated
Running the tests: [SBSTDummyForCoverageAndMutationCalculation]
Executions terminated

=== Run Jacoco for Coverage ===
Number of instrumented file = 9764
Running tests with the following classpath: 
/home/utbot_mocks/results_utbot-mocks_30/SPOON-163_4/temp/testcases/spoon-core-7.0.0_instrumented.jar:/home/utbot_mocks/results_utbot-mocks_30/SPOON-163_4/temp/testcases/org.eclipse.text-3.12.0_instrumented.jar:/home/utbot_mocks/results_utbot-mocks_30/SPOON-163_4/temp/testcases/org.eclipse.equinox.app-1.6.100_instrumented.jar:/home/utbot_mocks/results_utbot-mocks_30/SPOON-163_4/temp/testcases/org.eclipse.core.contenttype-3.8.100_instrumented.jar:/home/utbot_mocks/results_utbot-mocks_30/SPOON-163_4/temp/testcases/mockito-all-2.0.2-beta_instrumented.jar:/home/utbot_mocks/results_utbot-mocks_30/SPOON-163_4/temp/testcases/jackson-databind-2.9.2_instrumented.jar:/home/utbot_mocks/results_utbot-mocks_30/SPOON-163_4/temp/testcases/guava-18.0_instrumented.jar:/home/utbot_mocks/results_utbot-mocks_30/SPOON-163_4/temp/testcases/org.eclipse.core.expressions-3.8.100_instrumented.jar:/home/utbot_mocks/results_utbot-mocks_30/SPOON-163_4/temp/testcases/org.eclipse.core.commands-3.10.100_instrumented.jar:/home/utbot_mocks/results_utbot-mocks_30/SPOON-163_4/temp/testcases/jackson-annotations-2.9.0_instrumented.jar:/home/utbot_mocks/results_utbot-mocks_30/SPOON-163_4/temp/testcases/org.eclipse.jdt.core-3.13.102_instrumented.jar:/home/utbot_mocks/results_utbot-mocks_30/SPOON-163_4/temp/testcases/org.eclipse.core.runtime-3.24.0_instrumented.jar:/home/utbot_mocks/results_utbot-mocks_30/SPOON-163_4/temp/testcases/org.eclipse.core.resources-3.16.0_instrumented.jar:/home/utbot_mocks/results_utbot-mocks_30/SPOON-163_4/temp/testcases/jackson-core-2.9.2_instrumented.jar:/home/utbot_mocks/results_utbot-mocks_30/SPOON-163_4/temp/testcases/junit-4.12_instrumented.jar:/home/utbot_mocks/results_utbot-mocks_30/SPOON-163_4/temp/testcases/org.eclipse.equinox.registry-3.11.100_instrumented.jar:/home/utbot_mocks/results_utbot-mocks_30/SPOON-163_4/temp/testcases/hamcrest-core-1.3_instrumented.jar:/home/utbot_mocks/results_utbot-mocks_30/SPOON-163_4/temp/testcases/maven-model-3.3.9_instrumented.jar:/home/utbot_mocks/results_utbot-mocks_30/SPOON-163_4/temp/testcases/plexus-utils-3.0.22_instrumented.jar:/home/utbot_mocks/results_utbot-mocks_30/SPOON-163_4/temp/testcases/jsap-2.1_instrumented.jar:/home/utbot_mocks/results_utbot-mocks_30/SPOON-163_4/temp/testcases/bridge-method-annotation-1.13_instrumented.jar:/home/utbot_mocks/results_utbot-mocks_30/SPOON-163_4/temp/testcases/org.eclipse.equinox.common-3.15.100_instrumented.jar:/home/utbot_mocks/results_utbot-mocks_30/SPOON-163_4/temp/testcases/org.eclipse.core.jobs-3.12.0_instrumented.jar:/home/utbot_mocks/results_utbot-mocks_30/SPOON-163_4/temp/testcases/commons-io-2.5_instrumented.jar:/home/utbot_mocks/results_utbot-mocks_30/SPOON-163_4/temp/testcases/commons-lang3-3.5_instrumented.jar:/home/utbot_mocks/results_utbot-mocks_30/SPOON-163_4/temp/testcases/system-rules-1.9.0_instrumented.jar:/home/utbot_mocks/results_utbot-mocks_30/SPOON-163_4/temp/testcases/querydsl-core-3.6.9_instrumented.jar:/home/utbot_mocks/results_utbot-mocks_30/SPOON-163_4/temp/testcases/org.eclipse.core.filesystem-1.9.200_instrumented.jar:/home/utbot_mocks/results_utbot-mocks_30/SPOON-163_4/temp/testcases/org.eclipse.equinox.preferences-3.9.100_instrumented.jar:/home/utbot_mocks/results_utbot-mocks_30/SPOON-163_4/temp/testcases/org.eclipse.osgi-3.17.100_instrumented.jar:/home/utbot_mocks/results_utbot-mocks_30/SPOON-163_4/temp/testcases/log4j-1.2.17_instrumented.jar:/usr/local/bin/lib/hamcrest-core.jar:/usr/local/bin/lib/junit.jar:/home/utbot_mocks/results_utbot-mocks_30/SPOON-163_4/temp/testcases/bin
Running the tests: [SBSTDummyForCoverageAndMutationCalculation]
Executions terminated
Number of file with coverage information = 1009
Extracted coverage data for the class spoon/pattern/internal/node/MapEntryNode
Number of file with coverage information = 180
Number of file with coverage information = 32
Number of file with coverage information = 47
Number of file with coverage information = 752
Number of file with coverage information = 617
Number of file with coverage information = 1690
Number of file with coverage information = 50
Number of file with coverage information = 84
Number of file with coverage information = 68
Number of file with coverage information = 2122
Number of file with coverage information = 22
Number of file with coverage information = 361
Number of file with coverage information = 105
Number of file with coverage information = 286
Number of file with coverage information = 89
Number of file with coverage information = 45
Number of file with coverage information = 54
Number of file with coverage information = 104
Number of file with coverage information = 69
Number of file with coverage information = 2
Number of file with coverage information = 73
Number of file with coverage information = 48
Number of file with coverage information = 123
Number of file with coverage information = 260
Number of file with coverage information = 18
Number of file with coverage information = 348
Number of file with coverage information = 35
Number of file with coverage information = 70
Number of file with coverage information = 687
Number of file with coverage information = 314

=== Run PIT ===
Matching Jacoco with PIT: find covered mutations
Executing Mutation Analysis using 26 mutants 

>>> RESULTS:
	Tool name: utbot-mocks
	Benchmark: SPOON-163
	Class Under Test: spoon.pattern.internal.node.MapEntryNode
	Run number: 4
	Tool preparation time (ms): 14209
	Tool test cases generation time (ms): 7177
	Test cases execution time (ms): 21
	Test case number: 36
	Uncompilable Test Classes: 1
	Broken tests number: 0
	Failing tests number: 0
	Lines total: 38
	Lines covered: 0
	Lines coverage ratio (%): 0.0
	Conditions total: 20
	Conditions covered: 0
	Conditions coverage ratio (%): 0.0
	Mutants total: 26
	Mutants covered: 0
	Mutants coverage ratio (%): 0.0
	Mutants killed: 0
	Mutants killed ratio (%): 0.0
	Mutants alive: 26


Class spoon.pattern.internal.node.MapEntryNode ended.
Stopping process...
Tool subprocess is an instance of java.lang.UNIXProcess
Tool subprocess Id is 30400
Killing master process 30400
Executing command kill -9 30400
Execution of command kill -9 30400 finished.
Process was destroyed
