Started UtBot Contest, classfileDir = /var/benchmarks/projects/guava/guava/target/classes, classpathString=/var/benchmarks/projects/guava/guava/target/classes:/var/benchmarks/projects/guava/guava/target/guava-26.0-jre.jar:/var/benchmarks/projects/./guava/guava/target/dependency/checker-qual-2.5.2.jar:/var/benchmarks/projects/guava/guava/target/dependency/error_prone_annotations-2.1.3.jar:/var/benchmarks/projects/guava/guava/target/dependency/j2objc-annotations-1.1.jar:/var/benchmarks/projects/guava/guava/target/dependency/jsr305-3.0.2.jar:/var/benchmarks/projects/guava/guava/target/dependency/animal-sniffer-annotations-1.14.jar, outputDir=/home/utbot_mocks/temp/testcases, mocks=Other classes: Mockito
17:34:36.492 | INFO  | Started: warmup: kotlin reflection :: init
17:34:36.571 | INFO  | Finished (in 0.079 sec): warmup: kotlin reflection :: init 
[INIT]
>> [RUN] com.google.common.collect.TopKSelector 30
17:34:36.581 | DEBUG | -----------------------------------------------------------------------------
17:34:36.581 | INFO  | Contest.runGeneration: Time budget: 30000 ms, Generation timeout=25500 ms, classpath=/var/benchmarks/projects/guava/guava/target/classes:/var/benchmarks/projects/guava/guava/target/guava-26.0-jre.jar:/var/benchmarks/projects/./guava/guava/target/dependency/checker-qual-2.5.2.jar:/var/benchmarks/projects/guava/guava/target/dependency/error_prone_annotations-2.1.3.jar:/var/benchmarks/projects/guava/guava/target/dependency/j2objc-annotations-1.1.jar:/var/benchmarks/projects/guava/guava/target/dependency/jsr305-3.0.2.jar:/var/benchmarks/projects/guava/guava/target/dependency/animal-sniffer-annotations-1.14.jar, methodNameFilter=null
17:34:36.583 | INFO  | ClassUnderTest[ FQN: com.google.common.collect.TopKSelector
    classfileDir: /var/benchmarks/projects/guava/guava/target/classes
    testClassSimpleName: TopKSelectorTest
    generatedTestFile: /home/utbot_mocks/temp/testcases/com/google/common/collect/TopKSelectorTest.java
    generatedTestsSourcesDir: /home/utbot_mocks/temp/testcases
]
17:34:36.611 | INFO  | Started: class com.google.common.collect.TopKSelector
17:34:36.612 | INFO  | Started: preparation class class com.google.common.collect.TopKSelector: kotlin reflection :: run
17:34:36.639 | INFO  | Finished (in 0.026 sec): preparation class class com.google.common.collect.TopKSelector: kotlin reflection :: run 
17:34:36.640 | INFO  | Started: 2nd optional soot initialization
17:34:36.641 | INFO  | Finished (in 0.001 sec): 2nd optional soot initialization 
17:34:36.650 | DEBUG |  ... 
17:34:36.664 | INFO  | Started: method com.google.common.collect.TopKSelector.offer(T)
17:34:36.664 | INFO  |  -- Remaining time budget: 25430 ms, #remaining_methods: 13, budget for method: 1956 ms, solver timeout: 978 ms, budget for symbolic execution: 978 ms, budget for concrete execution: 978 ms,  -- 
17:34:36.968 | DEBUG | --new testCase collected, to generate: testCom.google.common.collect.TopKSelector.offer(T)1
17:34:37.338 | DEBUG | --new testCase collected, to generate: testCom.google.common.collect.TopKSelector.offer(T)2
17:34:37.637 | INFO  | |> Starting concrete execution for remaining state: com.google.common.collect.TopKSelector.offer(T)
17:34:37.804 | DEBUG | --new testCase collected, to generate: testCom.google.common.collect.TopKSelector.offer(T)3
17:34:38.310 | DEBUG | --new testCase collected, to generate: testCom.google.common.collect.TopKSelector.offer(T)4
17:34:38.488 | DEBUG | --new testCase collected, to generate: testCom.google.common.collect.TopKSelector.offer(T)5
17:34:38.617 | INFO  | (X) Cancelling concrete execution: com.google.common.collect.TopKSelector.offer(T)
17:34:38.812 | INFO  | Finished (in 2.148 sec): method com.google.common.collect.TopKSelector.offer(T) 
<StatsForMethod> :
	#generatedTC=5
	WITH NO EXCEPTIONS
17:34:38.816 | DEBUG |  ... 
17:34:38.817 | INFO  | Started: method com.google.common.collect.TopKSelector.trim()
17:34:38.817 | INFO  |  -- Remaining time budget: 23265 ms, #remaining_methods: 12, budget for method: 1938 ms, solver timeout: 969 ms, budget for symbolic execution: 969 ms, budget for concrete execution: 969 ms,  -- 
17:34:38.827 | DEBUG | --new testCase collected, to generate: testCom.google.common.collect.TopKSelector.trim()1
17:34:39.786 | INFO  | |> Starting concrete execution for remaining state: com.google.common.collect.TopKSelector.trim()
17:34:40.559 | DEBUG | --new testCase collected, to generate: testCom.google.common.collect.TopKSelector.trim()2
17:34:40.756 | INFO  | (X) Cancelling concrete execution: com.google.common.collect.TopKSelector.trim()
17:34:41.573 | INFO  | Finished (in 2.755 sec): method com.google.common.collect.TopKSelector.trim() 
<StatsForMethod> :
	#generatedTC=2
	WITH NO EXCEPTIONS
17:34:41.628 | DEBUG |  ... 
17:34:41.629 | INFO  | Started: method com.google.common.collect.TopKSelector.combine(TopKSelector)
17:34:41.629 | INFO  |  -- Remaining time budget: 20454 ms, #remaining_methods: 11, budget for method: 1859 ms, solver timeout: 929 ms, budget for symbolic execution: 930 ms, budget for concrete execution: 929 ms,  -- 
17:34:41.636 | DEBUG | --new testCase collected, to generate: testCom.google.common.collect.TopKSelector.combine(TopKSelector)1
17:34:41.738 | DEBUG | --new testCase collected, to generate: testCom.google.common.collect.TopKSelector.combine(TopKSelector)2
17:34:41.759 | DEBUG | --new testCase collected, to generate: testCom.google.common.collect.TopKSelector.combine(TopKSelector)3
17:34:42.098 | DEBUG | --new testCase collected, to generate: testCom.google.common.collect.TopKSelector.combine(TopKSelector)4
17:34:42.559 | INFO  | |> Starting concrete execution for remaining state: com.google.common.collect.TopKSelector.combine(TopKSelector)
17:34:43.489 | INFO  | (X) Cancelling concrete execution: com.google.common.collect.TopKSelector.combine(TopKSelector)
17:34:43.582 | INFO  | Finished (in 1.953 sec): method com.google.common.collect.TopKSelector.combine(TopKSelector) 
<StatsForMethod> :
	#generatedTC=4
	WITH NO EXCEPTIONS
17:34:43.585 | DEBUG |  ... 
17:34:43.585 | INFO  | Started: method com.google.common.collect.TopKSelector.swap(int, int)
17:34:43.586 | INFO  |  -- Remaining time budget: 18497 ms, #remaining_methods: 10, budget for method: 1849 ms, solver timeout: 924 ms, budget for symbolic execution: 925 ms, budget for concrete execution: 924 ms,  -- 
17:34:43.595 | DEBUG | --new testCase collected, to generate: testCom.google.common.collect.TopKSelector.swap(int, int)1
17:34:43.776 | DEBUG | --new testCase collected, to generate: testCom.google.common.collect.TopKSelector.swap(int, int)2
17:34:43.932 | DEBUG | --new testCase collected, to generate: testCom.google.common.collect.TopKSelector.swap(int, int)3
17:34:44.212 | DEBUG | --new testCase collected, to generate: testCom.google.common.collect.TopKSelector.swap(int, int)4
17:34:44.446 | DEBUG | --new testCase collected, to generate: testCom.google.common.collect.TopKSelector.swap(int, int)5
17:34:44.511 | INFO  | |> Starting concrete execution for remaining state: com.google.common.collect.TopKSelector.swap(int, int)
17:34:45.118 | DEBUG | --new testCase collected, to generate: testCom.google.common.collect.TopKSelector.swap(int, int)6
17:34:45.118 | INFO  | Finished (in 1.533 sec): method com.google.common.collect.TopKSelector.swap(int, int) 
<StatsForMethod> :
	#generatedTC=6
	WITH NO EXCEPTIONS
17:34:45.127 | DEBUG |  ... 
17:34:45.128 | INFO  | Started: method com.google.common.collect.TopKSelector.partition(int, int, int)
17:34:45.128 | INFO  |  -- Remaining time budget: 16955 ms, #remaining_methods: 9, budget for method: 1883 ms, solver timeout: 941 ms, budget for symbolic execution: 942 ms, budget for concrete execution: 941 ms,  -- 
17:34:45.133 | DEBUG | --new testCase collected, to generate: testCom.google.common.collect.TopKSelector.partition(int, int, int)1
17:34:45.348 | DEBUG | --new testCase collected, to generate: testCom.google.common.collect.TopKSelector.partition(int, int, int)2
17:34:45.505 | DEBUG | --new testCase collected, to generate: testCom.google.common.collect.TopKSelector.partition(int, int, int)3
17:34:45.752 | DEBUG | --new testCase collected, to generate: testCom.google.common.collect.TopKSelector.partition(int, int, int)4
17:34:46.000 | DEBUG | --new testCase collected, to generate: testCom.google.common.collect.TopKSelector.partition(int, int, int)5
17:34:46.070 | INFO  | |> Starting concrete execution for remaining state: com.google.common.collect.TopKSelector.partition(int, int, int)
17:34:47.012 | INFO  | (X) Cancelling concrete execution: com.google.common.collect.TopKSelector.partition(int, int, int)
17:34:47.091 | INFO  | Finished (in 1.963 sec): method com.google.common.collect.TopKSelector.partition(int, int, int) 
<StatsForMethod> :
	#generatedTC=5
	WITH NO EXCEPTIONS
17:34:47.110 | DEBUG |  ... 
17:34:47.111 | INFO  | Started: method com.google.common.collect.TopKSelector.offerAll(Iterator)
17:34:47.111 | INFO  |  -- Remaining time budget: 14971 ms, #remaining_methods: 8, budget for method: 1871 ms, solver timeout: 935 ms, budget for symbolic execution: 936 ms, budget for concrete execution: 935 ms,  -- 
17:34:47.119 | DEBUG | --new testCase collected, to generate: testCom.google.common.collect.TopKSelector.offerAll(Iterator)1
17:34:47.214 | DEBUG | --new testCase collected, to generate: testCom.google.common.collect.TopKSelector.offerAll(Iterator)2
17:34:47.486 | DEBUG | --new testCase collected, to generate: testCom.google.common.collect.TopKSelector.offerAll(Iterator)3
17:34:47.624 | ERROR | Symbolic execution FAILED
java.util.NoSuchElementException: List contains no element matching the predicate.
	at com.huawei.utbot.engine.Hierarchy.chunkIdForField(Hierarchy.kt:76) ~[utbot-junit-contest-1.0.jar:?]
	at com.huawei.utbot.engine.UtBotSymbolicEngine.createFieldOrMock(UtBotSymbolicEngine.kt:1934) ~[utbot-junit-contest-1.0.jar:?]
	at com.huawei.utbot.engine.UtBotSymbolicEngine.resolve(UtBotSymbolicEngine.kt:1745) ~[utbot-junit-contest-1.0.jar:?]
	at com.huawei.utbot.engine.UtBotSymbolicEngine.traverseAssignStmt(UtBotSymbolicEngine.kt:886) ~[utbot-junit-contest-1.0.jar:?]
	at com.huawei.utbot.engine.UtBotSymbolicEngine.traverseStmt(UtBotSymbolicEngine.kt:604) ~[utbot-junit-contest-1.0.jar:?]
	at com.huawei.utbot.engine.UtBotSymbolicEngine$traverse$1.invokeSuspend(UtBotSymbolicEngine.kt:464) [utbot-junit-contest-1.0.jar:?]
	at com.huawei.utbot.engine.UtBotSymbolicEngine$traverse$1.invoke(UtBotSymbolicEngine.kt) [utbot-junit-contest-1.0.jar:?]
	at kotlinx.coroutines.flow.SafeFlow.collectSafely(Builders.kt:61) [utbot-junit-contest-1.0.jar:?]
	at kotlinx.coroutines.flow.AbstractFlow.collect(Flow.kt:212) [utbot-junit-contest-1.0.jar:?]
	at kotlinx.coroutines.flow.FlowKt__MergeKt$flattenConcat$$inlined$unsafeFlow$1$lambda$1.emit(Collect.kt:134) [utbot-junit-contest-1.0.jar:?]
	at kotlinx.coroutines.flow.FlowKt__BuildersKt$flowOf$$inlined$unsafeFlow$1.collect(SafeCollector.common.kt:114) [utbot-junit-contest-1.0.jar:?]
	at kotlinx.coroutines.flow.FlowKt__BuildersKt$flowOf$$inlined$unsafeFlow$1$1.invokeSuspend(Unknown Source) [utbot-junit-contest-1.0.jar:?]
	at kotlin.coroutines.jvm.internal.BaseContinuationImpl.resumeWith(ContinuationImpl.kt:33) [utbot-junit-contest-1.0.jar:?]
	at kotlinx.coroutines.DispatchedTask.run(DispatchedTask.kt:106) [utbot-junit-contest-1.0.jar:?]
	at java.util.concurrent.Executors$RunnableAdapter.call(Executors.java:511) [?:1.8.0_312]
	at java.util.concurrent.FutureTask.run(FutureTask.java:266) [?:1.8.0_312]
	at java.util.concurrent.ScheduledThreadPoolExecutor$ScheduledFutureTask.access$201(ScheduledThreadPoolExecutor.java:180) [?:1.8.0_312]
	at java.util.concurrent.ScheduledThreadPoolExecutor$ScheduledFutureTask.run(ScheduledThreadPoolExecutor.java:293) [?:1.8.0_312]
	at java.util.concurrent.ThreadPoolExecutor.runWorker(ThreadPoolExecutor.java:1149) [?:1.8.0_312]
	at java.util.concurrent.ThreadPoolExecutor$Worker.run(ThreadPoolExecutor.java:624) [?:1.8.0_312]
	at java.lang.Thread.run(Thread.java:748) [?:1.8.0_312]
17:34:47.813 | DEBUG | --new testCase collected, to generate: testCom.google.common.collect.TopKSelector.offerAll(Iterator)4
17:34:48.047 | INFO  | |> Starting concrete execution for remaining state: com.google.common.collect.TopKSelector.offerAll(Iterator)
17:34:48.983 | INFO  | (X) Cancelling concrete execution: com.google.common.collect.TopKSelector.offerAll(Iterator)
17:34:49.123 | INFO  | Finished (in 2.012 sec): method com.google.common.collect.TopKSelector.offerAll(Iterator) 
<StatsForMethod> :
	#generatedTC=4
	FAILED 1 time(s) with 1 different exception(s)"
17:34:49.188 | DEBUG |  ... 
17:34:49.189 | INFO  | Started: method com.google.common.collect.TopKSelector.offerAll(Iterable)
17:34:49.189 | INFO  |  -- Remaining time budget: 12893 ms, #remaining_methods: 7, budget for method: 1841 ms, solver timeout: 920 ms, budget for symbolic execution: 921 ms, budget for concrete execution: 920 ms,  -- 
17:34:49.195 | DEBUG | --new testCase collected, to generate: testCom.google.common.collect.TopKSelector.offerAll(Iterable)1
17:34:49.287 | DEBUG | --new testCase collected, to generate: testCom.google.common.collect.TopKSelector.offerAll(Iterable)2
17:34:49.382 | ERROR | Symbolic execution FAILED
java.util.NoSuchElementException: List contains no element matching the predicate.
	at com.huawei.utbot.engine.Hierarchy.chunkIdForField(Hierarchy.kt:76) ~[utbot-junit-contest-1.0.jar:?]
	at com.huawei.utbot.engine.UtBotSymbolicEngine.createFieldOrMock(UtBotSymbolicEngine.kt:1934) ~[utbot-junit-contest-1.0.jar:?]
	at com.huawei.utbot.engine.UtBotSymbolicEngine.resolve(UtBotSymbolicEngine.kt:1745) ~[utbot-junit-contest-1.0.jar:?]
	at com.huawei.utbot.engine.UtBotSymbolicEngine.traverseAssignStmt(UtBotSymbolicEngine.kt:886) ~[utbot-junit-contest-1.0.jar:?]
	at com.huawei.utbot.engine.UtBotSymbolicEngine.traverseStmt(UtBotSymbolicEngine.kt:604) ~[utbot-junit-contest-1.0.jar:?]
	at com.huawei.utbot.engine.UtBotSymbolicEngine$traverse$1.invokeSuspend(UtBotSymbolicEngine.kt:464) [utbot-junit-contest-1.0.jar:?]
	at com.huawei.utbot.engine.UtBotSymbolicEngine$traverse$1.invoke(UtBotSymbolicEngine.kt) [utbot-junit-contest-1.0.jar:?]
	at kotlinx.coroutines.flow.SafeFlow.collectSafely(Builders.kt:61) [utbot-junit-contest-1.0.jar:?]
	at kotlinx.coroutines.flow.AbstractFlow.collect(Flow.kt:212) [utbot-junit-contest-1.0.jar:?]
	at kotlinx.coroutines.flow.FlowKt__MergeKt$flattenConcat$$inlined$unsafeFlow$1$lambda$1.emit(Collect.kt:134) [utbot-junit-contest-1.0.jar:?]
	at kotlinx.coroutines.flow.FlowKt__BuildersKt$flowOf$$inlined$unsafeFlow$1.collect(SafeCollector.common.kt:114) [utbot-junit-contest-1.0.jar:?]
	at kotlinx.coroutines.flow.FlowKt__BuildersKt$flowOf$$inlined$unsafeFlow$1$1.invokeSuspend(Unknown Source) [utbot-junit-contest-1.0.jar:?]
	at kotlin.coroutines.jvm.internal.BaseContinuationImpl.resumeWith(ContinuationImpl.kt:33) [utbot-junit-contest-1.0.jar:?]
	at kotlinx.coroutines.DispatchedTask.run(DispatchedTask.kt:106) [utbot-junit-contest-1.0.jar:?]
	at java.util.concurrent.Executors$RunnableAdapter.call(Executors.java:511) [?:1.8.0_312]
	at java.util.concurrent.FutureTask.run(FutureTask.java:266) [?:1.8.0_312]
	at java.util.concurrent.ScheduledThreadPoolExecutor$ScheduledFutureTask.access$201(ScheduledThreadPoolExecutor.java:180) [?:1.8.0_312]
	at java.util.concurrent.ScheduledThreadPoolExecutor$ScheduledFutureTask.run(ScheduledThreadPoolExecutor.java:293) [?:1.8.0_312]
	at java.util.concurrent.ThreadPoolExecutor.runWorker(ThreadPoolExecutor.java:1149) [?:1.8.0_312]
	at java.util.concurrent.ThreadPoolExecutor$Worker.run(ThreadPoolExecutor.java:624) [?:1.8.0_312]
	at java.lang.Thread.run(Thread.java:748) [?:1.8.0_312]
17:34:50.110 | INFO  | |> Starting concrete execution for remaining state: com.google.common.collect.TopKSelector.offerAll(Iterable)
17:34:51.031 | INFO  | (X) Cancelling concrete execution: com.google.common.collect.TopKSelector.offerAll(Iterable)
17:34:51.175 | INFO  | Finished (in 1.986 sec): method com.google.common.collect.TopKSelector.offerAll(Iterable) 
<StatsForMethod> :
	#generatedTC=2
	FAILED 1 time(s) with 1 different exception(s)"
17:34:51.238 | DEBUG |  ... 
17:34:51.239 | INFO  | Started: method com.google.common.collect.TopKSelector.topK()
17:34:51.239 | INFO  |  -- Remaining time budget: 10843 ms, #remaining_methods: 6, budget for method: 1807 ms, solver timeout: 903 ms, budget for symbolic execution: 904 ms, budget for concrete execution: 903 ms,  -- 
17:34:51.244 | DEBUG | --new testCase collected, to generate: testCom.google.common.collect.TopKSelector.topK()1
17:34:52.143 | INFO  | |> Starting concrete execution for remaining state: com.google.common.collect.TopKSelector.topK()
17:34:52.294 | DEBUG | --new testCase collected, to generate: testCom.google.common.collect.TopKSelector.topK()2
17:34:52.420 | DEBUG | --new testCase collected, to generate: testCom.google.common.collect.TopKSelector.topK()3
17:34:53.047 | INFO  | (X) Cancelling concrete execution: com.google.common.collect.TopKSelector.topK()
17:34:53.057 | INFO  | Finished (in 1.818 sec): method com.google.common.collect.TopKSelector.topK() 
<StatsForMethod> :
	#generatedTC=3
	WITH NO EXCEPTIONS
17:34:53.111 | DEBUG |  ... 
17:34:53.112 | INFO  | Started: method com.google.common.collect.TopKSelector.least(int)
17:34:53.112 | INFO  |  -- Remaining time budget: 8970 ms, #remaining_methods: 5, budget for method: 1794 ms, solver timeout: 897 ms, budget for symbolic execution: 897 ms, budget for concrete execution: 897 ms,  -- 
17:34:53.125 | DEBUG | --new testCase collected, to generate: testCom.google.common.collect.TopKSelector.least(int)1
17:34:54.009 | INFO  | |> Starting concrete execution for remaining state: com.google.common.collect.TopKSelector.least(int)
17:34:54.372 | DEBUG | --new testCase collected, to generate: testCom.google.common.collect.TopKSelector.least(int)2
17:34:54.584 | DEBUG | --new testCase collected, to generate: testCom.google.common.collect.TopKSelector.least(int)3
17:34:54.795 | DEBUG | --new testCase collected, to generate: testCom.google.common.collect.TopKSelector.least(int)4
17:34:54.805 | INFO  | Finished (in 1.693 sec): method com.google.common.collect.TopKSelector.least(int) 
<StatsForMethod> :
	#generatedTC=4
	WITH NO EXCEPTIONS
17:34:54.852 | DEBUG |  ... 
17:34:54.853 | INFO  | Started: method com.google.common.collect.TopKSelector.least(int, Comparator)
17:34:54.853 | INFO  |  -- Remaining time budget: 7230 ms, #remaining_methods: 4, budget for method: 1807 ms, solver timeout: 903 ms, budget for symbolic execution: 904 ms, budget for concrete execution: 903 ms,  -- 
17:34:54.860 | DEBUG | --new testCase collected, to generate: testCom.google.common.collect.TopKSelector.least(int, Comparator)1
17:34:55.758 | INFO  | |> Starting concrete execution for remaining state: com.google.common.collect.TopKSelector.least(int, Comparator)
17:34:55.786 | DEBUG | --new testCase collected, to generate: testCom.google.common.collect.TopKSelector.least(int, Comparator)2
17:34:55.944 | DEBUG | --new testCase collected, to generate: testCom.google.common.collect.TopKSelector.least(int, Comparator)3
17:34:56.023 | DEBUG | --new testCase collected, to generate: testCom.google.common.collect.TopKSelector.least(int, Comparator)4
17:34:56.103 | DEBUG | --new testCase collected, to generate: testCom.google.common.collect.TopKSelector.least(int, Comparator)5
17:34:56.108 | INFO  | Finished (in 1.255 sec): method com.google.common.collect.TopKSelector.least(int, Comparator) 
<StatsForMethod> :
	#generatedTC=5
	WITH NO EXCEPTIONS
17:34:56.138 | DEBUG |  ... 
17:34:56.139 | INFO  | Started: method com.google.common.collect.TopKSelector.greatest(int, Comparator)
17:34:56.139 | INFO  |  -- Remaining time budget: 5944 ms, #remaining_methods: 3, budget for method: 1981 ms, solver timeout: 990 ms, budget for symbolic execution: 991 ms, budget for concrete execution: 990 ms,  -- 
17:34:56.145 | DEBUG | --new testCase collected, to generate: testCom.google.common.collect.TopKSelector.greatest(int, Comparator)1
17:34:56.189 | DEBUG | --new testCase collected, to generate: testCom.google.common.collect.TopKSelector.greatest(int, Comparator)2
17:34:57.130 | INFO  | |> Starting concrete execution for remaining state: com.google.common.collect.TopKSelector.greatest(int, Comparator)
17:34:57.179 | DEBUG | --new testCase collected, to generate: testCom.google.common.collect.TopKSelector.greatest(int, Comparator)3
17:34:57.263 | DEBUG | --new testCase collected, to generate: testCom.google.common.collect.TopKSelector.greatest(int, Comparator)4
17:34:57.370 | DEBUG | --new testCase collected, to generate: testCom.google.common.collect.TopKSelector.greatest(int, Comparator)5
17:34:57.375 | INFO  | Finished (in 1.236 sec): method com.google.common.collect.TopKSelector.greatest(int, Comparator) 
<StatsForMethod> :
	#generatedTC=5
	WITH NO EXCEPTIONS
17:34:57.406 | DEBUG |  ... 
17:34:57.406 | INFO  | Started: method com.google.common.collect.TopKSelector.greatest(int)
17:34:57.407 | INFO  |  -- Remaining time budget: 4676 ms, #remaining_methods: 2, budget for method: 2338 ms, solver timeout: 1000 ms, budget for symbolic execution: 1169 ms, budget for concrete execution: 1169 ms,  -- 
17:34:57.412 | DEBUG | --new testCase collected, to generate: testCom.google.common.collect.TopKSelector.greatest(int)1
17:34:58.576 | INFO  | |> Starting concrete execution for remaining state: com.google.common.collect.TopKSelector.greatest(int)
17:34:58.669 | DEBUG | --new testCase collected, to generate: testCom.google.common.collect.TopKSelector.greatest(int)2
17:34:58.748 | DEBUG | --new testCase collected, to generate: testCom.google.common.collect.TopKSelector.greatest(int)3
17:34:58.959 | DEBUG | --new testCase collected, to generate: testCom.google.common.collect.TopKSelector.greatest(int)4
17:34:58.968 | INFO  | Finished (in 1.561 sec): method com.google.common.collect.TopKSelector.greatest(int) 
<StatsForMethod> :
	#generatedTC=4
	WITH NO EXCEPTIONS
17:34:59.011 | DEBUG |  ... 
17:34:59.013 | INFO  | Started: method com.google.common.collect.TopKSelector.<init>(Comparator, int)
17:34:59.014 | INFO  |  -- Remaining time budget: 3069 ms, #remaining_methods: 1, budget for method: 3069 ms, solver timeout: 1000 ms, budget for symbolic execution: 1869 ms, budget for concrete execution: 1200 ms,  -- 
17:34:59.020 | DEBUG | --new testCase collected, to generate: testCom.google.common.collect.TopKSelector.<init>(Comparator, int)1
17:34:59.273 | DEBUG | --new testCase collected, to generate: testCom.google.common.collect.TopKSelector.<init>(Comparator, int)2
17:34:59.729 | DEBUG | --new testCase collected, to generate: testCom.google.common.collect.TopKSelector.<init>(Comparator, int)3
17:34:59.744 | DEBUG | --new testCase collected, to generate: testCom.google.common.collect.TopKSelector.<init>(Comparator, int)4
17:34:59.750 | INFO  | Finished (in 0.737 sec): method com.google.common.collect.TopKSelector.<init>(Comparator, int) 
<StatsForMethod> :
	#generatedTC=4
	WITH NO EXCEPTIONS
17:34:59.760 | INFO  | Started: Flushing tests for [TopKSelector] on disk
17:35:00.845 | INFO  | File size for TopKSelectorTest: 60 KB
17:35:00.846 | INFO  | Finished (in 1.086 sec): Flushing tests for [TopKSelector] on disk 
17:35:00.847 | INFO  | Finished (in 24.235 sec): class com.google.common.collect.TopKSelector 
<StatsForClass> :
	canceled by timeout = false
	#methods = 13, 
	#methods started symbolic exploration = 13
	#methods with at least one TC = 13
	#methods with exceptions = 2
	#generated TC = 53
	#coverage = null
[READY]
