
>>> TOOL NAME:  utbot-mocks

>>> BENCHMARK:  GUAVA-6

>>> RUN NUMBER: 7

>>> MODE: --only-compute-metrics
Creating directory ./temp
Creating directory ./temp/data
Creating directory ./temp/testcases
Executing /home/utbot_mocks/./runtool
>> BENCHMARK
>> /var/benchmarks/projects/guava/guava/src
>> /var/benchmarks/projects/guava/guava/target/classes
>> 6
>> /var/benchmarks/projects/guava/guava/target/guava-26.0-jre.jar
>> /var/benchmarks/projects/./guava/guava/target/dependency/checker-qual-2.5.2.jar
>> /var/benchmarks/projects/guava/guava/target/dependency/error_prone_annotations-2.1.3.jar
>> /var/benchmarks/projects/guava/guava/target/dependency/j2objc-annotations-1.1.jar
>> /var/benchmarks/projects/guava/guava/target/dependency/jsr305-3.0.2.jar
>> /var/benchmarks/projects/guava/guava/target/dependency/animal-sniffer-annotations-1.14.jar
>> 0
expecting CLASSPATH or READY
<< CLASSPATH
expecting number
<< 0
<< READY
>> 120


### COMPUTING METRICS ###: com.google.common.base.Throwables


Starting class com.google.common.base.Throwables


Ending class com.google.common.base.Throwables
Creating directory results_utbot-mocks_120/GUAVA-6_7/temp/testcases/bin
Creating dummy JUnit test file

---Compilation---

===
javac command line:
/usr/bin/javac -sourcepath /home/utbot_mocks/results_utbot-mocks_120/GUAVA-6_7/temp/testcases -cp /var/benchmarks/projects/guava/guava/target/guava-26.0-jre.jar:/var/benchmarks/projects/./guava/guava/target/dependency/checker-qual-2.5.2.jar:/var/benchmarks/projects/guava/guava/target/dependency/error_prone_annotations-2.1.3.jar:/var/benchmarks/projects/guava/guava/target/dependency/j2objc-annotations-1.1.jar:/var/benchmarks/projects/guava/guava/target/dependency/jsr305-3.0.2.jar:/var/benchmarks/projects/guava/guava/target/dependency/animal-sniffer-annotations-1.14.jar:/usr/local/bin/lib/junit.jar:/usr/local/bin/lib/hamcrest-core.jar -d results_utbot-mocks_120/GUAVA-6_7/temp/testcases/bin /home/utbot_mocks/results_utbot-mocks_120/GUAVA-6_7/temp/testcases/SBSTDummyForCoverageAndMutationCalculation.java


===
javac command line:
/usr/bin/javac -sourcepath /home/utbot_mocks/results_utbot-mocks_120/GUAVA-6_7/temp/testcases -cp /var/benchmarks/projects/guava/guava/target/guava-26.0-jre.jar:/var/benchmarks/projects/./guava/guava/target/dependency/checker-qual-2.5.2.jar:/var/benchmarks/projects/guava/guava/target/dependency/error_prone_annotations-2.1.3.jar:/var/benchmarks/projects/guava/guava/target/dependency/j2objc-annotations-1.1.jar:/var/benchmarks/projects/guava/guava/target/dependency/jsr305-3.0.2.jar:/var/benchmarks/projects/guava/guava/target/dependency/animal-sniffer-annotations-1.14.jar:/usr/local/bin/lib/junit.jar:/usr/local/bin/lib/hamcrest-core.jar -d results_utbot-mocks_120/GUAVA-6_7/temp/testcases/bin /home/utbot_mocks/results_utbot-mocks_120/GUAVA-6_7/temp/testcases/com/google/common/base/ThrowablesTest.java

/home/utbot_mocks/results_utbot-mocks_120/GUAVA-6_7/temp/testcases/com/google/common/base/ThrowablesTest.java:21: warning: NativePRNG is internal proprietary API and may be removed in a future release
import sun.security.provider.NativePRNG.Blocking;
                            ^
/home/utbot_mocks/results_utbot-mocks_120/GUAVA-6_7/temp/testcases/com/google/common/base/ThrowablesTest.java:21: warning: NativePRNG is internal proprietary API and may be removed in a future release
import sun.security.provider.NativePRNG.Blocking;
                            ^
/home/utbot_mocks/results_utbot-mocks_120/GUAVA-6_7/temp/testcases/com/google/common/base/ThrowablesTest.java:22: warning: NativePRNG is internal proprietary API and may be removed in a future release
import sun.security.provider.NativePRNG;
                            ^
/home/utbot_mocks/results_utbot-mocks_120/GUAVA-6_7/temp/testcases/com/google/common/base/ThrowablesTest.java:27: error: package jdk.internal.org.xml.sax does not exist
import jdk.internal.org.xml.sax.SAXException;
                               ^
/home/utbot_mocks/results_utbot-mocks_120/GUAVA-6_7/temp/testcases/com/google/common/base/ThrowablesTest.java:38: warning: Unsafe is internal proprietary API and may be removed in a future release
import sun.misc.Unsafe;
               ^
/home/utbot_mocks/results_utbot-mocks_120/GUAVA-6_7/temp/testcases/com/google/common/base/ThrowablesTest.java:41: error: package org.mockito does not exist
import static org.mockito.ArgumentMatchers.any;
                         ^
/home/utbot_mocks/results_utbot-mocks_120/GUAVA-6_7/temp/testcases/com/google/common/base/ThrowablesTest.java:41: error: static import only from classes and interfaces
import static org.mockito.ArgumentMatchers.any;
^
/home/utbot_mocks/results_utbot-mocks_120/GUAVA-6_7/temp/testcases/com/google/common/base/ThrowablesTest.java:42: error: package org.mockito does not exist
import static org.mockito.Mockito.mockStatic;
                         ^
/home/utbot_mocks/results_utbot-mocks_120/GUAVA-6_7/temp/testcases/com/google/common/base/ThrowablesTest.java:42: error: static import only from classes and interfaces
import static org.mockito.Mockito.mockStatic;
^
/home/utbot_mocks/results_utbot-mocks_120/GUAVA-6_7/temp/testcases/com/google/common/base/ThrowablesTest.java:145: error: package org.mockito does not exist
        org.mockito.MockedStatic mockedStatic = null;
                   ^
/home/utbot_mocks/results_utbot-mocks_120/GUAVA-6_7/temp/testcases/com/google/common/base/ThrowablesTest.java:147: error: cannot find symbol
            mockedStatic = mockStatic(Preconditions.class);
                           ^
  symbol:   method mockStatic(Class<Preconditions>)
  location: class ThrowablesTest
/home/utbot_mocks/results_utbot-mocks_120/GUAVA-6_7/temp/testcases/com/google/common/base/ThrowablesTest.java:149: error: cannot find symbol
                Preconditions.checkNotNull(any());
                                           ^
  symbol:   method any()
  location: class ThrowablesTest
/home/utbot_mocks/results_utbot-mocks_120/GUAVA-6_7/temp/testcases/com/google/common/base/ThrowablesTest.java:163: error: package org.mockito does not exist
        org.mockito.MockedStatic mockedStatic = null;
                   ^
/home/utbot_mocks/results_utbot-mocks_120/GUAVA-6_7/temp/testcases/com/google/common/base/ThrowablesTest.java:165: error: cannot find symbol
            mockedStatic = mockStatic(Preconditions.class);
                           ^
  symbol:   method mockStatic(Class<Preconditions>)
  location: class ThrowablesTest
/home/utbot_mocks/results_utbot-mocks_120/GUAVA-6_7/temp/testcases/com/google/common/base/ThrowablesTest.java:167: error: cannot find symbol
                Preconditions.checkNotNull(any());
                                           ^
  symbol:   method any()
  location: class ThrowablesTest
/home/utbot_mocks/results_utbot-mocks_120/GUAVA-6_7/temp/testcases/com/google/common/base/ThrowablesTest.java:182: error: package org.mockito does not exist
        org.mockito.MockedStatic mockedStatic = null;
                   ^
/home/utbot_mocks/results_utbot-mocks_120/GUAVA-6_7/temp/testcases/com/google/common/base/ThrowablesTest.java:184: error: cannot find symbol
            mockedStatic = mockStatic(Preconditions.class);
                           ^
  symbol:   method mockStatic(Class<Preconditions>)
  location: class ThrowablesTest
/home/utbot_mocks/results_utbot-mocks_120/GUAVA-6_7/temp/testcases/com/google/common/base/ThrowablesTest.java:186: error: cannot find symbol
                Preconditions.checkNotNull(any());
                                           ^
  symbol:   method any()
  location: class ThrowablesTest
/home/utbot_mocks/results_utbot-mocks_120/GUAVA-6_7/temp/testcases/com/google/common/base/ThrowablesTest.java:211: error: package org.mockito does not exist
        org.mockito.MockedStatic mockedStatic = null;
                   ^
/home/utbot_mocks/results_utbot-mocks_120/GUAVA-6_7/temp/testcases/com/google/common/base/ThrowablesTest.java:213: error: cannot find symbol
            mockedStatic = mockStatic(Preconditions.class);
                           ^
  symbol:   method mockStatic(Class<Preconditions>)
  location: class ThrowablesTest
/home/utbot_mocks/results_utbot-mocks_120/GUAVA-6_7/temp/testcases/com/google/common/base/ThrowablesTest.java:215: error: cannot find symbol
                Preconditions.checkNotNull(any());
                                           ^
  symbol:   method any()
  location: class ThrowablesTest
/home/utbot_mocks/results_utbot-mocks_120/GUAVA-6_7/temp/testcases/com/google/common/base/ThrowablesTest.java:230: error: package org.mockito does not exist
        org.mockito.MockedStatic mockedStatic = null;
                   ^
/home/utbot_mocks/results_utbot-mocks_120/GUAVA-6_7/temp/testcases/com/google/common/base/ThrowablesTest.java:232: error: cannot find symbol
            mockedStatic = mockStatic(Preconditions.class);
                           ^
  symbol:   method mockStatic(Class<Preconditions>)
  location: class ThrowablesTest
/home/utbot_mocks/results_utbot-mocks_120/GUAVA-6_7/temp/testcases/com/google/common/base/ThrowablesTest.java:234: error: cannot find symbol
                Preconditions.checkNotNull(any());
                                           ^
  symbol:   method any()
  location: class ThrowablesTest
/home/utbot_mocks/results_utbot-mocks_120/GUAVA-6_7/temp/testcases/com/google/common/base/ThrowablesTest.java:248: error: package org.mockito does not exist
        org.mockito.MockedStatic mockedStatic = null;
                   ^
/home/utbot_mocks/results_utbot-mocks_120/GUAVA-6_7/temp/testcases/com/google/common/base/ThrowablesTest.java:250: error: cannot find symbol
            mockedStatic = mockStatic(Preconditions.class);
                           ^
  symbol:   method mockStatic(Class<Preconditions>)
  location: class ThrowablesTest
/home/utbot_mocks/results_utbot-mocks_120/GUAVA-6_7/temp/testcases/com/google/common/base/ThrowablesTest.java:252: error: cannot find symbol
                Preconditions.checkNotNull(any());
                                           ^
  symbol:   method any()
  location: class ThrowablesTest
/home/utbot_mocks/results_utbot-mocks_120/GUAVA-6_7/temp/testcases/com/google/common/base/ThrowablesTest.java:286: error: package org.mockito does not exist
        org.mockito.MockedStatic mockedStatic = null;
                   ^
/home/utbot_mocks/results_utbot-mocks_120/GUAVA-6_7/temp/testcases/com/google/common/base/ThrowablesTest.java:288: error: cannot find symbol
            mockedStatic = mockStatic(Preconditions.class);
                           ^
  symbol:   method mockStatic(Class<Preconditions>)
  location: class ThrowablesTest
/home/utbot_mocks/results_utbot-mocks_120/GUAVA-6_7/temp/testcases/com/google/common/base/ThrowablesTest.java:291: error: cannot find symbol
                Preconditions.checkNotNull(any());
                                           ^
  symbol:   method any()
  location: class ThrowablesTest
/home/utbot_mocks/results_utbot-mocks_120/GUAVA-6_7/temp/testcases/com/google/common/base/ThrowablesTest.java:305: error: package org.mockito does not exist
        org.mockito.MockedStatic mockedStatic = null;
                   ^
/home/utbot_mocks/results_utbot-mocks_120/GUAVA-6_7/temp/testcases/com/google/common/base/ThrowablesTest.java:307: error: cannot find symbol
            mockedStatic = mockStatic(Preconditions.class);
                           ^
  symbol:   method mockStatic(Class<Preconditions>)
  location: class ThrowablesTest
/home/utbot_mocks/results_utbot-mocks_120/GUAVA-6_7/temp/testcases/com/google/common/base/ThrowablesTest.java:309: error: cannot find symbol
                Preconditions.checkNotNull(any());
                                           ^
  symbol:   method any()
  location: class ThrowablesTest
/home/utbot_mocks/results_utbot-mocks_120/GUAVA-6_7/temp/testcases/com/google/common/base/ThrowablesTest.java:334: error: package org.mockito does not exist
        org.mockito.MockedStatic mockedStatic = null;
                   ^
/home/utbot_mocks/results_utbot-mocks_120/GUAVA-6_7/temp/testcases/com/google/common/base/ThrowablesTest.java:336: error: cannot find symbol
            mockedStatic = mockStatic(Preconditions.class);
                           ^
  symbol:   method mockStatic(Class<Preconditions>)
  location: class ThrowablesTest
/home/utbot_mocks/results_utbot-mocks_120/GUAVA-6_7/temp/testcases/com/google/common/base/ThrowablesTest.java:339: error: cannot find symbol
                Preconditions.checkNotNull(any());
                                           ^
  symbol:   method any()
  location: class ThrowablesTest
/home/utbot_mocks/results_utbot-mocks_120/GUAVA-6_7/temp/testcases/com/google/common/base/ThrowablesTest.java:353: error: package org.mockito does not exist
        org.mockito.MockedStatic mockedStatic = null;
                   ^
/home/utbot_mocks/results_utbot-mocks_120/GUAVA-6_7/temp/testcases/com/google/common/base/ThrowablesTest.java:355: error: cannot find symbol
            mockedStatic = mockStatic(Preconditions.class);
                           ^
  symbol:   method mockStatic(Class<Preconditions>)
  location: class ThrowablesTest
/home/utbot_mocks/results_utbot-mocks_120/GUAVA-6_7/temp/testcases/com/google/common/base/ThrowablesTest.java:357: error: cannot find symbol
                Preconditions.checkNotNull(any());
                                           ^
  symbol:   method any()
  location: class ThrowablesTest
/home/utbot_mocks/results_utbot-mocks_120/GUAVA-6_7/temp/testcases/com/google/common/base/ThrowablesTest.java:372: error: package org.mockito does not exist
        org.mockito.MockedStatic mockedStatic = null;
                   ^
/home/utbot_mocks/results_utbot-mocks_120/GUAVA-6_7/temp/testcases/com/google/common/base/ThrowablesTest.java:374: error: cannot find symbol
            mockedStatic = mockStatic(Preconditions.class);
                           ^
  symbol:   method mockStatic(Class<Preconditions>)
  location: class ThrowablesTest
/home/utbot_mocks/results_utbot-mocks_120/GUAVA-6_7/temp/testcases/com/google/common/base/ThrowablesTest.java:376: error: cannot find symbol
                Preconditions.checkNotNull(any());
                                           ^
  symbol:   method any()
  location: class ThrowablesTest
/home/utbot_mocks/results_utbot-mocks_120/GUAVA-6_7/temp/testcases/com/google/common/base/ThrowablesTest.java:400: error: package org.mockito does not exist
        org.mockito.MockedStatic mockedStatic = null;
                   ^
/home/utbot_mocks/results_utbot-mocks_120/GUAVA-6_7/temp/testcases/com/google/common/base/ThrowablesTest.java:402: error: cannot find symbol
            mockedStatic = mockStatic(Preconditions.class);
                           ^
  symbol:   method mockStatic(Class<Preconditions>)
  location: class ThrowablesTest
/home/utbot_mocks/results_utbot-mocks_120/GUAVA-6_7/temp/testcases/com/google/common/base/ThrowablesTest.java:404: error: cannot find symbol
                Preconditions.checkNotNull(any());
                                           ^
  symbol:   method any()
  location: class ThrowablesTest
/home/utbot_mocks/results_utbot-mocks_120/GUAVA-6_7/temp/testcases/com/google/common/base/ThrowablesTest.java:420: error: package org.mockito does not exist
        org.mockito.MockedStatic mockedStatic = null;
                   ^
/home/utbot_mocks/results_utbot-mocks_120/GUAVA-6_7/temp/testcases/com/google/common/base/ThrowablesTest.java:422: error: cannot find symbol
            mockedStatic = mockStatic(Preconditions.class);
                           ^
  symbol:   method mockStatic(Class<Preconditions>)
  location: class ThrowablesTest
/home/utbot_mocks/results_utbot-mocks_120/GUAVA-6_7/temp/testcases/com/google/common/base/ThrowablesTest.java:424: error: cannot find symbol
                Preconditions.checkNotNull(any());
                                           ^
  symbol:   method any()
  location: class ThrowablesTest
/home/utbot_mocks/results_utbot-mocks_120/GUAVA-6_7/temp/testcases/com/google/common/base/ThrowablesTest.java:440: error: package org.mockito does not exist
        org.mockito.MockedStatic mockedStatic = null;
                   ^
/home/utbot_mocks/results_utbot-mocks_120/GUAVA-6_7/temp/testcases/com/google/common/base/ThrowablesTest.java:442: error: cannot find symbol
            mockedStatic = mockStatic(Preconditions.class);
                           ^
  symbol:   method mockStatic(Class<Preconditions>)
  location: class ThrowablesTest
/home/utbot_mocks/results_utbot-mocks_120/GUAVA-6_7/temp/testcases/com/google/common/base/ThrowablesTest.java:444: error: cannot find symbol
                Preconditions.checkNotNull(any());
                                           ^
  symbol:   method any()
  location: class ThrowablesTest
/home/utbot_mocks/results_utbot-mocks_120/GUAVA-6_7/temp/testcases/com/google/common/base/ThrowablesTest.java:478: error: package org.mockito does not exist
        org.mockito.MockedStatic mockedStatic = null;
                   ^
/home/utbot_mocks/results_utbot-mocks_120/GUAVA-6_7/temp/testcases/com/google/common/base/ThrowablesTest.java:480: error: cannot find symbol
            mockedStatic = mockStatic(Preconditions.class);
                           ^
  symbol:   method mockStatic(Class<Preconditions>)
  location: class ThrowablesTest
/home/utbot_mocks/results_utbot-mocks_120/GUAVA-6_7/temp/testcases/com/google/common/base/ThrowablesTest.java:482: error: cannot find symbol
                Preconditions.checkNotNull(any());
                                           ^
  symbol:   method any()
  location: class ThrowablesTest
/home/utbot_mocks/results_utbot-mocks_120/GUAVA-6_7/temp/testcases/com/google/common/base/ThrowablesTest.java:497: error: package org.mockito does not exist
        org.mockito.MockedStatic mockedStatic = null;
                   ^
/home/utbot_mocks/results_utbot-mocks_120/GUAVA-6_7/temp/testcases/com/google/common/base/ThrowablesTest.java:499: error: cannot find symbol
            mockedStatic = mockStatic(Preconditions.class);
                           ^
  symbol:   method mockStatic(Class<Preconditions>)
  location: class ThrowablesTest
/home/utbot_mocks/results_utbot-mocks_120/GUAVA-6_7/temp/testcases/com/google/common/base/ThrowablesTest.java:501: error: cannot find symbol
                Preconditions.checkNotNull(any());
                                           ^
  symbol:   method any()
  location: class ThrowablesTest
/home/utbot_mocks/results_utbot-mocks_120/GUAVA-6_7/temp/testcases/com/google/common/base/ThrowablesTest.java:516: error: package org.mockito does not exist
        org.mockito.MockedStatic mockedStatic = null;
                   ^
/home/utbot_mocks/results_utbot-mocks_120/GUAVA-6_7/temp/testcases/com/google/common/base/ThrowablesTest.java:518: error: cannot find symbol
            mockedStatic = mockStatic(Preconditions.class);
                           ^
  symbol:   method mockStatic(Class<Preconditions>)
  location: class ThrowablesTest
/home/utbot_mocks/results_utbot-mocks_120/GUAVA-6_7/temp/testcases/com/google/common/base/ThrowablesTest.java:520: error: cannot find symbol
                Preconditions.checkNotNull(any());
                                           ^
  symbol:   method any()
  location: class ThrowablesTest
/home/utbot_mocks/results_utbot-mocks_120/GUAVA-6_7/temp/testcases/com/google/common/base/ThrowablesTest.java:535: error: package org.mockito does not exist
        org.mockito.MockedStatic mockedStatic = null;
                   ^
/home/utbot_mocks/results_utbot-mocks_120/GUAVA-6_7/temp/testcases/com/google/common/base/ThrowablesTest.java:537: error: cannot find symbol
            mockedStatic = mockStatic(Preconditions.class);
                           ^
  symbol:   method mockStatic(Class<Preconditions>)
  location: class ThrowablesTest
/home/utbot_mocks/results_utbot-mocks_120/GUAVA-6_7/temp/testcases/com/google/common/base/ThrowablesTest.java:540: error: cannot find symbol
                Preconditions.checkNotNull(any());
                                           ^
  symbol:   method any()
  location: class ThrowablesTest
/home/utbot_mocks/results_utbot-mocks_120/GUAVA-6_7/temp/testcases/com/google/common/base/ThrowablesTest.java:564: error: package org.mockito does not exist
        org.mockito.MockedStatic mockedStatic = null;
                   ^
/home/utbot_mocks/results_utbot-mocks_120/GUAVA-6_7/temp/testcases/com/google/common/base/ThrowablesTest.java:566: error: cannot find symbol
            mockedStatic = mockStatic(Preconditions.class);
                           ^
  symbol:   method mockStatic(Class<Preconditions>)
  location: class ThrowablesTest
/home/utbot_mocks/results_utbot-mocks_120/GUAVA-6_7/temp/testcases/com/google/common/base/ThrowablesTest.java:569: error: cannot find symbol
                Preconditions.checkNotNull(any());
                                           ^
  symbol:   method any()
  location: class ThrowablesTest
/home/utbot_mocks/results_utbot-mocks_120/GUAVA-6_7/temp/testcases/com/google/common/base/ThrowablesTest.java:585: error: package org.mockito does not exist
        org.mockito.MockedStatic mockedStatic = null;
                   ^
/home/utbot_mocks/results_utbot-mocks_120/GUAVA-6_7/temp/testcases/com/google/common/base/ThrowablesTest.java:587: error: cannot find symbol
            mockedStatic = mockStatic(Preconditions.class);
                           ^
  symbol:   method mockStatic(Class<Preconditions>)
  location: class ThrowablesTest
/home/utbot_mocks/results_utbot-mocks_120/GUAVA-6_7/temp/testcases/com/google/common/base/ThrowablesTest.java:589: error: cannot find symbol
                Preconditions.checkNotNull(any());
                                           ^
  symbol:   method any()
  location: class ThrowablesTest
/home/utbot_mocks/results_utbot-mocks_120/GUAVA-6_7/temp/testcases/com/google/common/base/ThrowablesTest.java:605: error: package org.mockito does not exist
        org.mockito.MockedStatic mockedStatic = null;
                   ^
/home/utbot_mocks/results_utbot-mocks_120/GUAVA-6_7/temp/testcases/com/google/common/base/ThrowablesTest.java:607: error: cannot find symbol
            mockedStatic = mockStatic(Preconditions.class);
                           ^
  symbol:   method mockStatic(Class<Preconditions>)
  location: class ThrowablesTest
/home/utbot_mocks/results_utbot-mocks_120/GUAVA-6_7/temp/testcases/com/google/common/base/ThrowablesTest.java:609: error: cannot find symbol
                Preconditions.checkNotNull(any());
                                           ^
  symbol:   method any()
  location: class ThrowablesTest
/home/utbot_mocks/results_utbot-mocks_120/GUAVA-6_7/temp/testcases/com/google/common/base/ThrowablesTest.java:625: error: package org.mockito does not exist
        org.mockito.MockedStatic mockedStatic = null;
                   ^
/home/utbot_mocks/results_utbot-mocks_120/GUAVA-6_7/temp/testcases/com/google/common/base/ThrowablesTest.java:627: error: cannot find symbol
            mockedStatic = mockStatic(Preconditions.class);
                           ^
  symbol:   method mockStatic(Class<Preconditions>)
  location: class ThrowablesTest
/home/utbot_mocks/results_utbot-mocks_120/GUAVA-6_7/temp/testcases/com/google/common/base/ThrowablesTest.java:630: error: cannot find symbol
                Preconditions.checkNotNull(any());
                                           ^
  symbol:   method any()
  location: class ThrowablesTest
/home/utbot_mocks/results_utbot-mocks_120/GUAVA-6_7/temp/testcases/com/google/common/base/ThrowablesTest.java:646: error: package org.mockito does not exist
        org.mockito.MockedStatic mockedStatic = null;
                   ^
/home/utbot_mocks/results_utbot-mocks_120/GUAVA-6_7/temp/testcases/com/google/common/base/ThrowablesTest.java:648: error: cannot find symbol
            mockedStatic = mockStatic(Preconditions.class);
                           ^
  symbol:   method mockStatic(Class<Preconditions>)
  location: class ThrowablesTest
/home/utbot_mocks/results_utbot-mocks_120/GUAVA-6_7/temp/testcases/com/google/common/base/ThrowablesTest.java:649: warning: NativePRNG is internal proprietary API and may be removed in a future release
            sun.security.provider.NativePRNG.Blocking[] blockingArray = new sun.security.provider.NativePRNG.Blocking[0];
                                 ^
/home/utbot_mocks/results_utbot-mocks_120/GUAVA-6_7/temp/testcases/com/google/common/base/ThrowablesTest.java:649: warning: NativePRNG is internal proprietary API and may be removed in a future release
            sun.security.provider.NativePRNG.Blocking[] blockingArray = new sun.security.provider.NativePRNG.Blocking[0];
                                                                                                 ^
/home/utbot_mocks/results_utbot-mocks_120/GUAVA-6_7/temp/testcases/com/google/common/base/ThrowablesTest.java:651: error: cannot find symbol
                Preconditions.checkNotNull(any());
                                           ^
  symbol:   method any()
  location: class ThrowablesTest
/home/utbot_mocks/results_utbot-mocks_120/GUAVA-6_7/temp/testcases/com/google/common/base/ThrowablesTest.java:667: error: package org.mockito does not exist
        org.mockito.MockedStatic mockedStatic = null;
                   ^
/home/utbot_mocks/results_utbot-mocks_120/GUAVA-6_7/temp/testcases/com/google/common/base/ThrowablesTest.java:669: error: cannot find symbol
            mockedStatic = mockStatic(Preconditions.class);
                           ^
  symbol:   method mockStatic(Class<Preconditions>)
  location: class ThrowablesTest
/home/utbot_mocks/results_utbot-mocks_120/GUAVA-6_7/temp/testcases/com/google/common/base/ThrowablesTest.java:671: error: cannot find symbol
                Preconditions.checkNotNull(any());
                                           ^
  symbol:   method any()
  location: class ThrowablesTest
/home/utbot_mocks/results_utbot-mocks_120/GUAVA-6_7/temp/testcases/com/google/common/base/ThrowablesTest.java:687: error: package org.mockito does not exist
        org.mockito.MockedStatic mockedStatic = null;
                   ^
/home/utbot_mocks/results_utbot-mocks_120/GUAVA-6_7/temp/testcases/com/google/common/base/ThrowablesTest.java:689: error: cannot find symbol
            mockedStatic = mockStatic(Preconditions.class);
                           ^
  symbol:   method mockStatic(Class<Preconditions>)
  location: class ThrowablesTest
/home/utbot_mocks/results_utbot-mocks_120/GUAVA-6_7/temp/testcases/com/google/common/base/ThrowablesTest.java:691: error: cannot find symbol
                Preconditions.checkNotNull(any());
                                           ^
  symbol:   method any()
  location: class ThrowablesTest
/home/utbot_mocks/results_utbot-mocks_120/GUAVA-6_7/temp/testcases/com/google/common/base/ThrowablesTest.java:705: error: package org.mockito does not exist
        org.mockito.MockedStatic mockedStatic = null;
                   ^
/home/utbot_mocks/results_utbot-mocks_120/GUAVA-6_7/temp/testcases/com/google/common/base/ThrowablesTest.java:707: error: cannot find symbol
            mockedStatic = mockStatic(Preconditions.class);
                           ^
  symbol:   method mockStatic(Class<Preconditions>)
  location: class ThrowablesTest
/home/utbot_mocks/results_utbot-mocks_120/GUAVA-6_7/temp/testcases/com/google/common/base/ThrowablesTest.java:709: error: cannot find symbol
                Preconditions.checkNotNull(any());
                                           ^
  symbol:   method any()
  location: class ThrowablesTest
/home/utbot_mocks/results_utbot-mocks_120/GUAVA-6_7/temp/testcases/com/google/common/base/ThrowablesTest.java:803: error: cannot find symbol
        SAXException sAXException = ((SAXException) createInstance("jdk.internal.org.xml.sax.SAXException"));
        ^
  symbol:   class SAXException
  location: class ThrowablesTest
/home/utbot_mocks/results_utbot-mocks_120/GUAVA-6_7/temp/testcases/com/google/common/base/ThrowablesTest.java:803: error: cannot find symbol
        SAXException sAXException = ((SAXException) createInstance("jdk.internal.org.xml.sax.SAXException"));
                                      ^
  symbol:   class SAXException
  location: class ThrowablesTest
/home/utbot_mocks/results_utbot-mocks_120/GUAVA-6_7/temp/testcases/com/google/common/base/ThrowablesTest.java:877: warning: JavaLangAccess is internal proprietary API and may be removed in a future release
        Class class1 = sun.misc.JavaLangAccess.class;
                               ^
/home/utbot_mocks/results_utbot-mocks_120/GUAVA-6_7/temp/testcases/com/google/common/base/ThrowablesTest.java:942: warning: JavaLangAccess is internal proprietary API and may be removed in a future release
        Class class1 = sun.misc.JavaLangAccess.class;
                               ^
/home/utbot_mocks/results_utbot-mocks_120/GUAVA-6_7/temp/testcases/com/google/common/base/ThrowablesTest.java:1266: warning: Unsafe is internal proprietary API and may be removed in a future release
    private static sun.misc.Unsafe getUnsafeInstance() throws Exception {
                           ^
/home/utbot_mocks/results_utbot-mocks_120/GUAVA-6_7/temp/testcases/com/google/common/base/ThrowablesTest.java:1267: warning: Unsafe is internal proprietary API and may be removed in a future release
        java.lang.reflect.Field f = sun.misc.Unsafe.class.getDeclaredField("theUnsafe");
                                            ^
/home/utbot_mocks/results_utbot-mocks_120/GUAVA-6_7/temp/testcases/com/google/common/base/ThrowablesTest.java:1269: warning: Unsafe is internal proprietary API and may be removed in a future release
        return (sun.misc.Unsafe) f.get(null);
                        ^
Note: /home/utbot_mocks/results_utbot-mocks_120/GUAVA-6_7/temp/testcases/com/google/common/base/ThrowablesTest.java uses or overrides a deprecated API.
Note: Recompile with -Xlint:deprecation for details.
Note: /home/utbot_mocks/results_utbot-mocks_120/GUAVA-6_7/temp/testcases/com/google/common/base/ThrowablesTest.java uses unchecked or unsafe operations.
Note: Recompile with -Xlint:unchecked for details.
85 errors
11 warnings
Failed to compile 'com/google/common/base/ThrowablesTest.java'!
shaded.org.apache.commons.exec.ExecuteException: Process exited with an error: 1 (Exit value: 1)
	at shaded.org.apache.commons.exec.DefaultExecutor.executeInternal(DefaultExecutor.java:377)
	at shaded.org.apache.commons.exec.DefaultExecutor.execute(DefaultExecutor.java:160)
	at shaded.org.apache.commons.exec.DefaultExecutor.execute(DefaultExecutor.java:147)
	at sbst.benchmark.TestSuite.compile(TestSuite.java:250)
	at sbst.benchmark.TestSuite.<init>(TestSuite.java:68)
	at sbst.benchmark.TranscriptWriter.endClass(TranscriptWriter.java:136)
	at sbst.benchmark.RunTool.execute(RunTool.java:141)
	at sbst.benchmark.RunTool.run(RunTool.java:62)
	at sbst.benchmark.Main.main(Main.java:160)

---Timing Information---
Running tests with the following classpath: 
/var/benchmarks/projects/guava/guava/target/guava-26.0-jre.jar:/var/benchmarks/projects/./guava/guava/target/dependency/checker-qual-2.5.2.jar:/var/benchmarks/projects/guava/guava/target/dependency/error_prone_annotations-2.1.3.jar:/var/benchmarks/projects/guava/guava/target/dependency/j2objc-annotations-1.1.jar:/var/benchmarks/projects/guava/guava/target/dependency/jsr305-3.0.2.jar:/var/benchmarks/projects/guava/guava/target/dependency/animal-sniffer-annotations-1.14.jar:/usr/local/bin/lib/junit.jar:/usr/local/bin/lib/hamcrest-core.jar:/home/utbot_mocks/results_utbot-mocks_120/GUAVA-6_7/temp/testcases/bin
Running the tests: [SBSTDummyForCoverageAndMutationCalculation]
Executions terminated

---The tests are re-executed other four times to find the flaky ones---
Running the tests: [SBSTDummyForCoverageAndMutationCalculation]
Executions terminated
Running the tests: [SBSTDummyForCoverageAndMutationCalculation]
Executions terminated
Running the tests: [SBSTDummyForCoverageAndMutationCalculation]
Executions terminated
Running the tests: [SBSTDummyForCoverageAndMutationCalculation]
Executions terminated

=== Run Jacoco for Coverage ===
Number of instrumented file = 2323
Running tests with the following classpath: 
/home/utbot_mocks/results_utbot-mocks_120/GUAVA-6_7/temp/testcases/guava-26.0-jre_instrumented.jar:/home/utbot_mocks/results_utbot-mocks_120/GUAVA-6_7/temp/testcases/checker-qual-2.5.2_instrumented.jar:/home/utbot_mocks/results_utbot-mocks_120/GUAVA-6_7/temp/testcases/error_prone_annotations-2.1.3_instrumented.jar:/home/utbot_mocks/results_utbot-mocks_120/GUAVA-6_7/temp/testcases/j2objc-annotations-1.1_instrumented.jar:/home/utbot_mocks/results_utbot-mocks_120/GUAVA-6_7/temp/testcases/jsr305-3.0.2_instrumented.jar:/home/utbot_mocks/results_utbot-mocks_120/GUAVA-6_7/temp/testcases/animal-sniffer-annotations-1.14_instrumented.jar:/usr/local/bin/lib/hamcrest-core.jar:/usr/local/bin/lib/junit.jar:/home/utbot_mocks/results_utbot-mocks_120/GUAVA-6_7/temp/testcases/bin
Running the tests: [SBSTDummyForCoverageAndMutationCalculation]
Executions terminated
Number of file with coverage information = 1951
Extracted coverage data for the class com/google/common/base/Throwables
Number of file with coverage information = 302
Number of file with coverage information = 22
Number of file with coverage information = 12
Number of file with coverage information = 35
Number of file with coverage information = 1

=== Run PIT ===
Matching Jacoco with PIT: find covered mutations
Executing Mutation Analysis using 41 mutants 

>>> RESULTS:
	Tool name: utbot-mocks
	Benchmark: GUAVA-6
	Class Under Test: com.google.common.base.Throwables
	Run number: 7
	Tool preparation time (ms): 13536
	Tool test cases generation time (ms): 86533
	Test cases execution time (ms): 15
	Test case number: 55
	Uncompilable Test Classes: 1
	Broken tests number: 0
	Failing tests number: 0
	Lines total: 92
	Lines covered: 0
	Lines coverage ratio (%): 0.0
	Conditions total: 38
	Conditions covered: 0
	Conditions coverage ratio (%): 0.0
	Mutants total: 41
	Mutants covered: 0
	Mutants coverage ratio (%): 0.0
	Mutants killed: 0
	Mutants killed ratio (%): 0.0
	Mutants alive: 41


Class com.google.common.base.Throwables ended.
Stopping process...
Tool subprocess is an instance of java.lang.UNIXProcess
Tool subprocess Id is 16977
Killing master process 16977
Executing command kill -9 16977
Execution of command kill -9 16977 finished.
Process was destroyed
