Started UtBot Contest, classfileDir = /var/benchmarks/projects/guava/guava/target/classes, classpathString=/var/benchmarks/projects/guava/guava/target/classes:/var/benchmarks/projects/guava/guava/target/guava-26.0-jre.jar:/var/benchmarks/projects/./guava/guava/target/dependency/checker-qual-2.5.2.jar:/var/benchmarks/projects/guava/guava/target/dependency/error_prone_annotations-2.1.3.jar:/var/benchmarks/projects/guava/guava/target/dependency/j2objc-annotations-1.1.jar:/var/benchmarks/projects/guava/guava/target/dependency/jsr305-3.0.2.jar:/var/benchmarks/projects/guava/guava/target/dependency/animal-sniffer-annotations-1.14.jar, outputDir=/home/utbot_mocks/temp/testcases, mocks=Other classes: Mockito
11:34:08.285 | INFO  | Started: warmup: kotlin reflection :: init
11:34:08.361 | INFO  | Finished (in 0.075 sec): warmup: kotlin reflection :: init 
[INIT]
>> [RUN] com.google.common.collect.TopKSelector 30
11:34:08.369 | DEBUG | -----------------------------------------------------------------------------
11:34:08.369 | INFO  | Contest.runGeneration: Time budget: 30000 ms, Generation timeout=25500 ms, classpath=/var/benchmarks/projects/guava/guava/target/classes:/var/benchmarks/projects/guava/guava/target/guava-26.0-jre.jar:/var/benchmarks/projects/./guava/guava/target/dependency/checker-qual-2.5.2.jar:/var/benchmarks/projects/guava/guava/target/dependency/error_prone_annotations-2.1.3.jar:/var/benchmarks/projects/guava/guava/target/dependency/j2objc-annotations-1.1.jar:/var/benchmarks/projects/guava/guava/target/dependency/jsr305-3.0.2.jar:/var/benchmarks/projects/guava/guava/target/dependency/animal-sniffer-annotations-1.14.jar, methodNameFilter=null
11:34:08.371 | INFO  | ClassUnderTest[ FQN: com.google.common.collect.TopKSelector
    classfileDir: /var/benchmarks/projects/guava/guava/target/classes
    testClassSimpleName: TopKSelectorTest
    generatedTestFile: /home/utbot_mocks/temp/testcases/com/google/common/collect/TopKSelectorTest.java
    generatedTestsSourcesDir: /home/utbot_mocks/temp/testcases
]
11:34:08.391 | INFO  | Started: class com.google.common.collect.TopKSelector
11:34:08.392 | INFO  | Started: preparation class class com.google.common.collect.TopKSelector: kotlin reflection :: run
11:34:08.420 | INFO  | Finished (in 0.027 sec): preparation class class com.google.common.collect.TopKSelector: kotlin reflection :: run 
11:34:08.421 | INFO  | Started: 2nd optional soot initialization
11:34:08.422 | INFO  | Finished (in 0.001 sec): 2nd optional soot initialization 
11:34:08.429 | DEBUG |  ... 
11:34:08.445 | INFO  | Started: method com.google.common.collect.TopKSelector.offer(T)
11:34:08.446 | INFO  |  -- Remaining time budget: 25439 ms, #remaining_methods: 13, budget for method: 1956 ms, solver timeout: 978 ms, budget for symbolic execution: 978 ms, budget for concrete execution: 978 ms,  -- 
11:34:08.759 | DEBUG | --new testCase collected, to generate: testCom.google.common.collect.TopKSelector.offer(T)1
11:34:09.166 | DEBUG | --new testCase collected, to generate: testCom.google.common.collect.TopKSelector.offer(T)2
11:34:09.419 | INFO  | |> Starting concrete execution for remaining state: com.google.common.collect.TopKSelector.offer(T)
11:34:09.686 | DEBUG | --new testCase collected, to generate: testCom.google.common.collect.TopKSelector.offer(T)3
11:34:10.263 | DEBUG | --new testCase collected, to generate: testCom.google.common.collect.TopKSelector.offer(T)4
11:34:10.398 | INFO  | (X) Cancelling concrete execution: com.google.common.collect.TopKSelector.offer(T)
11:34:10.475 | INFO  | Finished (in 2.030 sec): method com.google.common.collect.TopKSelector.offer(T) 
<StatsForMethod> :
	#generatedTC=4
	WITH NO EXCEPTIONS
11:34:10.480 | DEBUG |  ... 
11:34:10.481 | INFO  | Started: method com.google.common.collect.TopKSelector.trim()
11:34:10.481 | INFO  |  -- Remaining time budget: 23389 ms, #remaining_methods: 12, budget for method: 1949 ms, solver timeout: 974 ms, budget for symbolic execution: 975 ms, budget for concrete execution: 974 ms,  -- 
11:34:10.493 | DEBUG | --new testCase collected, to generate: testCom.google.common.collect.TopKSelector.trim()1
11:34:11.499 | INFO  | |> Starting concrete execution for remaining state: com.google.common.collect.TopKSelector.trim()
11:34:12.396 | DEBUG | --new testCase collected, to generate: testCom.google.common.collect.TopKSelector.trim()2
11:34:12.474 | INFO  | (X) Cancelling concrete execution: com.google.common.collect.TopKSelector.trim()
11:34:13.433 | INFO  | Finished (in 2.952 sec): method com.google.common.collect.TopKSelector.trim() 
<StatsForMethod> :
	#generatedTC=2
	WITH NO EXCEPTIONS
11:34:13.483 | DEBUG |  ... 
11:34:13.485 | INFO  | Started: method com.google.common.collect.TopKSelector.combine(TopKSelector)
11:34:13.485 | INFO  |  -- Remaining time budget: 20386 ms, #remaining_methods: 11, budget for method: 1853 ms, solver timeout: 926 ms, budget for symbolic execution: 927 ms, budget for concrete execution: 926 ms,  -- 
11:34:13.494 | DEBUG | --new testCase collected, to generate: testCom.google.common.collect.TopKSelector.combine(TopKSelector)1
11:34:13.632 | DEBUG | --new testCase collected, to generate: testCom.google.common.collect.TopKSelector.combine(TopKSelector)2
11:34:13.654 | DEBUG | --new testCase collected, to generate: testCom.google.common.collect.TopKSelector.combine(TopKSelector)3
11:34:14.009 | DEBUG | --new testCase collected, to generate: testCom.google.common.collect.TopKSelector.combine(TopKSelector)4
11:34:14.412 | INFO  | |> Starting concrete execution for remaining state: com.google.common.collect.TopKSelector.combine(TopKSelector)
11:34:15.339 | INFO  | (X) Cancelling concrete execution: com.google.common.collect.TopKSelector.combine(TopKSelector)
11:34:15.570 | INFO  | Finished (in 2.085 sec): method com.google.common.collect.TopKSelector.combine(TopKSelector) 
<StatsForMethod> :
	#generatedTC=4
	WITH NO EXCEPTIONS
11:34:15.573 | DEBUG |  ... 
11:34:15.574 | INFO  | Started: method com.google.common.collect.TopKSelector.swap(int, int)
11:34:15.574 | INFO  |  -- Remaining time budget: 18296 ms, #remaining_methods: 10, budget for method: 1829 ms, solver timeout: 914 ms, budget for symbolic execution: 915 ms, budget for concrete execution: 914 ms,  -- 
11:34:15.585 | DEBUG | --new testCase collected, to generate: testCom.google.common.collect.TopKSelector.swap(int, int)1
11:34:15.796 | DEBUG | --new testCase collected, to generate: testCom.google.common.collect.TopKSelector.swap(int, int)2
11:34:15.963 | DEBUG | --new testCase collected, to generate: testCom.google.common.collect.TopKSelector.swap(int, int)3
11:34:16.272 | DEBUG | --new testCase collected, to generate: testCom.google.common.collect.TopKSelector.swap(int, int)4
11:34:16.489 | INFO  | |> Starting concrete execution for remaining state: com.google.common.collect.TopKSelector.swap(int, int)
11:34:16.515 | DEBUG | --new testCase collected, to generate: testCom.google.common.collect.TopKSelector.swap(int, int)5
11:34:17.221 | DEBUG | --new testCase collected, to generate: testCom.google.common.collect.TopKSelector.swap(int, int)6
11:34:17.221 | INFO  | Finished (in 1.647 sec): method com.google.common.collect.TopKSelector.swap(int, int) 
<StatsForMethod> :
	#generatedTC=6
	WITH NO EXCEPTIONS
11:34:17.231 | DEBUG |  ... 
11:34:17.231 | INFO  | Started: method com.google.common.collect.TopKSelector.partition(int, int, int)
11:34:17.232 | INFO  |  -- Remaining time budget: 16639 ms, #remaining_methods: 9, budget for method: 1848 ms, solver timeout: 924 ms, budget for symbolic execution: 924 ms, budget for concrete execution: 924 ms,  -- 
11:34:17.238 | DEBUG | --new testCase collected, to generate: testCom.google.common.collect.TopKSelector.partition(int, int, int)1
11:34:17.462 | DEBUG | --new testCase collected, to generate: testCom.google.common.collect.TopKSelector.partition(int, int, int)2
11:34:17.634 | DEBUG | --new testCase collected, to generate: testCom.google.common.collect.TopKSelector.partition(int, int, int)3
11:34:17.898 | DEBUG | --new testCase collected, to generate: testCom.google.common.collect.TopKSelector.partition(int, int, int)4
11:34:18.156 | INFO  | |> Starting concrete execution for remaining state: com.google.common.collect.TopKSelector.partition(int, int, int)
11:34:18.160 | DEBUG | --new testCase collected, to generate: testCom.google.common.collect.TopKSelector.partition(int, int, int)5
11:34:19.081 | INFO  | (X) Cancelling concrete execution: com.google.common.collect.TopKSelector.partition(int, int, int)
11:34:19.306 | INFO  | Finished (in 2.074 sec): method com.google.common.collect.TopKSelector.partition(int, int, int) 
<StatsForMethod> :
	#generatedTC=5
	WITH NO EXCEPTIONS
11:34:19.328 | DEBUG |  ... 
11:34:19.329 | INFO  | Started: method com.google.common.collect.TopKSelector.offerAll(Iterator)
11:34:19.329 | INFO  |  -- Remaining time budget: 14542 ms, #remaining_methods: 8, budget for method: 1817 ms, solver timeout: 908 ms, budget for symbolic execution: 909 ms, budget for concrete execution: 908 ms,  -- 
11:34:19.336 | DEBUG | --new testCase collected, to generate: testCom.google.common.collect.TopKSelector.offerAll(Iterator)1
11:34:19.460 | DEBUG | --new testCase collected, to generate: testCom.google.common.collect.TopKSelector.offerAll(Iterator)2
11:34:19.772 | DEBUG | --new testCase collected, to generate: testCom.google.common.collect.TopKSelector.offerAll(Iterator)3
11:34:19.928 | ERROR | Symbolic execution FAILED
java.util.NoSuchElementException: List contains no element matching the predicate.
	at com.huawei.utbot.engine.Hierarchy.chunkIdForField(Hierarchy.kt:76) ~[utbot-junit-contest-1.0.jar:?]
	at com.huawei.utbot.engine.UtBotSymbolicEngine.createFieldOrMock(UtBotSymbolicEngine.kt:1934) ~[utbot-junit-contest-1.0.jar:?]
	at com.huawei.utbot.engine.UtBotSymbolicEngine.resolve(UtBotSymbolicEngine.kt:1745) ~[utbot-junit-contest-1.0.jar:?]
	at com.huawei.utbot.engine.UtBotSymbolicEngine.traverseAssignStmt(UtBotSymbolicEngine.kt:886) ~[utbot-junit-contest-1.0.jar:?]
	at com.huawei.utbot.engine.UtBotSymbolicEngine.traverseStmt(UtBotSymbolicEngine.kt:604) ~[utbot-junit-contest-1.0.jar:?]
	at com.huawei.utbot.engine.UtBotSymbolicEngine$traverse$1.invokeSuspend(UtBotSymbolicEngine.kt:464) [utbot-junit-contest-1.0.jar:?]
	at com.huawei.utbot.engine.UtBotSymbolicEngine$traverse$1.invoke(UtBotSymbolicEngine.kt) [utbot-junit-contest-1.0.jar:?]
	at kotlinx.coroutines.flow.SafeFlow.collectSafely(Builders.kt:61) [utbot-junit-contest-1.0.jar:?]
	at kotlinx.coroutines.flow.AbstractFlow.collect(Flow.kt:212) [utbot-junit-contest-1.0.jar:?]
	at kotlinx.coroutines.flow.FlowKt__MergeKt$flattenConcat$$inlined$unsafeFlow$1$lambda$1.emit(Collect.kt:134) [utbot-junit-contest-1.0.jar:?]
	at kotlinx.coroutines.flow.FlowKt__BuildersKt$flowOf$$inlined$unsafeFlow$1.collect(SafeCollector.common.kt:114) [utbot-junit-contest-1.0.jar:?]
	at kotlinx.coroutines.flow.FlowKt__BuildersKt$flowOf$$inlined$unsafeFlow$1$1.invokeSuspend(Unknown Source) [utbot-junit-contest-1.0.jar:?]
	at kotlin.coroutines.jvm.internal.BaseContinuationImpl.resumeWith(ContinuationImpl.kt:33) [utbot-junit-contest-1.0.jar:?]
	at kotlinx.coroutines.DispatchedTask.run(DispatchedTask.kt:106) [utbot-junit-contest-1.0.jar:?]
	at java.util.concurrent.Executors$RunnableAdapter.call(Executors.java:511) [?:1.8.0_312]
	at java.util.concurrent.FutureTask.run(FutureTask.java:266) [?:1.8.0_312]
	at java.util.concurrent.ScheduledThreadPoolExecutor$ScheduledFutureTask.access$201(ScheduledThreadPoolExecutor.java:180) [?:1.8.0_312]
	at java.util.concurrent.ScheduledThreadPoolExecutor$ScheduledFutureTask.run(ScheduledThreadPoolExecutor.java:293) [?:1.8.0_312]
	at java.util.concurrent.ThreadPoolExecutor.runWorker(ThreadPoolExecutor.java:1149) [?:1.8.0_312]
	at java.util.concurrent.ThreadPoolExecutor$Worker.run(ThreadPoolExecutor.java:624) [?:1.8.0_312]
	at java.lang.Thread.run(Thread.java:748) [?:1.8.0_312]
11:34:20.122 | DEBUG | --new testCase collected, to generate: testCom.google.common.collect.TopKSelector.offerAll(Iterator)4
11:34:20.238 | INFO  | |> Starting concrete execution for remaining state: com.google.common.collect.TopKSelector.offerAll(Iterator)
11:34:21.147 | INFO  | (X) Cancelling concrete execution: com.google.common.collect.TopKSelector.offerAll(Iterator)
11:34:21.286 | INFO  | Finished (in 1.957 sec): method com.google.common.collect.TopKSelector.offerAll(Iterator) 
<StatsForMethod> :
	#generatedTC=4
	FAILED 1 time(s) with 1 different exception(s)"
11:34:21.345 | DEBUG |  ... 
11:34:21.346 | INFO  | Started: method com.google.common.collect.TopKSelector.offerAll(Iterable)
11:34:21.346 | INFO  |  -- Remaining time budget: 12524 ms, #remaining_methods: 7, budget for method: 1789 ms, solver timeout: 894 ms, budget for symbolic execution: 895 ms, budget for concrete execution: 894 ms,  -- 
11:34:21.353 | DEBUG | --new testCase collected, to generate: testCom.google.common.collect.TopKSelector.offerAll(Iterable)1
11:34:21.466 | DEBUG | --new testCase collected, to generate: testCom.google.common.collect.TopKSelector.offerAll(Iterable)2
11:34:21.564 | ERROR | Symbolic execution FAILED
java.util.NoSuchElementException: List contains no element matching the predicate.
	at com.huawei.utbot.engine.Hierarchy.chunkIdForField(Hierarchy.kt:76) ~[utbot-junit-contest-1.0.jar:?]
	at com.huawei.utbot.engine.UtBotSymbolicEngine.createFieldOrMock(UtBotSymbolicEngine.kt:1934) ~[utbot-junit-contest-1.0.jar:?]
	at com.huawei.utbot.engine.UtBotSymbolicEngine.resolve(UtBotSymbolicEngine.kt:1745) ~[utbot-junit-contest-1.0.jar:?]
	at com.huawei.utbot.engine.UtBotSymbolicEngine.traverseAssignStmt(UtBotSymbolicEngine.kt:886) ~[utbot-junit-contest-1.0.jar:?]
	at com.huawei.utbot.engine.UtBotSymbolicEngine.traverseStmt(UtBotSymbolicEngine.kt:604) ~[utbot-junit-contest-1.0.jar:?]
	at com.huawei.utbot.engine.UtBotSymbolicEngine$traverse$1.invokeSuspend(UtBotSymbolicEngine.kt:464) [utbot-junit-contest-1.0.jar:?]
	at com.huawei.utbot.engine.UtBotSymbolicEngine$traverse$1.invoke(UtBotSymbolicEngine.kt) [utbot-junit-contest-1.0.jar:?]
	at kotlinx.coroutines.flow.SafeFlow.collectSafely(Builders.kt:61) [utbot-junit-contest-1.0.jar:?]
	at kotlinx.coroutines.flow.AbstractFlow.collect(Flow.kt:212) [utbot-junit-contest-1.0.jar:?]
	at kotlinx.coroutines.flow.FlowKt__MergeKt$flattenConcat$$inlined$unsafeFlow$1$lambda$1.emit(Collect.kt:134) [utbot-junit-contest-1.0.jar:?]
	at kotlinx.coroutines.flow.FlowKt__BuildersKt$flowOf$$inlined$unsafeFlow$1.collect(SafeCollector.common.kt:114) [utbot-junit-contest-1.0.jar:?]
	at kotlinx.coroutines.flow.FlowKt__BuildersKt$flowOf$$inlined$unsafeFlow$1$1.invokeSuspend(Unknown Source) [utbot-junit-contest-1.0.jar:?]
	at kotlin.coroutines.jvm.internal.BaseContinuationImpl.resumeWith(ContinuationImpl.kt:33) [utbot-junit-contest-1.0.jar:?]
	at kotlinx.coroutines.DispatchedTask.run(DispatchedTask.kt:106) [utbot-junit-contest-1.0.jar:?]
	at java.util.concurrent.Executors$RunnableAdapter.call(Executors.java:511) [?:1.8.0_312]
	at java.util.concurrent.FutureTask.run(FutureTask.java:266) [?:1.8.0_312]
	at java.util.concurrent.ScheduledThreadPoolExecutor$ScheduledFutureTask.access$201(ScheduledThreadPoolExecutor.java:180) [?:1.8.0_312]
	at java.util.concurrent.ScheduledThreadPoolExecutor$ScheduledFutureTask.run(ScheduledThreadPoolExecutor.java:293) [?:1.8.0_312]
	at java.util.concurrent.ThreadPoolExecutor.runWorker(ThreadPoolExecutor.java:1149) [?:1.8.0_312]
	at java.util.concurrent.ThreadPoolExecutor$Worker.run(ThreadPoolExecutor.java:624) [?:1.8.0_312]
	at java.lang.Thread.run(Thread.java:748) [?:1.8.0_312]
11:34:22.241 | INFO  | |> Starting concrete execution for remaining state: com.google.common.collect.TopKSelector.offerAll(Iterable)
11:34:23.136 | INFO  | (X) Cancelling concrete execution: com.google.common.collect.TopKSelector.offerAll(Iterable)
11:34:23.185 | INFO  | Finished (in 1.838 sec): method com.google.common.collect.TopKSelector.offerAll(Iterable) 
<StatsForMethod> :
	#generatedTC=2
	FAILED 1 time(s) with 1 different exception(s)"
11:34:23.251 | DEBUG |  ... 
11:34:23.252 | INFO  | Started: method com.google.common.collect.TopKSelector.topK()
11:34:23.252 | INFO  |  -- Remaining time budget: 10618 ms, #remaining_methods: 6, budget for method: 1769 ms, solver timeout: 884 ms, budget for symbolic execution: 885 ms, budget for concrete execution: 884 ms,  -- 
11:34:23.258 | DEBUG | --new testCase collected, to generate: testCom.google.common.collect.TopKSelector.topK()1
11:34:24.137 | INFO  | |> Starting concrete execution for remaining state: com.google.common.collect.TopKSelector.topK()
11:34:24.157 | DEBUG | --new testCase collected, to generate: testCom.google.common.collect.TopKSelector.topK()2
11:34:24.287 | DEBUG | --new testCase collected, to generate: testCom.google.common.collect.TopKSelector.topK()3
11:34:25.022 | INFO  | (X) Cancelling concrete execution: com.google.common.collect.TopKSelector.topK()
11:34:25.073 | INFO  | Finished (in 1.821 sec): method com.google.common.collect.TopKSelector.topK() 
<StatsForMethod> :
	#generatedTC=3
	WITH NO EXCEPTIONS
11:34:25.133 | DEBUG |  ... 
11:34:25.134 | INFO  | Started: method com.google.common.collect.TopKSelector.least(int)
11:34:25.135 | INFO  |  -- Remaining time budget: 8736 ms, #remaining_methods: 5, budget for method: 1747 ms, solver timeout: 873 ms, budget for symbolic execution: 874 ms, budget for concrete execution: 873 ms,  -- 
11:34:25.148 | DEBUG | --new testCase collected, to generate: testCom.google.common.collect.TopKSelector.least(int)1
11:34:26.009 | INFO  | |> Starting concrete execution for remaining state: com.google.common.collect.TopKSelector.least(int)
11:34:26.479 | DEBUG | --new testCase collected, to generate: testCom.google.common.collect.TopKSelector.least(int)2
11:34:26.702 | DEBUG | --new testCase collected, to generate: testCom.google.common.collect.TopKSelector.least(int)3
11:34:26.882 | INFO  | (X) Cancelling concrete execution: com.google.common.collect.TopKSelector.least(int)
11:34:26.928 | INFO  | Finished (in 1.793 sec): method com.google.common.collect.TopKSelector.least(int) 
<StatsForMethod> :
	#generatedTC=3
	WITH NO EXCEPTIONS
11:34:26.976 | DEBUG |  ... 
11:34:26.976 | INFO  | Started: method com.google.common.collect.TopKSelector.least(int, Comparator)
11:34:26.977 | INFO  |  -- Remaining time budget: 6894 ms, #remaining_methods: 4, budget for method: 1723 ms, solver timeout: 861 ms, budget for symbolic execution: 862 ms, budget for concrete execution: 861 ms,  -- 
11:34:26.983 | DEBUG | --new testCase collected, to generate: testCom.google.common.collect.TopKSelector.least(int, Comparator)1
11:34:27.839 | INFO  | |> Starting concrete execution for remaining state: com.google.common.collect.TopKSelector.least(int, Comparator)
11:34:27.948 | DEBUG | --new testCase collected, to generate: testCom.google.common.collect.TopKSelector.least(int, Comparator)2
11:34:28.115 | DEBUG | --new testCase collected, to generate: testCom.google.common.collect.TopKSelector.least(int, Comparator)3
11:34:28.197 | DEBUG | --new testCase collected, to generate: testCom.google.common.collect.TopKSelector.least(int, Comparator)4
11:34:28.278 | DEBUG | --new testCase collected, to generate: testCom.google.common.collect.TopKSelector.least(int, Comparator)5
11:34:28.283 | INFO  | Finished (in 1.306 sec): method com.google.common.collect.TopKSelector.least(int, Comparator) 
<StatsForMethod> :
	#generatedTC=5
	WITH NO EXCEPTIONS
11:34:28.311 | DEBUG |  ... 
11:34:28.312 | INFO  | Started: method com.google.common.collect.TopKSelector.greatest(int, Comparator)
11:34:28.312 | INFO  |  -- Remaining time budget: 5558 ms, #remaining_methods: 3, budget for method: 1852 ms, solver timeout: 926 ms, budget for symbolic execution: 926 ms, budget for concrete execution: 926 ms,  -- 
11:34:28.318 | DEBUG | --new testCase collected, to generate: testCom.google.common.collect.TopKSelector.greatest(int, Comparator)1
11:34:28.368 | DEBUG | --new testCase collected, to generate: testCom.google.common.collect.TopKSelector.greatest(int, Comparator)2
11:34:29.238 | INFO  | |> Starting concrete execution for remaining state: com.google.common.collect.TopKSelector.greatest(int, Comparator)
11:34:29.406 | DEBUG | --new testCase collected, to generate: testCom.google.common.collect.TopKSelector.greatest(int, Comparator)3
11:34:29.496 | DEBUG | --new testCase collected, to generate: testCom.google.common.collect.TopKSelector.greatest(int, Comparator)4
11:34:29.609 | DEBUG | --new testCase collected, to generate: testCom.google.common.collect.TopKSelector.greatest(int, Comparator)5
11:34:29.616 | INFO  | Finished (in 1.303 sec): method com.google.common.collect.TopKSelector.greatest(int, Comparator) 
<StatsForMethod> :
	#generatedTC=5
	WITH NO EXCEPTIONS
11:34:29.647 | DEBUG |  ... 
11:34:29.647 | INFO  | Started: method com.google.common.collect.TopKSelector.greatest(int)
11:34:29.648 | INFO  |  -- Remaining time budget: 4223 ms, #remaining_methods: 2, budget for method: 2111 ms, solver timeout: 1000 ms, budget for symbolic execution: 1056 ms, budget for concrete execution: 1055 ms,  -- 
11:34:29.657 | DEBUG | --new testCase collected, to generate: testCom.google.common.collect.TopKSelector.greatest(int)1
11:34:30.704 | INFO  | |> Starting concrete execution for remaining state: com.google.common.collect.TopKSelector.greatest(int)
11:34:31.040 | DEBUG | --new testCase collected, to generate: testCom.google.common.collect.TopKSelector.greatest(int)2
11:34:31.123 | DEBUG | --new testCase collected, to generate: testCom.google.common.collect.TopKSelector.greatest(int)3
11:34:31.339 | DEBUG | --new testCase collected, to generate: testCom.google.common.collect.TopKSelector.greatest(int)4
11:34:31.349 | INFO  | Finished (in 1.701 sec): method com.google.common.collect.TopKSelector.greatest(int) 
<StatsForMethod> :
	#generatedTC=4
	WITH NO EXCEPTIONS
11:34:31.394 | DEBUG |  ... 
11:34:31.394 | INFO  | Started: method com.google.common.collect.TopKSelector.<init>(Comparator, int)
11:34:31.394 | INFO  |  -- Remaining time budget: 2476 ms, #remaining_methods: 1, budget for method: 2476 ms, solver timeout: 1000 ms, budget for symbolic execution: 1276 ms, budget for concrete execution: 1200 ms,  -- 
11:34:31.399 | DEBUG | --new testCase collected, to generate: testCom.google.common.collect.TopKSelector.<init>(Comparator, int)1
11:34:31.667 | DEBUG | --new testCase collected, to generate: testCom.google.common.collect.TopKSelector.<init>(Comparator, int)2
11:34:32.148 | DEBUG | --new testCase collected, to generate: testCom.google.common.collect.TopKSelector.<init>(Comparator, int)3
11:34:32.163 | DEBUG | --new testCase collected, to generate: testCom.google.common.collect.TopKSelector.<init>(Comparator, int)4
11:34:32.170 | INFO  | Finished (in 0.775 sec): method com.google.common.collect.TopKSelector.<init>(Comparator, int) 
<StatsForMethod> :
	#generatedTC=4
	WITH NO EXCEPTIONS
11:34:32.181 | INFO  | Started: Flushing tests for [TopKSelector] on disk
11:34:33.326 | INFO  | File size for TopKSelectorTest: 59 KB
11:34:33.327 | INFO  | Finished (in 1.147 sec): Flushing tests for [TopKSelector] on disk 
11:34:33.328 | INFO  | Finished (in 24.936 sec): class com.google.common.collect.TopKSelector 
<StatsForClass> :
	canceled by timeout = false
	#methods = 13, 
	#methods started symbolic exploration = 13
	#methods with at least one TC = 13
	#methods with exceptions = 2
	#generated TC = 51
	#coverage = null
[READY]
