Started UtBot Contest, classfileDir = /var/benchmarks/projects/guava/guava/target/classes, classpathString=/var/benchmarks/projects/guava/guava/target/classes:/var/benchmarks/projects/guava/guava/target/guava-26.0-jre.jar:/var/benchmarks/projects/./guava/guava/target/dependency/checker-qual-2.5.2.jar:/var/benchmarks/projects/guava/guava/target/dependency/error_prone_annotations-2.1.3.jar:/var/benchmarks/projects/guava/guava/target/dependency/j2objc-annotations-1.1.jar:/var/benchmarks/projects/guava/guava/target/dependency/jsr305-3.0.2.jar:/var/benchmarks/projects/guava/guava/target/dependency/animal-sniffer-annotations-1.14.jar, outputDir=/home/utbot_mocks/temp/testcases, mocks=Other classes: Mockito
18:05:30.174 | INFO  | Started: warmup: kotlin reflection :: init
18:05:30.253 | INFO  | Finished (in 0.078 sec): warmup: kotlin reflection :: init 
[INIT]
>> [RUN] com.google.common.collect.TopKSelector 30
18:05:30.261 | DEBUG | -----------------------------------------------------------------------------
18:05:30.262 | INFO  | Contest.runGeneration: Time budget: 30000 ms, Generation timeout=25500 ms, classpath=/var/benchmarks/projects/guava/guava/target/classes:/var/benchmarks/projects/guava/guava/target/guava-26.0-jre.jar:/var/benchmarks/projects/./guava/guava/target/dependency/checker-qual-2.5.2.jar:/var/benchmarks/projects/guava/guava/target/dependency/error_prone_annotations-2.1.3.jar:/var/benchmarks/projects/guava/guava/target/dependency/j2objc-annotations-1.1.jar:/var/benchmarks/projects/guava/guava/target/dependency/jsr305-3.0.2.jar:/var/benchmarks/projects/guava/guava/target/dependency/animal-sniffer-annotations-1.14.jar, methodNameFilter=null
18:05:30.263 | INFO  | ClassUnderTest[ FQN: com.google.common.collect.TopKSelector
    classfileDir: /var/benchmarks/projects/guava/guava/target/classes
    testClassSimpleName: TopKSelectorTest
    generatedTestFile: /home/utbot_mocks/temp/testcases/com/google/common/collect/TopKSelectorTest.java
    generatedTestsSourcesDir: /home/utbot_mocks/temp/testcases
]
18:05:30.285 | INFO  | Started: class com.google.common.collect.TopKSelector
18:05:30.286 | INFO  | Started: preparation class class com.google.common.collect.TopKSelector: kotlin reflection :: run
18:05:30.318 | INFO  | Finished (in 0.031 sec): preparation class class com.google.common.collect.TopKSelector: kotlin reflection :: run 
18:05:30.319 | INFO  | Started: 2nd optional soot initialization
18:05:30.321 | INFO  | Finished (in 0.001 sec): 2nd optional soot initialization 
18:05:30.331 | DEBUG |  ... 
18:05:30.352 | INFO  | Started: method com.google.common.collect.TopKSelector.offer(T)
18:05:30.353 | INFO  |  -- Remaining time budget: 25429 ms, #remaining_methods: 13, budget for method: 1956 ms, solver timeout: 978 ms, budget for symbolic execution: 978 ms, budget for concrete execution: 978 ms,  -- 
18:05:30.656 | DEBUG | --new testCase collected, to generate: testCom.google.common.collect.TopKSelector.offer(T)1
18:05:31.034 | DEBUG | --new testCase collected, to generate: testCom.google.common.collect.TopKSelector.offer(T)2
18:05:31.317 | INFO  | |> Starting concrete execution for remaining state: com.google.common.collect.TopKSelector.offer(T)
18:05:31.504 | DEBUG | --new testCase collected, to generate: testCom.google.common.collect.TopKSelector.offer(T)3
18:05:32.044 | DEBUG | --new testCase collected, to generate: testCom.google.common.collect.TopKSelector.offer(T)4
18:05:32.264 | DEBUG | --new testCase collected, to generate: testCom.google.common.collect.TopKSelector.offer(T)5
18:05:32.297 | INFO  | (X) Cancelling concrete execution: com.google.common.collect.TopKSelector.offer(T)
18:05:32.367 | INFO  | Finished (in 2.014 sec): method com.google.common.collect.TopKSelector.offer(T) 
<StatsForMethod> :
	#generatedTC=5
	WITH NO EXCEPTIONS
18:05:32.373 | DEBUG |  ... 
18:05:32.374 | INFO  | Started: method com.google.common.collect.TopKSelector.partition(int, int, int)
18:05:32.374 | INFO  |  -- Remaining time budget: 23389 ms, #remaining_methods: 12, budget for method: 1949 ms, solver timeout: 974 ms, budget for symbolic execution: 975 ms, budget for concrete execution: 974 ms,  -- 
18:05:32.385 | DEBUG | --new testCase collected, to generate: testCom.google.common.collect.TopKSelector.partition(int, int, int)1
18:05:32.619 | DEBUG | --new testCase collected, to generate: testCom.google.common.collect.TopKSelector.partition(int, int, int)2
18:05:32.781 | DEBUG | --new testCase collected, to generate: testCom.google.common.collect.TopKSelector.partition(int, int, int)3
18:05:33.050 | DEBUG | --new testCase collected, to generate: testCom.google.common.collect.TopKSelector.partition(int, int, int)4
18:05:33.309 | DEBUG | --new testCase collected, to generate: testCom.google.common.collect.TopKSelector.partition(int, int, int)5
18:05:33.349 | INFO  | |> Starting concrete execution for remaining state: com.google.common.collect.TopKSelector.partition(int, int, int)
18:05:34.324 | INFO  | (X) Cancelling concrete execution: com.google.common.collect.TopKSelector.partition(int, int, int)
18:05:34.488 | INFO  | Finished (in 2.114 sec): method com.google.common.collect.TopKSelector.partition(int, int, int) 
<StatsForMethod> :
	#generatedTC=5
	WITH NO EXCEPTIONS
18:05:34.510 | DEBUG |  ... 
18:05:34.511 | INFO  | Started: method com.google.common.collect.TopKSelector.offerAll(Iterator)
18:05:34.511 | INFO  |  -- Remaining time budget: 21251 ms, #remaining_methods: 11, budget for method: 1931 ms, solver timeout: 965 ms, budget for symbolic execution: 966 ms, budget for concrete execution: 965 ms,  -- 
18:05:34.519 | DEBUG | --new testCase collected, to generate: testCom.google.common.collect.TopKSelector.offerAll(Iterator)1
18:05:35.176 | DEBUG | --new testCase collected, to generate: testCom.google.common.collect.TopKSelector.offerAll(Iterator)2
18:05:35.478 | INFO  | |> Starting concrete execution for remaining state: com.google.common.collect.TopKSelector.offerAll(Iterator)
18:05:35.490 | DEBUG | --new testCase collected, to generate: testCom.google.common.collect.TopKSelector.offerAll(Iterator)3
18:05:35.641 | ERROR | Symbolic execution FAILED
java.util.NoSuchElementException: List contains no element matching the predicate.
	at com.huawei.utbot.engine.Hierarchy.chunkIdForField(Hierarchy.kt:76) ~[utbot-junit-contest-1.0.jar:?]
	at com.huawei.utbot.engine.UtBotSymbolicEngine.createFieldOrMock(UtBotSymbolicEngine.kt:1934) ~[utbot-junit-contest-1.0.jar:?]
	at com.huawei.utbot.engine.UtBotSymbolicEngine.resolve(UtBotSymbolicEngine.kt:1745) ~[utbot-junit-contest-1.0.jar:?]
	at com.huawei.utbot.engine.UtBotSymbolicEngine.traverseAssignStmt(UtBotSymbolicEngine.kt:886) ~[utbot-junit-contest-1.0.jar:?]
	at com.huawei.utbot.engine.UtBotSymbolicEngine.traverseStmt(UtBotSymbolicEngine.kt:604) ~[utbot-junit-contest-1.0.jar:?]
	at com.huawei.utbot.engine.UtBotSymbolicEngine$traverse$1.invokeSuspend(UtBotSymbolicEngine.kt:464) [utbot-junit-contest-1.0.jar:?]
	at com.huawei.utbot.engine.UtBotSymbolicEngine$traverse$1.invoke(UtBotSymbolicEngine.kt) [utbot-junit-contest-1.0.jar:?]
	at kotlinx.coroutines.flow.SafeFlow.collectSafely(Builders.kt:61) [utbot-junit-contest-1.0.jar:?]
	at kotlinx.coroutines.flow.AbstractFlow.collect(Flow.kt:212) [utbot-junit-contest-1.0.jar:?]
	at kotlinx.coroutines.flow.FlowKt__MergeKt$flattenConcat$$inlined$unsafeFlow$1$lambda$1.emit(Collect.kt:134) [utbot-junit-contest-1.0.jar:?]
	at kotlinx.coroutines.flow.FlowKt__BuildersKt$flowOf$$inlined$unsafeFlow$1.collect(SafeCollector.common.kt:114) [utbot-junit-contest-1.0.jar:?]
	at kotlinx.coroutines.flow.FlowKt__BuildersKt$flowOf$$inlined$unsafeFlow$1$1.invokeSuspend(Unknown Source) [utbot-junit-contest-1.0.jar:?]
	at kotlin.coroutines.jvm.internal.BaseContinuationImpl.resumeWith(ContinuationImpl.kt:33) [utbot-junit-contest-1.0.jar:?]
	at kotlinx.coroutines.DispatchedTask.run(DispatchedTask.kt:106) [utbot-junit-contest-1.0.jar:?]
	at java.util.concurrent.Executors$RunnableAdapter.call(Executors.java:511) [?:1.8.0_312]
	at java.util.concurrent.FutureTask.run(FutureTask.java:266) [?:1.8.0_312]
	at java.util.concurrent.ScheduledThreadPoolExecutor$ScheduledFutureTask.access$201(ScheduledThreadPoolExecutor.java:180) [?:1.8.0_312]
	at java.util.concurrent.ScheduledThreadPoolExecutor$ScheduledFutureTask.run(ScheduledThreadPoolExecutor.java:293) [?:1.8.0_312]
	at java.util.concurrent.ThreadPoolExecutor.runWorker(ThreadPoolExecutor.java:1149) [?:1.8.0_312]
	at java.util.concurrent.ThreadPoolExecutor$Worker.run(ThreadPoolExecutor.java:624) [?:1.8.0_312]
	at java.lang.Thread.run(Thread.java:748) [?:1.8.0_312]
18:05:35.835 | DEBUG | --new testCase collected, to generate: testCom.google.common.collect.TopKSelector.offerAll(Iterator)4
18:05:36.443 | INFO  | (X) Cancelling concrete execution: com.google.common.collect.TopKSelector.offerAll(Iterator)
18:05:36.562 | INFO  | Finished (in 2.050 sec): method com.google.common.collect.TopKSelector.offerAll(Iterator) 
<StatsForMethod> :
	#generatedTC=4
	FAILED 1 time(s) with 1 different exception(s)"
18:05:36.593 | DEBUG |  ... 
18:05:36.593 | INFO  | Started: method com.google.common.collect.TopKSelector.offerAll(Iterable)
18:05:36.593 | INFO  |  -- Remaining time budget: 19169 ms, #remaining_methods: 10, budget for method: 1916 ms, solver timeout: 958 ms, budget for symbolic execution: 958 ms, budget for concrete execution: 958 ms,  -- 
18:05:36.600 | DEBUG | --new testCase collected, to generate: testCom.google.common.collect.TopKSelector.offerAll(Iterable)1
18:05:36.717 | DEBUG | --new testCase collected, to generate: testCom.google.common.collect.TopKSelector.offerAll(Iterable)2
18:05:36.820 | ERROR | Symbolic execution FAILED
java.util.NoSuchElementException: List contains no element matching the predicate.
	at com.huawei.utbot.engine.Hierarchy.chunkIdForField(Hierarchy.kt:76) ~[utbot-junit-contest-1.0.jar:?]
	at com.huawei.utbot.engine.UtBotSymbolicEngine.createFieldOrMock(UtBotSymbolicEngine.kt:1934) ~[utbot-junit-contest-1.0.jar:?]
	at com.huawei.utbot.engine.UtBotSymbolicEngine.resolve(UtBotSymbolicEngine.kt:1745) ~[utbot-junit-contest-1.0.jar:?]
	at com.huawei.utbot.engine.UtBotSymbolicEngine.traverseAssignStmt(UtBotSymbolicEngine.kt:886) ~[utbot-junit-contest-1.0.jar:?]
	at com.huawei.utbot.engine.UtBotSymbolicEngine.traverseStmt(UtBotSymbolicEngine.kt:604) ~[utbot-junit-contest-1.0.jar:?]
	at com.huawei.utbot.engine.UtBotSymbolicEngine$traverse$1.invokeSuspend(UtBotSymbolicEngine.kt:464) [utbot-junit-contest-1.0.jar:?]
	at com.huawei.utbot.engine.UtBotSymbolicEngine$traverse$1.invoke(UtBotSymbolicEngine.kt) [utbot-junit-contest-1.0.jar:?]
	at kotlinx.coroutines.flow.SafeFlow.collectSafely(Builders.kt:61) [utbot-junit-contest-1.0.jar:?]
	at kotlinx.coroutines.flow.AbstractFlow.collect(Flow.kt:212) [utbot-junit-contest-1.0.jar:?]
	at kotlinx.coroutines.flow.FlowKt__MergeKt$flattenConcat$$inlined$unsafeFlow$1$lambda$1.emit(Collect.kt:134) [utbot-junit-contest-1.0.jar:?]
	at kotlinx.coroutines.flow.FlowKt__BuildersKt$flowOf$$inlined$unsafeFlow$1.collect(SafeCollector.common.kt:114) [utbot-junit-contest-1.0.jar:?]
	at kotlinx.coroutines.flow.FlowKt__BuildersKt$flowOf$$inlined$unsafeFlow$1$1.invokeSuspend(Unknown Source) [utbot-junit-contest-1.0.jar:?]
	at kotlin.coroutines.jvm.internal.BaseContinuationImpl.resumeWith(ContinuationImpl.kt:33) [utbot-junit-contest-1.0.jar:?]
	at kotlinx.coroutines.DispatchedTask.run(DispatchedTask.kt:106) [utbot-junit-contest-1.0.jar:?]
	at java.util.concurrent.Executors$RunnableAdapter.call(Executors.java:511) [?:1.8.0_312]
	at java.util.concurrent.FutureTask.run(FutureTask.java:266) [?:1.8.0_312]
	at java.util.concurrent.ScheduledThreadPoolExecutor$ScheduledFutureTask.access$201(ScheduledThreadPoolExecutor.java:180) [?:1.8.0_312]
	at java.util.concurrent.ScheduledThreadPoolExecutor$ScheduledFutureTask.run(ScheduledThreadPoolExecutor.java:293) [?:1.8.0_312]
	at java.util.concurrent.ThreadPoolExecutor.runWorker(ThreadPoolExecutor.java:1149) [?:1.8.0_312]
	at java.util.concurrent.ThreadPoolExecutor$Worker.run(ThreadPoolExecutor.java:624) [?:1.8.0_312]
	at java.lang.Thread.run(Thread.java:748) [?:1.8.0_312]
18:05:37.552 | INFO  | |> Starting concrete execution for remaining state: com.google.common.collect.TopKSelector.offerAll(Iterable)
18:05:38.510 | INFO  | (X) Cancelling concrete execution: com.google.common.collect.TopKSelector.offerAll(Iterable)
18:05:38.628 | INFO  | Finished (in 2.035 sec): method com.google.common.collect.TopKSelector.offerAll(Iterable) 
<StatsForMethod> :
	#generatedTC=2
	FAILED 1 time(s) with 1 different exception(s)"
18:05:38.695 | DEBUG |  ... 
18:05:38.695 | INFO  | Started: method com.google.common.collect.TopKSelector.topK()
18:05:38.696 | INFO  |  -- Remaining time budget: 17067 ms, #remaining_methods: 9, budget for method: 1896 ms, solver timeout: 948 ms, budget for symbolic execution: 948 ms, budget for concrete execution: 948 ms,  -- 
18:05:38.703 | DEBUG | --new testCase collected, to generate: testCom.google.common.collect.TopKSelector.topK()1
18:05:39.603 | DEBUG | --new testCase collected, to generate: testCom.google.common.collect.TopKSelector.topK()2
18:05:39.644 | INFO  | |> Starting concrete execution for remaining state: com.google.common.collect.TopKSelector.topK()
18:05:39.728 | DEBUG | --new testCase collected, to generate: testCom.google.common.collect.TopKSelector.topK()3
18:05:40.593 | INFO  | (X) Cancelling concrete execution: com.google.common.collect.TopKSelector.topK()
18:05:40.602 | INFO  | Finished (in 1.907 sec): method com.google.common.collect.TopKSelector.topK() 
<StatsForMethod> :
	#generatedTC=3
	WITH NO EXCEPTIONS
18:05:40.667 | DEBUG |  ... 
18:05:40.667 | INFO  | Started: method com.google.common.collect.TopKSelector.trim()
18:05:40.668 | INFO  |  -- Remaining time budget: 15095 ms, #remaining_methods: 8, budget for method: 1886 ms, solver timeout: 943 ms, budget for symbolic execution: 943 ms, budget for concrete execution: 943 ms,  -- 
18:05:40.677 | DEBUG | --new testCase collected, to generate: testCom.google.common.collect.TopKSelector.trim()1
18:05:41.611 | INFO  | |> Starting concrete execution for remaining state: com.google.common.collect.TopKSelector.trim()
18:05:41.765 | DEBUG | --new testCase collected, to generate: testCom.google.common.collect.TopKSelector.trim()2
18:05:42.555 | INFO  | (X) Cancelling concrete execution: com.google.common.collect.TopKSelector.trim()
18:05:42.778 | INFO  | Finished (in 2.111 sec): method com.google.common.collect.TopKSelector.trim() 
<StatsForMethod> :
	#generatedTC=2
	WITH NO EXCEPTIONS
18:05:42.852 | DEBUG |  ... 
18:05:42.853 | INFO  | Started: method com.google.common.collect.TopKSelector.combine(TopKSelector)
18:05:42.853 | INFO  |  -- Remaining time budget: 12910 ms, #remaining_methods: 7, budget for method: 1844 ms, solver timeout: 922 ms, budget for symbolic execution: 922 ms, budget for concrete execution: 922 ms,  -- 
18:05:42.859 | DEBUG | --new testCase collected, to generate: testCom.google.common.collect.TopKSelector.combine(TopKSelector)1
18:05:42.962 | DEBUG | --new testCase collected, to generate: testCom.google.common.collect.TopKSelector.combine(TopKSelector)2
18:05:42.984 | DEBUG | --new testCase collected, to generate: testCom.google.common.collect.TopKSelector.combine(TopKSelector)3
18:05:43.326 | DEBUG | --new testCase collected, to generate: testCom.google.common.collect.TopKSelector.combine(TopKSelector)4
18:05:43.775 | INFO  | |> Starting concrete execution for remaining state: com.google.common.collect.TopKSelector.combine(TopKSelector)
18:05:44.699 | INFO  | (X) Cancelling concrete execution: com.google.common.collect.TopKSelector.combine(TopKSelector)
18:05:44.840 | INFO  | Finished (in 1.987 sec): method com.google.common.collect.TopKSelector.combine(TopKSelector) 
<StatsForMethod> :
	#generatedTC=4
	WITH NO EXCEPTIONS
18:05:44.844 | DEBUG |  ... 
18:05:44.844 | INFO  | Started: method com.google.common.collect.TopKSelector.swap(int, int)
18:05:44.844 | INFO  |  -- Remaining time budget: 10918 ms, #remaining_methods: 6, budget for method: 1819 ms, solver timeout: 909 ms, budget for symbolic execution: 910 ms, budget for concrete execution: 909 ms,  -- 
18:05:44.855 | DEBUG | --new testCase collected, to generate: testCom.google.common.collect.TopKSelector.swap(int, int)1
18:05:45.054 | DEBUG | --new testCase collected, to generate: testCom.google.common.collect.TopKSelector.swap(int, int)2
18:05:45.211 | DEBUG | --new testCase collected, to generate: testCom.google.common.collect.TopKSelector.swap(int, int)3
18:05:45.496 | DEBUG | --new testCase collected, to generate: testCom.google.common.collect.TopKSelector.swap(int, int)4
18:05:45.736 | DEBUG | --new testCase collected, to generate: testCom.google.common.collect.TopKSelector.swap(int, int)5
18:05:45.755 | INFO  | |> Starting concrete execution for remaining state: com.google.common.collect.TopKSelector.swap(int, int)
18:05:46.422 | DEBUG | --new testCase collected, to generate: testCom.google.common.collect.TopKSelector.swap(int, int)6
18:05:46.423 | INFO  | Finished (in 1.578 sec): method com.google.common.collect.TopKSelector.swap(int, int) 
<StatsForMethod> :
	#generatedTC=6
	WITH NO EXCEPTIONS
18:05:46.432 | DEBUG |  ... 
18:05:46.432 | INFO  | Started: method com.google.common.collect.TopKSelector.least(int)
18:05:46.433 | INFO  |  -- Remaining time budget: 9330 ms, #remaining_methods: 5, budget for method: 1866 ms, solver timeout: 933 ms, budget for symbolic execution: 933 ms, budget for concrete execution: 933 ms,  -- 
18:05:46.442 | DEBUG | --new testCase collected, to generate: testCom.google.common.collect.TopKSelector.least(int)1
18:05:47.366 | INFO  | |> Starting concrete execution for remaining state: com.google.common.collect.TopKSelector.least(int)
18:05:47.740 | DEBUG | --new testCase collected, to generate: testCom.google.common.collect.TopKSelector.least(int)2
18:05:47.965 | DEBUG | --new testCase collected, to generate: testCom.google.common.collect.TopKSelector.least(int)3
18:05:48.184 | DEBUG | --new testCase collected, to generate: testCom.google.common.collect.TopKSelector.least(int)4
18:05:48.194 | INFO  | Finished (in 1.761 sec): method com.google.common.collect.TopKSelector.least(int) 
<StatsForMethod> :
	#generatedTC=4
	WITH NO EXCEPTIONS
18:05:48.244 | DEBUG |  ... 
18:05:48.245 | INFO  | Started: method com.google.common.collect.TopKSelector.least(int, Comparator)
18:05:48.245 | INFO  |  -- Remaining time budget: 7517 ms, #remaining_methods: 4, budget for method: 1879 ms, solver timeout: 939 ms, budget for symbolic execution: 940 ms, budget for concrete execution: 939 ms,  -- 
18:05:48.252 | DEBUG | --new testCase collected, to generate: testCom.google.common.collect.TopKSelector.least(int, Comparator)1
18:05:49.185 | INFO  | |> Starting concrete execution for remaining state: com.google.common.collect.TopKSelector.least(int, Comparator)
18:05:49.254 | DEBUG | --new testCase collected, to generate: testCom.google.common.collect.TopKSelector.least(int, Comparator)2
18:05:49.421 | DEBUG | --new testCase collected, to generate: testCom.google.common.collect.TopKSelector.least(int, Comparator)3
18:05:49.504 | DEBUG | --new testCase collected, to generate: testCom.google.common.collect.TopKSelector.least(int, Comparator)4
18:05:49.591 | DEBUG | --new testCase collected, to generate: testCom.google.common.collect.TopKSelector.least(int, Comparator)5
18:05:49.597 | INFO  | Finished (in 1.352 sec): method com.google.common.collect.TopKSelector.least(int, Comparator) 
<StatsForMethod> :
	#generatedTC=5
	WITH NO EXCEPTIONS
18:05:49.629 | DEBUG |  ... 
18:05:49.630 | INFO  | Started: method com.google.common.collect.TopKSelector.greatest(int)
18:05:49.630 | INFO  |  -- Remaining time budget: 6132 ms, #remaining_methods: 3, budget for method: 2044 ms, solver timeout: 1000 ms, budget for symbolic execution: 1022 ms, budget for concrete execution: 1022 ms,  -- 
18:05:49.642 | DEBUG | --new testCase collected, to generate: testCom.google.common.collect.TopKSelector.greatest(int)1
18:05:50.652 | INFO  | |> Starting concrete execution for remaining state: com.google.common.collect.TopKSelector.greatest(int)
18:05:51.030 | DEBUG | --new testCase collected, to generate: testCom.google.common.collect.TopKSelector.greatest(int)2
18:05:51.112 | DEBUG | --new testCase collected, to generate: testCom.google.common.collect.TopKSelector.greatest(int)3
18:05:51.332 | DEBUG | --new testCase collected, to generate: testCom.google.common.collect.TopKSelector.greatest(int)4
18:05:51.343 | INFO  | Finished (in 1.713 sec): method com.google.common.collect.TopKSelector.greatest(int) 
<StatsForMethod> :
	#generatedTC=4
	WITH NO EXCEPTIONS
18:05:51.389 | DEBUG |  ... 
18:05:51.390 | INFO  | Started: method com.google.common.collect.TopKSelector.greatest(int, Comparator)
18:05:51.391 | INFO  |  -- Remaining time budget: 4372 ms, #remaining_methods: 2, budget for method: 2186 ms, solver timeout: 1000 ms, budget for symbolic execution: 1093 ms, budget for concrete execution: 1093 ms,  -- 
18:05:51.398 | DEBUG | --new testCase collected, to generate: testCom.google.common.collect.TopKSelector.greatest(int, Comparator)1
18:05:51.444 | DEBUG | --new testCase collected, to generate: testCom.google.common.collect.TopKSelector.greatest(int, Comparator)2
18:05:52.464 | DEBUG | --new testCase collected, to generate: testCom.google.common.collect.TopKSelector.greatest(int, Comparator)3
18:05:52.484 | INFO  | |> Starting concrete execution for remaining state: com.google.common.collect.TopKSelector.greatest(int, Comparator)
18:05:52.551 | DEBUG | --new testCase collected, to generate: testCom.google.common.collect.TopKSelector.greatest(int, Comparator)4
18:05:52.661 | DEBUG | --new testCase collected, to generate: testCom.google.common.collect.TopKSelector.greatest(int, Comparator)5
18:05:52.667 | INFO  | Finished (in 1.276 sec): method com.google.common.collect.TopKSelector.greatest(int, Comparator) 
<StatsForMethod> :
	#generatedTC=5
	WITH NO EXCEPTIONS
18:05:52.698 | DEBUG |  ... 
18:05:52.699 | INFO  | Started: method com.google.common.collect.TopKSelector.<init>(Comparator, int)
18:05:52.699 | INFO  |  -- Remaining time budget: 3063 ms, #remaining_methods: 1, budget for method: 3063 ms, solver timeout: 1000 ms, budget for symbolic execution: 1863 ms, budget for concrete execution: 1200 ms,  -- 
18:05:52.705 | DEBUG | --new testCase collected, to generate: testCom.google.common.collect.TopKSelector.<init>(Comparator, int)1
18:05:52.986 | DEBUG | --new testCase collected, to generate: testCom.google.common.collect.TopKSelector.<init>(Comparator, int)2
18:05:53.480 | DEBUG | --new testCase collected, to generate: testCom.google.common.collect.TopKSelector.<init>(Comparator, int)3
18:05:53.496 | DEBUG | --new testCase collected, to generate: testCom.google.common.collect.TopKSelector.<init>(Comparator, int)4
18:05:53.503 | INFO  | Finished (in 0.804 sec): method com.google.common.collect.TopKSelector.<init>(Comparator, int) 
<StatsForMethod> :
	#generatedTC=4
	WITH NO EXCEPTIONS
18:05:53.514 | INFO  | Started: Flushing tests for [TopKSelector] on disk
18:05:54.645 | INFO  | File size for TopKSelectorTest: 60 KB
18:05:54.646 | INFO  | Finished (in 1.132 sec): Flushing tests for [TopKSelector] on disk 
18:05:54.647 | INFO  | Finished (in 24.361 sec): class com.google.common.collect.TopKSelector 
<StatsForClass> :
	canceled by timeout = false
	#methods = 13, 
	#methods started symbolic exploration = 13
	#methods with at least one TC = 13
	#methods with exceptions = 2
	#generated TC = 53
	#coverage = null
[READY]
