Started UtBot Contest, classfileDir = /var/benchmarks/projects/seata/core/target/classes, classpathString=/var/benchmarks/projects/seata/core/target/classes:/var/benchmarks/projects/seata/core/target/seata-core-0.5.0.jar:/var/benchmarks/projects/./seata/core/target/dependency/mockito-core-2.23.4.jar:/var/benchmarks/projects/seata/core/target/dependency/byte-buddy-agent-1.9.3.jar:/var/benchmarks/projects/seata/core/target/dependency/assertj-core-2.6.0.jar:/var/benchmarks/projects/seata/core/target/dependency/seata-common-0.5.0.jar:/var/benchmarks/projects/seata/core/target/dependency/byte-buddy-1.9.3.jar:/var/benchmarks/projects/seata/core/target/dependency/objenesis-2.6.jar:/var/benchmarks/projects/seata/core/target/dependency/seata-discovery-core-0.5.0.jar:/var/benchmarks/projects/seata/core/target/dependency/commons-pool2-2.4.2.jar:/var/benchmarks/projects/seata/core/target/dependency/junit-4.12.jar:/var/benchmarks/projects/seata/core/target/dependency/hamcrest-core-1.3.jar:/var/benchmarks/projects/seata/core/target/dependency/slf4j-api-1.7.22.jar:/var/benchmarks/projects/seata/core/target/dependency/seata-config-core-0.5.0.jar:/var/benchmarks/projects/seata/core/target/dependency/netty-all-4.1.24.Final.jar:/var/benchmarks/projects/seata/core/target/dependency/commons-lang-2.6.jar:/var/benchmarks/projects/seata/core/target/dependency/fastjson-1.2.48.jar:/var/benchmarks/projects/seata/core/target/dependency/config-1.2.1.jar:/var/benchmarks/projects/seata/core/target/dependency/commons-pool-1.6.jar, outputDir=/home/utbot_mocks/temp/testcases, mocks=Other classes: Mockito
01:07:50.716 | INFO  | Started: warmup: kotlin reflection :: init
01:07:50.801 | INFO  | Finished (in 0.085 sec): warmup: kotlin reflection :: init 
[INIT]
>> [RUN] io.seata.core.store.StoreMode 120
01:07:50.813 | DEBUG | -----------------------------------------------------------------------------
01:07:50.814 | INFO  | Contest.runGeneration: Time budget: 120000 ms, Generation timeout=102000 ms, classpath=/var/benchmarks/projects/seata/core/target/classes:/var/benchmarks/projects/seata/core/target/seata-core-0.5.0.jar:/var/benchmarks/projects/./seata/core/target/dependency/mockito-core-2.23.4.jar:/var/benchmarks/projects/seata/core/target/dependency/byte-buddy-agent-1.9.3.jar:/var/benchmarks/projects/seata/core/target/dependency/assertj-core-2.6.0.jar:/var/benchmarks/projects/seata/core/target/dependency/seata-common-0.5.0.jar:/var/benchmarks/projects/seata/core/target/dependency/byte-buddy-1.9.3.jar:/var/benchmarks/projects/seata/core/target/dependency/objenesis-2.6.jar:/var/benchmarks/projects/seata/core/target/dependency/seata-discovery-core-0.5.0.jar:/var/benchmarks/projects/seata/core/target/dependency/commons-pool2-2.4.2.jar:/var/benchmarks/projects/seata/core/target/dependency/junit-4.12.jar:/var/benchmarks/projects/seata/core/target/dependency/hamcrest-core-1.3.jar:/var/benchmarks/projects/seata/core/target/dependency/slf4j-api-1.7.22.jar:/var/benchmarks/projects/seata/core/target/dependency/seata-config-core-0.5.0.jar:/var/benchmarks/projects/seata/core/target/dependency/netty-all-4.1.24.Final.jar:/var/benchmarks/projects/seata/core/target/dependency/commons-lang-2.6.jar:/var/benchmarks/projects/seata/core/target/dependency/fastjson-1.2.48.jar:/var/benchmarks/projects/seata/core/target/dependency/config-1.2.1.jar:/var/benchmarks/projects/seata/core/target/dependency/commons-pool-1.6.jar, methodNameFilter=null
01:07:50.817 | INFO  | ClassUnderTest[ FQN: io.seata.core.store.StoreMode
    classfileDir: /var/benchmarks/projects/seata/core/target/classes
    testClassSimpleName: StoreModeTest
    generatedTestFile: /home/utbot_mocks/temp/testcases/io/seata/core/store/StoreModeTest.java
    generatedTestsSourcesDir: /home/utbot_mocks/temp/testcases
]
01:07:50.850 | INFO  | Started: class io.seata.core.store.StoreMode
01:07:50.851 | INFO  | Started: preparation class class io.seata.core.store.StoreMode: kotlin reflection :: run
01:07:50.936 | INFO  | Finished (in 0.084 sec): preparation class class io.seata.core.store.StoreMode: kotlin reflection :: run 
01:07:50.937 | INFO  | Started: 2nd optional soot initialization
01:07:50.939 | INFO  | Finished (in 0.001 sec): 2nd optional soot initialization 
01:07:50.947 | DEBUG |  ... 
01:07:50.968 | INFO  | Started: method io.seata.core.store.StoreMode.valueof(String)
01:07:50.969 | INFO  |  -- Remaining time budget: 101866 ms, #remaining_methods: 4, budget for method: 25466 ms, solver timeout: 1000 ms, budget for symbolic execution: 24266 ms, budget for concrete execution: 1200 ms,  -- 
01:07:51.293 | DEBUG | --new testCase collected, to generate: testIo.seata.core.store.StoreMode.valueof(String)1
01:07:54.488 | DEBUG | --new testCase collected, to generate: testIo.seata.core.store.StoreMode.valueof(String)2
01:07:57.779 | DEBUG | --new testCase collected, to generate: testIo.seata.core.store.StoreMode.valueof(String)3
01:07:57.810 | INFO  | Finished (in 6.841 sec): method io.seata.core.store.StoreMode.valueof(String) 
<StatsForMethod> :
	#generatedTC=3
	WITH NO EXCEPTIONS
01:07:58.110 | DEBUG |  ... 
01:07:58.111 | INFO  | Started: method io.seata.core.store.StoreMode.valueOf(String)
01:07:58.111 | INFO  |  -- Remaining time budget: 94705 ms, #remaining_methods: 3, budget for method: 31568 ms, solver timeout: 1000 ms, budget for symbolic execution: 30368 ms, budget for concrete execution: 1200 ms,  -- 
01:07:58.478 | DEBUG | --new testCase collected, to generate: testIo.seata.core.store.StoreMode.valueOf(String)1
01:08:00.397 | DEBUG | --new testCase collected, to generate: testIo.seata.core.store.StoreMode.valueOf(String)2
01:08:05.304 | DEBUG | --new testCase collected, to generate: testIo.seata.core.store.StoreMode.valueOf(String)3
01:08:07.266 | DEBUG | --new testCase collected, to generate: testIo.seata.core.store.StoreMode.valueOf(String)4
01:08:27.283 | DEBUG | --new testCase collected, to generate: testIo.seata.core.store.StoreMode.valueOf(String)5
01:08:28.062 | DEBUG | --new testCase collected, to generate: testIo.seata.core.store.StoreMode.valueOf(String)6
01:08:28.480 | INFO  | |> Starting concrete execution for remaining state: io.seata.core.store.StoreMode.valueOf(String)
01:08:29.682 | INFO  | (X) Cancelling concrete execution: io.seata.core.store.StoreMode.valueOf(String)
01:08:29.898 | INFO  | Finished (in 31.781 sec): method io.seata.core.store.StoreMode.valueOf(String) 
<StatsForMethod> :
	#generatedTC=6
	WITH NO EXCEPTIONS
01:08:29.908 | DEBUG |  ... 
01:08:29.909 | INFO  | Started: method io.seata.core.store.StoreMode.values()
01:08:29.909 | INFO  |  -- Remaining time budget: 62906 ms, #remaining_methods: 2, budget for method: 31453 ms, solver timeout: 1000 ms, budget for symbolic execution: 30253 ms, budget for concrete execution: 1200 ms,  -- 
01:08:29.920 | DEBUG | --new testCase collected, to generate: testIo.seata.core.store.StoreMode.values()1
01:08:30.125 | DEBUG | --new testCase collected, to generate: testIo.seata.core.store.StoreMode.values()2
01:08:30.126 | INFO  | Finished (in 0.216 sec): method io.seata.core.store.StoreMode.values() 
<StatsForMethod> :
	#generatedTC=2
	WITH NO EXCEPTIONS
01:08:30.149 | DEBUG |  ... 
01:08:30.149 | INFO  | Started: method io.seata.core.store.StoreMode.<init>()
01:08:30.150 | INFO  |  -- Remaining time budget: 62666 ms, #remaining_methods: 1, budget for method: 62666 ms, solver timeout: 1000 ms, budget for symbolic execution: 61466 ms, budget for concrete execution: 1200 ms,  -- 
01:08:30.164 | ERROR | Symbolic execution FAILED
com.huawei.utbot.instrumentation.util.ChildProcessError: Error in the child process |> java.lang.IllegalArgumentException: Cannot reflectively create enum objects
	at java.lang.reflect.Constructor.newInstance(Constructor.java:417)
	at com.huawei.utbot.instrumentation.instrumentation.InvokeInstrumentation$invoke$$inlined$run$lambda$2.invoke(InvokeInstrumentation.kt:70)
	at com.huawei.utbot.common.ThreadBasedExecutor$invokeWithTimeout$1.invoke(ThreadUtil.kt:43)
	at com.huawei.utbot.common.ThreadBasedExecutor$invokeWithTimeout$1.invoke(ThreadUtil.kt:22)
	at kotlin.concurrent.ThreadsKt$thread$thread$1.run(Thread.kt:30)

	at com.huawei.utbot.instrumentation.ConcreteExecutor.executeAsync(ConcreteExecutor.kt:391) ~[utbot-junit-contest-1.0.jar:?]
	at com.huawei.utbot.instrumentation.ConcreteExecutor$executeAsync$1.invokeSuspend(ConcreteExecutor.kt) ~[utbot-junit-contest-1.0.jar:?]
	at kotlin.coroutines.jvm.internal.BaseContinuationImpl.resumeWith(ContinuationImpl.kt:33) [utbot-junit-contest-1.0.jar:?]
	at kotlinx.coroutines.DispatchedTask.run(DispatchedTask.kt:106) [utbot-junit-contest-1.0.jar:?]
	at java.util.concurrent.Executors$RunnableAdapter.call(Executors.java:511) [?:1.8.0_312]
	at java.util.concurrent.FutureTask.run(FutureTask.java:266) [?:1.8.0_312]
	at java.util.concurrent.ScheduledThreadPoolExecutor$ScheduledFutureTask.access$201(ScheduledThreadPoolExecutor.java:180) [?:1.8.0_312]
	at java.util.concurrent.ScheduledThreadPoolExecutor$ScheduledFutureTask.run(ScheduledThreadPoolExecutor.java:293) [?:1.8.0_312]
	at java.util.concurrent.ThreadPoolExecutor.runWorker(ThreadPoolExecutor.java:1149) [?:1.8.0_312]
	at java.util.concurrent.ThreadPoolExecutor$Worker.run(ThreadPoolExecutor.java:624) [?:1.8.0_312]
	at java.lang.Thread.run(Thread.java:748) [?:1.8.0_312]
01:08:30.232 | DEBUG | --new testCase collected, to generate: testIo.seata.core.store.StoreMode.<init>()1
01:08:30.233 | INFO  | Finished (in 0.083 sec): method io.seata.core.store.StoreMode.<init>() 
<StatsForMethod> :
	#generatedTC=1
	FAILED 1 time(s) with 1 different exception(s)"
01:08:30.242 | INFO  | Started: Flushing tests for [StoreMode] on disk
01:08:30.377 | INFO  | File size for StoreModeTest: 9 KB
01:08:30.379 | INFO  | Finished (in 0.136 sec): Flushing tests for [StoreMode] on disk 
01:08:30.379 | INFO  | Finished (in 39.528 sec): class io.seata.core.store.StoreMode 
<StatsForClass> :
	canceled by timeout = false
	#methods = 4, 
	#methods started symbolic exploration = 4
	#methods with at least one TC = 4
	#methods with exceptions = 1
	#generated TC = 12
	#coverage = null
[READY]
