
>>> TOOL NAME:  utbot-mocks

>>> BENCHMARK:  GUAVA-275

>>> RUN NUMBER: 4

>>> MODE: --only-compute-metrics
Creating directory ./temp
Creating directory ./temp/data
Creating directory ./temp/testcases
Executing /home/utbot_mocks/./runtool
>> BENCHMARK
>> /var/benchmarks/projects/guava/guava/src
>> /var/benchmarks/projects/guava/guava/target/classes
>> 6
>> /var/benchmarks/projects/guava/guava/target/guava-26.0-jre.jar
>> /var/benchmarks/projects/./guava/guava/target/dependency/checker-qual-2.5.2.jar
>> /var/benchmarks/projects/guava/guava/target/dependency/error_prone_annotations-2.1.3.jar
>> /var/benchmarks/projects/guava/guava/target/dependency/j2objc-annotations-1.1.jar
>> /var/benchmarks/projects/guava/guava/target/dependency/jsr305-3.0.2.jar
>> /var/benchmarks/projects/guava/guava/target/dependency/animal-sniffer-annotations-1.14.jar
>> 0
expecting CLASSPATH or READY
<< CLASSPATH
expecting number
<< 0
<< READY
>> 120


### COMPUTING METRICS ###: com.google.common.math.PairedStatsAccumulator


Starting class com.google.common.math.PairedStatsAccumulator


Ending class com.google.common.math.PairedStatsAccumulator
Creating directory results_utbot-mocks_120/GUAVA-275_4/temp/testcases/bin
Creating dummy JUnit test file

---Compilation---

===
javac command line:
/usr/bin/javac -sourcepath /home/utbot_mocks/results_utbot-mocks_120/GUAVA-275_4/temp/testcases -cp /var/benchmarks/projects/guava/guava/target/guava-26.0-jre.jar:/var/benchmarks/projects/./guava/guava/target/dependency/checker-qual-2.5.2.jar:/var/benchmarks/projects/guava/guava/target/dependency/error_prone_annotations-2.1.3.jar:/var/benchmarks/projects/guava/guava/target/dependency/j2objc-annotations-1.1.jar:/var/benchmarks/projects/guava/guava/target/dependency/jsr305-3.0.2.jar:/var/benchmarks/projects/guava/guava/target/dependency/animal-sniffer-annotations-1.14.jar:/usr/local/bin/lib/junit.jar:/usr/local/bin/lib/hamcrest-core.jar -d results_utbot-mocks_120/GUAVA-275_4/temp/testcases/bin /home/utbot_mocks/results_utbot-mocks_120/GUAVA-275_4/temp/testcases/SBSTDummyForCoverageAndMutationCalculation.java


===
javac command line:
/usr/bin/javac -sourcepath /home/utbot_mocks/results_utbot-mocks_120/GUAVA-275_4/temp/testcases -cp /var/benchmarks/projects/guava/guava/target/guava-26.0-jre.jar:/var/benchmarks/projects/./guava/guava/target/dependency/checker-qual-2.5.2.jar:/var/benchmarks/projects/guava/guava/target/dependency/error_prone_annotations-2.1.3.jar:/var/benchmarks/projects/guava/guava/target/dependency/j2objc-annotations-1.1.jar:/var/benchmarks/projects/guava/guava/target/dependency/jsr305-3.0.2.jar:/var/benchmarks/projects/guava/guava/target/dependency/animal-sniffer-annotations-1.14.jar:/usr/local/bin/lib/junit.jar:/usr/local/bin/lib/hamcrest-core.jar -d results_utbot-mocks_120/GUAVA-275_4/temp/testcases/bin /home/utbot_mocks/results_utbot-mocks_120/GUAVA-275_4/temp/testcases/com/google/common/math/PairedStatsAccumulatorTest.java

/home/utbot_mocks/results_utbot-mocks_120/GUAVA-275_4/temp/testcases/com/google/common/math/PairedStatsAccumulatorTest.java:18: warning: Unsafe is internal proprietary API and may be removed in a future release
import sun.misc.Unsafe;
               ^
/home/utbot_mocks/results_utbot-mocks_120/GUAVA-275_4/temp/testcases/com/google/common/math/PairedStatsAccumulatorTest.java:21: error: package org.mockito does not exist
import static org.mockito.Mockito.mock;
                         ^
/home/utbot_mocks/results_utbot-mocks_120/GUAVA-275_4/temp/testcases/com/google/common/math/PairedStatsAccumulatorTest.java:21: error: static import only from classes and interfaces
import static org.mockito.Mockito.mock;
^
/home/utbot_mocks/results_utbot-mocks_120/GUAVA-275_4/temp/testcases/com/google/common/math/PairedStatsAccumulatorTest.java:22: error: package org.mockito does not exist
import static org.mockito.Mockito.when;
                         ^
/home/utbot_mocks/results_utbot-mocks_120/GUAVA-275_4/temp/testcases/com/google/common/math/PairedStatsAccumulatorTest.java:22: error: static import only from classes and interfaces
import static org.mockito.Mockito.when;
^
/home/utbot_mocks/results_utbot-mocks_120/GUAVA-275_4/temp/testcases/com/google/common/math/PairedStatsAccumulatorTest.java:23: error: package org.mockito does not exist
import static org.mockito.ArgumentMatchers.anyBoolean;
                         ^
/home/utbot_mocks/results_utbot-mocks_120/GUAVA-275_4/temp/testcases/com/google/common/math/PairedStatsAccumulatorTest.java:23: error: static import only from classes and interfaces
import static org.mockito.ArgumentMatchers.anyBoolean;
^
/home/utbot_mocks/results_utbot-mocks_120/GUAVA-275_4/temp/testcases/com/google/common/math/PairedStatsAccumulatorTest.java:24: error: package org.mockito does not exist
import static org.mockito.Mockito.mockStatic;
                         ^
/home/utbot_mocks/results_utbot-mocks_120/GUAVA-275_4/temp/testcases/com/google/common/math/PairedStatsAccumulatorTest.java:24: error: static import only from classes and interfaces
import static org.mockito.Mockito.mockStatic;
^
/home/utbot_mocks/results_utbot-mocks_120/GUAVA-275_4/temp/testcases/com/google/common/math/PairedStatsAccumulatorTest.java:26: error: package org.mockito does not exist
import static org.mockito.ArgumentMatchers.anyDouble;
                         ^
/home/utbot_mocks/results_utbot-mocks_120/GUAVA-275_4/temp/testcases/com/google/common/math/PairedStatsAccumulatorTest.java:26: error: static import only from classes and interfaces
import static org.mockito.ArgumentMatchers.anyDouble;
^
/home/utbot_mocks/results_utbot-mocks_120/GUAVA-275_4/temp/testcases/com/google/common/math/PairedStatsAccumulatorTest.java:66: error: cannot find symbol
        StatsAccumulator statsAccumulatorMock = mock(StatsAccumulator.class);
                                                ^
  symbol:   method mock(Class<StatsAccumulator>)
  location: class PairedStatsAccumulatorTest
/home/utbot_mocks/results_utbot-mocks_120/GUAVA-275_4/temp/testcases/com/google/common/math/PairedStatsAccumulatorTest.java:67: error: cannot find symbol
        Stats statsMock = mock(Stats.class);
                          ^
  symbol:   method mock(Class<Stats>)
  location: class PairedStatsAccumulatorTest
/home/utbot_mocks/results_utbot-mocks_120/GUAVA-275_4/temp/testcases/com/google/common/math/PairedStatsAccumulatorTest.java:68: error: cannot find symbol
        when(statsAccumulatorMock.snapshot()).thenReturn(statsMock);
        ^
  symbol:   method when(Stats)
  location: class PairedStatsAccumulatorTest
/home/utbot_mocks/results_utbot-mocks_120/GUAVA-275_4/temp/testcases/com/google/common/math/PairedStatsAccumulatorTest.java:70: error: cannot find symbol
        StatsAccumulator statsAccumulatorMock1 = mock(StatsAccumulator.class);
                                                 ^
  symbol:   method mock(Class<StatsAccumulator>)
  location: class PairedStatsAccumulatorTest
/home/utbot_mocks/results_utbot-mocks_120/GUAVA-275_4/temp/testcases/com/google/common/math/PairedStatsAccumulatorTest.java:71: error: cannot find symbol
        Stats statsMock1 = mock(Stats.class);
                           ^
  symbol:   method mock(Class<Stats>)
  location: class PairedStatsAccumulatorTest
/home/utbot_mocks/results_utbot-mocks_120/GUAVA-275_4/temp/testcases/com/google/common/math/PairedStatsAccumulatorTest.java:72: error: cannot find symbol
        when(statsAccumulatorMock1.snapshot()).thenReturn(statsMock1);
        ^
  symbol:   method when(Stats)
  location: class PairedStatsAccumulatorTest
/home/utbot_mocks/results_utbot-mocks_120/GUAVA-275_4/temp/testcases/com/google/common/math/PairedStatsAccumulatorTest.java:101: error: package org.mockito does not exist
        org.mockito.MockedStatic mockedStatic = null;
                   ^
/home/utbot_mocks/results_utbot-mocks_120/GUAVA-275_4/temp/testcases/com/google/common/math/PairedStatsAccumulatorTest.java:103: error: cannot find symbol
            mockedStatic = mockStatic(com.google.common.base.Preconditions.class);
                           ^
  symbol:   method mockStatic(Class<Preconditions>)
  location: class PairedStatsAccumulatorTest
/home/utbot_mocks/results_utbot-mocks_120/GUAVA-275_4/temp/testcases/com/google/common/math/PairedStatsAccumulatorTest.java:106: error: cannot find symbol
            StatsAccumulator statsAccumulatorMock = mock(StatsAccumulator.class);
                                                    ^
  symbol:   method mock(Class<StatsAccumulator>)
  location: class PairedStatsAccumulatorTest
/home/utbot_mocks/results_utbot-mocks_120/GUAVA-275_4/temp/testcases/com/google/common/math/PairedStatsAccumulatorTest.java:107: error: cannot find symbol
            when(statsAccumulatorMock.count()).thenReturn(-9223372036854775807L, 0L);
            ^
  symbol:   method when(long)
  location: class PairedStatsAccumulatorTest
/home/utbot_mocks/results_utbot-mocks_120/GUAVA-275_4/temp/testcases/com/google/common/math/PairedStatsAccumulatorTest.java:123: error: package org.mockito does not exist
        org.mockito.MockedStatic mockedStatic = null;
                   ^
/home/utbot_mocks/results_utbot-mocks_120/GUAVA-275_4/temp/testcases/com/google/common/math/PairedStatsAccumulatorTest.java:125: error: cannot find symbol
            mockedStatic = mockStatic(com.google.common.base.Preconditions.class);
                           ^
  symbol:   method mockStatic(Class<Preconditions>)
  location: class PairedStatsAccumulatorTest
/home/utbot_mocks/results_utbot-mocks_120/GUAVA-275_4/temp/testcases/com/google/common/math/PairedStatsAccumulatorTest.java:128: error: cannot find symbol
            StatsAccumulator statsAccumulatorMock = mock(StatsAccumulator.class);
                                                    ^
  symbol:   method mock(Class<StatsAccumulator>)
  location: class PairedStatsAccumulatorTest
/home/utbot_mocks/results_utbot-mocks_120/GUAVA-275_4/temp/testcases/com/google/common/math/PairedStatsAccumulatorTest.java:129: error: cannot find symbol
            when(statsAccumulatorMock.count()).thenReturn(0L, 0L);
            ^
  symbol:   method when(long)
  location: class PairedStatsAccumulatorTest
/home/utbot_mocks/results_utbot-mocks_120/GUAVA-275_4/temp/testcases/com/google/common/math/PairedStatsAccumulatorTest.java:155: error: package org.mockito does not exist
        org.mockito.MockedStatic mockedStatic = null;
                   ^
/home/utbot_mocks/results_utbot-mocks_120/GUAVA-275_4/temp/testcases/com/google/common/math/PairedStatsAccumulatorTest.java:157: error: cannot find symbol
            mockedStatic = mockStatic(com.google.common.base.Preconditions.class);
                           ^
  symbol:   method mockStatic(Class<Preconditions>)
  location: class PairedStatsAccumulatorTest
/home/utbot_mocks/results_utbot-mocks_120/GUAVA-275_4/temp/testcases/com/google/common/math/PairedStatsAccumulatorTest.java:160: error: cannot find symbol
            StatsAccumulator statsAccumulatorMock = mock(StatsAccumulator.class);
                                                    ^
  symbol:   method mock(Class<StatsAccumulator>)
  location: class PairedStatsAccumulatorTest
/home/utbot_mocks/results_utbot-mocks_120/GUAVA-275_4/temp/testcases/com/google/common/math/PairedStatsAccumulatorTest.java:161: error: cannot find symbol
            when(statsAccumulatorMock.count()).thenReturn(-9223372036854775806L);
            ^
  symbol:   method when(long)
  location: class PairedStatsAccumulatorTest
/home/utbot_mocks/results_utbot-mocks_120/GUAVA-275_4/temp/testcases/com/google/common/math/PairedStatsAccumulatorTest.java:177: error: package org.mockito does not exist
        org.mockito.MockedStatic mockedStatic = null;
                   ^
/home/utbot_mocks/results_utbot-mocks_120/GUAVA-275_4/temp/testcases/com/google/common/math/PairedStatsAccumulatorTest.java:179: error: cannot find symbol
            mockedStatic = mockStatic(com.google.common.base.Preconditions.class);
                           ^
  symbol:   method mockStatic(Class<Preconditions>)
  location: class PairedStatsAccumulatorTest
/home/utbot_mocks/results_utbot-mocks_120/GUAVA-275_4/temp/testcases/com/google/common/math/PairedStatsAccumulatorTest.java:182: error: cannot find symbol
            StatsAccumulator statsAccumulatorMock = mock(StatsAccumulator.class);
                                                    ^
  symbol:   method mock(Class<StatsAccumulator>)
  location: class PairedStatsAccumulatorTest
/home/utbot_mocks/results_utbot-mocks_120/GUAVA-275_4/temp/testcases/com/google/common/math/PairedStatsAccumulatorTest.java:183: error: cannot find symbol
            when(statsAccumulatorMock.count()).thenReturn(2L);
            ^
  symbol:   method when(long)
  location: class PairedStatsAccumulatorTest
/home/utbot_mocks/results_utbot-mocks_120/GUAVA-275_4/temp/testcases/com/google/common/math/PairedStatsAccumulatorTest.java:220: error: cannot find symbol
        StatsAccumulator statsAccumulatorMock = mock(StatsAccumulator.class);
                                                ^
  symbol:   method mock(Class<StatsAccumulator>)
  location: class PairedStatsAccumulatorTest
/home/utbot_mocks/results_utbot-mocks_120/GUAVA-275_4/temp/testcases/com/google/common/math/PairedStatsAccumulatorTest.java:221: error: cannot find symbol
        Stats statsMock = mock(Stats.class);
                          ^
  symbol:   method mock(Class<Stats>)
  location: class PairedStatsAccumulatorTest
/home/utbot_mocks/results_utbot-mocks_120/GUAVA-275_4/temp/testcases/com/google/common/math/PairedStatsAccumulatorTest.java:222: error: cannot find symbol
        when(statsAccumulatorMock.snapshot()).thenReturn(statsMock);
        ^
  symbol:   method when(Stats)
  location: class PairedStatsAccumulatorTest
/home/utbot_mocks/results_utbot-mocks_120/GUAVA-275_4/temp/testcases/com/google/common/math/PairedStatsAccumulatorTest.java:301: error: package org.mockito does not exist
        org.mockito.MockedStatic mockedStatic = null;
                   ^
/home/utbot_mocks/results_utbot-mocks_120/GUAVA-275_4/temp/testcases/com/google/common/math/PairedStatsAccumulatorTest.java:303: error: cannot find symbol
            mockedStatic = mockStatic(com.google.common.base.Preconditions.class);
                           ^
  symbol:   method mockStatic(Class<Preconditions>)
  location: class PairedStatsAccumulatorTest
/home/utbot_mocks/results_utbot-mocks_120/GUAVA-275_4/temp/testcases/com/google/common/math/PairedStatsAccumulatorTest.java:306: error: cannot find symbol
            StatsAccumulator statsAccumulatorMock = mock(StatsAccumulator.class);
                                                    ^
  symbol:   method mock(Class<StatsAccumulator>)
  location: class PairedStatsAccumulatorTest
/home/utbot_mocks/results_utbot-mocks_120/GUAVA-275_4/temp/testcases/com/google/common/math/PairedStatsAccumulatorTest.java:307: error: cannot find symbol
            when(statsAccumulatorMock.count()).thenReturn(2L, 0L);
            ^
  symbol:   method when(long)
  location: class PairedStatsAccumulatorTest
/home/utbot_mocks/results_utbot-mocks_120/GUAVA-275_4/temp/testcases/com/google/common/math/PairedStatsAccumulatorTest.java:323: error: package org.mockito does not exist
        org.mockito.MockedStatic mockedStatic = null;
                   ^
/home/utbot_mocks/results_utbot-mocks_120/GUAVA-275_4/temp/testcases/com/google/common/math/PairedStatsAccumulatorTest.java:325: error: cannot find symbol
            mockedStatic = mockStatic(com.google.common.base.Preconditions.class);
                           ^
  symbol:   method mockStatic(Class<Preconditions>)
  location: class PairedStatsAccumulatorTest
/home/utbot_mocks/results_utbot-mocks_120/GUAVA-275_4/temp/testcases/com/google/common/math/PairedStatsAccumulatorTest.java:328: error: cannot find symbol
            StatsAccumulator statsAccumulatorMock = mock(StatsAccumulator.class);
                                                    ^
  symbol:   method mock(Class<StatsAccumulator>)
  location: class PairedStatsAccumulatorTest
/home/utbot_mocks/results_utbot-mocks_120/GUAVA-275_4/temp/testcases/com/google/common/math/PairedStatsAccumulatorTest.java:329: error: cannot find symbol
            when(statsAccumulatorMock.count()).thenReturn(-9223372036854775806L, 0L);
            ^
  symbol:   method when(long)
  location: class PairedStatsAccumulatorTest
/home/utbot_mocks/results_utbot-mocks_120/GUAVA-275_4/temp/testcases/com/google/common/math/PairedStatsAccumulatorTest.java:355: error: package org.mockito does not exist
        org.mockito.MockedStatic mockedStatic = null;
                   ^
/home/utbot_mocks/results_utbot-mocks_120/GUAVA-275_4/temp/testcases/com/google/common/math/PairedStatsAccumulatorTest.java:356: error: package org.mockito does not exist
        org.mockito.MockedStatic mockedStatic1 = null;
                   ^
/home/utbot_mocks/results_utbot-mocks_120/GUAVA-275_4/temp/testcases/com/google/common/math/PairedStatsAccumulatorTest.java:358: error: cannot find symbol
            mockedStatic = mockStatic(com.google.common.base.Preconditions.class);
                           ^
  symbol:   method mockStatic(Class<Preconditions>)
  location: class PairedStatsAccumulatorTest
/home/utbot_mocks/results_utbot-mocks_120/GUAVA-275_4/temp/testcases/com/google/common/math/PairedStatsAccumulatorTest.java:359: error: cannot find symbol
            mockedStatic1 = mockStatic(LinearTransformation.class);
                            ^
  symbol:   method mockStatic(Class<LinearTransformation>)
  location: class PairedStatsAccumulatorTest
/home/utbot_mocks/results_utbot-mocks_120/GUAVA-275_4/temp/testcases/com/google/common/math/PairedStatsAccumulatorTest.java:361: error: cannot find symbol
                LinearTransformation.vertical(anyDouble());
                                              ^
  symbol:   method anyDouble()
  location: class PairedStatsAccumulatorTest
/home/utbot_mocks/results_utbot-mocks_120/GUAVA-275_4/temp/testcases/com/google/common/math/PairedStatsAccumulatorTest.java:365: error: cannot find symbol
            StatsAccumulator statsAccumulatorMock = mock(StatsAccumulator.class);
                                                    ^
  symbol:   method mock(Class<StatsAccumulator>)
  location: class PairedStatsAccumulatorTest
/home/utbot_mocks/results_utbot-mocks_120/GUAVA-275_4/temp/testcases/com/google/common/math/PairedStatsAccumulatorTest.java:366: error: cannot find symbol
            when(statsAccumulatorMock.sumOfSquaresOfDeltas()).thenReturn(java.lang.Double.NaN);
            ^
  symbol:   method when(double)
  location: class PairedStatsAccumulatorTest
/home/utbot_mocks/results_utbot-mocks_120/GUAVA-275_4/temp/testcases/com/google/common/math/PairedStatsAccumulatorTest.java:368: error: cannot find symbol
            StatsAccumulator statsAccumulatorMock1 = mock(StatsAccumulator.class);
                                                     ^
  symbol:   method mock(Class<StatsAccumulator>)
  location: class PairedStatsAccumulatorTest
/home/utbot_mocks/results_utbot-mocks_120/GUAVA-275_4/temp/testcases/com/google/common/math/PairedStatsAccumulatorTest.java:369: error: cannot find symbol
            when(statsAccumulatorMock1.count()).thenReturn(1L);
            ^
  symbol:   method when(long)
  location: class PairedStatsAccumulatorTest
/home/utbot_mocks/results_utbot-mocks_120/GUAVA-275_4/temp/testcases/com/google/common/math/PairedStatsAccumulatorTest.java:370: error: cannot find symbol
            when(statsAccumulatorMock1.sumOfSquaresOfDeltas()).thenReturn(-0.0);
            ^
  symbol:   method when(double)
  location: class PairedStatsAccumulatorTest
/home/utbot_mocks/results_utbot-mocks_120/GUAVA-275_4/temp/testcases/com/google/common/math/PairedStatsAccumulatorTest.java:371: error: cannot find symbol
            when(statsAccumulatorMock1.mean()).thenReturn(java.lang.Double.NaN);
            ^
  symbol:   method when(double)
  location: class PairedStatsAccumulatorTest
/home/utbot_mocks/results_utbot-mocks_120/GUAVA-275_4/temp/testcases/com/google/common/math/PairedStatsAccumulatorTest.java:388: error: package org.mockito does not exist
        org.mockito.MockedStatic mockedStatic = null;
                   ^
/home/utbot_mocks/results_utbot-mocks_120/GUAVA-275_4/temp/testcases/com/google/common/math/PairedStatsAccumulatorTest.java:389: error: package org.mockito does not exist
        org.mockito.MockedStatic mockedStatic1 = null;
                   ^
/home/utbot_mocks/results_utbot-mocks_120/GUAVA-275_4/temp/testcases/com/google/common/math/PairedStatsAccumulatorTest.java:391: error: cannot find symbol
            mockedStatic = mockStatic(com.google.common.base.Preconditions.class);
                           ^
  symbol:   method mockStatic(Class<Preconditions>)
  location: class PairedStatsAccumulatorTest
/home/utbot_mocks/results_utbot-mocks_120/GUAVA-275_4/temp/testcases/com/google/common/math/PairedStatsAccumulatorTest.java:392: error: cannot find symbol
            mockedStatic1 = mockStatic(LinearTransformation.class);
                            ^
  symbol:   method mockStatic(Class<LinearTransformation>)
  location: class PairedStatsAccumulatorTest
/home/utbot_mocks/results_utbot-mocks_120/GUAVA-275_4/temp/testcases/com/google/common/math/PairedStatsAccumulatorTest.java:393: error: cannot find symbol
            LinearTransformation linearTransformationMock = mock(LinearTransformation.class);
                                                            ^
  symbol:   method mock(Class<LinearTransformation>)
  location: class PairedStatsAccumulatorTest
/home/utbot_mocks/results_utbot-mocks_120/GUAVA-275_4/temp/testcases/com/google/common/math/PairedStatsAccumulatorTest.java:395: error: cannot find symbol
                LinearTransformation.horizontal(anyDouble());
                                                ^
  symbol:   method anyDouble()
  location: class PairedStatsAccumulatorTest
/home/utbot_mocks/results_utbot-mocks_120/GUAVA-275_4/temp/testcases/com/google/common/math/PairedStatsAccumulatorTest.java:399: error: cannot find symbol
            StatsAccumulator statsAccumulatorMock = mock(StatsAccumulator.class);
                                                    ^
  symbol:   method mock(Class<StatsAccumulator>)
  location: class PairedStatsAccumulatorTest
/home/utbot_mocks/results_utbot-mocks_120/GUAVA-275_4/temp/testcases/com/google/common/math/PairedStatsAccumulatorTest.java:400: error: cannot find symbol
            when(statsAccumulatorMock.sumOfSquaresOfDeltas()).thenReturn(-1.7800590868057627E-307);
            ^
  symbol:   method when(double)
  location: class PairedStatsAccumulatorTest
/home/utbot_mocks/results_utbot-mocks_120/GUAVA-275_4/temp/testcases/com/google/common/math/PairedStatsAccumulatorTest.java:401: error: cannot find symbol
            when(statsAccumulatorMock.mean()).thenReturn(java.lang.Double.NaN);
            ^
  symbol:   method when(double)
  location: class PairedStatsAccumulatorTest
/home/utbot_mocks/results_utbot-mocks_120/GUAVA-275_4/temp/testcases/com/google/common/math/PairedStatsAccumulatorTest.java:403: error: cannot find symbol
            StatsAccumulator statsAccumulatorMock1 = mock(StatsAccumulator.class);
                                                     ^
  symbol:   method mock(Class<StatsAccumulator>)
  location: class PairedStatsAccumulatorTest
/home/utbot_mocks/results_utbot-mocks_120/GUAVA-275_4/temp/testcases/com/google/common/math/PairedStatsAccumulatorTest.java:404: error: cannot find symbol
            when(statsAccumulatorMock1.count()).thenReturn(1L);
            ^
  symbol:   method when(long)
  location: class PairedStatsAccumulatorTest
/home/utbot_mocks/results_utbot-mocks_120/GUAVA-275_4/temp/testcases/com/google/common/math/PairedStatsAccumulatorTest.java:405: error: cannot find symbol
            when(statsAccumulatorMock1.sumOfSquaresOfDeltas()).thenReturn(2.225073858507202E-308);
            ^
  symbol:   method when(double)
  location: class PairedStatsAccumulatorTest
/home/utbot_mocks/results_utbot-mocks_120/GUAVA-275_4/temp/testcases/com/google/common/math/PairedStatsAccumulatorTest.java:424: error: package org.mockito does not exist
        org.mockito.MockedStatic mockedStatic = null;
                   ^
/home/utbot_mocks/results_utbot-mocks_120/GUAVA-275_4/temp/testcases/com/google/common/math/PairedStatsAccumulatorTest.java:425: error: package org.mockito does not exist
        org.mockito.MockedStatic mockedStatic1 = null;
                   ^
/home/utbot_mocks/results_utbot-mocks_120/GUAVA-275_4/temp/testcases/com/google/common/math/PairedStatsAccumulatorTest.java:427: error: cannot find symbol
            mockedStatic = mockStatic(com.google.common.base.Preconditions.class);
                           ^
  symbol:   method mockStatic(Class<Preconditions>)
  location: class PairedStatsAccumulatorTest
/home/utbot_mocks/results_utbot-mocks_120/GUAVA-275_4/temp/testcases/com/google/common/math/PairedStatsAccumulatorTest.java:428: error: cannot find symbol
            mockedStatic1 = mockStatic(LinearTransformation.class);
                            ^
  symbol:   method mockStatic(Class<LinearTransformation>)
  location: class PairedStatsAccumulatorTest
/home/utbot_mocks/results_utbot-mocks_120/GUAVA-275_4/temp/testcases/com/google/common/math/PairedStatsAccumulatorTest.java:432: error: cannot find symbol
            StatsAccumulator statsAccumulatorMock = mock(StatsAccumulator.class);
                                                    ^
  symbol:   method mock(Class<StatsAccumulator>)
  location: class PairedStatsAccumulatorTest
/home/utbot_mocks/results_utbot-mocks_120/GUAVA-275_4/temp/testcases/com/google/common/math/PairedStatsAccumulatorTest.java:433: error: cannot find symbol
            when(statsAccumulatorMock.count()).thenReturn(-9223372036854775806L);
            ^
  symbol:   method when(long)
  location: class PairedStatsAccumulatorTest
/home/utbot_mocks/results_utbot-mocks_120/GUAVA-275_4/temp/testcases/com/google/common/math/PairedStatsAccumulatorTest.java:450: error: package org.mockito does not exist
        org.mockito.MockedStatic mockedStatic = null;
                   ^
/home/utbot_mocks/results_utbot-mocks_120/GUAVA-275_4/temp/testcases/com/google/common/math/PairedStatsAccumulatorTest.java:451: error: package org.mockito does not exist
        org.mockito.MockedStatic mockedStatic1 = null;
                   ^
/home/utbot_mocks/results_utbot-mocks_120/GUAVA-275_4/temp/testcases/com/google/common/math/PairedStatsAccumulatorTest.java:453: error: cannot find symbol
            mockedStatic = mockStatic(com.google.common.base.Preconditions.class);
                           ^
  symbol:   method mockStatic(Class<Preconditions>)
  location: class PairedStatsAccumulatorTest
/home/utbot_mocks/results_utbot-mocks_120/GUAVA-275_4/temp/testcases/com/google/common/math/PairedStatsAccumulatorTest.java:454: error: cannot find symbol
            mockedStatic1 = mockStatic(LinearTransformation.class);
                            ^
  symbol:   method mockStatic(Class<LinearTransformation>)
  location: class PairedStatsAccumulatorTest
/home/utbot_mocks/results_utbot-mocks_120/GUAVA-275_4/temp/testcases/com/google/common/math/PairedStatsAccumulatorTest.java:456: error: cannot find symbol
                LinearTransformation.mapping(anyDouble(), anyDouble());
                                             ^
  symbol:   method anyDouble()
  location: class PairedStatsAccumulatorTest
/home/utbot_mocks/results_utbot-mocks_120/GUAVA-275_4/temp/testcases/com/google/common/math/PairedStatsAccumulatorTest.java:456: error: cannot find symbol
                LinearTransformation.mapping(anyDouble(), anyDouble());
                                                          ^
  symbol:   method anyDouble()
  location: class PairedStatsAccumulatorTest
/home/utbot_mocks/results_utbot-mocks_120/GUAVA-275_4/temp/testcases/com/google/common/math/PairedStatsAccumulatorTest.java:460: error: cannot find symbol
            StatsAccumulator statsAccumulatorMock = mock(StatsAccumulator.class);
                                                    ^
  symbol:   method mock(Class<StatsAccumulator>)
  location: class PairedStatsAccumulatorTest
/home/utbot_mocks/results_utbot-mocks_120/GUAVA-275_4/temp/testcases/com/google/common/math/PairedStatsAccumulatorTest.java:461: error: cannot find symbol
            when(statsAccumulatorMock.sumOfSquaresOfDeltas()).thenReturn(2.225073858507202E-308);
            ^
  symbol:   method when(double)
  location: class PairedStatsAccumulatorTest
/home/utbot_mocks/results_utbot-mocks_120/GUAVA-275_4/temp/testcases/com/google/common/math/PairedStatsAccumulatorTest.java:462: error: cannot find symbol
            when(statsAccumulatorMock.mean()).thenReturn(java.lang.Double.NaN);
            ^
  symbol:   method when(double)
  location: class PairedStatsAccumulatorTest
/home/utbot_mocks/results_utbot-mocks_120/GUAVA-275_4/temp/testcases/com/google/common/math/PairedStatsAccumulatorTest.java:464: error: cannot find symbol
            StatsAccumulator statsAccumulatorMock1 = mock(StatsAccumulator.class);
                                                     ^
  symbol:   method mock(Class<StatsAccumulator>)
  location: class PairedStatsAccumulatorTest
/home/utbot_mocks/results_utbot-mocks_120/GUAVA-275_4/temp/testcases/com/google/common/math/PairedStatsAccumulatorTest.java:465: error: cannot find symbol
            when(statsAccumulatorMock1.count()).thenReturn(1L);
            ^
  symbol:   method when(long)
  location: class PairedStatsAccumulatorTest
/home/utbot_mocks/results_utbot-mocks_120/GUAVA-275_4/temp/testcases/com/google/common/math/PairedStatsAccumulatorTest.java:466: error: cannot find symbol
            when(statsAccumulatorMock1.sumOfSquaresOfDeltas()).thenReturn(2.225073858507202E-308);
            ^
  symbol:   method when(double)
  location: class PairedStatsAccumulatorTest
/home/utbot_mocks/results_utbot-mocks_120/GUAVA-275_4/temp/testcases/com/google/common/math/PairedStatsAccumulatorTest.java:467: error: cannot find symbol
            when(statsAccumulatorMock1.mean()).thenReturn(java.lang.Double.NaN);
            ^
  symbol:   method when(double)
  location: class PairedStatsAccumulatorTest
/home/utbot_mocks/results_utbot-mocks_120/GUAVA-275_4/temp/testcases/com/google/common/math/PairedStatsAccumulatorTest.java:482: error: package org.mockito does not exist
        org.mockito.MockedStatic mockedStatic = null;
                   ^
/home/utbot_mocks/results_utbot-mocks_120/GUAVA-275_4/temp/testcases/com/google/common/math/PairedStatsAccumulatorTest.java:483: error: package org.mockito does not exist
        org.mockito.MockedStatic mockedStatic1 = null;
                   ^
/home/utbot_mocks/results_utbot-mocks_120/GUAVA-275_4/temp/testcases/com/google/common/math/PairedStatsAccumulatorTest.java:485: error: cannot find symbol
            mockedStatic = mockStatic(com.google.common.base.Preconditions.class);
                           ^
  symbol:   method mockStatic(Class<Preconditions>)
  location: class PairedStatsAccumulatorTest
/home/utbot_mocks/results_utbot-mocks_120/GUAVA-275_4/temp/testcases/com/google/common/math/PairedStatsAccumulatorTest.java:486: error: cannot find symbol
            mockedStatic1 = mockStatic(LinearTransformation.class);
                            ^
  symbol:   method mockStatic(Class<LinearTransformation>)
  location: class PairedStatsAccumulatorTest
/home/utbot_mocks/results_utbot-mocks_120/GUAVA-275_4/temp/testcases/com/google/common/math/PairedStatsAccumulatorTest.java:488: error: cannot find symbol
                LinearTransformation.vertical(anyDouble());
                                              ^
  symbol:   method anyDouble()
  location: class PairedStatsAccumulatorTest
/home/utbot_mocks/results_utbot-mocks_120/GUAVA-275_4/temp/testcases/com/google/common/math/PairedStatsAccumulatorTest.java:492: error: cannot find symbol
            StatsAccumulator statsAccumulatorMock = mock(StatsAccumulator.class);
                                                    ^
  symbol:   method mock(Class<StatsAccumulator>)
  location: class PairedStatsAccumulatorTest
/home/utbot_mocks/results_utbot-mocks_120/GUAVA-275_4/temp/testcases/com/google/common/math/PairedStatsAccumulatorTest.java:493: error: cannot find symbol
            when(statsAccumulatorMock.sumOfSquaresOfDeltas()).thenReturn(2.225073858507202E-308);
            ^
  symbol:   method when(double)
  location: class PairedStatsAccumulatorTest
/home/utbot_mocks/results_utbot-mocks_120/GUAVA-275_4/temp/testcases/com/google/common/math/PairedStatsAccumulatorTest.java:495: error: cannot find symbol
            StatsAccumulator statsAccumulatorMock1 = mock(StatsAccumulator.class);
                                                     ^
  symbol:   method mock(Class<StatsAccumulator>)
  location: class PairedStatsAccumulatorTest
/home/utbot_mocks/results_utbot-mocks_120/GUAVA-275_4/temp/testcases/com/google/common/math/PairedStatsAccumulatorTest.java:496: error: cannot find symbol
            when(statsAccumulatorMock1.count()).thenReturn(1L);
            ^
  symbol:   method when(long)
  location: class PairedStatsAccumulatorTest
/home/utbot_mocks/results_utbot-mocks_120/GUAVA-275_4/temp/testcases/com/google/common/math/PairedStatsAccumulatorTest.java:497: error: cannot find symbol
            when(statsAccumulatorMock1.sumOfSquaresOfDeltas()).thenReturn(java.lang.Double.NaN);
            ^
  symbol:   method when(double)
  location: class PairedStatsAccumulatorTest
/home/utbot_mocks/results_utbot-mocks_120/GUAVA-275_4/temp/testcases/com/google/common/math/PairedStatsAccumulatorTest.java:498: error: cannot find symbol
            when(statsAccumulatorMock1.mean()).thenReturn(java.lang.Double.NaN);
            ^
  symbol:   method when(double)
  location: class PairedStatsAccumulatorTest
/home/utbot_mocks/results_utbot-mocks_120/GUAVA-275_4/temp/testcases/com/google/common/math/PairedStatsAccumulatorTest.java:515: error: package org.mockito does not exist
        org.mockito.MockedStatic mockedStatic = null;
                   ^
/home/utbot_mocks/results_utbot-mocks_120/GUAVA-275_4/temp/testcases/com/google/common/math/PairedStatsAccumulatorTest.java:516: error: package org.mockito does not exist
        org.mockito.MockedStatic mockedStatic1 = null;
                   ^
/home/utbot_mocks/results_utbot-mocks_120/GUAVA-275_4/temp/testcases/com/google/common/math/PairedStatsAccumulatorTest.java:518: error: cannot find symbol
            mockedStatic = mockStatic(com.google.common.base.Preconditions.class);
                           ^
  symbol:   method mockStatic(Class<Preconditions>)
  location: class PairedStatsAccumulatorTest
/home/utbot_mocks/results_utbot-mocks_120/GUAVA-275_4/temp/testcases/com/google/common/math/PairedStatsAccumulatorTest.java:519: error: cannot find symbol
            mockedStatic1 = mockStatic(LinearTransformation.class);
                            ^
  symbol:   method mockStatic(Class<LinearTransformation>)
  location: class PairedStatsAccumulatorTest
/home/utbot_mocks/results_utbot-mocks_120/GUAVA-275_4/temp/testcases/com/google/common/math/PairedStatsAccumulatorTest.java:1171: warning: Unsafe is internal proprietary API and may be removed in a future release
    private static sun.misc.Unsafe getUnsafeInstance() throws Exception {
                           ^
/home/utbot_mocks/results_utbot-mocks_120/GUAVA-275_4/temp/testcases/com/google/common/math/PairedStatsAccumulatorTest.java:1172: warning: Unsafe is internal proprietary API and may be removed in a future release
        java.lang.reflect.Field f = sun.misc.Unsafe.class.getDeclaredField("theUnsafe");
                                            ^
/home/utbot_mocks/results_utbot-mocks_120/GUAVA-275_4/temp/testcases/com/google/common/math/PairedStatsAccumulatorTest.java:1174: warning: Unsafe is internal proprietary API and may be removed in a future release
        return (sun.misc.Unsafe) f.get(null);
                        ^
Note: /home/utbot_mocks/results_utbot-mocks_120/GUAVA-275_4/temp/testcases/com/google/common/math/PairedStatsAccumulatorTest.java uses unchecked or unsafe operations.
Note: Recompile with -Xlint:unchecked for details.
100 errors
4 warnings
Failed to compile 'com/google/common/math/PairedStatsAccumulatorTest.java'!
shaded.org.apache.commons.exec.ExecuteException: Process exited with an error: 1 (Exit value: 1)
	at shaded.org.apache.commons.exec.DefaultExecutor.executeInternal(DefaultExecutor.java:377)
	at shaded.org.apache.commons.exec.DefaultExecutor.execute(DefaultExecutor.java:160)
	at shaded.org.apache.commons.exec.DefaultExecutor.execute(DefaultExecutor.java:147)
	at sbst.benchmark.TestSuite.compile(TestSuite.java:250)
	at sbst.benchmark.TestSuite.<init>(TestSuite.java:68)
	at sbst.benchmark.TranscriptWriter.endClass(TranscriptWriter.java:136)
	at sbst.benchmark.RunTool.execute(RunTool.java:141)
	at sbst.benchmark.RunTool.run(RunTool.java:62)
	at sbst.benchmark.Main.main(Main.java:160)

---Timing Information---
Running tests with the following classpath: 
/var/benchmarks/projects/guava/guava/target/guava-26.0-jre.jar:/var/benchmarks/projects/./guava/guava/target/dependency/checker-qual-2.5.2.jar:/var/benchmarks/projects/guava/guava/target/dependency/error_prone_annotations-2.1.3.jar:/var/benchmarks/projects/guava/guava/target/dependency/j2objc-annotations-1.1.jar:/var/benchmarks/projects/guava/guava/target/dependency/jsr305-3.0.2.jar:/var/benchmarks/projects/guava/guava/target/dependency/animal-sniffer-annotations-1.14.jar:/usr/local/bin/lib/junit.jar:/usr/local/bin/lib/hamcrest-core.jar:/home/utbot_mocks/results_utbot-mocks_120/GUAVA-275_4/temp/testcases/bin
Running the tests: [SBSTDummyForCoverageAndMutationCalculation]
Executions terminated

---The tests are re-executed other four times to find the flaky ones---
Running the tests: [SBSTDummyForCoverageAndMutationCalculation]
Executions terminated
Running the tests: [SBSTDummyForCoverageAndMutationCalculation]
Executions terminated
Running the tests: [SBSTDummyForCoverageAndMutationCalculation]
Executions terminated
Running the tests: [SBSTDummyForCoverageAndMutationCalculation]
Executions terminated

=== Run Jacoco for Coverage ===
Number of instrumented file = 2323
Running tests with the following classpath: 
/home/utbot_mocks/results_utbot-mocks_120/GUAVA-275_4/temp/testcases/guava-26.0-jre_instrumented.jar:/home/utbot_mocks/results_utbot-mocks_120/GUAVA-275_4/temp/testcases/checker-qual-2.5.2_instrumented.jar:/home/utbot_mocks/results_utbot-mocks_120/GUAVA-275_4/temp/testcases/error_prone_annotations-2.1.3_instrumented.jar:/home/utbot_mocks/results_utbot-mocks_120/GUAVA-275_4/temp/testcases/j2objc-annotations-1.1_instrumented.jar:/home/utbot_mocks/results_utbot-mocks_120/GUAVA-275_4/temp/testcases/jsr305-3.0.2_instrumented.jar:/home/utbot_mocks/results_utbot-mocks_120/GUAVA-275_4/temp/testcases/animal-sniffer-annotations-1.14_instrumented.jar:/usr/local/bin/lib/hamcrest-core.jar:/usr/local/bin/lib/junit.jar:/home/utbot_mocks/results_utbot-mocks_120/GUAVA-275_4/temp/testcases/bin
Running the tests: [SBSTDummyForCoverageAndMutationCalculation]
Executions terminated
Number of file with coverage information = 1951
Extracted coverage data for the class com/google/common/math/PairedStatsAccumulator
Number of file with coverage information = 302
Number of file with coverage information = 22
Number of file with coverage information = 12
Number of file with coverage information = 35
Number of file with coverage information = 1

=== Run PIT ===
Matching Jacoco with PIT: find covered mutations
Executing Mutation Analysis using 75 mutants 

>>> RESULTS:
	Tool name: utbot-mocks
	Benchmark: GUAVA-275
	Class Under Test: com.google.common.math.PairedStatsAccumulator
	Run number: 4
	Tool preparation time (ms): 12783
	Tool test cases generation time (ms): 13400
	Test cases execution time (ms): 14
	Test case number: 45
	Uncompilable Test Classes: 1
	Broken tests number: 0
	Failing tests number: 0
	Lines total: 60
	Lines covered: 0
	Lines coverage ratio (%): 0.0
	Conditions total: 38
	Conditions covered: 0
	Conditions coverage ratio (%): 0.0
	Mutants total: 75
	Mutants covered: 0
	Mutants coverage ratio (%): 0.0
	Mutants killed: 0
	Mutants killed ratio (%): 0.0
	Mutants alive: 75


Class com.google.common.math.PairedStatsAccumulator ended.
Stopping process...
Tool subprocess is an instance of java.lang.UNIXProcess
Tool subprocess Id is 14223
Killing master process 14223
Executing command kill -9 14223
Execution of command kill -9 14223 finished.
Process was destroyed
