
>>> TOOL NAME:  utbot-mocks

>>> BENCHMARK:  SEATA-16

>>> RUN NUMBER: 2

>>> MODE: --only-compute-metrics
Creating directory ./temp
Creating directory ./temp/data
Creating directory ./temp/testcases
Executing /home/utbot_mocks/./runtool
>> BENCHMARK
>> /var/benchmarks/projects/seata/core/src/main/java
>> /var/benchmarks/projects/seata/core/target/classes
>> 18
>> /var/benchmarks/projects/seata/core/target/seata-core-0.5.0.jar
>> /var/benchmarks/projects/./seata/core/target/dependency/mockito-core-2.23.4.jar
>> /var/benchmarks/projects/seata/core/target/dependency/byte-buddy-agent-1.9.3.jar
>> /var/benchmarks/projects/seata/core/target/dependency/assertj-core-2.6.0.jar
>> /var/benchmarks/projects/seata/core/target/dependency/seata-common-0.5.0.jar
>> /var/benchmarks/projects/seata/core/target/dependency/byte-buddy-1.9.3.jar
>> /var/benchmarks/projects/seata/core/target/dependency/objenesis-2.6.jar
>> /var/benchmarks/projects/seata/core/target/dependency/seata-discovery-core-0.5.0.jar
>> /var/benchmarks/projects/seata/core/target/dependency/commons-pool2-2.4.2.jar
>> /var/benchmarks/projects/seata/core/target/dependency/junit-4.12.jar
>> /var/benchmarks/projects/seata/core/target/dependency/hamcrest-core-1.3.jar
>> /var/benchmarks/projects/seata/core/target/dependency/slf4j-api-1.7.22.jar
>> /var/benchmarks/projects/seata/core/target/dependency/seata-config-core-0.5.0.jar
>> /var/benchmarks/projects/seata/core/target/dependency/netty-all-4.1.24.Final.jar
>> /var/benchmarks/projects/seata/core/target/dependency/commons-lang-2.6.jar
>> /var/benchmarks/projects/seata/core/target/dependency/fastjson-1.2.48.jar
>> /var/benchmarks/projects/seata/core/target/dependency/config-1.2.1.jar
>> /var/benchmarks/projects/seata/core/target/dependency/commons-pool-1.6.jar
>> 0
expecting CLASSPATH or READY
<< CLASSPATH
expecting number
<< 0
<< READY
>> 120


### COMPUTING METRICS ###: io.seata.core.store.StoreMode


Starting class io.seata.core.store.StoreMode


Ending class io.seata.core.store.StoreMode
Creating directory results_utbot-mocks_120/SEATA-16_2/temp/testcases/bin
Creating dummy JUnit test file

---Compilation---

===
javac command line:
/usr/bin/javac -sourcepath /home/utbot_mocks/results_utbot-mocks_120/SEATA-16_2/temp/testcases -cp /var/benchmarks/projects/seata/core/target/seata-core-0.5.0.jar:/var/benchmarks/projects/./seata/core/target/dependency/mockito-core-2.23.4.jar:/var/benchmarks/projects/seata/core/target/dependency/byte-buddy-agent-1.9.3.jar:/var/benchmarks/projects/seata/core/target/dependency/assertj-core-2.6.0.jar:/var/benchmarks/projects/seata/core/target/dependency/seata-common-0.5.0.jar:/var/benchmarks/projects/seata/core/target/dependency/byte-buddy-1.9.3.jar:/var/benchmarks/projects/seata/core/target/dependency/objenesis-2.6.jar:/var/benchmarks/projects/seata/core/target/dependency/seata-discovery-core-0.5.0.jar:/var/benchmarks/projects/seata/core/target/dependency/commons-pool2-2.4.2.jar:/var/benchmarks/projects/seata/core/target/dependency/junit-4.12.jar:/var/benchmarks/projects/seata/core/target/dependency/hamcrest-core-1.3.jar:/var/benchmarks/projects/seata/core/target/dependency/slf4j-api-1.7.22.jar:/var/benchmarks/projects/seata/core/target/dependency/seata-config-core-0.5.0.jar:/var/benchmarks/projects/seata/core/target/dependency/netty-all-4.1.24.Final.jar:/var/benchmarks/projects/seata/core/target/dependency/commons-lang-2.6.jar:/var/benchmarks/projects/seata/core/target/dependency/fastjson-1.2.48.jar:/var/benchmarks/projects/seata/core/target/dependency/config-1.2.1.jar:/var/benchmarks/projects/seata/core/target/dependency/commons-pool-1.6.jar:/usr/local/bin/lib/junit.jar:/usr/local/bin/lib/hamcrest-core.jar -d results_utbot-mocks_120/SEATA-16_2/temp/testcases/bin /home/utbot_mocks/results_utbot-mocks_120/SEATA-16_2/temp/testcases/SBSTDummyForCoverageAndMutationCalculation.java


===
javac command line:
/usr/bin/javac -sourcepath /home/utbot_mocks/results_utbot-mocks_120/SEATA-16_2/temp/testcases -cp /var/benchmarks/projects/seata/core/target/seata-core-0.5.0.jar:/var/benchmarks/projects/./seata/core/target/dependency/mockito-core-2.23.4.jar:/var/benchmarks/projects/seata/core/target/dependency/byte-buddy-agent-1.9.3.jar:/var/benchmarks/projects/seata/core/target/dependency/assertj-core-2.6.0.jar:/var/benchmarks/projects/seata/core/target/dependency/seata-common-0.5.0.jar:/var/benchmarks/projects/seata/core/target/dependency/byte-buddy-1.9.3.jar:/var/benchmarks/projects/seata/core/target/dependency/objenesis-2.6.jar:/var/benchmarks/projects/seata/core/target/dependency/seata-discovery-core-0.5.0.jar:/var/benchmarks/projects/seata/core/target/dependency/commons-pool2-2.4.2.jar:/var/benchmarks/projects/seata/core/target/dependency/junit-4.12.jar:/var/benchmarks/projects/seata/core/target/dependency/hamcrest-core-1.3.jar:/var/benchmarks/projects/seata/core/target/dependency/slf4j-api-1.7.22.jar:/var/benchmarks/projects/seata/core/target/dependency/seata-config-core-0.5.0.jar:/var/benchmarks/projects/seata/core/target/dependency/netty-all-4.1.24.Final.jar:/var/benchmarks/projects/seata/core/target/dependency/commons-lang-2.6.jar:/var/benchmarks/projects/seata/core/target/dependency/fastjson-1.2.48.jar:/var/benchmarks/projects/seata/core/target/dependency/config-1.2.1.jar:/var/benchmarks/projects/seata/core/target/dependency/commons-pool-1.6.jar:/usr/local/bin/lib/junit.jar:/usr/local/bin/lib/hamcrest-core.jar -d results_utbot-mocks_120/SEATA-16_2/temp/testcases/bin /home/utbot_mocks/results_utbot-mocks_120/SEATA-16_2/temp/testcases/io/seata/core/store/StoreModeTest.java

Note: /home/utbot_mocks/results_utbot-mocks_120/SEATA-16_2/temp/testcases/io/seata/core/store/StoreModeTest.java uses unchecked or unsafe operations.
Note: Recompile with -Xlint:unchecked for details.
Compiled 'io/seata/core/store/StoreModeTest.java'

---Timing Information---
Running tests with the following classpath: 
/var/benchmarks/projects/seata/core/target/seata-core-0.5.0.jar:/var/benchmarks/projects/./seata/core/target/dependency/mockito-core-2.23.4.jar:/var/benchmarks/projects/seata/core/target/dependency/byte-buddy-agent-1.9.3.jar:/var/benchmarks/projects/seata/core/target/dependency/assertj-core-2.6.0.jar:/var/benchmarks/projects/seata/core/target/dependency/seata-common-0.5.0.jar:/var/benchmarks/projects/seata/core/target/dependency/byte-buddy-1.9.3.jar:/var/benchmarks/projects/seata/core/target/dependency/objenesis-2.6.jar:/var/benchmarks/projects/seata/core/target/dependency/seata-discovery-core-0.5.0.jar:/var/benchmarks/projects/seata/core/target/dependency/commons-pool2-2.4.2.jar:/var/benchmarks/projects/seata/core/target/dependency/junit-4.12.jar:/var/benchmarks/projects/seata/core/target/dependency/hamcrest-core-1.3.jar:/var/benchmarks/projects/seata/core/target/dependency/slf4j-api-1.7.22.jar:/var/benchmarks/projects/seata/core/target/dependency/seata-config-core-0.5.0.jar:/var/benchmarks/projects/seata/core/target/dependency/netty-all-4.1.24.Final.jar:/var/benchmarks/projects/seata/core/target/dependency/commons-lang-2.6.jar:/var/benchmarks/projects/seata/core/target/dependency/fastjson-1.2.48.jar:/var/benchmarks/projects/seata/core/target/dependency/config-1.2.1.jar:/var/benchmarks/projects/seata/core/target/dependency/commons-pool-1.6.jar:/usr/local/bin/lib/junit.jar:/usr/local/bin/lib/hamcrest-core.jar:/home/utbot_mocks/results_utbot-mocks_120/SEATA-16_2/temp/testcases/bin
Running the tests: [SBSTDummyForCoverageAndMutationCalculation, io.seata.core.store.StoreModeTest]
Executions terminated
Failure: [testStoreMode1(io.seata.core.store.StoreModeTest): Cannot reflectively create enum objects]
Failing Tests: testStoreMode1(io.seata.core.store.StoreModeTest)
java.lang.IllegalArgumentException: Cannot reflectively create enum objects
	at java.lang.reflect.Constructor.newInstance(Constructor.java:417)
	at io.seata.core.store.StoreModeTest.testStoreMode1(StoreModeTest.java:165)
	at sun.reflect.NativeMethodAccessorImpl.invoke0(Native Method)
	at sun.reflect.NativeMethodAccessorImpl.invoke(NativeMethodAccessorImpl.java:62)
	at sun.reflect.DelegatingMethodAccessorImpl.invoke(DelegatingMethodAccessorImpl.java:43)
	at java.lang.reflect.Method.invoke(Method.java:498)
	at org.junit.runners.model.FrameworkMethod$1.runReflectiveCall(FrameworkMethod.java:47)
	at org.junit.internal.runners.model.ReflectiveCallable.run(ReflectiveCallable.java:12)
	at org.junit.runners.model.FrameworkMethod.invokeExplosively(FrameworkMethod.java:44)
	at org.junit.internal.runners.statements.InvokeMethod.evaluate(InvokeMethod.java:17)
	at org.junit.internal.runners.statements.FailOnTimeout$StatementThread.run(FailOnTimeout.java:74)


---The tests are re-executed other four times to find the flaky ones---
Running the tests: [SBSTDummyForCoverageAndMutationCalculation, io.seata.core.store.StoreModeTest]
Executions terminated
Running the tests: [SBSTDummyForCoverageAndMutationCalculation, io.seata.core.store.StoreModeTest]
Failure: [testStoreMode1(io.seata.core.store.StoreModeTest): Cannot reflectively create enum objects]
Failing Tests: testStoreMode1(io.seata.core.store.StoreModeTest)
java.lang.IllegalArgumentException: Cannot reflectively create enum objects
	at java.lang.reflect.Constructor.newInstance(Constructor.java:417)
	at io.seata.core.store.StoreModeTest.testStoreMode1(StoreModeTest.java:165)
	at sun.reflect.NativeMethodAccessorImpl.invoke0(Native Method)
	at sun.reflect.NativeMethodAccessorImpl.invoke(NativeMethodAccessorImpl.java:62)
	at sun.reflect.DelegatingMethodAccessorImpl.invoke(DelegatingMethodAccessorImpl.java:43)
	at java.lang.reflect.Method.invoke(Method.java:498)
	at org.junit.runners.model.FrameworkMethod$1.runReflectiveCall(FrameworkMethod.java:47)
	at org.junit.internal.runners.model.ReflectiveCallable.run(ReflectiveCallable.java:12)
	at org.junit.runners.model.FrameworkMethod.invokeExplosively(FrameworkMethod.java:44)
	at org.junit.internal.runners.statements.InvokeMethod.evaluate(InvokeMethod.java:17)
	at org.junit.internal.runners.statements.FailOnTimeout$StatementThread.run(FailOnTimeout.java:74)

Executions terminated
Running the tests: [SBSTDummyForCoverageAndMutationCalculation, io.seata.core.store.StoreModeTest]
Failure: [testStoreMode1(io.seata.core.store.StoreModeTest): Cannot reflectively create enum objects]
Failing Tests: testStoreMode1(io.seata.core.store.StoreModeTest)
java.lang.IllegalArgumentException: Cannot reflectively create enum objects
	at java.lang.reflect.Constructor.newInstance(Constructor.java:417)
	at io.seata.core.store.StoreModeTest.testStoreMode1(StoreModeTest.java:165)
	at sun.reflect.NativeMethodAccessorImpl.invoke0(Native Method)
	at sun.reflect.NativeMethodAccessorImpl.invoke(NativeMethodAccessorImpl.java:62)
	at sun.reflect.DelegatingMethodAccessorImpl.invoke(DelegatingMethodAccessorImpl.java:43)
	at java.lang.reflect.Method.invoke(Method.java:498)
	at org.junit.runners.model.FrameworkMethod$1.runReflectiveCall(FrameworkMethod.java:47)
	at org.junit.internal.runners.model.ReflectiveCallable.run(ReflectiveCallable.java:12)
	at org.junit.runners.model.FrameworkMethod.invokeExplosively(FrameworkMethod.java:44)
	at org.junit.internal.runners.statements.InvokeMethod.evaluate(InvokeMethod.java:17)
	at org.junit.internal.runners.statements.FailOnTimeout$StatementThread.run(FailOnTimeout.java:74)

Executions terminated
Failure: [testStoreMode1(io.seata.core.store.StoreModeTest): Cannot reflectively create enum objects]
Running the tests: [SBSTDummyForCoverageAndMutationCalculation, io.seata.core.store.StoreModeTest]
Failing Tests: testStoreMode1(io.seata.core.store.StoreModeTest)
java.lang.IllegalArgumentException: Cannot reflectively create enum objects
	at java.lang.reflect.Constructor.newInstance(Constructor.java:417)
	at io.seata.core.store.StoreModeTest.testStoreMode1(StoreModeTest.java:165)
	at sun.reflect.NativeMethodAccessorImpl.invoke0(Native Method)
	at sun.reflect.NativeMethodAccessorImpl.invoke(NativeMethodAccessorImpl.java:62)
	at sun.reflect.DelegatingMethodAccessorImpl.invoke(DelegatingMethodAccessorImpl.java:43)
	at java.lang.reflect.Method.invoke(Method.java:498)
	at org.junit.runners.model.FrameworkMethod$1.runReflectiveCall(FrameworkMethod.java:47)
	at org.junit.internal.runners.model.ReflectiveCallable.run(ReflectiveCallable.java:12)
	at org.junit.runners.model.FrameworkMethod.invokeExplosively(FrameworkMethod.java:44)
	at org.junit.internal.runners.statements.InvokeMethod.evaluate(InvokeMethod.java:17)
	at org.junit.internal.runners.statements.FailOnTimeout$StatementThread.run(FailOnTimeout.java:74)

Executions terminated
Failure: [testStoreMode1(io.seata.core.store.StoreModeTest): Cannot reflectively create enum objects]
Failing Tests: testStoreMode1(io.seata.core.store.StoreModeTest)
java.lang.IllegalArgumentException: Cannot reflectively create enum objects
	at java.lang.reflect.Constructor.newInstance(Constructor.java:417)
	at io.seata.core.store.StoreModeTest.testStoreMode1(StoreModeTest.java:165)
	at sun.reflect.NativeMethodAccessorImpl.invoke0(Native Method)
	at sun.reflect.NativeMethodAccessorImpl.invoke(NativeMethodAccessorImpl.java:62)
	at sun.reflect.DelegatingMethodAccessorImpl.invoke(DelegatingMethodAccessorImpl.java:43)
	at java.lang.reflect.Method.invoke(Method.java:498)
	at org.junit.runners.model.FrameworkMethod$1.runReflectiveCall(FrameworkMethod.java:47)
	at org.junit.internal.runners.model.ReflectiveCallable.run(ReflectiveCallable.java:12)
	at org.junit.runners.model.FrameworkMethod.invokeExplosively(FrameworkMethod.java:44)
	at org.junit.internal.runners.statements.InvokeMethod.evaluate(InvokeMethod.java:17)
	at org.junit.internal.runners.statements.FailOnTimeout$StatementThread.run(FailOnTimeout.java:74)


=== Run Jacoco for Coverage ===
Number of instrumented file = 7313
Running tests with the following classpath: 
/home/utbot_mocks/results_utbot-mocks_120/SEATA-16_2/temp/testcases/seata-core-0.5.0_instrumented.jar:/home/utbot_mocks/results_utbot-mocks_120/SEATA-16_2/temp/testcases/mockito-core-2.23.4_instrumented.jar:/home/utbot_mocks/results_utbot-mocks_120/SEATA-16_2/temp/testcases/byte-buddy-agent-1.9.3_instrumented.jar:/home/utbot_mocks/results_utbot-mocks_120/SEATA-16_2/temp/testcases/assertj-core-2.6.0_instrumented.jar:/home/utbot_mocks/results_utbot-mocks_120/SEATA-16_2/temp/testcases/seata-common-0.5.0_instrumented.jar:/home/utbot_mocks/results_utbot-mocks_120/SEATA-16_2/temp/testcases/byte-buddy-1.9.3_instrumented.jar:/home/utbot_mocks/results_utbot-mocks_120/SEATA-16_2/temp/testcases/objenesis-2.6_instrumented.jar:/home/utbot_mocks/results_utbot-mocks_120/SEATA-16_2/temp/testcases/seata-discovery-core-0.5.0_instrumented.jar:/home/utbot_mocks/results_utbot-mocks_120/SEATA-16_2/temp/testcases/commons-pool2-2.4.2_instrumented.jar:/home/utbot_mocks/results_utbot-mocks_120/SEATA-16_2/temp/testcases/junit-4.12_instrumented.jar:/home/utbot_mocks/results_utbot-mocks_120/SEATA-16_2/temp/testcases/hamcrest-core-1.3_instrumented.jar:/home/utbot_mocks/results_utbot-mocks_120/SEATA-16_2/temp/testcases/slf4j-api-1.7.22_instrumented.jar:/home/utbot_mocks/results_utbot-mocks_120/SEATA-16_2/temp/testcases/seata-config-core-0.5.0_instrumented.jar:/home/utbot_mocks/results_utbot-mocks_120/SEATA-16_2/temp/testcases/netty-all-4.1.24.Final_instrumented.jar:/home/utbot_mocks/results_utbot-mocks_120/SEATA-16_2/temp/testcases/commons-lang-2.6_instrumented.jar:/home/utbot_mocks/results_utbot-mocks_120/SEATA-16_2/temp/testcases/fastjson-1.2.48_instrumented.jar:/home/utbot_mocks/results_utbot-mocks_120/SEATA-16_2/temp/testcases/config-1.2.1_instrumented.jar:/home/utbot_mocks/results_utbot-mocks_120/SEATA-16_2/temp/testcases/commons-pool-1.6_instrumented.jar:/usr/local/bin/lib/hamcrest-core.jar:/usr/local/bin/lib/junit.jar:/home/utbot_mocks/results_utbot-mocks_120/SEATA-16_2/temp/testcases/bin
Running the tests: [SBSTDummyForCoverageAndMutationCalculation, io.seata.core.store.StoreModeTest]
Executions terminated
Number of file with coverage information = 120
Extracted coverage data for the class io/seata/core/store/StoreMode
Number of file with coverage information = 543
Number of file with coverage information = 31
Number of file with coverage information = 740
Number of file with coverage information = 23
Number of file with coverage information = 2286
Number of file with coverage information = 43
Number of file with coverage information = 10
Number of file with coverage information = 68
Number of file with coverage information = 286
Number of file with coverage information = 45
Number of file with coverage information = 34
Number of file with coverage information = 12
Number of file with coverage information = 2528
Number of file with coverage information = 133
Number of file with coverage information = 221
Number of file with coverage information = 135
Number of file with coverage information = 55

=== Run PIT ===
Matching Jacoco with PIT: find covered mutations
Executing Mutation Analysis using 5 mutants 
Evaluating mutant -1921305793 using tests: [io.seata.core.store.StoreModeTest]

 CP : /usr/local/bin/lib/junit.jar:/usr/local/bin/lib/hamcrest-core.jar:results_utbot-mocks_120/SEATA-16_2/temp/testcases/mutated_code/SUT:/home/utbot_mocks/results_utbot-mocks_120/SEATA-16_2/temp/testcases/bin:results_utbot-mocks_120/SEATA-16_2/temp/testcases/mutated_code/CUT0

Failed test testStoreMode1(io.seata.core.store.StoreModeTest)
	 flaky test, ignore !
TestExec4MutationTask: Only some tests triggered the timeout. Kill the mutant: -1921305793
Evaluating mutant -724403259 using tests: [io.seata.core.store.StoreModeTest]

 CP : /usr/local/bin/lib/junit.jar:/usr/local/bin/lib/hamcrest-core.jar:results_utbot-mocks_120/SEATA-16_2/temp/testcases/mutated_code/SUT:/home/utbot_mocks/results_utbot-mocks_120/SEATA-16_2/temp/testcases/bin:results_utbot-mocks_120/SEATA-16_2/temp/testcases/mutated_code/CUT1

Failed test testValueof3(io.seata.core.store.StoreModeTest)
	 actual test, will stop test execution !
TestExec4MutationTask: Mutant MutationIdentifier [location=Location [clazz=io.seata.core.store.StoreMode, method=valueof, methodDesc=(Ljava/lang/String;)Lio/seata/core/store/StoreMode;], indexes=[33], mutator=org.pitest.mutationtest.engine.gregor.mutators.IncrementsMutator] killed by test (io.seata.core.store.StoreModeTest),testValueof3)
Evaluating mutant 144633639 using tests: [io.seata.core.store.StoreModeTest]

 CP : /usr/local/bin/lib/junit.jar:/usr/local/bin/lib/hamcrest-core.jar:results_utbot-mocks_120/SEATA-16_2/temp/testcases/mutated_code/SUT:/home/utbot_mocks/results_utbot-mocks_120/SEATA-16_2/temp/testcases/bin:results_utbot-mocks_120/SEATA-16_2/temp/testcases/mutated_code/CUT2

Failed test testValueof3(io.seata.core.store.StoreModeTest)
	 actual test, will stop test execution !
TestExec4MutationTask: Mutant MutationIdentifier [location=Location [clazz=io.seata.core.store.StoreMode, method=valueof, methodDesc=(Ljava/lang/String;)Lio/seata/core/store/StoreMode;], indexes=[14], mutator=org.pitest.mutationtest.engine.gregor.mutators.NegateConditionalsMutator] killed by test (io.seata.core.store.StoreModeTest),testValueof3)
Evaluating mutant -1159060701 using tests: [io.seata.core.store.StoreModeTest]

 CP : /usr/local/bin/lib/junit.jar:/usr/local/bin/lib/hamcrest-core.jar:results_utbot-mocks_120/SEATA-16_2/temp/testcases/mutated_code/SUT:/home/utbot_mocks/results_utbot-mocks_120/SEATA-16_2/temp/testcases/bin:results_utbot-mocks_120/SEATA-16_2/temp/testcases/mutated_code/CUT3

Failed test testValueof3(io.seata.core.store.StoreModeTest)
	 actual test, will stop test execution !
TestExec4MutationTask: Mutant MutationIdentifier [location=Location [clazz=io.seata.core.store.StoreMode, method=valueof, methodDesc=(Ljava/lang/String;)Lio/seata/core/store/StoreMode;], indexes=[29], mutator=org.pitest.mutationtest.engine.gregor.mutators.ReturnValsMutator] killed by test (io.seata.core.store.StoreModeTest),testValueof3)
Evaluating mutant 144644210 using tests: [io.seata.core.store.StoreModeTest]

 CP : /usr/local/bin/lib/junit.jar:/usr/local/bin/lib/hamcrest-core.jar:results_utbot-mocks_120/SEATA-16_2/temp/testcases/mutated_code/SUT:/home/utbot_mocks/results_utbot-mocks_120/SEATA-16_2/temp/testcases/bin:results_utbot-mocks_120/SEATA-16_2/temp/testcases/mutated_code/CUT4

Failed test testValueof1(io.seata.core.store.StoreModeTest)
	 actual test, will stop test execution !
TestExec4MutationTask: Mutant MutationIdentifier [location=Location [clazz=io.seata.core.store.StoreMode, method=valueof, methodDesc=(Ljava/lang/String;)Lio/seata/core/store/StoreMode;], indexes=[25], mutator=org.pitest.mutationtest.engine.gregor.mutators.NegateConditionalsMutator] killed by test (io.seata.core.store.StoreModeTest),testValueof1)
mutationResult.getState() KILLED
* Killed mutant MutationDetails [id=MutationIdentifier [location=Location [clazz=io.seata.core.store.StoreMode, method=valueof, methodDesc=(Ljava/lang/String;)Lio/seata/core/store/StoreMode;], indexes=[14], mutator=org.pitest.mutationtest.engine.gregor.mutators.ConditionalsBoundaryMutator], filename=StoreMode.java, block=1, lineNumber=43, description=changed conditional boundary, testsInOrder=[]]
* Alived mutant MutationDetails [id=MutationIdentifier [location=Location [clazz=io.seata.core.store.StoreMode, method=valueof, methodDesc=(Ljava/lang/String;)Lio/seata/core/store/StoreMode;], indexes=[14], mutator=org.pitest.mutationtest.engine.gregor.mutators.ConditionalsBoundaryMutator], filename=StoreMode.java, block=1, lineNumber=43, description=changed conditional boundary, testsInOrder=[]]
mutationResult.getState() KILLED
* Killed mutant MutationDetails [id=MutationIdentifier [location=Location [clazz=io.seata.core.store.StoreMode, method=valueof, methodDesc=(Ljava/lang/String;)Lio/seata/core/store/StoreMode;], indexes=[33], mutator=org.pitest.mutationtest.engine.gregor.mutators.IncrementsMutator], filename=StoreMode.java, block=4, lineNumber=43, description=Changed increment from 1 to -1, testsInOrder=[]]
mutationResult.getState() KILLED
* Killed mutant MutationDetails [id=MutationIdentifier [location=Location [clazz=io.seata.core.store.StoreMode, method=valueof, methodDesc=(Ljava/lang/String;)Lio/seata/core/store/StoreMode;], indexes=[14], mutator=org.pitest.mutationtest.engine.gregor.mutators.NegateConditionalsMutator], filename=StoreMode.java, block=1, lineNumber=43, description=negated conditional, testsInOrder=[]]
mutationResult.getState() KILLED
* Killed mutant MutationDetails [id=MutationIdentifier [location=Location [clazz=io.seata.core.store.StoreMode, method=valueof, methodDesc=(Ljava/lang/String;)Lio/seata/core/store/StoreMode;], indexes=[29], mutator=org.pitest.mutationtest.engine.gregor.mutators.ReturnValsMutator], filename=StoreMode.java, block=3, lineNumber=45, description=mutated return of Object value for io/seata/core/store/StoreMode::valueof to ( if (x != null) null else throw new RuntimeException ), testsInOrder=[]]
mutationResult.getState() KILLED
* Killed mutant MutationDetails [id=MutationIdentifier [location=Location [clazz=io.seata.core.store.StoreMode, method=valueof, methodDesc=(Ljava/lang/String;)Lio/seata/core/store/StoreMode;], indexes=[25], mutator=org.pitest.mutationtest.engine.gregor.mutators.NegateConditionalsMutator], filename=StoreMode.java, block=2, lineNumber=44, description=negated conditional, testsInOrder=[]]

>>> RESULTS:
	Tool name: utbot-mocks
	Benchmark: SEATA-16
	Class Under Test: io.seata.core.store.StoreMode
	Run number: 2
	Tool preparation time (ms): 6880
	Tool test cases generation time (ms): 40359
	Test cases execution time (ms): 114
	Test case number: 13
	Uncompilable Test Classes: 0
	Broken tests number: 1
	Failing tests number: 0
	Lines total: 7
	Lines covered: 7
	Lines coverage ratio (%): 100.0
	Conditions total: 4
	Conditions covered: 4
	Conditions coverage ratio (%): 100.0
	Mutants total: 5
	Mutants covered: 5
	Mutants coverage ratio (%): 100.0
	Mutants killed: 5
	Mutants killed ratio (%): 100.0
	Mutants alive: 0


Class io.seata.core.store.StoreMode ended.
Stopping process...
Tool subprocess is an instance of java.lang.UNIXProcess
Tool subprocess Id is 23584
Killing master process 23584
Executing command kill -9 23584
Execution of command kill -9 23584 finished.
Process was destroyed
