# JRE version: OpenJDK Runtime Environment (8.0_312-b07) (build 1.8.0_312-8u312-b07-0ubuntu1~20.04-b07)
# Java VM: OpenJDK 64-Bit Server VM (25.312-b07 mixed mode linux-amd64 compressed oops)
Heap:
 PSYoungGen      total 301056K, used 247833K [0x0000000670700000, 0x0000000695300000, 0x00000007c0000000)
  eden space 258048K, 96% used [0x0000000670700000,0x000000067f9065f0,0x0000000680300000)
  from space 43008K, 0% used [0x0000000680300000,0x0000000680300000,0x0000000682d00000)
  to   space 43008K, 0% used [0x0000000692900000,0x0000000692900000,0x0000000695300000)
 ParOldGen       total 474624K, used 32879K [0x00000003d1400000, 0x00000003ee380000, 0x0000000670700000)
  object space 474624K, 6% used [0x00000003d1400000,0x00000003d341be50,0x00000003ee380000)
 Metaspace       used 30053K, capacity 30324K, committed 30592K, reserved 1077248K
  class space    used 2965K, capacity 3074K, committed 3200K, reserved 1048576K
GC Heap History (4 events):
Event: 2.577 GC heap before
{Heap before GC invocations=1 (full 0):
 PSYoungGen      total 301056K, used 249875K [0x0000000670700000, 0x0000000685700000, 0x00000007c0000000)
  eden space 258048K, 96% used [0x0000000670700000,0x000000067fb04e30,0x0000000680300000)
  from space 43008K, 0% used [0x0000000682d00000,0x0000000682d00000,0x0000000685700000)
  to   space 43008K, 0% used [0x0000000680300000,0x0000000680300000,0x0000000682d00000)
 ParOldGen       total 688128K, used 0K [0x00000003d1400000, 0x00000003fb400000, 0x0000000670700000)
  object space 688128K, 0% used [0x00000003d1400000,0x00000003d1400000,0x00000003fb400000)
 Metaspace       used 20951K, capacity 21198K, committed 21296K, reserved 1069056K
  class space    used 2065K, capacity 2145K, committed 2176K, reserved 1048576K
Event: 2.613 GC heap after
Heap after GC invocations=1 (full 0):
 PSYoungGen      total 301056K, used 33544K [0x0000000670700000, 0x0000000695300000, 0x00000007c0000000)
  eden space 258048K, 0% used [0x0000000670700000,0x0000000670700000,0x0000000680300000)
  from space 43008K, 77% used [0x0000000680300000,0x00000006823c20d0,0x0000000682d00000)
  to   space 43008K, 0% used [0x0000000692900000,0x0000000692900000,0x0000000695300000)
 ParOldGen       total 688128K, used 8K [0x00000003d1400000, 0x00000003fb400000, 0x0000000670700000)
  object space 688128K, 0% used [0x00000003d1400000,0x00000003d1402000,0x00000003fb400000)
 Metaspace       used 20951K, capacity 21198K, committed 21296K, reserved 1069056K
  class space    used 2065K, capacity 2145K, committed 2176K, reserved 1048576K
}
Event: 2.613 GC heap before
{Heap before GC invocations=2 (full 1):
 PSYoungGen      total 301056K, used 33544K [0x0000000670700000, 0x0000000695300000, 0x00000007c0000000)
  eden space 258048K, 0% used [0x0000000670700000,0x0000000670700000,0x0000000680300000)
  from space 43008K, 77% used [0x0000000680300000,0x00000006823c20d0,0x0000000682d00000)
  to   space 43008K, 0% used [0x0000000692900000,0x0000000692900000,0x0000000695300000)
 ParOldGen       total 688128K, used 8K [0x00000003d1400000, 0x00000003fb400000, 0x0000000670700000)
  object space 688128K, 0% used [0x00000003d1400000,0x00000003d1402000,0x00000003fb400000)
 Metaspace       used 20951K, capacity 21198K, committed 21296K, reserved 1069056K
  class space    used 2065K, capacity 2145K, committed 2176K, reserved 1048576K
Event: 2.703 GC heap after
Heap after GC invocations=2 (full 1):
 PSYoungGen      total 301056K, used 0K [0x0000000670700000, 0x0000000695300000, 0x00000007c0000000)
  eden space 258048K, 0% used [0x0000000670700000,0x0000000670700000,0x0000000680300000)
  from space 43008K, 0% used [0x0000000680300000,0x0000000680300000,0x0000000682d00000)
  to   space 43008K, 0% used [0x0000000692900000,0x0000000692900000,0x0000000695300000)
 ParOldGen       total 474624K, used 32879K [0x00000003d1400000, 0x00000003ee380000, 0x0000000670700000)
  object space 474624K, 6% used [0x00000003d1400000,0x00000003d341be50,0x00000003ee380000)
 Metaspace       used 20951K, capacity 21198K, committed 21296K, reserved 1069056K
  class space    used 2065K, capacity 2145K, committed 2176K, reserved 1048576K
}

