Started UtBot Contest, classfileDir = /var/benchmarks/projects/guava/guava/target/classes, classpathString=/var/benchmarks/projects/guava/guava/target/classes:/var/benchmarks/projects/guava/guava/target/guava-26.0-jre.jar:/var/benchmarks/projects/./guava/guava/target/dependency/checker-qual-2.5.2.jar:/var/benchmarks/projects/guava/guava/target/dependency/error_prone_annotations-2.1.3.jar:/var/benchmarks/projects/guava/guava/target/dependency/j2objc-annotations-1.1.jar:/var/benchmarks/projects/guava/guava/target/dependency/jsr305-3.0.2.jar:/var/benchmarks/projects/guava/guava/target/dependency/animal-sniffer-annotations-1.14.jar, outputDir=/home/utbot_mocks/temp/testcases, mocks=Other classes: Mockito
17:37:34.831 | INFO  | Started: warmup: kotlin reflection :: init
17:37:34.926 | INFO  | Finished (in 0.094 sec): warmup: kotlin reflection :: init 
[INIT]
>> [RUN] com.google.common.collect.TopKSelector 120
17:37:34.936 | DEBUG | -----------------------------------------------------------------------------
17:37:34.936 | INFO  | Contest.runGeneration: Time budget: 120000 ms, Generation timeout=102000 ms, classpath=/var/benchmarks/projects/guava/guava/target/classes:/var/benchmarks/projects/guava/guava/target/guava-26.0-jre.jar:/var/benchmarks/projects/./guava/guava/target/dependency/checker-qual-2.5.2.jar:/var/benchmarks/projects/guava/guava/target/dependency/error_prone_annotations-2.1.3.jar:/var/benchmarks/projects/guava/guava/target/dependency/j2objc-annotations-1.1.jar:/var/benchmarks/projects/guava/guava/target/dependency/jsr305-3.0.2.jar:/var/benchmarks/projects/guava/guava/target/dependency/animal-sniffer-annotations-1.14.jar, methodNameFilter=null
17:37:34.938 | INFO  | ClassUnderTest[ FQN: com.google.common.collect.TopKSelector
    classfileDir: /var/benchmarks/projects/guava/guava/target/classes
    testClassSimpleName: TopKSelectorTest
    generatedTestFile: /home/utbot_mocks/temp/testcases/com/google/common/collect/TopKSelectorTest.java
    generatedTestsSourcesDir: /home/utbot_mocks/temp/testcases
]
17:37:34.965 | INFO  | Started: class com.google.common.collect.TopKSelector
17:37:34.966 | INFO  | Started: preparation class class com.google.common.collect.TopKSelector: kotlin reflection :: run
17:37:34.989 | INFO  | Finished (in 0.022 sec): preparation class class com.google.common.collect.TopKSelector: kotlin reflection :: run 
17:37:34.990 | INFO  | Started: 2nd optional soot initialization
17:37:34.991 | INFO  | Finished (in 0.001 sec): 2nd optional soot initialization 
17:37:34.999 | DEBUG |  ... 
17:37:35.010 | INFO  | Started: method com.google.common.collect.TopKSelector.offer(T)
17:37:35.011 | INFO  |  -- Remaining time budget: 101935 ms, #remaining_methods: 13, budget for method: 7841 ms, solver timeout: 1000 ms, budget for symbolic execution: 6641 ms, budget for concrete execution: 1200 ms,  -- 
17:37:35.307 | DEBUG | --new testCase collected, to generate: testCom.google.common.collect.TopKSelector.offer(T)1
17:37:35.683 | DEBUG | --new testCase collected, to generate: testCom.google.common.collect.TopKSelector.offer(T)2
17:37:36.153 | DEBUG | --new testCase collected, to generate: testCom.google.common.collect.TopKSelector.offer(T)3
17:37:36.670 | DEBUG | --new testCase collected, to generate: testCom.google.common.collect.TopKSelector.offer(T)4
17:37:36.851 | DEBUG | --new testCase collected, to generate: testCom.google.common.collect.TopKSelector.offer(T)5
17:37:37.154 | DEBUG | --new testCase collected, to generate: testCom.google.common.collect.TopKSelector.offer(T)6
17:37:39.019 | DEBUG | --new testCase collected, to generate: testCom.google.common.collect.TopKSelector.offer(T)7
17:37:39.418 | DEBUG | --new testCase collected, to generate: testCom.google.common.collect.TopKSelector.offer(T)8
17:37:40.650 | DEBUG | --new testCase collected, to generate: testCom.google.common.collect.TopKSelector.offer(T)9
17:37:41.646 | INFO  | |> Starting concrete execution for remaining state: com.google.common.collect.TopKSelector.offer(T)
17:37:42.847 | INFO  | (X) Cancelling concrete execution: com.google.common.collect.TopKSelector.offer(T)
17:37:43.000 | INFO  | Finished (in 7.990 sec): method com.google.common.collect.TopKSelector.offer(T) 
<StatsForMethod> :
	#generatedTC=9
	WITH NO EXCEPTIONS
17:37:43.046 | DEBUG |  ... 
17:37:43.046 | INFO  | Started: method com.google.common.collect.TopKSelector.partition(int, int, int)
17:37:43.047 | INFO  |  -- Remaining time budget: 93891 ms, #remaining_methods: 12, budget for method: 7824 ms, solver timeout: 1000 ms, budget for symbolic execution: 6624 ms, budget for concrete execution: 1200 ms,  -- 
17:37:43.059 | DEBUG | --new testCase collected, to generate: testCom.google.common.collect.TopKSelector.partition(int, int, int)1
17:37:43.275 | DEBUG | --new testCase collected, to generate: testCom.google.common.collect.TopKSelector.partition(int, int, int)2
17:37:43.431 | DEBUG | --new testCase collected, to generate: testCom.google.common.collect.TopKSelector.partition(int, int, int)3
17:37:43.683 | DEBUG | --new testCase collected, to generate: testCom.google.common.collect.TopKSelector.partition(int, int, int)4
17:37:43.936 | DEBUG | --new testCase collected, to generate: testCom.google.common.collect.TopKSelector.partition(int, int, int)5
17:37:45.142 | DEBUG | --new testCase collected, to generate: testCom.google.common.collect.TopKSelector.partition(int, int, int)6
17:37:47.489 | DEBUG | --new testCase collected, to generate: testCom.google.common.collect.TopKSelector.partition(int, int, int)7
17:37:47.871 | DEBUG | --new testCase collected, to generate: testCom.google.common.collect.TopKSelector.partition(int, int, int)8
17:37:48.815 | DEBUG | --new testCase collected, to generate: testCom.google.common.collect.TopKSelector.partition(int, int, int)9
17:37:49.671 | INFO  | |> Starting concrete execution for remaining state: com.google.common.collect.TopKSelector.partition(int, int, int)
17:37:49.786 | DEBUG | --new testCase collected, to generate: testCom.google.common.collect.TopKSelector.partition(int, int, int)10
17:37:50.872 | INFO  | (X) Cancelling concrete execution: com.google.common.collect.TopKSelector.partition(int, int, int)
17:37:51.561 | INFO  | Finished (in 8.514 sec): method com.google.common.collect.TopKSelector.partition(int, int, int) 
<StatsForMethod> :
	#generatedTC=10
	WITH NO EXCEPTIONS
17:37:51.708 | DEBUG |  ... 
17:37:51.709 | INFO  | Started: method com.google.common.collect.TopKSelector.offerAll(Iterable)
17:37:51.710 | INFO  |  -- Remaining time budget: 85229 ms, #remaining_methods: 11, budget for method: 7748 ms, solver timeout: 1000 ms, budget for symbolic execution: 6548 ms, budget for concrete execution: 1200 ms,  -- 
17:37:51.717 | DEBUG | --new testCase collected, to generate: testCom.google.common.collect.TopKSelector.offerAll(Iterable)1
17:37:51.835 | DEBUG | --new testCase collected, to generate: testCom.google.common.collect.TopKSelector.offerAll(Iterable)2
17:37:51.950 | ERROR | Symbolic execution FAILED
java.util.NoSuchElementException: List contains no element matching the predicate.
	at com.huawei.utbot.engine.Hierarchy.chunkIdForField(Hierarchy.kt:76) ~[utbot-junit-contest-1.0.jar:?]
	at com.huawei.utbot.engine.UtBotSymbolicEngine.createFieldOrMock(UtBotSymbolicEngine.kt:1934) ~[utbot-junit-contest-1.0.jar:?]
	at com.huawei.utbot.engine.UtBotSymbolicEngine.resolve(UtBotSymbolicEngine.kt:1745) ~[utbot-junit-contest-1.0.jar:?]
	at com.huawei.utbot.engine.UtBotSymbolicEngine.traverseAssignStmt(UtBotSymbolicEngine.kt:886) ~[utbot-junit-contest-1.0.jar:?]
	at com.huawei.utbot.engine.UtBotSymbolicEngine.traverseStmt(UtBotSymbolicEngine.kt:604) ~[utbot-junit-contest-1.0.jar:?]
	at com.huawei.utbot.engine.UtBotSymbolicEngine$traverse$1.invokeSuspend(UtBotSymbolicEngine.kt:464) [utbot-junit-contest-1.0.jar:?]
	at com.huawei.utbot.engine.UtBotSymbolicEngine$traverse$1.invoke(UtBotSymbolicEngine.kt) [utbot-junit-contest-1.0.jar:?]
	at kotlinx.coroutines.flow.SafeFlow.collectSafely(Builders.kt:61) [utbot-junit-contest-1.0.jar:?]
	at kotlinx.coroutines.flow.AbstractFlow.collect(Flow.kt:212) [utbot-junit-contest-1.0.jar:?]
	at kotlinx.coroutines.flow.FlowKt__MergeKt$flattenConcat$$inlined$unsafeFlow$1$lambda$1.emit(Collect.kt:134) [utbot-junit-contest-1.0.jar:?]
	at kotlinx.coroutines.flow.FlowKt__BuildersKt$flowOf$$inlined$unsafeFlow$1.collect(SafeCollector.common.kt:114) [utbot-junit-contest-1.0.jar:?]
	at kotlinx.coroutines.flow.FlowKt__BuildersKt$flowOf$$inlined$unsafeFlow$1$1.invokeSuspend(Unknown Source) [utbot-junit-contest-1.0.jar:?]
	at kotlin.coroutines.jvm.internal.BaseContinuationImpl.resumeWith(ContinuationImpl.kt:33) [utbot-junit-contest-1.0.jar:?]
	at kotlinx.coroutines.DispatchedTask.run(DispatchedTask.kt:106) [utbot-junit-contest-1.0.jar:?]
	at java.util.concurrent.Executors$RunnableAdapter.call(Executors.java:511) [?:1.8.0_312]
	at java.util.concurrent.FutureTask.run(FutureTask.java:266) [?:1.8.0_312]
	at java.util.concurrent.ScheduledThreadPoolExecutor$ScheduledFutureTask.access$201(ScheduledThreadPoolExecutor.java:180) [?:1.8.0_312]
	at java.util.concurrent.ScheduledThreadPoolExecutor$ScheduledFutureTask.run(ScheduledThreadPoolExecutor.java:293) [?:1.8.0_312]
	at java.util.concurrent.ThreadPoolExecutor.runWorker(ThreadPoolExecutor.java:1149) [?:1.8.0_312]
	at java.util.concurrent.ThreadPoolExecutor$Worker.run(ThreadPoolExecutor.java:624) [?:1.8.0_312]
	at java.lang.Thread.run(Thread.java:748) [?:1.8.0_312]
17:37:58.257 | INFO  | |> Starting concrete execution for remaining state: com.google.common.collect.TopKSelector.offerAll(Iterable)
17:37:59.458 | INFO  | (X) Cancelling concrete execution: com.google.common.collect.TopKSelector.offerAll(Iterable)
17:38:00.073 | INFO  | Finished (in 8.363 sec): method com.google.common.collect.TopKSelector.offerAll(Iterable) 
<StatsForMethod> :
	#generatedTC=2
	FAILED 1 time(s) with 1 different exception(s)"
17:38:00.255 | DEBUG |  ... 
17:38:00.256 | INFO  | Started: method com.google.common.collect.TopKSelector.offerAll(Iterator)
17:38:00.256 | INFO  |  -- Remaining time budget: 76681 ms, #remaining_methods: 10, budget for method: 7668 ms, solver timeout: 1000 ms, budget for symbolic execution: 6468 ms, budget for concrete execution: 1200 ms,  -- 
17:38:00.263 | DEBUG | --new testCase collected, to generate: testCom.google.common.collect.TopKSelector.offerAll(Iterator)1
17:38:00.355 | DEBUG | --new testCase collected, to generate: testCom.google.common.collect.TopKSelector.offerAll(Iterator)2
17:38:00.626 | DEBUG | --new testCase collected, to generate: testCom.google.common.collect.TopKSelector.offerAll(Iterator)3
17:38:00.760 | ERROR | Symbolic execution FAILED
java.util.NoSuchElementException: List contains no element matching the predicate.
	at com.huawei.utbot.engine.Hierarchy.chunkIdForField(Hierarchy.kt:76) ~[utbot-junit-contest-1.0.jar:?]
	at com.huawei.utbot.engine.UtBotSymbolicEngine.createFieldOrMock(UtBotSymbolicEngine.kt:1934) ~[utbot-junit-contest-1.0.jar:?]
	at com.huawei.utbot.engine.UtBotSymbolicEngine.resolve(UtBotSymbolicEngine.kt:1745) ~[utbot-junit-contest-1.0.jar:?]
	at com.huawei.utbot.engine.UtBotSymbolicEngine.traverseAssignStmt(UtBotSymbolicEngine.kt:886) ~[utbot-junit-contest-1.0.jar:?]
	at com.huawei.utbot.engine.UtBotSymbolicEngine.traverseStmt(UtBotSymbolicEngine.kt:604) ~[utbot-junit-contest-1.0.jar:?]
	at com.huawei.utbot.engine.UtBotSymbolicEngine$traverse$1.invokeSuspend(UtBotSymbolicEngine.kt:464) [utbot-junit-contest-1.0.jar:?]
	at com.huawei.utbot.engine.UtBotSymbolicEngine$traverse$1.invoke(UtBotSymbolicEngine.kt) [utbot-junit-contest-1.0.jar:?]
	at kotlinx.coroutines.flow.SafeFlow.collectSafely(Builders.kt:61) [utbot-junit-contest-1.0.jar:?]
	at kotlinx.coroutines.flow.AbstractFlow.collect(Flow.kt:212) [utbot-junit-contest-1.0.jar:?]
	at kotlinx.coroutines.flow.FlowKt__MergeKt$flattenConcat$$inlined$unsafeFlow$1$lambda$1.emit(Collect.kt:134) [utbot-junit-contest-1.0.jar:?]
	at kotlinx.coroutines.flow.FlowKt__BuildersKt$flowOf$$inlined$unsafeFlow$1.collect(SafeCollector.common.kt:114) [utbot-junit-contest-1.0.jar:?]
	at kotlinx.coroutines.flow.FlowKt__BuildersKt$flowOf$$inlined$unsafeFlow$1$1.invokeSuspend(Unknown Source) [utbot-junit-contest-1.0.jar:?]
	at kotlin.coroutines.jvm.internal.BaseContinuationImpl.resumeWith(ContinuationImpl.kt:33) [utbot-junit-contest-1.0.jar:?]
	at kotlinx.coroutines.DispatchedTask.run(DispatchedTask.kt:106) [utbot-junit-contest-1.0.jar:?]
	at java.util.concurrent.Executors$RunnableAdapter.call(Executors.java:511) [?:1.8.0_312]
	at java.util.concurrent.FutureTask.run(FutureTask.java:266) [?:1.8.0_312]
	at java.util.concurrent.ScheduledThreadPoolExecutor$ScheduledFutureTask.access$201(ScheduledThreadPoolExecutor.java:180) [?:1.8.0_312]
	at java.util.concurrent.ScheduledThreadPoolExecutor$ScheduledFutureTask.run(ScheduledThreadPoolExecutor.java:293) [?:1.8.0_312]
	at java.util.concurrent.ThreadPoolExecutor.runWorker(ThreadPoolExecutor.java:1149) [?:1.8.0_312]
	at java.util.concurrent.ThreadPoolExecutor$Worker.run(ThreadPoolExecutor.java:624) [?:1.8.0_312]
	at java.lang.Thread.run(Thread.java:748) [?:1.8.0_312]
17:38:00.950 | DEBUG | --new testCase collected, to generate: testCom.google.common.collect.TopKSelector.offerAll(Iterator)4
17:38:02.229 | DEBUG | --new testCase collected, to generate: testCom.google.common.collect.TopKSelector.offerAll(Iterator)5
17:38:03.333 | DEBUG | --new testCase collected, to generate: testCom.google.common.collect.TopKSelector.offerAll(Iterator)6
17:38:06.724 | INFO  | |> Starting concrete execution for remaining state: com.google.common.collect.TopKSelector.offerAll(Iterator)
17:38:07.925 | INFO  | (X) Cancelling concrete execution: com.google.common.collect.TopKSelector.offerAll(Iterator)
17:38:08.728 | INFO  | Finished (in 8.471 sec): method com.google.common.collect.TopKSelector.offerAll(Iterator) 
<StatsForMethod> :
	#generatedTC=6
	FAILED 1 time(s) with 1 different exception(s)"
17:38:08.892 | DEBUG |  ... 
17:38:08.893 | INFO  | Started: method com.google.common.collect.TopKSelector.topK()
17:38:08.893 | INFO  |  -- Remaining time budget: 68044 ms, #remaining_methods: 9, budget for method: 7560 ms, solver timeout: 1000 ms, budget for symbolic execution: 6360 ms, budget for concrete execution: 1200 ms,  -- 
17:38:08.899 | DEBUG | --new testCase collected, to generate: testCom.google.common.collect.TopKSelector.topK()1
17:38:09.751 | DEBUG | --new testCase collected, to generate: testCom.google.common.collect.TopKSelector.topK()2
17:38:09.874 | DEBUG | --new testCase collected, to generate: testCom.google.common.collect.TopKSelector.topK()3
17:38:15.253 | INFO  | |> Starting concrete execution for remaining state: com.google.common.collect.TopKSelector.topK()
17:38:16.454 | INFO  | (X) Cancelling concrete execution: com.google.common.collect.TopKSelector.topK()
17:38:16.566 | INFO  | Finished (in 7.673 sec): method com.google.common.collect.TopKSelector.topK() 
<StatsForMethod> :
	#generatedTC=3
	WITH NO EXCEPTIONS
17:38:16.856 | DEBUG |  ... 
17:38:16.856 | INFO  | Started: method com.google.common.collect.TopKSelector.trim()
17:38:16.857 | INFO  |  -- Remaining time budget: 60081 ms, #remaining_methods: 8, budget for method: 7510 ms, solver timeout: 1000 ms, budget for symbolic execution: 6310 ms, budget for concrete execution: 1200 ms,  -- 
17:38:16.869 | DEBUG | --new testCase collected, to generate: testCom.google.common.collect.TopKSelector.trim()1
17:38:17.782 | DEBUG | --new testCase collected, to generate: testCom.google.common.collect.TopKSelector.trim()2
17:38:18.714 | DEBUG | --new testCase collected, to generate: testCom.google.common.collect.TopKSelector.trim()3
17:38:19.680 | DEBUG | --new testCase collected, to generate: testCom.google.common.collect.TopKSelector.trim()4
17:38:23.167 | INFO  | |> Starting concrete execution for remaining state: com.google.common.collect.TopKSelector.trim()
17:38:24.369 | INFO  | (X) Cancelling concrete execution: com.google.common.collect.TopKSelector.trim()
17:38:25.182 | INFO  | Finished (in 8.325 sec): method com.google.common.collect.TopKSelector.trim() 
<StatsForMethod> :
	#generatedTC=4
	WITH NO EXCEPTIONS
17:38:25.306 | DEBUG |  ... 
17:38:25.307 | INFO  | Started: method com.google.common.collect.TopKSelector.combine(TopKSelector)
17:38:25.307 | INFO  |  -- Remaining time budget: 51630 ms, #remaining_methods: 7, budget for method: 7375 ms, solver timeout: 1000 ms, budget for symbolic execution: 6175 ms, budget for concrete execution: 1200 ms,  -- 
17:38:25.313 | DEBUG | --new testCase collected, to generate: testCom.google.common.collect.TopKSelector.combine(TopKSelector)1
17:38:25.410 | DEBUG | --new testCase collected, to generate: testCom.google.common.collect.TopKSelector.combine(TopKSelector)2
17:38:25.430 | DEBUG | --new testCase collected, to generate: testCom.google.common.collect.TopKSelector.combine(TopKSelector)3
17:38:25.762 | DEBUG | --new testCase collected, to generate: testCom.google.common.collect.TopKSelector.combine(TopKSelector)4
17:38:29.601 | DEBUG | --new testCase collected, to generate: testCom.google.common.collect.TopKSelector.combine(TopKSelector)5
17:38:31.248 | DEBUG | --new testCase collected, to generate: testCom.google.common.collect.TopKSelector.combine(TopKSelector)6
17:38:31.482 | INFO  | |> Starting concrete execution for remaining state: com.google.common.collect.TopKSelector.combine(TopKSelector)
17:38:32.049 | DEBUG | --new testCase collected, to generate: testCom.google.common.collect.TopKSelector.combine(TopKSelector)7
17:38:32.683 | INFO  | (X) Cancelling concrete execution: com.google.common.collect.TopKSelector.combine(TopKSelector)
17:38:32.770 | INFO  | Finished (in 7.463 sec): method com.google.common.collect.TopKSelector.combine(TopKSelector) 
<StatsForMethod> :
	#generatedTC=7
	WITH NO EXCEPTIONS
17:38:32.927 | DEBUG |  ... 
17:38:32.928 | INFO  | Started: method com.google.common.collect.TopKSelector.swap(int, int)
17:38:32.928 | INFO  |  -- Remaining time budget: 44009 ms, #remaining_methods: 6, budget for method: 7334 ms, solver timeout: 1000 ms, budget for symbolic execution: 6134 ms, budget for concrete execution: 1200 ms,  -- 
17:38:32.934 | DEBUG | --new testCase collected, to generate: testCom.google.common.collect.TopKSelector.swap(int, int)1
17:38:33.118 | DEBUG | --new testCase collected, to generate: testCom.google.common.collect.TopKSelector.swap(int, int)2
17:38:33.270 | DEBUG | --new testCase collected, to generate: testCom.google.common.collect.TopKSelector.swap(int, int)3
17:38:33.546 | DEBUG | --new testCase collected, to generate: testCom.google.common.collect.TopKSelector.swap(int, int)4
17:38:33.773 | DEBUG | --new testCase collected, to generate: testCom.google.common.collect.TopKSelector.swap(int, int)5
17:38:34.431 | DEBUG | --new testCase collected, to generate: testCom.google.common.collect.TopKSelector.swap(int, int)6
17:38:34.432 | INFO  | Finished (in 1.503 sec): method com.google.common.collect.TopKSelector.swap(int, int) 
<StatsForMethod> :
	#generatedTC=6
	WITH NO EXCEPTIONS
17:38:34.441 | DEBUG |  ... 
17:38:34.441 | INFO  | Started: method com.google.common.collect.TopKSelector.least(int)
17:38:34.442 | INFO  |  -- Remaining time budget: 42496 ms, #remaining_methods: 5, budget for method: 8499 ms, solver timeout: 1000 ms, budget for symbolic execution: 7299 ms, budget for concrete execution: 1200 ms,  -- 
17:38:34.452 | DEBUG | --new testCase collected, to generate: testCom.google.common.collect.TopKSelector.least(int)1
17:38:35.663 | DEBUG | --new testCase collected, to generate: testCom.google.common.collect.TopKSelector.least(int)2
17:38:35.875 | DEBUG | --new testCase collected, to generate: testCom.google.common.collect.TopKSelector.least(int)3
17:38:36.082 | DEBUG | --new testCase collected, to generate: testCom.google.common.collect.TopKSelector.least(int)4
17:38:36.092 | INFO  | Finished (in 1.650 sec): method com.google.common.collect.TopKSelector.least(int) 
<StatsForMethod> :
	#generatedTC=4
	WITH NO EXCEPTIONS
17:38:36.140 | DEBUG |  ... 
17:38:36.141 | INFO  | Started: method com.google.common.collect.TopKSelector.least(int, Comparator)
17:38:36.141 | INFO  |  -- Remaining time budget: 40796 ms, #remaining_methods: 4, budget for method: 10199 ms, solver timeout: 1000 ms, budget for symbolic execution: 8999 ms, budget for concrete execution: 1200 ms,  -- 
17:38:36.146 | DEBUG | --new testCase collected, to generate: testCom.google.common.collect.TopKSelector.least(int, Comparator)1
17:38:37.075 | DEBUG | --new testCase collected, to generate: testCom.google.common.collect.TopKSelector.least(int, Comparator)2
17:38:37.230 | DEBUG | --new testCase collected, to generate: testCom.google.common.collect.TopKSelector.least(int, Comparator)3
17:38:37.310 | DEBUG | --new testCase collected, to generate: testCom.google.common.collect.TopKSelector.least(int, Comparator)4
17:38:37.387 | DEBUG | --new testCase collected, to generate: testCom.google.common.collect.TopKSelector.least(int, Comparator)5
17:38:37.392 | INFO  | Finished (in 1.251 sec): method com.google.common.collect.TopKSelector.least(int, Comparator) 
<StatsForMethod> :
	#generatedTC=5
	WITH NO EXCEPTIONS
17:38:37.421 | DEBUG |  ... 
17:38:37.422 | INFO  | Started: method com.google.common.collect.TopKSelector.greatest(int, Comparator)
17:38:37.422 | INFO  |  -- Remaining time budget: 39515 ms, #remaining_methods: 3, budget for method: 13171 ms, solver timeout: 1000 ms, budget for symbolic execution: 11971 ms, budget for concrete execution: 1200 ms,  -- 
17:38:37.428 | DEBUG | --new testCase collected, to generate: testCom.google.common.collect.TopKSelector.greatest(int, Comparator)1
17:38:37.478 | DEBUG | --new testCase collected, to generate: testCom.google.common.collect.TopKSelector.greatest(int, Comparator)2
17:38:38.459 | DEBUG | --new testCase collected, to generate: testCom.google.common.collect.TopKSelector.greatest(int, Comparator)3
17:38:38.543 | DEBUG | --new testCase collected, to generate: testCom.google.common.collect.TopKSelector.greatest(int, Comparator)4
17:38:38.651 | DEBUG | --new testCase collected, to generate: testCom.google.common.collect.TopKSelector.greatest(int, Comparator)5
17:38:38.656 | INFO  | Finished (in 1.234 sec): method com.google.common.collect.TopKSelector.greatest(int, Comparator) 
<StatsForMethod> :
	#generatedTC=5
	WITH NO EXCEPTIONS
17:38:38.687 | DEBUG |  ... 
17:38:38.688 | INFO  | Started: method com.google.common.collect.TopKSelector.greatest(int)
17:38:38.688 | INFO  |  -- Remaining time budget: 38250 ms, #remaining_methods: 2, budget for method: 19125 ms, solver timeout: 1000 ms, budget for symbolic execution: 17925 ms, budget for concrete execution: 1200 ms,  -- 
17:38:38.694 | DEBUG | --new testCase collected, to generate: testCom.google.common.collect.TopKSelector.greatest(int)1
17:38:39.961 | DEBUG | --new testCase collected, to generate: testCom.google.common.collect.TopKSelector.greatest(int)2
17:38:40.041 | DEBUG | --new testCase collected, to generate: testCom.google.common.collect.TopKSelector.greatest(int)3
17:38:40.252 | DEBUG | --new testCase collected, to generate: testCom.google.common.collect.TopKSelector.greatest(int)4
17:38:40.262 | INFO  | Finished (in 1.574 sec): method com.google.common.collect.TopKSelector.greatest(int) 
<StatsForMethod> :
	#generatedTC=4
	WITH NO EXCEPTIONS
17:38:40.309 | DEBUG |  ... 
17:38:40.309 | INFO  | Started: method com.google.common.collect.TopKSelector.<init>(Comparator, int)
17:38:40.309 | INFO  |  -- Remaining time budget: 36628 ms, #remaining_methods: 1, budget for method: 36628 ms, solver timeout: 1000 ms, budget for symbolic execution: 35428 ms, budget for concrete execution: 1200 ms,  -- 
17:38:40.315 | DEBUG | --new testCase collected, to generate: testCom.google.common.collect.TopKSelector.<init>(Comparator, int)1
17:38:40.574 | DEBUG | --new testCase collected, to generate: testCom.google.common.collect.TopKSelector.<init>(Comparator, int)2
17:38:41.040 | DEBUG | --new testCase collected, to generate: testCom.google.common.collect.TopKSelector.<init>(Comparator, int)3
17:38:41.055 | DEBUG | --new testCase collected, to generate: testCom.google.common.collect.TopKSelector.<init>(Comparator, int)4
17:38:41.061 | INFO  | Finished (in 0.752 sec): method com.google.common.collect.TopKSelector.<init>(Comparator, int) 
<StatsForMethod> :
	#generatedTC=4
	WITH NO EXCEPTIONS
17:38:41.068 | INFO  | Started: Flushing tests for [TopKSelector] on disk
17:38:42.122 | INFO  | File size for TopKSelectorTest: 83 KB
17:38:42.124 | INFO  | Finished (in 1.056 sec): Flushing tests for [TopKSelector] on disk 
17:38:42.124 | INFO  | Finished (in 67.158 sec): class com.google.common.collect.TopKSelector 
<StatsForClass> :
	canceled by timeout = false
	#methods = 13, 
	#methods started symbolic exploration = 13
	#methods with at least one TC = 13
	#methods with exceptions = 2
	#generated TC = 69
	#coverage = null
[READY]
