Started UtBot Contest, classfileDir = /var/benchmarks/projects/guava/guava/target/classes, classpathString=/var/benchmarks/projects/guava/guava/target/classes:/var/benchmarks/projects/guava/guava/target/guava-26.0-jre.jar:/var/benchmarks/projects/./guava/guava/target/dependency/checker-qual-2.5.2.jar:/var/benchmarks/projects/guava/guava/target/dependency/error_prone_annotations-2.1.3.jar:/var/benchmarks/projects/guava/guava/target/dependency/j2objc-annotations-1.1.jar:/var/benchmarks/projects/guava/guava/target/dependency/jsr305-3.0.2.jar:/var/benchmarks/projects/guava/guava/target/dependency/animal-sniffer-annotations-1.14.jar, outputDir=/home/utbot_mocks/temp/testcases, mocks=Other classes: Mockito
14:11:58.447 | INFO  | Started: warmup: kotlin reflection :: init
14:11:58.525 | INFO  | Finished (in 0.078 sec): warmup: kotlin reflection :: init 
[INIT]
>> [RUN] com.google.common.primitives.Booleans 30
14:11:58.537 | DEBUG | -----------------------------------------------------------------------------
14:11:58.538 | INFO  | Contest.runGeneration: Time budget: 30000 ms, Generation timeout=25500 ms, classpath=/var/benchmarks/projects/guava/guava/target/classes:/var/benchmarks/projects/guava/guava/target/guava-26.0-jre.jar:/var/benchmarks/projects/./guava/guava/target/dependency/checker-qual-2.5.2.jar:/var/benchmarks/projects/guava/guava/target/dependency/error_prone_annotations-2.1.3.jar:/var/benchmarks/projects/guava/guava/target/dependency/j2objc-annotations-1.1.jar:/var/benchmarks/projects/guava/guava/target/dependency/jsr305-3.0.2.jar:/var/benchmarks/projects/guava/guava/target/dependency/animal-sniffer-annotations-1.14.jar, methodNameFilter=null
14:11:58.540 | INFO  | ClassUnderTest[ FQN: com.google.common.primitives.Booleans
    classfileDir: /var/benchmarks/projects/guava/guava/target/classes
    testClassSimpleName: BooleansTest
    generatedTestFile: /home/utbot_mocks/temp/testcases/com/google/common/primitives/BooleansTest.java
    generatedTestsSourcesDir: /home/utbot_mocks/temp/testcases
]
14:11:58.562 | INFO  | Started: class com.google.common.primitives.Booleans
14:11:58.563 | INFO  | Started: preparation class class com.google.common.primitives.Booleans: kotlin reflection :: run
14:11:58.976 | INFO  | Finished (in 0.412 sec): preparation class class com.google.common.primitives.Booleans: kotlin reflection :: run 
14:11:58.977 | INFO  | Started: 2nd optional soot initialization
14:11:58.978 | INFO  | Finished (in 0.001 sec): 2nd optional soot initialization 
14:11:58.986 | DEBUG |  ... 
14:11:58.992 | INFO  | Started: method com.google.common.primitives.Booleans.falseFirst()
14:11:58.993 | INFO  |  -- Remaining time budget: 25050 ms, #remaining_methods: 44, budget for method: 569 ms, solver timeout: 284 ms, budget for symbolic execution: 285 ms, budget for concrete execution: 284 ms,  -- 
14:11:59.277 | INFO  | |> Starting concrete execution for remaining state: com.google.common.primitives.Booleans.falseFirst()
14:11:59.300 | DEBUG | --new testCase collected, to generate: testCom.google.common.primitives.Booleans.falseFirst()1
14:12:00.048 | INFO  | (X) Cancelling concrete execution: com.google.common.primitives.Booleans.falseFirst()
14:12:00.056 | INFO  | Finished (in 1.063 sec): method com.google.common.primitives.Booleans.falseFirst() 
<StatsForMethod> :
	#generatedTC=1
	WITH NO EXCEPTIONS
14:12:00.060 | DEBUG |  ... 
14:12:00.061 | INFO  | Started: method com.google.common.primitives.Booleans.trueFirst()
14:12:00.061 | INFO  |  -- Remaining time budget: 23977 ms, #remaining_methods: 43, budget for method: 557 ms, solver timeout: 278 ms, budget for symbolic execution: 279 ms, budget for concrete execution: 278 ms,  -- 
14:12:00.067 | DEBUG | --new testCase collected, to generate: testCom.google.common.primitives.Booleans.trueFirst()1
14:12:00.340 | INFO  | |> Starting concrete execution for remaining state: com.google.common.primitives.Booleans.trueFirst()
14:12:00.435 | DEBUG | --new testCase collected, to generate: testCom.google.common.primitives.Booleans.trueFirst()2
14:12:00.435 | INFO  | Finished (in 0.374 sec): method com.google.common.primitives.Booleans.trueFirst() 
<StatsForMethod> :
	#generatedTC=2
	WITH NO EXCEPTIONS
14:12:00.455 | DEBUG |  ... 
14:12:00.456 | INFO  | Started: method com.google.common.primitives.Booleans.lexicographicalComparator()
14:12:00.456 | INFO  |  -- Remaining time budget: 23582 ms, #remaining_methods: 42, budget for method: 561 ms, solver timeout: 280 ms, budget for symbolic execution: 281 ms, budget for concrete execution: 280 ms,  -- 
14:12:00.463 | DEBUG | --new testCase collected, to generate: testCom.google.common.primitives.Booleans.lexicographicalComparator()1
14:12:00.590 | DEBUG | --new testCase collected, to generate: testCom.google.common.primitives.Booleans.lexicographicalComparator()2
14:12:00.590 | INFO  | Finished (in 0.134 sec): method com.google.common.primitives.Booleans.lexicographicalComparator() 
<StatsForMethod> :
	#generatedTC=2
	WITH NO EXCEPTIONS
14:12:00.607 | DEBUG |  ... 
14:12:00.611 | INFO  | Started: method com.google.common.primitives.Booleans.countTrue(boolean[])
14:12:00.611 | INFO  |  -- Remaining time budget: 23431 ms, #remaining_methods: 41, budget for method: 571 ms, solver timeout: 285 ms, budget for symbolic execution: 286 ms, budget for concrete execution: 285 ms,  -- 
14:12:00.619 | DEBUG | --new testCase collected, to generate: testCom.google.common.primitives.Booleans.countTrue(boolean[])1
14:12:00.647 | DEBUG | --new testCase collected, to generate: testCom.google.common.primitives.Booleans.countTrue(boolean[])2
14:12:00.700 | DEBUG | --new testCase collected, to generate: testCom.google.common.primitives.Booleans.countTrue(boolean[])3
14:12:00.729 | DEBUG | --new testCase collected, to generate: testCom.google.common.primitives.Booleans.countTrue(boolean[])4
14:12:00.737 | DEBUG | --new testCase collected, to generate: testCom.google.common.primitives.Booleans.countTrue(boolean[])5
14:12:00.737 | INFO  | Finished (in 0.126 sec): method com.google.common.primitives.Booleans.countTrue(boolean[]) 
<StatsForMethod> :
	#generatedTC=5
	WITH NO EXCEPTIONS
14:12:00.739 | DEBUG |  ... 
14:12:00.739 | INFO  | Started: method com.google.common.primitives.Booleans.hashCode(boolean)
14:12:00.739 | INFO  |  -- Remaining time budget: 23299 ms, #remaining_methods: 40, budget for method: 582 ms, solver timeout: 291 ms, budget for symbolic execution: 291 ms, budget for concrete execution: 291 ms,  -- 
14:12:00.745 | DEBUG | --new testCase collected, to generate: testCom.google.common.primitives.Booleans.hashCode(boolean)1
14:12:00.780 | DEBUG | --new testCase collected, to generate: testCom.google.common.primitives.Booleans.hashCode(boolean)2
14:12:00.785 | DEBUG | --new testCase collected, to generate: testCom.google.common.primitives.Booleans.hashCode(boolean)3
14:12:00.785 | INFO  | Finished (in 0.046 sec): method com.google.common.primitives.Booleans.hashCode(boolean) 
<StatsForMethod> :
	#generatedTC=3
	WITH NO EXCEPTIONS
14:12:00.786 | DEBUG |  ... 
14:12:00.787 | INFO  | Started: method com.google.common.primitives.Booleans.indexOf(boolean[], boolean[])
14:12:00.787 | INFO  |  -- Remaining time budget: 23251 ms, #remaining_methods: 39, budget for method: 596 ms, solver timeout: 298 ms, budget for symbolic execution: 298 ms, budget for concrete execution: 298 ms,  -- 
14:12:00.801 | DEBUG | --new testCase collected, to generate: testCom.google.common.primitives.Booleans.indexOf(boolean[], boolean[])1
14:12:01.085 | INFO  | |> Starting concrete execution for remaining state: com.google.common.primitives.Booleans.indexOf(boolean[], boolean[])
14:12:01.125 | DEBUG | --new testCase collected, to generate: testCom.google.common.primitives.Booleans.indexOf(boolean[], boolean[])2
14:12:01.286 | DEBUG | --new testCase collected, to generate: testCom.google.common.primitives.Booleans.indexOf(boolean[], boolean[])3
14:12:01.384 | INFO  | (X) Cancelling concrete execution: com.google.common.primitives.Booleans.indexOf(boolean[], boolean[])
14:12:01.435 | INFO  | Finished (in 0.647 sec): method com.google.common.primitives.Booleans.indexOf(boolean[], boolean[]) 
<StatsForMethod> :
	#generatedTC=3
	WITH NO EXCEPTIONS
14:12:01.436 | DEBUG |  ... 
14:12:01.437 | INFO  | Started: method com.google.common.primitives.Booleans.indexOf(boolean[], boolean, int, int)
14:12:01.437 | INFO  |  -- Remaining time budget: 22602 ms, #remaining_methods: 38, budget for method: 594 ms, solver timeout: 297 ms, budget for symbolic execution: 297 ms, budget for concrete execution: 297 ms,  -- 
14:12:01.443 | DEBUG | --new testCase collected, to generate: testCom.google.common.primitives.Booleans.indexOf(boolean[], boolean, int, int)1
14:12:01.484 | DEBUG | --new testCase collected, to generate: testCom.google.common.primitives.Booleans.indexOf(boolean[], boolean, int, int)2
14:12:01.504 | DEBUG | --new testCase collected, to generate: testCom.google.common.primitives.Booleans.indexOf(boolean[], boolean, int, int)3
14:12:01.524 | DEBUG | --new testCase collected, to generate: testCom.google.common.primitives.Booleans.indexOf(boolean[], boolean, int, int)4
14:12:01.545 | DEBUG | --new testCase collected, to generate: testCom.google.common.primitives.Booleans.indexOf(boolean[], boolean, int, int)5
14:12:01.566 | DEBUG | --new testCase collected, to generate: testCom.google.common.primitives.Booleans.indexOf(boolean[], boolean, int, int)6
14:12:01.574 | DEBUG | --new testCase collected, to generate: testCom.google.common.primitives.Booleans.indexOf(boolean[], boolean, int, int)7
14:12:01.574 | INFO  | Finished (in 0.138 sec): method com.google.common.primitives.Booleans.indexOf(boolean[], boolean, int, int) 
<StatsForMethod> :
	#generatedTC=7
	WITH NO EXCEPTIONS
14:12:01.575 | DEBUG |  ... 
14:12:01.576 | INFO  | Started: method com.google.common.primitives.Booleans.indexOf(boolean[], boolean)
14:12:01.576 | INFO  |  -- Remaining time budget: 22462 ms, #remaining_methods: 37, budget for method: 607 ms, solver timeout: 303 ms, budget for symbolic execution: 304 ms, budget for concrete execution: 303 ms,  -- 
14:12:01.582 | DEBUG | --new testCase collected, to generate: testCom.google.common.primitives.Booleans.indexOf(boolean[], boolean)1
14:12:01.603 | DEBUG | --new testCase collected, to generate: testCom.google.common.primitives.Booleans.indexOf(boolean[], boolean)2
14:12:01.664 | DEBUG | --new testCase collected, to generate: testCom.google.common.primitives.Booleans.indexOf(boolean[], boolean)3
14:12:01.686 | DEBUG | --new testCase collected, to generate: testCom.google.common.primitives.Booleans.indexOf(boolean[], boolean)4
14:12:01.689 | INFO  | Finished (in 0.113 sec): method com.google.common.primitives.Booleans.indexOf(boolean[], boolean) 
<StatsForMethod> :
	#generatedTC=4
	WITH NO EXCEPTIONS
14:12:01.692 | DEBUG |  ... 
14:12:01.693 | INFO  | Started: method com.google.common.primitives.Booleans.lastIndexOf(boolean[], boolean, int, int)
14:12:01.693 | INFO  |  -- Remaining time budget: 22345 ms, #remaining_methods: 36, budget for method: 620 ms, solver timeout: 310 ms, budget for symbolic execution: 310 ms, budget for concrete execution: 310 ms,  -- 
14:12:01.702 | DEBUG | --new testCase collected, to generate: testCom.google.common.primitives.Booleans.lastIndexOf(boolean[], boolean, int, int)1
14:12:01.743 | DEBUG | --new testCase collected, to generate: testCom.google.common.primitives.Booleans.lastIndexOf(boolean[], boolean, int, int)2
14:12:01.763 | DEBUG | --new testCase collected, to generate: testCom.google.common.primitives.Booleans.lastIndexOf(boolean[], boolean, int, int)3
14:12:01.784 | DEBUG | --new testCase collected, to generate: testCom.google.common.primitives.Booleans.lastIndexOf(boolean[], boolean, int, int)4
14:12:01.806 | DEBUG | --new testCase collected, to generate: testCom.google.common.primitives.Booleans.lastIndexOf(boolean[], boolean, int, int)5
14:12:01.827 | DEBUG | --new testCase collected, to generate: testCom.google.common.primitives.Booleans.lastIndexOf(boolean[], boolean, int, int)6
14:12:01.838 | DEBUG | --new testCase collected, to generate: testCom.google.common.primitives.Booleans.lastIndexOf(boolean[], boolean, int, int)7
14:12:01.838 | INFO  | Finished (in 0.145 sec): method com.google.common.primitives.Booleans.lastIndexOf(boolean[], boolean, int, int) 
<StatsForMethod> :
	#generatedTC=7
	WITH NO EXCEPTIONS
14:12:01.840 | DEBUG |  ... 
14:12:01.840 | INFO  | Started: method com.google.common.primitives.Booleans.lastIndexOf(boolean[], boolean)
14:12:01.840 | INFO  |  -- Remaining time budget: 22198 ms, #remaining_methods: 35, budget for method: 634 ms, solver timeout: 317 ms, budget for symbolic execution: 317 ms, budget for concrete execution: 317 ms,  -- 
14:12:01.846 | DEBUG | --new testCase collected, to generate: testCom.google.common.primitives.Booleans.lastIndexOf(boolean[], boolean)1
14:12:01.869 | DEBUG | --new testCase collected, to generate: testCom.google.common.primitives.Booleans.lastIndexOf(boolean[], boolean)2
14:12:01.955 | DEBUG | --new testCase collected, to generate: testCom.google.common.primitives.Booleans.lastIndexOf(boolean[], boolean)3
14:12:01.974 | DEBUG | --new testCase collected, to generate: testCom.google.common.primitives.Booleans.lastIndexOf(boolean[], boolean)4
14:12:01.996 | DEBUG | --new testCase collected, to generate: testCom.google.common.primitives.Booleans.lastIndexOf(boolean[], boolean)5
14:12:01.996 | INFO  | Finished (in 0.156 sec): method com.google.common.primitives.Booleans.lastIndexOf(boolean[], boolean) 
<StatsForMethod> :
	#generatedTC=5
	WITH NO EXCEPTIONS
14:12:02.002 | DEBUG |  ... 
14:12:02.002 | INFO  | Started: method com.google.common.primitives.Booleans.concat(boolean[][])
14:12:02.002 | INFO  |  -- Remaining time budget: 22036 ms, #remaining_methods: 34, budget for method: 648 ms, solver timeout: 324 ms, budget for symbolic execution: 324 ms, budget for concrete execution: 324 ms,  -- 
14:12:02.013 | DEBUG | --new testCase collected, to generate: testCom.google.common.primitives.Booleans.concat(boolean[][])1
14:12:02.037 | DEBUG | --new testCase collected, to generate: testCom.google.common.primitives.Booleans.concat(boolean[][])2
14:12:02.084 | DEBUG | --new testCase collected, to generate: testCom.google.common.primitives.Booleans.concat(boolean[][])3
14:12:02.091 | DEBUG | --new testCase collected, to generate: testCom.google.common.primitives.Booleans.concat(boolean[][])4
14:12:02.261 | DEBUG | --new testCase collected, to generate: testCom.google.common.primitives.Booleans.concat(boolean[][])5
14:12:02.265 | INFO  | Finished (in 0.262 sec): method com.google.common.primitives.Booleans.concat(boolean[][]) 
<StatsForMethod> :
	#generatedTC=5
	WITH NO EXCEPTIONS
14:12:02.270 | DEBUG |  ... 
14:12:02.270 | INFO  | Started: method com.google.common.primitives.Booleans.contains(boolean[], boolean)
14:12:02.270 | INFO  |  -- Remaining time budget: 21768 ms, #remaining_methods: 33, budget for method: 659 ms, solver timeout: 329 ms, budget for symbolic execution: 330 ms, budget for concrete execution: 329 ms,  -- 
14:12:02.275 | DEBUG | --new testCase collected, to generate: testCom.google.common.primitives.Booleans.contains(boolean[], boolean)1
14:12:02.296 | DEBUG | --new testCase collected, to generate: testCom.google.common.primitives.Booleans.contains(boolean[], boolean)2
14:12:02.343 | DEBUG | --new testCase collected, to generate: testCom.google.common.primitives.Booleans.contains(boolean[], boolean)3
14:12:02.362 | DEBUG | --new testCase collected, to generate: testCom.google.common.primitives.Booleans.contains(boolean[], boolean)4
14:12:02.370 | DEBUG | --new testCase collected, to generate: testCom.google.common.primitives.Booleans.contains(boolean[], boolean)5
14:12:02.370 | INFO  | Finished (in 0.100 sec): method com.google.common.primitives.Booleans.contains(boolean[], boolean) 
<StatsForMethod> :
	#generatedTC=5
	WITH NO EXCEPTIONS
14:12:02.371 | DEBUG |  ... 
14:12:02.371 | INFO  | Started: method com.google.common.primitives.Booleans.join(String, boolean[])
14:12:02.372 | INFO  |  -- Remaining time budget: 21667 ms, #remaining_methods: 32, budget for method: 677 ms, solver timeout: 338 ms, budget for symbolic execution: 339 ms, budget for concrete execution: 338 ms,  -- 
14:12:02.391 | DEBUG | --new testCase collected, to generate: testCom.google.common.primitives.Booleans.join(String, boolean[])1
14:12:02.544 | DEBUG | --new testCase collected, to generate: testCom.google.common.primitives.Booleans.join(String, boolean[])2
14:12:02.641 | DEBUG | --new testCase collected, to generate: testCom.google.common.primitives.Booleans.join(String, boolean[])3
14:12:02.711 | INFO  | |> Starting concrete execution for remaining state: com.google.common.primitives.Booleans.join(String, boolean[])
14:12:03.050 | INFO  | (X) Cancelling concrete execution: com.google.common.primitives.Booleans.join(String, boolean[])
14:12:03.066 | INFO  | Finished (in 0.694 sec): method com.google.common.primitives.Booleans.join(String, boolean[]) 
<StatsForMethod> :
	#generatedTC=3
	WITH NO EXCEPTIONS
14:12:03.082 | DEBUG |  ... 
14:12:03.082 | INFO  | Started: method com.google.common.primitives.Booleans.compare(boolean, boolean)
14:12:03.082 | INFO  |  -- Remaining time budget: 20956 ms, #remaining_methods: 31, budget for method: 676 ms, solver timeout: 338 ms, budget for symbolic execution: 338 ms, budget for concrete execution: 338 ms,  -- 
14:12:03.086 | DEBUG | --new testCase collected, to generate: testCom.google.common.primitives.Booleans.compare(boolean, boolean)1
14:12:03.131 | DEBUG | --new testCase collected, to generate: testCom.google.common.primitives.Booleans.compare(boolean, boolean)2
14:12:03.135 | DEBUG | --new testCase collected, to generate: testCom.google.common.primitives.Booleans.compare(boolean, boolean)3
14:12:03.137 | DEBUG | --new testCase collected, to generate: testCom.google.common.primitives.Booleans.compare(boolean, boolean)4
14:12:03.138 | INFO  | Finished (in 0.055 sec): method com.google.common.primitives.Booleans.compare(boolean, boolean) 
<StatsForMethod> :
	#generatedTC=4
	WITH NO EXCEPTIONS
14:12:03.138 | DEBUG |  ... 
14:12:03.138 | INFO  | Started: method com.google.common.primitives.Booleans.toArray(Collection)
14:12:03.138 | INFO  |  -- Remaining time budget: 20900 ms, #remaining_methods: 30, budget for method: 696 ms, solver timeout: 348 ms, budget for symbolic execution: 348 ms, budget for concrete execution: 348 ms,  -- 
14:12:03.145 | DEBUG | --new testCase collected, to generate: testCom.google.common.primitives.Booleans.toArray(Collection)1
14:12:03.314 | DEBUG | --new testCase collected, to generate: testCom.google.common.primitives.Booleans.toArray(Collection)2
14:12:03.487 | INFO  | |> Starting concrete execution for remaining state: com.google.common.primitives.Booleans.toArray(Collection)
14:12:03.836 | INFO  | (X) Cancelling concrete execution: com.google.common.primitives.Booleans.toArray(Collection)
14:12:03.879 | INFO  | Finished (in 0.740 sec): method com.google.common.primitives.Booleans.toArray(Collection) 
<StatsForMethod> :
	#generatedTC=2
	WITH NO EXCEPTIONS
14:12:03.883 | DEBUG |  ... 
14:12:03.883 | INFO  | Started: method com.google.common.primitives.Booleans.asList(boolean[])
14:12:03.883 | INFO  |  -- Remaining time budget: 20155 ms, #remaining_methods: 29, budget for method: 695 ms, solver timeout: 347 ms, budget for symbolic execution: 348 ms, budget for concrete execution: 347 ms,  -- 
14:12:03.889 | DEBUG | --new testCase collected, to generate: testCom.google.common.primitives.Booleans.asList(boolean[])1
14:12:03.931 | DEBUG | --new testCase collected, to generate: testCom.google.common.primitives.Booleans.asList(boolean[])2
14:12:04.031 | DEBUG | --new testCase collected, to generate: testCom.google.common.primitives.Booleans.asList(boolean[])3
14:12:04.154 | DEBUG | --new testCase collected, to generate: testCom.google.common.primitives.Booleans.asList(boolean[])4
14:12:04.154 | INFO  | Finished (in 0.270 sec): method com.google.common.primitives.Booleans.asList(boolean[]) 
<StatsForMethod> :
	#generatedTC=4
	WITH NO EXCEPTIONS
14:12:04.172 | DEBUG |  ... 
14:12:04.172 | INFO  | Started: method com.google.common.primitives.Booleans.ensureCapacity(boolean[], int, int)
14:12:04.172 | INFO  |  -- Remaining time budget: 19866 ms, #remaining_methods: 28, budget for method: 709 ms, solver timeout: 354 ms, budget for symbolic execution: 355 ms, budget for concrete execution: 354 ms,  -- 
14:12:04.178 | DEBUG | --new testCase collected, to generate: testCom.google.common.primitives.Booleans.ensureCapacity(boolean[], int, int)1
14:12:04.282 | DEBUG | --new testCase collected, to generate: testCom.google.common.primitives.Booleans.ensureCapacity(boolean[], int, int)2
14:12:04.289 | DEBUG | --new testCase collected, to generate: testCom.google.common.primitives.Booleans.ensureCapacity(boolean[], int, int)3
14:12:04.333 | DEBUG | --new testCase collected, to generate: testCom.google.common.primitives.Booleans.ensureCapacity(boolean[], int, int)4
14:12:04.501 | DEBUG | --new testCase collected, to generate: testCom.google.common.primitives.Booleans.ensureCapacity(boolean[], int, int)5
14:12:04.528 | INFO  | |> Starting concrete execution for remaining state: com.google.common.primitives.Booleans.ensureCapacity(boolean[], int, int)
14:12:04.834 | DEBUG | --new testCase collected, to generate: testCom.google.common.primitives.Booleans.ensureCapacity(boolean[], int, int)6
14:12:04.840 | INFO  | Finished (in 0.667 sec): method com.google.common.primitives.Booleans.ensureCapacity(boolean[], int, int) 
<StatsForMethod> :
	#generatedTC=6
	WITH NO EXCEPTIONS
14:12:04.856 | DEBUG |  ... 
14:12:04.857 | INFO  | Started: method com.google.common.primitives.Booleans.reverse(boolean[])
14:12:04.857 | INFO  |  -- Remaining time budget: 19182 ms, #remaining_methods: 27, budget for method: 710 ms, solver timeout: 355 ms, budget for symbolic execution: 355 ms, budget for concrete execution: 355 ms,  -- 
14:12:04.865 | DEBUG | --new testCase collected, to generate: testCom.google.common.primitives.Booleans.reverse(boolean[])1
14:12:04.994 | DEBUG | --new testCase collected, to generate: testCom.google.common.primitives.Booleans.reverse(boolean[])2
14:12:05.212 | INFO  | |> Starting concrete execution for remaining state: com.google.common.primitives.Booleans.reverse(boolean[])
14:12:05.520 | DEBUG | --new testCase collected, to generate: testCom.google.common.primitives.Booleans.reverse(boolean[])3
14:12:05.568 | INFO  | (X) Cancelling concrete execution: com.google.common.primitives.Booleans.reverse(boolean[])
14:12:05.660 | INFO  | Finished (in 0.803 sec): method com.google.common.primitives.Booleans.reverse(boolean[]) 
<StatsForMethod> :
	#generatedTC=3
	WITH NO EXCEPTIONS
14:12:05.680 | DEBUG |  ... 
14:12:05.680 | INFO  | Started: method com.google.common.primitives.Booleans.reverse(boolean[], int, int)
14:12:05.680 | INFO  |  -- Remaining time budget: 18358 ms, #remaining_methods: 26, budget for method: 706 ms, solver timeout: 353 ms, budget for symbolic execution: 353 ms, budget for concrete execution: 353 ms,  -- 
14:12:05.685 | DEBUG | --new testCase collected, to generate: testCom.google.common.primitives.Booleans.reverse(boolean[], int, int)1
14:12:05.822 | DEBUG | --new testCase collected, to generate: testCom.google.common.primitives.Booleans.reverse(boolean[], int, int)2
14:12:05.914 | DEBUG | --new testCase collected, to generate: testCom.google.common.primitives.Booleans.reverse(boolean[], int, int)3
14:12:06.034 | INFO  | |> Starting concrete execution for remaining state: com.google.common.primitives.Booleans.reverse(boolean[], int, int)
14:12:06.085 | DEBUG | --new testCase collected, to generate: testCom.google.common.primitives.Booleans.reverse(boolean[], int, int)4
14:12:06.273 | DEBUG | --new testCase collected, to generate: testCom.google.common.primitives.Booleans.reverse(boolean[], int, int)5
14:12:06.286 | DEBUG | --new testCase collected, to generate: testCom.google.common.primitives.Booleans.reverse(boolean[], int, int)6
14:12:06.387 | INFO  | (X) Cancelling concrete execution: com.google.common.primitives.Booleans.reverse(boolean[], int, int)
14:12:06.413 | INFO  | Finished (in 0.733 sec): method com.google.common.primitives.Booleans.reverse(boolean[], int, int) 
<StatsForMethod> :
	#generatedTC=6
	WITH NO EXCEPTIONS
14:12:06.425 | DEBUG |  ... 
14:12:06.426 | INFO  | Started: method com.google.common.primitives.Booleans.<init>()
14:12:06.426 | INFO  |  -- Remaining time budget: 17612 ms, #remaining_methods: 25, budget for method: 704 ms, solver timeout: 352 ms, budget for symbolic execution: 352 ms, budget for concrete execution: 352 ms,  -- 
14:12:06.431 | DEBUG | --new testCase collected, to generate: testCom.google.common.primitives.Booleans.<init>()1
14:12:06.455 | DEBUG | --new testCase collected, to generate: testCom.google.common.primitives.Booleans.<init>()2
14:12:06.455 | INFO  | Finished (in 0.029 sec): method com.google.common.primitives.Booleans.<init>() 
<StatsForMethod> :
	#generatedTC=2
	WITH NO EXCEPTIONS
14:12:06.459 | DEBUG |  ... 
14:12:06.460 | INFO  | Started: method com.google.common.primitives.Booleans.BooleanArrayAsList.contains(Object)
14:12:06.460 | INFO  |  -- Remaining time budget: 17579 ms, #remaining_methods: 24, budget for method: 732 ms, solver timeout: 366 ms, budget for symbolic execution: 366 ms, budget for concrete execution: 366 ms,  -- 
14:12:06.470 | DEBUG | --new testCase collected, to generate: testCom.google.common.primitives.Booleans.BooleanArrayAsList.contains(Object)1
14:12:06.685 | DEBUG | --new testCase collected, to generate: testCom.google.common.primitives.Booleans.BooleanArrayAsList.contains(Object)2
14:12:06.767 | DEBUG | --new testCase collected, to generate: testCom.google.common.primitives.Booleans.BooleanArrayAsList.contains(Object)3
14:12:06.784 | DEBUG | --new testCase collected, to generate: testCom.google.common.primitives.Booleans.BooleanArrayAsList.contains(Object)4
14:12:06.785 | INFO  | Finished (in 0.325 sec): method com.google.common.primitives.Booleans.BooleanArrayAsList.contains(Object) 
<StatsForMethod> :
	#generatedTC=4
	WITH NO EXCEPTIONS
14:12:06.789 | DEBUG |  ... 
14:12:06.789 | INFO  | Started: method com.google.common.primitives.Booleans.BooleanArrayAsList.isEmpty()
14:12:06.790 | INFO  |  -- Remaining time budget: 17249 ms, #remaining_methods: 23, budget for method: 749 ms, solver timeout: 374 ms, budget for symbolic execution: 375 ms, budget for concrete execution: 374 ms,  -- 
14:12:06.794 | DEBUG | --new testCase collected, to generate: testCom.google.common.primitives.Booleans.BooleanArrayAsList.isEmpty()1
14:12:06.817 | DEBUG | --new testCase collected, to generate: testCom.google.common.primitives.Booleans.BooleanArrayAsList.isEmpty()2
14:12:06.818 | INFO  | Finished (in 0.028 sec): method com.google.common.primitives.Booleans.BooleanArrayAsList.isEmpty() 
<StatsForMethod> :
	#generatedTC=2
	WITH NO EXCEPTIONS
14:12:06.818 | DEBUG |  ... 
14:12:06.819 | INFO  | Started: method com.google.common.primitives.Booleans.BooleanArrayAsList.equals(Object)
14:12:06.819 | INFO  |  -- Remaining time budget: 17219 ms, #remaining_methods: 22, budget for method: 782 ms, solver timeout: 391 ms, budget for symbolic execution: 391 ms, budget for concrete execution: 391 ms,  -- 
14:12:06.823 | DEBUG | --new testCase collected, to generate: testCom.google.common.primitives.Booleans.BooleanArrayAsList.equals(Object)1
14:12:07.060 | DEBUG | --new testCase collected, to generate: testCom.google.common.primitives.Booleans.BooleanArrayAsList.equals(Object)2
14:12:07.210 | INFO  | |> Starting concrete execution for remaining state: com.google.common.primitives.Booleans.BooleanArrayAsList.equals(Object)
14:12:07.386 | DEBUG | --new testCase collected, to generate: testCom.google.common.primitives.Booleans.BooleanArrayAsList.equals(Object)3
14:12:07.602 | INFO  | (X) Cancelling concrete execution: com.google.common.primitives.Booleans.BooleanArrayAsList.equals(Object)
14:12:07.643 | INFO  | Finished (in 0.824 sec): method com.google.common.primitives.Booleans.BooleanArrayAsList.equals(Object) 
<StatsForMethod> :
	#generatedTC=3
	WITH NO EXCEPTIONS
14:12:07.657 | DEBUG |  ... 
14:12:07.658 | INFO  | Started: method com.google.common.primitives.Booleans.BooleanArrayAsList.hashCode()
14:12:07.658 | INFO  |  -- Remaining time budget: 16380 ms, #remaining_methods: 21, budget for method: 780 ms, solver timeout: 390 ms, budget for symbolic execution: 390 ms, budget for concrete execution: 390 ms,  -- 
14:12:07.661 | DEBUG | --new testCase collected, to generate: testCom.google.common.primitives.Booleans.BooleanArrayAsList.hashCode()1
14:12:07.688 | DEBUG | --new testCase collected, to generate: testCom.google.common.primitives.Booleans.BooleanArrayAsList.hashCode()2
14:12:07.714 | DEBUG | --new testCase collected, to generate: testCom.google.common.primitives.Booleans.BooleanArrayAsList.hashCode()3
14:12:07.735 | DEBUG | --new testCase collected, to generate: testCom.google.common.primitives.Booleans.BooleanArrayAsList.hashCode()4
14:12:07.759 | DEBUG | --new testCase collected, to generate: testCom.google.common.primitives.Booleans.BooleanArrayAsList.hashCode()5
14:12:07.760 | INFO  | Finished (in 0.102 sec): method com.google.common.primitives.Booleans.BooleanArrayAsList.hashCode() 
<StatsForMethod> :
	#generatedTC=5
	WITH NO EXCEPTIONS
14:12:07.761 | DEBUG |  ... 
14:12:07.761 | INFO  | Started: method com.google.common.primitives.Booleans.BooleanArrayAsList.toString()
14:12:07.761 | INFO  |  -- Remaining time budget: 16277 ms, #remaining_methods: 20, budget for method: 813 ms, solver timeout: 406 ms, budget for symbolic execution: 407 ms, budget for concrete execution: 406 ms,  -- 
14:12:07.769 | DEBUG | --new testCase collected, to generate: testCom.google.common.primitives.Booleans.BooleanArrayAsList.toString()1
14:12:07.855 | DEBUG | --new testCase collected, to generate: testCom.google.common.primitives.Booleans.BooleanArrayAsList.toString()2
14:12:07.876 | DEBUG | --new testCase collected, to generate: testCom.google.common.primitives.Booleans.BooleanArrayAsList.toString()3
14:12:08.134 | DEBUG | --new testCase collected, to generate: testCom.google.common.primitives.Booleans.BooleanArrayAsList.toString()4
14:12:08.168 | INFO  | |> Starting concrete execution for remaining state: com.google.common.primitives.Booleans.BooleanArrayAsList.toString()
14:12:08.385 | DEBUG | --new testCase collected, to generate: testCom.google.common.primitives.Booleans.BooleanArrayAsList.toString()5
14:12:08.575 | INFO  | (X) Cancelling concrete execution: com.google.common.primitives.Booleans.BooleanArrayAsList.toString()
14:12:08.604 | INFO  | Finished (in 0.843 sec): method com.google.common.primitives.Booleans.BooleanArrayAsList.toString() 
<StatsForMethod> :
	#generatedTC=5
	WITH NO EXCEPTIONS
14:12:08.655 | DEBUG |  ... 
14:12:08.656 | INFO  | Started: method com.google.common.primitives.Booleans.BooleanArrayAsList.set(int, Boolean)
14:12:08.656 | INFO  |  -- Remaining time budget: 15382 ms, #remaining_methods: 19, budget for method: 809 ms, solver timeout: 404 ms, budget for symbolic execution: 405 ms, budget for concrete execution: 404 ms,  -- 
14:12:08.674 | ERROR | Symbolic execution FAILED
kotlin.reflect.jvm.internal.KotlinReflectionInternalError: Could not compute caller for function: private constructor Boolean() defined in kotlin.Boolean[DeserializedClassConstructorDescriptor@38f49687] (member = null)
	at kotlin.reflect.jvm.internal.KFunctionImpl$caller$2.invoke(KFunctionImpl.kt:89) ~[utbot-junit-contest-1.0.jar:?]
	at kotlin.reflect.jvm.internal.KFunctionImpl$caller$2.invoke(KFunctionImpl.kt:36) ~[utbot-junit-contest-1.0.jar:?]
	at kotlin.reflect.jvm.internal.ReflectProperties$LazyVal.invoke(ReflectProperties.java:62) ~[utbot-junit-contest-1.0.jar:?]
	at kotlin.reflect.jvm.internal.ReflectProperties$Val.getValue(ReflectProperties.java:31) ~[utbot-junit-contest-1.0.jar:?]
	at kotlin.reflect.jvm.internal.KFunctionImpl.getCaller(KFunctionImpl.kt) ~[utbot-junit-contest-1.0.jar:?]
	at kotlin.reflect.jvm.ReflectJvmMapping.getJavaMethod(ReflectJvmMapping.kt:63) ~[utbot-junit-contest-1.0.jar:?]
	at com.huawei.utbot.framework.plugin.api.util.IdUtilKt.getExecutableId(IdUtil.kt:394) ~[utbot-junit-contest-1.0.jar:?]
	at com.huawei.utbot.engine.UtBotSymbolicEngine.createSimpleModelByKClass(UtBotSymbolicEngine.kt:587) ~[utbot-junit-contest-1.0.jar:?]
	at com.huawei.utbot.engine.UtBotSymbolicEngine.createModelByClassId(UtBotSymbolicEngine.kt:569) ~[utbot-junit-contest-1.0.jar:?]
	at com.huawei.utbot.engine.UtBotSymbolicEngine.access$createModelByClassId(UtBotSymbolicEngine.kt:245) ~[utbot-junit-contest-1.0.jar:?]
	at com.huawei.utbot.engine.UtBotSymbolicEngine$fuzzing$1.invokeSuspend(UtBotSymbolicEngine.kt:502) [utbot-junit-contest-1.0.jar:?]
	at com.huawei.utbot.engine.UtBotSymbolicEngine$fuzzing$1.invoke(UtBotSymbolicEngine.kt) [utbot-junit-contest-1.0.jar:?]
	at kotlinx.coroutines.flow.SafeFlow.collectSafely(Builders.kt:61) [utbot-junit-contest-1.0.jar:?]
	at kotlinx.coroutines.flow.AbstractFlow.collect(Flow.kt:212) [utbot-junit-contest-1.0.jar:?]
	at kotlinx.coroutines.flow.FlowKt__MergeKt$flattenConcat$$inlined$unsafeFlow$1$lambda$1.emit(Collect.kt:134) [utbot-junit-contest-1.0.jar:?]
	at kotlinx.coroutines.flow.FlowKt__BuildersKt$flowOf$$inlined$unsafeFlow$1.collect(SafeCollector.common.kt:114) [utbot-junit-contest-1.0.jar:?]
	at kotlinx.coroutines.flow.FlowKt__MergeKt$flattenConcat$$inlined$unsafeFlow$1.collect(SafeCollector.common.kt:114) [utbot-junit-contest-1.0.jar:?]
	at com.huawei.utbot.contest.ContestKt$runGeneration$1$invokeSuspend$$inlined$bracket$lambda$1$1.invokeSuspend(Contest.kt:531) [utbot-junit-contest-1.0.jar:?]
	at kotlin.coroutines.jvm.internal.BaseContinuationImpl.resumeWith(ContinuationImpl.kt:33) [utbot-junit-contest-1.0.jar:?]
	at kotlinx.coroutines.DispatchedTask.run(DispatchedTask.kt:106) [utbot-junit-contest-1.0.jar:?]
	at java.util.concurrent.Executors$RunnableAdapter.call(Executors.java:511) [?:1.8.0_312]
	at java.util.concurrent.FutureTask.run(FutureTask.java:266) [?:1.8.0_312]
	at java.util.concurrent.ScheduledThreadPoolExecutor$ScheduledFutureTask.access$201(ScheduledThreadPoolExecutor.java:180) [?:1.8.0_312]
	at java.util.concurrent.ScheduledThreadPoolExecutor$ScheduledFutureTask.run(ScheduledThreadPoolExecutor.java:293) [?:1.8.0_312]
	at java.util.concurrent.ThreadPoolExecutor.runWorker(ThreadPoolExecutor.java:1149) [?:1.8.0_312]
	at java.util.concurrent.ThreadPoolExecutor$Worker.run(ThreadPoolExecutor.java:624) [?:1.8.0_312]
	at java.lang.Thread.run(Thread.java:748) [?:1.8.0_312]
14:12:08.721 | DEBUG | --new testCase collected, to generate: testCom.google.common.primitives.Booleans.BooleanArrayAsList.set(int, Boolean)1
14:12:08.743 | DEBUG | --new testCase collected, to generate: testCom.google.common.primitives.Booleans.BooleanArrayAsList.set(int, Boolean)2
14:12:08.912 | DEBUG | --new testCase collected, to generate: testCom.google.common.primitives.Booleans.BooleanArrayAsList.set(int, Boolean)3
14:12:08.951 | DEBUG | --new testCase collected, to generate: testCom.google.common.primitives.Booleans.BooleanArrayAsList.set(int, Boolean)4
14:12:09.061 | INFO  | |> Starting concrete execution for remaining state: com.google.common.primitives.Booleans.BooleanArrayAsList.set(int, Boolean)
14:12:09.092 | DEBUG | --new testCase collected, to generate: testCom.google.common.primitives.Booleans.BooleanArrayAsList.set(int, Boolean)5
14:12:09.093 | INFO  | Finished (in 0.437 sec): method com.google.common.primitives.Booleans.BooleanArrayAsList.set(int, Boolean) 
<StatsForMethod> :
	#generatedTC=5
	FAILED 1 time(s) with 1 different exception(s)"
14:12:09.102 | DEBUG |  ... 
14:12:09.103 | INFO  | Started: method com.google.common.primitives.Booleans.BooleanArrayAsList.subList(int, int)
14:12:09.103 | INFO  |  -- Remaining time budget: 14936 ms, #remaining_methods: 18, budget for method: 829 ms, solver timeout: 414 ms, budget for symbolic execution: 415 ms, budget for concrete execution: 414 ms,  -- 
14:12:09.107 | DEBUG | --new testCase collected, to generate: testCom.google.common.primitives.Booleans.BooleanArrayAsList.subList(int, int)1
14:12:09.217 | DEBUG | --new testCase collected, to generate: testCom.google.common.primitives.Booleans.BooleanArrayAsList.subList(int, int)2
14:12:09.371 | DEBUG | --new testCase collected, to generate: testCom.google.common.primitives.Booleans.BooleanArrayAsList.subList(int, int)3
14:12:09.371 | INFO  | Finished (in 0.269 sec): method com.google.common.primitives.Booleans.BooleanArrayAsList.subList(int, int) 
<StatsForMethod> :
	#generatedTC=3
	WITH NO EXCEPTIONS
14:12:09.391 | DEBUG |  ... 
14:12:09.391 | INFO  | Started: method com.google.common.primitives.Booleans.BooleanArrayAsList.get(int)
14:12:09.391 | INFO  |  -- Remaining time budget: 14647 ms, #remaining_methods: 17, budget for method: 861 ms, solver timeout: 430 ms, budget for symbolic execution: 431 ms, budget for concrete execution: 430 ms,  -- 
14:12:09.398 | DEBUG | --new testCase collected, to generate: testCom.google.common.primitives.Booleans.BooleanArrayAsList.get(int)1
14:12:09.442 | DEBUG | --new testCase collected, to generate: testCom.google.common.primitives.Booleans.BooleanArrayAsList.get(int)2
14:12:09.479 | DEBUG | --new testCase collected, to generate: testCom.google.common.primitives.Booleans.BooleanArrayAsList.get(int)3
14:12:09.488 | DEBUG | --new testCase collected, to generate: testCom.google.common.primitives.Booleans.BooleanArrayAsList.get(int)4
14:12:09.489 | INFO  | Finished (in 0.097 sec): method com.google.common.primitives.Booleans.BooleanArrayAsList.get(int) 
<StatsForMethod> :
	#generatedTC=4
	WITH NO EXCEPTIONS
14:12:09.495 | DEBUG |  ... 
14:12:09.495 | INFO  | Started: method com.google.common.primitives.Booleans.BooleanArrayAsList.indexOf(Object)
14:12:09.496 | INFO  |  -- Remaining time budget: 14543 ms, #remaining_methods: 16, budget for method: 908 ms, solver timeout: 454 ms, budget for symbolic execution: 454 ms, budget for concrete execution: 454 ms,  -- 
14:12:09.499 | DEBUG | --new testCase collected, to generate: testCom.google.common.primitives.Booleans.BooleanArrayAsList.indexOf(Object)1
14:12:09.704 | DEBUG | --new testCase collected, to generate: testCom.google.common.primitives.Booleans.BooleanArrayAsList.indexOf(Object)2
14:12:09.754 | DEBUG | --new testCase collected, to generate: testCom.google.common.primitives.Booleans.BooleanArrayAsList.indexOf(Object)3
14:12:09.800 | DEBUG | --new testCase collected, to generate: testCom.google.common.primitives.Booleans.BooleanArrayAsList.indexOf(Object)4
14:12:09.800 | INFO  | Finished (in 0.304 sec): method com.google.common.primitives.Booleans.BooleanArrayAsList.indexOf(Object) 
<StatsForMethod> :
	#generatedTC=4
	WITH NO EXCEPTIONS
14:12:09.804 | DEBUG |  ... 
14:12:09.804 | INFO  | Started: method com.google.common.primitives.Booleans.BooleanArrayAsList.lastIndexOf(Object)
14:12:09.805 | INFO  |  -- Remaining time budget: 14234 ms, #remaining_methods: 15, budget for method: 948 ms, solver timeout: 474 ms, budget for symbolic execution: 474 ms, budget for concrete execution: 474 ms,  -- 
14:12:09.807 | DEBUG | --new testCase collected, to generate: testCom.google.common.primitives.Booleans.BooleanArrayAsList.lastIndexOf(Object)1
14:12:10.011 | DEBUG | --new testCase collected, to generate: testCom.google.common.primitives.Booleans.BooleanArrayAsList.lastIndexOf(Object)2
14:12:10.062 | DEBUG | --new testCase collected, to generate: testCom.google.common.primitives.Booleans.BooleanArrayAsList.lastIndexOf(Object)3
14:12:10.108 | DEBUG | --new testCase collected, to generate: testCom.google.common.primitives.Booleans.BooleanArrayAsList.lastIndexOf(Object)4
14:12:10.109 | INFO  | Finished (in 0.304 sec): method com.google.common.primitives.Booleans.BooleanArrayAsList.lastIndexOf(Object) 
<StatsForMethod> :
	#generatedTC=4
	WITH NO EXCEPTIONS
14:12:10.112 | DEBUG |  ... 
14:12:10.113 | INFO  | Started: method com.google.common.primitives.Booleans.BooleanArrayAsList.toBooleanArray()
14:12:10.113 | INFO  |  -- Remaining time budget: 13925 ms, #remaining_methods: 14, budget for method: 994 ms, solver timeout: 497 ms, budget for symbolic execution: 497 ms, budget for concrete execution: 497 ms,  -- 
14:12:10.117 | DEBUG | --new testCase collected, to generate: testCom.google.common.primitives.Booleans.BooleanArrayAsList.toBooleanArray()1
14:12:10.306 | DEBUG | --new testCase collected, to generate: testCom.google.common.primitives.Booleans.BooleanArrayAsList.toBooleanArray()2
14:12:10.417 | DEBUG | --new testCase collected, to generate: testCom.google.common.primitives.Booleans.BooleanArrayAsList.toBooleanArray()3
14:12:10.420 | INFO  | Finished (in 0.307 sec): method com.google.common.primitives.Booleans.BooleanArrayAsList.toBooleanArray() 
<StatsForMethod> :
	#generatedTC=3
	WITH NO EXCEPTIONS
14:12:10.436 | DEBUG |  ... 
14:12:10.437 | INFO  | Started: method com.google.common.primitives.Booleans.BooleanArrayAsList.size()
14:12:10.437 | INFO  |  -- Remaining time budget: 13602 ms, #remaining_methods: 13, budget for method: 1046 ms, solver timeout: 523 ms, budget for symbolic execution: 523 ms, budget for concrete execution: 523 ms,  -- 
14:12:10.440 | DEBUG | --new testCase collected, to generate: testCom.google.common.primitives.Booleans.BooleanArrayAsList.size()1
14:12:10.464 | DEBUG | --new testCase collected, to generate: testCom.google.common.primitives.Booleans.BooleanArrayAsList.size()2
14:12:10.464 | INFO  | Finished (in 0.027 sec): method com.google.common.primitives.Booleans.BooleanArrayAsList.size() 
<StatsForMethod> :
	#generatedTC=2
	WITH NO EXCEPTIONS
14:12:10.465 | DEBUG |  ... 
14:12:10.465 | INFO  | Started: method com.google.common.primitives.Booleans.BooleanArrayAsList.<init>(boolean[])
14:12:10.465 | INFO  |  -- Remaining time budget: 13573 ms, #remaining_methods: 12, budget for method: 1131 ms, solver timeout: 565 ms, budget for symbolic execution: 566 ms, budget for concrete execution: 565 ms,  -- 
14:12:10.469 | DEBUG | --new testCase collected, to generate: testCom.google.common.primitives.Booleans.BooleanArrayAsList.<init>(boolean[])1
14:12:10.493 | DEBUG | --new testCase collected, to generate: testCom.google.common.primitives.Booleans.BooleanArrayAsList.<init>(boolean[])2
14:12:10.547 | DEBUG | --new testCase collected, to generate: testCom.google.common.primitives.Booleans.BooleanArrayAsList.<init>(boolean[])3
14:12:10.548 | INFO  | Finished (in 0.083 sec): method com.google.common.primitives.Booleans.BooleanArrayAsList.<init>(boolean[]) 
<StatsForMethod> :
	#generatedTC=3
	WITH NO EXCEPTIONS
14:12:10.553 | DEBUG |  ... 
14:12:10.554 | INFO  | Started: method com.google.common.primitives.Booleans.BooleanArrayAsList.<init>(boolean[], int, int)
14:12:10.554 | INFO  |  -- Remaining time budget: 13485 ms, #remaining_methods: 11, budget for method: 1225 ms, solver timeout: 612 ms, budget for symbolic execution: 613 ms, budget for concrete execution: 612 ms,  -- 
14:12:10.557 | DEBUG | --new testCase collected, to generate: testCom.google.common.primitives.Booleans.BooleanArrayAsList.<init>(boolean[], int, int)1
14:12:10.603 | DEBUG | --new testCase collected, to generate: testCom.google.common.primitives.Booleans.BooleanArrayAsList.<init>(boolean[], int, int)2
14:12:10.603 | INFO  | Finished (in 0.049 sec): method com.google.common.primitives.Booleans.BooleanArrayAsList.<init>(boolean[], int, int) 
<StatsForMethod> :
	#generatedTC=2
	WITH NO EXCEPTIONS
14:12:10.606 | DEBUG |  ... 
14:12:10.607 | INFO  | Started: method com.google.common.primitives.Booleans.LexicographicalComparator.toString()
14:12:10.607 | INFO  |  -- Remaining time budget: 13431 ms, #remaining_methods: 10, budget for method: 1343 ms, solver timeout: 671 ms, budget for symbolic execution: 672 ms, budget for concrete execution: 671 ms,  -- 
14:12:10.615 | ERROR | Symbolic execution FAILED
com.huawei.utbot.instrumentation.util.ChildProcessError: Error in the child process |> java.lang.IllegalAccessException: Class com.huawei.utbot.framework.concrete.MockValueConstructor can not access a member of class com.google.common.primitives.Booleans$LexicographicalComparator with modifiers "private"
	at sun.reflect.Reflection.ensureMemberAccess(Reflection.java:102)
	at java.lang.reflect.AccessibleObject.slowCheckMemberAccess(AccessibleObject.java:296)
	at java.lang.reflect.AccessibleObject.checkAccess(AccessibleObject.java:288)
	at java.lang.reflect.Constructor.newInstance(Constructor.java:413)
	at com.huawei.utbot.framework.concrete.MockValueConstructor.call(MockValueConstructor.kt:414)
	at com.huawei.utbot.framework.concrete.MockValueConstructor.updateWithExecutableCallModel(MockValueConstructor.kt:353)
	at com.huawei.utbot.framework.concrete.MockValueConstructor.constructFromAssembleModel(MockValueConstructor.kt:332)
	at com.huawei.utbot.framework.concrete.MockValueConstructor.construct(MockValueConstructor.kt:126)
	at com.huawei.utbot.framework.concrete.MockValueConstructor.constructMethodParameters(MockValueConstructor.kt:101)
	at com.huawei.utbot.framework.concrete.UtExecutionInstrumentation.invoke(UtExecutionInstrumentation.kt:126)
	at com.huawei.utbot.framework.concrete.UtExecutionInstrumentation.invoke(UtExecutionInstrumentation.kt:96)
	at com.huawei.utbot.instrumentation.process.ChildProcessKt.loop(ChildProcess.kt:114)
	at com.huawei.utbot.instrumentation.process.ChildProcessKt.main(ChildProcess.kt:76)
	at com.huawei.utbot.instrumentation.process.ChildProcessKt.main(ChildProcess.kt)

	at com.huawei.utbot.instrumentation.ConcreteExecutor.executeAsync(ConcreteExecutor.kt:391) ~[utbot-junit-contest-1.0.jar:?]
	at com.huawei.utbot.instrumentation.ConcreteExecutor$executeAsync$1.invokeSuspend(ConcreteExecutor.kt) ~[utbot-junit-contest-1.0.jar:?]
	at kotlin.coroutines.jvm.internal.BaseContinuationImpl.resumeWith(ContinuationImpl.kt:33) [utbot-junit-contest-1.0.jar:?]
	at kotlinx.coroutines.DispatchedTask.run(DispatchedTask.kt:106) [utbot-junit-contest-1.0.jar:?]
	at java.util.concurrent.Executors$RunnableAdapter.call(Executors.java:511) [?:1.8.0_312]
	at java.util.concurrent.FutureTask.run(FutureTask.java:266) [?:1.8.0_312]
	at java.util.concurrent.ScheduledThreadPoolExecutor$ScheduledFutureTask.access$201(ScheduledThreadPoolExecutor.java:180) [?:1.8.0_312]
	at java.util.concurrent.ScheduledThreadPoolExecutor$ScheduledFutureTask.run(ScheduledThreadPoolExecutor.java:293) [?:1.8.0_312]
	at java.util.concurrent.ThreadPoolExecutor.runWorker(ThreadPoolExecutor.java:1149) [?:1.8.0_312]
	at java.util.concurrent.ThreadPoolExecutor$Worker.run(ThreadPoolExecutor.java:624) [?:1.8.0_312]
	at java.lang.Thread.run(Thread.java:748) [?:1.8.0_312]
14:12:10.644 | DEBUG | --new testCase collected, to generate: testCom.google.common.primitives.Booleans.LexicographicalComparator.toString()1
14:12:10.644 | INFO  | Finished (in 0.037 sec): method com.google.common.primitives.Booleans.LexicographicalComparator.toString() 
<StatsForMethod> :
	#generatedTC=1
	FAILED 1 time(s) with 1 different exception(s)"
14:12:10.645 | DEBUG |  ... 
14:12:10.645 | INFO  | Started: method com.google.common.primitives.Booleans.LexicographicalComparator.compare(boolean[], boolean[])
14:12:10.645 | INFO  |  -- Remaining time budget: 13393 ms, #remaining_methods: 9, budget for method: 1488 ms, solver timeout: 744 ms, budget for symbolic execution: 744 ms, budget for concrete execution: 744 ms,  -- 
14:12:10.648 | ERROR | Symbolic execution FAILED
com.huawei.utbot.instrumentation.util.ChildProcessError: Error in the child process |> java.lang.IllegalAccessException: Class com.huawei.utbot.framework.concrete.MockValueConstructor can not access a member of class com.google.common.primitives.Booleans$LexicographicalComparator with modifiers "private"
	at sun.reflect.Reflection.ensureMemberAccess(Reflection.java:102)
	at java.lang.reflect.AccessibleObject.slowCheckMemberAccess(AccessibleObject.java:296)
	at java.lang.reflect.AccessibleObject.checkAccess(AccessibleObject.java:288)
	at java.lang.reflect.Constructor.newInstance(Constructor.java:413)
	at com.huawei.utbot.framework.concrete.MockValueConstructor.call(MockValueConstructor.kt:414)
	at com.huawei.utbot.framework.concrete.MockValueConstructor.updateWithExecutableCallModel(MockValueConstructor.kt:353)
	at com.huawei.utbot.framework.concrete.MockValueConstructor.constructFromAssembleModel(MockValueConstructor.kt:332)
	at com.huawei.utbot.framework.concrete.MockValueConstructor.construct(MockValueConstructor.kt:126)
	at com.huawei.utbot.framework.concrete.MockValueConstructor.constructMethodParameters(MockValueConstructor.kt:101)
	at com.huawei.utbot.framework.concrete.UtExecutionInstrumentation.invoke(UtExecutionInstrumentation.kt:126)
	at com.huawei.utbot.framework.concrete.UtExecutionInstrumentation.invoke(UtExecutionInstrumentation.kt:96)
	at com.huawei.utbot.instrumentation.process.ChildProcessKt.loop(ChildProcess.kt:114)
	at com.huawei.utbot.instrumentation.process.ChildProcessKt.main(ChildProcess.kt:76)
	at com.huawei.utbot.instrumentation.process.ChildProcessKt.main(ChildProcess.kt)

	at com.huawei.utbot.instrumentation.ConcreteExecutor.executeAsync(ConcreteExecutor.kt:391) ~[utbot-junit-contest-1.0.jar:?]
	at com.huawei.utbot.instrumentation.ConcreteExecutor$executeAsync$1.invokeSuspend(ConcreteExecutor.kt) ~[utbot-junit-contest-1.0.jar:?]
	at kotlin.coroutines.jvm.internal.BaseContinuationImpl.resumeWith(ContinuationImpl.kt:33) [utbot-junit-contest-1.0.jar:?]
	at kotlinx.coroutines.DispatchedTask.run(DispatchedTask.kt:106) [utbot-junit-contest-1.0.jar:?]
	at java.util.concurrent.Executors$RunnableAdapter.call(Executors.java:511) [?:1.8.0_312]
	at java.util.concurrent.FutureTask.run(FutureTask.java:266) [?:1.8.0_312]
	at java.util.concurrent.ScheduledThreadPoolExecutor$ScheduledFutureTask.access$201(ScheduledThreadPoolExecutor.java:180) [?:1.8.0_312]
	at java.util.concurrent.ScheduledThreadPoolExecutor$ScheduledFutureTask.run(ScheduledThreadPoolExecutor.java:293) [?:1.8.0_312]
	at java.util.concurrent.ThreadPoolExecutor.runWorker(ThreadPoolExecutor.java:1149) [?:1.8.0_312]
	at java.util.concurrent.ThreadPoolExecutor$Worker.run(ThreadPoolExecutor.java:624) [?:1.8.0_312]
	at java.lang.Thread.run(Thread.java:748) [?:1.8.0_312]
14:12:10.676 | DEBUG | --new testCase collected, to generate: testCom.google.common.primitives.Booleans.LexicographicalComparator.compare(boolean[], boolean[])1
14:12:10.696 | DEBUG | --new testCase collected, to generate: testCom.google.common.primitives.Booleans.LexicographicalComparator.compare(boolean[], boolean[])2
14:12:10.788 | DEBUG | --new testCase collected, to generate: testCom.google.common.primitives.Booleans.LexicographicalComparator.compare(boolean[], boolean[])3
14:12:10.793 | DEBUG | --new testCase collected, to generate: testCom.google.common.primitives.Booleans.LexicographicalComparator.compare(boolean[], boolean[])4
14:12:10.841 | DEBUG | --new testCase collected, to generate: testCom.google.common.primitives.Booleans.LexicographicalComparator.compare(boolean[], boolean[])5
14:12:10.845 | INFO  | Finished (in 0.199 sec): method com.google.common.primitives.Booleans.LexicographicalComparator.compare(boolean[], boolean[]) 
<StatsForMethod> :
	#generatedTC=5
	FAILED 1 time(s) with 1 different exception(s)"
14:12:10.851 | DEBUG |  ... 
14:12:10.852 | INFO  | Started: method com.google.common.primitives.Booleans.LexicographicalComparator.valueOf(String)
14:12:10.852 | INFO  |  -- Remaining time budget: 13186 ms, #remaining_methods: 8, budget for method: 1648 ms, solver timeout: 824 ms, budget for symbolic execution: 824 ms, budget for concrete execution: 824 ms,  -- 
14:12:10.857 | DEBUG | --new testCase collected, to generate: testCom.google.common.primitives.Booleans.LexicographicalComparator.valueOf(String)1
14:12:11.676 | INFO  | |> Starting concrete execution for remaining state: com.google.common.primitives.Booleans.LexicographicalComparator.valueOf(String)
14:12:12.501 | INFO  | (X) Cancelling concrete execution: com.google.common.primitives.Booleans.LexicographicalComparator.valueOf(String)
14:12:12.561 | INFO  | Finished (in 1.709 sec): method com.google.common.primitives.Booleans.LexicographicalComparator.valueOf(String) 
<StatsForMethod> :
	#generatedTC=1
	WITH NO EXCEPTIONS
14:12:12.610 | DEBUG |  ... 
14:12:12.611 | INFO  | Started: method com.google.common.primitives.Booleans.LexicographicalComparator.values()
14:12:12.611 | INFO  |  -- Remaining time budget: 11427 ms, #remaining_methods: 7, budget for method: 1632 ms, solver timeout: 816 ms, budget for symbolic execution: 816 ms, budget for concrete execution: 816 ms,  -- 
14:12:12.614 | DEBUG | --new testCase collected, to generate: testCom.google.common.primitives.Booleans.LexicographicalComparator.values()1
14:12:12.760 | DEBUG | --new testCase collected, to generate: testCom.google.common.primitives.Booleans.LexicographicalComparator.values()2
14:12:12.761 | INFO  | Finished (in 0.150 sec): method com.google.common.primitives.Booleans.LexicographicalComparator.values() 
<StatsForMethod> :
	#generatedTC=2
	WITH NO EXCEPTIONS
14:12:12.774 | DEBUG |  ... 
14:12:12.775 | INFO  | Started: method com.google.common.primitives.Booleans.LexicographicalComparator.<init>()
14:12:12.775 | INFO  |  -- Remaining time budget: 11263 ms, #remaining_methods: 6, budget for method: 1877 ms, solver timeout: 938 ms, budget for symbolic execution: 939 ms, budget for concrete execution: 938 ms,  -- 
14:12:12.778 | ERROR | Symbolic execution FAILED
com.huawei.utbot.instrumentation.util.ChildProcessError: Error in the child process |> java.lang.IllegalArgumentException: Cannot reflectively create enum objects
	at java.lang.reflect.Constructor.newInstance(Constructor.java:417)
	at com.huawei.utbot.instrumentation.instrumentation.InvokeInstrumentation$invoke$$inlined$run$lambda$2.invoke(InvokeInstrumentation.kt:70)
	at com.huawei.utbot.common.ThreadBasedExecutor$invokeWithTimeout$1.invoke(ThreadUtil.kt:43)
	at com.huawei.utbot.common.ThreadBasedExecutor$invokeWithTimeout$1.invoke(ThreadUtil.kt:22)
	at kotlin.concurrent.ThreadsKt$thread$thread$1.run(Thread.kt:30)

	at com.huawei.utbot.instrumentation.ConcreteExecutor.executeAsync(ConcreteExecutor.kt:391) ~[utbot-junit-contest-1.0.jar:?]
	at com.huawei.utbot.instrumentation.ConcreteExecutor$executeAsync$1.invokeSuspend(ConcreteExecutor.kt) ~[utbot-junit-contest-1.0.jar:?]
	at kotlin.coroutines.jvm.internal.BaseContinuationImpl.resumeWith(ContinuationImpl.kt:33) [utbot-junit-contest-1.0.jar:?]
	at kotlinx.coroutines.DispatchedTask.run(DispatchedTask.kt:106) [utbot-junit-contest-1.0.jar:?]
	at java.util.concurrent.Executors$RunnableAdapter.call(Executors.java:511) [?:1.8.0_312]
	at java.util.concurrent.FutureTask.run(FutureTask.java:266) [?:1.8.0_312]
	at java.util.concurrent.ScheduledThreadPoolExecutor$ScheduledFutureTask.access$201(ScheduledThreadPoolExecutor.java:180) [?:1.8.0_312]
	at java.util.concurrent.ScheduledThreadPoolExecutor$ScheduledFutureTask.run(ScheduledThreadPoolExecutor.java:293) [?:1.8.0_312]
	at java.util.concurrent.ThreadPoolExecutor.runWorker(ThreadPoolExecutor.java:1149) [?:1.8.0_312]
	at java.util.concurrent.ThreadPoolExecutor$Worker.run(ThreadPoolExecutor.java:624) [?:1.8.0_312]
	at java.lang.Thread.run(Thread.java:748) [?:1.8.0_312]
14:12:12.841 | DEBUG | --new testCase collected, to generate: testCom.google.common.primitives.Booleans.LexicographicalComparator.<init>()1
14:12:12.841 | INFO  | Finished (in 0.066 sec): method com.google.common.primitives.Booleans.LexicographicalComparator.<init>() 
<StatsForMethod> :
	#generatedTC=1
	FAILED 1 time(s) with 1 different exception(s)"
14:12:12.847 | DEBUG |  ... 
14:12:12.847 | INFO  | Started: method com.google.common.primitives.Booleans.BooleanComparator.toString()
14:12:12.847 | INFO  |  -- Remaining time budget: 11191 ms, #remaining_methods: 5, budget for method: 2238 ms, solver timeout: 1000 ms, budget for symbolic execution: 1119 ms, budget for concrete execution: 1119 ms,  -- 
14:12:12.850 | DEBUG | --new testCase collected, to generate: testCom.google.common.primitives.Booleans.BooleanComparator.toString()1
14:12:12.873 | DEBUG | --new testCase collected, to generate: testCom.google.common.primitives.Booleans.BooleanComparator.toString()2
14:12:12.874 | INFO  | Finished (in 0.027 sec): method com.google.common.primitives.Booleans.BooleanComparator.toString() 
<StatsForMethod> :
	#generatedTC=2
	WITH NO EXCEPTIONS
14:12:12.874 | DEBUG |  ... 
14:12:12.875 | INFO  | Started: method com.google.common.primitives.Booleans.BooleanComparator.compare(Boolean, Boolean)
14:12:12.875 | INFO  |  -- Remaining time budget: 11163 ms, #remaining_methods: 4, budget for method: 2790 ms, solver timeout: 1000 ms, budget for symbolic execution: 1590 ms, budget for concrete execution: 1200 ms,  -- 
14:12:12.876 | ERROR | Symbolic execution FAILED
kotlin.reflect.jvm.internal.KotlinReflectionInternalError: Could not compute caller for function: private constructor Boolean() defined in kotlin.Boolean[DeserializedClassConstructorDescriptor@38f49687] (member = null)
	at kotlin.reflect.jvm.internal.KFunctionImpl$caller$2.invoke(KFunctionImpl.kt:89) ~[utbot-junit-contest-1.0.jar:?]
	at kotlin.reflect.jvm.internal.KFunctionImpl$caller$2.invoke(KFunctionImpl.kt:36) ~[utbot-junit-contest-1.0.jar:?]
	at kotlin.reflect.jvm.internal.ReflectProperties$LazyVal.invoke(ReflectProperties.java:62) ~[utbot-junit-contest-1.0.jar:?]
	at kotlin.reflect.jvm.internal.ReflectProperties$Val.getValue(ReflectProperties.java:31) ~[utbot-junit-contest-1.0.jar:?]
	at kotlin.reflect.jvm.internal.KFunctionImpl.getCaller(KFunctionImpl.kt) ~[utbot-junit-contest-1.0.jar:?]
	at kotlin.reflect.jvm.ReflectJvmMapping.getJavaMethod(ReflectJvmMapping.kt:63) ~[utbot-junit-contest-1.0.jar:?]
	at com.huawei.utbot.framework.plugin.api.util.IdUtilKt.getExecutableId(IdUtil.kt:394) ~[utbot-junit-contest-1.0.jar:?]
	at com.huawei.utbot.engine.UtBotSymbolicEngine.createSimpleModelByKClass(UtBotSymbolicEngine.kt:587) ~[utbot-junit-contest-1.0.jar:?]
	at com.huawei.utbot.engine.UtBotSymbolicEngine.createModelByClassId(UtBotSymbolicEngine.kt:569) ~[utbot-junit-contest-1.0.jar:?]
	at com.huawei.utbot.engine.UtBotSymbolicEngine.access$createModelByClassId(UtBotSymbolicEngine.kt:245) ~[utbot-junit-contest-1.0.jar:?]
	at com.huawei.utbot.engine.UtBotSymbolicEngine$fuzzing$1.invokeSuspend(UtBotSymbolicEngine.kt:502) [utbot-junit-contest-1.0.jar:?]
	at com.huawei.utbot.engine.UtBotSymbolicEngine$fuzzing$1.invoke(UtBotSymbolicEngine.kt) [utbot-junit-contest-1.0.jar:?]
	at kotlinx.coroutines.flow.SafeFlow.collectSafely(Builders.kt:61) [utbot-junit-contest-1.0.jar:?]
	at kotlinx.coroutines.flow.AbstractFlow.collect(Flow.kt:212) [utbot-junit-contest-1.0.jar:?]
	at kotlinx.coroutines.flow.FlowKt__MergeKt$flattenConcat$$inlined$unsafeFlow$1$lambda$1.emit(Collect.kt:134) [utbot-junit-contest-1.0.jar:?]
	at kotlinx.coroutines.flow.FlowKt__BuildersKt$flowOf$$inlined$unsafeFlow$1.collect(SafeCollector.common.kt:114) [utbot-junit-contest-1.0.jar:?]
	at kotlinx.coroutines.flow.FlowKt__MergeKt$flattenConcat$$inlined$unsafeFlow$1.collect(SafeCollector.common.kt:114) [utbot-junit-contest-1.0.jar:?]
	at com.huawei.utbot.contest.ContestKt$runGeneration$1$invokeSuspend$$inlined$bracket$lambda$1$1.invokeSuspend(Contest.kt:531) [utbot-junit-contest-1.0.jar:?]
	at kotlin.coroutines.jvm.internal.BaseContinuationImpl.resumeWith(ContinuationImpl.kt:33) [utbot-junit-contest-1.0.jar:?]
	at kotlinx.coroutines.DispatchedTask.run(DispatchedTask.kt:106) [utbot-junit-contest-1.0.jar:?]
	at java.util.concurrent.Executors$RunnableAdapter.call(Executors.java:511) [?:1.8.0_312]
	at java.util.concurrent.FutureTask.run(FutureTask.java:266) [?:1.8.0_312]
	at java.util.concurrent.ScheduledThreadPoolExecutor$ScheduledFutureTask.access$201(ScheduledThreadPoolExecutor.java:180) [?:1.8.0_312]
	at java.util.concurrent.ScheduledThreadPoolExecutor$ScheduledFutureTask.run(ScheduledThreadPoolExecutor.java:293) [?:1.8.0_312]
	at java.util.concurrent.ThreadPoolExecutor.runWorker(ThreadPoolExecutor.java:1149) [?:1.8.0_312]
	at java.util.concurrent.ThreadPoolExecutor$Worker.run(ThreadPoolExecutor.java:624) [?:1.8.0_312]
	at java.lang.Thread.run(Thread.java:748) [?:1.8.0_312]
14:12:12.920 | DEBUG | --new testCase collected, to generate: testCom.google.common.primitives.Booleans.BooleanComparator.compare(Boolean, Boolean)1
14:12:12.942 | DEBUG | --new testCase collected, to generate: testCom.google.common.primitives.Booleans.BooleanComparator.compare(Boolean, Boolean)2
14:12:12.946 | DEBUG | --new testCase collected, to generate: testCom.google.common.primitives.Booleans.BooleanComparator.compare(Boolean, Boolean)3
14:12:12.999 | DEBUG | --new testCase collected, to generate: testCom.google.common.primitives.Booleans.BooleanComparator.compare(Boolean, Boolean)4
14:12:13.002 | DEBUG | --new testCase collected, to generate: testCom.google.common.primitives.Booleans.BooleanComparator.compare(Boolean, Boolean)5
14:12:13.004 | INFO  | Finished (in 0.129 sec): method com.google.common.primitives.Booleans.BooleanComparator.compare(Boolean, Boolean) 
<StatsForMethod> :
	#generatedTC=5
	FAILED 1 time(s) with 1 different exception(s)"
14:12:13.011 | DEBUG |  ... 
14:12:13.011 | INFO  | Started: method com.google.common.primitives.Booleans.BooleanComparator.valueOf(String)
14:12:13.011 | INFO  |  -- Remaining time budget: 11027 ms, #remaining_methods: 3, budget for method: 3675 ms, solver timeout: 1000 ms, budget for symbolic execution: 2475 ms, budget for concrete execution: 1200 ms,  -- 
14:12:13.015 | DEBUG | --new testCase collected, to generate: testCom.google.common.primitives.Booleans.BooleanComparator.valueOf(String)1
14:12:15.487 | INFO  | |> Starting concrete execution for remaining state: com.google.common.primitives.Booleans.BooleanComparator.valueOf(String)
14:12:15.539 | DEBUG | --new testCase collected, to generate: testCom.google.common.primitives.Booleans.BooleanComparator.valueOf(String)2
14:12:16.688 | INFO  | (X) Cancelling concrete execution: com.google.common.primitives.Booleans.BooleanComparator.valueOf(String)
14:12:16.828 | INFO  | Finished (in 3.817 sec): method com.google.common.primitives.Booleans.BooleanComparator.valueOf(String) 
<StatsForMethod> :
	#generatedTC=2
	WITH NO EXCEPTIONS
14:12:16.931 | DEBUG |  ... 
14:12:16.931 | INFO  | Started: method com.google.common.primitives.Booleans.BooleanComparator.values()
14:12:16.932 | INFO  |  -- Remaining time budget: 7107 ms, #remaining_methods: 2, budget for method: 3553 ms, solver timeout: 1000 ms, budget for symbolic execution: 2353 ms, budget for concrete execution: 1200 ms,  -- 
14:12:16.934 | DEBUG | --new testCase collected, to generate: testCom.google.common.primitives.Booleans.BooleanComparator.values()1
14:12:17.152 | DEBUG | --new testCase collected, to generate: testCom.google.common.primitives.Booleans.BooleanComparator.values()2
14:12:17.168 | INFO  | Finished (in 0.237 sec): method com.google.common.primitives.Booleans.BooleanComparator.values() 
<StatsForMethod> :
	#generatedTC=2
	WITH NO EXCEPTIONS
14:12:17.191 | DEBUG |  ... 
14:12:17.191 | INFO  | Started: method com.google.common.primitives.Booleans.BooleanComparator.<init>(int, String)
14:12:17.191 | INFO  |  -- Remaining time budget: 6847 ms, #remaining_methods: 1, budget for method: 6847 ms, solver timeout: 1000 ms, budget for symbolic execution: 5647 ms, budget for concrete execution: 1200 ms,  -- 
14:12:17.195 | ERROR | Symbolic execution FAILED
com.huawei.utbot.instrumentation.util.ChildProcessError: Error in the child process |> java.lang.IllegalArgumentException: Cannot reflectively create enum objects
	at java.lang.reflect.Constructor.newInstance(Constructor.java:417)
	at com.huawei.utbot.instrumentation.instrumentation.InvokeInstrumentation$invoke$$inlined$run$lambda$2.invoke(InvokeInstrumentation.kt:70)
	at com.huawei.utbot.common.ThreadBasedExecutor$invokeWithTimeout$1.invoke(ThreadUtil.kt:43)
	at com.huawei.utbot.common.ThreadBasedExecutor$invokeWithTimeout$1.invoke(ThreadUtil.kt:22)
	at kotlin.concurrent.ThreadsKt$thread$thread$1.run(Thread.kt:30)

	at com.huawei.utbot.instrumentation.ConcreteExecutor.executeAsync(ConcreteExecutor.kt:391) ~[utbot-junit-contest-1.0.jar:?]
	at com.huawei.utbot.instrumentation.ConcreteExecutor$executeAsync$1.invokeSuspend(ConcreteExecutor.kt) ~[utbot-junit-contest-1.0.jar:?]
	at kotlin.coroutines.jvm.internal.BaseContinuationImpl.resumeWith(ContinuationImpl.kt:33) [utbot-junit-contest-1.0.jar:?]
	at kotlinx.coroutines.DispatchedTask.run(DispatchedTask.kt:106) [utbot-junit-contest-1.0.jar:?]
	at java.util.concurrent.Executors$RunnableAdapter.call(Executors.java:511) [?:1.8.0_312]
	at java.util.concurrent.FutureTask.run(FutureTask.java:266) [?:1.8.0_312]
	at java.util.concurrent.ScheduledThreadPoolExecutor$ScheduledFutureTask.access$201(ScheduledThreadPoolExecutor.java:180) [?:1.8.0_312]
	at java.util.concurrent.ScheduledThreadPoolExecutor$ScheduledFutureTask.run(ScheduledThreadPoolExecutor.java:293) [?:1.8.0_312]
	at java.util.concurrent.ThreadPoolExecutor.runWorker(ThreadPoolExecutor.java:1149) [?:1.8.0_312]
	at java.util.concurrent.ThreadPoolExecutor$Worker.run(ThreadPoolExecutor.java:624) [?:1.8.0_312]
	at java.lang.Thread.run(Thread.java:748) [?:1.8.0_312]
14:12:17.257 | DEBUG | --new testCase collected, to generate: testCom.google.common.primitives.Booleans.BooleanComparator.<init>(int, String)1
14:12:17.257 | INFO  | Finished (in 0.066 sec): method com.google.common.primitives.Booleans.BooleanComparator.<init>(int, String) 
<StatsForMethod> :
	#generatedTC=1
	FAILED 1 time(s) with 1 different exception(s)"
14:12:17.265 | INFO  | Started: Flushing tests for [Booleans] on disk
14:12:17.824 | INFO  | File size for BooleansTest: 122 KB
14:12:17.826 | INFO  | Finished (in 0.560 sec): Flushing tests for [Booleans] on disk 
14:12:17.826 | INFO  | Finished (in 19.263 sec): class com.google.common.primitives.Booleans 
<StatsForClass> :
	canceled by timeout = false
	#methods = 44, 
	#methods started symbolic exploration = 44
	#methods with at least one TC = 44
	#methods with exceptions = 6
	#generated TC = 150
	#coverage = null
[READY]
