Started UtBot Contest, classfileDir = /var/benchmarks/projects/seata/core/target/classes, classpathString=/var/benchmarks/projects/seata/core/target/classes:/var/benchmarks/projects/seata/core/target/seata-core-0.5.0.jar:/var/benchmarks/projects/./seata/core/target/dependency/mockito-core-2.23.4.jar:/var/benchmarks/projects/seata/core/target/dependency/byte-buddy-agent-1.9.3.jar:/var/benchmarks/projects/seata/core/target/dependency/assertj-core-2.6.0.jar:/var/benchmarks/projects/seata/core/target/dependency/seata-common-0.5.0.jar:/var/benchmarks/projects/seata/core/target/dependency/byte-buddy-1.9.3.jar:/var/benchmarks/projects/seata/core/target/dependency/objenesis-2.6.jar:/var/benchmarks/projects/seata/core/target/dependency/seata-discovery-core-0.5.0.jar:/var/benchmarks/projects/seata/core/target/dependency/commons-pool2-2.4.2.jar:/var/benchmarks/projects/seata/core/target/dependency/junit-4.12.jar:/var/benchmarks/projects/seata/core/target/dependency/hamcrest-core-1.3.jar:/var/benchmarks/projects/seata/core/target/dependency/slf4j-api-1.7.22.jar:/var/benchmarks/projects/seata/core/target/dependency/seata-config-core-0.5.0.jar:/var/benchmarks/projects/seata/core/target/dependency/netty-all-4.1.24.Final.jar:/var/benchmarks/projects/seata/core/target/dependency/commons-lang-2.6.jar:/var/benchmarks/projects/seata/core/target/dependency/fastjson-1.2.48.jar:/var/benchmarks/projects/seata/core/target/dependency/config-1.2.1.jar:/var/benchmarks/projects/seata/core/target/dependency/commons-pool-1.6.jar, outputDir=/home/utbot_mocks/temp/testcases, mocks=Other classes: Mockito
02:11:43.745 | INFO  | Started: warmup: kotlin reflection :: init
02:11:43.821 | INFO  | Finished (in 0.076 sec): warmup: kotlin reflection :: init 
[INIT]
>> [RUN] io.seata.core.store.StoreMode 120
02:11:43.832 | DEBUG | -----------------------------------------------------------------------------
02:11:43.832 | INFO  | Contest.runGeneration: Time budget: 120000 ms, Generation timeout=102000 ms, classpath=/var/benchmarks/projects/seata/core/target/classes:/var/benchmarks/projects/seata/core/target/seata-core-0.5.0.jar:/var/benchmarks/projects/./seata/core/target/dependency/mockito-core-2.23.4.jar:/var/benchmarks/projects/seata/core/target/dependency/byte-buddy-agent-1.9.3.jar:/var/benchmarks/projects/seata/core/target/dependency/assertj-core-2.6.0.jar:/var/benchmarks/projects/seata/core/target/dependency/seata-common-0.5.0.jar:/var/benchmarks/projects/seata/core/target/dependency/byte-buddy-1.9.3.jar:/var/benchmarks/projects/seata/core/target/dependency/objenesis-2.6.jar:/var/benchmarks/projects/seata/core/target/dependency/seata-discovery-core-0.5.0.jar:/var/benchmarks/projects/seata/core/target/dependency/commons-pool2-2.4.2.jar:/var/benchmarks/projects/seata/core/target/dependency/junit-4.12.jar:/var/benchmarks/projects/seata/core/target/dependency/hamcrest-core-1.3.jar:/var/benchmarks/projects/seata/core/target/dependency/slf4j-api-1.7.22.jar:/var/benchmarks/projects/seata/core/target/dependency/seata-config-core-0.5.0.jar:/var/benchmarks/projects/seata/core/target/dependency/netty-all-4.1.24.Final.jar:/var/benchmarks/projects/seata/core/target/dependency/commons-lang-2.6.jar:/var/benchmarks/projects/seata/core/target/dependency/fastjson-1.2.48.jar:/var/benchmarks/projects/seata/core/target/dependency/config-1.2.1.jar:/var/benchmarks/projects/seata/core/target/dependency/commons-pool-1.6.jar, methodNameFilter=null
02:11:43.834 | INFO  | ClassUnderTest[ FQN: io.seata.core.store.StoreMode
    classfileDir: /var/benchmarks/projects/seata/core/target/classes
    testClassSimpleName: StoreModeTest
    generatedTestFile: /home/utbot_mocks/temp/testcases/io/seata/core/store/StoreModeTest.java
    generatedTestsSourcesDir: /home/utbot_mocks/temp/testcases
]
02:11:43.857 | INFO  | Started: class io.seata.core.store.StoreMode
02:11:43.857 | INFO  | Started: preparation class class io.seata.core.store.StoreMode: kotlin reflection :: run
02:11:43.941 | INFO  | Finished (in 0.083 sec): preparation class class io.seata.core.store.StoreMode: kotlin reflection :: run 
02:11:43.942 | INFO  | Started: 2nd optional soot initialization
02:11:43.943 | INFO  | Finished (in 0.001 sec): 2nd optional soot initialization 
02:11:43.951 | DEBUG |  ... 
02:11:43.965 | INFO  | Started: method io.seata.core.store.StoreMode.valueof(String)
02:11:43.966 | INFO  |  -- Remaining time budget: 101880 ms, #remaining_methods: 4, budget for method: 25470 ms, solver timeout: 1000 ms, budget for symbolic execution: 24270 ms, budget for concrete execution: 1200 ms,  -- 
02:11:44.287 | DEBUG | --new testCase collected, to generate: testIo.seata.core.store.StoreMode.valueof(String)1
02:11:47.492 | DEBUG | --new testCase collected, to generate: testIo.seata.core.store.StoreMode.valueof(String)2
02:11:50.740 | DEBUG | --new testCase collected, to generate: testIo.seata.core.store.StoreMode.valueof(String)3
02:11:50.776 | INFO  | Finished (in 6.811 sec): method io.seata.core.store.StoreMode.valueof(String) 
<StatsForMethod> :
	#generatedTC=3
	WITH NO EXCEPTIONS
02:11:51.521 | DEBUG |  ... 
02:11:51.521 | INFO  | Started: method io.seata.core.store.StoreMode.valueOf(String)
02:11:51.522 | INFO  |  -- Remaining time budget: 94312 ms, #remaining_methods: 3, budget for method: 31437 ms, solver timeout: 1000 ms, budget for symbolic execution: 30237 ms, budget for concrete execution: 1200 ms,  -- 
02:11:51.532 | DEBUG | --new testCase collected, to generate: testIo.seata.core.store.StoreMode.valueOf(String)1
02:11:53.471 | DEBUG | --new testCase collected, to generate: testIo.seata.core.store.StoreMode.valueOf(String)2
02:11:58.163 | DEBUG | --new testCase collected, to generate: testIo.seata.core.store.StoreMode.valueOf(String)3
02:11:59.964 | DEBUG | --new testCase collected, to generate: testIo.seata.core.store.StoreMode.valueOf(String)4
02:12:19.048 | DEBUG | --new testCase collected, to generate: testIo.seata.core.store.StoreMode.valueOf(String)5
02:12:20.553 | DEBUG | --new testCase collected, to generate: testIo.seata.core.store.StoreMode.valueOf(String)6
02:12:21.759 | INFO  | |> Starting concrete execution for remaining state: io.seata.core.store.StoreMode.valueOf(String)
02:12:22.961 | INFO  | (X) Cancelling concrete execution: io.seata.core.store.StoreMode.valueOf(String)
02:12:23.300 | INFO  | Finished (in 31.769 sec): method io.seata.core.store.StoreMode.valueOf(String) 
<StatsForMethod> :
	#generatedTC=6
	WITH NO EXCEPTIONS
02:12:23.309 | DEBUG |  ... 
02:12:23.310 | INFO  | Started: method io.seata.core.store.StoreMode.values()
02:12:23.310 | INFO  |  -- Remaining time budget: 62523 ms, #remaining_methods: 2, budget for method: 31261 ms, solver timeout: 1000 ms, budget for symbolic execution: 30061 ms, budget for concrete execution: 1200 ms,  -- 
02:12:23.320 | DEBUG | --new testCase collected, to generate: testIo.seata.core.store.StoreMode.values()1
02:12:23.525 | DEBUG | --new testCase collected, to generate: testIo.seata.core.store.StoreMode.values()2
02:12:23.526 | INFO  | Finished (in 0.216 sec): method io.seata.core.store.StoreMode.values() 
<StatsForMethod> :
	#generatedTC=2
	WITH NO EXCEPTIONS
02:12:23.549 | DEBUG |  ... 
02:12:23.549 | INFO  | Started: method io.seata.core.store.StoreMode.<init>()
02:12:23.550 | INFO  |  -- Remaining time budget: 62284 ms, #remaining_methods: 1, budget for method: 62284 ms, solver timeout: 1000 ms, budget for symbolic execution: 61084 ms, budget for concrete execution: 1200 ms,  -- 
02:12:23.562 | ERROR | Symbolic execution FAILED
com.huawei.utbot.instrumentation.util.ChildProcessError: Error in the child process |> java.lang.IllegalArgumentException: Cannot reflectively create enum objects
	at java.lang.reflect.Constructor.newInstance(Constructor.java:417)
	at com.huawei.utbot.instrumentation.instrumentation.InvokeInstrumentation$invoke$$inlined$run$lambda$2.invoke(InvokeInstrumentation.kt:70)
	at com.huawei.utbot.common.ThreadBasedExecutor$invokeWithTimeout$1.invoke(ThreadUtil.kt:43)
	at com.huawei.utbot.common.ThreadBasedExecutor$invokeWithTimeout$1.invoke(ThreadUtil.kt:22)
	at kotlin.concurrent.ThreadsKt$thread$thread$1.run(Thread.kt:30)

	at com.huawei.utbot.instrumentation.ConcreteExecutor.executeAsync(ConcreteExecutor.kt:391) ~[utbot-junit-contest-1.0.jar:?]
	at com.huawei.utbot.instrumentation.ConcreteExecutor$executeAsync$1.invokeSuspend(ConcreteExecutor.kt) ~[utbot-junit-contest-1.0.jar:?]
	at kotlin.coroutines.jvm.internal.BaseContinuationImpl.resumeWith(ContinuationImpl.kt:33) [utbot-junit-contest-1.0.jar:?]
	at kotlinx.coroutines.DispatchedTask.run(DispatchedTask.kt:106) [utbot-junit-contest-1.0.jar:?]
	at java.util.concurrent.Executors$RunnableAdapter.call(Executors.java:511) [?:1.8.0_312]
	at java.util.concurrent.FutureTask.run(FutureTask.java:266) [?:1.8.0_312]
	at java.util.concurrent.ScheduledThreadPoolExecutor$ScheduledFutureTask.access$201(ScheduledThreadPoolExecutor.java:180) [?:1.8.0_312]
	at java.util.concurrent.ScheduledThreadPoolExecutor$ScheduledFutureTask.run(ScheduledThreadPoolExecutor.java:293) [?:1.8.0_312]
	at java.util.concurrent.ThreadPoolExecutor.runWorker(ThreadPoolExecutor.java:1149) [?:1.8.0_312]
	at java.util.concurrent.ThreadPoolExecutor$Worker.run(ThreadPoolExecutor.java:624) [?:1.8.0_312]
	at java.lang.Thread.run(Thread.java:748) [?:1.8.0_312]
02:12:23.627 | DEBUG | --new testCase collected, to generate: testIo.seata.core.store.StoreMode.<init>()1
02:12:23.627 | INFO  | Finished (in 0.078 sec): method io.seata.core.store.StoreMode.<init>() 
<StatsForMethod> :
	#generatedTC=1
	FAILED 1 time(s) with 1 different exception(s)"
02:12:23.636 | INFO  | Started: Flushing tests for [StoreMode] on disk
02:12:23.764 | INFO  | File size for StoreModeTest: 9 KB
02:12:23.766 | INFO  | Finished (in 0.130 sec): Flushing tests for [StoreMode] on disk 
02:12:23.767 | INFO  | Finished (in 39.910 sec): class io.seata.core.store.StoreMode 
<StatsForClass> :
	canceled by timeout = false
	#methods = 4, 
	#methods started symbolic exploration = 4
	#methods with at least one TC = 4
	#methods with exceptions = 1
	#generated TC = 12
	#coverage = null
[READY]
