
>>> TOOL NAME:  utbot-mocks

>>> BENCHMARK:  SPOON-169

>>> RUN NUMBER: 6

>>> MODE: --only-compute-metrics
Creating directory ./temp
Creating directory ./temp/data
Creating directory ./temp/testcases
Executing /home/utbot_mocks/./runtool
>> BENCHMARK
>> /var/benchmarks/projects/spoon/src/main/java
>> /var/benchmarks/projects/spoon/target/classes
>> 31
>> /var/benchmarks/projects/spoon/target/spoon-core-7.0.0.jar
>> /var/benchmarks/projects/./spoon/target/dependency/org.eclipse.text-3.12.0.jar
>> /var/benchmarks/projects/spoon/target/dependency/org.eclipse.equinox.app-1.6.100.jar
>> /var/benchmarks/projects/spoon/target/dependency/org.eclipse.core.contenttype-3.8.100.jar
>> /var/benchmarks/projects/spoon/target/dependency/mockito-all-2.0.2-beta.jar
>> /var/benchmarks/projects/spoon/target/dependency/jackson-databind-2.9.2.jar
>> /var/benchmarks/projects/spoon/target/dependency/guava-18.0.jar
>> /var/benchmarks/projects/spoon/target/dependency/org.eclipse.core.expressions-3.8.100.jar
>> /var/benchmarks/projects/spoon/target/dependency/org.eclipse.core.commands-3.10.100.jar
>> /var/benchmarks/projects/spoon/target/dependency/jackson-annotations-2.9.0.jar
>> /var/benchmarks/projects/spoon/target/dependency/org.eclipse.jdt.core-3.13.102.jar
>> /var/benchmarks/projects/spoon/target/dependency/org.eclipse.core.runtime-3.24.0.jar
>> /var/benchmarks/projects/spoon/target/dependency/org.eclipse.core.resources-3.16.0.jar
>> /var/benchmarks/projects/spoon/target/dependency/jackson-core-2.9.2.jar
>> /var/benchmarks/projects/spoon/target/dependency/junit-4.12.jar
>> /var/benchmarks/projects/spoon/target/dependency/org.eclipse.equinox.registry-3.11.100.jar
>> /var/benchmarks/projects/spoon/target/dependency/hamcrest-core-1.3.jar
>> /var/benchmarks/projects/spoon/target/dependency/maven-model-3.3.9.jar
>> /var/benchmarks/projects/spoon/target/dependency/plexus-utils-3.0.22.jar
>> /var/benchmarks/projects/spoon/target/dependency/jsap-2.1.jar
>> /var/benchmarks/projects/spoon/target/dependency/bridge-method-annotation-1.13.jar
>> /var/benchmarks/projects/spoon/target/dependency/org.eclipse.equinox.common-3.15.100.jar
>> /var/benchmarks/projects/spoon/target/dependency/org.eclipse.core.jobs-3.12.0.jar
>> /var/benchmarks/projects/spoon/target/dependency/commons-io-2.5.jar
>> /var/benchmarks/projects/spoon/target/dependency/commons-lang3-3.5.jar
>> /var/benchmarks/projects/spoon/target/dependency/system-rules-1.9.0.jar
>> /var/benchmarks/projects/spoon/target/dependency/querydsl-core-3.6.9.jar
>> /var/benchmarks/projects/spoon/target/dependency/org.eclipse.core.filesystem-1.9.200.jar
>> /var/benchmarks/projects/spoon/target/dependency/org.eclipse.equinox.preferences-3.9.100.jar
>> /var/benchmarks/projects/spoon/target/dependency/org.eclipse.osgi-3.17.100.jar
>> /var/benchmarks/projects/spoon/target/dependency/log4j-1.2.17.jar
>> 0
expecting CLASSPATH or READY
<< CLASSPATH
expecting number
<< 0
<< READY
>> 120


### COMPUTING METRICS ###: spoon.support.reflect.code.CtStatementListImpl


Starting class spoon.support.reflect.code.CtStatementListImpl


Ending class spoon.support.reflect.code.CtStatementListImpl
Creating directory results_utbot-mocks_120/SPOON-169_6/temp/testcases/bin
Creating dummy JUnit test file

---Compilation---

===
javac command line:
/usr/bin/javac -sourcepath /home/utbot_mocks/results_utbot-mocks_120/SPOON-169_6/temp/testcases -cp /var/benchmarks/projects/spoon/target/spoon-core-7.0.0.jar:/var/benchmarks/projects/./spoon/target/dependency/org.eclipse.text-3.12.0.jar:/var/benchmarks/projects/spoon/target/dependency/org.eclipse.equinox.app-1.6.100.jar:/var/benchmarks/projects/spoon/target/dependency/org.eclipse.core.contenttype-3.8.100.jar:/var/benchmarks/projects/spoon/target/dependency/mockito-all-2.0.2-beta.jar:/var/benchmarks/projects/spoon/target/dependency/jackson-databind-2.9.2.jar:/var/benchmarks/projects/spoon/target/dependency/guava-18.0.jar:/var/benchmarks/projects/spoon/target/dependency/org.eclipse.core.expressions-3.8.100.jar:/var/benchmarks/projects/spoon/target/dependency/org.eclipse.core.commands-3.10.100.jar:/var/benchmarks/projects/spoon/target/dependency/jackson-annotations-2.9.0.jar:/var/benchmarks/projects/spoon/target/dependency/org.eclipse.jdt.core-3.13.102.jar:/var/benchmarks/projects/spoon/target/dependency/org.eclipse.core.runtime-3.24.0.jar:/var/benchmarks/projects/spoon/target/dependency/org.eclipse.core.resources-3.16.0.jar:/var/benchmarks/projects/spoon/target/dependency/jackson-core-2.9.2.jar:/var/benchmarks/projects/spoon/target/dependency/junit-4.12.jar:/var/benchmarks/projects/spoon/target/dependency/org.eclipse.equinox.registry-3.11.100.jar:/var/benchmarks/projects/spoon/target/dependency/hamcrest-core-1.3.jar:/var/benchmarks/projects/spoon/target/dependency/maven-model-3.3.9.jar:/var/benchmarks/projects/spoon/target/dependency/plexus-utils-3.0.22.jar:/var/benchmarks/projects/spoon/target/dependency/jsap-2.1.jar:/var/benchmarks/projects/spoon/target/dependency/bridge-method-annotation-1.13.jar:/var/benchmarks/projects/spoon/target/dependency/org.eclipse.equinox.common-3.15.100.jar:/var/benchmarks/projects/spoon/target/dependency/org.eclipse.core.jobs-3.12.0.jar:/var/benchmarks/projects/spoon/target/dependency/commons-io-2.5.jar:/var/benchmarks/projects/spoon/target/dependency/commons-lang3-3.5.jar:/var/benchmarks/projects/spoon/target/dependency/system-rules-1.9.0.jar:/var/benchmarks/projects/spoon/target/dependency/querydsl-core-3.6.9.jar:/var/benchmarks/projects/spoon/target/dependency/org.eclipse.core.filesystem-1.9.200.jar:/var/benchmarks/projects/spoon/target/dependency/org.eclipse.equinox.preferences-3.9.100.jar:/var/benchmarks/projects/spoon/target/dependency/org.eclipse.osgi-3.17.100.jar:/var/benchmarks/projects/spoon/target/dependency/log4j-1.2.17.jar:/usr/local/bin/lib/junit.jar:/usr/local/bin/lib/hamcrest-core.jar -d results_utbot-mocks_120/SPOON-169_6/temp/testcases/bin /home/utbot_mocks/results_utbot-mocks_120/SPOON-169_6/temp/testcases/SBSTDummyForCoverageAndMutationCalculation.java


===
javac command line:
/usr/bin/javac -sourcepath /home/utbot_mocks/results_utbot-mocks_120/SPOON-169_6/temp/testcases -cp /var/benchmarks/projects/spoon/target/spoon-core-7.0.0.jar:/var/benchmarks/projects/./spoon/target/dependency/org.eclipse.text-3.12.0.jar:/var/benchmarks/projects/spoon/target/dependency/org.eclipse.equinox.app-1.6.100.jar:/var/benchmarks/projects/spoon/target/dependency/org.eclipse.core.contenttype-3.8.100.jar:/var/benchmarks/projects/spoon/target/dependency/mockito-all-2.0.2-beta.jar:/var/benchmarks/projects/spoon/target/dependency/jackson-databind-2.9.2.jar:/var/benchmarks/projects/spoon/target/dependency/guava-18.0.jar:/var/benchmarks/projects/spoon/target/dependency/org.eclipse.core.expressions-3.8.100.jar:/var/benchmarks/projects/spoon/target/dependency/org.eclipse.core.commands-3.10.100.jar:/var/benchmarks/projects/spoon/target/dependency/jackson-annotations-2.9.0.jar:/var/benchmarks/projects/spoon/target/dependency/org.eclipse.jdt.core-3.13.102.jar:/var/benchmarks/projects/spoon/target/dependency/org.eclipse.core.runtime-3.24.0.jar:/var/benchmarks/projects/spoon/target/dependency/org.eclipse.core.resources-3.16.0.jar:/var/benchmarks/projects/spoon/target/dependency/jackson-core-2.9.2.jar:/var/benchmarks/projects/spoon/target/dependency/junit-4.12.jar:/var/benchmarks/projects/spoon/target/dependency/org.eclipse.equinox.registry-3.11.100.jar:/var/benchmarks/projects/spoon/target/dependency/hamcrest-core-1.3.jar:/var/benchmarks/projects/spoon/target/dependency/maven-model-3.3.9.jar:/var/benchmarks/projects/spoon/target/dependency/plexus-utils-3.0.22.jar:/var/benchmarks/projects/spoon/target/dependency/jsap-2.1.jar:/var/benchmarks/projects/spoon/target/dependency/bridge-method-annotation-1.13.jar:/var/benchmarks/projects/spoon/target/dependency/org.eclipse.equinox.common-3.15.100.jar:/var/benchmarks/projects/spoon/target/dependency/org.eclipse.core.jobs-3.12.0.jar:/var/benchmarks/projects/spoon/target/dependency/commons-io-2.5.jar:/var/benchmarks/projects/spoon/target/dependency/commons-lang3-3.5.jar:/var/benchmarks/projects/spoon/target/dependency/system-rules-1.9.0.jar:/var/benchmarks/projects/spoon/target/dependency/querydsl-core-3.6.9.jar:/var/benchmarks/projects/spoon/target/dependency/org.eclipse.core.filesystem-1.9.200.jar:/var/benchmarks/projects/spoon/target/dependency/org.eclipse.equinox.preferences-3.9.100.jar:/var/benchmarks/projects/spoon/target/dependency/org.eclipse.osgi-3.17.100.jar:/var/benchmarks/projects/spoon/target/dependency/log4j-1.2.17.jar:/usr/local/bin/lib/junit.jar:/usr/local/bin/lib/hamcrest-core.jar -d results_utbot-mocks_120/SPOON-169_6/temp/testcases/bin /home/utbot_mocks/results_utbot-mocks_120/SPOON-169_6/temp/testcases/spoon/support/reflect/code/CtStatementListImplTest.java

/home/utbot_mocks/results_utbot-mocks_120/SPOON-169_6/temp/testcases/spoon/support/reflect/code/CtStatementListImplTest.java:22: warning: StreamEncoder is internal proprietary API and may be removed in a future release
import sun.nio.cs.StreamEncoder;
                 ^
/home/utbot_mocks/results_utbot-mocks_120/SPOON-169_6/temp/testcases/spoon/support/reflect/code/CtStatementListImplTest.java:23: warning: US_ASCII is internal proprietary API and may be removed in a future release
import sun.nio.cs.US_ASCII;
                 ^
/home/utbot_mocks/results_utbot-mocks_120/SPOON-169_6/temp/testcases/spoon/support/reflect/code/CtStatementListImplTest.java:24: warning: StandardCharsets is internal proprietary API and may be removed in a future release
import sun.nio.cs.StandardCharsets;
                 ^
/home/utbot_mocks/results_utbot-mocks_120/SPOON-169_6/temp/testcases/spoon/support/reflect/code/CtStatementListImplTest.java:26: warning: Surrogate is internal proprietary API and may be removed in a future release
import sun.nio.cs.Surrogate.Parser;
                 ^
/home/utbot_mocks/results_utbot-mocks_120/SPOON-169_6/temp/testcases/spoon/support/reflect/code/CtStatementListImplTest.java:26: warning: Surrogate is internal proprietary API and may be removed in a future release
import sun.nio.cs.Surrogate.Parser;
                 ^
/home/utbot_mocks/results_utbot-mocks_120/SPOON-169_6/temp/testcases/spoon/support/reflect/code/CtStatementListImplTest.java:27: warning: Surrogate is internal proprietary API and may be removed in a future release
import sun.nio.cs.Surrogate;
                 ^
/home/utbot_mocks/results_utbot-mocks_120/SPOON-169_6/temp/testcases/spoon/support/reflect/code/CtStatementListImplTest.java:34: error: package com.huawei.utbot.engine.overrides.collections.UtArrayList does not exist
import com.huawei.utbot.engine.overrides.collections.UtArrayList.UtArrayListIterator;
                                                                ^
/home/utbot_mocks/results_utbot-mocks_120/SPOON-169_6/temp/testcases/spoon/support/reflect/code/CtStatementListImplTest.java:35: error: package com.huawei.utbot.engine.overrides.collections does not exist
import com.huawei.utbot.engine.overrides.collections.UtArrayList;
                                                    ^
/home/utbot_mocks/results_utbot-mocks_120/SPOON-169_6/temp/testcases/spoon/support/reflect/code/CtStatementListImplTest.java:49: warning: Unsafe is internal proprietary API and may be removed in a future release
import sun.misc.Unsafe;
               ^
/home/utbot_mocks/results_utbot-mocks_120/SPOON-169_6/temp/testcases/spoon/support/reflect/code/CtStatementListImplTest.java:53: error: cannot find symbol
import static org.mockito.ArgumentMatchers.any;
                         ^
  symbol:   class ArgumentMatchers
  location: package org.mockito
/home/utbot_mocks/results_utbot-mocks_120/SPOON-169_6/temp/testcases/spoon/support/reflect/code/CtStatementListImplTest.java:53: error: static import only from classes and interfaces
import static org.mockito.ArgumentMatchers.any;
^
/home/utbot_mocks/results_utbot-mocks_120/SPOON-169_6/temp/testcases/spoon/support/reflect/code/CtStatementListImplTest.java:54: error: cannot find symbol
import static org.mockito.Mockito.mockStatic;
^
  symbol:   static mockStatic
  location: class
/home/utbot_mocks/results_utbot-mocks_120/SPOON-169_6/temp/testcases/spoon/support/reflect/code/CtStatementListImplTest.java:160: error: package UtArrayList does not exist
        UtArrayList.UtArrayListIterator expected = ((UtArrayList.UtArrayListIterator) createInstance("com.huawei.utbot.engine.overrides.collections.UtArrayList$UtArrayListIterator"));
                   ^
/home/utbot_mocks/results_utbot-mocks_120/SPOON-169_6/temp/testcases/spoon/support/reflect/code/CtStatementListImplTest.java:160: error: package UtArrayList does not exist
        UtArrayList.UtArrayListIterator expected = ((UtArrayList.UtArrayListIterator) createInstance("com.huawei.utbot.engine.overrides.collections.UtArrayList$UtArrayListIterator"));
                                                                ^
/home/utbot_mocks/results_utbot-mocks_120/SPOON-169_6/temp/testcases/spoon/support/reflect/code/CtStatementListImplTest.java:184: error: cannot find symbol
        org.mockito.MockedStatic mockedStatic = null;
                   ^
  symbol:   class MockedStatic
  location: package org.mockito
/home/utbot_mocks/results_utbot-mocks_120/SPOON-169_6/temp/testcases/spoon/support/reflect/code/CtStatementListImplTest.java:186: error: cannot find symbol
            mockedStatic = mockStatic(spoon.reflect.visitor.Query.class);
                           ^
  symbol:   method mockStatic(Class<Query>)
  location: class CtStatementListImplTest
/home/utbot_mocks/results_utbot-mocks_120/SPOON-169_6/temp/testcases/spoon/support/reflect/code/CtStatementListImplTest.java:188: error: cannot find symbol
                spoon.reflect.visitor.Query.getElements(any(CtElement.class), any(Filter.class));
                                                        ^
  symbol:   method any(Class<CtElement>)
  location: class CtStatementListImplTest
/home/utbot_mocks/results_utbot-mocks_120/SPOON-169_6/temp/testcases/spoon/support/reflect/code/CtStatementListImplTest.java:188: error: cannot find symbol
                spoon.reflect.visitor.Query.getElements(any(CtElement.class), any(Filter.class));
                                                                              ^
  symbol:   method any(Class<Filter>)
  location: class CtStatementListImplTest
/home/utbot_mocks/results_utbot-mocks_120/SPOON-169_6/temp/testcases/spoon/support/reflect/code/CtStatementListImplTest.java:203: error: cannot find symbol
        org.mockito.MockedStatic mockedStatic = null;
                   ^
  symbol:   class MockedStatic
  location: package org.mockito
/home/utbot_mocks/results_utbot-mocks_120/SPOON-169_6/temp/testcases/spoon/support/reflect/code/CtStatementListImplTest.java:205: error: cannot find symbol
            mockedStatic = mockStatic(spoon.reflect.visitor.Query.class);
                           ^
  symbol:   method mockStatic(Class<Query>)
  location: class CtStatementListImplTest
/home/utbot_mocks/results_utbot-mocks_120/SPOON-169_6/temp/testcases/spoon/support/reflect/code/CtStatementListImplTest.java:208: error: cannot find symbol
                spoon.reflect.visitor.Query.getElements(any(CtElement.class), any(Filter.class));
                                                        ^
  symbol:   method any(Class<CtElement>)
  location: class CtStatementListImplTest
/home/utbot_mocks/results_utbot-mocks_120/SPOON-169_6/temp/testcases/spoon/support/reflect/code/CtStatementListImplTest.java:208: error: cannot find symbol
                spoon.reflect.visitor.Query.getElements(any(CtElement.class), any(Filter.class));
                                                                              ^
  symbol:   method any(Class<Filter>)
  location: class CtStatementListImplTest
/home/utbot_mocks/results_utbot-mocks_120/SPOON-169_6/temp/testcases/spoon/support/reflect/code/CtStatementListImplTest.java:238: error: cannot find symbol
        org.mockito.MockedStatic mockedStatic = null;
                   ^
  symbol:   class MockedStatic
  location: package org.mockito
/home/utbot_mocks/results_utbot-mocks_120/SPOON-169_6/temp/testcases/spoon/support/reflect/code/CtStatementListImplTest.java:240: error: cannot find symbol
            mockedStatic = mockStatic(spoon.reflect.visitor.Query.class);
                           ^
  symbol:   method mockStatic(Class<Query>)
  location: class CtStatementListImplTest
/home/utbot_mocks/results_utbot-mocks_120/SPOON-169_6/temp/testcases/spoon/support/reflect/code/CtStatementListImplTest.java:242: error: cannot find symbol
                spoon.reflect.visitor.Query.getElements(any(CtElement.class), any(Filter.class));
                                                        ^
  symbol:   method any(Class<CtElement>)
  location: class CtStatementListImplTest
/home/utbot_mocks/results_utbot-mocks_120/SPOON-169_6/temp/testcases/spoon/support/reflect/code/CtStatementListImplTest.java:242: error: cannot find symbol
                spoon.reflect.visitor.Query.getElements(any(CtElement.class), any(Filter.class));
                                                                              ^
  symbol:   method any(Class<Filter>)
  location: class CtStatementListImplTest
/home/utbot_mocks/results_utbot-mocks_120/SPOON-169_6/temp/testcases/spoon/support/reflect/code/CtStatementListImplTest.java:257: error: cannot find symbol
        org.mockito.MockedStatic mockedStatic = null;
                   ^
  symbol:   class MockedStatic
  location: package org.mockito
/home/utbot_mocks/results_utbot-mocks_120/SPOON-169_6/temp/testcases/spoon/support/reflect/code/CtStatementListImplTest.java:259: error: cannot find symbol
            mockedStatic = mockStatic(spoon.reflect.visitor.Query.class);
                           ^
  symbol:   method mockStatic(Class<Query>)
  location: class CtStatementListImplTest
/home/utbot_mocks/results_utbot-mocks_120/SPOON-169_6/temp/testcases/spoon/support/reflect/code/CtStatementListImplTest.java:262: error: cannot find symbol
                spoon.reflect.visitor.Query.getElements(any(CtElement.class), any(Filter.class));
                                                        ^
  symbol:   method any(Class<CtElement>)
  location: class CtStatementListImplTest
/home/utbot_mocks/results_utbot-mocks_120/SPOON-169_6/temp/testcases/spoon/support/reflect/code/CtStatementListImplTest.java:262: error: cannot find symbol
                spoon.reflect.visitor.Query.getElements(any(CtElement.class), any(Filter.class));
                                                                              ^
  symbol:   method any(Class<Filter>)
  location: class CtStatementListImplTest
/home/utbot_mocks/results_utbot-mocks_120/SPOON-169_6/temp/testcases/spoon/support/reflect/code/CtStatementListImplTest.java:292: error: cannot find symbol
        org.mockito.MockedStatic mockedStatic = null;
                   ^
  symbol:   class MockedStatic
  location: package org.mockito
/home/utbot_mocks/results_utbot-mocks_120/SPOON-169_6/temp/testcases/spoon/support/reflect/code/CtStatementListImplTest.java:294: error: cannot find symbol
            mockedStatic = mockStatic(spoon.reflect.visitor.Query.class);
                           ^
  symbol:   method mockStatic(Class<Query>)
  location: class CtStatementListImplTest
/home/utbot_mocks/results_utbot-mocks_120/SPOON-169_6/temp/testcases/spoon/support/reflect/code/CtStatementListImplTest.java:296: error: cannot find symbol
                spoon.reflect.visitor.Query.getElements(any(CtElement.class), any(Filter.class));
                                                        ^
  symbol:   method any(Class<CtElement>)
  location: class CtStatementListImplTest
/home/utbot_mocks/results_utbot-mocks_120/SPOON-169_6/temp/testcases/spoon/support/reflect/code/CtStatementListImplTest.java:296: error: cannot find symbol
                spoon.reflect.visitor.Query.getElements(any(CtElement.class), any(Filter.class));
                                                                              ^
  symbol:   method any(Class<Filter>)
  location: class CtStatementListImplTest
/home/utbot_mocks/results_utbot-mocks_120/SPOON-169_6/temp/testcases/spoon/support/reflect/code/CtStatementListImplTest.java:311: error: cannot find symbol
        org.mockito.MockedStatic mockedStatic = null;
                   ^
  symbol:   class MockedStatic
  location: package org.mockito
/home/utbot_mocks/results_utbot-mocks_120/SPOON-169_6/temp/testcases/spoon/support/reflect/code/CtStatementListImplTest.java:313: error: cannot find symbol
            mockedStatic = mockStatic(spoon.reflect.visitor.Query.class);
                           ^
  symbol:   method mockStatic(Class<Query>)
  location: class CtStatementListImplTest
/home/utbot_mocks/results_utbot-mocks_120/SPOON-169_6/temp/testcases/spoon/support/reflect/code/CtStatementListImplTest.java:316: error: cannot find symbol
                spoon.reflect.visitor.Query.getElements(any(CtElement.class), any(Filter.class));
                                                        ^
  symbol:   method any(Class<CtElement>)
  location: class CtStatementListImplTest
/home/utbot_mocks/results_utbot-mocks_120/SPOON-169_6/temp/testcases/spoon/support/reflect/code/CtStatementListImplTest.java:316: error: cannot find symbol
                spoon.reflect.visitor.Query.getElements(any(CtElement.class), any(Filter.class));
                                                                              ^
  symbol:   method any(Class<Filter>)
  location: class CtStatementListImplTest
/home/utbot_mocks/results_utbot-mocks_120/SPOON-169_6/temp/testcases/spoon/support/reflect/code/CtStatementListImplTest.java:346: error: cannot find symbol
        org.mockito.MockedStatic mockedStatic = null;
                   ^
  symbol:   class MockedStatic
  location: package org.mockito
/home/utbot_mocks/results_utbot-mocks_120/SPOON-169_6/temp/testcases/spoon/support/reflect/code/CtStatementListImplTest.java:348: error: cannot find symbol
            mockedStatic = mockStatic(spoon.reflect.visitor.Query.class);
                           ^
  symbol:   method mockStatic(Class<Query>)
  location: class CtStatementListImplTest
/home/utbot_mocks/results_utbot-mocks_120/SPOON-169_6/temp/testcases/spoon/support/reflect/code/CtStatementListImplTest.java:350: error: cannot find symbol
                spoon.reflect.visitor.Query.getElements(any(CtElement.class), any(Filter.class));
                                                        ^
  symbol:   method any(Class<CtElement>)
  location: class CtStatementListImplTest
/home/utbot_mocks/results_utbot-mocks_120/SPOON-169_6/temp/testcases/spoon/support/reflect/code/CtStatementListImplTest.java:350: error: cannot find symbol
                spoon.reflect.visitor.Query.getElements(any(CtElement.class), any(Filter.class));
                                                                              ^
  symbol:   method any(Class<Filter>)
  location: class CtStatementListImplTest
/home/utbot_mocks/results_utbot-mocks_120/SPOON-169_6/temp/testcases/spoon/support/reflect/code/CtStatementListImplTest.java:365: error: cannot find symbol
        org.mockito.MockedStatic mockedStatic = null;
                   ^
  symbol:   class MockedStatic
  location: package org.mockito
/home/utbot_mocks/results_utbot-mocks_120/SPOON-169_6/temp/testcases/spoon/support/reflect/code/CtStatementListImplTest.java:367: error: cannot find symbol
            mockedStatic = mockStatic(spoon.reflect.visitor.Query.class);
                           ^
  symbol:   method mockStatic(Class<Query>)
  location: class CtStatementListImplTest
/home/utbot_mocks/results_utbot-mocks_120/SPOON-169_6/temp/testcases/spoon/support/reflect/code/CtStatementListImplTest.java:370: error: cannot find symbol
                spoon.reflect.visitor.Query.getElements(any(CtElement.class), any(Filter.class));
                                                        ^
  symbol:   method any(Class<CtElement>)
  location: class CtStatementListImplTest
/home/utbot_mocks/results_utbot-mocks_120/SPOON-169_6/temp/testcases/spoon/support/reflect/code/CtStatementListImplTest.java:370: error: cannot find symbol
                spoon.reflect.visitor.Query.getElements(any(CtElement.class), any(Filter.class));
                                                                              ^
  symbol:   method any(Class<Filter>)
  location: class CtStatementListImplTest
/home/utbot_mocks/results_utbot-mocks_120/SPOON-169_6/temp/testcases/spoon/support/reflect/code/CtStatementListImplTest.java:400: error: cannot find symbol
        org.mockito.MockedStatic mockedStatic = null;
                   ^
  symbol:   class MockedStatic
  location: package org.mockito
/home/utbot_mocks/results_utbot-mocks_120/SPOON-169_6/temp/testcases/spoon/support/reflect/code/CtStatementListImplTest.java:402: error: cannot find symbol
            mockedStatic = mockStatic(spoon.support.reflect.declaration.CtElementImpl.class);
                           ^
  symbol:   method mockStatic(Class<CtElementImpl>)
  location: class CtStatementListImplTest
/home/utbot_mocks/results_utbot-mocks_120/SPOON-169_6/temp/testcases/spoon/support/reflect/code/CtStatementListImplTest.java:419: error: cannot find symbol
        org.mockito.MockedStatic mockedStatic = null;
                   ^
  symbol:   class MockedStatic
  location: package org.mockito
/home/utbot_mocks/results_utbot-mocks_120/SPOON-169_6/temp/testcases/spoon/support/reflect/code/CtStatementListImplTest.java:421: error: cannot find symbol
            mockedStatic = mockStatic(spoon.support.reflect.declaration.CtElementImpl.class);
                           ^
  symbol:   method mockStatic(Class<CtElementImpl>)
  location: class CtStatementListImplTest
/home/utbot_mocks/results_utbot-mocks_120/SPOON-169_6/temp/testcases/spoon/support/reflect/code/CtStatementListImplTest.java:448: error: cannot find symbol
        org.mockito.MockedStatic mockedStatic = null;
                   ^
  symbol:   class MockedStatic
  location: package org.mockito
/home/utbot_mocks/results_utbot-mocks_120/SPOON-169_6/temp/testcases/spoon/support/reflect/code/CtStatementListImplTest.java:450: error: cannot find symbol
            mockedStatic = mockStatic(spoon.support.reflect.declaration.CtElementImpl.class);
                           ^
  symbol:   method mockStatic(Class<CtElementImpl>)
  location: class CtStatementListImplTest
/home/utbot_mocks/results_utbot-mocks_120/SPOON-169_6/temp/testcases/spoon/support/reflect/code/CtStatementListImplTest.java:467: error: cannot find symbol
        org.mockito.MockedStatic mockedStatic = null;
                   ^
  symbol:   class MockedStatic
  location: package org.mockito
/home/utbot_mocks/results_utbot-mocks_120/SPOON-169_6/temp/testcases/spoon/support/reflect/code/CtStatementListImplTest.java:469: error: cannot find symbol
            mockedStatic = mockStatic(spoon.support.reflect.declaration.CtElementImpl.class);
                           ^
  symbol:   method mockStatic(Class<CtElementImpl>)
  location: class CtStatementListImplTest
/home/utbot_mocks/results_utbot-mocks_120/SPOON-169_6/temp/testcases/spoon/support/reflect/code/CtStatementListImplTest.java:488: error: cannot find symbol
        org.mockito.MockedStatic mockedStatic = null;
                   ^
  symbol:   class MockedStatic
  location: package org.mockito
/home/utbot_mocks/results_utbot-mocks_120/SPOON-169_6/temp/testcases/spoon/support/reflect/code/CtStatementListImplTest.java:490: error: cannot find symbol
            mockedStatic = mockStatic(spoon.support.reflect.declaration.CtElementImpl.class);
                           ^
  symbol:   method mockStatic(Class<CtElementImpl>)
  location: class CtStatementListImplTest
/home/utbot_mocks/results_utbot-mocks_120/SPOON-169_6/temp/testcases/spoon/support/reflect/code/CtStatementListImplTest.java:535: error: cannot find symbol
        org.mockito.MockedStatic mockedStatic = null;
                   ^
  symbol:   class MockedStatic
  location: package org.mockito
/home/utbot_mocks/results_utbot-mocks_120/SPOON-169_6/temp/testcases/spoon/support/reflect/code/CtStatementListImplTest.java:537: error: cannot find symbol
            mockedStatic = mockStatic(spoon.support.reflect.declaration.CtElementImpl.class);
                           ^
  symbol:   method mockStatic(Class<CtElementImpl>)
  location: class CtStatementListImplTest
/home/utbot_mocks/results_utbot-mocks_120/SPOON-169_6/temp/testcases/spoon/support/reflect/code/CtStatementListImplTest.java:544: error: cannot find symbol
            when(ctStatementMock.setParent(org.mockito.ArgumentMatchers.any())).thenReturn(((CtElement) null));
                                                      ^
  symbol:   class ArgumentMatchers
  location: package org.mockito
/home/utbot_mocks/results_utbot-mocks_120/SPOON-169_6/temp/testcases/spoon/support/reflect/code/CtStatementListImplTest.java:557: error: cannot find symbol
        org.mockito.MockedStatic mockedStatic = null;
                   ^
  symbol:   class MockedStatic
  location: package org.mockito
/home/utbot_mocks/results_utbot-mocks_120/SPOON-169_6/temp/testcases/spoon/support/reflect/code/CtStatementListImplTest.java:559: error: cannot find symbol
            mockedStatic = mockStatic(spoon.support.reflect.declaration.CtElementImpl.class);
                           ^
  symbol:   method mockStatic(Class<CtElementImpl>)
  location: class CtStatementListImplTest
/home/utbot_mocks/results_utbot-mocks_120/SPOON-169_6/temp/testcases/spoon/support/reflect/code/CtStatementListImplTest.java:568: error: cannot find symbol
            when(ctStatementMock.setParent(org.mockito.ArgumentMatchers.any())).thenReturn(((CtElement) null));
                                                      ^
  symbol:   class ArgumentMatchers
  location: package org.mockito
/home/utbot_mocks/results_utbot-mocks_120/SPOON-169_6/temp/testcases/spoon/support/reflect/code/CtStatementListImplTest.java:581: error: cannot find symbol
        org.mockito.MockedStatic mockedStatic = null;
                   ^
  symbol:   class MockedStatic
  location: package org.mockito
/home/utbot_mocks/results_utbot-mocks_120/SPOON-169_6/temp/testcases/spoon/support/reflect/code/CtStatementListImplTest.java:583: error: cannot find symbol
            mockedStatic = mockStatic(spoon.support.reflect.declaration.CtElementImpl.class);
                           ^
  symbol:   method mockStatic(Class<CtElementImpl>)
  location: class CtStatementListImplTest
/home/utbot_mocks/results_utbot-mocks_120/SPOON-169_6/temp/testcases/spoon/support/reflect/code/CtStatementListImplTest.java:592: error: cannot find symbol
            when(ctStatementMock.setParent(org.mockito.ArgumentMatchers.any())).thenReturn(((CtElement) null));
                                                      ^
  symbol:   class ArgumentMatchers
  location: package org.mockito
/home/utbot_mocks/results_utbot-mocks_120/SPOON-169_6/temp/testcases/spoon/support/reflect/code/CtStatementListImplTest.java:653: error: cannot find symbol
        org.mockito.MockedStatic mockedStatic = null;
                   ^
  symbol:   class MockedStatic
  location: package org.mockito
/home/utbot_mocks/results_utbot-mocks_120/SPOON-169_6/temp/testcases/spoon/support/reflect/code/CtStatementListImplTest.java:655: error: cannot find symbol
            mockedStatic = mockStatic(spoon.support.reflect.declaration.CtElementImpl.class);
                           ^
  symbol:   method mockStatic(Class<CtElementImpl>)
  location: class CtStatementListImplTest
/home/utbot_mocks/results_utbot-mocks_120/SPOON-169_6/temp/testcases/spoon/support/reflect/code/CtStatementListImplTest.java:676: error: cannot find symbol
        org.mockito.MockedStatic mockedStatic = null;
                   ^
  symbol:   class MockedStatic
  location: package org.mockito
/home/utbot_mocks/results_utbot-mocks_120/SPOON-169_6/temp/testcases/spoon/support/reflect/code/CtStatementListImplTest.java:678: error: cannot find symbol
            mockedStatic = mockStatic(spoon.support.reflect.declaration.CtElementImpl.class);
                           ^
  symbol:   method mockStatic(Class<CtElementImpl>)
  location: class CtStatementListImplTest
/home/utbot_mocks/results_utbot-mocks_120/SPOON-169_6/temp/testcases/spoon/support/reflect/code/CtStatementListImplTest.java:783: error: cannot find symbol
        org.mockito.MockedStatic mockedStatic = null;
                   ^
  symbol:   class MockedStatic
  location: package org.mockito
/home/utbot_mocks/results_utbot-mocks_120/SPOON-169_6/temp/testcases/spoon/support/reflect/code/CtStatementListImplTest.java:785: error: cannot find symbol
            mockedStatic = mockStatic(spoon.support.reflect.declaration.CtElementImpl.class);
                           ^
  symbol:   method mockStatic(Class<CtElementImpl>)
  location: class CtStatementListImplTest
/home/utbot_mocks/results_utbot-mocks_120/SPOON-169_6/temp/testcases/spoon/support/reflect/code/CtStatementListImplTest.java:930: error: cannot find symbol
        org.mockito.MockedStatic mockedStatic = null;
                   ^
  symbol:   class MockedStatic
  location: package org.mockito
/home/utbot_mocks/results_utbot-mocks_120/SPOON-169_6/temp/testcases/spoon/support/reflect/code/CtStatementListImplTest.java:932: error: cannot find symbol
            mockedStatic = mockStatic(spoon.support.reflect.declaration.CtElementImpl.class);
                           ^
  symbol:   method mockStatic(Class<CtElementImpl>)
  location: class CtStatementListImplTest
/home/utbot_mocks/results_utbot-mocks_120/SPOON-169_6/temp/testcases/spoon/support/reflect/code/CtStatementListImplTest.java:949: error: cannot find symbol
        org.mockito.MockedStatic mockedStatic = null;
                   ^
  symbol:   class MockedStatic
  location: package org.mockito
/home/utbot_mocks/results_utbot-mocks_120/SPOON-169_6/temp/testcases/spoon/support/reflect/code/CtStatementListImplTest.java:951: error: cannot find symbol
            mockedStatic = mockStatic(spoon.support.reflect.declaration.CtElementImpl.class);
                           ^
  symbol:   method mockStatic(Class<CtElementImpl>)
  location: class CtStatementListImplTest
/home/utbot_mocks/results_utbot-mocks_120/SPOON-169_6/temp/testcases/spoon/support/reflect/code/CtStatementListImplTest.java:969: error: cannot find symbol
        org.mockito.MockedStatic mockedStatic = null;
                   ^
  symbol:   class MockedStatic
  location: package org.mockito
/home/utbot_mocks/results_utbot-mocks_120/SPOON-169_6/temp/testcases/spoon/support/reflect/code/CtStatementListImplTest.java:971: error: cannot find symbol
            mockedStatic = mockStatic(spoon.support.reflect.declaration.CtElementImpl.class);
                           ^
  symbol:   method mockStatic(Class<CtElementImpl>)
  location: class CtStatementListImplTest
/home/utbot_mocks/results_utbot-mocks_120/SPOON-169_6/temp/testcases/spoon/support/reflect/code/CtStatementListImplTest.java:1018: error: cannot find symbol
        org.mockito.MockedStatic mockedStatic = null;
                   ^
  symbol:   class MockedStatic
  location: package org.mockito
/home/utbot_mocks/results_utbot-mocks_120/SPOON-169_6/temp/testcases/spoon/support/reflect/code/CtStatementListImplTest.java:1020: error: cannot find symbol
            mockedStatic = mockStatic(spoon.support.reflect.declaration.CtElementImpl.class);
                           ^
  symbol:   method mockStatic(Class<CtElementImpl>)
  location: class CtStatementListImplTest
/home/utbot_mocks/results_utbot-mocks_120/SPOON-169_6/temp/testcases/spoon/support/reflect/code/CtStatementListImplTest.java:1041: error: cannot find symbol
        org.mockito.MockedStatic mockedStatic = null;
                   ^
  symbol:   class MockedStatic
  location: package org.mockito
/home/utbot_mocks/results_utbot-mocks_120/SPOON-169_6/temp/testcases/spoon/support/reflect/code/CtStatementListImplTest.java:1043: error: cannot find symbol
            mockedStatic = mockStatic(spoon.support.reflect.declaration.CtElementImpl.class);
                           ^
  symbol:   method mockStatic(Class<CtElementImpl>)
  location: class CtStatementListImplTest
/home/utbot_mocks/results_utbot-mocks_120/SPOON-169_6/temp/testcases/spoon/support/reflect/code/CtStatementListImplTest.java:1269: warning: Unsafe is internal proprietary API and may be removed in a future release
    private static sun.misc.Unsafe getUnsafeInstance() throws Exception {
                           ^
/home/utbot_mocks/results_utbot-mocks_120/SPOON-169_6/temp/testcases/spoon/support/reflect/code/CtStatementListImplTest.java:1270: warning: Unsafe is internal proprietary API and may be removed in a future release
        java.lang.reflect.Field f = sun.misc.Unsafe.class.getDeclaredField("theUnsafe");
                                            ^
/home/utbot_mocks/results_utbot-mocks_120/SPOON-169_6/temp/testcases/spoon/support/reflect/code/CtStatementListImplTest.java:1272: warning: Unsafe is internal proprietary API and may be removed in a future release
        return (sun.misc.Unsafe) f.get(null);
                        ^
Note: /home/utbot_mocks/results_utbot-mocks_120/SPOON-169_6/temp/testcases/spoon/support/reflect/code/CtStatementListImplTest.java uses unchecked or unsafe operations.
Note: Recompile with -Xlint:unchecked for details.
74 errors
10 warnings
Failed to compile 'spoon/support/reflect/code/CtStatementListImplTest.java'!
shaded.org.apache.commons.exec.ExecuteException: Process exited with an error: 1 (Exit value: 1)
	at shaded.org.apache.commons.exec.DefaultExecutor.executeInternal(DefaultExecutor.java:377)
	at shaded.org.apache.commons.exec.DefaultExecutor.execute(DefaultExecutor.java:160)
	at shaded.org.apache.commons.exec.DefaultExecutor.execute(DefaultExecutor.java:147)
	at sbst.benchmark.TestSuite.compile(TestSuite.java:250)
	at sbst.benchmark.TestSuite.<init>(TestSuite.java:68)
	at sbst.benchmark.TranscriptWriter.endClass(TranscriptWriter.java:136)
	at sbst.benchmark.RunTool.execute(RunTool.java:141)
	at sbst.benchmark.RunTool.run(RunTool.java:62)
	at sbst.benchmark.Main.main(Main.java:160)

---Timing Information---
Running tests with the following classpath: 
/var/benchmarks/projects/spoon/target/spoon-core-7.0.0.jar:/var/benchmarks/projects/./spoon/target/dependency/org.eclipse.text-3.12.0.jar:/var/benchmarks/projects/spoon/target/dependency/org.eclipse.equinox.app-1.6.100.jar:/var/benchmarks/projects/spoon/target/dependency/org.eclipse.core.contenttype-3.8.100.jar:/var/benchmarks/projects/spoon/target/dependency/mockito-all-2.0.2-beta.jar:/var/benchmarks/projects/spoon/target/dependency/jackson-databind-2.9.2.jar:/var/benchmarks/projects/spoon/target/dependency/guava-18.0.jar:/var/benchmarks/projects/spoon/target/dependency/org.eclipse.core.expressions-3.8.100.jar:/var/benchmarks/projects/spoon/target/dependency/org.eclipse.core.commands-3.10.100.jar:/var/benchmarks/projects/spoon/target/dependency/jackson-annotations-2.9.0.jar:/var/benchmarks/projects/spoon/target/dependency/org.eclipse.jdt.core-3.13.102.jar:/var/benchmarks/projects/spoon/target/dependency/org.eclipse.core.runtime-3.24.0.jar:/var/benchmarks/projects/spoon/target/dependency/org.eclipse.core.resources-3.16.0.jar:/var/benchmarks/projects/spoon/target/dependency/jackson-core-2.9.2.jar:/var/benchmarks/projects/spoon/target/dependency/junit-4.12.jar:/var/benchmarks/projects/spoon/target/dependency/org.eclipse.equinox.registry-3.11.100.jar:/var/benchmarks/projects/spoon/target/dependency/hamcrest-core-1.3.jar:/var/benchmarks/projects/spoon/target/dependency/maven-model-3.3.9.jar:/var/benchmarks/projects/spoon/target/dependency/plexus-utils-3.0.22.jar:/var/benchmarks/projects/spoon/target/dependency/jsap-2.1.jar:/var/benchmarks/projects/spoon/target/dependency/bridge-method-annotation-1.13.jar:/var/benchmarks/projects/spoon/target/dependency/org.eclipse.equinox.common-3.15.100.jar:/var/benchmarks/projects/spoon/target/dependency/org.eclipse.core.jobs-3.12.0.jar:/var/benchmarks/projects/spoon/target/dependency/commons-io-2.5.jar:/var/benchmarks/projects/spoon/target/dependency/commons-lang3-3.5.jar:/var/benchmarks/projects/spoon/target/dependency/system-rules-1.9.0.jar:/var/benchmarks/projects/spoon/target/dependency/querydsl-core-3.6.9.jar:/var/benchmarks/projects/spoon/target/dependency/org.eclipse.core.filesystem-1.9.200.jar:/var/benchmarks/projects/spoon/target/dependency/org.eclipse.equinox.preferences-3.9.100.jar:/var/benchmarks/projects/spoon/target/dependency/org.eclipse.osgi-3.17.100.jar:/var/benchmarks/projects/spoon/target/dependency/log4j-1.2.17.jar:/usr/local/bin/lib/junit.jar:/usr/local/bin/lib/hamcrest-core.jar:/home/utbot_mocks/results_utbot-mocks_120/SPOON-169_6/temp/testcases/bin
Running the tests: [SBSTDummyForCoverageAndMutationCalculation]
Executions terminated

---The tests are re-executed other four times to find the flaky ones---
Running the tests: [SBSTDummyForCoverageAndMutationCalculation]
Executions terminated
Running the tests: [SBSTDummyForCoverageAndMutationCalculation]
Executions terminated
Running the tests: [SBSTDummyForCoverageAndMutationCalculation]
Executions terminated
Running the tests: [SBSTDummyForCoverageAndMutationCalculation]
Executions terminated

=== Run Jacoco for Coverage ===
Number of instrumented file = 9764
Running tests with the following classpath: 
/home/utbot_mocks/results_utbot-mocks_120/SPOON-169_6/temp/testcases/spoon-core-7.0.0_instrumented.jar:/home/utbot_mocks/results_utbot-mocks_120/SPOON-169_6/temp/testcases/org.eclipse.text-3.12.0_instrumented.jar:/home/utbot_mocks/results_utbot-mocks_120/SPOON-169_6/temp/testcases/org.eclipse.equinox.app-1.6.100_instrumented.jar:/home/utbot_mocks/results_utbot-mocks_120/SPOON-169_6/temp/testcases/org.eclipse.core.contenttype-3.8.100_instrumented.jar:/home/utbot_mocks/results_utbot-mocks_120/SPOON-169_6/temp/testcases/mockito-all-2.0.2-beta_instrumented.jar:/home/utbot_mocks/results_utbot-mocks_120/SPOON-169_6/temp/testcases/jackson-databind-2.9.2_instrumented.jar:/home/utbot_mocks/results_utbot-mocks_120/SPOON-169_6/temp/testcases/guava-18.0_instrumented.jar:/home/utbot_mocks/results_utbot-mocks_120/SPOON-169_6/temp/testcases/org.eclipse.core.expressions-3.8.100_instrumented.jar:/home/utbot_mocks/results_utbot-mocks_120/SPOON-169_6/temp/testcases/org.eclipse.core.commands-3.10.100_instrumented.jar:/home/utbot_mocks/results_utbot-mocks_120/SPOON-169_6/temp/testcases/jackson-annotations-2.9.0_instrumented.jar:/home/utbot_mocks/results_utbot-mocks_120/SPOON-169_6/temp/testcases/org.eclipse.jdt.core-3.13.102_instrumented.jar:/home/utbot_mocks/results_utbot-mocks_120/SPOON-169_6/temp/testcases/org.eclipse.core.runtime-3.24.0_instrumented.jar:/home/utbot_mocks/results_utbot-mocks_120/SPOON-169_6/temp/testcases/org.eclipse.core.resources-3.16.0_instrumented.jar:/home/utbot_mocks/results_utbot-mocks_120/SPOON-169_6/temp/testcases/jackson-core-2.9.2_instrumented.jar:/home/utbot_mocks/results_utbot-mocks_120/SPOON-169_6/temp/testcases/junit-4.12_instrumented.jar:/home/utbot_mocks/results_utbot-mocks_120/SPOON-169_6/temp/testcases/org.eclipse.equinox.registry-3.11.100_instrumented.jar:/home/utbot_mocks/results_utbot-mocks_120/SPOON-169_6/temp/testcases/hamcrest-core-1.3_instrumented.jar:/home/utbot_mocks/results_utbot-mocks_120/SPOON-169_6/temp/testcases/maven-model-3.3.9_instrumented.jar:/home/utbot_mocks/results_utbot-mocks_120/SPOON-169_6/temp/testcases/plexus-utils-3.0.22_instrumented.jar:/home/utbot_mocks/results_utbot-mocks_120/SPOON-169_6/temp/testcases/jsap-2.1_instrumented.jar:/home/utbot_mocks/results_utbot-mocks_120/SPOON-169_6/temp/testcases/bridge-method-annotation-1.13_instrumented.jar:/home/utbot_mocks/results_utbot-mocks_120/SPOON-169_6/temp/testcases/org.eclipse.equinox.common-3.15.100_instrumented.jar:/home/utbot_mocks/results_utbot-mocks_120/SPOON-169_6/temp/testcases/org.eclipse.core.jobs-3.12.0_instrumented.jar:/home/utbot_mocks/results_utbot-mocks_120/SPOON-169_6/temp/testcases/commons-io-2.5_instrumented.jar:/home/utbot_mocks/results_utbot-mocks_120/SPOON-169_6/temp/testcases/commons-lang3-3.5_instrumented.jar:/home/utbot_mocks/results_utbot-mocks_120/SPOON-169_6/temp/testcases/system-rules-1.9.0_instrumented.jar:/home/utbot_mocks/results_utbot-mocks_120/SPOON-169_6/temp/testcases/querydsl-core-3.6.9_instrumented.jar:/home/utbot_mocks/results_utbot-mocks_120/SPOON-169_6/temp/testcases/org.eclipse.core.filesystem-1.9.200_instrumented.jar:/home/utbot_mocks/results_utbot-mocks_120/SPOON-169_6/temp/testcases/org.eclipse.equinox.preferences-3.9.100_instrumented.jar:/home/utbot_mocks/results_utbot-mocks_120/SPOON-169_6/temp/testcases/org.eclipse.osgi-3.17.100_instrumented.jar:/home/utbot_mocks/results_utbot-mocks_120/SPOON-169_6/temp/testcases/log4j-1.2.17_instrumented.jar:/usr/local/bin/lib/hamcrest-core.jar:/usr/local/bin/lib/junit.jar:/home/utbot_mocks/results_utbot-mocks_120/SPOON-169_6/temp/testcases/bin
Running the tests: [SBSTDummyForCoverageAndMutationCalculation]
Executions terminated
Number of file with coverage information = 1009
Extracted coverage data for the class spoon/support/reflect/code/CtStatementListImpl
Number of file with coverage information = 180
Number of file with coverage information = 32
Number of file with coverage information = 47
Number of file with coverage information = 752
Number of file with coverage information = 617
Number of file with coverage information = 1690
Number of file with coverage information = 50
Number of file with coverage information = 84
Number of file with coverage information = 68
Number of file with coverage information = 2122
Number of file with coverage information = 22
Number of file with coverage information = 361
Number of file with coverage information = 105
Number of file with coverage information = 286
Number of file with coverage information = 89
Number of file with coverage information = 45
Number of file with coverage information = 54
Number of file with coverage information = 104
Number of file with coverage information = 69
Number of file with coverage information = 2
Number of file with coverage information = 73
Number of file with coverage information = 48
Number of file with coverage information = 123
Number of file with coverage information = 260
Number of file with coverage information = 18
Number of file with coverage information = 348
Number of file with coverage information = 35
Number of file with coverage information = 70
Number of file with coverage information = 687
Number of file with coverage information = 314

=== Run PIT ===
Matching Jacoco with PIT: find covered mutations
Executing Mutation Analysis using 50 mutants 

>>> RESULTS:
	Tool name: utbot-mocks
	Benchmark: SPOON-169
	Class Under Test: spoon.support.reflect.code.CtStatementListImpl
	Run number: 6
	Tool preparation time (ms): 14967
	Tool test cases generation time (ms): 76032
	Test cases execution time (ms): 20
	Test case number: 58
	Uncompilable Test Classes: 1
	Broken tests number: 0
	Failing tests number: 0
	Lines total: 80
	Lines covered: 0
	Lines coverage ratio (%): 0.0
	Conditions total: 36
	Conditions covered: 0
	Conditions coverage ratio (%): 0.0
	Mutants total: 50
	Mutants covered: 0
	Mutants coverage ratio (%): 0.0
	Mutants killed: 0
	Mutants killed ratio (%): 0.0
	Mutants alive: 50


Class spoon.support.reflect.code.CtStatementListImpl ended.
Stopping process...
Tool subprocess is an instance of java.lang.UNIXProcess
Tool subprocess Id is 29747
Killing master process 29747
Executing command kill -9 29747
Execution of command kill -9 29747 finished.
Process was destroyed
