Started UtBot Contest, classfileDir = /var/benchmarks/projects/guava/guava/target/classes, classpathString=/var/benchmarks/projects/guava/guava/target/classes:/var/benchmarks/projects/guava/guava/target/guava-26.0-jre.jar:/var/benchmarks/projects/./guava/guava/target/dependency/checker-qual-2.5.2.jar:/var/benchmarks/projects/guava/guava/target/dependency/error_prone_annotations-2.1.3.jar:/var/benchmarks/projects/guava/guava/target/dependency/j2objc-annotations-1.1.jar:/var/benchmarks/projects/guava/guava/target/dependency/jsr305-3.0.2.jar:/var/benchmarks/projects/guava/guava/target/dependency/animal-sniffer-annotations-1.14.jar, outputDir=/home/utbot_mocks/temp/testcases, mocks=Other classes: Mockito
17:24:49.565 | INFO  | Started: warmup: kotlin reflection :: init
17:24:49.648 | INFO  | Finished (in 0.083 sec): warmup: kotlin reflection :: init 
[INIT]
>> [RUN] com.google.common.base.Throwables 120
17:24:49.658 | DEBUG | -----------------------------------------------------------------------------
17:24:49.658 | INFO  | Contest.runGeneration: Time budget: 120000 ms, Generation timeout=102000 ms, classpath=/var/benchmarks/projects/guava/guava/target/classes:/var/benchmarks/projects/guava/guava/target/guava-26.0-jre.jar:/var/benchmarks/projects/./guava/guava/target/dependency/checker-qual-2.5.2.jar:/var/benchmarks/projects/guava/guava/target/dependency/error_prone_annotations-2.1.3.jar:/var/benchmarks/projects/guava/guava/target/dependency/j2objc-annotations-1.1.jar:/var/benchmarks/projects/guava/guava/target/dependency/jsr305-3.0.2.jar:/var/benchmarks/projects/guava/guava/target/dependency/animal-sniffer-annotations-1.14.jar, methodNameFilter=null
17:24:49.660 | INFO  | ClassUnderTest[ FQN: com.google.common.base.Throwables
    classfileDir: /var/benchmarks/projects/guava/guava/target/classes
    testClassSimpleName: ThrowablesTest
    generatedTestFile: /home/utbot_mocks/temp/testcases/com/google/common/base/ThrowablesTest.java
    generatedTestsSourcesDir: /home/utbot_mocks/temp/testcases
]
17:24:49.689 | INFO  | Started: class com.google.common.base.Throwables
17:24:49.690 | INFO  | Started: preparation class class com.google.common.base.Throwables: kotlin reflection :: run
17:24:49.723 | INFO  | Finished (in 0.032 sec): preparation class class com.google.common.base.Throwables: kotlin reflection :: run 
17:24:49.723 | INFO  | Started: 2nd optional soot initialization
17:24:49.724 | INFO  | Finished (in 0.001 sec): 2nd optional soot initialization 
17:24:49.732 | DEBUG |  ... 
17:24:49.742 | INFO  | Started: method com.google.common.base.Throwables.getRootCause(Throwable)
17:24:49.743 | INFO  |  -- Remaining time budget: 101925 ms, #remaining_methods: 20, budget for method: 5096 ms, solver timeout: 1000 ms, budget for symbolic execution: 3896 ms, budget for concrete execution: 1200 ms,  -- 
17:24:50.065 | DEBUG | --new testCase collected, to generate: testCom.google.common.base.Throwables.getRootCause(Throwable)1
17:24:50.402 | DEBUG | --new testCase collected, to generate: testCom.google.common.base.Throwables.getRootCause(Throwable)2
17:24:50.686 | DEBUG | --new testCase collected, to generate: testCom.google.common.base.Throwables.getRootCause(Throwable)3
17:24:51.344 | DEBUG | --new testCase collected, to generate: testCom.google.common.base.Throwables.getRootCause(Throwable)4
17:24:51.841 | DEBUG | --new testCase collected, to generate: testCom.google.common.base.Throwables.getRootCause(Throwable)5
17:24:52.247 | DEBUG | --new testCase collected, to generate: testCom.google.common.base.Throwables.getRootCause(Throwable)6
17:24:54.080 | INFO  | |> Starting concrete execution for remaining state: com.google.common.base.Throwables.getRootCause(Throwable)
17:24:55.282 | INFO  | (X) Cancelling concrete execution: com.google.common.base.Throwables.getRootCause(Throwable)
17:24:55.317 | INFO  | Finished (in 5.575 sec): method com.google.common.base.Throwables.getRootCause(Throwable) 
<StatsForMethod> :
	#generatedTC=6
	WITH NO EXCEPTIONS
17:24:55.334 | DEBUG |  ... 
17:24:55.335 | INFO  | Started: method com.google.common.base.Throwables.propagate(Throwable)
17:24:55.335 | INFO  |  -- Remaining time budget: 96325 ms, #remaining_methods: 19, budget for method: 5069 ms, solver timeout: 1000 ms, budget for symbolic execution: 3869 ms, budget for concrete execution: 1200 ms,  -- 
17:24:55.351 | DEBUG | --new testCase collected, to generate: testCom.google.common.base.Throwables.propagate(Throwable)1
17:24:56.057 | DEBUG | --new testCase collected, to generate: testCom.google.common.base.Throwables.propagate(Throwable)2
17:24:56.220 | DEBUG | --new testCase collected, to generate: testCom.google.common.base.Throwables.propagate(Throwable)3
17:24:56.396 | DEBUG | --new testCase collected, to generate: testCom.google.common.base.Throwables.propagate(Throwable)4
17:24:56.397 | INFO  | Finished (in 1.062 sec): method com.google.common.base.Throwables.propagate(Throwable) 
<StatsForMethod> :
	#generatedTC=4
	WITH NO EXCEPTIONS
17:24:56.423 | DEBUG |  ... 
17:24:56.423 | INFO  | Started: method com.google.common.base.Throwables.throwIfUnchecked(Throwable)
17:24:56.424 | INFO  |  -- Remaining time budget: 95236 ms, #remaining_methods: 18, budget for method: 5290 ms, solver timeout: 1000 ms, budget for symbolic execution: 4090 ms, budget for concrete execution: 1200 ms,  -- 
17:24:56.434 | DEBUG | --new testCase collected, to generate: testCom.google.common.base.Throwables.throwIfUnchecked(Throwable)1
17:24:56.682 | DEBUG | --new testCase collected, to generate: testCom.google.common.base.Throwables.throwIfUnchecked(Throwable)2
17:24:56.883 | DEBUG | --new testCase collected, to generate: testCom.google.common.base.Throwables.throwIfUnchecked(Throwable)3
17:24:57.036 | DEBUG | --new testCase collected, to generate: testCom.google.common.base.Throwables.throwIfUnchecked(Throwable)4
17:24:57.037 | INFO  | Finished (in 0.613 sec): method com.google.common.base.Throwables.throwIfUnchecked(Throwable) 
<StatsForMethod> :
	#generatedTC=4
	WITH NO EXCEPTIONS
17:24:57.039 | DEBUG |  ... 
17:24:57.039 | INFO  | Started: method com.google.common.base.Throwables.getCausalChain(Throwable)
17:24:57.039 | INFO  |  -- Remaining time budget: 94620 ms, #remaining_methods: 17, budget for method: 5565 ms, solver timeout: 1000 ms, budget for symbolic execution: 4365 ms, budget for concrete execution: 1200 ms,  -- 
17:24:57.051 | DEBUG | --new testCase collected, to generate: testCom.google.common.base.Throwables.getCausalChain(Throwable)1
17:24:58.136 | DEBUG | --new testCase collected, to generate: testCom.google.common.base.Throwables.getCausalChain(Throwable)2
17:25:01.405 | INFO  | |> Starting concrete execution for remaining state: com.google.common.base.Throwables.getCausalChain(Throwable)
17:25:02.289 | DEBUG | --new testCase collected, to generate: testCom.google.common.base.Throwables.getCausalChain(Throwable)3
17:25:02.606 | INFO  | (X) Cancelling concrete execution: com.google.common.base.Throwables.getCausalChain(Throwable)
17:25:02.921 | INFO  | Finished (in 5.882 sec): method com.google.common.base.Throwables.getCausalChain(Throwable) 
<StatsForMethod> :
	#generatedTC=3
	WITH NO EXCEPTIONS
17:25:03.078 | DEBUG |  ... 
17:25:03.079 | INFO  | Started: method com.google.common.base.Throwables.throwIfInstanceOf(Throwable, Class)
17:25:03.079 | INFO  |  -- Remaining time budget: 88581 ms, #remaining_methods: 16, budget for method: 5536 ms, solver timeout: 1000 ms, budget for symbolic execution: 4336 ms, budget for concrete execution: 1200 ms,  -- 
17:25:03.091 | ERROR | Symbolic execution FAILED
com.huawei.utbot.instrumentation.util.ChildProcessError: Error in the child process |> java.lang.IllegalAccessException: java.lang.Class
	at sun.misc.Unsafe.allocateInstance(Native Method)
	at com.huawei.utbot.framework.util.EngineUtilsKt.getAnyInstance(EngineUtils.kt:61)
	at com.huawei.utbot.framework.concrete.MockValueConstructor.constructObject(MockValueConstructor.kt:158)
	at com.huawei.utbot.framework.concrete.MockValueConstructor.construct(MockValueConstructor.kt:124)
	at com.huawei.utbot.framework.concrete.MockValueConstructor.constructMethodParameters(MockValueConstructor.kt:101)
	at com.huawei.utbot.framework.concrete.UtExecutionInstrumentation.invoke(UtExecutionInstrumentation.kt:126)
	at com.huawei.utbot.framework.concrete.UtExecutionInstrumentation.invoke(UtExecutionInstrumentation.kt:96)
	at com.huawei.utbot.instrumentation.process.ChildProcessKt.loop(ChildProcess.kt:114)
	at com.huawei.utbot.instrumentation.process.ChildProcessKt.main(ChildProcess.kt:76)
	at com.huawei.utbot.instrumentation.process.ChildProcessKt.main(ChildProcess.kt)

	at com.huawei.utbot.instrumentation.ConcreteExecutor.executeAsync(ConcreteExecutor.kt:391) ~[utbot-junit-contest-1.0.jar:?]
	at com.huawei.utbot.instrumentation.ConcreteExecutor$executeAsync$1.invokeSuspend(ConcreteExecutor.kt) ~[utbot-junit-contest-1.0.jar:?]
	at kotlin.coroutines.jvm.internal.BaseContinuationImpl.resumeWith(ContinuationImpl.kt:33) [utbot-junit-contest-1.0.jar:?]
	at kotlinx.coroutines.DispatchedTask.run(DispatchedTask.kt:106) [utbot-junit-contest-1.0.jar:?]
	at java.util.concurrent.Executors$RunnableAdapter.call(Executors.java:511) [?:1.8.0_312]
	at java.util.concurrent.FutureTask.run(FutureTask.java:266) [?:1.8.0_312]
	at java.util.concurrent.ScheduledThreadPoolExecutor$ScheduledFutureTask.access$201(ScheduledThreadPoolExecutor.java:180) [?:1.8.0_312]
	at java.util.concurrent.ScheduledThreadPoolExecutor$ScheduledFutureTask.run(ScheduledThreadPoolExecutor.java:293) [?:1.8.0_312]
	at java.util.concurrent.ThreadPoolExecutor.runWorker(ThreadPoolExecutor.java:1149) [?:1.8.0_312]
	at java.util.concurrent.ThreadPoolExecutor$Worker.run(ThreadPoolExecutor.java:624) [?:1.8.0_312]
	at java.lang.Thread.run(Thread.java:748) [?:1.8.0_312]
17:25:03.436 | DEBUG | --new testCase collected, to generate: testCom.google.common.base.Throwables.throwIfInstanceOf(Throwable, Class)1
17:25:03.564 | DEBUG | --new testCase collected, to generate: testCom.google.common.base.Throwables.throwIfInstanceOf(Throwable, Class)2
17:25:04.043 | DEBUG | --new testCase collected, to generate: testCom.google.common.base.Throwables.throwIfInstanceOf(Throwable, Class)3
17:25:04.089 | INFO  | Finished (in 1.010 sec): method com.google.common.base.Throwables.throwIfInstanceOf(Throwable, Class) 
<StatsForMethod> :
	#generatedTC=3
	FAILED 1 time(s) with 1 different exception(s)"
17:25:04.100 | DEBUG |  ... 
17:25:04.100 | INFO  | Started: method com.google.common.base.Throwables.propagateIfInstanceOf(Throwable, Class)
17:25:04.101 | INFO  |  -- Remaining time budget: 87559 ms, #remaining_methods: 15, budget for method: 5837 ms, solver timeout: 1000 ms, budget for symbolic execution: 4637 ms, budget for concrete execution: 1200 ms,  -- 
17:25:04.107 | ERROR | Symbolic execution FAILED
com.huawei.utbot.instrumentation.util.ChildProcessError: Error in the child process |> java.lang.IllegalAccessException: java.lang.Class
	at sun.misc.Unsafe.allocateInstance(Native Method)
	at com.huawei.utbot.framework.util.EngineUtilsKt.getAnyInstance(EngineUtils.kt:61)
	at com.huawei.utbot.framework.concrete.MockValueConstructor.constructObject(MockValueConstructor.kt:158)
	at com.huawei.utbot.framework.concrete.MockValueConstructor.construct(MockValueConstructor.kt:124)
	at com.huawei.utbot.framework.concrete.MockValueConstructor.constructMethodParameters(MockValueConstructor.kt:101)
	at com.huawei.utbot.framework.concrete.UtExecutionInstrumentation.invoke(UtExecutionInstrumentation.kt:126)
	at com.huawei.utbot.framework.concrete.UtExecutionInstrumentation.invoke(UtExecutionInstrumentation.kt:96)
	at com.huawei.utbot.instrumentation.process.ChildProcessKt.loop(ChildProcess.kt:114)
	at com.huawei.utbot.instrumentation.process.ChildProcessKt.main(ChildProcess.kt:76)
	at com.huawei.utbot.instrumentation.process.ChildProcessKt.main(ChildProcess.kt)

	at com.huawei.utbot.instrumentation.ConcreteExecutor.executeAsync(ConcreteExecutor.kt:391) ~[utbot-junit-contest-1.0.jar:?]
	at com.huawei.utbot.instrumentation.ConcreteExecutor$executeAsync$1.invokeSuspend(ConcreteExecutor.kt) ~[utbot-junit-contest-1.0.jar:?]
	at kotlin.coroutines.jvm.internal.BaseContinuationImpl.resumeWith(ContinuationImpl.kt:33) [utbot-junit-contest-1.0.jar:?]
	at kotlinx.coroutines.DispatchedTask.run(DispatchedTask.kt:106) [utbot-junit-contest-1.0.jar:?]
	at java.util.concurrent.Executors$RunnableAdapter.call(Executors.java:511) [?:1.8.0_312]
	at java.util.concurrent.FutureTask.run(FutureTask.java:266) [?:1.8.0_312]
	at java.util.concurrent.ScheduledThreadPoolExecutor$ScheduledFutureTask.access$201(ScheduledThreadPoolExecutor.java:180) [?:1.8.0_312]
	at java.util.concurrent.ScheduledThreadPoolExecutor$ScheduledFutureTask.run(ScheduledThreadPoolExecutor.java:293) [?:1.8.0_312]
	at java.util.concurrent.ThreadPoolExecutor.runWorker(ThreadPoolExecutor.java:1149) [?:1.8.0_312]
	at java.util.concurrent.ThreadPoolExecutor$Worker.run(ThreadPoolExecutor.java:624) [?:1.8.0_312]
	at java.lang.Thread.run(Thread.java:748) [?:1.8.0_312]
17:25:04.143 | DEBUG | --new testCase collected, to generate: testCom.google.common.base.Throwables.propagateIfInstanceOf(Throwable, Class)1
17:25:04.894 | DEBUG | --new testCase collected, to generate: testCom.google.common.base.Throwables.propagateIfInstanceOf(Throwable, Class)2
17:25:05.222 | DEBUG | --new testCase collected, to generate: testCom.google.common.base.Throwables.propagateIfInstanceOf(Throwable, Class)3
17:25:05.397 | DEBUG | --new testCase collected, to generate: testCom.google.common.base.Throwables.propagateIfInstanceOf(Throwable, Class)4
17:25:05.398 | INFO  | Finished (in 1.297 sec): method com.google.common.base.Throwables.propagateIfInstanceOf(Throwable, Class) 
<StatsForMethod> :
	#generatedTC=4
	FAILED 1 time(s) with 1 different exception(s)"
17:25:05.430 | DEBUG |  ... 
17:25:05.430 | INFO  | Started: method com.google.common.base.Throwables.propagateIfPossible(Throwable, Class, Class)
17:25:05.430 | INFO  |  -- Remaining time budget: 86229 ms, #remaining_methods: 14, budget for method: 6159 ms, solver timeout: 1000 ms, budget for symbolic execution: 4959 ms, budget for concrete execution: 1200 ms,  -- 
17:25:05.437 | ERROR | Symbolic execution FAILED
com.huawei.utbot.instrumentation.util.ChildProcessError: Error in the child process |> java.lang.IllegalAccessException: java.lang.Class
	at sun.misc.Unsafe.allocateInstance(Native Method)
	at com.huawei.utbot.framework.util.EngineUtilsKt.getAnyInstance(EngineUtils.kt:61)
	at com.huawei.utbot.framework.concrete.MockValueConstructor.constructObject(MockValueConstructor.kt:158)
	at com.huawei.utbot.framework.concrete.MockValueConstructor.construct(MockValueConstructor.kt:124)
	at com.huawei.utbot.framework.concrete.MockValueConstructor.constructMethodParameters(MockValueConstructor.kt:101)
	at com.huawei.utbot.framework.concrete.UtExecutionInstrumentation.invoke(UtExecutionInstrumentation.kt:126)
	at com.huawei.utbot.framework.concrete.UtExecutionInstrumentation.invoke(UtExecutionInstrumentation.kt:96)
	at com.huawei.utbot.instrumentation.process.ChildProcessKt.loop(ChildProcess.kt:114)
	at com.huawei.utbot.instrumentation.process.ChildProcessKt.main(ChildProcess.kt:76)
	at com.huawei.utbot.instrumentation.process.ChildProcessKt.main(ChildProcess.kt)

	at com.huawei.utbot.instrumentation.ConcreteExecutor.executeAsync(ConcreteExecutor.kt:391) ~[utbot-junit-contest-1.0.jar:?]
	at com.huawei.utbot.instrumentation.ConcreteExecutor$executeAsync$1.invokeSuspend(ConcreteExecutor.kt) ~[utbot-junit-contest-1.0.jar:?]
	at kotlin.coroutines.jvm.internal.BaseContinuationImpl.resumeWith(ContinuationImpl.kt:33) [utbot-junit-contest-1.0.jar:?]
	at kotlinx.coroutines.DispatchedTask.run(DispatchedTask.kt:106) [utbot-junit-contest-1.0.jar:?]
	at java.util.concurrent.Executors$RunnableAdapter.call(Executors.java:511) [?:1.8.0_312]
	at java.util.concurrent.FutureTask.run(FutureTask.java:266) [?:1.8.0_312]
	at java.util.concurrent.ScheduledThreadPoolExecutor$ScheduledFutureTask.access$201(ScheduledThreadPoolExecutor.java:180) [?:1.8.0_312]
	at java.util.concurrent.ScheduledThreadPoolExecutor$ScheduledFutureTask.run(ScheduledThreadPoolExecutor.java:293) [?:1.8.0_312]
	at java.util.concurrent.ThreadPoolExecutor.runWorker(ThreadPoolExecutor.java:1149) [?:1.8.0_312]
	at java.util.concurrent.ThreadPoolExecutor$Worker.run(ThreadPoolExecutor.java:624) [?:1.8.0_312]
	at java.lang.Thread.run(Thread.java:748) [?:1.8.0_312]
17:25:06.761 | DEBUG | --new testCase collected, to generate: testCom.google.common.base.Throwables.propagateIfPossible(Throwable, Class, Class)1
17:25:07.287 | DEBUG | --new testCase collected, to generate: testCom.google.common.base.Throwables.propagateIfPossible(Throwable, Class, Class)2
17:25:08.665 | DEBUG | --new testCase collected, to generate: testCom.google.common.base.Throwables.propagateIfPossible(Throwable, Class, Class)3
17:25:08.953 | DEBUG | --new testCase collected, to generate: testCom.google.common.base.Throwables.propagateIfPossible(Throwable, Class, Class)4
17:25:08.954 | INFO  | Finished (in 3.523 sec): method com.google.common.base.Throwables.propagateIfPossible(Throwable, Class, Class) 
<StatsForMethod> :
	#generatedTC=4
	FAILED 1 time(s) with 1 different exception(s)"
17:25:09.065 | DEBUG |  ... 
17:25:09.066 | INFO  | Started: method com.google.common.base.Throwables.propagateIfPossible(Throwable, Class)
17:25:09.066 | INFO  |  -- Remaining time budget: 82594 ms, #remaining_methods: 13, budget for method: 6353 ms, solver timeout: 1000 ms, budget for symbolic execution: 5153 ms, budget for concrete execution: 1200 ms,  -- 
17:25:09.071 | ERROR | Symbolic execution FAILED
com.huawei.utbot.instrumentation.util.ChildProcessError: Error in the child process |> java.lang.IllegalAccessException: java.lang.Class
	at sun.misc.Unsafe.allocateInstance(Native Method)
	at com.huawei.utbot.framework.util.EngineUtilsKt.getAnyInstance(EngineUtils.kt:61)
	at com.huawei.utbot.framework.concrete.MockValueConstructor.constructObject(MockValueConstructor.kt:158)
	at com.huawei.utbot.framework.concrete.MockValueConstructor.construct(MockValueConstructor.kt:124)
	at com.huawei.utbot.framework.concrete.MockValueConstructor.constructMethodParameters(MockValueConstructor.kt:101)
	at com.huawei.utbot.framework.concrete.UtExecutionInstrumentation.invoke(UtExecutionInstrumentation.kt:126)
	at com.huawei.utbot.framework.concrete.UtExecutionInstrumentation.invoke(UtExecutionInstrumentation.kt:96)
	at com.huawei.utbot.instrumentation.process.ChildProcessKt.loop(ChildProcess.kt:114)
	at com.huawei.utbot.instrumentation.process.ChildProcessKt.main(ChildProcess.kt:76)
	at com.huawei.utbot.instrumentation.process.ChildProcessKt.main(ChildProcess.kt)

	at com.huawei.utbot.instrumentation.ConcreteExecutor.executeAsync(ConcreteExecutor.kt:391) ~[utbot-junit-contest-1.0.jar:?]
	at com.huawei.utbot.instrumentation.ConcreteExecutor$executeAsync$1.invokeSuspend(ConcreteExecutor.kt) ~[utbot-junit-contest-1.0.jar:?]
	at kotlin.coroutines.jvm.internal.BaseContinuationImpl.resumeWith(ContinuationImpl.kt:33) [utbot-junit-contest-1.0.jar:?]
	at kotlinx.coroutines.DispatchedTask.run(DispatchedTask.kt:106) [utbot-junit-contest-1.0.jar:?]
	at java.util.concurrent.Executors$RunnableAdapter.call(Executors.java:511) [?:1.8.0_312]
	at java.util.concurrent.FutureTask.run(FutureTask.java:266) [?:1.8.0_312]
	at java.util.concurrent.ScheduledThreadPoolExecutor$ScheduledFutureTask.access$201(ScheduledThreadPoolExecutor.java:180) [?:1.8.0_312]
	at java.util.concurrent.ScheduledThreadPoolExecutor$ScheduledFutureTask.run(ScheduledThreadPoolExecutor.java:293) [?:1.8.0_312]
	at java.util.concurrent.ThreadPoolExecutor.runWorker(ThreadPoolExecutor.java:1149) [?:1.8.0_312]
	at java.util.concurrent.ThreadPoolExecutor$Worker.run(ThreadPoolExecutor.java:624) [?:1.8.0_312]
	at java.lang.Thread.run(Thread.java:748) [?:1.8.0_312]
17:25:10.453 | DEBUG | --new testCase collected, to generate: testCom.google.common.base.Throwables.propagateIfPossible(Throwable, Class)1
17:25:10.474 | DEBUG | --new testCase collected, to generate: testCom.google.common.base.Throwables.propagateIfPossible(Throwable, Class)2
17:25:10.868 | DEBUG | --new testCase collected, to generate: testCom.google.common.base.Throwables.propagateIfPossible(Throwable, Class)3
17:25:11.015 | DEBUG | --new testCase collected, to generate: testCom.google.common.base.Throwables.propagateIfPossible(Throwable, Class)4
17:25:11.203 | DEBUG | --new testCase collected, to generate: testCom.google.common.base.Throwables.propagateIfPossible(Throwable, Class)5
17:25:11.407 | DEBUG | --new testCase collected, to generate: testCom.google.common.base.Throwables.propagateIfPossible(Throwable, Class)6
17:25:11.408 | INFO  | Finished (in 2.342 sec): method com.google.common.base.Throwables.propagateIfPossible(Throwable, Class) 
<StatsForMethod> :
	#generatedTC=6
	FAILED 1 time(s) with 1 different exception(s)"
17:25:11.470 | DEBUG |  ... 
17:25:11.470 | INFO  | Started: method com.google.common.base.Throwables.propagateIfPossible(Throwable)
17:25:11.471 | INFO  |  -- Remaining time budget: 80189 ms, #remaining_methods: 12, budget for method: 6682 ms, solver timeout: 1000 ms, budget for symbolic execution: 5482 ms, budget for concrete execution: 1200 ms,  -- 
17:25:11.477 | DEBUG | --new testCase collected, to generate: testCom.google.common.base.Throwables.propagateIfPossible(Throwable)1
17:25:11.593 | DEBUG | --new testCase collected, to generate: testCom.google.common.base.Throwables.propagateIfPossible(Throwable)2
17:25:12.158 | DEBUG | --new testCase collected, to generate: testCom.google.common.base.Throwables.propagateIfPossible(Throwable)3
17:25:12.292 | DEBUG | --new testCase collected, to generate: testCom.google.common.base.Throwables.propagateIfPossible(Throwable)4
17:25:12.476 | DEBUG | --new testCase collected, to generate: testCom.google.common.base.Throwables.propagateIfPossible(Throwable)5
17:25:12.477 | INFO  | Finished (in 1.006 sec): method com.google.common.base.Throwables.propagateIfPossible(Throwable) 
<StatsForMethod> :
	#generatedTC=5
	WITH NO EXCEPTIONS
17:25:12.501 | DEBUG |  ... 
17:25:12.502 | INFO  | Started: method com.google.common.base.Throwables.getCauseAs(Throwable, Class)
17:25:12.502 | INFO  |  -- Remaining time budget: 79157 ms, #remaining_methods: 11, budget for method: 7196 ms, solver timeout: 1000 ms, budget for symbolic execution: 5996 ms, budget for concrete execution: 1200 ms,  -- 
17:25:12.508 | ERROR | Symbolic execution FAILED
com.huawei.utbot.instrumentation.util.ChildProcessError: Error in the child process |> java.lang.IllegalAccessException: java.lang.Class
	at sun.misc.Unsafe.allocateInstance(Native Method)
	at com.huawei.utbot.framework.util.EngineUtilsKt.getAnyInstance(EngineUtils.kt:61)
	at com.huawei.utbot.framework.concrete.MockValueConstructor.constructObject(MockValueConstructor.kt:158)
	at com.huawei.utbot.framework.concrete.MockValueConstructor.construct(MockValueConstructor.kt:124)
	at com.huawei.utbot.framework.concrete.MockValueConstructor.constructMethodParameters(MockValueConstructor.kt:101)
	at com.huawei.utbot.framework.concrete.UtExecutionInstrumentation.invoke(UtExecutionInstrumentation.kt:126)
	at com.huawei.utbot.framework.concrete.UtExecutionInstrumentation.invoke(UtExecutionInstrumentation.kt:96)
	at com.huawei.utbot.instrumentation.process.ChildProcessKt.loop(ChildProcess.kt:114)
	at com.huawei.utbot.instrumentation.process.ChildProcessKt.main(ChildProcess.kt:76)
	at com.huawei.utbot.instrumentation.process.ChildProcessKt.main(ChildProcess.kt)

	at com.huawei.utbot.instrumentation.ConcreteExecutor.executeAsync(ConcreteExecutor.kt:391) ~[utbot-junit-contest-1.0.jar:?]
	at com.huawei.utbot.instrumentation.ConcreteExecutor$executeAsync$1.invokeSuspend(ConcreteExecutor.kt) ~[utbot-junit-contest-1.0.jar:?]
	at kotlin.coroutines.jvm.internal.BaseContinuationImpl.resumeWith(ContinuationImpl.kt:33) [utbot-junit-contest-1.0.jar:?]
	at kotlinx.coroutines.DispatchedTask.run(DispatchedTask.kt:106) [utbot-junit-contest-1.0.jar:?]
	at java.util.concurrent.Executors$RunnableAdapter.call(Executors.java:511) [?:1.8.0_312]
	at java.util.concurrent.FutureTask.run(FutureTask.java:266) [?:1.8.0_312]
	at java.util.concurrent.ScheduledThreadPoolExecutor$ScheduledFutureTask.access$201(ScheduledThreadPoolExecutor.java:180) [?:1.8.0_312]
	at java.util.concurrent.ScheduledThreadPoolExecutor$ScheduledFutureTask.run(ScheduledThreadPoolExecutor.java:293) [?:1.8.0_312]
	at java.util.concurrent.ThreadPoolExecutor.runWorker(ThreadPoolExecutor.java:1149) [?:1.8.0_312]
	at java.util.concurrent.ThreadPoolExecutor$Worker.run(ThreadPoolExecutor.java:624) [?:1.8.0_312]
	at java.lang.Thread.run(Thread.java:748) [?:1.8.0_312]
17:25:12.609 | DEBUG | --new testCase collected, to generate: testCom.google.common.base.Throwables.getCauseAs(Throwable, Class)1
17:25:13.017 | DEBUG | --new testCase collected, to generate: testCom.google.common.base.Throwables.getCauseAs(Throwable, Class)2
17:25:13.112 | DEBUG | --new testCase collected, to generate: testCom.google.common.base.Throwables.getCauseAs(Throwable, Class)3
17:25:13.677 | DEBUG | --new testCase collected, to generate: testCom.google.common.base.Throwables.getCauseAs(Throwable, Class)4
17:25:14.125 | DEBUG | --new testCase collected, to generate: testCom.google.common.base.Throwables.getCauseAs(Throwable, Class)5
17:25:14.681 | DEBUG | --new testCase collected, to generate: testCom.google.common.base.Throwables.getCauseAs(Throwable, Class)6
17:25:15.133 | DEBUG | --new testCase collected, to generate: testCom.google.common.base.Throwables.getCauseAs(Throwable, Class)7
17:25:15.382 | INFO  | Finished (in 2.880 sec): method com.google.common.base.Throwables.getCauseAs(Throwable, Class) 
<StatsForMethod> :
	#generatedTC=7
	FAILED 1 time(s) with 1 different exception(s)"
17:25:15.490 | DEBUG |  ... 
17:25:15.491 | INFO  | Started: method com.google.common.base.Throwables.getStackTraceAsString(Throwable)
17:25:15.491 | INFO  |  -- Remaining time budget: 76168 ms, #remaining_methods: 10, budget for method: 7616 ms, solver timeout: 1000 ms, budget for symbolic execution: 6416 ms, budget for concrete execution: 1200 ms,  -- 
17:25:15.503 | DEBUG | --new testCase collected, to generate: testCom.google.common.base.Throwables.getStackTraceAsString(Throwable)1
17:25:16.253 | DEBUG | --new testCase collected, to generate: testCom.google.common.base.Throwables.getStackTraceAsString(Throwable)2
17:25:16.253 | INFO  | Finished (in 0.762 sec): method com.google.common.base.Throwables.getStackTraceAsString(Throwable) 
<StatsForMethod> :
	#generatedTC=2
	WITH NO EXCEPTIONS
17:25:16.294 | DEBUG |  ... 
17:25:16.295 | INFO  | Started: method com.google.common.base.Throwables.lazyStackTrace(Throwable)
17:25:16.295 | INFO  |  -- Remaining time budget: 75364 ms, #remaining_methods: 9, budget for method: 8373 ms, solver timeout: 1000 ms, budget for symbolic execution: 7173 ms, budget for concrete execution: 1200 ms,  -- 
17:25:23.468 | INFO  | |> Starting concrete execution for remaining state: com.google.common.base.Throwables.lazyStackTrace(Throwable)
17:25:24.669 | INFO  | (X) Cancelling concrete execution: com.google.common.base.Throwables.lazyStackTrace(Throwable)
17:25:24.694 | INFO  | Finished (in 8.398 sec): method com.google.common.base.Throwables.lazyStackTrace(Throwable) 
<StatsForMethod> : SUSPICIOUS
	#generatedTC=0
	WITH NO EXCEPTIONS
17:25:25.135 | DEBUG |  ... 
17:25:25.136 | INFO  | Started: method com.google.common.base.Throwables.lazyStackTraceIsLazy()
17:25:25.136 | INFO  |  -- Remaining time budget: 66523 ms, #remaining_methods: 8, budget for method: 8315 ms, solver timeout: 1000 ms, budget for symbolic execution: 7115 ms, budget for concrete execution: 1200 ms,  -- 
17:25:25.140 | DEBUG | --new testCase collected, to generate: testCom.google.common.base.Throwables.lazyStackTraceIsLazy()1
17:25:32.176 | INFO  | Finished (in 7.040 sec): method com.google.common.base.Throwables.lazyStackTraceIsLazy() 
<StatsForMethod> :
	#generatedTC=1
	WITH NO EXCEPTIONS
17:25:32.559 | DEBUG |  ... 
17:25:32.560 | INFO  | Started: method com.google.common.base.Throwables.jlaStackTrace(Throwable)
17:25:32.560 | INFO  |  -- Remaining time budget: 59099 ms, #remaining_methods: 7, budget for method: 8442 ms, solver timeout: 1000 ms, budget for symbolic execution: 7242 ms, budget for concrete execution: 1200 ms,  -- 
17:25:32.928 | INFO  | Finished (in 0.368 sec): method com.google.common.base.Throwables.jlaStackTrace(Throwable) 
<StatsForMethod> : SUSPICIOUS
	#generatedTC=0
	WITH NO EXCEPTIONS
17:25:32.941 | DEBUG |  ... 
17:25:32.942 | INFO  | Started: method com.google.common.base.Throwables.invokeAccessibleNonThrowingMethod(Method, Object, Object[])
17:25:32.942 | INFO  |  -- Remaining time budget: 58717 ms, #remaining_methods: 6, budget for method: 9786 ms, solver timeout: 1000 ms, budget for symbolic execution: 8586 ms, budget for concrete execution: 1200 ms,  -- 
17:25:32.958 | ERROR | Symbolic execution FAILED
com.huawei.utbot.instrumentation.util.ReadingFromKryoException: Failure reading from kryo
	at com.huawei.utbot.instrumentation.ConcreteExecutor.executeAsync(ConcreteExecutor.kt:392) ~[utbot-junit-contest-1.0.jar:?]
	at com.huawei.utbot.instrumentation.ConcreteExecutor$executeAsync$1.invokeSuspend(ConcreteExecutor.kt) ~[utbot-junit-contest-1.0.jar:?]
	at kotlin.coroutines.jvm.internal.BaseContinuationImpl.resumeWith(ContinuationImpl.kt:33) [utbot-junit-contest-1.0.jar:?]
	at kotlinx.coroutines.DispatchedTask.run(DispatchedTask.kt:106) [utbot-junit-contest-1.0.jar:?]
	at java.util.concurrent.Executors$RunnableAdapter.call(Executors.java:511) [?:1.8.0_312]
	at java.util.concurrent.FutureTask.run(FutureTask.java:266) [?:1.8.0_312]
	at java.util.concurrent.ScheduledThreadPoolExecutor$ScheduledFutureTask.access$201(ScheduledThreadPoolExecutor.java:180) [?:1.8.0_312]
	at java.util.concurrent.ScheduledThreadPoolExecutor$ScheduledFutureTask.run(ScheduledThreadPoolExecutor.java:293) [?:1.8.0_312]
	at java.util.concurrent.ThreadPoolExecutor.runWorker(ThreadPoolExecutor.java:1149) [?:1.8.0_312]
	at java.util.concurrent.ThreadPoolExecutor$Worker.run(ThreadPoolExecutor.java:624) [?:1.8.0_312]
	at java.lang.Thread.run(Thread.java:748) [?:1.8.0_312]
Caused by: com.esotericsoftware.kryo.KryoException: Encountered unregistered class ID: 30
	at com.esotericsoftware.kryo.util.DefaultClassResolver.readClass(DefaultClassResolver.java:159) ~[utbot-junit-contest-1.0.jar:?]
	at com.esotericsoftware.kryo.Kryo.readClass(Kryo.java:758) ~[utbot-junit-contest-1.0.jar:?]
	at com.esotericsoftware.kryo.Kryo.readClassAndObject(Kryo.java:869) ~[utbot-junit-contest-1.0.jar:?]
	at com.huawei.utbot.instrumentation.util.KryoHelper.readCommand(KryoHelper.kt:46) ~[utbot-junit-contest-1.0.jar:?]
	at com.huawei.utbot.instrumentation.ConcreteExecutor$restartIfNeeded$$inlined$bracket$lambda$1$1$1.invokeSuspend(ConcreteExecutor.kt:256) ~[utbot-junit-contest-1.0.jar:?]
	at kotlin.coroutines.jvm.internal.BaseContinuationImpl.resumeWith(ContinuationImpl.kt:33) ~[utbot-junit-contest-1.0.jar:?]
	at kotlinx.coroutines.DispatchedTask.run(DispatchedTask.kt:106) ~[utbot-junit-contest-1.0.jar:?]
	at kotlinx.coroutines.EventLoopImplBase.processNextEvent(EventLoop.common.kt:274) ~[utbot-junit-contest-1.0.jar:?]
	at kotlinx.coroutines.BlockingCoroutine.joinBlocking(Builders.kt:84) ~[utbot-junit-contest-1.0.jar:?]
	at kotlinx.coroutines.BuildersKt__BuildersKt.runBlocking(Builders.kt:59) ~[utbot-junit-contest-1.0.jar:?]
	at kotlinx.coroutines.BuildersKt.runBlocking(Unknown Source) ~[utbot-junit-contest-1.0.jar:?]
	at kotlinx.coroutines.BuildersKt__BuildersKt.runBlocking$default(Builders.kt:38) ~[utbot-junit-contest-1.0.jar:?]
	at kotlinx.coroutines.BuildersKt.runBlocking$default(Unknown Source) ~[utbot-junit-contest-1.0.jar:?]
	at com.huawei.utbot.instrumentation.ConcreteExecutor$restartIfNeeded$$inlined$bracket$lambda$1$1.invoke(ConcreteExecutor.kt:253) ~[utbot-junit-contest-1.0.jar:?]
	at com.huawei.utbot.instrumentation.ConcreteExecutor$restartIfNeeded$$inlined$bracket$lambda$1$1.invoke(ConcreteExecutor.kt:101) ~[utbot-junit-contest-1.0.jar:?]
	at kotlin.concurrent.ThreadsKt$thread$thread$1.run(Thread.kt:30) ~[utbot-junit-contest-1.0.jar:?]
17:25:33.277 | DEBUG | --new testCase collected, to generate: testCom.google.common.base.Throwables.invokeAccessibleNonThrowingMethod(Method, Object, Object[])1
17:25:41.529 | INFO  | |> Starting concrete execution for remaining state: com.google.common.base.Throwables.invokeAccessibleNonThrowingMethod(Method, Object, Object[])
17:25:42.730 | INFO  | (X) Cancelling concrete execution: com.google.common.base.Throwables.invokeAccessibleNonThrowingMethod(Method, Object, Object[])
17:25:43.138 | INFO  | Finished (in 10.196 sec): method com.google.common.base.Throwables.invokeAccessibleNonThrowingMethod(Method, Object, Object[]) 
<StatsForMethod> :
	#generatedTC=1
	FAILED 1 time(s) with 1 different exception(s)"
17:25:43.181 | DEBUG |  ... 
17:25:43.181 | INFO  | Started: method com.google.common.base.Throwables.getJLA()
17:25:43.181 | INFO  |  -- Remaining time budget: 48478 ms, #remaining_methods: 5, budget for method: 9695 ms, solver timeout: 1000 ms, budget for symbolic execution: 8495 ms, budget for concrete execution: 1200 ms,  -- 
17:25:51.511 | INFO  | Finished (in 8.329 sec): method com.google.common.base.Throwables.getJLA() 
<StatsForMethod> : SUSPICIOUS
	#generatedTC=0
	WITH NO EXCEPTIONS
17:25:51.538 | DEBUG |  ... 
17:25:51.538 | INFO  | Started: method com.google.common.base.Throwables.getGetMethod()
17:25:51.539 | INFO  |  -- Remaining time budget: 40121 ms, #remaining_methods: 4, budget for method: 10030 ms, solver timeout: 1000 ms, budget for symbolic execution: 8830 ms, budget for concrete execution: 1200 ms,  -- 
17:25:51.571 | DEBUG | --new testCase collected, to generate: testCom.google.common.base.Throwables.getGetMethod()1
17:25:58.794 | INFO  | Finished (in 7.256 sec): method com.google.common.base.Throwables.getGetMethod() 
<StatsForMethod> :
	#generatedTC=1
	WITH NO EXCEPTIONS
17:25:59.195 | DEBUG |  ... 
17:25:59.195 | INFO  | Started: method com.google.common.base.Throwables.getSizeMethod()
17:25:59.195 | INFO  |  -- Remaining time budget: 32464 ms, #remaining_methods: 3, budget for method: 10821 ms, solver timeout: 1000 ms, budget for symbolic execution: 9621 ms, budget for concrete execution: 1200 ms,  -- 
17:25:59.205 | DEBUG | --new testCase collected, to generate: testCom.google.common.base.Throwables.getSizeMethod()1
17:26:06.441 | INFO  | Finished (in 7.246 sec): method com.google.common.base.Throwables.getSizeMethod() 
<StatsForMethod> :
	#generatedTC=1
	WITH NO EXCEPTIONS
17:26:06.691 | DEBUG |  ... 
17:26:06.691 | INFO  | Started: method com.google.common.base.Throwables.getJlaMethod(String, Class)
17:26:06.692 | INFO  |  -- Remaining time budget: 24968 ms, #remaining_methods: 2, budget for method: 12484 ms, solver timeout: 1000 ms, budget for symbolic execution: 11284 ms, budget for concrete execution: 1200 ms,  -- 
17:26:06.717 | DEBUG | --new testCase collected, to generate: testCom.google.common.base.Throwables.getJlaMethod(String, Class)1
17:26:14.208 | INFO  | Finished (in 7.516 sec): method com.google.common.base.Throwables.getJlaMethod(String, Class) 
<StatsForMethod> :
	#generatedTC=1
	WITH NO EXCEPTIONS
17:26:14.278 | DEBUG |  ... 
17:26:14.278 | INFO  | Started: method com.google.common.base.Throwables.<init>()
17:26:14.279 | INFO  |  -- Remaining time budget: 17381 ms, #remaining_methods: 1, budget for method: 17381 ms, solver timeout: 1000 ms, budget for symbolic execution: 16181 ms, budget for concrete execution: 1200 ms,  -- 
17:26:14.283 | DEBUG | --new testCase collected, to generate: testCom.google.common.base.Throwables.<init>()1
17:26:14.305 | DEBUG | --new testCase collected, to generate: testCom.google.common.base.Throwables.<init>()2
17:26:14.306 | INFO  | Finished (in 0.027 sec): method com.google.common.base.Throwables.<init>() 
<StatsForMethod> :
	#generatedTC=2
	WITH NO EXCEPTIONS
17:26:14.312 | INFO  | Started: Flushing tests for [Throwables] on disk
17:26:14.631 | INFO  | File size for ThrowablesTest: 49 KB
17:26:14.633 | INFO  | Finished (in 0.321 sec): Flushing tests for [Throwables] on disk 
17:26:14.634 | INFO  | Finished (in 84.944 sec): class com.google.common.base.Throwables 
<StatsForClass> :
	canceled by timeout = false
	#methods = 20, 
	#methods started symbolic exploration = 20
	#methods with at least one TC = 17
	#methods with exceptions = 6
	#generated TC = 55
	#coverage = null
[READY]
