
>>> TOOL NAME:  utbot-mocks

>>> BENCHMARK:  SEATA-4

>>> RUN NUMBER: 5

>>> MODE: --only-compute-metrics
Creating directory ./temp
Creating directory ./temp/data
Creating directory ./temp/testcases
Executing /home/utbot_mocks/./runtool
>> BENCHMARK
>> /var/benchmarks/projects/seata/core/src/main/java
>> /var/benchmarks/projects/seata/core/target/classes
>> 18
>> /var/benchmarks/projects/seata/core/target/seata-core-0.5.0.jar
>> /var/benchmarks/projects/./seata/core/target/dependency/mockito-core-2.23.4.jar
>> /var/benchmarks/projects/seata/core/target/dependency/byte-buddy-agent-1.9.3.jar
>> /var/benchmarks/projects/seata/core/target/dependency/assertj-core-2.6.0.jar
>> /var/benchmarks/projects/seata/core/target/dependency/seata-common-0.5.0.jar
>> /var/benchmarks/projects/seata/core/target/dependency/byte-buddy-1.9.3.jar
>> /var/benchmarks/projects/seata/core/target/dependency/objenesis-2.6.jar
>> /var/benchmarks/projects/seata/core/target/dependency/seata-discovery-core-0.5.0.jar
>> /var/benchmarks/projects/seata/core/target/dependency/commons-pool2-2.4.2.jar
>> /var/benchmarks/projects/seata/core/target/dependency/junit-4.12.jar
>> /var/benchmarks/projects/seata/core/target/dependency/hamcrest-core-1.3.jar
>> /var/benchmarks/projects/seata/core/target/dependency/slf4j-api-1.7.22.jar
>> /var/benchmarks/projects/seata/core/target/dependency/seata-config-core-0.5.0.jar
>> /var/benchmarks/projects/seata/core/target/dependency/netty-all-4.1.24.Final.jar
>> /var/benchmarks/projects/seata/core/target/dependency/commons-lang-2.6.jar
>> /var/benchmarks/projects/seata/core/target/dependency/fastjson-1.2.48.jar
>> /var/benchmarks/projects/seata/core/target/dependency/config-1.2.1.jar
>> /var/benchmarks/projects/seata/core/target/dependency/commons-pool-1.6.jar
>> 0
expecting CLASSPATH or READY
<< CLASSPATH
expecting number
<< 0
<< READY
>> 120


### COMPUTING METRICS ###: io.seata.core.protocol.MessageFuture


Starting class io.seata.core.protocol.MessageFuture


Ending class io.seata.core.protocol.MessageFuture
Creating directory results_utbot-mocks_120/SEATA-4_5/temp/testcases/bin
Creating dummy JUnit test file

---Compilation---

===
javac command line:
/usr/bin/javac -sourcepath /home/utbot_mocks/results_utbot-mocks_120/SEATA-4_5/temp/testcases -cp /var/benchmarks/projects/seata/core/target/seata-core-0.5.0.jar:/var/benchmarks/projects/./seata/core/target/dependency/mockito-core-2.23.4.jar:/var/benchmarks/projects/seata/core/target/dependency/byte-buddy-agent-1.9.3.jar:/var/benchmarks/projects/seata/core/target/dependency/assertj-core-2.6.0.jar:/var/benchmarks/projects/seata/core/target/dependency/seata-common-0.5.0.jar:/var/benchmarks/projects/seata/core/target/dependency/byte-buddy-1.9.3.jar:/var/benchmarks/projects/seata/core/target/dependency/objenesis-2.6.jar:/var/benchmarks/projects/seata/core/target/dependency/seata-discovery-core-0.5.0.jar:/var/benchmarks/projects/seata/core/target/dependency/commons-pool2-2.4.2.jar:/var/benchmarks/projects/seata/core/target/dependency/junit-4.12.jar:/var/benchmarks/projects/seata/core/target/dependency/hamcrest-core-1.3.jar:/var/benchmarks/projects/seata/core/target/dependency/slf4j-api-1.7.22.jar:/var/benchmarks/projects/seata/core/target/dependency/seata-config-core-0.5.0.jar:/var/benchmarks/projects/seata/core/target/dependency/netty-all-4.1.24.Final.jar:/var/benchmarks/projects/seata/core/target/dependency/commons-lang-2.6.jar:/var/benchmarks/projects/seata/core/target/dependency/fastjson-1.2.48.jar:/var/benchmarks/projects/seata/core/target/dependency/config-1.2.1.jar:/var/benchmarks/projects/seata/core/target/dependency/commons-pool-1.6.jar:/usr/local/bin/lib/junit.jar:/usr/local/bin/lib/hamcrest-core.jar -d results_utbot-mocks_120/SEATA-4_5/temp/testcases/bin /home/utbot_mocks/results_utbot-mocks_120/SEATA-4_5/temp/testcases/SBSTDummyForCoverageAndMutationCalculation.java


===
javac command line:
/usr/bin/javac -sourcepath /home/utbot_mocks/results_utbot-mocks_120/SEATA-4_5/temp/testcases -cp /var/benchmarks/projects/seata/core/target/seata-core-0.5.0.jar:/var/benchmarks/projects/./seata/core/target/dependency/mockito-core-2.23.4.jar:/var/benchmarks/projects/seata/core/target/dependency/byte-buddy-agent-1.9.3.jar:/var/benchmarks/projects/seata/core/target/dependency/assertj-core-2.6.0.jar:/var/benchmarks/projects/seata/core/target/dependency/seata-common-0.5.0.jar:/var/benchmarks/projects/seata/core/target/dependency/byte-buddy-1.9.3.jar:/var/benchmarks/projects/seata/core/target/dependency/objenesis-2.6.jar:/var/benchmarks/projects/seata/core/target/dependency/seata-discovery-core-0.5.0.jar:/var/benchmarks/projects/seata/core/target/dependency/commons-pool2-2.4.2.jar:/var/benchmarks/projects/seata/core/target/dependency/junit-4.12.jar:/var/benchmarks/projects/seata/core/target/dependency/hamcrest-core-1.3.jar:/var/benchmarks/projects/seata/core/target/dependency/slf4j-api-1.7.22.jar:/var/benchmarks/projects/seata/core/target/dependency/seata-config-core-0.5.0.jar:/var/benchmarks/projects/seata/core/target/dependency/netty-all-4.1.24.Final.jar:/var/benchmarks/projects/seata/core/target/dependency/commons-lang-2.6.jar:/var/benchmarks/projects/seata/core/target/dependency/fastjson-1.2.48.jar:/var/benchmarks/projects/seata/core/target/dependency/config-1.2.1.jar:/var/benchmarks/projects/seata/core/target/dependency/commons-pool-1.6.jar:/usr/local/bin/lib/junit.jar:/usr/local/bin/lib/hamcrest-core.jar -d results_utbot-mocks_120/SEATA-4_5/temp/testcases/bin /home/utbot_mocks/results_utbot-mocks_120/SEATA-4_5/temp/testcases/io/seata/core/protocol/MessageFutureTest.java

/home/utbot_mocks/results_utbot-mocks_120/SEATA-4_5/temp/testcases/io/seata/core/protocol/MessageFutureTest.java:8: warning: Unsafe is internal proprietary API and may be removed in a future release
import sun.misc.Unsafe;
               ^
/home/utbot_mocks/results_utbot-mocks_120/SEATA-4_5/temp/testcases/io/seata/core/protocol/MessageFutureTest.java:281: warning: Unsafe is internal proprietary API and may be removed in a future release
    private static sun.misc.Unsafe getUnsafeInstance() throws Exception {
                           ^
/home/utbot_mocks/results_utbot-mocks_120/SEATA-4_5/temp/testcases/io/seata/core/protocol/MessageFutureTest.java:282: warning: Unsafe is internal proprietary API and may be removed in a future release
        java.lang.reflect.Field f = sun.misc.Unsafe.class.getDeclaredField("theUnsafe");
                                            ^
/home/utbot_mocks/results_utbot-mocks_120/SEATA-4_5/temp/testcases/io/seata/core/protocol/MessageFutureTest.java:284: warning: Unsafe is internal proprietary API and may be removed in a future release
        return (sun.misc.Unsafe) f.get(null);
                        ^
4 warnings
Compiled 'io/seata/core/protocol/MessageFutureTest.java'

---Timing Information---
Running tests with the following classpath: 
/var/benchmarks/projects/seata/core/target/seata-core-0.5.0.jar:/var/benchmarks/projects/./seata/core/target/dependency/mockito-core-2.23.4.jar:/var/benchmarks/projects/seata/core/target/dependency/byte-buddy-agent-1.9.3.jar:/var/benchmarks/projects/seata/core/target/dependency/assertj-core-2.6.0.jar:/var/benchmarks/projects/seata/core/target/dependency/seata-common-0.5.0.jar:/var/benchmarks/projects/seata/core/target/dependency/byte-buddy-1.9.3.jar:/var/benchmarks/projects/seata/core/target/dependency/objenesis-2.6.jar:/var/benchmarks/projects/seata/core/target/dependency/seata-discovery-core-0.5.0.jar:/var/benchmarks/projects/seata/core/target/dependency/commons-pool2-2.4.2.jar:/var/benchmarks/projects/seata/core/target/dependency/junit-4.12.jar:/var/benchmarks/projects/seata/core/target/dependency/hamcrest-core-1.3.jar:/var/benchmarks/projects/seata/core/target/dependency/slf4j-api-1.7.22.jar:/var/benchmarks/projects/seata/core/target/dependency/seata-config-core-0.5.0.jar:/var/benchmarks/projects/seata/core/target/dependency/netty-all-4.1.24.Final.jar:/var/benchmarks/projects/seata/core/target/dependency/commons-lang-2.6.jar:/var/benchmarks/projects/seata/core/target/dependency/fastjson-1.2.48.jar:/var/benchmarks/projects/seata/core/target/dependency/config-1.2.1.jar:/var/benchmarks/projects/seata/core/target/dependency/commons-pool-1.6.jar:/usr/local/bin/lib/junit.jar:/usr/local/bin/lib/hamcrest-core.jar:/home/utbot_mocks/results_utbot-mocks_120/SEATA-4_5/temp/testcases/bin
Running the tests: [SBSTDummyForCoverageAndMutationCalculation, io.seata.core.protocol.MessageFutureTest]
Executions terminated
Failure: [testIsTimeout1(io.seata.core.protocol.MessageFutureTest): null, testIsTimeout3(io.seata.core.protocol.MessageFutureTest): null]
Failing Tests: testIsTimeout1(io.seata.core.protocol.MessageFutureTest)
java.lang.AssertionError
	at org.junit.Assert.fail(Assert.java:86)
	at org.junit.Assert.assertTrue(Assert.java:41)
	at org.junit.Assert.assertTrue(Assert.java:52)
	at io.seata.core.protocol.MessageFutureTest.testIsTimeout1(MessageFutureTest.java:181)
	at sun.reflect.NativeMethodAccessorImpl.invoke0(Native Method)
	at sun.reflect.NativeMethodAccessorImpl.invoke(NativeMethodAccessorImpl.java:62)
	at sun.reflect.DelegatingMethodAccessorImpl.invoke(DelegatingMethodAccessorImpl.java:43)
	at java.lang.reflect.Method.invoke(Method.java:498)
	at org.junit.runners.model.FrameworkMethod$1.runReflectiveCall(FrameworkMethod.java:47)
	at org.junit.internal.runners.model.ReflectiveCallable.run(ReflectiveCallable.java:12)
	at org.junit.runners.model.FrameworkMethod.invokeExplosively(FrameworkMethod.java:44)
	at org.junit.internal.runners.statements.InvokeMethod.evaluate(InvokeMethod.java:17)
	at org.junit.internal.runners.statements.FailOnTimeout$StatementThread.run(FailOnTimeout.java:74)

Failing Tests: testIsTimeout3(io.seata.core.protocol.MessageFutureTest)
java.lang.AssertionError
	at org.junit.Assert.fail(Assert.java:86)
	at org.junit.Assert.assertTrue(Assert.java:41)
	at org.junit.Assert.assertFalse(Assert.java:64)
	at org.junit.Assert.assertFalse(Assert.java:74)
	at io.seata.core.protocol.MessageFutureTest.testIsTimeout3(MessageFutureTest.java:209)
	at sun.reflect.NativeMethodAccessorImpl.invoke0(Native Method)
	at sun.reflect.NativeMethodAccessorImpl.invoke(NativeMethodAccessorImpl.java:62)
	at sun.reflect.DelegatingMethodAccessorImpl.invoke(DelegatingMethodAccessorImpl.java:43)
	at java.lang.reflect.Method.invoke(Method.java:498)
	at org.junit.runners.model.FrameworkMethod$1.runReflectiveCall(FrameworkMethod.java:47)
	at org.junit.internal.runners.model.ReflectiveCallable.run(ReflectiveCallable.java:12)
	at org.junit.runners.model.FrameworkMethod.invokeExplosively(FrameworkMethod.java:44)
	at org.junit.internal.runners.statements.InvokeMethod.evaluate(InvokeMethod.java:17)
	at org.junit.internal.runners.statements.FailOnTimeout$StatementThread.run(FailOnTimeout.java:74)


---The tests are re-executed other four times to find the flaky ones---
Running the tests: [SBSTDummyForCoverageAndMutationCalculation, io.seata.core.protocol.MessageFutureTest]
Executions terminated
Failure: [testIsTimeout1(io.seata.core.protocol.MessageFutureTest): null, testIsTimeout3(io.seata.core.protocol.MessageFutureTest): null]
Failing Tests: testIsTimeout1(io.seata.core.protocol.MessageFutureTest)
java.lang.AssertionError
	at org.junit.Assert.fail(Assert.java:86)
	at org.junit.Assert.assertTrue(Assert.java:41)
	at org.junit.Assert.assertTrue(Assert.java:52)
	at io.seata.core.protocol.MessageFutureTest.testIsTimeout1(MessageFutureTest.java:181)
	at sun.reflect.NativeMethodAccessorImpl.invoke0(Native Method)
	at sun.reflect.NativeMethodAccessorImpl.invoke(NativeMethodAccessorImpl.java:62)
	at sun.reflect.DelegatingMethodAccessorImpl.invoke(DelegatingMethodAccessorImpl.java:43)
	at java.lang.reflect.Method.invoke(Method.java:498)
	at org.junit.runners.model.FrameworkMethod$1.runReflectiveCall(FrameworkMethod.java:47)
	at org.junit.internal.runners.model.ReflectiveCallable.run(ReflectiveCallable.java:12)
	at org.junit.runners.model.FrameworkMethod.invokeExplosively(FrameworkMethod.java:44)
	at org.junit.internal.runners.statements.InvokeMethod.evaluate(InvokeMethod.java:17)
	at org.junit.internal.runners.statements.FailOnTimeout$StatementThread.run(FailOnTimeout.java:74)

Running the tests: [SBSTDummyForCoverageAndMutationCalculation, io.seata.core.protocol.MessageFutureTest]
Failing Tests: testIsTimeout3(io.seata.core.protocol.MessageFutureTest)
java.lang.AssertionError
	at org.junit.Assert.fail(Assert.java:86)
	at org.junit.Assert.assertTrue(Assert.java:41)
	at org.junit.Assert.assertFalse(Assert.java:64)
	at org.junit.Assert.assertFalse(Assert.java:74)
	at io.seata.core.protocol.MessageFutureTest.testIsTimeout3(MessageFutureTest.java:209)
	at sun.reflect.NativeMethodAccessorImpl.invoke0(Native Method)
	at sun.reflect.NativeMethodAccessorImpl.invoke(NativeMethodAccessorImpl.java:62)
	at sun.reflect.DelegatingMethodAccessorImpl.invoke(DelegatingMethodAccessorImpl.java:43)
	at java.lang.reflect.Method.invoke(Method.java:498)
	at org.junit.runners.model.FrameworkMethod$1.runReflectiveCall(FrameworkMethod.java:47)
	at org.junit.internal.runners.model.ReflectiveCallable.run(ReflectiveCallable.java:12)
	at org.junit.runners.model.FrameworkMethod.invokeExplosively(FrameworkMethod.java:44)
	at org.junit.internal.runners.statements.InvokeMethod.evaluate(InvokeMethod.java:17)
	at org.junit.internal.runners.statements.FailOnTimeout$StatementThread.run(FailOnTimeout.java:74)

Executions terminated
Running the tests: [SBSTDummyForCoverageAndMutationCalculation, io.seata.core.protocol.MessageFutureTest]
Failure: [testIsTimeout1(io.seata.core.protocol.MessageFutureTest): null, testIsTimeout3(io.seata.core.protocol.MessageFutureTest): null]
Failing Tests: testIsTimeout1(io.seata.core.protocol.MessageFutureTest)
java.lang.AssertionError
	at org.junit.Assert.fail(Assert.java:86)
	at org.junit.Assert.assertTrue(Assert.java:41)
	at org.junit.Assert.assertTrue(Assert.java:52)
	at io.seata.core.protocol.MessageFutureTest.testIsTimeout1(MessageFutureTest.java:181)
	at sun.reflect.NativeMethodAccessorImpl.invoke0(Native Method)
	at sun.reflect.NativeMethodAccessorImpl.invoke(NativeMethodAccessorImpl.java:62)
	at sun.reflect.DelegatingMethodAccessorImpl.invoke(DelegatingMethodAccessorImpl.java:43)
	at java.lang.reflect.Method.invoke(Method.java:498)
	at org.junit.runners.model.FrameworkMethod$1.runReflectiveCall(FrameworkMethod.java:47)
	at org.junit.internal.runners.model.ReflectiveCallable.run(ReflectiveCallable.java:12)
	at org.junit.runners.model.FrameworkMethod.invokeExplosively(FrameworkMethod.java:44)
	at org.junit.internal.runners.statements.InvokeMethod.evaluate(InvokeMethod.java:17)
	at org.junit.internal.runners.statements.FailOnTimeout$StatementThread.run(FailOnTimeout.java:74)

Failing Tests: testIsTimeout3(io.seata.core.protocol.MessageFutureTest)
java.lang.AssertionError
	at org.junit.Assert.fail(Assert.java:86)
	at org.junit.Assert.assertTrue(Assert.java:41)
	at org.junit.Assert.assertFalse(Assert.java:64)
	at org.junit.Assert.assertFalse(Assert.java:74)
	at io.seata.core.protocol.MessageFutureTest.testIsTimeout3(MessageFutureTest.java:209)
	at sun.reflect.NativeMethodAccessorImpl.invoke0(Native Method)
	at sun.reflect.NativeMethodAccessorImpl.invoke(NativeMethodAccessorImpl.java:62)
	at sun.reflect.DelegatingMethodAccessorImpl.invoke(DelegatingMethodAccessorImpl.java:43)
	at java.lang.reflect.Method.invoke(Method.java:498)
	at org.junit.runners.model.FrameworkMethod$1.runReflectiveCall(FrameworkMethod.java:47)
	at org.junit.internal.runners.model.ReflectiveCallable.run(ReflectiveCallable.java:12)
	at org.junit.runners.model.FrameworkMethod.invokeExplosively(FrameworkMethod.java:44)
	at org.junit.internal.runners.statements.InvokeMethod.evaluate(InvokeMethod.java:17)
	at org.junit.internal.runners.statements.FailOnTimeout$StatementThread.run(FailOnTimeout.java:74)

Executions terminated
Running the tests: [SBSTDummyForCoverageAndMutationCalculation, io.seata.core.protocol.MessageFutureTest]
Failure: [testIsTimeout1(io.seata.core.protocol.MessageFutureTest): null, testIsTimeout3(io.seata.core.protocol.MessageFutureTest): null]
Failing Tests: testIsTimeout1(io.seata.core.protocol.MessageFutureTest)
java.lang.AssertionError
	at org.junit.Assert.fail(Assert.java:86)
	at org.junit.Assert.assertTrue(Assert.java:41)
	at org.junit.Assert.assertTrue(Assert.java:52)
	at io.seata.core.protocol.MessageFutureTest.testIsTimeout1(MessageFutureTest.java:181)
	at sun.reflect.NativeMethodAccessorImpl.invoke0(Native Method)
	at sun.reflect.NativeMethodAccessorImpl.invoke(NativeMethodAccessorImpl.java:62)
	at sun.reflect.DelegatingMethodAccessorImpl.invoke(DelegatingMethodAccessorImpl.java:43)
	at java.lang.reflect.Method.invoke(Method.java:498)
	at org.junit.runners.model.FrameworkMethod$1.runReflectiveCall(FrameworkMethod.java:47)
	at org.junit.internal.runners.model.ReflectiveCallable.run(ReflectiveCallable.java:12)
	at org.junit.runners.model.FrameworkMethod.invokeExplosively(FrameworkMethod.java:44)
	at org.junit.internal.runners.statements.InvokeMethod.evaluate(InvokeMethod.java:17)
	at org.junit.internal.runners.statements.FailOnTimeout$StatementThread.run(FailOnTimeout.java:74)

Failing Tests: testIsTimeout3(io.seata.core.protocol.MessageFutureTest)
java.lang.AssertionError
	at org.junit.Assert.fail(Assert.java:86)
	at org.junit.Assert.assertTrue(Assert.java:41)
	at org.junit.Assert.assertFalse(Assert.java:64)
	at org.junit.Assert.assertFalse(Assert.java:74)
	at io.seata.core.protocol.MessageFutureTest.testIsTimeout3(MessageFutureTest.java:209)
	at sun.reflect.NativeMethodAccessorImpl.invoke0(Native Method)
	at sun.reflect.NativeMethodAccessorImpl.invoke(NativeMethodAccessorImpl.java:62)
	at sun.reflect.DelegatingMethodAccessorImpl.invoke(DelegatingMethodAccessorImpl.java:43)
	at java.lang.reflect.Method.invoke(Method.java:498)
	at org.junit.runners.model.FrameworkMethod$1.runReflectiveCall(FrameworkMethod.java:47)
	at org.junit.internal.runners.model.ReflectiveCallable.run(ReflectiveCallable.java:12)
	at org.junit.runners.model.FrameworkMethod.invokeExplosively(FrameworkMethod.java:44)
	at org.junit.internal.runners.statements.InvokeMethod.evaluate(InvokeMethod.java:17)
	at org.junit.internal.runners.statements.FailOnTimeout$StatementThread.run(FailOnTimeout.java:74)

Executions terminated
Failure: [testIsTimeout1(io.seata.core.protocol.MessageFutureTest): null, testIsTimeout3(io.seata.core.protocol.MessageFutureTest): null]
Failing Tests: testIsTimeout1(io.seata.core.protocol.MessageFutureTest)
java.lang.AssertionError
	at org.junit.Assert.fail(Assert.java:86)
	at org.junit.Assert.assertTrue(Assert.java:41)
	at org.junit.Assert.assertTrue(Assert.java:52)
	at io.seata.core.protocol.MessageFutureTest.testIsTimeout1(MessageFutureTest.java:181)
	at sun.reflect.NativeMethodAccessorImpl.invoke0(Native Method)
	at sun.reflect.NativeMethodAccessorImpl.invoke(NativeMethodAccessorImpl.java:62)
	at sun.reflect.DelegatingMethodAccessorImpl.invoke(DelegatingMethodAccessorImpl.java:43)
	at java.lang.reflect.Method.invoke(Method.java:498)
	at org.junit.runners.model.FrameworkMethod$1.runReflectiveCall(FrameworkMethod.java:47)
	at org.junit.internal.runners.model.ReflectiveCallable.run(ReflectiveCallable.java:12)
	at org.junit.runners.model.FrameworkMethod.invokeExplosively(FrameworkMethod.java:44)
	at org.junit.internal.runners.statements.InvokeMethod.evaluate(InvokeMethod.java:17)
	at org.junit.internal.runners.statements.FailOnTimeout$StatementThread.run(FailOnTimeout.java:74)

Failing Tests: testIsTimeout3(io.seata.core.protocol.MessageFutureTest)
java.lang.AssertionError
	at org.junit.Assert.fail(Assert.java:86)
	at org.junit.Assert.assertTrue(Assert.java:41)
	at org.junit.Assert.assertFalse(Assert.java:64)
	at org.junit.Assert.assertFalse(Assert.java:74)
	at io.seata.core.protocol.MessageFutureTest.testIsTimeout3(MessageFutureTest.java:209)
	at sun.reflect.NativeMethodAccessorImpl.invoke0(Native Method)
	at sun.reflect.NativeMethodAccessorImpl.invoke(NativeMethodAccessorImpl.java:62)
	at sun.reflect.DelegatingMethodAccessorImpl.invoke(DelegatingMethodAccessorImpl.java:43)
	at java.lang.reflect.Method.invoke(Method.java:498)
	at org.junit.runners.model.FrameworkMethod$1.runReflectiveCall(FrameworkMethod.java:47)
	at org.junit.internal.runners.model.ReflectiveCallable.run(ReflectiveCallable.java:12)
	at org.junit.runners.model.FrameworkMethod.invokeExplosively(FrameworkMethod.java:44)
	at org.junit.internal.runners.statements.InvokeMethod.evaluate(InvokeMethod.java:17)
	at org.junit.internal.runners.statements.FailOnTimeout$StatementThread.run(FailOnTimeout.java:74)


=== Run Jacoco for Coverage ===
Number of instrumented file = 7313
Running tests with the following classpath: 
/home/utbot_mocks/results_utbot-mocks_120/SEATA-4_5/temp/testcases/seata-core-0.5.0_instrumented.jar:/home/utbot_mocks/results_utbot-mocks_120/SEATA-4_5/temp/testcases/mockito-core-2.23.4_instrumented.jar:/home/utbot_mocks/results_utbot-mocks_120/SEATA-4_5/temp/testcases/byte-buddy-agent-1.9.3_instrumented.jar:/home/utbot_mocks/results_utbot-mocks_120/SEATA-4_5/temp/testcases/assertj-core-2.6.0_instrumented.jar:/home/utbot_mocks/results_utbot-mocks_120/SEATA-4_5/temp/testcases/seata-common-0.5.0_instrumented.jar:/home/utbot_mocks/results_utbot-mocks_120/SEATA-4_5/temp/testcases/byte-buddy-1.9.3_instrumented.jar:/home/utbot_mocks/results_utbot-mocks_120/SEATA-4_5/temp/testcases/objenesis-2.6_instrumented.jar:/home/utbot_mocks/results_utbot-mocks_120/SEATA-4_5/temp/testcases/seata-discovery-core-0.5.0_instrumented.jar:/home/utbot_mocks/results_utbot-mocks_120/SEATA-4_5/temp/testcases/commons-pool2-2.4.2_instrumented.jar:/home/utbot_mocks/results_utbot-mocks_120/SEATA-4_5/temp/testcases/junit-4.12_instrumented.jar:/home/utbot_mocks/results_utbot-mocks_120/SEATA-4_5/temp/testcases/hamcrest-core-1.3_instrumented.jar:/home/utbot_mocks/results_utbot-mocks_120/SEATA-4_5/temp/testcases/slf4j-api-1.7.22_instrumented.jar:/home/utbot_mocks/results_utbot-mocks_120/SEATA-4_5/temp/testcases/seata-config-core-0.5.0_instrumented.jar:/home/utbot_mocks/results_utbot-mocks_120/SEATA-4_5/temp/testcases/netty-all-4.1.24.Final_instrumented.jar:/home/utbot_mocks/results_utbot-mocks_120/SEATA-4_5/temp/testcases/commons-lang-2.6_instrumented.jar:/home/utbot_mocks/results_utbot-mocks_120/SEATA-4_5/temp/testcases/fastjson-1.2.48_instrumented.jar:/home/utbot_mocks/results_utbot-mocks_120/SEATA-4_5/temp/testcases/config-1.2.1_instrumented.jar:/home/utbot_mocks/results_utbot-mocks_120/SEATA-4_5/temp/testcases/commons-pool-1.6_instrumented.jar:/usr/local/bin/lib/hamcrest-core.jar:/usr/local/bin/lib/junit.jar:/home/utbot_mocks/results_utbot-mocks_120/SEATA-4_5/temp/testcases/bin
Running the tests: [SBSTDummyForCoverageAndMutationCalculation, io.seata.core.protocol.MessageFutureTest]
Executions terminated
Number of file with coverage information = 120
Extracted coverage data for the class io/seata/core/protocol/MessageFuture
Number of file with coverage information = 543
Number of file with coverage information = 31
Number of file with coverage information = 740
Number of file with coverage information = 23
Number of file with coverage information = 2286
Number of file with coverage information = 43
Number of file with coverage information = 10
Number of file with coverage information = 68
Number of file with coverage information = 286
Number of file with coverage information = 45
Number of file with coverage information = 34
Number of file with coverage information = 12
Number of file with coverage information = 2528
Number of file with coverage information = 133
Number of file with coverage information = 221
Number of file with coverage information = 135
Number of file with coverage information = 55

=== Run PIT ===
Matching Jacoco with PIT: find covered mutations
Executing Mutation Analysis using 13 mutants 
Evaluating mutant -1498620769 using tests: [io.seata.core.protocol.MessageFutureTest]

 CP : /usr/local/bin/lib/junit.jar:/usr/local/bin/lib/hamcrest-core.jar:results_utbot-mocks_120/SEATA-4_5/temp/testcases/mutated_code/SUT:/home/utbot_mocks/results_utbot-mocks_120/SEATA-4_5/temp/testcases/bin:results_utbot-mocks_120/SEATA-4_5/temp/testcases/mutated_code/CUT0

Failed test testSetResultMessage2(io.seata.core.protocol.MessageFutureTest)
	 actual test, will stop test execution !
TestExec4MutationTask: Mutant MutationIdentifier [location=Location [clazz=io.seata.core.protocol.MessageFuture, method=setResultMessage, methodDesc=(Ljava/lang/Object;)V], indexes=[18], mutator=org.pitest.mutationtest.engine.gregor.mutators.VoidMethodCallMutator] killed by test (io.seata.core.protocol.MessageFutureTest),testSetResultMessage2)
Evaluating mutant 661898455 using tests: [io.seata.core.protocol.MessageFutureTest]

 CP : /usr/local/bin/lib/junit.jar:/usr/local/bin/lib/hamcrest-core.jar:results_utbot-mocks_120/SEATA-4_5/temp/testcases/mutated_code/SUT:/home/utbot_mocks/results_utbot-mocks_120/SEATA-4_5/temp/testcases/bin:results_utbot-mocks_120/SEATA-4_5/temp/testcases/mutated_code/CUT1

Failed test testSetResultMessage2(io.seata.core.protocol.MessageFutureTest)
	 actual test, will stop test execution !
TestExec4MutationTask: Mutant MutationIdentifier [location=Location [clazz=io.seata.core.protocol.MessageFuture, method=isTimeout, methodDesc=()Z], indexes=[18], mutator=org.pitest.mutationtest.engine.gregor.mutators.ReturnValsMutator] killed by test (io.seata.core.protocol.MessageFutureTest),testSetResultMessage2)
Evaluating mutant 1217378681 using tests: [io.seata.core.protocol.MessageFutureTest]

 CP : /usr/local/bin/lib/junit.jar:/usr/local/bin/lib/hamcrest-core.jar:results_utbot-mocks_120/SEATA-4_5/temp/testcases/mutated_code/SUT:/home/utbot_mocks/results_utbot-mocks_120/SEATA-4_5/temp/testcases/bin:results_utbot-mocks_120/SEATA-4_5/temp/testcases/mutated_code/CUT2

Failed test testSetResultMessage2(io.seata.core.protocol.MessageFutureTest)
	 actual test, will stop test execution !
TestExec4MutationTask: Mutant MutationIdentifier [location=Location [clazz=io.seata.core.protocol.MessageFuture, method=getRequestMessage, methodDesc=()Lio/seata/core/protocol/RpcMessage;], indexes=[5], mutator=org.pitest.mutationtest.engine.gregor.mutators.ReturnValsMutator] killed by test (io.seata.core.protocol.MessageFutureTest),testSetResultMessage2)
Evaluating mutant 10371478 using tests: [io.seata.core.protocol.MessageFutureTest]

 CP : /usr/local/bin/lib/junit.jar:/usr/local/bin/lib/hamcrest-core.jar:results_utbot-mocks_120/SEATA-4_5/temp/testcases/mutated_code/SUT:/home/utbot_mocks/results_utbot-mocks_120/SEATA-4_5/temp/testcases/bin:results_utbot-mocks_120/SEATA-4_5/temp/testcases/mutated_code/CUT3

Failed test testSetResultMessage2(io.seata.core.protocol.MessageFutureTest)
	 actual test, will stop test execution !
TestExec4MutationTask: Mutant MutationIdentifier [location=Location [clazz=io.seata.core.protocol.MessageFuture, method=setResultMessage, methodDesc=(Ljava/lang/Object;)V], indexes=[5], mutator=org.pitest.mutationtest.engine.gregor.mutators.NegateConditionalsMutator] killed by test (io.seata.core.protocol.MessageFutureTest),testSetResultMessage2)
Evaluating mutant 1163703301 using tests: [io.seata.core.protocol.MessageFutureTest]

 CP : /usr/local/bin/lib/junit.jar:/usr/local/bin/lib/hamcrest-core.jar:results_utbot-mocks_120/SEATA-4_5/temp/testcases/mutated_code/SUT:/home/utbot_mocks/results_utbot-mocks_120/SEATA-4_5/temp/testcases/bin:results_utbot-mocks_120/SEATA-4_5/temp/testcases/mutated_code/CUT4

Failed test testSetResultMessage2(io.seata.core.protocol.MessageFutureTest)
	 actual test, will stop test execution !
TestExec4MutationTask: Mutant MutationIdentifier [location=Location [clazz=io.seata.core.protocol.MessageFuture, method=isTimeout, methodDesc=()Z], indexes=[6], mutator=org.pitest.mutationtest.engine.gregor.mutators.MathMutator] killed by test (io.seata.core.protocol.MessageFutureTest),testSetResultMessage2)
Evaluating mutant 1965599522 using tests: [io.seata.core.protocol.MessageFutureTest]

 CP : /usr/local/bin/lib/junit.jar:/usr/local/bin/lib/hamcrest-core.jar:results_utbot-mocks_120/SEATA-4_5/temp/testcases/mutated_code/SUT:/home/utbot_mocks/results_utbot-mocks_120/SEATA-4_5/temp/testcases/bin:results_utbot-mocks_120/SEATA-4_5/temp/testcases/mutated_code/CUT5

Failed test testSetResultMessage2(io.seata.core.protocol.MessageFutureTest)
	 actual test, will stop test execution !
TestExec4MutationTask: Mutant MutationIdentifier [location=Location [clazz=io.seata.core.protocol.MessageFuture, method=isTimeout, methodDesc=()Z], indexes=[10], mutator=org.pitest.mutationtest.engine.gregor.mutators.NegateConditionalsMutator] killed by test (io.seata.core.protocol.MessageFutureTest),testSetResultMessage2)
Evaluating mutant -526139026 using tests: [io.seata.core.protocol.MessageFutureTest]

 CP : /usr/local/bin/lib/junit.jar:/usr/local/bin/lib/hamcrest-core.jar:results_utbot-mocks_120/SEATA-4_5/temp/testcases/mutated_code/SUT:/home/utbot_mocks/results_utbot-mocks_120/SEATA-4_5/temp/testcases/bin:results_utbot-mocks_120/SEATA-4_5/temp/testcases/mutated_code/CUT6

Failed test testSetResultMessage2(io.seata.core.protocol.MessageFutureTest)
	 actual test, will stop test execution !
TestExec4MutationTask: Mutant MutationIdentifier [location=Location [clazz=io.seata.core.protocol.MessageFuture, method=getTimeout, methodDesc=()J], indexes=[5], mutator=org.pitest.mutationtest.engine.gregor.mutators.ReturnValsMutator] killed by test (io.seata.core.protocol.MessageFutureTest),testSetResultMessage2)
Evaluating mutant -100339910 using tests: [io.seata.core.protocol.MessageFutureTest]

 CP : /usr/local/bin/lib/junit.jar:/usr/local/bin/lib/hamcrest-core.jar:results_utbot-mocks_120/SEATA-4_5/temp/testcases/mutated_code/SUT:/home/utbot_mocks/results_utbot-mocks_120/SEATA-4_5/temp/testcases/bin:results_utbot-mocks_120/SEATA-4_5/temp/testcases/mutated_code/CUT7

Failed test testSetResultMessage2(io.seata.core.protocol.MessageFutureTest)
	 actual test, will stop test execution !
TestExec4MutationTask: Mutant MutationIdentifier [location=Location [clazz=io.seata.core.protocol.MessageFuture, method=isTimeout, methodDesc=()Z], indexes=[10], mutator=org.pitest.mutationtest.engine.gregor.mutators.ConditionalsBoundaryMutator] killed by test (io.seata.core.protocol.MessageFutureTest),testSetResultMessage2)
mutationResult.getState() KILLED
* Killed mutant MutationDetails [id=MutationIdentifier [location=Location [clazz=io.seata.core.protocol.MessageFuture, method=setResultMessage, methodDesc=(Ljava/lang/Object;)V], indexes=[18], mutator=org.pitest.mutationtest.engine.gregor.mutators.VoidMethodCallMutator], filename=MessageFuture.java, block=13, lineNumber=78, description=removed call to java/util/concurrent/CountDownLatch::countDown, testsInOrder=[]]
mutationResult.getState() KILLED
* Killed mutant MutationDetails [id=MutationIdentifier [location=Location [clazz=io.seata.core.protocol.MessageFuture, method=isTimeout, methodDesc=()Z], indexes=[18], mutator=org.pitest.mutationtest.engine.gregor.mutators.ReturnValsMutator], filename=MessageFuture.java, block=3, lineNumber=43, description=replaced return of integer sized value with (x == 0 ? 1 : 0), testsInOrder=[]]
mutationResult.getState() KILLED
* Killed mutant MutationDetails [id=MutationIdentifier [location=Location [clazz=io.seata.core.protocol.MessageFuture, method=getRequestMessage, methodDesc=()Lio/seata/core/protocol/RpcMessage;], indexes=[5], mutator=org.pitest.mutationtest.engine.gregor.mutators.ReturnValsMutator], filename=MessageFuture.java, block=14, lineNumber=87, description=mutated return of Object value for io/seata/core/protocol/MessageFuture::getRequestMessage to ( if (x != null) null else throw new RuntimeException ), testsInOrder=[]]
mutationResult.getState() KILLED
* Killed mutant MutationDetails [id=MutationIdentifier [location=Location [clazz=io.seata.core.protocol.MessageFuture, method=setResultMessage, methodDesc=(Ljava/lang/Object;)V], indexes=[5], mutator=org.pitest.mutationtest.engine.gregor.mutators.NegateConditionalsMutator], filename=MessageFuture.java, block=11, lineNumber=77, description=negated conditional, testsInOrder=[]]
mutationResult.getState() KILLED
* Killed mutant MutationDetails [id=MutationIdentifier [location=Location [clazz=io.seata.core.protocol.MessageFuture, method=isTimeout, methodDesc=()Z], indexes=[6], mutator=org.pitest.mutationtest.engine.gregor.mutators.MathMutator], filename=MessageFuture.java, block=1, lineNumber=43, description=Replaced long subtraction with addition, testsInOrder=[]]
mutationResult.getState() KILLED
* Killed mutant MutationDetails [id=MutationIdentifier [location=Location [clazz=io.seata.core.protocol.MessageFuture, method=isTimeout, methodDesc=()Z], indexes=[10], mutator=org.pitest.mutationtest.engine.gregor.mutators.NegateConditionalsMutator], filename=MessageFuture.java, block=1, lineNumber=43, description=negated conditional, testsInOrder=[]]
mutationResult.getState() KILLED
* Killed mutant MutationDetails [id=MutationIdentifier [location=Location [clazz=io.seata.core.protocol.MessageFuture, method=getTimeout, methodDesc=()J], indexes=[5], mutator=org.pitest.mutationtest.engine.gregor.mutators.ReturnValsMutator], filename=MessageFuture.java, block=16, lineNumber=105, description=replaced return of long value with value + 1 for io/seata/core/protocol/MessageFuture::getTimeout, testsInOrder=[]]
mutationResult.getState() KILLED
* Killed mutant MutationDetails [id=MutationIdentifier [location=Location [clazz=io.seata.core.protocol.MessageFuture, method=isTimeout, methodDesc=()Z], indexes=[10], mutator=org.pitest.mutationtest.engine.gregor.mutators.ConditionalsBoundaryMutator], filename=MessageFuture.java, block=1, lineNumber=43, description=changed conditional boundary, testsInOrder=[]]

>>> RESULTS:
	Tool name: utbot-mocks
	Benchmark: SEATA-4
	Class Under Test: io.seata.core.protocol.MessageFuture
	Run number: 5
	Tool preparation time (ms): 7072
	Tool test cases generation time (ms): 36874
	Test cases execution time (ms): 1701
	Test case number: 16
	Uncompilable Test Classes: 0
	Broken tests number: 2
	Failing tests number: 0
	Lines total: 22
	Lines covered: 14
	Lines coverage ratio (%): 63.636364
	Conditions total: 10
	Conditions covered: 4
	Conditions coverage ratio (%): 40.0
	Mutants total: 13
	Mutants covered: 8
	Mutants coverage ratio (%): 61.538464
	Mutants killed: 8
	Mutants killed ratio (%): 61.538464
	Mutants alive: 5


Class io.seata.core.protocol.MessageFuture ended.
Stopping process...
Tool subprocess is an instance of java.lang.UNIXProcess
Tool subprocess Id is 28846
Killing master process 28846
Executing command kill -9 28846
Execution of command kill -9 28846 finished.
Process was destroyed
