
>>> TOOL NAME:  utbot-mocks

>>> BENCHMARK:  GUAVA-6

>>> RUN NUMBER: 6

>>> MODE: --only-compute-metrics
Creating directory ./temp
Creating directory ./temp/data
Creating directory ./temp/testcases
Executing /home/utbot_mocks/./runtool
>> BENCHMARK
>> /var/benchmarks/projects/guava/guava/src
>> /var/benchmarks/projects/guava/guava/target/classes
>> 6
>> /var/benchmarks/projects/guava/guava/target/guava-26.0-jre.jar
>> /var/benchmarks/projects/./guava/guava/target/dependency/checker-qual-2.5.2.jar
>> /var/benchmarks/projects/guava/guava/target/dependency/error_prone_annotations-2.1.3.jar
>> /var/benchmarks/projects/guava/guava/target/dependency/j2objc-annotations-1.1.jar
>> /var/benchmarks/projects/guava/guava/target/dependency/jsr305-3.0.2.jar
>> /var/benchmarks/projects/guava/guava/target/dependency/animal-sniffer-annotations-1.14.jar
>> 0
expecting CLASSPATH or READY
<< CLASSPATH
expecting number
<< 0
<< READY
>> 120


### COMPUTING METRICS ###: com.google.common.base.Throwables


Starting class com.google.common.base.Throwables


Ending class com.google.common.base.Throwables
Creating directory results_utbot-mocks_120/GUAVA-6_6/temp/testcases/bin
Creating dummy JUnit test file

---Compilation---

===
javac command line:
/usr/bin/javac -sourcepath /home/utbot_mocks/results_utbot-mocks_120/GUAVA-6_6/temp/testcases -cp /var/benchmarks/projects/guava/guava/target/guava-26.0-jre.jar:/var/benchmarks/projects/./guava/guava/target/dependency/checker-qual-2.5.2.jar:/var/benchmarks/projects/guava/guava/target/dependency/error_prone_annotations-2.1.3.jar:/var/benchmarks/projects/guava/guava/target/dependency/j2objc-annotations-1.1.jar:/var/benchmarks/projects/guava/guava/target/dependency/jsr305-3.0.2.jar:/var/benchmarks/projects/guava/guava/target/dependency/animal-sniffer-annotations-1.14.jar:/usr/local/bin/lib/junit.jar:/usr/local/bin/lib/hamcrest-core.jar -d results_utbot-mocks_120/GUAVA-6_6/temp/testcases/bin /home/utbot_mocks/results_utbot-mocks_120/GUAVA-6_6/temp/testcases/SBSTDummyForCoverageAndMutationCalculation.java


===
javac command line:
/usr/bin/javac -sourcepath /home/utbot_mocks/results_utbot-mocks_120/GUAVA-6_6/temp/testcases -cp /var/benchmarks/projects/guava/guava/target/guava-26.0-jre.jar:/var/benchmarks/projects/./guava/guava/target/dependency/checker-qual-2.5.2.jar:/var/benchmarks/projects/guava/guava/target/dependency/error_prone_annotations-2.1.3.jar:/var/benchmarks/projects/guava/guava/target/dependency/j2objc-annotations-1.1.jar:/var/benchmarks/projects/guava/guava/target/dependency/jsr305-3.0.2.jar:/var/benchmarks/projects/guava/guava/target/dependency/animal-sniffer-annotations-1.14.jar:/usr/local/bin/lib/junit.jar:/usr/local/bin/lib/hamcrest-core.jar -d results_utbot-mocks_120/GUAVA-6_6/temp/testcases/bin /home/utbot_mocks/results_utbot-mocks_120/GUAVA-6_6/temp/testcases/com/google/common/base/ThrowablesTest.java

/home/utbot_mocks/results_utbot-mocks_120/GUAVA-6_6/temp/testcases/com/google/common/base/ThrowablesTest.java:13: error: package sun.nio.ch.InheritedChannel does not exist
import sun.nio.ch.InheritedChannel.InheritedServerSocketChannelImpl;
                                  ^
/home/utbot_mocks/results_utbot-mocks_120/GUAVA-6_6/temp/testcases/com/google/common/base/ThrowablesTest.java:14: error: InheritedChannel is not public in sun.nio.ch; cannot be accessed from outside package
import sun.nio.ch.InheritedChannel;
                 ^
/home/utbot_mocks/results_utbot-mocks_120/GUAVA-6_6/temp/testcases/com/google/common/base/ThrowablesTest.java:22: warning: NativePRNG is internal proprietary API and may be removed in a future release
import sun.security.provider.NativePRNG.Blocking;
                            ^
/home/utbot_mocks/results_utbot-mocks_120/GUAVA-6_6/temp/testcases/com/google/common/base/ThrowablesTest.java:22: warning: NativePRNG is internal proprietary API and may be removed in a future release
import sun.security.provider.NativePRNG.Blocking;
                            ^
/home/utbot_mocks/results_utbot-mocks_120/GUAVA-6_6/temp/testcases/com/google/common/base/ThrowablesTest.java:23: warning: NativePRNG is internal proprietary API and may be removed in a future release
import sun.security.provider.NativePRNG;
                            ^
/home/utbot_mocks/results_utbot-mocks_120/GUAVA-6_6/temp/testcases/com/google/common/base/ThrowablesTest.java:31: error: package jdk.internal.org.xml.sax does not exist
import jdk.internal.org.xml.sax.SAXException;
                               ^
/home/utbot_mocks/results_utbot-mocks_120/GUAVA-6_6/temp/testcases/com/google/common/base/ThrowablesTest.java:32: warning: ConnectionResetException is internal proprietary API and may be removed in a future release
import sun.net.ConnectionResetException;
              ^
/home/utbot_mocks/results_utbot-mocks_120/GUAVA-6_6/temp/testcases/com/google/common/base/ThrowablesTest.java:43: warning: Unsafe is internal proprietary API and may be removed in a future release
import sun.misc.Unsafe;
               ^
/home/utbot_mocks/results_utbot-mocks_120/GUAVA-6_6/temp/testcases/com/google/common/base/ThrowablesTest.java:46: error: package org.mockito does not exist
import static org.mockito.ArgumentMatchers.any;
                         ^
/home/utbot_mocks/results_utbot-mocks_120/GUAVA-6_6/temp/testcases/com/google/common/base/ThrowablesTest.java:46: error: static import only from classes and interfaces
import static org.mockito.ArgumentMatchers.any;
^
/home/utbot_mocks/results_utbot-mocks_120/GUAVA-6_6/temp/testcases/com/google/common/base/ThrowablesTest.java:47: error: package org.mockito does not exist
import static org.mockito.Mockito.mockStatic;
                         ^
/home/utbot_mocks/results_utbot-mocks_120/GUAVA-6_6/temp/testcases/com/google/common/base/ThrowablesTest.java:47: error: static import only from classes and interfaces
import static org.mockito.Mockito.mockStatic;
^
/home/utbot_mocks/results_utbot-mocks_120/GUAVA-6_6/temp/testcases/com/google/common/base/ThrowablesTest.java:169: error: package org.mockito does not exist
        org.mockito.MockedStatic mockedStatic = null;
                   ^
/home/utbot_mocks/results_utbot-mocks_120/GUAVA-6_6/temp/testcases/com/google/common/base/ThrowablesTest.java:171: error: cannot find symbol
            mockedStatic = mockStatic(Preconditions.class);
                           ^
  symbol:   method mockStatic(Class<Preconditions>)
  location: class ThrowablesTest
/home/utbot_mocks/results_utbot-mocks_120/GUAVA-6_6/temp/testcases/com/google/common/base/ThrowablesTest.java:173: error: cannot find symbol
                Preconditions.checkNotNull(any());
                                           ^
  symbol:   method any()
  location: class ThrowablesTest
/home/utbot_mocks/results_utbot-mocks_120/GUAVA-6_6/temp/testcases/com/google/common/base/ThrowablesTest.java:187: error: package org.mockito does not exist
        org.mockito.MockedStatic mockedStatic = null;
                   ^
/home/utbot_mocks/results_utbot-mocks_120/GUAVA-6_6/temp/testcases/com/google/common/base/ThrowablesTest.java:189: error: cannot find symbol
            mockedStatic = mockStatic(Preconditions.class);
                           ^
  symbol:   method mockStatic(Class<Preconditions>)
  location: class ThrowablesTest
/home/utbot_mocks/results_utbot-mocks_120/GUAVA-6_6/temp/testcases/com/google/common/base/ThrowablesTest.java:192: error: cannot find symbol
                Preconditions.checkNotNull(any());
                                           ^
  symbol:   method any()
  location: class ThrowablesTest
/home/utbot_mocks/results_utbot-mocks_120/GUAVA-6_6/temp/testcases/com/google/common/base/ThrowablesTest.java:207: error: package org.mockito does not exist
        org.mockito.MockedStatic mockedStatic = null;
                   ^
/home/utbot_mocks/results_utbot-mocks_120/GUAVA-6_6/temp/testcases/com/google/common/base/ThrowablesTest.java:209: error: cannot find symbol
            mockedStatic = mockStatic(Preconditions.class);
                           ^
  symbol:   method mockStatic(Class<Preconditions>)
  location: class ThrowablesTest
/home/utbot_mocks/results_utbot-mocks_120/GUAVA-6_6/temp/testcases/com/google/common/base/ThrowablesTest.java:211: error: cannot find symbol
                Preconditions.checkNotNull(any());
                                           ^
  symbol:   method any()
  location: class ThrowablesTest
/home/utbot_mocks/results_utbot-mocks_120/GUAVA-6_6/temp/testcases/com/google/common/base/ThrowablesTest.java:236: error: package org.mockito does not exist
        org.mockito.MockedStatic mockedStatic = null;
                   ^
/home/utbot_mocks/results_utbot-mocks_120/GUAVA-6_6/temp/testcases/com/google/common/base/ThrowablesTest.java:238: error: cannot find symbol
            mockedStatic = mockStatic(Preconditions.class);
                           ^
  symbol:   method mockStatic(Class<Preconditions>)
  location: class ThrowablesTest
/home/utbot_mocks/results_utbot-mocks_120/GUAVA-6_6/temp/testcases/com/google/common/base/ThrowablesTest.java:240: error: cannot find symbol
                Preconditions.checkNotNull(any());
                                           ^
  symbol:   method any()
  location: class ThrowablesTest
/home/utbot_mocks/results_utbot-mocks_120/GUAVA-6_6/temp/testcases/com/google/common/base/ThrowablesTest.java:255: error: package org.mockito does not exist
        org.mockito.MockedStatic mockedStatic = null;
                   ^
/home/utbot_mocks/results_utbot-mocks_120/GUAVA-6_6/temp/testcases/com/google/common/base/ThrowablesTest.java:257: error: cannot find symbol
            mockedStatic = mockStatic(Preconditions.class);
                           ^
  symbol:   method mockStatic(Class<Preconditions>)
  location: class ThrowablesTest
/home/utbot_mocks/results_utbot-mocks_120/GUAVA-6_6/temp/testcases/com/google/common/base/ThrowablesTest.java:260: error: cannot find symbol
                Preconditions.checkNotNull(any());
                                           ^
  symbol:   method any()
  location: class ThrowablesTest
/home/utbot_mocks/results_utbot-mocks_120/GUAVA-6_6/temp/testcases/com/google/common/base/ThrowablesTest.java:274: error: package org.mockito does not exist
        org.mockito.MockedStatic mockedStatic = null;
                   ^
/home/utbot_mocks/results_utbot-mocks_120/GUAVA-6_6/temp/testcases/com/google/common/base/ThrowablesTest.java:276: error: cannot find symbol
            mockedStatic = mockStatic(Preconditions.class);
                           ^
  symbol:   method mockStatic(Class<Preconditions>)
  location: class ThrowablesTest
/home/utbot_mocks/results_utbot-mocks_120/GUAVA-6_6/temp/testcases/com/google/common/base/ThrowablesTest.java:278: error: cannot find symbol
                Preconditions.checkNotNull(any());
                                           ^
  symbol:   method any()
  location: class ThrowablesTest
/home/utbot_mocks/results_utbot-mocks_120/GUAVA-6_6/temp/testcases/com/google/common/base/ThrowablesTest.java:293: error: package org.mockito does not exist
        org.mockito.MockedStatic mockedStatic = null;
                   ^
/home/utbot_mocks/results_utbot-mocks_120/GUAVA-6_6/temp/testcases/com/google/common/base/ThrowablesTest.java:295: error: cannot find symbol
            mockedStatic = mockStatic(Preconditions.class);
                           ^
  symbol:   method mockStatic(Class<Preconditions>)
  location: class ThrowablesTest
/home/utbot_mocks/results_utbot-mocks_120/GUAVA-6_6/temp/testcases/com/google/common/base/ThrowablesTest.java:298: error: cannot find symbol
                Preconditions.checkNotNull(any());
                                           ^
  symbol:   method any()
  location: class ThrowablesTest
/home/utbot_mocks/results_utbot-mocks_120/GUAVA-6_6/temp/testcases/com/google/common/base/ThrowablesTest.java:312: error: package org.mockito does not exist
        org.mockito.MockedStatic mockedStatic = null;
                   ^
/home/utbot_mocks/results_utbot-mocks_120/GUAVA-6_6/temp/testcases/com/google/common/base/ThrowablesTest.java:314: error: cannot find symbol
            mockedStatic = mockStatic(Preconditions.class);
                           ^
  symbol:   method mockStatic(Class<Preconditions>)
  location: class ThrowablesTest
/home/utbot_mocks/results_utbot-mocks_120/GUAVA-6_6/temp/testcases/com/google/common/base/ThrowablesTest.java:315: error: package sun.nio.ch.InheritedChannel does not exist
            sun.nio.ch.InheritedChannel.InheritedServerSocketChannelImpl[] inheritedServerSocketChannelImplArray = new sun.nio.ch.InheritedChannel.InheritedServerSocketChannelImpl[0];
                                       ^
/home/utbot_mocks/results_utbot-mocks_120/GUAVA-6_6/temp/testcases/com/google/common/base/ThrowablesTest.java:315: error: package sun.nio.ch.InheritedChannel does not exist
            sun.nio.ch.InheritedChannel.InheritedServerSocketChannelImpl[] inheritedServerSocketChannelImplArray = new sun.nio.ch.InheritedChannel.InheritedServerSocketChannelImpl[0];
                                                                                                                                                  ^
/home/utbot_mocks/results_utbot-mocks_120/GUAVA-6_6/temp/testcases/com/google/common/base/ThrowablesTest.java:317: error: cannot find symbol
                Preconditions.checkNotNull(any());
                                           ^
  symbol:   method any()
  location: class ThrowablesTest
/home/utbot_mocks/results_utbot-mocks_120/GUAVA-6_6/temp/testcases/com/google/common/base/ThrowablesTest.java:332: error: package org.mockito does not exist
        org.mockito.MockedStatic mockedStatic = null;
                   ^
/home/utbot_mocks/results_utbot-mocks_120/GUAVA-6_6/temp/testcases/com/google/common/base/ThrowablesTest.java:334: error: cannot find symbol
            mockedStatic = mockStatic(Preconditions.class);
                           ^
  symbol:   method mockStatic(Class<Preconditions>)
  location: class ThrowablesTest
/home/utbot_mocks/results_utbot-mocks_120/GUAVA-6_6/temp/testcases/com/google/common/base/ThrowablesTest.java:336: error: cannot find symbol
                Preconditions.checkNotNull(any());
                                           ^
  symbol:   method any()
  location: class ThrowablesTest
/home/utbot_mocks/results_utbot-mocks_120/GUAVA-6_6/temp/testcases/com/google/common/base/ThrowablesTest.java:362: error: package org.mockito does not exist
        org.mockito.MockedStatic mockedStatic = null;
                   ^
/home/utbot_mocks/results_utbot-mocks_120/GUAVA-6_6/temp/testcases/com/google/common/base/ThrowablesTest.java:364: error: cannot find symbol
            mockedStatic = mockStatic(Preconditions.class);
                           ^
  symbol:   method mockStatic(Class<Preconditions>)
  location: class ThrowablesTest
/home/utbot_mocks/results_utbot-mocks_120/GUAVA-6_6/temp/testcases/com/google/common/base/ThrowablesTest.java:366: error: cannot find symbol
                Preconditions.checkNotNull(any());
                                           ^
  symbol:   method any()
  location: class ThrowablesTest
/home/utbot_mocks/results_utbot-mocks_120/GUAVA-6_6/temp/testcases/com/google/common/base/ThrowablesTest.java:382: error: package org.mockito does not exist
        org.mockito.MockedStatic mockedStatic = null;
                   ^
/home/utbot_mocks/results_utbot-mocks_120/GUAVA-6_6/temp/testcases/com/google/common/base/ThrowablesTest.java:384: error: cannot find symbol
            mockedStatic = mockStatic(Preconditions.class);
                           ^
  symbol:   method mockStatic(Class<Preconditions>)
  location: class ThrowablesTest
/home/utbot_mocks/results_utbot-mocks_120/GUAVA-6_6/temp/testcases/com/google/common/base/ThrowablesTest.java:386: error: cannot find symbol
                Preconditions.checkNotNull(any());
                                           ^
  symbol:   method any()
  location: class ThrowablesTest
/home/utbot_mocks/results_utbot-mocks_120/GUAVA-6_6/temp/testcases/com/google/common/base/ThrowablesTest.java:402: error: package org.mockito does not exist
        org.mockito.MockedStatic mockedStatic = null;
                   ^
/home/utbot_mocks/results_utbot-mocks_120/GUAVA-6_6/temp/testcases/com/google/common/base/ThrowablesTest.java:404: error: cannot find symbol
            mockedStatic = mockStatic(Preconditions.class);
                           ^
  symbol:   method mockStatic(Class<Preconditions>)
  location: class ThrowablesTest
/home/utbot_mocks/results_utbot-mocks_120/GUAVA-6_6/temp/testcases/com/google/common/base/ThrowablesTest.java:406: error: cannot find symbol
                Preconditions.checkNotNull(any());
                                           ^
  symbol:   method any()
  location: class ThrowablesTest
/home/utbot_mocks/results_utbot-mocks_120/GUAVA-6_6/temp/testcases/com/google/common/base/ThrowablesTest.java:422: error: package org.mockito does not exist
        org.mockito.MockedStatic mockedStatic = null;
                   ^
/home/utbot_mocks/results_utbot-mocks_120/GUAVA-6_6/temp/testcases/com/google/common/base/ThrowablesTest.java:424: error: cannot find symbol
            mockedStatic = mockStatic(Preconditions.class);
                           ^
  symbol:   method mockStatic(Class<Preconditions>)
  location: class ThrowablesTest
/home/utbot_mocks/results_utbot-mocks_120/GUAVA-6_6/temp/testcases/com/google/common/base/ThrowablesTest.java:427: error: cannot find symbol
                Preconditions.checkNotNull(any());
                                           ^
  symbol:   method any()
  location: class ThrowablesTest
/home/utbot_mocks/results_utbot-mocks_120/GUAVA-6_6/temp/testcases/com/google/common/base/ThrowablesTest.java:451: error: package org.mockito does not exist
        org.mockito.MockedStatic mockedStatic = null;
                   ^
/home/utbot_mocks/results_utbot-mocks_120/GUAVA-6_6/temp/testcases/com/google/common/base/ThrowablesTest.java:453: error: cannot find symbol
            mockedStatic = mockStatic(Preconditions.class);
                           ^
  symbol:   method mockStatic(Class<Preconditions>)
  location: class ThrowablesTest
/home/utbot_mocks/results_utbot-mocks_120/GUAVA-6_6/temp/testcases/com/google/common/base/ThrowablesTest.java:456: error: cannot find symbol
                Preconditions.checkNotNull(any());
                                           ^
  symbol:   method any()
  location: class ThrowablesTest
/home/utbot_mocks/results_utbot-mocks_120/GUAVA-6_6/temp/testcases/com/google/common/base/ThrowablesTest.java:472: error: package org.mockito does not exist
        org.mockito.MockedStatic mockedStatic = null;
                   ^
/home/utbot_mocks/results_utbot-mocks_120/GUAVA-6_6/temp/testcases/com/google/common/base/ThrowablesTest.java:474: error: cannot find symbol
            mockedStatic = mockStatic(Preconditions.class);
                           ^
  symbol:   method mockStatic(Class<Preconditions>)
  location: class ThrowablesTest
/home/utbot_mocks/results_utbot-mocks_120/GUAVA-6_6/temp/testcases/com/google/common/base/ThrowablesTest.java:476: error: cannot find symbol
                Preconditions.checkNotNull(any());
                                           ^
  symbol:   method any()
  location: class ThrowablesTest
/home/utbot_mocks/results_utbot-mocks_120/GUAVA-6_6/temp/testcases/com/google/common/base/ThrowablesTest.java:492: error: package org.mockito does not exist
        org.mockito.MockedStatic mockedStatic = null;
                   ^
/home/utbot_mocks/results_utbot-mocks_120/GUAVA-6_6/temp/testcases/com/google/common/base/ThrowablesTest.java:494: error: cannot find symbol
            mockedStatic = mockStatic(Preconditions.class);
                           ^
  symbol:   method mockStatic(Class<Preconditions>)
  location: class ThrowablesTest
/home/utbot_mocks/results_utbot-mocks_120/GUAVA-6_6/temp/testcases/com/google/common/base/ThrowablesTest.java:496: error: cannot find symbol
                Preconditions.checkNotNull(any());
                                           ^
  symbol:   method any()
  location: class ThrowablesTest
/home/utbot_mocks/results_utbot-mocks_120/GUAVA-6_6/temp/testcases/com/google/common/base/ThrowablesTest.java:512: error: package org.mockito does not exist
        org.mockito.MockedStatic mockedStatic = null;
                   ^
/home/utbot_mocks/results_utbot-mocks_120/GUAVA-6_6/temp/testcases/com/google/common/base/ThrowablesTest.java:514: error: cannot find symbol
            mockedStatic = mockStatic(Preconditions.class);
                           ^
  symbol:   method mockStatic(Class<Preconditions>)
  location: class ThrowablesTest
/home/utbot_mocks/results_utbot-mocks_120/GUAVA-6_6/temp/testcases/com/google/common/base/ThrowablesTest.java:517: error: cannot find symbol
                Preconditions.checkNotNull(any());
                                           ^
  symbol:   method any()
  location: class ThrowablesTest
/home/utbot_mocks/results_utbot-mocks_120/GUAVA-6_6/temp/testcases/com/google/common/base/ThrowablesTest.java:551: error: package org.mockito does not exist
        org.mockito.MockedStatic mockedStatic = null;
                   ^
/home/utbot_mocks/results_utbot-mocks_120/GUAVA-6_6/temp/testcases/com/google/common/base/ThrowablesTest.java:553: error: cannot find symbol
            mockedStatic = mockStatic(Preconditions.class);
                           ^
  symbol:   method mockStatic(Class<Preconditions>)
  location: class ThrowablesTest
/home/utbot_mocks/results_utbot-mocks_120/GUAVA-6_6/temp/testcases/com/google/common/base/ThrowablesTest.java:555: error: cannot find symbol
                Preconditions.checkNotNull(any());
                                           ^
  symbol:   method any()
  location: class ThrowablesTest
/home/utbot_mocks/results_utbot-mocks_120/GUAVA-6_6/temp/testcases/com/google/common/base/ThrowablesTest.java:570: error: package org.mockito does not exist
        org.mockito.MockedStatic mockedStatic = null;
                   ^
/home/utbot_mocks/results_utbot-mocks_120/GUAVA-6_6/temp/testcases/com/google/common/base/ThrowablesTest.java:572: error: cannot find symbol
            mockedStatic = mockStatic(Preconditions.class);
                           ^
  symbol:   method mockStatic(Class<Preconditions>)
  location: class ThrowablesTest
/home/utbot_mocks/results_utbot-mocks_120/GUAVA-6_6/temp/testcases/com/google/common/base/ThrowablesTest.java:574: error: cannot find symbol
                Preconditions.checkNotNull(any());
                                           ^
  symbol:   method any()
  location: class ThrowablesTest
/home/utbot_mocks/results_utbot-mocks_120/GUAVA-6_6/temp/testcases/com/google/common/base/ThrowablesTest.java:589: error: package org.mockito does not exist
        org.mockito.MockedStatic mockedStatic = null;
                   ^
/home/utbot_mocks/results_utbot-mocks_120/GUAVA-6_6/temp/testcases/com/google/common/base/ThrowablesTest.java:591: error: cannot find symbol
            mockedStatic = mockStatic(Preconditions.class);
                           ^
  symbol:   method mockStatic(Class<Preconditions>)
  location: class ThrowablesTest
/home/utbot_mocks/results_utbot-mocks_120/GUAVA-6_6/temp/testcases/com/google/common/base/ThrowablesTest.java:593: error: cannot find symbol
                Preconditions.checkNotNull(any());
                                           ^
  symbol:   method any()
  location: class ThrowablesTest
/home/utbot_mocks/results_utbot-mocks_120/GUAVA-6_6/temp/testcases/com/google/common/base/ThrowablesTest.java:608: error: package org.mockito does not exist
        org.mockito.MockedStatic mockedStatic = null;
                   ^
/home/utbot_mocks/results_utbot-mocks_120/GUAVA-6_6/temp/testcases/com/google/common/base/ThrowablesTest.java:610: error: cannot find symbol
            mockedStatic = mockStatic(Preconditions.class);
                           ^
  symbol:   method mockStatic(Class<Preconditions>)
  location: class ThrowablesTest
/home/utbot_mocks/results_utbot-mocks_120/GUAVA-6_6/temp/testcases/com/google/common/base/ThrowablesTest.java:611: warning: NativePRNG is internal proprietary API and may be removed in a future release
            sun.security.provider.NativePRNG.Blocking[] blockingArray = new sun.security.provider.NativePRNG.Blocking[0];
                                 ^
/home/utbot_mocks/results_utbot-mocks_120/GUAVA-6_6/temp/testcases/com/google/common/base/ThrowablesTest.java:611: warning: NativePRNG is internal proprietary API and may be removed in a future release
            sun.security.provider.NativePRNG.Blocking[] blockingArray = new sun.security.provider.NativePRNG.Blocking[0];
                                                                                                 ^
/home/utbot_mocks/results_utbot-mocks_120/GUAVA-6_6/temp/testcases/com/google/common/base/ThrowablesTest.java:613: error: cannot find symbol
                Preconditions.checkNotNull(any());
                                           ^
  symbol:   method any()
  location: class ThrowablesTest
/home/utbot_mocks/results_utbot-mocks_120/GUAVA-6_6/temp/testcases/com/google/common/base/ThrowablesTest.java:629: error: package org.mockito does not exist
        org.mockito.MockedStatic mockedStatic = null;
                   ^
/home/utbot_mocks/results_utbot-mocks_120/GUAVA-6_6/temp/testcases/com/google/common/base/ThrowablesTest.java:631: error: cannot find symbol
            mockedStatic = mockStatic(Preconditions.class);
                           ^
  symbol:   method mockStatic(Class<Preconditions>)
  location: class ThrowablesTest
/home/utbot_mocks/results_utbot-mocks_120/GUAVA-6_6/temp/testcases/com/google/common/base/ThrowablesTest.java:633: error: cannot find symbol
                Preconditions.checkNotNull(any());
                                           ^
  symbol:   method any()
  location: class ThrowablesTest
/home/utbot_mocks/results_utbot-mocks_120/GUAVA-6_6/temp/testcases/com/google/common/base/ThrowablesTest.java:649: error: package org.mockito does not exist
        org.mockito.MockedStatic mockedStatic = null;
                   ^
/home/utbot_mocks/results_utbot-mocks_120/GUAVA-6_6/temp/testcases/com/google/common/base/ThrowablesTest.java:651: error: cannot find symbol
            mockedStatic = mockStatic(Preconditions.class);
                           ^
  symbol:   method mockStatic(Class<Preconditions>)
  location: class ThrowablesTest
/home/utbot_mocks/results_utbot-mocks_120/GUAVA-6_6/temp/testcases/com/google/common/base/ThrowablesTest.java:653: error: cannot find symbol
                Preconditions.checkNotNull(any());
                                           ^
  symbol:   method any()
  location: class ThrowablesTest
/home/utbot_mocks/results_utbot-mocks_120/GUAVA-6_6/temp/testcases/com/google/common/base/ThrowablesTest.java:667: error: package org.mockito does not exist
        org.mockito.MockedStatic mockedStatic = null;
                   ^
/home/utbot_mocks/results_utbot-mocks_120/GUAVA-6_6/temp/testcases/com/google/common/base/ThrowablesTest.java:669: error: cannot find symbol
            mockedStatic = mockStatic(Preconditions.class);
                           ^
  symbol:   method mockStatic(Class<Preconditions>)
  location: class ThrowablesTest
/home/utbot_mocks/results_utbot-mocks_120/GUAVA-6_6/temp/testcases/com/google/common/base/ThrowablesTest.java:671: error: cannot find symbol
                Preconditions.checkNotNull(any());
                                           ^
  symbol:   method any()
  location: class ThrowablesTest
/home/utbot_mocks/results_utbot-mocks_120/GUAVA-6_6/temp/testcases/com/google/common/base/ThrowablesTest.java:718: error: package org.mockito does not exist
        org.mockito.MockedStatic mockedStatic = null;
                   ^
/home/utbot_mocks/results_utbot-mocks_120/GUAVA-6_6/temp/testcases/com/google/common/base/ThrowablesTest.java:720: error: cannot find symbol
            mockedStatic = mockStatic(Preconditions.class);
                           ^
  symbol:   method mockStatic(Class<Preconditions>)
  location: class ThrowablesTest
/home/utbot_mocks/results_utbot-mocks_120/GUAVA-6_6/temp/testcases/com/google/common/base/ThrowablesTest.java:723: error: cannot find symbol
                Preconditions.checkNotNull(any());
                                           ^
  symbol:   method any()
  location: class ThrowablesTest
/home/utbot_mocks/results_utbot-mocks_120/GUAVA-6_6/temp/testcases/com/google/common/base/ThrowablesTest.java:737: error: package org.mockito does not exist
        org.mockito.MockedStatic mockedStatic = null;
                   ^
/home/utbot_mocks/results_utbot-mocks_120/GUAVA-6_6/temp/testcases/com/google/common/base/ThrowablesTest.java:739: error: cannot find symbol
            mockedStatic = mockStatic(Preconditions.class);
                           ^
  symbol:   method mockStatic(Class<Preconditions>)
  location: class ThrowablesTest
/home/utbot_mocks/results_utbot-mocks_120/GUAVA-6_6/temp/testcases/com/google/common/base/ThrowablesTest.java:741: error: cannot find symbol
                Preconditions.checkNotNull(any());
                                           ^
  symbol:   method any()
  location: class ThrowablesTest
/home/utbot_mocks/results_utbot-mocks_120/GUAVA-6_6/temp/testcases/com/google/common/base/ThrowablesTest.java:834: error: cannot find symbol
        SAXException sAXException = ((SAXException) createInstance("jdk.internal.org.xml.sax.SAXException"));
        ^
  symbol:   class SAXException
  location: class ThrowablesTest
/home/utbot_mocks/results_utbot-mocks_120/GUAVA-6_6/temp/testcases/com/google/common/base/ThrowablesTest.java:834: error: cannot find symbol
        SAXException sAXException = ((SAXException) createInstance("jdk.internal.org.xml.sax.SAXException"));
                                      ^
  symbol:   class SAXException
  location: class ThrowablesTest
/home/utbot_mocks/results_utbot-mocks_120/GUAVA-6_6/temp/testcases/com/google/common/base/ThrowablesTest.java:878: warning: ConnectionResetException is internal proprietary API and may be removed in a future release
        sun.net.ConnectionResetException[] connectionResetExceptionArray = new sun.net.ConnectionResetException[0];
               ^
/home/utbot_mocks/results_utbot-mocks_120/GUAVA-6_6/temp/testcases/com/google/common/base/ThrowablesTest.java:878: warning: ConnectionResetException is internal proprietary API and may be removed in a future release
        sun.net.ConnectionResetException[] connectionResetExceptionArray = new sun.net.ConnectionResetException[0];
                                                                                      ^
/home/utbot_mocks/results_utbot-mocks_120/GUAVA-6_6/temp/testcases/com/google/common/base/ThrowablesTest.java:909: warning: JavaLangAccess is internal proprietary API and may be removed in a future release
        Class class1 = sun.misc.JavaLangAccess.class;
                               ^
/home/utbot_mocks/results_utbot-mocks_120/GUAVA-6_6/temp/testcases/com/google/common/base/ThrowablesTest.java:974: warning: JavaLangAccess is internal proprietary API and may be removed in a future release
        Class class1 = sun.misc.JavaLangAccess.class;
                               ^
/home/utbot_mocks/results_utbot-mocks_120/GUAVA-6_6/temp/testcases/com/google/common/base/ThrowablesTest.java:1298: warning: Unsafe is internal proprietary API and may be removed in a future release
    private static sun.misc.Unsafe getUnsafeInstance() throws Exception {
                           ^
/home/utbot_mocks/results_utbot-mocks_120/GUAVA-6_6/temp/testcases/com/google/common/base/ThrowablesTest.java:1299: warning: Unsafe is internal proprietary API and may be removed in a future release
        java.lang.reflect.Field f = sun.misc.Unsafe.class.getDeclaredField("theUnsafe");
                                            ^
/home/utbot_mocks/results_utbot-mocks_120/GUAVA-6_6/temp/testcases/com/google/common/base/ThrowablesTest.java:1301: warning: Unsafe is internal proprietary API and may be removed in a future release
        return (sun.misc.Unsafe) f.get(null);
                        ^
Note: /home/utbot_mocks/results_utbot-mocks_120/GUAVA-6_6/temp/testcases/com/google/common/base/ThrowablesTest.java uses or overrides a deprecated API.
Note: Recompile with -Xlint:deprecation for details.
Note: /home/utbot_mocks/results_utbot-mocks_120/GUAVA-6_6/temp/testcases/com/google/common/base/ThrowablesTest.java uses unchecked or unsafe operations.
Note: Recompile with -Xlint:unchecked for details.
89 errors
14 warnings
Failed to compile 'com/google/common/base/ThrowablesTest.java'!
shaded.org.apache.commons.exec.ExecuteException: Process exited with an error: 1 (Exit value: 1)
	at shaded.org.apache.commons.exec.DefaultExecutor.executeInternal(DefaultExecutor.java:377)
	at shaded.org.apache.commons.exec.DefaultExecutor.execute(DefaultExecutor.java:160)
	at shaded.org.apache.commons.exec.DefaultExecutor.execute(DefaultExecutor.java:147)
	at sbst.benchmark.TestSuite.compile(TestSuite.java:250)
	at sbst.benchmark.TestSuite.<init>(TestSuite.java:68)
	at sbst.benchmark.TranscriptWriter.endClass(TranscriptWriter.java:136)
	at sbst.benchmark.RunTool.execute(RunTool.java:141)
	at sbst.benchmark.RunTool.run(RunTool.java:62)
	at sbst.benchmark.Main.main(Main.java:160)

---Timing Information---
Running tests with the following classpath: 
/var/benchmarks/projects/guava/guava/target/guava-26.0-jre.jar:/var/benchmarks/projects/./guava/guava/target/dependency/checker-qual-2.5.2.jar:/var/benchmarks/projects/guava/guava/target/dependency/error_prone_annotations-2.1.3.jar:/var/benchmarks/projects/guava/guava/target/dependency/j2objc-annotations-1.1.jar:/var/benchmarks/projects/guava/guava/target/dependency/jsr305-3.0.2.jar:/var/benchmarks/projects/guava/guava/target/dependency/animal-sniffer-annotations-1.14.jar:/usr/local/bin/lib/junit.jar:/usr/local/bin/lib/hamcrest-core.jar:/home/utbot_mocks/results_utbot-mocks_120/GUAVA-6_6/temp/testcases/bin
Running the tests: [SBSTDummyForCoverageAndMutationCalculation]
Executions terminated

---The tests are re-executed other four times to find the flaky ones---
Running the tests: [SBSTDummyForCoverageAndMutationCalculation]
Executions terminated
Running the tests: [SBSTDummyForCoverageAndMutationCalculation]
Executions terminated
Running the tests: [SBSTDummyForCoverageAndMutationCalculation]
Executions terminated
Running the tests: [SBSTDummyForCoverageAndMutationCalculation]
Executions terminated

=== Run Jacoco for Coverage ===
Number of instrumented file = 2323
Running tests with the following classpath: 
/home/utbot_mocks/results_utbot-mocks_120/GUAVA-6_6/temp/testcases/guava-26.0-jre_instrumented.jar:/home/utbot_mocks/results_utbot-mocks_120/GUAVA-6_6/temp/testcases/checker-qual-2.5.2_instrumented.jar:/home/utbot_mocks/results_utbot-mocks_120/GUAVA-6_6/temp/testcases/error_prone_annotations-2.1.3_instrumented.jar:/home/utbot_mocks/results_utbot-mocks_120/GUAVA-6_6/temp/testcases/j2objc-annotations-1.1_instrumented.jar:/home/utbot_mocks/results_utbot-mocks_120/GUAVA-6_6/temp/testcases/jsr305-3.0.2_instrumented.jar:/home/utbot_mocks/results_utbot-mocks_120/GUAVA-6_6/temp/testcases/animal-sniffer-annotations-1.14_instrumented.jar:/usr/local/bin/lib/hamcrest-core.jar:/usr/local/bin/lib/junit.jar:/home/utbot_mocks/results_utbot-mocks_120/GUAVA-6_6/temp/testcases/bin
Running the tests: [SBSTDummyForCoverageAndMutationCalculation]
Executions terminated
Number of file with coverage information = 1951
Extracted coverage data for the class com/google/common/base/Throwables
Number of file with coverage information = 302
Number of file with coverage information = 22
Number of file with coverage information = 12
Number of file with coverage information = 35
Number of file with coverage information = 1

=== Run PIT ===
Matching Jacoco with PIT: find covered mutations
Executing Mutation Analysis using 41 mutants 

>>> RESULTS:
	Tool name: utbot-mocks
	Benchmark: GUAVA-6
	Class Under Test: com.google.common.base.Throwables
	Run number: 6
	Tool preparation time (ms): 13177
	Tool test cases generation time (ms): 87519
	Test cases execution time (ms): 14
	Test case number: 56
	Uncompilable Test Classes: 1
	Broken tests number: 0
	Failing tests number: 0
	Lines total: 92
	Lines covered: 0
	Lines coverage ratio (%): 0.0
	Conditions total: 38
	Conditions covered: 0
	Conditions coverage ratio (%): 0.0
	Mutants total: 41
	Mutants covered: 0
	Mutants coverage ratio (%): 0.0
	Mutants killed: 0
	Mutants killed ratio (%): 0.0
	Mutants alive: 41


Class com.google.common.base.Throwables ended.
Stopping process...
Tool subprocess is an instance of java.lang.UNIXProcess
Tool subprocess Id is 4659
Killing master process 4659
Executing command kill -9 4659
Execution of command kill -9 4659 finished.
Process was destroyed
