Started UtBot Contest, classfileDir = /var/benchmarks/projects/seata/core/target/classes, classpathString=/var/benchmarks/projects/seata/core/target/classes:/var/benchmarks/projects/seata/core/target/seata-core-0.5.0.jar:/var/benchmarks/projects/./seata/core/target/dependency/mockito-core-2.23.4.jar:/var/benchmarks/projects/seata/core/target/dependency/byte-buddy-agent-1.9.3.jar:/var/benchmarks/projects/seata/core/target/dependency/assertj-core-2.6.0.jar:/var/benchmarks/projects/seata/core/target/dependency/seata-common-0.5.0.jar:/var/benchmarks/projects/seata/core/target/dependency/byte-buddy-1.9.3.jar:/var/benchmarks/projects/seata/core/target/dependency/objenesis-2.6.jar:/var/benchmarks/projects/seata/core/target/dependency/seata-discovery-core-0.5.0.jar:/var/benchmarks/projects/seata/core/target/dependency/commons-pool2-2.4.2.jar:/var/benchmarks/projects/seata/core/target/dependency/junit-4.12.jar:/var/benchmarks/projects/seata/core/target/dependency/hamcrest-core-1.3.jar:/var/benchmarks/projects/seata/core/target/dependency/slf4j-api-1.7.22.jar:/var/benchmarks/projects/seata/core/target/dependency/seata-config-core-0.5.0.jar:/var/benchmarks/projects/seata/core/target/dependency/netty-all-4.1.24.Final.jar:/var/benchmarks/projects/seata/core/target/dependency/commons-lang-2.6.jar:/var/benchmarks/projects/seata/core/target/dependency/fastjson-1.2.48.jar:/var/benchmarks/projects/seata/core/target/dependency/config-1.2.1.jar:/var/benchmarks/projects/seata/core/target/dependency/commons-pool-1.6.jar, outputDir=/home/utbot_mocks/temp/testcases, mocks=Other classes: Mockito
16:37:43.359 | INFO  | Started: warmup: kotlin reflection :: init
16:37:43.450 | INFO  | Finished (in 0.090 sec): warmup: kotlin reflection :: init 
[INIT]
>> [RUN] io.seata.core.store.StoreMode 30
16:37:43.461 | DEBUG | -----------------------------------------------------------------------------
16:37:43.462 | INFO  | Contest.runGeneration: Time budget: 30000 ms, Generation timeout=25500 ms, classpath=/var/benchmarks/projects/seata/core/target/classes:/var/benchmarks/projects/seata/core/target/seata-core-0.5.0.jar:/var/benchmarks/projects/./seata/core/target/dependency/mockito-core-2.23.4.jar:/var/benchmarks/projects/seata/core/target/dependency/byte-buddy-agent-1.9.3.jar:/var/benchmarks/projects/seata/core/target/dependency/assertj-core-2.6.0.jar:/var/benchmarks/projects/seata/core/target/dependency/seata-common-0.5.0.jar:/var/benchmarks/projects/seata/core/target/dependency/byte-buddy-1.9.3.jar:/var/benchmarks/projects/seata/core/target/dependency/objenesis-2.6.jar:/var/benchmarks/projects/seata/core/target/dependency/seata-discovery-core-0.5.0.jar:/var/benchmarks/projects/seata/core/target/dependency/commons-pool2-2.4.2.jar:/var/benchmarks/projects/seata/core/target/dependency/junit-4.12.jar:/var/benchmarks/projects/seata/core/target/dependency/hamcrest-core-1.3.jar:/var/benchmarks/projects/seata/core/target/dependency/slf4j-api-1.7.22.jar:/var/benchmarks/projects/seata/core/target/dependency/seata-config-core-0.5.0.jar:/var/benchmarks/projects/seata/core/target/dependency/netty-all-4.1.24.Final.jar:/var/benchmarks/projects/seata/core/target/dependency/commons-lang-2.6.jar:/var/benchmarks/projects/seata/core/target/dependency/fastjson-1.2.48.jar:/var/benchmarks/projects/seata/core/target/dependency/config-1.2.1.jar:/var/benchmarks/projects/seata/core/target/dependency/commons-pool-1.6.jar, methodNameFilter=null
16:37:43.464 | INFO  | ClassUnderTest[ FQN: io.seata.core.store.StoreMode
    classfileDir: /var/benchmarks/projects/seata/core/target/classes
    testClassSimpleName: StoreModeTest
    generatedTestFile: /home/utbot_mocks/temp/testcases/io/seata/core/store/StoreModeTest.java
    generatedTestsSourcesDir: /home/utbot_mocks/temp/testcases
]
16:37:43.492 | INFO  | Started: class io.seata.core.store.StoreMode
16:37:43.493 | INFO  | Started: preparation class class io.seata.core.store.StoreMode: kotlin reflection :: run
16:37:43.562 | INFO  | Finished (in 0.069 sec): preparation class class io.seata.core.store.StoreMode: kotlin reflection :: run 
16:37:43.563 | INFO  | Started: 2nd optional soot initialization
16:37:43.564 | INFO  | Finished (in 0.001 sec): 2nd optional soot initialization 
16:37:43.573 | DEBUG |  ... 
16:37:43.590 | INFO  | Started: method io.seata.core.store.StoreMode.valueof(String)
16:37:43.591 | INFO  |  -- Remaining time budget: 25388 ms, #remaining_methods: 4, budget for method: 6347 ms, solver timeout: 1000 ms, budget for symbolic execution: 5147 ms, budget for concrete execution: 1200 ms,  -- 
16:37:43.913 | DEBUG | --new testCase collected, to generate: testIo.seata.core.store.StoreMode.valueof(String)1
16:37:47.046 | DEBUG | --new testCase collected, to generate: testIo.seata.core.store.StoreMode.valueof(String)2
16:37:48.726 | INFO  | |> Starting concrete execution for remaining state: io.seata.core.store.StoreMode.valueof(String)
16:37:49.928 | INFO  | (X) Cancelling concrete execution: io.seata.core.store.StoreMode.valueof(String)
16:37:50.082 | INFO  | Finished (in 6.491 sec): method io.seata.core.store.StoreMode.valueof(String) 
<StatsForMethod> :
	#generatedTC=2
	WITH NO EXCEPTIONS
16:37:50.278 | DEBUG |  ... 
16:37:50.278 | INFO  | Started: method io.seata.core.store.StoreMode.valueOf(String)
16:37:50.279 | INFO  |  -- Remaining time budget: 18685 ms, #remaining_methods: 3, budget for method: 6228 ms, solver timeout: 1000 ms, budget for symbolic execution: 5028 ms, budget for concrete execution: 1200 ms,  -- 
16:37:50.290 | DEBUG | --new testCase collected, to generate: testIo.seata.core.store.StoreMode.valueOf(String)1
16:37:52.116 | DEBUG | --new testCase collected, to generate: testIo.seata.core.store.StoreMode.valueOf(String)2
16:37:55.307 | INFO  | |> Starting concrete execution for remaining state: io.seata.core.store.StoreMode.valueOf(String)
16:37:56.508 | INFO  | (X) Cancelling concrete execution: io.seata.core.store.StoreMode.valueOf(String)
16:37:56.638 | INFO  | Finished (in 6.360 sec): method io.seata.core.store.StoreMode.valueOf(String) 
<StatsForMethod> :
	#generatedTC=2
	WITH NO EXCEPTIONS
16:37:56.820 | DEBUG |  ... 
16:37:56.821 | INFO  | Started: method io.seata.core.store.StoreMode.values()
16:37:56.821 | INFO  |  -- Remaining time budget: 12143 ms, #remaining_methods: 2, budget for method: 6071 ms, solver timeout: 1000 ms, budget for symbolic execution: 4871 ms, budget for concrete execution: 1200 ms,  -- 
16:37:56.830 | DEBUG | --new testCase collected, to generate: testIo.seata.core.store.StoreMode.values()1
16:37:57.028 | DEBUG | --new testCase collected, to generate: testIo.seata.core.store.StoreMode.values()2
16:37:57.028 | INFO  | Finished (in 0.207 sec): method io.seata.core.store.StoreMode.values() 
<StatsForMethod> :
	#generatedTC=2
	WITH NO EXCEPTIONS
16:37:57.051 | DEBUG |  ... 
16:37:57.051 | INFO  | Started: method io.seata.core.store.StoreMode.<init>()
16:37:57.052 | INFO  |  -- Remaining time budget: 11912 ms, #remaining_methods: 1, budget for method: 11912 ms, solver timeout: 1000 ms, budget for symbolic execution: 10712 ms, budget for concrete execution: 1200 ms,  -- 
16:37:57.064 | ERROR | Symbolic execution FAILED
com.huawei.utbot.instrumentation.util.ChildProcessError: Error in the child process |> java.lang.IllegalArgumentException: Cannot reflectively create enum objects
	at java.lang.reflect.Constructor.newInstance(Constructor.java:417)
	at com.huawei.utbot.instrumentation.instrumentation.InvokeInstrumentation$invoke$$inlined$run$lambda$2.invoke(InvokeInstrumentation.kt:70)
	at com.huawei.utbot.common.ThreadBasedExecutor$invokeWithTimeout$1.invoke(ThreadUtil.kt:43)
	at com.huawei.utbot.common.ThreadBasedExecutor$invokeWithTimeout$1.invoke(ThreadUtil.kt:22)
	at kotlin.concurrent.ThreadsKt$thread$thread$1.run(Thread.kt:30)

	at com.huawei.utbot.instrumentation.ConcreteExecutor.executeAsync(ConcreteExecutor.kt:391) ~[utbot-junit-contest-1.0.jar:?]
	at com.huawei.utbot.instrumentation.ConcreteExecutor$executeAsync$1.invokeSuspend(ConcreteExecutor.kt) ~[utbot-junit-contest-1.0.jar:?]
	at kotlin.coroutines.jvm.internal.BaseContinuationImpl.resumeWith(ContinuationImpl.kt:33) [utbot-junit-contest-1.0.jar:?]
	at kotlinx.coroutines.DispatchedTask.run(DispatchedTask.kt:106) [utbot-junit-contest-1.0.jar:?]
	at java.util.concurrent.Executors$RunnableAdapter.call(Executors.java:511) [?:1.8.0_312]
	at java.util.concurrent.FutureTask.run(FutureTask.java:266) [?:1.8.0_312]
	at java.util.concurrent.ScheduledThreadPoolExecutor$ScheduledFutureTask.access$201(ScheduledThreadPoolExecutor.java:180) [?:1.8.0_312]
	at java.util.concurrent.ScheduledThreadPoolExecutor$ScheduledFutureTask.run(ScheduledThreadPoolExecutor.java:293) [?:1.8.0_312]
	at java.util.concurrent.ThreadPoolExecutor.runWorker(ThreadPoolExecutor.java:1149) [?:1.8.0_312]
	at java.util.concurrent.ThreadPoolExecutor$Worker.run(ThreadPoolExecutor.java:624) [?:1.8.0_312]
	at java.lang.Thread.run(Thread.java:748) [?:1.8.0_312]
16:37:57.130 | DEBUG | --new testCase collected, to generate: testIo.seata.core.store.StoreMode.<init>()1
16:37:57.132 | INFO  | Finished (in 0.080 sec): method io.seata.core.store.StoreMode.<init>() 
<StatsForMethod> :
	#generatedTC=1
	FAILED 1 time(s) with 1 different exception(s)"
16:37:57.140 | INFO  | Started: Flushing tests for [StoreMode] on disk
16:37:57.263 | INFO  | File size for StoreModeTest: 8 KB
16:37:57.265 | INFO  | Finished (in 0.125 sec): Flushing tests for [StoreMode] on disk 
16:37:57.266 | INFO  | Finished (in 13.773 sec): class io.seata.core.store.StoreMode 
<StatsForClass> :
	canceled by timeout = false
	#methods = 4, 
	#methods started symbolic exploration = 4
	#methods with at least one TC = 4
	#methods with exceptions = 1
	#generated TC = 7
	#coverage = null
[READY]
