
>>> TOOL NAME:  utbot-mocks

>>> BENCHMARK:  GUAVA-197

>>> RUN NUMBER: 10

>>> MODE: --only-compute-metrics
Creating directory ./temp
Creating directory ./temp/data
Creating directory ./temp/testcases
Executing /home/utbot_mocks/./runtool
>> BENCHMARK
>> /var/benchmarks/projects/guava/guava/src
>> /var/benchmarks/projects/guava/guava/target/classes
>> 6
>> /var/benchmarks/projects/guava/guava/target/guava-26.0-jre.jar
>> /var/benchmarks/projects/./guava/guava/target/dependency/checker-qual-2.5.2.jar
>> /var/benchmarks/projects/guava/guava/target/dependency/error_prone_annotations-2.1.3.jar
>> /var/benchmarks/projects/guava/guava/target/dependency/j2objc-annotations-1.1.jar
>> /var/benchmarks/projects/guava/guava/target/dependency/jsr305-3.0.2.jar
>> /var/benchmarks/projects/guava/guava/target/dependency/animal-sniffer-annotations-1.14.jar
>> 0
expecting CLASSPATH or READY
<< CLASSPATH
expecting number
<< 0
<< READY
>> 30


### COMPUTING METRICS ###: com.google.common.primitives.Booleans


Starting class com.google.common.primitives.Booleans


Ending class com.google.common.primitives.Booleans
Creating directory results_utbot-mocks_30/GUAVA-197_10/temp/testcases/bin
Creating dummy JUnit test file

---Compilation---

===
javac command line:
/usr/bin/javac -sourcepath /home/utbot_mocks/results_utbot-mocks_30/GUAVA-197_10/temp/testcases -cp /var/benchmarks/projects/guava/guava/target/guava-26.0-jre.jar:/var/benchmarks/projects/./guava/guava/target/dependency/checker-qual-2.5.2.jar:/var/benchmarks/projects/guava/guava/target/dependency/error_prone_annotations-2.1.3.jar:/var/benchmarks/projects/guava/guava/target/dependency/j2objc-annotations-1.1.jar:/var/benchmarks/projects/guava/guava/target/dependency/jsr305-3.0.2.jar:/var/benchmarks/projects/guava/guava/target/dependency/animal-sniffer-annotations-1.14.jar:/usr/local/bin/lib/junit.jar:/usr/local/bin/lib/hamcrest-core.jar -d results_utbot-mocks_30/GUAVA-197_10/temp/testcases/bin /home/utbot_mocks/results_utbot-mocks_30/GUAVA-197_10/temp/testcases/SBSTDummyForCoverageAndMutationCalculation.java


===
javac command line:
/usr/bin/javac -sourcepath /home/utbot_mocks/results_utbot-mocks_30/GUAVA-197_10/temp/testcases -cp /var/benchmarks/projects/guava/guava/target/guava-26.0-jre.jar:/var/benchmarks/projects/./guava/guava/target/dependency/checker-qual-2.5.2.jar:/var/benchmarks/projects/guava/guava/target/dependency/error_prone_annotations-2.1.3.jar:/var/benchmarks/projects/guava/guava/target/dependency/j2objc-annotations-1.1.jar:/var/benchmarks/projects/guava/guava/target/dependency/jsr305-3.0.2.jar:/var/benchmarks/projects/guava/guava/target/dependency/animal-sniffer-annotations-1.14.jar:/usr/local/bin/lib/junit.jar:/usr/local/bin/lib/hamcrest-core.jar -d results_utbot-mocks_30/GUAVA-197_10/temp/testcases/bin /home/utbot_mocks/results_utbot-mocks_30/GUAVA-197_10/temp/testcases/com/google/common/primitives/BooleansTest.java

/home/utbot_mocks/results_utbot-mocks_30/GUAVA-197_10/temp/testcases/com/google/common/primitives/BooleansTest.java:19: warning: Unsafe is internal proprietary API and may be removed in a future release
import sun.misc.Unsafe;
               ^
/home/utbot_mocks/results_utbot-mocks_30/GUAVA-197_10/temp/testcases/com/google/common/primitives/BooleansTest.java:23: error: package org.mockito does not exist
import static org.mockito.ArgumentMatchers.any;
                         ^
/home/utbot_mocks/results_utbot-mocks_30/GUAVA-197_10/temp/testcases/com/google/common/primitives/BooleansTest.java:23: error: static import only from classes and interfaces
import static org.mockito.ArgumentMatchers.any;
^
/home/utbot_mocks/results_utbot-mocks_30/GUAVA-197_10/temp/testcases/com/google/common/primitives/BooleansTest.java:24: error: package org.mockito does not exist
import static org.mockito.Mockito.mockStatic;
                         ^
/home/utbot_mocks/results_utbot-mocks_30/GUAVA-197_10/temp/testcases/com/google/common/primitives/BooleansTest.java:24: error: static import only from classes and interfaces
import static org.mockito.Mockito.mockStatic;
^
/home/utbot_mocks/results_utbot-mocks_30/GUAVA-197_10/temp/testcases/com/google/common/primitives/BooleansTest.java:27: error: package org.mockito does not exist
import static org.mockito.ArgumentMatchers.anyBoolean;
                         ^
/home/utbot_mocks/results_utbot-mocks_30/GUAVA-197_10/temp/testcases/com/google/common/primitives/BooleansTest.java:27: error: static import only from classes and interfaces
import static org.mockito.ArgumentMatchers.anyBoolean;
^
/home/utbot_mocks/results_utbot-mocks_30/GUAVA-197_10/temp/testcases/com/google/common/primitives/BooleansTest.java:28: error: package org.mockito does not exist
import static org.mockito.ArgumentMatchers.anyString;
                         ^
/home/utbot_mocks/results_utbot-mocks_30/GUAVA-197_10/temp/testcases/com/google/common/primitives/BooleansTest.java:28: error: static import only from classes and interfaces
import static org.mockito.ArgumentMatchers.anyString;
^
/home/utbot_mocks/results_utbot-mocks_30/GUAVA-197_10/temp/testcases/com/google/common/primitives/BooleansTest.java:29: error: package org.mockito does not exist
import static org.mockito.ArgumentMatchers.anyInt;
                         ^
/home/utbot_mocks/results_utbot-mocks_30/GUAVA-197_10/temp/testcases/com/google/common/primitives/BooleansTest.java:29: error: static import only from classes and interfaces
import static org.mockito.ArgumentMatchers.anyInt;
^
/home/utbot_mocks/results_utbot-mocks_30/GUAVA-197_10/temp/testcases/com/google/common/primitives/BooleansTest.java:207: error: package org.mockito does not exist
        org.mockito.MockedStatic mockedStatic = null;
                   ^
/home/utbot_mocks/results_utbot-mocks_30/GUAVA-197_10/temp/testcases/com/google/common/primitives/BooleansTest.java:209: error: cannot find symbol
            mockedStatic = mockStatic(com.google.common.base.Preconditions.class);
                           ^
  symbol:   method mockStatic(Class<Preconditions>)
  location: class BooleansTest
/home/utbot_mocks/results_utbot-mocks_30/GUAVA-197_10/temp/testcases/com/google/common/primitives/BooleansTest.java:212: error: cannot find symbol
                com.google.common.base.Preconditions.checkNotNull(any(), any());
                                                                  ^
  symbol:   method any()
  location: class BooleansTest
/home/utbot_mocks/results_utbot-mocks_30/GUAVA-197_10/temp/testcases/com/google/common/primitives/BooleansTest.java:212: error: cannot find symbol
                com.google.common.base.Preconditions.checkNotNull(any(), any());
                                                                         ^
  symbol:   method any()
  location: class BooleansTest
/home/utbot_mocks/results_utbot-mocks_30/GUAVA-197_10/temp/testcases/com/google/common/primitives/BooleansTest.java:226: error: package org.mockito does not exist
        org.mockito.MockedStatic mockedStatic = null;
                   ^
/home/utbot_mocks/results_utbot-mocks_30/GUAVA-197_10/temp/testcases/com/google/common/primitives/BooleansTest.java:228: error: cannot find symbol
            mockedStatic = mockStatic(com.google.common.base.Preconditions.class);
                           ^
  symbol:   method mockStatic(Class<Preconditions>)
  location: class BooleansTest
/home/utbot_mocks/results_utbot-mocks_30/GUAVA-197_10/temp/testcases/com/google/common/primitives/BooleansTest.java:230: error: cannot find symbol
                com.google.common.base.Preconditions.checkNotNull(any(), any());
                                                                  ^
  symbol:   method any()
  location: class BooleansTest
/home/utbot_mocks/results_utbot-mocks_30/GUAVA-197_10/temp/testcases/com/google/common/primitives/BooleansTest.java:230: error: cannot find symbol
                com.google.common.base.Preconditions.checkNotNull(any(), any());
                                                                         ^
  symbol:   method any()
  location: class BooleansTest
/home/utbot_mocks/results_utbot-mocks_30/GUAVA-197_10/temp/testcases/com/google/common/primitives/BooleansTest.java:685: warning: non-varargs call of varargs method with inexact argument type for last parameter;
        Booleans.concat(null);
                        ^
  cast to boolean[] for a varargs call
  cast to boolean[][] for a non-varargs call and to suppress this warning
/home/utbot_mocks/results_utbot-mocks_30/GUAVA-197_10/temp/testcases/com/google/common/primitives/BooleansTest.java:814: error: package org.mockito does not exist
        org.mockito.MockedStatic mockedStatic = null;
                   ^
/home/utbot_mocks/results_utbot-mocks_30/GUAVA-197_10/temp/testcases/com/google/common/primitives/BooleansTest.java:816: error: cannot find symbol
            mockedStatic = mockStatic(com.google.common.base.Preconditions.class);
                           ^
  symbol:   method mockStatic(Class<Preconditions>)
  location: class BooleansTest
/home/utbot_mocks/results_utbot-mocks_30/GUAVA-197_10/temp/testcases/com/google/common/primitives/BooleansTest.java:818: error: cannot find symbol
                com.google.common.base.Preconditions.checkNotNull(any());
                                                                  ^
  symbol:   method any()
  location: class BooleansTest
/home/utbot_mocks/results_utbot-mocks_30/GUAVA-197_10/temp/testcases/com/google/common/primitives/BooleansTest.java:839: error: package org.mockito does not exist
        org.mockito.MockedStatic mockedStatic = null;
                   ^
/home/utbot_mocks/results_utbot-mocks_30/GUAVA-197_10/temp/testcases/com/google/common/primitives/BooleansTest.java:841: error: cannot find symbol
            mockedStatic = mockStatic(com.google.common.base.Preconditions.class);
                           ^
  symbol:   method mockStatic(Class<Preconditions>)
  location: class BooleansTest
/home/utbot_mocks/results_utbot-mocks_30/GUAVA-197_10/temp/testcases/com/google/common/primitives/BooleansTest.java:843: error: cannot find symbol
                com.google.common.base.Preconditions.checkNotNull(any());
                                                                  ^
  symbol:   method any()
  location: class BooleansTest
/home/utbot_mocks/results_utbot-mocks_30/GUAVA-197_10/temp/testcases/com/google/common/primitives/BooleansTest.java:988: error: package org.mockito does not exist
        org.mockito.MockedStatic mockedStatic = null;
                   ^
/home/utbot_mocks/results_utbot-mocks_30/GUAVA-197_10/temp/testcases/com/google/common/primitives/BooleansTest.java:990: error: cannot find symbol
            mockedStatic = mockStatic(com.google.common.base.Preconditions.class);
                           ^
  symbol:   method mockStatic(Class<Preconditions>)
  location: class BooleansTest
/home/utbot_mocks/results_utbot-mocks_30/GUAVA-197_10/temp/testcases/com/google/common/primitives/BooleansTest.java:1003: error: package org.mockito does not exist
        org.mockito.MockedStatic mockedStatic = null;
                   ^
/home/utbot_mocks/results_utbot-mocks_30/GUAVA-197_10/temp/testcases/com/google/common/primitives/BooleansTest.java:1005: error: cannot find symbol
            mockedStatic = mockStatic(com.google.common.base.Preconditions.class);
                           ^
  symbol:   method mockStatic(Class<Preconditions>)
  location: class BooleansTest
/home/utbot_mocks/results_utbot-mocks_30/GUAVA-197_10/temp/testcases/com/google/common/primitives/BooleansTest.java:1021: error: package org.mockito does not exist
        org.mockito.MockedStatic mockedStatic = null;
                   ^
/home/utbot_mocks/results_utbot-mocks_30/GUAVA-197_10/temp/testcases/com/google/common/primitives/BooleansTest.java:1023: error: cannot find symbol
            mockedStatic = mockStatic(com.google.common.base.Preconditions.class);
                           ^
  symbol:   method mockStatic(Class<Preconditions>)
  location: class BooleansTest
/home/utbot_mocks/results_utbot-mocks_30/GUAVA-197_10/temp/testcases/com/google/common/primitives/BooleansTest.java:1036: error: package org.mockito does not exist
        org.mockito.MockedStatic mockedStatic = null;
                   ^
/home/utbot_mocks/results_utbot-mocks_30/GUAVA-197_10/temp/testcases/com/google/common/primitives/BooleansTest.java:1038: error: cannot find symbol
            mockedStatic = mockStatic(com.google.common.base.Preconditions.class);
                           ^
  symbol:   method mockStatic(Class<Preconditions>)
  location: class BooleansTest
/home/utbot_mocks/results_utbot-mocks_30/GUAVA-197_10/temp/testcases/com/google/common/primitives/BooleansTest.java:1052: error: package org.mockito does not exist
        org.mockito.MockedStatic mockedStatic = null;
                   ^
/home/utbot_mocks/results_utbot-mocks_30/GUAVA-197_10/temp/testcases/com/google/common/primitives/BooleansTest.java:1054: error: cannot find symbol
            mockedStatic = mockStatic(com.google.common.base.Preconditions.class);
                           ^
  symbol:   method mockStatic(Class<Preconditions>)
  location: class BooleansTest
/home/utbot_mocks/results_utbot-mocks_30/GUAVA-197_10/temp/testcases/com/google/common/primitives/BooleansTest.java:1081: error: package org.mockito does not exist
        org.mockito.MockedStatic mockedStatic = null;
                   ^
/home/utbot_mocks/results_utbot-mocks_30/GUAVA-197_10/temp/testcases/com/google/common/primitives/BooleansTest.java:1083: error: cannot find symbol
            mockedStatic = mockStatic(com.google.common.base.Preconditions.class);
                           ^
  symbol:   method mockStatic(Class<Preconditions>)
  location: class BooleansTest
/home/utbot_mocks/results_utbot-mocks_30/GUAVA-197_10/temp/testcases/com/google/common/primitives/BooleansTest.java:1086: error: cannot find symbol
                com.google.common.base.Preconditions.checkNotNull(any());
                                                                  ^
  symbol:   method any()
  location: class BooleansTest
/home/utbot_mocks/results_utbot-mocks_30/GUAVA-197_10/temp/testcases/com/google/common/primitives/BooleansTest.java:1100: error: package org.mockito does not exist
        org.mockito.MockedStatic mockedStatic = null;
                   ^
/home/utbot_mocks/results_utbot-mocks_30/GUAVA-197_10/temp/testcases/com/google/common/primitives/BooleansTest.java:1102: error: cannot find symbol
            mockedStatic = mockStatic(com.google.common.base.Preconditions.class);
                           ^
  symbol:   method mockStatic(Class<Preconditions>)
  location: class BooleansTest
/home/utbot_mocks/results_utbot-mocks_30/GUAVA-197_10/temp/testcases/com/google/common/primitives/BooleansTest.java:1104: error: cannot find symbol
                com.google.common.base.Preconditions.checkNotNull(any());
                                                                  ^
  symbol:   method any()
  location: class BooleansTest
/home/utbot_mocks/results_utbot-mocks_30/GUAVA-197_10/temp/testcases/com/google/common/primitives/BooleansTest.java:1129: error: package org.mockito does not exist
        org.mockito.MockedStatic mockedStatic = null;
                   ^
/home/utbot_mocks/results_utbot-mocks_30/GUAVA-197_10/temp/testcases/com/google/common/primitives/BooleansTest.java:1131: error: cannot find symbol
            mockedStatic = mockStatic(com.google.common.base.Preconditions.class);
                           ^
  symbol:   method mockStatic(Class<Preconditions>)
  location: class BooleansTest
/home/utbot_mocks/results_utbot-mocks_30/GUAVA-197_10/temp/testcases/com/google/common/primitives/BooleansTest.java:1134: error: cannot find symbol
                com.google.common.base.Preconditions.checkNotNull(any());
                                                                  ^
  symbol:   method any()
  location: class BooleansTest
/home/utbot_mocks/results_utbot-mocks_30/GUAVA-197_10/temp/testcases/com/google/common/primitives/BooleansTest.java:1148: error: package org.mockito does not exist
        org.mockito.MockedStatic mockedStatic = null;
                   ^
/home/utbot_mocks/results_utbot-mocks_30/GUAVA-197_10/temp/testcases/com/google/common/primitives/BooleansTest.java:1150: error: cannot find symbol
            mockedStatic = mockStatic(com.google.common.base.Preconditions.class);
                           ^
  symbol:   method mockStatic(Class<Preconditions>)
  location: class BooleansTest
/home/utbot_mocks/results_utbot-mocks_30/GUAVA-197_10/temp/testcases/com/google/common/primitives/BooleansTest.java:1152: error: cannot find symbol
                com.google.common.base.Preconditions.checkNotNull(any());
                                                                  ^
  symbol:   method any()
  location: class BooleansTest
/home/utbot_mocks/results_utbot-mocks_30/GUAVA-197_10/temp/testcases/com/google/common/primitives/BooleansTest.java:1167: error: package org.mockito does not exist
        org.mockito.MockedStatic mockedStatic = null;
                   ^
/home/utbot_mocks/results_utbot-mocks_30/GUAVA-197_10/temp/testcases/com/google/common/primitives/BooleansTest.java:1169: error: cannot find symbol
            mockedStatic = mockStatic(com.google.common.base.Preconditions.class);
                           ^
  symbol:   method mockStatic(Class<Preconditions>)
  location: class BooleansTest
/home/utbot_mocks/results_utbot-mocks_30/GUAVA-197_10/temp/testcases/com/google/common/primitives/BooleansTest.java:1171: error: cannot find symbol
                com.google.common.base.Preconditions.checkNotNull(any());
                                                                  ^
  symbol:   method any()
  location: class BooleansTest
/home/utbot_mocks/results_utbot-mocks_30/GUAVA-197_10/temp/testcases/com/google/common/primitives/BooleansTest.java:1186: error: package org.mockito does not exist
        org.mockito.MockedStatic mockedStatic = null;
                   ^
/home/utbot_mocks/results_utbot-mocks_30/GUAVA-197_10/temp/testcases/com/google/common/primitives/BooleansTest.java:1188: error: cannot find symbol
            mockedStatic = mockStatic(com.google.common.base.Preconditions.class);
                           ^
  symbol:   method mockStatic(Class<Preconditions>)
  location: class BooleansTest
/home/utbot_mocks/results_utbot-mocks_30/GUAVA-197_10/temp/testcases/com/google/common/primitives/BooleansTest.java:1190: error: cannot find symbol
                com.google.common.base.Preconditions.checkNotNull(any());
                                                                  ^
  symbol:   method any()
  location: class BooleansTest
/home/utbot_mocks/results_utbot-mocks_30/GUAVA-197_10/temp/testcases/com/google/common/primitives/BooleansTest.java:1205: error: package org.mockito does not exist
        org.mockito.MockedStatic mockedStatic = null;
                   ^
/home/utbot_mocks/results_utbot-mocks_30/GUAVA-197_10/temp/testcases/com/google/common/primitives/BooleansTest.java:1207: error: cannot find symbol
            mockedStatic = mockStatic(com.google.common.base.Preconditions.class);
                           ^
  symbol:   method mockStatic(Class<Preconditions>)
  location: class BooleansTest
/home/utbot_mocks/results_utbot-mocks_30/GUAVA-197_10/temp/testcases/com/google/common/primitives/BooleansTest.java:1209: error: cannot find symbol
                com.google.common.base.Preconditions.checkNotNull(any());
                                                                  ^
  symbol:   method any()
  location: class BooleansTest
/home/utbot_mocks/results_utbot-mocks_30/GUAVA-197_10/temp/testcases/com/google/common/primitives/BooleansTest.java:1495: error: package org.mockito does not exist
        org.mockito.MockedStatic mockedStatic = null;
                   ^
/home/utbot_mocks/results_utbot-mocks_30/GUAVA-197_10/temp/testcases/com/google/common/primitives/BooleansTest.java:1497: error: cannot find symbol
            mockedStatic = mockStatic(Booleans.class);
                           ^
  symbol:   method mockStatic(Class<Booleans>)
  location: class BooleansTest
/home/utbot_mocks/results_utbot-mocks_30/GUAVA-197_10/temp/testcases/com/google/common/primitives/BooleansTest.java:1499: error: cannot find symbol
                Booleans.hashCode(anyBoolean());
                                  ^
  symbol:   method anyBoolean()
  location: class BooleansTest
/home/utbot_mocks/results_utbot-mocks_30/GUAVA-197_10/temp/testcases/com/google/common/primitives/BooleansTest.java:1626: error: package org.mockito does not exist
        org.mockito.MockedStatic mockedStatic = null;
                   ^
/home/utbot_mocks/results_utbot-mocks_30/GUAVA-197_10/temp/testcases/com/google/common/primitives/BooleansTest.java:1628: error: cannot find symbol
            mockedStatic = mockStatic(com.google.common.base.Preconditions.class);
                           ^
  symbol:   method mockStatic(Class<Preconditions>)
  location: class BooleansTest
/home/utbot_mocks/results_utbot-mocks_30/GUAVA-197_10/temp/testcases/com/google/common/primitives/BooleansTest.java:1630: error: cannot find symbol
                com.google.common.base.Preconditions.checkElementIndex(anyInt(), anyInt());
                                                                       ^
  symbol:   method anyInt()
  location: class BooleansTest
/home/utbot_mocks/results_utbot-mocks_30/GUAVA-197_10/temp/testcases/com/google/common/primitives/BooleansTest.java:1630: error: cannot find symbol
                com.google.common.base.Preconditions.checkElementIndex(anyInt(), anyInt());
                                                                                 ^
  symbol:   method anyInt()
  location: class BooleansTest
/home/utbot_mocks/results_utbot-mocks_30/GUAVA-197_10/temp/testcases/com/google/common/primitives/BooleansTest.java:1660: error: package org.mockito does not exist
        org.mockito.MockedStatic mockedStatic = null;
                   ^
/home/utbot_mocks/results_utbot-mocks_30/GUAVA-197_10/temp/testcases/com/google/common/primitives/BooleansTest.java:1662: error: cannot find symbol
            mockedStatic = mockStatic(com.google.common.base.Preconditions.class);
                           ^
  symbol:   method mockStatic(Class<Preconditions>)
  location: class BooleansTest
/home/utbot_mocks/results_utbot-mocks_30/GUAVA-197_10/temp/testcases/com/google/common/primitives/BooleansTest.java:1664: error: cannot find symbol
                com.google.common.base.Preconditions.checkElementIndex(anyInt(), anyInt());
                                                                       ^
  symbol:   method anyInt()
  location: class BooleansTest
/home/utbot_mocks/results_utbot-mocks_30/GUAVA-197_10/temp/testcases/com/google/common/primitives/BooleansTest.java:1664: error: cannot find symbol
                com.google.common.base.Preconditions.checkElementIndex(anyInt(), anyInt());
                                                                                 ^
  symbol:   method anyInt()
  location: class BooleansTest
/home/utbot_mocks/results_utbot-mocks_30/GUAVA-197_10/temp/testcases/com/google/common/primitives/BooleansTest.java:1694: error: package org.mockito does not exist
        org.mockito.MockedStatic mockedStatic = null;
                   ^
/home/utbot_mocks/results_utbot-mocks_30/GUAVA-197_10/temp/testcases/com/google/common/primitives/BooleansTest.java:1696: error: cannot find symbol
            mockedStatic = mockStatic(com.google.common.base.Preconditions.class);
                           ^
  symbol:   method mockStatic(Class<Preconditions>)
  location: class BooleansTest
/home/utbot_mocks/results_utbot-mocks_30/GUAVA-197_10/temp/testcases/com/google/common/primitives/BooleansTest.java:1698: error: cannot find symbol
                com.google.common.base.Preconditions.checkElementIndex(anyInt(), anyInt());
                                                                       ^
  symbol:   method anyInt()
  location: class BooleansTest
/home/utbot_mocks/results_utbot-mocks_30/GUAVA-197_10/temp/testcases/com/google/common/primitives/BooleansTest.java:1698: error: cannot find symbol
                com.google.common.base.Preconditions.checkElementIndex(anyInt(), anyInt());
                                                                                 ^
  symbol:   method anyInt()
  location: class BooleansTest
/home/utbot_mocks/results_utbot-mocks_30/GUAVA-197_10/temp/testcases/com/google/common/primitives/BooleansTest.java:1702: error: cannot find symbol
                com.google.common.base.Preconditions.checkNotNull(any());
                                                                  ^
  symbol:   method any()
  location: class BooleansTest
/home/utbot_mocks/results_utbot-mocks_30/GUAVA-197_10/temp/testcases/com/google/common/primitives/BooleansTest.java:1733: error: package org.mockito does not exist
        org.mockito.MockedStatic mockedStatic = null;
                   ^
/home/utbot_mocks/results_utbot-mocks_30/GUAVA-197_10/temp/testcases/com/google/common/primitives/BooleansTest.java:1735: error: cannot find symbol
            mockedStatic = mockStatic(com.google.common.base.Preconditions.class);
                           ^
  symbol:   method mockStatic(Class<Preconditions>)
  location: class BooleansTest
/home/utbot_mocks/results_utbot-mocks_30/GUAVA-197_10/temp/testcases/com/google/common/primitives/BooleansTest.java:1737: error: cannot find symbol
                com.google.common.base.Preconditions.checkElementIndex(anyInt(), anyInt());
                                                                       ^
  symbol:   method anyInt()
  location: class BooleansTest
/home/utbot_mocks/results_utbot-mocks_30/GUAVA-197_10/temp/testcases/com/google/common/primitives/BooleansTest.java:1737: error: cannot find symbol
                com.google.common.base.Preconditions.checkElementIndex(anyInt(), anyInt());
                                                                                 ^
  symbol:   method anyInt()
  location: class BooleansTest
/home/utbot_mocks/results_utbot-mocks_30/GUAVA-197_10/temp/testcases/com/google/common/primitives/BooleansTest.java:1740: error: cannot find symbol
                com.google.common.base.Preconditions.checkNotNull(any());
                                                                  ^
  symbol:   method any()
  location: class BooleansTest
/home/utbot_mocks/results_utbot-mocks_30/GUAVA-197_10/temp/testcases/com/google/common/primitives/BooleansTest.java:1771: error: package org.mockito does not exist
        org.mockito.MockedStatic mockedStatic = null;
                   ^
/home/utbot_mocks/results_utbot-mocks_30/GUAVA-197_10/temp/testcases/com/google/common/primitives/BooleansTest.java:1773: error: cannot find symbol
            mockedStatic = mockStatic(com.google.common.base.Preconditions.class);
                           ^
  symbol:   method mockStatic(Class<Preconditions>)
  location: class BooleansTest
/home/utbot_mocks/results_utbot-mocks_30/GUAVA-197_10/temp/testcases/com/google/common/primitives/BooleansTest.java:1775: error: cannot find symbol
                com.google.common.base.Preconditions.checkElementIndex(anyInt(), anyInt());
                                                                       ^
  symbol:   method anyInt()
  location: class BooleansTest
/home/utbot_mocks/results_utbot-mocks_30/GUAVA-197_10/temp/testcases/com/google/common/primitives/BooleansTest.java:1775: error: cannot find symbol
                com.google.common.base.Preconditions.checkElementIndex(anyInt(), anyInt());
                                                                                 ^
  symbol:   method anyInt()
  location: class BooleansTest
/home/utbot_mocks/results_utbot-mocks_30/GUAVA-197_10/temp/testcases/com/google/common/primitives/BooleansTest.java:1779: error: cannot find symbol
                com.google.common.base.Preconditions.checkNotNull(any());
                                                                  ^
  symbol:   method any()
  location: class BooleansTest
/home/utbot_mocks/results_utbot-mocks_30/GUAVA-197_10/temp/testcases/com/google/common/primitives/BooleansTest.java:1834: error: package org.mockito does not exist
        org.mockito.MockedStatic mockedStatic = null;
                   ^
/home/utbot_mocks/results_utbot-mocks_30/GUAVA-197_10/temp/testcases/com/google/common/primitives/BooleansTest.java:1836: error: cannot find symbol
            mockedStatic = mockStatic(com.google.common.base.Preconditions.class);
                           ^
  symbol:   method mockStatic(Class<Preconditions>)
  location: class BooleansTest
/home/utbot_mocks/results_utbot-mocks_30/GUAVA-197_10/temp/testcases/com/google/common/primitives/BooleansTest.java:1871: error: package org.mockito does not exist
        org.mockito.MockedStatic mockedStatic = null;
                   ^
/home/utbot_mocks/results_utbot-mocks_30/GUAVA-197_10/temp/testcases/com/google/common/primitives/BooleansTest.java:1873: error: cannot find symbol
            mockedStatic = mockStatic(com.google.common.base.Preconditions.class);
                           ^
  symbol:   method mockStatic(Class<Preconditions>)
  location: class BooleansTest
/home/utbot_mocks/results_utbot-mocks_30/GUAVA-197_10/temp/testcases/com/google/common/primitives/BooleansTest.java:1921: error: package org.mockito does not exist
        org.mockito.MockedStatic mockedStatic = null;
                   ^
/home/utbot_mocks/results_utbot-mocks_30/GUAVA-197_10/temp/testcases/com/google/common/primitives/BooleansTest.java:1923: error: cannot find symbol
            mockedStatic = mockStatic(com.google.common.base.Preconditions.class);
                           ^
  symbol:   method mockStatic(Class<Preconditions>)
  location: class BooleansTest
/home/utbot_mocks/results_utbot-mocks_30/GUAVA-197_10/temp/testcases/com/google/common/primitives/BooleansTest.java:1925: error: cannot find symbol
                com.google.common.base.Preconditions.checkElementIndex(anyInt(), anyInt());
                                                                       ^
  symbol:   method anyInt()
  location: class BooleansTest
/home/utbot_mocks/results_utbot-mocks_30/GUAVA-197_10/temp/testcases/com/google/common/primitives/BooleansTest.java:1925: error: cannot find symbol
                com.google.common.base.Preconditions.checkElementIndex(anyInt(), anyInt());
                                                                                 ^
  symbol:   method anyInt()
  location: class BooleansTest
/home/utbot_mocks/results_utbot-mocks_30/GUAVA-197_10/temp/testcases/com/google/common/primitives/BooleansTest.java:1953: error: package org.mockito does not exist
        org.mockito.MockedStatic mockedStatic = null;
                   ^
/home/utbot_mocks/results_utbot-mocks_30/GUAVA-197_10/temp/testcases/com/google/common/primitives/BooleansTest.java:1955: error: cannot find symbol
            mockedStatic = mockStatic(com.google.common.base.Preconditions.class);
                           ^
  symbol:   method mockStatic(Class<Preconditions>)
  location: class BooleansTest
/home/utbot_mocks/results_utbot-mocks_30/GUAVA-197_10/temp/testcases/com/google/common/primitives/BooleansTest.java:1957: error: cannot find symbol
                com.google.common.base.Preconditions.checkElementIndex(anyInt(), anyInt());
                                                                       ^
  symbol:   method anyInt()
  location: class BooleansTest
/home/utbot_mocks/results_utbot-mocks_30/GUAVA-197_10/temp/testcases/com/google/common/primitives/BooleansTest.java:1957: error: cannot find symbol
                com.google.common.base.Preconditions.checkElementIndex(anyInt(), anyInt());
                                                                                 ^
  symbol:   method anyInt()
  location: class BooleansTest
/home/utbot_mocks/results_utbot-mocks_30/GUAVA-197_10/temp/testcases/com/google/common/primitives/BooleansTest.java:1985: error: package org.mockito does not exist
        org.mockito.MockedStatic mockedStatic = null;
                   ^
/home/utbot_mocks/results_utbot-mocks_30/GUAVA-197_10/temp/testcases/com/google/common/primitives/BooleansTest.java:1987: error: cannot find symbol
            mockedStatic = mockStatic(com.google.common.base.Preconditions.class);
                           ^
  symbol:   method mockStatic(Class<Preconditions>)
  location: class BooleansTest
/home/utbot_mocks/results_utbot-mocks_30/GUAVA-197_10/temp/testcases/com/google/common/primitives/BooleansTest.java:1989: error: cannot find symbol
                com.google.common.base.Preconditions.checkElementIndex(anyInt(), anyInt());
                                                                       ^
  symbol:   method anyInt()
  location: class BooleansTest
/home/utbot_mocks/results_utbot-mocks_30/GUAVA-197_10/temp/testcases/com/google/common/primitives/BooleansTest.java:1989: error: cannot find symbol
                com.google.common.base.Preconditions.checkElementIndex(anyInt(), anyInt());
                                                                                 ^
  symbol:   method anyInt()
  location: class BooleansTest
/home/utbot_mocks/results_utbot-mocks_30/GUAVA-197_10/temp/testcases/com/google/common/primitives/BooleansTest.java:2418: error: package org.mockito does not exist
        org.mockito.MockedStatic mockedStatic = null;
                   ^
/home/utbot_mocks/results_utbot-mocks_30/GUAVA-197_10/temp/testcases/com/google/common/primitives/BooleansTest.java:2420: error: cannot find symbol
            mockedStatic = mockStatic(Booleans.class);
                           ^
  symbol:   method mockStatic(Class<Booleans>)
  location: class BooleansTest
/home/utbot_mocks/results_utbot-mocks_30/GUAVA-197_10/temp/testcases/com/google/common/primitives/BooleansTest.java:2422: error: cannot find symbol
                Booleans.compare(anyBoolean(), anyBoolean());
                                 ^
  symbol:   method anyBoolean()
  location: class BooleansTest
/home/utbot_mocks/results_utbot-mocks_30/GUAVA-197_10/temp/testcases/com/google/common/primitives/BooleansTest.java:3019: warning: Unsafe is internal proprietary API and may be removed in a future release
    private static sun.misc.Unsafe getUnsafeInstance() throws Exception {
                           ^
/home/utbot_mocks/results_utbot-mocks_30/GUAVA-197_10/temp/testcases/com/google/common/primitives/BooleansTest.java:3020: warning: Unsafe is internal proprietary API and may be removed in a future release
        java.lang.reflect.Field f = sun.misc.Unsafe.class.getDeclaredField("theUnsafe");
                                            ^
/home/utbot_mocks/results_utbot-mocks_30/GUAVA-197_10/temp/testcases/com/google/common/primitives/BooleansTest.java:3022: warning: Unsafe is internal proprietary API and may be removed in a future release
        return (sun.misc.Unsafe) f.get(null);
                        ^
Note: /home/utbot_mocks/results_utbot-mocks_30/GUAVA-197_10/temp/testcases/com/google/common/primitives/BooleansTest.java uses unchecked or unsafe operations.
Note: Recompile with -Xlint:unchecked for details.
100 errors
5 warnings
Failed to compile 'com/google/common/primitives/BooleansTest.java'!
shaded.org.apache.commons.exec.ExecuteException: Process exited with an error: 1 (Exit value: 1)
	at shaded.org.apache.commons.exec.DefaultExecutor.executeInternal(DefaultExecutor.java:377)
	at shaded.org.apache.commons.exec.DefaultExecutor.execute(DefaultExecutor.java:160)
	at shaded.org.apache.commons.exec.DefaultExecutor.execute(DefaultExecutor.java:147)
	at sbst.benchmark.TestSuite.compile(TestSuite.java:250)
	at sbst.benchmark.TestSuite.<init>(TestSuite.java:68)
	at sbst.benchmark.TranscriptWriter.endClass(TranscriptWriter.java:136)
	at sbst.benchmark.RunTool.execute(RunTool.java:141)
	at sbst.benchmark.RunTool.run(RunTool.java:62)
	at sbst.benchmark.Main.main(Main.java:160)

---Timing Information---
Running tests with the following classpath: 
/var/benchmarks/projects/guava/guava/target/guava-26.0-jre.jar:/var/benchmarks/projects/./guava/guava/target/dependency/checker-qual-2.5.2.jar:/var/benchmarks/projects/guava/guava/target/dependency/error_prone_annotations-2.1.3.jar:/var/benchmarks/projects/guava/guava/target/dependency/j2objc-annotations-1.1.jar:/var/benchmarks/projects/guava/guava/target/dependency/jsr305-3.0.2.jar:/var/benchmarks/projects/guava/guava/target/dependency/animal-sniffer-annotations-1.14.jar:/usr/local/bin/lib/junit.jar:/usr/local/bin/lib/hamcrest-core.jar:/home/utbot_mocks/results_utbot-mocks_30/GUAVA-197_10/temp/testcases/bin
Running the tests: [SBSTDummyForCoverageAndMutationCalculation]
Executions terminated

---The tests are re-executed other four times to find the flaky ones---
Running the tests: [SBSTDummyForCoverageAndMutationCalculation]
Executions terminated
Running the tests: [SBSTDummyForCoverageAndMutationCalculation]
Executions terminated
Running the tests: [SBSTDummyForCoverageAndMutationCalculation]
Executions terminated
Running the tests: [SBSTDummyForCoverageAndMutationCalculation]
Executions terminated

=== Run Jacoco for Coverage ===
Number of instrumented file = 2323
Running tests with the following classpath: 
/home/utbot_mocks/results_utbot-mocks_30/GUAVA-197_10/temp/testcases/guava-26.0-jre_instrumented.jar:/home/utbot_mocks/results_utbot-mocks_30/GUAVA-197_10/temp/testcases/checker-qual-2.5.2_instrumented.jar:/home/utbot_mocks/results_utbot-mocks_30/GUAVA-197_10/temp/testcases/error_prone_annotations-2.1.3_instrumented.jar:/home/utbot_mocks/results_utbot-mocks_30/GUAVA-197_10/temp/testcases/j2objc-annotations-1.1_instrumented.jar:/home/utbot_mocks/results_utbot-mocks_30/GUAVA-197_10/temp/testcases/jsr305-3.0.2_instrumented.jar:/home/utbot_mocks/results_utbot-mocks_30/GUAVA-197_10/temp/testcases/animal-sniffer-annotations-1.14_instrumented.jar:/usr/local/bin/lib/hamcrest-core.jar:/usr/local/bin/lib/junit.jar:/home/utbot_mocks/results_utbot-mocks_30/GUAVA-197_10/temp/testcases/bin
Running the tests: [SBSTDummyForCoverageAndMutationCalculation]
Executions terminated
Number of file with coverage information = 1951
Extracted coverage data for the class com/google/common/primitives/Booleans
Number of file with coverage information = 302
Number of file with coverage information = 22
Number of file with coverage information = 12
Number of file with coverage information = 35
Number of file with coverage information = 1

=== Run PIT ===
Matching Jacoco with PIT: find covered mutations
Executing Mutation Analysis using 92 mutants 

>>> RESULTS:
	Tool name: utbot-mocks
	Benchmark: GUAVA-197
	Class Under Test: com.google.common.primitives.Booleans
	Run number: 10
	Tool preparation time (ms): 13149
	Tool test cases generation time (ms): 20154
	Test cases execution time (ms): 16
	Test case number: 150
	Uncompilable Test Classes: 1
	Broken tests number: 0
	Failing tests number: 0
	Lines total: 75
	Lines covered: 0
	Lines coverage ratio (%): 0.0
	Conditions total: 52
	Conditions covered: 0
	Conditions coverage ratio (%): 0.0
	Mutants total: 92
	Mutants covered: 0
	Mutants coverage ratio (%): 0.0
	Mutants killed: 0
	Mutants killed ratio (%): 0.0
	Mutants alive: 92


Class com.google.common.primitives.Booleans ended.
Stopping process...
Tool subprocess is an instance of java.lang.UNIXProcess
Tool subprocess Id is 8121
Killing master process 8121
Executing command kill -9 8121
Execution of command kill -9 8121 finished.
Process was destroyed
