Started UtBot Contest, classfileDir = /var/benchmarks/projects/guava/guava/target/classes, classpathString=/var/benchmarks/projects/guava/guava/target/classes:/var/benchmarks/projects/guava/guava/target/guava-26.0-jre.jar:/var/benchmarks/projects/./guava/guava/target/dependency/checker-qual-2.5.2.jar:/var/benchmarks/projects/guava/guava/target/dependency/error_prone_annotations-2.1.3.jar:/var/benchmarks/projects/guava/guava/target/dependency/j2objc-annotations-1.1.jar:/var/benchmarks/projects/guava/guava/target/dependency/jsr305-3.0.2.jar:/var/benchmarks/projects/guava/guava/target/dependency/animal-sniffer-annotations-1.14.jar, outputDir=/home/utbot_mocks/temp/testcases, mocks=Other classes: Mockito
21:50:10.798 | INFO  | Started: warmup: kotlin reflection :: init
21:50:10.895 | INFO  | Finished (in 0.097 sec): warmup: kotlin reflection :: init 
[INIT]
>> [RUN] com.google.common.primitives.Booleans 120
21:50:10.909 | DEBUG | -----------------------------------------------------------------------------
21:50:10.909 | INFO  | Contest.runGeneration: Time budget: 120000 ms, Generation timeout=102000 ms, classpath=/var/benchmarks/projects/guava/guava/target/classes:/var/benchmarks/projects/guava/guava/target/guava-26.0-jre.jar:/var/benchmarks/projects/./guava/guava/target/dependency/checker-qual-2.5.2.jar:/var/benchmarks/projects/guava/guava/target/dependency/error_prone_annotations-2.1.3.jar:/var/benchmarks/projects/guava/guava/target/dependency/j2objc-annotations-1.1.jar:/var/benchmarks/projects/guava/guava/target/dependency/jsr305-3.0.2.jar:/var/benchmarks/projects/guava/guava/target/dependency/animal-sniffer-annotations-1.14.jar, methodNameFilter=null
21:50:10.911 | INFO  | ClassUnderTest[ FQN: com.google.common.primitives.Booleans
    classfileDir: /var/benchmarks/projects/guava/guava/target/classes
    testClassSimpleName: BooleansTest
    generatedTestFile: /home/utbot_mocks/temp/testcases/com/google/common/primitives/BooleansTest.java
    generatedTestsSourcesDir: /home/utbot_mocks/temp/testcases
]
21:50:10.934 | INFO  | Started: class com.google.common.primitives.Booleans
21:50:10.935 | INFO  | Started: preparation class class com.google.common.primitives.Booleans: kotlin reflection :: run
21:50:11.385 | INFO  | Finished (in 0.450 sec): preparation class class com.google.common.primitives.Booleans: kotlin reflection :: run 
21:50:11.386 | INFO  | Started: 2nd optional soot initialization
21:50:11.387 | INFO  | Finished (in 0.001 sec): 2nd optional soot initialization 
21:50:11.395 | DEBUG |  ... 
21:50:11.401 | INFO  | Started: method com.google.common.primitives.Booleans.falseFirst()
21:50:11.401 | INFO  |  -- Remaining time budget: 101513 ms, #remaining_methods: 44, budget for method: 2307 ms, solver timeout: 1000 ms, budget for symbolic execution: 1154 ms, budget for concrete execution: 1153 ms,  -- 
21:50:11.709 | DEBUG | --new testCase collected, to generate: testCom.google.common.primitives.Booleans.falseFirst()1
21:50:12.559 | INFO  | |> Starting concrete execution for remaining state: com.google.common.primitives.Booleans.falseFirst()
21:50:12.796 | DEBUG | --new testCase collected, to generate: testCom.google.common.primitives.Booleans.falseFirst()2
21:50:12.797 | INFO  | Finished (in 1.396 sec): method com.google.common.primitives.Booleans.falseFirst() 
<StatsForMethod> :
	#generatedTC=2
	WITH NO EXCEPTIONS
21:50:12.814 | DEBUG |  ... 
21:50:12.815 | INFO  | Started: method com.google.common.primitives.Booleans.trueFirst()
21:50:12.816 | INFO  |  -- Remaining time budget: 100095 ms, #remaining_methods: 43, budget for method: 2327 ms, solver timeout: 1000 ms, budget for symbolic execution: 1164 ms, budget for concrete execution: 1163 ms,  -- 
21:50:12.821 | DEBUG | --new testCase collected, to generate: testCom.google.common.primitives.Booleans.trueFirst()1
21:50:13.076 | DEBUG | --new testCase collected, to generate: testCom.google.common.primitives.Booleans.trueFirst()2
21:50:13.077 | INFO  | Finished (in 0.261 sec): method com.google.common.primitives.Booleans.trueFirst() 
<StatsForMethod> :
	#generatedTC=2
	WITH NO EXCEPTIONS
21:50:13.098 | DEBUG |  ... 
21:50:13.098 | INFO  | Started: method com.google.common.primitives.Booleans.lexicographicalComparator()
21:50:13.099 | INFO  |  -- Remaining time budget: 99812 ms, #remaining_methods: 42, budget for method: 2376 ms, solver timeout: 1000 ms, budget for symbolic execution: 1188 ms, budget for concrete execution: 1188 ms,  -- 
21:50:13.106 | DEBUG | --new testCase collected, to generate: testCom.google.common.primitives.Booleans.lexicographicalComparator()1
21:50:13.217 | DEBUG | --new testCase collected, to generate: testCom.google.common.primitives.Booleans.lexicographicalComparator()2
21:50:13.217 | INFO  | Finished (in 0.119 sec): method com.google.common.primitives.Booleans.lexicographicalComparator() 
<StatsForMethod> :
	#generatedTC=2
	WITH NO EXCEPTIONS
21:50:13.230 | DEBUG |  ... 
21:50:13.234 | INFO  | Started: method com.google.common.primitives.Booleans.countTrue(boolean[])
21:50:13.234 | INFO  |  -- Remaining time budget: 99680 ms, #remaining_methods: 41, budget for method: 2431 ms, solver timeout: 1000 ms, budget for symbolic execution: 1231 ms, budget for concrete execution: 1200 ms,  -- 
21:50:13.241 | DEBUG | --new testCase collected, to generate: testCom.google.common.primitives.Booleans.countTrue(boolean[])1
21:50:13.269 | DEBUG | --new testCase collected, to generate: testCom.google.common.primitives.Booleans.countTrue(boolean[])2
21:50:13.322 | DEBUG | --new testCase collected, to generate: testCom.google.common.primitives.Booleans.countTrue(boolean[])3
21:50:13.350 | DEBUG | --new testCase collected, to generate: testCom.google.common.primitives.Booleans.countTrue(boolean[])4
21:50:13.358 | DEBUG | --new testCase collected, to generate: testCom.google.common.primitives.Booleans.countTrue(boolean[])5
21:50:13.359 | INFO  | Finished (in 0.125 sec): method com.google.common.primitives.Booleans.countTrue(boolean[]) 
<StatsForMethod> :
	#generatedTC=5
	WITH NO EXCEPTIONS
21:50:13.363 | DEBUG |  ... 
21:50:13.363 | INFO  | Started: method com.google.common.primitives.Booleans.hashCode(boolean)
21:50:13.364 | INFO  |  -- Remaining time budget: 99547 ms, #remaining_methods: 40, budget for method: 2488 ms, solver timeout: 1000 ms, budget for symbolic execution: 1288 ms, budget for concrete execution: 1200 ms,  -- 
21:50:13.370 | DEBUG | --new testCase collected, to generate: testCom.google.common.primitives.Booleans.hashCode(boolean)1
21:50:13.405 | DEBUG | --new testCase collected, to generate: testCom.google.common.primitives.Booleans.hashCode(boolean)2
21:50:13.409 | DEBUG | --new testCase collected, to generate: testCom.google.common.primitives.Booleans.hashCode(boolean)3
21:50:13.409 | INFO  | Finished (in 0.046 sec): method com.google.common.primitives.Booleans.hashCode(boolean) 
<StatsForMethod> :
	#generatedTC=3
	WITH NO EXCEPTIONS
21:50:13.410 | DEBUG |  ... 
21:50:13.411 | INFO  | Started: method com.google.common.primitives.Booleans.indexOf(boolean[], boolean[])
21:50:13.411 | INFO  |  -- Remaining time budget: 99500 ms, #remaining_methods: 39, budget for method: 2551 ms, solver timeout: 1000 ms, budget for symbolic execution: 1351 ms, budget for concrete execution: 1200 ms,  -- 
21:50:13.420 | DEBUG | --new testCase collected, to generate: testCom.google.common.primitives.Booleans.indexOf(boolean[], boolean[])1
21:50:13.726 | DEBUG | --new testCase collected, to generate: testCom.google.common.primitives.Booleans.indexOf(boolean[], boolean[])2
21:50:13.895 | DEBUG | --new testCase collected, to generate: testCom.google.common.primitives.Booleans.indexOf(boolean[], boolean[])3
21:50:14.066 | DEBUG | --new testCase collected, to generate: testCom.google.common.primitives.Booleans.indexOf(boolean[], boolean[])4
21:50:14.227 | DEBUG | --new testCase collected, to generate: testCom.google.common.primitives.Booleans.indexOf(boolean[], boolean[])5
21:50:14.636 | DEBUG | --new testCase collected, to generate: testCom.google.common.primitives.Booleans.indexOf(boolean[], boolean[])6
21:50:14.672 | DEBUG | --new testCase collected, to generate: testCom.google.common.primitives.Booleans.indexOf(boolean[], boolean[])7
21:50:14.673 | INFO  | Finished (in 1.262 sec): method com.google.common.primitives.Booleans.indexOf(boolean[], boolean[]) 
<StatsForMethod> :
	#generatedTC=7
	WITH NO EXCEPTIONS
21:50:14.685 | DEBUG |  ... 
21:50:14.686 | INFO  | Started: method com.google.common.primitives.Booleans.indexOf(boolean[], boolean, int, int)
21:50:14.686 | INFO  |  -- Remaining time budget: 98224 ms, #remaining_methods: 38, budget for method: 2584 ms, solver timeout: 1000 ms, budget for symbolic execution: 1384 ms, budget for concrete execution: 1200 ms,  -- 
21:50:14.692 | DEBUG | --new testCase collected, to generate: testCom.google.common.primitives.Booleans.indexOf(boolean[], boolean, int, int)1
21:50:14.733 | DEBUG | --new testCase collected, to generate: testCom.google.common.primitives.Booleans.indexOf(boolean[], boolean, int, int)2
21:50:14.753 | DEBUG | --new testCase collected, to generate: testCom.google.common.primitives.Booleans.indexOf(boolean[], boolean, int, int)3
21:50:14.773 | DEBUG | --new testCase collected, to generate: testCom.google.common.primitives.Booleans.indexOf(boolean[], boolean, int, int)4
21:50:14.795 | DEBUG | --new testCase collected, to generate: testCom.google.common.primitives.Booleans.indexOf(boolean[], boolean, int, int)5
21:50:14.816 | DEBUG | --new testCase collected, to generate: testCom.google.common.primitives.Booleans.indexOf(boolean[], boolean, int, int)6
21:50:14.824 | DEBUG | --new testCase collected, to generate: testCom.google.common.primitives.Booleans.indexOf(boolean[], boolean, int, int)7
21:50:14.825 | INFO  | Finished (in 0.138 sec): method com.google.common.primitives.Booleans.indexOf(boolean[], boolean, int, int) 
<StatsForMethod> :
	#generatedTC=7
	WITH NO EXCEPTIONS
21:50:14.826 | DEBUG |  ... 
21:50:14.826 | INFO  | Started: method com.google.common.primitives.Booleans.indexOf(boolean[], boolean)
21:50:14.827 | INFO  |  -- Remaining time budget: 98084 ms, #remaining_methods: 37, budget for method: 2650 ms, solver timeout: 1000 ms, budget for symbolic execution: 1450 ms, budget for concrete execution: 1200 ms,  -- 
21:50:14.832 | DEBUG | --new testCase collected, to generate: testCom.google.common.primitives.Booleans.indexOf(boolean[], boolean)1
21:50:14.854 | DEBUG | --new testCase collected, to generate: testCom.google.common.primitives.Booleans.indexOf(boolean[], boolean)2
21:50:14.918 | DEBUG | --new testCase collected, to generate: testCom.google.common.primitives.Booleans.indexOf(boolean[], boolean)3
21:50:14.941 | DEBUG | --new testCase collected, to generate: testCom.google.common.primitives.Booleans.indexOf(boolean[], boolean)4
21:50:14.944 | INFO  | Finished (in 0.117 sec): method com.google.common.primitives.Booleans.indexOf(boolean[], boolean) 
<StatsForMethod> :
	#generatedTC=4
	WITH NO EXCEPTIONS
21:50:14.947 | DEBUG |  ... 
21:50:14.948 | INFO  | Started: method com.google.common.primitives.Booleans.lastIndexOf(boolean[], boolean, int, int)
21:50:14.948 | INFO  |  -- Remaining time budget: 97962 ms, #remaining_methods: 36, budget for method: 2721 ms, solver timeout: 1000 ms, budget for symbolic execution: 1521 ms, budget for concrete execution: 1200 ms,  -- 
21:50:14.954 | DEBUG | --new testCase collected, to generate: testCom.google.common.primitives.Booleans.lastIndexOf(boolean[], boolean, int, int)1
21:50:14.996 | DEBUG | --new testCase collected, to generate: testCom.google.common.primitives.Booleans.lastIndexOf(boolean[], boolean, int, int)2
21:50:15.018 | DEBUG | --new testCase collected, to generate: testCom.google.common.primitives.Booleans.lastIndexOf(boolean[], boolean, int, int)3
21:50:15.040 | DEBUG | --new testCase collected, to generate: testCom.google.common.primitives.Booleans.lastIndexOf(boolean[], boolean, int, int)4
21:50:15.063 | DEBUG | --new testCase collected, to generate: testCom.google.common.primitives.Booleans.lastIndexOf(boolean[], boolean, int, int)5
21:50:15.087 | DEBUG | --new testCase collected, to generate: testCom.google.common.primitives.Booleans.lastIndexOf(boolean[], boolean, int, int)6
21:50:15.100 | DEBUG | --new testCase collected, to generate: testCom.google.common.primitives.Booleans.lastIndexOf(boolean[], boolean, int, int)7
21:50:15.100 | INFO  | Finished (in 0.152 sec): method com.google.common.primitives.Booleans.lastIndexOf(boolean[], boolean, int, int) 
<StatsForMethod> :
	#generatedTC=7
	WITH NO EXCEPTIONS
21:50:15.102 | DEBUG |  ... 
21:50:15.102 | INFO  | Started: method com.google.common.primitives.Booleans.lastIndexOf(boolean[], boolean)
21:50:15.103 | INFO  |  -- Remaining time budget: 97808 ms, #remaining_methods: 35, budget for method: 2794 ms, solver timeout: 1000 ms, budget for symbolic execution: 1594 ms, budget for concrete execution: 1200 ms,  -- 
21:50:15.113 | DEBUG | --new testCase collected, to generate: testCom.google.common.primitives.Booleans.lastIndexOf(boolean[], boolean)1
21:50:15.136 | DEBUG | --new testCase collected, to generate: testCom.google.common.primitives.Booleans.lastIndexOf(boolean[], boolean)2
21:50:15.230 | DEBUG | --new testCase collected, to generate: testCom.google.common.primitives.Booleans.lastIndexOf(boolean[], boolean)3
21:50:15.250 | DEBUG | --new testCase collected, to generate: testCom.google.common.primitives.Booleans.lastIndexOf(boolean[], boolean)4
21:50:15.272 | DEBUG | --new testCase collected, to generate: testCom.google.common.primitives.Booleans.lastIndexOf(boolean[], boolean)5
21:50:15.273 | INFO  | Finished (in 0.170 sec): method com.google.common.primitives.Booleans.lastIndexOf(boolean[], boolean) 
<StatsForMethod> :
	#generatedTC=5
	WITH NO EXCEPTIONS
21:50:15.279 | DEBUG |  ... 
21:50:15.280 | INFO  | Started: method com.google.common.primitives.Booleans.concat(boolean[][])
21:50:15.280 | INFO  |  -- Remaining time budget: 97630 ms, #remaining_methods: 34, budget for method: 2871 ms, solver timeout: 1000 ms, budget for symbolic execution: 1671 ms, budget for concrete execution: 1200 ms,  -- 
21:50:15.292 | DEBUG | --new testCase collected, to generate: testCom.google.common.primitives.Booleans.concat(boolean[][])1
21:50:15.315 | DEBUG | --new testCase collected, to generate: testCom.google.common.primitives.Booleans.concat(boolean[][])2
21:50:15.356 | DEBUG | --new testCase collected, to generate: testCom.google.common.primitives.Booleans.concat(boolean[][])3
21:50:15.362 | DEBUG | --new testCase collected, to generate: testCom.google.common.primitives.Booleans.concat(boolean[][])4
21:50:15.526 | DEBUG | --new testCase collected, to generate: testCom.google.common.primitives.Booleans.concat(boolean[][])5
21:50:15.528 | INFO  | Finished (in 0.248 sec): method com.google.common.primitives.Booleans.concat(boolean[][]) 
<StatsForMethod> :
	#generatedTC=5
	WITH NO EXCEPTIONS
21:50:15.533 | DEBUG |  ... 
21:50:15.533 | INFO  | Started: method com.google.common.primitives.Booleans.contains(boolean[], boolean)
21:50:15.534 | INFO  |  -- Remaining time budget: 97377 ms, #remaining_methods: 33, budget for method: 2950 ms, solver timeout: 1000 ms, budget for symbolic execution: 1750 ms, budget for concrete execution: 1200 ms,  -- 
21:50:15.539 | DEBUG | --new testCase collected, to generate: testCom.google.common.primitives.Booleans.contains(boolean[], boolean)1
21:50:15.563 | DEBUG | --new testCase collected, to generate: testCom.google.common.primitives.Booleans.contains(boolean[], boolean)2
21:50:15.599 | DEBUG | --new testCase collected, to generate: testCom.google.common.primitives.Booleans.contains(boolean[], boolean)3
21:50:15.619 | DEBUG | --new testCase collected, to generate: testCom.google.common.primitives.Booleans.contains(boolean[], boolean)4
21:50:15.627 | DEBUG | --new testCase collected, to generate: testCom.google.common.primitives.Booleans.contains(boolean[], boolean)5
21:50:15.627 | INFO  | Finished (in 0.094 sec): method com.google.common.primitives.Booleans.contains(boolean[], boolean) 
<StatsForMethod> :
	#generatedTC=5
	WITH NO EXCEPTIONS
21:50:15.628 | DEBUG |  ... 
21:50:15.629 | INFO  | Started: method com.google.common.primitives.Booleans.join(String, boolean[])
21:50:15.629 | INFO  |  -- Remaining time budget: 97282 ms, #remaining_methods: 32, budget for method: 3040 ms, solver timeout: 1000 ms, budget for symbolic execution: 1840 ms, budget for concrete execution: 1200 ms,  -- 
21:50:15.644 | DEBUG | --new testCase collected, to generate: testCom.google.common.primitives.Booleans.join(String, boolean[])1
21:50:15.774 | DEBUG | --new testCase collected, to generate: testCom.google.common.primitives.Booleans.join(String, boolean[])2
21:50:15.866 | DEBUG | --new testCase collected, to generate: testCom.google.common.primitives.Booleans.join(String, boolean[])3
21:50:17.469 | INFO  | |> Starting concrete execution for remaining state: com.google.common.primitives.Booleans.join(String, boolean[])
21:50:18.670 | INFO  | (X) Cancelling concrete execution: com.google.common.primitives.Booleans.join(String, boolean[])
21:50:18.746 | INFO  | Finished (in 3.117 sec): method com.google.common.primitives.Booleans.join(String, boolean[]) 
<StatsForMethod> :
	#generatedTC=3
	WITH NO EXCEPTIONS
21:50:18.858 | DEBUG |  ... 
21:50:18.858 | INFO  | Started: method com.google.common.primitives.Booleans.compare(boolean, boolean)
21:50:18.858 | INFO  |  -- Remaining time budget: 94052 ms, #remaining_methods: 31, budget for method: 3033 ms, solver timeout: 1000 ms, budget for symbolic execution: 1833 ms, budget for concrete execution: 1200 ms,  -- 
21:50:18.862 | DEBUG | --new testCase collected, to generate: testCom.google.common.primitives.Booleans.compare(boolean, boolean)1
21:50:18.910 | DEBUG | --new testCase collected, to generate: testCom.google.common.primitives.Booleans.compare(boolean, boolean)2
21:50:18.914 | DEBUG | --new testCase collected, to generate: testCom.google.common.primitives.Booleans.compare(boolean, boolean)3
21:50:18.918 | DEBUG | --new testCase collected, to generate: testCom.google.common.primitives.Booleans.compare(boolean, boolean)4
21:50:18.918 | INFO  | Finished (in 0.060 sec): method com.google.common.primitives.Booleans.compare(boolean, boolean) 
<StatsForMethod> :
	#generatedTC=4
	WITH NO EXCEPTIONS
21:50:18.919 | DEBUG |  ... 
21:50:18.919 | INFO  | Started: method com.google.common.primitives.Booleans.toArray(Collection)
21:50:18.920 | INFO  |  -- Remaining time budget: 93991 ms, #remaining_methods: 30, budget for method: 3133 ms, solver timeout: 1000 ms, budget for symbolic execution: 1933 ms, budget for concrete execution: 1200 ms,  -- 
21:50:18.924 | DEBUG | --new testCase collected, to generate: testCom.google.common.primitives.Booleans.toArray(Collection)1
21:50:19.097 | DEBUG | --new testCase collected, to generate: testCom.google.common.primitives.Booleans.toArray(Collection)2
21:50:20.853 | INFO  | |> Starting concrete execution for remaining state: com.google.common.primitives.Booleans.toArray(Collection)
21:50:21.643 | DEBUG | --new testCase collected, to generate: testCom.google.common.primitives.Booleans.toArray(Collection)3
21:50:22.053 | INFO  | (X) Cancelling concrete execution: com.google.common.primitives.Booleans.toArray(Collection)
21:50:22.078 | INFO  | Finished (in 3.158 sec): method com.google.common.primitives.Booleans.toArray(Collection) 
<StatsForMethod> :
	#generatedTC=3
	WITH NO EXCEPTIONS
21:50:22.131 | DEBUG |  ... 
21:50:22.131 | INFO  | Started: method com.google.common.primitives.Booleans.asList(boolean[])
21:50:22.131 | INFO  |  -- Remaining time budget: 90779 ms, #remaining_methods: 29, budget for method: 3130 ms, solver timeout: 1000 ms, budget for symbolic execution: 1930 ms, budget for concrete execution: 1200 ms,  -- 
21:50:22.137 | DEBUG | --new testCase collected, to generate: testCom.google.common.primitives.Booleans.asList(boolean[])1
21:50:22.176 | DEBUG | --new testCase collected, to generate: testCom.google.common.primitives.Booleans.asList(boolean[])2
21:50:22.273 | DEBUG | --new testCase collected, to generate: testCom.google.common.primitives.Booleans.asList(boolean[])3
21:50:22.383 | DEBUG | --new testCase collected, to generate: testCom.google.common.primitives.Booleans.asList(boolean[])4
21:50:22.383 | INFO  | Finished (in 0.252 sec): method com.google.common.primitives.Booleans.asList(boolean[]) 
<StatsForMethod> :
	#generatedTC=4
	WITH NO EXCEPTIONS
21:50:22.404 | DEBUG |  ... 
21:50:22.404 | INFO  | Started: method com.google.common.primitives.Booleans.ensureCapacity(boolean[], int, int)
21:50:22.405 | INFO  |  -- Remaining time budget: 90506 ms, #remaining_methods: 28, budget for method: 3232 ms, solver timeout: 1000 ms, budget for symbolic execution: 2032 ms, budget for concrete execution: 1200 ms,  -- 
21:50:22.409 | DEBUG | --new testCase collected, to generate: testCom.google.common.primitives.Booleans.ensureCapacity(boolean[], int, int)1
21:50:22.517 | DEBUG | --new testCase collected, to generate: testCom.google.common.primitives.Booleans.ensureCapacity(boolean[], int, int)2
21:50:22.525 | DEBUG | --new testCase collected, to generate: testCom.google.common.primitives.Booleans.ensureCapacity(boolean[], int, int)3
21:50:22.569 | DEBUG | --new testCase collected, to generate: testCom.google.common.primitives.Booleans.ensureCapacity(boolean[], int, int)4
21:50:22.725 | DEBUG | --new testCase collected, to generate: testCom.google.common.primitives.Booleans.ensureCapacity(boolean[], int, int)5
21:50:23.048 | DEBUG | --new testCase collected, to generate: testCom.google.common.primitives.Booleans.ensureCapacity(boolean[], int, int)6
21:50:23.055 | INFO  | Finished (in 0.650 sec): method com.google.common.primitives.Booleans.ensureCapacity(boolean[], int, int) 
<StatsForMethod> :
	#generatedTC=6
	WITH NO EXCEPTIONS
21:50:23.072 | DEBUG |  ... 
21:50:23.072 | INFO  | Started: method com.google.common.primitives.Booleans.reverse(boolean[])
21:50:23.073 | INFO  |  -- Remaining time budget: 89838 ms, #remaining_methods: 27, budget for method: 3327 ms, solver timeout: 1000 ms, budget for symbolic execution: 2127 ms, budget for concrete execution: 1200 ms,  -- 
21:50:23.082 | DEBUG | --new testCase collected, to generate: testCom.google.common.primitives.Booleans.reverse(boolean[])1
21:50:23.210 | DEBUG | --new testCase collected, to generate: testCom.google.common.primitives.Booleans.reverse(boolean[])2
21:50:23.720 | DEBUG | --new testCase collected, to generate: testCom.google.common.primitives.Booleans.reverse(boolean[])3
21:50:23.994 | DEBUG | --new testCase collected, to generate: testCom.google.common.primitives.Booleans.reverse(boolean[])4
21:50:24.233 | INFO  | Finished (in 1.161 sec): method com.google.common.primitives.Booleans.reverse(boolean[]) 
<StatsForMethod> :
	#generatedTC=4
	WITH NO EXCEPTIONS
21:50:24.270 | DEBUG |  ... 
21:50:24.271 | INFO  | Started: method com.google.common.primitives.Booleans.reverse(boolean[], int, int)
21:50:24.271 | INFO  |  -- Remaining time budget: 88640 ms, #remaining_methods: 26, budget for method: 3409 ms, solver timeout: 1000 ms, budget for symbolic execution: 2209 ms, budget for concrete execution: 1200 ms,  -- 
21:50:24.278 | DEBUG | --new testCase collected, to generate: testCom.google.common.primitives.Booleans.reverse(boolean[], int, int)1
21:50:24.406 | DEBUG | --new testCase collected, to generate: testCom.google.common.primitives.Booleans.reverse(boolean[], int, int)2
21:50:24.496 | DEBUG | --new testCase collected, to generate: testCom.google.common.primitives.Booleans.reverse(boolean[], int, int)3
21:50:24.664 | DEBUG | --new testCase collected, to generate: testCom.google.common.primitives.Booleans.reverse(boolean[], int, int)4
21:50:24.841 | DEBUG | --new testCase collected, to generate: testCom.google.common.primitives.Booleans.reverse(boolean[], int, int)5
21:50:24.856 | DEBUG | --new testCase collected, to generate: testCom.google.common.primitives.Booleans.reverse(boolean[], int, int)6
21:50:24.976 | DEBUG | --new testCase collected, to generate: testCom.google.common.primitives.Booleans.reverse(boolean[], int, int)7
21:50:24.977 | INFO  | Finished (in 0.706 sec): method com.google.common.primitives.Booleans.reverse(boolean[], int, int) 
<StatsForMethod> :
	#generatedTC=7
	WITH NO EXCEPTIONS
21:50:24.991 | DEBUG |  ... 
21:50:24.991 | INFO  | Started: method com.google.common.primitives.Booleans.<init>()
21:50:24.992 | INFO  |  -- Remaining time budget: 87919 ms, #remaining_methods: 25, budget for method: 3516 ms, solver timeout: 1000 ms, budget for symbolic execution: 2316 ms, budget for concrete execution: 1200 ms,  -- 
21:50:24.996 | DEBUG | --new testCase collected, to generate: testCom.google.common.primitives.Booleans.<init>()1
21:50:25.020 | DEBUG | --new testCase collected, to generate: testCom.google.common.primitives.Booleans.<init>()2
21:50:25.021 | INFO  | Finished (in 0.029 sec): method com.google.common.primitives.Booleans.<init>() 
<StatsForMethod> :
	#generatedTC=2
	WITH NO EXCEPTIONS
21:50:25.024 | DEBUG |  ... 
21:50:25.026 | INFO  | Started: method com.google.common.primitives.Booleans.BooleanArrayAsList.contains(Object)
21:50:25.026 | INFO  |  -- Remaining time budget: 87885 ms, #remaining_methods: 24, budget for method: 3661 ms, solver timeout: 1000 ms, budget for symbolic execution: 2461 ms, budget for concrete execution: 1200 ms,  -- 
21:50:25.033 | DEBUG | --new testCase collected, to generate: testCom.google.common.primitives.Booleans.BooleanArrayAsList.contains(Object)1
21:50:25.217 | DEBUG | --new testCase collected, to generate: testCom.google.common.primitives.Booleans.BooleanArrayAsList.contains(Object)2
21:50:25.297 | DEBUG | --new testCase collected, to generate: testCom.google.common.primitives.Booleans.BooleanArrayAsList.contains(Object)3
21:50:25.312 | DEBUG | --new testCase collected, to generate: testCom.google.common.primitives.Booleans.BooleanArrayAsList.contains(Object)4
21:50:25.312 | INFO  | Finished (in 0.286 sec): method com.google.common.primitives.Booleans.BooleanArrayAsList.contains(Object) 
<StatsForMethod> :
	#generatedTC=4
	WITH NO EXCEPTIONS
21:50:25.317 | DEBUG |  ... 
21:50:25.317 | INFO  | Started: method com.google.common.primitives.Booleans.BooleanArrayAsList.isEmpty()
21:50:25.317 | INFO  |  -- Remaining time budget: 87593 ms, #remaining_methods: 23, budget for method: 3808 ms, solver timeout: 1000 ms, budget for symbolic execution: 2608 ms, budget for concrete execution: 1200 ms,  -- 
21:50:25.320 | DEBUG | --new testCase collected, to generate: testCom.google.common.primitives.Booleans.BooleanArrayAsList.isEmpty()1
21:50:25.344 | DEBUG | --new testCase collected, to generate: testCom.google.common.primitives.Booleans.BooleanArrayAsList.isEmpty()2
21:50:25.344 | INFO  | Finished (in 0.027 sec): method com.google.common.primitives.Booleans.BooleanArrayAsList.isEmpty() 
<StatsForMethod> :
	#generatedTC=2
	WITH NO EXCEPTIONS
21:50:25.345 | DEBUG |  ... 
21:50:25.345 | INFO  | Started: method com.google.common.primitives.Booleans.BooleanArrayAsList.equals(Object)
21:50:25.346 | INFO  |  -- Remaining time budget: 87565 ms, #remaining_methods: 22, budget for method: 3980 ms, solver timeout: 1000 ms, budget for symbolic execution: 2780 ms, budget for concrete execution: 1200 ms,  -- 
21:50:25.349 | DEBUG | --new testCase collected, to generate: testCom.google.common.primitives.Booleans.BooleanArrayAsList.equals(Object)1
21:50:25.552 | DEBUG | --new testCase collected, to generate: testCom.google.common.primitives.Booleans.BooleanArrayAsList.equals(Object)2
21:50:25.880 | DEBUG | --new testCase collected, to generate: testCom.google.common.primitives.Booleans.BooleanArrayAsList.equals(Object)3
21:50:26.240 | DEBUG | --new testCase collected, to generate: testCom.google.common.primitives.Booleans.BooleanArrayAsList.equals(Object)4
21:50:26.325 | DEBUG | --new testCase collected, to generate: testCom.google.common.primitives.Booleans.BooleanArrayAsList.equals(Object)5
21:50:26.379 | DEBUG | --new testCase collected, to generate: testCom.google.common.primitives.Booleans.BooleanArrayAsList.equals(Object)6
21:50:26.399 | DEBUG | --new testCase collected, to generate: testCom.google.common.primitives.Booleans.BooleanArrayAsList.equals(Object)7
21:50:26.449 | DEBUG | --new testCase collected, to generate: testCom.google.common.primitives.Booleans.BooleanArrayAsList.equals(Object)8
21:50:26.497 | DEBUG | --new testCase collected, to generate: testCom.google.common.primitives.Booleans.BooleanArrayAsList.equals(Object)9
21:50:26.578 | DEBUG | --new testCase collected, to generate: testCom.google.common.primitives.Booleans.BooleanArrayAsList.equals(Object)10
21:50:26.600 | DEBUG | --new testCase collected, to generate: testCom.google.common.primitives.Booleans.BooleanArrayAsList.equals(Object)11
21:50:26.737 | DEBUG | --new testCase collected, to generate: testCom.google.common.primitives.Booleans.BooleanArrayAsList.equals(Object)12
21:50:27.630 | INFO  | Finished (in 2.284 sec): method com.google.common.primitives.Booleans.BooleanArrayAsList.equals(Object) 
<StatsForMethod> :
	#generatedTC=12
	WITH NO EXCEPTIONS
21:50:27.685 | DEBUG |  ... 
21:50:27.685 | INFO  | Started: method com.google.common.primitives.Booleans.BooleanArrayAsList.hashCode()
21:50:27.685 | INFO  |  -- Remaining time budget: 85225 ms, #remaining_methods: 21, budget for method: 4058 ms, solver timeout: 1000 ms, budget for symbolic execution: 2858 ms, budget for concrete execution: 1200 ms,  -- 
21:50:27.689 | DEBUG | --new testCase collected, to generate: testCom.google.common.primitives.Booleans.BooleanArrayAsList.hashCode()1
21:50:27.716 | DEBUG | --new testCase collected, to generate: testCom.google.common.primitives.Booleans.BooleanArrayAsList.hashCode()2
21:50:27.741 | DEBUG | --new testCase collected, to generate: testCom.google.common.primitives.Booleans.BooleanArrayAsList.hashCode()3
21:50:27.763 | DEBUG | --new testCase collected, to generate: testCom.google.common.primitives.Booleans.BooleanArrayAsList.hashCode()4
21:50:27.788 | DEBUG | --new testCase collected, to generate: testCom.google.common.primitives.Booleans.BooleanArrayAsList.hashCode()5
21:50:27.788 | INFO  | Finished (in 0.103 sec): method com.google.common.primitives.Booleans.BooleanArrayAsList.hashCode() 
<StatsForMethod> :
	#generatedTC=5
	WITH NO EXCEPTIONS
21:50:27.789 | DEBUG |  ... 
21:50:27.789 | INFO  | Started: method com.google.common.primitives.Booleans.BooleanArrayAsList.toString()
21:50:27.790 | INFO  |  -- Remaining time budget: 85121 ms, #remaining_methods: 20, budget for method: 4256 ms, solver timeout: 1000 ms, budget for symbolic execution: 3056 ms, budget for concrete execution: 1200 ms,  -- 
21:50:27.796 | DEBUG | --new testCase collected, to generate: testCom.google.common.primitives.Booleans.BooleanArrayAsList.toString()1
21:50:27.882 | DEBUG | --new testCase collected, to generate: testCom.google.common.primitives.Booleans.BooleanArrayAsList.toString()2
21:50:27.904 | DEBUG | --new testCase collected, to generate: testCom.google.common.primitives.Booleans.BooleanArrayAsList.toString()3
21:50:28.121 | DEBUG | --new testCase collected, to generate: testCom.google.common.primitives.Booleans.BooleanArrayAsList.toString()4
21:50:28.306 | DEBUG | --new testCase collected, to generate: testCom.google.common.primitives.Booleans.BooleanArrayAsList.toString()5
21:50:28.694 | DEBUG | --new testCase collected, to generate: testCom.google.common.primitives.Booleans.BooleanArrayAsList.toString()6
21:50:29.147 | DEBUG | --new testCase collected, to generate: testCom.google.common.primitives.Booleans.BooleanArrayAsList.toString()7
21:50:29.426 | DEBUG | --new testCase collected, to generate: testCom.google.common.primitives.Booleans.BooleanArrayAsList.toString()8
21:50:29.444 | INFO  | Finished (in 1.654 sec): method com.google.common.primitives.Booleans.BooleanArrayAsList.toString() 
<StatsForMethod> :
	#generatedTC=8
	WITH NO EXCEPTIONS
21:50:29.565 | DEBUG |  ... 
21:50:29.566 | INFO  | Started: method com.google.common.primitives.Booleans.BooleanArrayAsList.set(int, Boolean)
21:50:29.566 | INFO  |  -- Remaining time budget: 83344 ms, #remaining_methods: 19, budget for method: 4386 ms, solver timeout: 1000 ms, budget for symbolic execution: 3186 ms, budget for concrete execution: 1200 ms,  -- 
21:50:29.584 | ERROR | Symbolic execution FAILED
kotlin.reflect.jvm.internal.KotlinReflectionInternalError: Could not compute caller for function: private constructor Boolean() defined in kotlin.Boolean[DeserializedClassConstructorDescriptor@fbd53d3] (member = null)
	at kotlin.reflect.jvm.internal.KFunctionImpl$caller$2.invoke(KFunctionImpl.kt:89) ~[utbot-junit-contest-1.0.jar:?]
	at kotlin.reflect.jvm.internal.KFunctionImpl$caller$2.invoke(KFunctionImpl.kt:36) ~[utbot-junit-contest-1.0.jar:?]
	at kotlin.reflect.jvm.internal.ReflectProperties$LazyVal.invoke(ReflectProperties.java:62) ~[utbot-junit-contest-1.0.jar:?]
	at kotlin.reflect.jvm.internal.ReflectProperties$Val.getValue(ReflectProperties.java:31) ~[utbot-junit-contest-1.0.jar:?]
	at kotlin.reflect.jvm.internal.KFunctionImpl.getCaller(KFunctionImpl.kt) ~[utbot-junit-contest-1.0.jar:?]
	at kotlin.reflect.jvm.ReflectJvmMapping.getJavaMethod(ReflectJvmMapping.kt:63) ~[utbot-junit-contest-1.0.jar:?]
	at com.huawei.utbot.framework.plugin.api.util.IdUtilKt.getExecutableId(IdUtil.kt:394) ~[utbot-junit-contest-1.0.jar:?]
	at com.huawei.utbot.engine.UtBotSymbolicEngine.createSimpleModelByKClass(UtBotSymbolicEngine.kt:587) ~[utbot-junit-contest-1.0.jar:?]
	at com.huawei.utbot.engine.UtBotSymbolicEngine.createModelByClassId(UtBotSymbolicEngine.kt:569) ~[utbot-junit-contest-1.0.jar:?]
	at com.huawei.utbot.engine.UtBotSymbolicEngine.access$createModelByClassId(UtBotSymbolicEngine.kt:245) ~[utbot-junit-contest-1.0.jar:?]
	at com.huawei.utbot.engine.UtBotSymbolicEngine$fuzzing$1.invokeSuspend(UtBotSymbolicEngine.kt:502) [utbot-junit-contest-1.0.jar:?]
	at com.huawei.utbot.engine.UtBotSymbolicEngine$fuzzing$1.invoke(UtBotSymbolicEngine.kt) [utbot-junit-contest-1.0.jar:?]
	at kotlinx.coroutines.flow.SafeFlow.collectSafely(Builders.kt:61) [utbot-junit-contest-1.0.jar:?]
	at kotlinx.coroutines.flow.AbstractFlow.collect(Flow.kt:212) [utbot-junit-contest-1.0.jar:?]
	at kotlinx.coroutines.flow.FlowKt__MergeKt$flattenConcat$$inlined$unsafeFlow$1$lambda$1.emit(Collect.kt:134) [utbot-junit-contest-1.0.jar:?]
	at kotlinx.coroutines.flow.FlowKt__BuildersKt$flowOf$$inlined$unsafeFlow$1.collect(SafeCollector.common.kt:114) [utbot-junit-contest-1.0.jar:?]
	at kotlinx.coroutines.flow.FlowKt__MergeKt$flattenConcat$$inlined$unsafeFlow$1.collect(SafeCollector.common.kt:114) [utbot-junit-contest-1.0.jar:?]
	at com.huawei.utbot.contest.ContestKt$runGeneration$1$invokeSuspend$$inlined$bracket$lambda$1$1.invokeSuspend(Contest.kt:531) [utbot-junit-contest-1.0.jar:?]
	at kotlin.coroutines.jvm.internal.BaseContinuationImpl.resumeWith(ContinuationImpl.kt:33) [utbot-junit-contest-1.0.jar:?]
	at kotlinx.coroutines.DispatchedTask.run(DispatchedTask.kt:106) [utbot-junit-contest-1.0.jar:?]
	at java.util.concurrent.Executors$RunnableAdapter.call(Executors.java:511) [?:1.8.0_312]
	at java.util.concurrent.FutureTask.run(FutureTask.java:266) [?:1.8.0_312]
	at java.util.concurrent.ScheduledThreadPoolExecutor$ScheduledFutureTask.access$201(ScheduledThreadPoolExecutor.java:180) [?:1.8.0_312]
	at java.util.concurrent.ScheduledThreadPoolExecutor$ScheduledFutureTask.run(ScheduledThreadPoolExecutor.java:293) [?:1.8.0_312]
	at java.util.concurrent.ThreadPoolExecutor.runWorker(ThreadPoolExecutor.java:1149) [?:1.8.0_312]
	at java.util.concurrent.ThreadPoolExecutor$Worker.run(ThreadPoolExecutor.java:624) [?:1.8.0_312]
	at java.lang.Thread.run(Thread.java:748) [?:1.8.0_312]
21:50:29.632 | DEBUG | --new testCase collected, to generate: testCom.google.common.primitives.Booleans.BooleanArrayAsList.set(int, Boolean)1
21:50:29.653 | DEBUG | --new testCase collected, to generate: testCom.google.common.primitives.Booleans.BooleanArrayAsList.set(int, Boolean)2
21:50:29.810 | DEBUG | --new testCase collected, to generate: testCom.google.common.primitives.Booleans.BooleanArrayAsList.set(int, Boolean)3
21:50:29.848 | DEBUG | --new testCase collected, to generate: testCom.google.common.primitives.Booleans.BooleanArrayAsList.set(int, Boolean)4
21:50:29.984 | DEBUG | --new testCase collected, to generate: testCom.google.common.primitives.Booleans.BooleanArrayAsList.set(int, Boolean)5
21:50:29.984 | INFO  | Finished (in 0.418 sec): method com.google.common.primitives.Booleans.BooleanArrayAsList.set(int, Boolean) 
<StatsForMethod> :
	#generatedTC=5
	FAILED 1 time(s) with 1 different exception(s)"
21:50:29.995 | DEBUG |  ... 
21:50:29.996 | INFO  | Started: method com.google.common.primitives.Booleans.BooleanArrayAsList.subList(int, int)
21:50:29.996 | INFO  |  -- Remaining time budget: 82914 ms, #remaining_methods: 18, budget for method: 4606 ms, solver timeout: 1000 ms, budget for symbolic execution: 3406 ms, budget for concrete execution: 1200 ms,  -- 
21:50:30.000 | DEBUG | --new testCase collected, to generate: testCom.google.common.primitives.Booleans.BooleanArrayAsList.subList(int, int)1
21:50:30.112 | DEBUG | --new testCase collected, to generate: testCom.google.common.primitives.Booleans.BooleanArrayAsList.subList(int, int)2
21:50:30.248 | DEBUG | --new testCase collected, to generate: testCom.google.common.primitives.Booleans.BooleanArrayAsList.subList(int, int)3
21:50:30.248 | INFO  | Finished (in 0.252 sec): method com.google.common.primitives.Booleans.BooleanArrayAsList.subList(int, int) 
<StatsForMethod> :
	#generatedTC=3
	WITH NO EXCEPTIONS
21:50:30.269 | DEBUG |  ... 
21:50:30.269 | INFO  | Started: method com.google.common.primitives.Booleans.BooleanArrayAsList.get(int)
21:50:30.270 | INFO  |  -- Remaining time budget: 82641 ms, #remaining_methods: 17, budget for method: 4861 ms, solver timeout: 1000 ms, budget for symbolic execution: 3661 ms, budget for concrete execution: 1200 ms,  -- 
21:50:30.277 | DEBUG | --new testCase collected, to generate: testCom.google.common.primitives.Booleans.BooleanArrayAsList.get(int)1
21:50:30.324 | DEBUG | --new testCase collected, to generate: testCom.google.common.primitives.Booleans.BooleanArrayAsList.get(int)2
21:50:30.366 | DEBUG | --new testCase collected, to generate: testCom.google.common.primitives.Booleans.BooleanArrayAsList.get(int)3
21:50:30.374 | DEBUG | --new testCase collected, to generate: testCom.google.common.primitives.Booleans.BooleanArrayAsList.get(int)4
21:50:30.374 | INFO  | Finished (in 0.105 sec): method com.google.common.primitives.Booleans.BooleanArrayAsList.get(int) 
<StatsForMethod> :
	#generatedTC=4
	WITH NO EXCEPTIONS
21:50:30.381 | DEBUG |  ... 
21:50:30.381 | INFO  | Started: method com.google.common.primitives.Booleans.BooleanArrayAsList.indexOf(Object)
21:50:30.381 | INFO  |  -- Remaining time budget: 82529 ms, #remaining_methods: 16, budget for method: 5158 ms, solver timeout: 1000 ms, budget for symbolic execution: 3958 ms, budget for concrete execution: 1200 ms,  -- 
21:50:30.385 | DEBUG | --new testCase collected, to generate: testCom.google.common.primitives.Booleans.BooleanArrayAsList.indexOf(Object)1
21:50:30.560 | DEBUG | --new testCase collected, to generate: testCom.google.common.primitives.Booleans.BooleanArrayAsList.indexOf(Object)2
21:50:30.608 | DEBUG | --new testCase collected, to generate: testCom.google.common.primitives.Booleans.BooleanArrayAsList.indexOf(Object)3
21:50:30.653 | DEBUG | --new testCase collected, to generate: testCom.google.common.primitives.Booleans.BooleanArrayAsList.indexOf(Object)4
21:50:30.653 | INFO  | Finished (in 0.272 sec): method com.google.common.primitives.Booleans.BooleanArrayAsList.indexOf(Object) 
<StatsForMethod> :
	#generatedTC=4
	WITH NO EXCEPTIONS
21:50:30.657 | DEBUG |  ... 
21:50:30.658 | INFO  | Started: method com.google.common.primitives.Booleans.BooleanArrayAsList.lastIndexOf(Object)
21:50:30.658 | INFO  |  -- Remaining time budget: 82252 ms, #remaining_methods: 15, budget for method: 5483 ms, solver timeout: 1000 ms, budget for symbolic execution: 4283 ms, budget for concrete execution: 1200 ms,  -- 
21:50:30.661 | DEBUG | --new testCase collected, to generate: testCom.google.common.primitives.Booleans.BooleanArrayAsList.lastIndexOf(Object)1
21:50:30.836 | DEBUG | --new testCase collected, to generate: testCom.google.common.primitives.Booleans.BooleanArrayAsList.lastIndexOf(Object)2
21:50:30.884 | DEBUG | --new testCase collected, to generate: testCom.google.common.primitives.Booleans.BooleanArrayAsList.lastIndexOf(Object)3
21:50:30.928 | DEBUG | --new testCase collected, to generate: testCom.google.common.primitives.Booleans.BooleanArrayAsList.lastIndexOf(Object)4
21:50:30.928 | INFO  | Finished (in 0.270 sec): method com.google.common.primitives.Booleans.BooleanArrayAsList.lastIndexOf(Object) 
<StatsForMethod> :
	#generatedTC=4
	WITH NO EXCEPTIONS
21:50:30.932 | DEBUG |  ... 
21:50:30.932 | INFO  | Started: method com.google.common.primitives.Booleans.BooleanArrayAsList.toBooleanArray()
21:50:30.933 | INFO  |  -- Remaining time budget: 81978 ms, #remaining_methods: 14, budget for method: 5855 ms, solver timeout: 1000 ms, budget for symbolic execution: 4655 ms, budget for concrete execution: 1200 ms,  -- 
21:50:30.938 | DEBUG | --new testCase collected, to generate: testCom.google.common.primitives.Booleans.BooleanArrayAsList.toBooleanArray()1
21:50:31.115 | DEBUG | --new testCase collected, to generate: testCom.google.common.primitives.Booleans.BooleanArrayAsList.toBooleanArray()2
21:50:31.226 | DEBUG | --new testCase collected, to generate: testCom.google.common.primitives.Booleans.BooleanArrayAsList.toBooleanArray()3
21:50:31.229 | INFO  | Finished (in 0.296 sec): method com.google.common.primitives.Booleans.BooleanArrayAsList.toBooleanArray() 
<StatsForMethod> :
	#generatedTC=3
	WITH NO EXCEPTIONS
21:50:31.248 | DEBUG |  ... 
21:50:31.248 | INFO  | Started: method com.google.common.primitives.Booleans.BooleanArrayAsList.size()
21:50:31.248 | INFO  |  -- Remaining time budget: 81662 ms, #remaining_methods: 13, budget for method: 6281 ms, solver timeout: 1000 ms, budget for symbolic execution: 5081 ms, budget for concrete execution: 1200 ms,  -- 
21:50:31.252 | DEBUG | --new testCase collected, to generate: testCom.google.common.primitives.Booleans.BooleanArrayAsList.size()1
21:50:31.277 | DEBUG | --new testCase collected, to generate: testCom.google.common.primitives.Booleans.BooleanArrayAsList.size()2
21:50:31.277 | INFO  | Finished (in 0.029 sec): method com.google.common.primitives.Booleans.BooleanArrayAsList.size() 
<StatsForMethod> :
	#generatedTC=2
	WITH NO EXCEPTIONS
21:50:31.278 | DEBUG |  ... 
21:50:31.278 | INFO  | Started: method com.google.common.primitives.Booleans.BooleanArrayAsList.<init>(boolean[])
21:50:31.278 | INFO  |  -- Remaining time budget: 81632 ms, #remaining_methods: 12, budget for method: 6802 ms, solver timeout: 1000 ms, budget for symbolic execution: 5602 ms, budget for concrete execution: 1200 ms,  -- 
21:50:31.282 | DEBUG | --new testCase collected, to generate: testCom.google.common.primitives.Booleans.BooleanArrayAsList.<init>(boolean[])1
21:50:31.307 | DEBUG | --new testCase collected, to generate: testCom.google.common.primitives.Booleans.BooleanArrayAsList.<init>(boolean[])2
21:50:31.372 | DEBUG | --new testCase collected, to generate: testCom.google.common.primitives.Booleans.BooleanArrayAsList.<init>(boolean[])3
21:50:31.372 | INFO  | Finished (in 0.094 sec): method com.google.common.primitives.Booleans.BooleanArrayAsList.<init>(boolean[]) 
<StatsForMethod> :
	#generatedTC=3
	WITH NO EXCEPTIONS
21:50:31.378 | DEBUG |  ... 
21:50:31.379 | INFO  | Started: method com.google.common.primitives.Booleans.BooleanArrayAsList.<init>(boolean[], int, int)
21:50:31.379 | INFO  |  -- Remaining time budget: 81532 ms, #remaining_methods: 11, budget for method: 7412 ms, solver timeout: 1000 ms, budget for symbolic execution: 6212 ms, budget for concrete execution: 1200 ms,  -- 
21:50:31.383 | DEBUG | --new testCase collected, to generate: testCom.google.common.primitives.Booleans.BooleanArrayAsList.<init>(boolean[], int, int)1
21:50:31.427 | DEBUG | --new testCase collected, to generate: testCom.google.common.primitives.Booleans.BooleanArrayAsList.<init>(boolean[], int, int)2
21:50:31.428 | INFO  | Finished (in 0.049 sec): method com.google.common.primitives.Booleans.BooleanArrayAsList.<init>(boolean[], int, int) 
<StatsForMethod> :
	#generatedTC=2
	WITH NO EXCEPTIONS
21:50:31.431 | DEBUG |  ... 
21:50:31.432 | INFO  | Started: method com.google.common.primitives.Booleans.LexicographicalComparator.toString()
21:50:31.432 | INFO  |  -- Remaining time budget: 81479 ms, #remaining_methods: 10, budget for method: 8147 ms, solver timeout: 1000 ms, budget for symbolic execution: 6947 ms, budget for concrete execution: 1200 ms,  -- 
21:50:31.439 | ERROR | Symbolic execution FAILED
com.huawei.utbot.instrumentation.util.ChildProcessError: Error in the child process |> java.lang.IllegalAccessException: Class com.huawei.utbot.framework.concrete.MockValueConstructor can not access a member of class com.google.common.primitives.Booleans$LexicographicalComparator with modifiers "private"
	at sun.reflect.Reflection.ensureMemberAccess(Reflection.java:102)
	at java.lang.reflect.AccessibleObject.slowCheckMemberAccess(AccessibleObject.java:296)
	at java.lang.reflect.AccessibleObject.checkAccess(AccessibleObject.java:288)
	at java.lang.reflect.Constructor.newInstance(Constructor.java:413)
	at com.huawei.utbot.framework.concrete.MockValueConstructor.call(MockValueConstructor.kt:414)
	at com.huawei.utbot.framework.concrete.MockValueConstructor.updateWithExecutableCallModel(MockValueConstructor.kt:353)
	at com.huawei.utbot.framework.concrete.MockValueConstructor.constructFromAssembleModel(MockValueConstructor.kt:332)
	at com.huawei.utbot.framework.concrete.MockValueConstructor.construct(MockValueConstructor.kt:126)
	at com.huawei.utbot.framework.concrete.MockValueConstructor.constructMethodParameters(MockValueConstructor.kt:101)
	at com.huawei.utbot.framework.concrete.UtExecutionInstrumentation.invoke(UtExecutionInstrumentation.kt:126)
	at com.huawei.utbot.framework.concrete.UtExecutionInstrumentation.invoke(UtExecutionInstrumentation.kt:96)
	at com.huawei.utbot.instrumentation.process.ChildProcessKt.loop(ChildProcess.kt:114)
	at com.huawei.utbot.instrumentation.process.ChildProcessKt.main(ChildProcess.kt:76)
	at com.huawei.utbot.instrumentation.process.ChildProcessKt.main(ChildProcess.kt)

	at com.huawei.utbot.instrumentation.ConcreteExecutor.executeAsync(ConcreteExecutor.kt:391) ~[utbot-junit-contest-1.0.jar:?]
	at com.huawei.utbot.instrumentation.ConcreteExecutor$executeAsync$1.invokeSuspend(ConcreteExecutor.kt) ~[utbot-junit-contest-1.0.jar:?]
	at kotlin.coroutines.jvm.internal.BaseContinuationImpl.resumeWith(ContinuationImpl.kt:33) [utbot-junit-contest-1.0.jar:?]
	at kotlinx.coroutines.DispatchedTask.run(DispatchedTask.kt:106) [utbot-junit-contest-1.0.jar:?]
	at java.util.concurrent.Executors$RunnableAdapter.call(Executors.java:511) [?:1.8.0_312]
	at java.util.concurrent.FutureTask.run(FutureTask.java:266) [?:1.8.0_312]
	at java.util.concurrent.ScheduledThreadPoolExecutor$ScheduledFutureTask.access$201(ScheduledThreadPoolExecutor.java:180) [?:1.8.0_312]
	at java.util.concurrent.ScheduledThreadPoolExecutor$ScheduledFutureTask.run(ScheduledThreadPoolExecutor.java:293) [?:1.8.0_312]
	at java.util.concurrent.ThreadPoolExecutor.runWorker(ThreadPoolExecutor.java:1149) [?:1.8.0_312]
	at java.util.concurrent.ThreadPoolExecutor$Worker.run(ThreadPoolExecutor.java:624) [?:1.8.0_312]
	at java.lang.Thread.run(Thread.java:748) [?:1.8.0_312]
21:50:31.467 | DEBUG | --new testCase collected, to generate: testCom.google.common.primitives.Booleans.LexicographicalComparator.toString()1
21:50:31.467 | INFO  | Finished (in 0.035 sec): method com.google.common.primitives.Booleans.LexicographicalComparator.toString() 
<StatsForMethod> :
	#generatedTC=1
	FAILED 1 time(s) with 1 different exception(s)"
21:50:31.469 | DEBUG |  ... 
21:50:31.469 | INFO  | Started: method com.google.common.primitives.Booleans.LexicographicalComparator.compare(boolean[], boolean[])
21:50:31.469 | INFO  |  -- Remaining time budget: 81441 ms, #remaining_methods: 9, budget for method: 9049 ms, solver timeout: 1000 ms, budget for symbolic execution: 7849 ms, budget for concrete execution: 1200 ms,  -- 
21:50:31.473 | ERROR | Symbolic execution FAILED
com.huawei.utbot.instrumentation.util.ChildProcessError: Error in the child process |> java.lang.IllegalAccessException: Class com.huawei.utbot.framework.concrete.MockValueConstructor can not access a member of class com.google.common.primitives.Booleans$LexicographicalComparator with modifiers "private"
	at sun.reflect.Reflection.ensureMemberAccess(Reflection.java:102)
	at java.lang.reflect.AccessibleObject.slowCheckMemberAccess(AccessibleObject.java:296)
	at java.lang.reflect.AccessibleObject.checkAccess(AccessibleObject.java:288)
	at java.lang.reflect.Constructor.newInstance(Constructor.java:413)
	at com.huawei.utbot.framework.concrete.MockValueConstructor.call(MockValueConstructor.kt:414)
	at com.huawei.utbot.framework.concrete.MockValueConstructor.updateWithExecutableCallModel(MockValueConstructor.kt:353)
	at com.huawei.utbot.framework.concrete.MockValueConstructor.constructFromAssembleModel(MockValueConstructor.kt:332)
	at com.huawei.utbot.framework.concrete.MockValueConstructor.construct(MockValueConstructor.kt:126)
	at com.huawei.utbot.framework.concrete.MockValueConstructor.constructMethodParameters(MockValueConstructor.kt:101)
	at com.huawei.utbot.framework.concrete.UtExecutionInstrumentation.invoke(UtExecutionInstrumentation.kt:126)
	at com.huawei.utbot.framework.concrete.UtExecutionInstrumentation.invoke(UtExecutionInstrumentation.kt:96)
	at com.huawei.utbot.instrumentation.process.ChildProcessKt.loop(ChildProcess.kt:114)
	at com.huawei.utbot.instrumentation.process.ChildProcessKt.main(ChildProcess.kt:76)
	at com.huawei.utbot.instrumentation.process.ChildProcessKt.main(ChildProcess.kt)

	at com.huawei.utbot.instrumentation.ConcreteExecutor.executeAsync(ConcreteExecutor.kt:391) ~[utbot-junit-contest-1.0.jar:?]
	at com.huawei.utbot.instrumentation.ConcreteExecutor$executeAsync$1.invokeSuspend(ConcreteExecutor.kt) ~[utbot-junit-contest-1.0.jar:?]
	at kotlin.coroutines.jvm.internal.BaseContinuationImpl.resumeWith(ContinuationImpl.kt:33) [utbot-junit-contest-1.0.jar:?]
	at kotlinx.coroutines.DispatchedTask.run(DispatchedTask.kt:106) [utbot-junit-contest-1.0.jar:?]
	at java.util.concurrent.Executors$RunnableAdapter.call(Executors.java:511) [?:1.8.0_312]
	at java.util.concurrent.FutureTask.run(FutureTask.java:266) [?:1.8.0_312]
	at java.util.concurrent.ScheduledThreadPoolExecutor$ScheduledFutureTask.access$201(ScheduledThreadPoolExecutor.java:180) [?:1.8.0_312]
	at java.util.concurrent.ScheduledThreadPoolExecutor$ScheduledFutureTask.run(ScheduledThreadPoolExecutor.java:293) [?:1.8.0_312]
	at java.util.concurrent.ThreadPoolExecutor.runWorker(ThreadPoolExecutor.java:1149) [?:1.8.0_312]
	at java.util.concurrent.ThreadPoolExecutor$Worker.run(ThreadPoolExecutor.java:624) [?:1.8.0_312]
	at java.lang.Thread.run(Thread.java:748) [?:1.8.0_312]
21:50:31.500 | DEBUG | --new testCase collected, to generate: testCom.google.common.primitives.Booleans.LexicographicalComparator.compare(boolean[], boolean[])1
21:50:31.521 | DEBUG | --new testCase collected, to generate: testCom.google.common.primitives.Booleans.LexicographicalComparator.compare(boolean[], boolean[])2
21:50:31.616 | DEBUG | --new testCase collected, to generate: testCom.google.common.primitives.Booleans.LexicographicalComparator.compare(boolean[], boolean[])3
21:50:31.622 | DEBUG | --new testCase collected, to generate: testCom.google.common.primitives.Booleans.LexicographicalComparator.compare(boolean[], boolean[])4
21:50:31.665 | DEBUG | --new testCase collected, to generate: testCom.google.common.primitives.Booleans.LexicographicalComparator.compare(boolean[], boolean[])5
21:50:31.670 | INFO  | Finished (in 0.199 sec): method com.google.common.primitives.Booleans.LexicographicalComparator.compare(boolean[], boolean[]) 
<StatsForMethod> :
	#generatedTC=5
	FAILED 1 time(s) with 1 different exception(s)"
21:50:31.681 | DEBUG |  ... 
21:50:31.682 | INFO  | Started: method com.google.common.primitives.Booleans.LexicographicalComparator.valueOf(String)
21:50:31.682 | INFO  |  -- Remaining time budget: 81228 ms, #remaining_methods: 8, budget for method: 10153 ms, solver timeout: 1000 ms, budget for symbolic execution: 8953 ms, budget for concrete execution: 1200 ms,  -- 
21:50:31.691 | DEBUG | --new testCase collected, to generate: testCom.google.common.primitives.Booleans.LexicographicalComparator.valueOf(String)1
21:50:34.223 | DEBUG | --new testCase collected, to generate: testCom.google.common.primitives.Booleans.LexicographicalComparator.valueOf(String)2
21:50:39.493 | DEBUG | --new testCase collected, to generate: testCom.google.common.primitives.Booleans.LexicographicalComparator.valueOf(String)3
21:50:40.636 | INFO  | |> Starting concrete execution for remaining state: com.google.common.primitives.Booleans.LexicographicalComparator.valueOf(String)
21:50:41.575 | DEBUG | --new testCase collected, to generate: testCom.google.common.primitives.Booleans.LexicographicalComparator.valueOf(String)4
21:50:41.836 | INFO  | (X) Cancelling concrete execution: com.google.common.primitives.Booleans.LexicographicalComparator.valueOf(String)
21:50:42.447 | INFO  | Finished (in 10.764 sec): method com.google.common.primitives.Booleans.LexicographicalComparator.valueOf(String) 
<StatsForMethod> :
	#generatedTC=4
	WITH NO EXCEPTIONS
21:50:42.776 | DEBUG |  ... 
21:50:42.776 | INFO  | Started: method com.google.common.primitives.Booleans.LexicographicalComparator.values()
21:50:42.776 | INFO  |  -- Remaining time budget: 70134 ms, #remaining_methods: 7, budget for method: 10019 ms, solver timeout: 1000 ms, budget for symbolic execution: 8819 ms, budget for concrete execution: 1200 ms,  -- 
21:50:42.779 | DEBUG | --new testCase collected, to generate: testCom.google.common.primitives.Booleans.LexicographicalComparator.values()1
21:50:42.914 | DEBUG | --new testCase collected, to generate: testCom.google.common.primitives.Booleans.LexicographicalComparator.values()2
21:50:42.914 | INFO  | Finished (in 0.138 sec): method com.google.common.primitives.Booleans.LexicographicalComparator.values() 
<StatsForMethod> :
	#generatedTC=2
	WITH NO EXCEPTIONS
21:50:42.929 | DEBUG |  ... 
21:50:42.930 | INFO  | Started: method com.google.common.primitives.Booleans.LexicographicalComparator.<init>()
21:50:42.930 | INFO  |  -- Remaining time budget: 69980 ms, #remaining_methods: 6, budget for method: 11663 ms, solver timeout: 1000 ms, budget for symbolic execution: 10463 ms, budget for concrete execution: 1200 ms,  -- 
21:50:42.933 | ERROR | Symbolic execution FAILED
com.huawei.utbot.instrumentation.util.ChildProcessError: Error in the child process |> java.lang.IllegalArgumentException: Cannot reflectively create enum objects
	at java.lang.reflect.Constructor.newInstance(Constructor.java:417)
	at com.huawei.utbot.instrumentation.instrumentation.InvokeInstrumentation$invoke$$inlined$run$lambda$2.invoke(InvokeInstrumentation.kt:70)
	at com.huawei.utbot.common.ThreadBasedExecutor$invokeWithTimeout$1.invoke(ThreadUtil.kt:43)
	at com.huawei.utbot.common.ThreadBasedExecutor$invokeWithTimeout$1.invoke(ThreadUtil.kt:22)
	at kotlin.concurrent.ThreadsKt$thread$thread$1.run(Thread.kt:30)

	at com.huawei.utbot.instrumentation.ConcreteExecutor.executeAsync(ConcreteExecutor.kt:391) ~[utbot-junit-contest-1.0.jar:?]
	at com.huawei.utbot.instrumentation.ConcreteExecutor$executeAsync$1.invokeSuspend(ConcreteExecutor.kt) ~[utbot-junit-contest-1.0.jar:?]
	at kotlin.coroutines.jvm.internal.BaseContinuationImpl.resumeWith(ContinuationImpl.kt:33) [utbot-junit-contest-1.0.jar:?]
	at kotlinx.coroutines.DispatchedTask.run(DispatchedTask.kt:106) [utbot-junit-contest-1.0.jar:?]
	at java.util.concurrent.Executors$RunnableAdapter.call(Executors.java:511) [?:1.8.0_312]
	at java.util.concurrent.FutureTask.run(FutureTask.java:266) [?:1.8.0_312]
	at java.util.concurrent.ScheduledThreadPoolExecutor$ScheduledFutureTask.access$201(ScheduledThreadPoolExecutor.java:180) [?:1.8.0_312]
	at java.util.concurrent.ScheduledThreadPoolExecutor$ScheduledFutureTask.run(ScheduledThreadPoolExecutor.java:293) [?:1.8.0_312]
	at java.util.concurrent.ThreadPoolExecutor.runWorker(ThreadPoolExecutor.java:1149) [?:1.8.0_312]
	at java.util.concurrent.ThreadPoolExecutor$Worker.run(ThreadPoolExecutor.java:624) [?:1.8.0_312]
	at java.lang.Thread.run(Thread.java:748) [?:1.8.0_312]
21:50:42.995 | DEBUG | --new testCase collected, to generate: testCom.google.common.primitives.Booleans.LexicographicalComparator.<init>()1
21:50:42.996 | INFO  | Finished (in 0.066 sec): method com.google.common.primitives.Booleans.LexicographicalComparator.<init>() 
<StatsForMethod> :
	#generatedTC=1
	FAILED 1 time(s) with 1 different exception(s)"
21:50:43.002 | DEBUG |  ... 
21:50:43.002 | INFO  | Started: method com.google.common.primitives.Booleans.BooleanComparator.toString()
21:50:43.002 | INFO  |  -- Remaining time budget: 69908 ms, #remaining_methods: 5, budget for method: 13981 ms, solver timeout: 1000 ms, budget for symbolic execution: 12781 ms, budget for concrete execution: 1200 ms,  -- 
21:50:43.005 | DEBUG | --new testCase collected, to generate: testCom.google.common.primitives.Booleans.BooleanComparator.toString()1
21:50:43.031 | DEBUG | --new testCase collected, to generate: testCom.google.common.primitives.Booleans.BooleanComparator.toString()2
21:50:43.031 | INFO  | Finished (in 0.028 sec): method com.google.common.primitives.Booleans.BooleanComparator.toString() 
<StatsForMethod> :
	#generatedTC=2
	WITH NO EXCEPTIONS
21:50:43.032 | DEBUG |  ... 
21:50:43.032 | INFO  | Started: method com.google.common.primitives.Booleans.BooleanComparator.compare(Boolean, Boolean)
21:50:43.032 | INFO  |  -- Remaining time budget: 69878 ms, #remaining_methods: 4, budget for method: 17469 ms, solver timeout: 1000 ms, budget for symbolic execution: 16269 ms, budget for concrete execution: 1200 ms,  -- 
21:50:43.033 | ERROR | Symbolic execution FAILED
kotlin.reflect.jvm.internal.KotlinReflectionInternalError: Could not compute caller for function: private constructor Boolean() defined in kotlin.Boolean[DeserializedClassConstructorDescriptor@fbd53d3] (member = null)
	at kotlin.reflect.jvm.internal.KFunctionImpl$caller$2.invoke(KFunctionImpl.kt:89) ~[utbot-junit-contest-1.0.jar:?]
	at kotlin.reflect.jvm.internal.KFunctionImpl$caller$2.invoke(KFunctionImpl.kt:36) ~[utbot-junit-contest-1.0.jar:?]
	at kotlin.reflect.jvm.internal.ReflectProperties$LazyVal.invoke(ReflectProperties.java:62) ~[utbot-junit-contest-1.0.jar:?]
	at kotlin.reflect.jvm.internal.ReflectProperties$Val.getValue(ReflectProperties.java:31) ~[utbot-junit-contest-1.0.jar:?]
	at kotlin.reflect.jvm.internal.KFunctionImpl.getCaller(KFunctionImpl.kt) ~[utbot-junit-contest-1.0.jar:?]
	at kotlin.reflect.jvm.ReflectJvmMapping.getJavaMethod(ReflectJvmMapping.kt:63) ~[utbot-junit-contest-1.0.jar:?]
	at com.huawei.utbot.framework.plugin.api.util.IdUtilKt.getExecutableId(IdUtil.kt:394) ~[utbot-junit-contest-1.0.jar:?]
	at com.huawei.utbot.engine.UtBotSymbolicEngine.createSimpleModelByKClass(UtBotSymbolicEngine.kt:587) ~[utbot-junit-contest-1.0.jar:?]
	at com.huawei.utbot.engine.UtBotSymbolicEngine.createModelByClassId(UtBotSymbolicEngine.kt:569) ~[utbot-junit-contest-1.0.jar:?]
	at com.huawei.utbot.engine.UtBotSymbolicEngine.access$createModelByClassId(UtBotSymbolicEngine.kt:245) ~[utbot-junit-contest-1.0.jar:?]
	at com.huawei.utbot.engine.UtBotSymbolicEngine$fuzzing$1.invokeSuspend(UtBotSymbolicEngine.kt:502) [utbot-junit-contest-1.0.jar:?]
	at com.huawei.utbot.engine.UtBotSymbolicEngine$fuzzing$1.invoke(UtBotSymbolicEngine.kt) [utbot-junit-contest-1.0.jar:?]
	at kotlinx.coroutines.flow.SafeFlow.collectSafely(Builders.kt:61) [utbot-junit-contest-1.0.jar:?]
	at kotlinx.coroutines.flow.AbstractFlow.collect(Flow.kt:212) [utbot-junit-contest-1.0.jar:?]
	at kotlinx.coroutines.flow.FlowKt__MergeKt$flattenConcat$$inlined$unsafeFlow$1$lambda$1.emit(Collect.kt:134) [utbot-junit-contest-1.0.jar:?]
	at kotlinx.coroutines.flow.FlowKt__BuildersKt$flowOf$$inlined$unsafeFlow$1.collect(SafeCollector.common.kt:114) [utbot-junit-contest-1.0.jar:?]
	at kotlinx.coroutines.flow.FlowKt__MergeKt$flattenConcat$$inlined$unsafeFlow$1.collect(SafeCollector.common.kt:114) [utbot-junit-contest-1.0.jar:?]
	at com.huawei.utbot.contest.ContestKt$runGeneration$1$invokeSuspend$$inlined$bracket$lambda$1$1.invokeSuspend(Contest.kt:531) [utbot-junit-contest-1.0.jar:?]
	at kotlin.coroutines.jvm.internal.BaseContinuationImpl.resumeWith(ContinuationImpl.kt:33) [utbot-junit-contest-1.0.jar:?]
	at kotlinx.coroutines.DispatchedTask.run(DispatchedTask.kt:106) [utbot-junit-contest-1.0.jar:?]
	at java.util.concurrent.Executors$RunnableAdapter.call(Executors.java:511) [?:1.8.0_312]
	at java.util.concurrent.FutureTask.run(FutureTask.java:266) [?:1.8.0_312]
	at java.util.concurrent.ScheduledThreadPoolExecutor$ScheduledFutureTask.access$201(ScheduledThreadPoolExecutor.java:180) [?:1.8.0_312]
	at java.util.concurrent.ScheduledThreadPoolExecutor$ScheduledFutureTask.run(ScheduledThreadPoolExecutor.java:293) [?:1.8.0_312]
	at java.util.concurrent.ThreadPoolExecutor.runWorker(ThreadPoolExecutor.java:1149) [?:1.8.0_312]
	at java.util.concurrent.ThreadPoolExecutor$Worker.run(ThreadPoolExecutor.java:624) [?:1.8.0_312]
	at java.lang.Thread.run(Thread.java:748) [?:1.8.0_312]
21:50:43.077 | DEBUG | --new testCase collected, to generate: testCom.google.common.primitives.Booleans.BooleanComparator.compare(Boolean, Boolean)1
21:50:43.099 | DEBUG | --new testCase collected, to generate: testCom.google.common.primitives.Booleans.BooleanComparator.compare(Boolean, Boolean)2
21:50:43.103 | DEBUG | --new testCase collected, to generate: testCom.google.common.primitives.Booleans.BooleanComparator.compare(Boolean, Boolean)3
21:50:43.157 | DEBUG | --new testCase collected, to generate: testCom.google.common.primitives.Booleans.BooleanComparator.compare(Boolean, Boolean)4
21:50:43.159 | DEBUG | --new testCase collected, to generate: testCom.google.common.primitives.Booleans.BooleanComparator.compare(Boolean, Boolean)5
21:50:43.162 | INFO  | Finished (in 0.130 sec): method com.google.common.primitives.Booleans.BooleanComparator.compare(Boolean, Boolean) 
<StatsForMethod> :
	#generatedTC=5
	FAILED 1 time(s) with 1 different exception(s)"
21:50:43.168 | DEBUG |  ... 
21:50:43.169 | INFO  | Started: method com.google.common.primitives.Booleans.BooleanComparator.valueOf(String)
21:50:43.169 | INFO  |  -- Remaining time budget: 69741 ms, #remaining_methods: 3, budget for method: 23247 ms, solver timeout: 1000 ms, budget for symbolic execution: 22047 ms, budget for concrete execution: 1200 ms,  -- 
21:50:43.172 | DEBUG | --new testCase collected, to generate: testCom.google.common.primitives.Booleans.BooleanComparator.valueOf(String)1
21:50:45.632 | DEBUG | --new testCase collected, to generate: testCom.google.common.primitives.Booleans.BooleanComparator.valueOf(String)2
21:50:50.672 | DEBUG | --new testCase collected, to generate: testCom.google.common.primitives.Booleans.BooleanComparator.valueOf(String)3
21:50:52.438 | DEBUG | --new testCase collected, to generate: testCom.google.common.primitives.Booleans.BooleanComparator.valueOf(String)4
21:51:05.216 | INFO  | |> Starting concrete execution for remaining state: com.google.common.primitives.Booleans.BooleanComparator.valueOf(String)
21:51:06.417 | INFO  | (X) Cancelling concrete execution: com.google.common.primitives.Booleans.BooleanComparator.valueOf(String)
21:51:07.086 | INFO  | Finished (in 23.917 sec): method com.google.common.primitives.Booleans.BooleanComparator.valueOf(String) 
<StatsForMethod> :
	#generatedTC=4
	WITH NO EXCEPTIONS
21:51:07.690 | DEBUG |  ... 
21:51:07.691 | INFO  | Started: method com.google.common.primitives.Booleans.BooleanComparator.values()
21:51:07.691 | INFO  |  -- Remaining time budget: 45219 ms, #remaining_methods: 2, budget for method: 22609 ms, solver timeout: 1000 ms, budget for symbolic execution: 21409 ms, budget for concrete execution: 1200 ms,  -- 
21:51:07.694 | DEBUG | --new testCase collected, to generate: testCom.google.common.primitives.Booleans.BooleanComparator.values()1
21:51:07.892 | DEBUG | --new testCase collected, to generate: testCom.google.common.primitives.Booleans.BooleanComparator.values()2
21:51:07.909 | INFO  | Finished (in 0.218 sec): method com.google.common.primitives.Booleans.BooleanComparator.values() 
<StatsForMethod> :
	#generatedTC=2
	WITH NO EXCEPTIONS
21:51:07.932 | DEBUG |  ... 
21:51:07.933 | INFO  | Started: method com.google.common.primitives.Booleans.BooleanComparator.<init>(int, String)
21:51:07.933 | INFO  |  -- Remaining time budget: 44978 ms, #remaining_methods: 1, budget for method: 44978 ms, solver timeout: 1000 ms, budget for symbolic execution: 43778 ms, budget for concrete execution: 1200 ms,  -- 
21:51:07.938 | ERROR | Symbolic execution FAILED
com.huawei.utbot.instrumentation.util.ChildProcessError: Error in the child process |> java.lang.IllegalArgumentException: Cannot reflectively create enum objects
	at java.lang.reflect.Constructor.newInstance(Constructor.java:417)
	at com.huawei.utbot.instrumentation.instrumentation.InvokeInstrumentation$invoke$$inlined$run$lambda$2.invoke(InvokeInstrumentation.kt:70)
	at com.huawei.utbot.common.ThreadBasedExecutor$invokeWithTimeout$1.invoke(ThreadUtil.kt:43)
	at com.huawei.utbot.common.ThreadBasedExecutor$invokeWithTimeout$1.invoke(ThreadUtil.kt:22)
	at kotlin.concurrent.ThreadsKt$thread$thread$1.run(Thread.kt:30)

	at com.huawei.utbot.instrumentation.ConcreteExecutor.executeAsync(ConcreteExecutor.kt:391) ~[utbot-junit-contest-1.0.jar:?]
	at com.huawei.utbot.instrumentation.ConcreteExecutor$executeAsync$1.invokeSuspend(ConcreteExecutor.kt) ~[utbot-junit-contest-1.0.jar:?]
	at kotlin.coroutines.jvm.internal.BaseContinuationImpl.resumeWith(ContinuationImpl.kt:33) [utbot-junit-contest-1.0.jar:?]
	at kotlinx.coroutines.DispatchedTask.run(DispatchedTask.kt:106) [utbot-junit-contest-1.0.jar:?]
	at java.util.concurrent.Executors$RunnableAdapter.call(Executors.java:511) [?:1.8.0_312]
	at java.util.concurrent.FutureTask.run(FutureTask.java:266) [?:1.8.0_312]
	at java.util.concurrent.ScheduledThreadPoolExecutor$ScheduledFutureTask.access$201(ScheduledThreadPoolExecutor.java:180) [?:1.8.0_312]
	at java.util.concurrent.ScheduledThreadPoolExecutor$ScheduledFutureTask.run(ScheduledThreadPoolExecutor.java:293) [?:1.8.0_312]
	at java.util.concurrent.ThreadPoolExecutor.runWorker(ThreadPoolExecutor.java:1149) [?:1.8.0_312]
	at java.util.concurrent.ThreadPoolExecutor$Worker.run(ThreadPoolExecutor.java:624) [?:1.8.0_312]
	at java.lang.Thread.run(Thread.java:748) [?:1.8.0_312]
21:51:08.000 | DEBUG | --new testCase collected, to generate: testCom.google.common.primitives.Booleans.BooleanComparator.<init>(int, String)1
21:51:08.000 | INFO  | Finished (in 0.068 sec): method com.google.common.primitives.Booleans.BooleanComparator.<init>(int, String) 
<StatsForMethod> :
	#generatedTC=1
	FAILED 1 time(s) with 1 different exception(s)"
21:51:08.010 | INFO  | Started: Flushing tests for [Booleans] on disk
21:51:08.576 | INFO  | File size for BooleansTest: 146 KB
21:51:08.578 | INFO  | Finished (in 0.567 sec): Flushing tests for [Booleans] on disk 
21:51:08.579 | INFO  | Finished (in 57.644 sec): class com.google.common.primitives.Booleans 
<StatsForClass> :
	canceled by timeout = false
	#methods = 44, 
	#methods started symbolic exploration = 44
	#methods with at least one TC = 44
	#methods with exceptions = 6
	#generated TC = 175
	#coverage = null
[READY]
