Started UtBot Contest, classfileDir = /var/benchmarks/projects/seata/core/target/classes, classpathString=/var/benchmarks/projects/seata/core/target/classes:/var/benchmarks/projects/seata/core/target/seata-core-0.5.0.jar:/var/benchmarks/projects/./seata/core/target/dependency/mockito-core-2.23.4.jar:/var/benchmarks/projects/seata/core/target/dependency/byte-buddy-agent-1.9.3.jar:/var/benchmarks/projects/seata/core/target/dependency/assertj-core-2.6.0.jar:/var/benchmarks/projects/seata/core/target/dependency/seata-common-0.5.0.jar:/var/benchmarks/projects/seata/core/target/dependency/byte-buddy-1.9.3.jar:/var/benchmarks/projects/seata/core/target/dependency/objenesis-2.6.jar:/var/benchmarks/projects/seata/core/target/dependency/seata-discovery-core-0.5.0.jar:/var/benchmarks/projects/seata/core/target/dependency/commons-pool2-2.4.2.jar:/var/benchmarks/projects/seata/core/target/dependency/junit-4.12.jar:/var/benchmarks/projects/seata/core/target/dependency/hamcrest-core-1.3.jar:/var/benchmarks/projects/seata/core/target/dependency/slf4j-api-1.7.22.jar:/var/benchmarks/projects/seata/core/target/dependency/seata-config-core-0.5.0.jar:/var/benchmarks/projects/seata/core/target/dependency/netty-all-4.1.24.Final.jar:/var/benchmarks/projects/seata/core/target/dependency/commons-lang-2.6.jar:/var/benchmarks/projects/seata/core/target/dependency/fastjson-1.2.48.jar:/var/benchmarks/projects/seata/core/target/dependency/config-1.2.1.jar:/var/benchmarks/projects/seata/core/target/dependency/commons-pool-1.6.jar, outputDir=/home/utbot_mocks/temp/testcases, mocks=Other classes: Mockito
21:55:58.384 | INFO  | Started: warmup: kotlin reflection :: init
21:55:58.467 | INFO  | Finished (in 0.082 sec): warmup: kotlin reflection :: init 
[INIT]
>> [RUN] io.seata.core.protocol.MergedWarpMessage 120
21:55:58.484 | DEBUG | -----------------------------------------------------------------------------
21:55:58.485 | INFO  | Contest.runGeneration: Time budget: 120000 ms, Generation timeout=102000 ms, classpath=/var/benchmarks/projects/seata/core/target/classes:/var/benchmarks/projects/seata/core/target/seata-core-0.5.0.jar:/var/benchmarks/projects/./seata/core/target/dependency/mockito-core-2.23.4.jar:/var/benchmarks/projects/seata/core/target/dependency/byte-buddy-agent-1.9.3.jar:/var/benchmarks/projects/seata/core/target/dependency/assertj-core-2.6.0.jar:/var/benchmarks/projects/seata/core/target/dependency/seata-common-0.5.0.jar:/var/benchmarks/projects/seata/core/target/dependency/byte-buddy-1.9.3.jar:/var/benchmarks/projects/seata/core/target/dependency/objenesis-2.6.jar:/var/benchmarks/projects/seata/core/target/dependency/seata-discovery-core-0.5.0.jar:/var/benchmarks/projects/seata/core/target/dependency/commons-pool2-2.4.2.jar:/var/benchmarks/projects/seata/core/target/dependency/junit-4.12.jar:/var/benchmarks/projects/seata/core/target/dependency/hamcrest-core-1.3.jar:/var/benchmarks/projects/seata/core/target/dependency/slf4j-api-1.7.22.jar:/var/benchmarks/projects/seata/core/target/dependency/seata-config-core-0.5.0.jar:/var/benchmarks/projects/seata/core/target/dependency/netty-all-4.1.24.Final.jar:/var/benchmarks/projects/seata/core/target/dependency/commons-lang-2.6.jar:/var/benchmarks/projects/seata/core/target/dependency/fastjson-1.2.48.jar:/var/benchmarks/projects/seata/core/target/dependency/config-1.2.1.jar:/var/benchmarks/projects/seata/core/target/dependency/commons-pool-1.6.jar, methodNameFilter=null
21:55:58.487 | INFO  | ClassUnderTest[ FQN: io.seata.core.protocol.MergedWarpMessage
    classfileDir: /var/benchmarks/projects/seata/core/target/classes
    testClassSimpleName: MergedWarpMessageTest
    generatedTestFile: /home/utbot_mocks/temp/testcases/io/seata/core/protocol/MergedWarpMessageTest.java
    generatedTestsSourcesDir: /home/utbot_mocks/temp/testcases
]
21:55:58.515 | INFO  | Started: class io.seata.core.protocol.MergedWarpMessage
21:55:58.516 | INFO  | Started: preparation class class io.seata.core.protocol.MergedWarpMessage: kotlin reflection :: run
21:55:58.556 | INFO  | Finished (in 0.039 sec): preparation class class io.seata.core.protocol.MergedWarpMessage: kotlin reflection :: run 
21:55:58.557 | INFO  | Started: 2nd optional soot initialization
21:55:58.561 | INFO  | Finished (in 0.001 sec): 2nd optional soot initialization 
21:55:58.569 | DEBUG |  ... 
21:55:58.583 | INFO  | Started: method io.seata.core.protocol.MergedWarpMessage.toString()
21:55:58.586 | INFO  |  -- Remaining time budget: 101915 ms, #remaining_methods: 6, budget for method: 16985 ms, solver timeout: 1000 ms, budget for symbolic execution: 15785 ms, budget for concrete execution: 1200 ms,  -- 
21:55:58.908 | DEBUG | --new testCase collected, to generate: testIo.seata.core.protocol.MergedWarpMessage.toString()1
21:55:59.498 | DEBUG | --new testCase collected, to generate: testIo.seata.core.protocol.MergedWarpMessage.toString()2
21:56:01.727 | DEBUG | --new testCase collected, to generate: testIo.seata.core.protocol.MergedWarpMessage.toString()3
21:56:02.220 | DEBUG | --new testCase collected, to generate: testIo.seata.core.protocol.MergedWarpMessage.toString()4
21:56:02.364 | DEBUG | --new testCase collected, to generate: testIo.seata.core.protocol.MergedWarpMessage.toString()5
21:56:14.366 | INFO  | |> Starting concrete execution for remaining state: io.seata.core.protocol.MergedWarpMessage.toString()
21:56:15.884 | INFO  | (X) Cancelling concrete execution: io.seata.core.protocol.MergedWarpMessage.toString()
21:56:16.541 | INFO  | Finished (in 17.956 sec): method io.seata.core.protocol.MergedWarpMessage.toString() 
<StatsForMethod> :
	#generatedTC=5
	WITH NO EXCEPTIONS
21:56:16.555 | DEBUG |  ... 
21:56:16.556 | INFO  | Started: method io.seata.core.protocol.MergedWarpMessage.decode(ByteBuf)
21:56:16.556 | INFO  |  -- Remaining time budget: 83931 ms, #remaining_methods: 5, budget for method: 16786 ms, solver timeout: 1000 ms, budget for symbolic execution: 15586 ms, budget for concrete execution: 1200 ms,  -- 
21:56:16.569 | DEBUG | --new testCase collected, to generate: testIo.seata.core.protocol.MergedWarpMessage.decode(ByteBuf)1
21:56:16.602 | DEBUG | --new testCase collected, to generate: testIo.seata.core.protocol.MergedWarpMessage.decode(ByteBuf)2
21:56:16.644 | DEBUG | --new testCase collected, to generate: testIo.seata.core.protocol.MergedWarpMessage.decode(ByteBuf)3
21:56:16.669 | DEBUG | --new testCase collected, to generate: testIo.seata.core.protocol.MergedWarpMessage.decode(ByteBuf)4
21:56:16.679 | DEBUG | --new testCase collected, to generate: testIo.seata.core.protocol.MergedWarpMessage.decode(ByteBuf)5
21:56:16.784 | DEBUG | --new testCase collected, to generate: testIo.seata.core.protocol.MergedWarpMessage.decode(ByteBuf)6
21:56:16.831 | DEBUG | --new testCase collected, to generate: testIo.seata.core.protocol.MergedWarpMessage.decode(ByteBuf)7
21:56:16.856 | DEBUG | --new testCase collected, to generate: testIo.seata.core.protocol.MergedWarpMessage.decode(ByteBuf)8
21:56:16.881 | DEBUG | --new testCase collected, to generate: testIo.seata.core.protocol.MergedWarpMessage.decode(ByteBuf)9
21:56:16.882 | INFO  | Finished (in 0.325 sec): method io.seata.core.protocol.MergedWarpMessage.decode(ByteBuf) 
<StatsForMethod> :
	#generatedTC=9
	WITH NO EXCEPTIONS
21:56:16.896 | DEBUG |  ... 
21:56:16.896 | INFO  | Started: method io.seata.core.protocol.MergedWarpMessage.encode()
21:56:16.897 | INFO  |  -- Remaining time budget: 83590 ms, #remaining_methods: 4, budget for method: 20897 ms, solver timeout: 1000 ms, budget for symbolic execution: 19697 ms, budget for concrete execution: 1200 ms,  -- 
21:56:16.905 | DEBUG | --new testCase collected, to generate: testIo.seata.core.protocol.MergedWarpMessage.encode()1
21:56:16.936 | DEBUG | --new testCase collected, to generate: testIo.seata.core.protocol.MergedWarpMessage.encode()2
21:56:17.655 | DEBUG | --new testCase collected, to generate: testIo.seata.core.protocol.MergedWarpMessage.encode()3
21:56:18.376 | DEBUG | --new testCase collected, to generate: testIo.seata.core.protocol.MergedWarpMessage.encode()4
21:56:19.339 | DEBUG | --new testCase collected, to generate: testIo.seata.core.protocol.MergedWarpMessage.encode()5
21:56:19.464 | DEBUG | --new testCase collected, to generate: testIo.seata.core.protocol.MergedWarpMessage.encode()6
21:56:21.843 | ERROR | Symbolic execution FAILED
com.huawei.utbot.instrumentation.util.ReadingFromKryoException: Failure reading from kryo
	at com.huawei.utbot.instrumentation.ConcreteExecutor.executeAsync(ConcreteExecutor.kt:392) ~[utbot-junit-contest-1.0.jar:?]
	at com.huawei.utbot.instrumentation.ConcreteExecutor$executeAsync$1.invokeSuspend(ConcreteExecutor.kt) ~[utbot-junit-contest-1.0.jar:?]
	at kotlin.coroutines.jvm.internal.BaseContinuationImpl.resumeWith(ContinuationImpl.kt:33) [utbot-junit-contest-1.0.jar:?]
	at kotlinx.coroutines.DispatchedTask.run(DispatchedTask.kt:106) [utbot-junit-contest-1.0.jar:?]
	at java.util.concurrent.Executors$RunnableAdapter.call(Executors.java:511) [?:1.8.0_312]
	at java.util.concurrent.FutureTask.run(FutureTask.java:266) [?:1.8.0_312]
	at java.util.concurrent.ScheduledThreadPoolExecutor$ScheduledFutureTask.access$201(ScheduledThreadPoolExecutor.java:180) [?:1.8.0_312]
	at java.util.concurrent.ScheduledThreadPoolExecutor$ScheduledFutureTask.run(ScheduledThreadPoolExecutor.java:293) [?:1.8.0_312]
	at java.util.concurrent.ThreadPoolExecutor.runWorker(ThreadPoolExecutor.java:1149) [?:1.8.0_312]
	at java.util.concurrent.ThreadPoolExecutor$Worker.run(ThreadPoolExecutor.java:624) [?:1.8.0_312]
	at java.lang.Thread.run(Thread.java:748) [?:1.8.0_312]
Caused by: com.esotericsoftware.kryo.KryoException: Buffer underflow.
	at com.esotericsoftware.kryo.io.Input.require(Input.java:219) ~[utbot-junit-contest-1.0.jar:?]
	at com.esotericsoftware.kryo.io.Input.readVarLong(Input.java:570) ~[utbot-junit-contest-1.0.jar:?]
	at com.esotericsoftware.kryo.serializers.DefaultSerializers$LongSerializer.read(DefaultSerializers.java:131) ~[utbot-junit-contest-1.0.jar:?]
	at com.esotericsoftware.kryo.serializers.DefaultSerializers$LongSerializer.read(DefaultSerializers.java:125) ~[utbot-junit-contest-1.0.jar:?]
	at com.esotericsoftware.kryo.Kryo.readObject(Kryo.java:774) ~[utbot-junit-contest-1.0.jar:?]
	at com.huawei.utbot.instrumentation.util.KryoHelper.readLong(KryoHelper.kt:36) ~[utbot-junit-contest-1.0.jar:?]
	at com.huawei.utbot.instrumentation.ConcreteExecutor$restartIfNeeded$$inlined$bracket$lambda$1$1$1.invokeSuspend(ConcreteExecutor.kt:256) ~[utbot-junit-contest-1.0.jar:?]
	at kotlin.coroutines.jvm.internal.BaseContinuationImpl.resumeWith(ContinuationImpl.kt:33) ~[utbot-junit-contest-1.0.jar:?]
	at kotlinx.coroutines.DispatchedTask.run(DispatchedTask.kt:106) ~[utbot-junit-contest-1.0.jar:?]
	at kotlinx.coroutines.EventLoopImplBase.processNextEvent(EventLoop.common.kt:274) ~[utbot-junit-contest-1.0.jar:?]
	at kotlinx.coroutines.BlockingCoroutine.joinBlocking(Builders.kt:84) ~[utbot-junit-contest-1.0.jar:?]
	at kotlinx.coroutines.BuildersKt__BuildersKt.runBlocking(Builders.kt:59) ~[utbot-junit-contest-1.0.jar:?]
	at kotlinx.coroutines.BuildersKt.runBlocking(Unknown Source) ~[utbot-junit-contest-1.0.jar:?]
	at kotlinx.coroutines.BuildersKt__BuildersKt.runBlocking$default(Builders.kt:38) ~[utbot-junit-contest-1.0.jar:?]
	at kotlinx.coroutines.BuildersKt.runBlocking$default(Unknown Source) ~[utbot-junit-contest-1.0.jar:?]
	at com.huawei.utbot.instrumentation.ConcreteExecutor$restartIfNeeded$$inlined$bracket$lambda$1$1.invoke(ConcreteExecutor.kt:253) ~[utbot-junit-contest-1.0.jar:?]
	at com.huawei.utbot.instrumentation.ConcreteExecutor$restartIfNeeded$$inlined$bracket$lambda$1$1.invoke(ConcreteExecutor.kt:101) ~[utbot-junit-contest-1.0.jar:?]
	at kotlin.concurrent.ThreadsKt$thread$thread$1.run(Thread.kt:30) ~[utbot-junit-contest-1.0.jar:?]
21:56:23.716 | ERROR | Symbolic execution FAILED
com.huawei.utbot.instrumentation.util.ChildProcessError: Error in the child process |> java.lang.IllegalStateException: No field $__is_mock_null in class java.nio.ByteBuffer
	at com.huawei.utbot.framework.concrete.MethodMockController.<init>(MethodMockController.kt:38)
	at com.huawei.utbot.framework.concrete.MockValueConstructor.mockMethods(MockValueConstructor.kt:245)
	at com.huawei.utbot.framework.concrete.MockValueConstructor.mockStaticMethods(MockValueConstructor.kt:263)
	at com.huawei.utbot.framework.concrete.UtExecutionInstrumentation$invoke$$inlined$use$lambda$1.invoke(UtExecutionInstrumentation.kt:139)
	at com.huawei.utbot.framework.concrete.UtExecutionInstrumentation$invoke$$inlined$use$lambda$1.invoke(UtExecutionInstrumentation.kt:96)
	at com.huawei.utbot.framework.concrete.UtExecutionInstrumentation.withStaticFields(UtExecutionInstrumentation.kt:225)
	at com.huawei.utbot.framework.concrete.UtExecutionInstrumentation.invoke(UtExecutionInstrumentation.kt:137)
	at com.huawei.utbot.framework.concrete.UtExecutionInstrumentation.invoke(UtExecutionInstrumentation.kt:96)
	at com.huawei.utbot.instrumentation.process.ChildProcessKt.loop(ChildProcess.kt:114)
	at com.huawei.utbot.instrumentation.process.ChildProcessKt.main(ChildProcess.kt:76)
	at com.huawei.utbot.instrumentation.process.ChildProcessKt.main(ChildProcess.kt)

	at com.huawei.utbot.instrumentation.ConcreteExecutor.executeAsync(ConcreteExecutor.kt:391) ~[utbot-junit-contest-1.0.jar:?]
	at com.huawei.utbot.instrumentation.ConcreteExecutor$executeAsync$1.invokeSuspend(ConcreteExecutor.kt) ~[utbot-junit-contest-1.0.jar:?]
	at kotlin.coroutines.jvm.internal.BaseContinuationImpl.resumeWith(ContinuationImpl.kt:33) [utbot-junit-contest-1.0.jar:?]
	at kotlinx.coroutines.DispatchedTask.run(DispatchedTask.kt:106) [utbot-junit-contest-1.0.jar:?]
	at java.util.concurrent.Executors$RunnableAdapter.call(Executors.java:511) [?:1.8.0_312]
	at java.util.concurrent.FutureTask.run(FutureTask.java:266) [?:1.8.0_312]
	at java.util.concurrent.ScheduledThreadPoolExecutor$ScheduledFutureTask.access$201(ScheduledThreadPoolExecutor.java:180) [?:1.8.0_312]
	at java.util.concurrent.ScheduledThreadPoolExecutor$ScheduledFutureTask.run(ScheduledThreadPoolExecutor.java:293) [?:1.8.0_312]
	at java.util.concurrent.ThreadPoolExecutor.runWorker(ThreadPoolExecutor.java:1149) [?:1.8.0_312]
	at java.util.concurrent.ThreadPoolExecutor$Worker.run(ThreadPoolExecutor.java:624) [?:1.8.0_312]
	at java.lang.Thread.run(Thread.java:748) [?:1.8.0_312]
21:56:23.884 | ERROR | Symbolic execution FAILED ... <<stack trace duplicated>>
21:56:23.884 | INFO  | Finished (in 6.988 sec): method io.seata.core.protocol.MergedWarpMessage.encode() 
<StatsForMethod> :
	#generatedTC=6
	FAILED 3 time(s) with 2 different exception(s)"
21:56:24.068 | DEBUG |  ... 
21:56:24.069 | INFO  | Started: method io.seata.core.protocol.MergedWarpMessage.getTypeCode()
21:56:24.069 | INFO  |  -- Remaining time budget: 76418 ms, #remaining_methods: 3, budget for method: 25472 ms, solver timeout: 1000 ms, budget for symbolic execution: 24272 ms, budget for concrete execution: 1200 ms,  -- 
21:56:24.118 | DEBUG | --new testCase collected, to generate: testIo.seata.core.protocol.MergedWarpMessage.getTypeCode()1
21:56:24.148 | DEBUG | --new testCase collected, to generate: testIo.seata.core.protocol.MergedWarpMessage.getTypeCode()2
21:56:24.149 | INFO  | Finished (in 0.080 sec): method io.seata.core.protocol.MergedWarpMessage.getTypeCode() 
<StatsForMethod> :
	#generatedTC=2
	WITH NO EXCEPTIONS
21:56:24.150 | DEBUG |  ... 
21:56:24.150 | INFO  | Started: method io.seata.core.protocol.MergedWarpMessage.doDecode(ByteBuffer)
21:56:24.151 | INFO  |  -- Remaining time budget: 76336 ms, #remaining_methods: 2, budget for method: 38168 ms, solver timeout: 1000 ms, budget for symbolic execution: 36968 ms, budget for concrete execution: 1200 ms,  -- 
21:56:24.165 | DEBUG | --new testCase collected, to generate: testIo.seata.core.protocol.MergedWarpMessage.doDecode(ByteBuffer)1
21:56:24.191 | DEBUG | --new testCase collected, to generate: testIo.seata.core.protocol.MergedWarpMessage.doDecode(ByteBuffer)2
21:56:24.228 | DEBUG | --new testCase collected, to generate: testIo.seata.core.protocol.MergedWarpMessage.doDecode(ByteBuffer)3
21:56:24.236 | DEBUG | --new testCase collected, to generate: testIo.seata.core.protocol.MergedWarpMessage.doDecode(ByteBuffer)4
21:56:24.262 | DEBUG | --new testCase collected, to generate: testIo.seata.core.protocol.MergedWarpMessage.doDecode(ByteBuffer)5
21:56:24.262 | INFO  | Finished (in 0.112 sec): method io.seata.core.protocol.MergedWarpMessage.doDecode(ByteBuffer) 
<StatsForMethod> :
	#generatedTC=5
	WITH NO EXCEPTIONS
21:56:24.264 | DEBUG |  ... 
21:56:24.264 | INFO  | Started: method io.seata.core.protocol.MergedWarpMessage.<init>()
21:56:24.264 | INFO  |  -- Remaining time budget: 76222 ms, #remaining_methods: 1, budget for method: 76222 ms, solver timeout: 1000 ms, budget for symbolic execution: 75022 ms, budget for concrete execution: 1200 ms,  -- 
21:56:24.273 | DEBUG | --new testCase collected, to generate: testIo.seata.core.protocol.MergedWarpMessage.<init>()1
21:56:24.403 | DEBUG | --new testCase collected, to generate: testIo.seata.core.protocol.MergedWarpMessage.<init>()2
21:56:24.403 | INFO  | Finished (in 0.139 sec): method io.seata.core.protocol.MergedWarpMessage.<init>() 
<StatsForMethod> :
	#generatedTC=2
	WITH NO EXCEPTIONS
21:56:24.420 | INFO  | Started: Flushing tests for [MergedWarpMessage] on disk
21:56:25.439 | INFO  | File size for MergedWarpMessageTest: 27 KB
21:56:25.442 | INFO  | Finished (in 1.022 sec): Flushing tests for [MergedWarpMessage] on disk 
21:56:25.443 | INFO  | Finished (in 26.927 sec): class io.seata.core.protocol.MergedWarpMessage 
<StatsForClass> :
	canceled by timeout = false
	#methods = 6, 
	#methods started symbolic exploration = 6
	#methods with at least one TC = 6
	#methods with exceptions = 1
	#generated TC = 29
	#coverage = null
[READY]
