Started UtBot Contest, classfileDir = /var/benchmarks/projects/guava/guava/target/classes, classpathString=/var/benchmarks/projects/guava/guava/target/classes:/var/benchmarks/projects/guava/guava/target/guava-26.0-jre.jar:/var/benchmarks/projects/./guava/guava/target/dependency/checker-qual-2.5.2.jar:/var/benchmarks/projects/guava/guava/target/dependency/error_prone_annotations-2.1.3.jar:/var/benchmarks/projects/guava/guava/target/dependency/j2objc-annotations-1.1.jar:/var/benchmarks/projects/guava/guava/target/dependency/jsr305-3.0.2.jar:/var/benchmarks/projects/guava/guava/target/dependency/animal-sniffer-annotations-1.14.jar, outputDir=/home/utbot_mocks/temp/testcases, mocks=Other classes: Mockito
23:41:39.894 | INFO  | Started: warmup: kotlin reflection :: init
23:41:39.976 | INFO  | Finished (in 0.081 sec): warmup: kotlin reflection :: init 
[INIT]
>> [RUN] com.google.common.base.Throwables 120
23:41:39.985 | DEBUG | -----------------------------------------------------------------------------
23:41:39.985 | INFO  | Contest.runGeneration: Time budget: 120000 ms, Generation timeout=102000 ms, classpath=/var/benchmarks/projects/guava/guava/target/classes:/var/benchmarks/projects/guava/guava/target/guava-26.0-jre.jar:/var/benchmarks/projects/./guava/guava/target/dependency/checker-qual-2.5.2.jar:/var/benchmarks/projects/guava/guava/target/dependency/error_prone_annotations-2.1.3.jar:/var/benchmarks/projects/guava/guava/target/dependency/j2objc-annotations-1.1.jar:/var/benchmarks/projects/guava/guava/target/dependency/jsr305-3.0.2.jar:/var/benchmarks/projects/guava/guava/target/dependency/animal-sniffer-annotations-1.14.jar, methodNameFilter=null
23:41:39.987 | INFO  | ClassUnderTest[ FQN: com.google.common.base.Throwables
    classfileDir: /var/benchmarks/projects/guava/guava/target/classes
    testClassSimpleName: ThrowablesTest
    generatedTestFile: /home/utbot_mocks/temp/testcases/com/google/common/base/ThrowablesTest.java
    generatedTestsSourcesDir: /home/utbot_mocks/temp/testcases
]
23:41:40.009 | INFO  | Started: class com.google.common.base.Throwables
23:41:40.009 | INFO  | Started: preparation class class com.google.common.base.Throwables: kotlin reflection :: run
23:41:40.053 | INFO  | Finished (in 0.043 sec): preparation class class com.google.common.base.Throwables: kotlin reflection :: run 
23:41:40.054 | INFO  | Started: 2nd optional soot initialization
23:41:40.055 | INFO  | Finished (in 0.001 sec): 2nd optional soot initialization 
23:41:40.063 | DEBUG |  ... 
23:41:40.090 | INFO  | Started: method com.google.common.base.Throwables.getRootCause(Throwable)
23:41:40.091 | INFO  |  -- Remaining time budget: 101920 ms, #remaining_methods: 20, budget for method: 5096 ms, solver timeout: 1000 ms, budget for symbolic execution: 3896 ms, budget for concrete execution: 1200 ms,  -- 
23:41:40.427 | DEBUG | --new testCase collected, to generate: testCom.google.common.base.Throwables.getRootCause(Throwable)1
23:41:40.802 | DEBUG | --new testCase collected, to generate: testCom.google.common.base.Throwables.getRootCause(Throwable)2
23:41:41.098 | DEBUG | --new testCase collected, to generate: testCom.google.common.base.Throwables.getRootCause(Throwable)3
23:41:41.758 | DEBUG | --new testCase collected, to generate: testCom.google.common.base.Throwables.getRootCause(Throwable)4
23:41:42.250 | DEBUG | --new testCase collected, to generate: testCom.google.common.base.Throwables.getRootCause(Throwable)5
23:41:42.659 | DEBUG | --new testCase collected, to generate: testCom.google.common.base.Throwables.getRootCause(Throwable)6
23:41:43.968 | INFO  | |> Starting concrete execution for remaining state: com.google.common.base.Throwables.getRootCause(Throwable)
23:41:45.173 | INFO  | (X) Cancelling concrete execution: com.google.common.base.Throwables.getRootCause(Throwable)
23:41:45.295 | INFO  | Finished (in 5.204 sec): method com.google.common.base.Throwables.getRootCause(Throwable) 
<StatsForMethod> :
	#generatedTC=6
	WITH NO EXCEPTIONS
23:41:45.299 | DEBUG |  ... 
23:41:45.299 | INFO  | Started: method com.google.common.base.Throwables.throwIfInstanceOf(Throwable, Class)
23:41:45.300 | INFO  |  -- Remaining time budget: 96687 ms, #remaining_methods: 19, budget for method: 5088 ms, solver timeout: 1000 ms, budget for symbolic execution: 3888 ms, budget for concrete execution: 1200 ms,  -- 
23:41:45.322 | ERROR | Symbolic execution FAILED
com.huawei.utbot.instrumentation.util.ChildProcessError: Error in the child process |> java.lang.IllegalAccessException: java.lang.Class
	at sun.misc.Unsafe.allocateInstance(Native Method)
	at com.huawei.utbot.framework.util.EngineUtilsKt.getAnyInstance(EngineUtils.kt:61)
	at com.huawei.utbot.framework.concrete.MockValueConstructor.constructObject(MockValueConstructor.kt:158)
	at com.huawei.utbot.framework.concrete.MockValueConstructor.construct(MockValueConstructor.kt:124)
	at com.huawei.utbot.framework.concrete.MockValueConstructor.constructMethodParameters(MockValueConstructor.kt:101)
	at com.huawei.utbot.framework.concrete.UtExecutionInstrumentation.invoke(UtExecutionInstrumentation.kt:126)
	at com.huawei.utbot.framework.concrete.UtExecutionInstrumentation.invoke(UtExecutionInstrumentation.kt:96)
	at com.huawei.utbot.instrumentation.process.ChildProcessKt.loop(ChildProcess.kt:114)
	at com.huawei.utbot.instrumentation.process.ChildProcessKt.main(ChildProcess.kt:76)
	at com.huawei.utbot.instrumentation.process.ChildProcessKt.main(ChildProcess.kt)

	at com.huawei.utbot.instrumentation.ConcreteExecutor.executeAsync(ConcreteExecutor.kt:391) ~[utbot-junit-contest-1.0.jar:?]
	at com.huawei.utbot.engine.UtBotSymbolicEngineKt.executeConcretely(UtBotSymbolicEngine.kt:3203) ~[utbot-junit-contest-1.0.jar:?]
	at com.huawei.utbot.engine.UtBotSymbolicEngine$fuzzing$1.invokeSuspend(UtBotSymbolicEngine.kt:515) [utbot-junit-contest-1.0.jar:?]
	at com.huawei.utbot.engine.UtBotSymbolicEngine$fuzzing$1.invoke(UtBotSymbolicEngine.kt) [utbot-junit-contest-1.0.jar:?]
	at kotlinx.coroutines.flow.SafeFlow.collectSafely(Builders.kt:61) [utbot-junit-contest-1.0.jar:?]
	at kotlinx.coroutines.flow.AbstractFlow.collect(Flow.kt:212) [utbot-junit-contest-1.0.jar:?]
	at kotlinx.coroutines.flow.FlowKt__MergeKt$flattenConcat$$inlined$unsafeFlow$1$lambda$1.emit(Collect.kt:134) [utbot-junit-contest-1.0.jar:?]
	at kotlinx.coroutines.flow.FlowKt__BuildersKt$flowOf$$inlined$unsafeFlow$1.collect(SafeCollector.common.kt:114) [utbot-junit-contest-1.0.jar:?]
	at kotlinx.coroutines.flow.FlowKt__MergeKt$flattenConcat$$inlined$unsafeFlow$1.collect(SafeCollector.common.kt:114) [utbot-junit-contest-1.0.jar:?]
	at com.huawei.utbot.contest.ContestKt$runGeneration$1$invokeSuspend$$inlined$bracket$lambda$1$1.invokeSuspend(Contest.kt:531) [utbot-junit-contest-1.0.jar:?]
	at kotlin.coroutines.jvm.internal.BaseContinuationImpl.resumeWith(ContinuationImpl.kt:33) [utbot-junit-contest-1.0.jar:?]
	at kotlinx.coroutines.DispatchedTask.run(DispatchedTask.kt:106) [utbot-junit-contest-1.0.jar:?]
	at java.util.concurrent.Executors$RunnableAdapter.call(Executors.java:511) [?:1.8.0_312]
	at java.util.concurrent.FutureTask.run(FutureTask.java:266) [?:1.8.0_312]
	at java.util.concurrent.ScheduledThreadPoolExecutor$ScheduledFutureTask.access$201(ScheduledThreadPoolExecutor.java:180) [?:1.8.0_312]
	at java.util.concurrent.ScheduledThreadPoolExecutor$ScheduledFutureTask.run(ScheduledThreadPoolExecutor.java:293) [?:1.8.0_312]
	at java.util.concurrent.ThreadPoolExecutor.runWorker(ThreadPoolExecutor.java:1149) [?:1.8.0_312]
	at java.util.concurrent.ThreadPoolExecutor$Worker.run(ThreadPoolExecutor.java:624) [?:1.8.0_312]
	at java.lang.Thread.run(Thread.java:748) [?:1.8.0_312]
23:41:45.717 | DEBUG | --new testCase collected, to generate: testCom.google.common.base.Throwables.throwIfInstanceOf(Throwable, Class)1
23:41:45.887 | DEBUG | --new testCase collected, to generate: testCom.google.common.base.Throwables.throwIfInstanceOf(Throwable, Class)2
23:41:46.386 | DEBUG | --new testCase collected, to generate: testCom.google.common.base.Throwables.throwIfInstanceOf(Throwable, Class)3
23:41:46.435 | INFO  | Finished (in 1.135 sec): method com.google.common.base.Throwables.throwIfInstanceOf(Throwable, Class) 
<StatsForMethod> :
	#generatedTC=3
	FAILED 1 time(s) with 1 different exception(s)"
23:41:46.446 | DEBUG |  ... 
23:41:46.447 | INFO  | Started: method com.google.common.base.Throwables.propagateIfInstanceOf(Throwable, Class)
23:41:46.447 | INFO  |  -- Remaining time budget: 95539 ms, #remaining_methods: 18, budget for method: 5307 ms, solver timeout: 1000 ms, budget for symbolic execution: 4107 ms, budget for concrete execution: 1200 ms,  -- 
23:41:46.453 | ERROR | Symbolic execution FAILED
com.huawei.utbot.instrumentation.util.ChildProcessError: Error in the child process |> java.lang.IllegalAccessException: java.lang.Class
	at sun.misc.Unsafe.allocateInstance(Native Method)
	at com.huawei.utbot.framework.util.EngineUtilsKt.getAnyInstance(EngineUtils.kt:61)
	at com.huawei.utbot.framework.concrete.MockValueConstructor.constructObject(MockValueConstructor.kt:158)
	at com.huawei.utbot.framework.concrete.MockValueConstructor.construct(MockValueConstructor.kt:124)
	at com.huawei.utbot.framework.concrete.MockValueConstructor.constructMethodParameters(MockValueConstructor.kt:101)
	at com.huawei.utbot.framework.concrete.UtExecutionInstrumentation.invoke(UtExecutionInstrumentation.kt:126)
	at com.huawei.utbot.framework.concrete.UtExecutionInstrumentation.invoke(UtExecutionInstrumentation.kt:96)
	at com.huawei.utbot.instrumentation.process.ChildProcessKt.loop(ChildProcess.kt:114)
	at com.huawei.utbot.instrumentation.process.ChildProcessKt.main(ChildProcess.kt:76)
	at com.huawei.utbot.instrumentation.process.ChildProcessKt.main(ChildProcess.kt)

	at com.huawei.utbot.instrumentation.ConcreteExecutor.executeAsync(ConcreteExecutor.kt:391) ~[utbot-junit-contest-1.0.jar:?]
	at com.huawei.utbot.instrumentation.ConcreteExecutor$executeAsync$1.invokeSuspend(ConcreteExecutor.kt) ~[utbot-junit-contest-1.0.jar:?]
	at kotlin.coroutines.jvm.internal.BaseContinuationImpl.resumeWith(ContinuationImpl.kt:33) [utbot-junit-contest-1.0.jar:?]
	at kotlinx.coroutines.DispatchedTask.run(DispatchedTask.kt:106) [utbot-junit-contest-1.0.jar:?]
	at java.util.concurrent.Executors$RunnableAdapter.call(Executors.java:511) [?:1.8.0_312]
	at java.util.concurrent.FutureTask.run(FutureTask.java:266) [?:1.8.0_312]
	at java.util.concurrent.ScheduledThreadPoolExecutor$ScheduledFutureTask.access$201(ScheduledThreadPoolExecutor.java:180) [?:1.8.0_312]
	at java.util.concurrent.ScheduledThreadPoolExecutor$ScheduledFutureTask.run(ScheduledThreadPoolExecutor.java:293) [?:1.8.0_312]
	at java.util.concurrent.ThreadPoolExecutor.runWorker(ThreadPoolExecutor.java:1149) [?:1.8.0_312]
	at java.util.concurrent.ThreadPoolExecutor$Worker.run(ThreadPoolExecutor.java:624) [?:1.8.0_312]
	at java.lang.Thread.run(Thread.java:748) [?:1.8.0_312]
23:41:46.488 | DEBUG | --new testCase collected, to generate: testCom.google.common.base.Throwables.propagateIfInstanceOf(Throwable, Class)1
23:41:47.265 | DEBUG | --new testCase collected, to generate: testCom.google.common.base.Throwables.propagateIfInstanceOf(Throwable, Class)2
23:41:47.597 | DEBUG | --new testCase collected, to generate: testCom.google.common.base.Throwables.propagateIfInstanceOf(Throwable, Class)3
23:41:47.776 | DEBUG | --new testCase collected, to generate: testCom.google.common.base.Throwables.propagateIfInstanceOf(Throwable, Class)4
23:41:47.776 | INFO  | Finished (in 1.329 sec): method com.google.common.base.Throwables.propagateIfInstanceOf(Throwable, Class) 
<StatsForMethod> :
	#generatedTC=4
	FAILED 1 time(s) with 1 different exception(s)"
23:41:47.809 | DEBUG |  ... 
23:41:47.810 | INFO  | Started: method com.google.common.base.Throwables.propagateIfPossible(Throwable, Class, Class)
23:41:47.810 | INFO  |  -- Remaining time budget: 94176 ms, #remaining_methods: 17, budget for method: 5539 ms, solver timeout: 1000 ms, budget for symbolic execution: 4339 ms, budget for concrete execution: 1200 ms,  -- 
23:41:47.816 | ERROR | Symbolic execution FAILED
com.huawei.utbot.instrumentation.util.ChildProcessError: Error in the child process |> java.lang.IllegalAccessException: java.lang.Class
	at sun.misc.Unsafe.allocateInstance(Native Method)
	at com.huawei.utbot.framework.util.EngineUtilsKt.getAnyInstance(EngineUtils.kt:61)
	at com.huawei.utbot.framework.concrete.MockValueConstructor.constructObject(MockValueConstructor.kt:158)
	at com.huawei.utbot.framework.concrete.MockValueConstructor.construct(MockValueConstructor.kt:124)
	at com.huawei.utbot.framework.concrete.MockValueConstructor.constructMethodParameters(MockValueConstructor.kt:101)
	at com.huawei.utbot.framework.concrete.UtExecutionInstrumentation.invoke(UtExecutionInstrumentation.kt:126)
	at com.huawei.utbot.framework.concrete.UtExecutionInstrumentation.invoke(UtExecutionInstrumentation.kt:96)
	at com.huawei.utbot.instrumentation.process.ChildProcessKt.loop(ChildProcess.kt:114)
	at com.huawei.utbot.instrumentation.process.ChildProcessKt.main(ChildProcess.kt:76)
	at com.huawei.utbot.instrumentation.process.ChildProcessKt.main(ChildProcess.kt)

	at com.huawei.utbot.instrumentation.ConcreteExecutor.executeAsync(ConcreteExecutor.kt:391) ~[utbot-junit-contest-1.0.jar:?]
	at com.huawei.utbot.instrumentation.ConcreteExecutor$executeAsync$1.invokeSuspend(ConcreteExecutor.kt) ~[utbot-junit-contest-1.0.jar:?]
	at kotlin.coroutines.jvm.internal.BaseContinuationImpl.resumeWith(ContinuationImpl.kt:33) [utbot-junit-contest-1.0.jar:?]
	at kotlinx.coroutines.DispatchedTask.run(DispatchedTask.kt:106) [utbot-junit-contest-1.0.jar:?]
	at java.util.concurrent.Executors$RunnableAdapter.call(Executors.java:511) [?:1.8.0_312]
	at java.util.concurrent.FutureTask.run(FutureTask.java:266) [?:1.8.0_312]
	at java.util.concurrent.ScheduledThreadPoolExecutor$ScheduledFutureTask.access$201(ScheduledThreadPoolExecutor.java:180) [?:1.8.0_312]
	at java.util.concurrent.ScheduledThreadPoolExecutor$ScheduledFutureTask.run(ScheduledThreadPoolExecutor.java:293) [?:1.8.0_312]
	at java.util.concurrent.ThreadPoolExecutor.runWorker(ThreadPoolExecutor.java:1149) [?:1.8.0_312]
	at java.util.concurrent.ThreadPoolExecutor$Worker.run(ThreadPoolExecutor.java:624) [?:1.8.0_312]
	at java.lang.Thread.run(Thread.java:748) [?:1.8.0_312]
23:41:49.138 | DEBUG | --new testCase collected, to generate: testCom.google.common.base.Throwables.propagateIfPossible(Throwable, Class, Class)1
23:41:49.684 | DEBUG | --new testCase collected, to generate: testCom.google.common.base.Throwables.propagateIfPossible(Throwable, Class, Class)2
23:41:51.114 | DEBUG | --new testCase collected, to generate: testCom.google.common.base.Throwables.propagateIfPossible(Throwable, Class, Class)3
23:41:51.417 | DEBUG | --new testCase collected, to generate: testCom.google.common.base.Throwables.propagateIfPossible(Throwable, Class, Class)4
23:41:51.418 | INFO  | Finished (in 3.607 sec): method com.google.common.base.Throwables.propagateIfPossible(Throwable, Class, Class) 
<StatsForMethod> :
	#generatedTC=4
	FAILED 1 time(s) with 1 different exception(s)"
23:41:51.535 | DEBUG |  ... 
23:41:51.536 | INFO  | Started: method com.google.common.base.Throwables.propagateIfPossible(Throwable)
23:41:51.536 | INFO  |  -- Remaining time budget: 90451 ms, #remaining_methods: 16, budget for method: 5653 ms, solver timeout: 1000 ms, budget for symbolic execution: 4453 ms, budget for concrete execution: 1200 ms,  -- 
23:41:51.548 | DEBUG | --new testCase collected, to generate: testCom.google.common.base.Throwables.propagateIfPossible(Throwable)1
23:41:51.663 | DEBUG | --new testCase collected, to generate: testCom.google.common.base.Throwables.propagateIfPossible(Throwable)2
23:41:52.232 | DEBUG | --new testCase collected, to generate: testCom.google.common.base.Throwables.propagateIfPossible(Throwable)3
23:41:52.366 | DEBUG | --new testCase collected, to generate: testCom.google.common.base.Throwables.propagateIfPossible(Throwable)4
23:41:52.549 | DEBUG | --new testCase collected, to generate: testCom.google.common.base.Throwables.propagateIfPossible(Throwable)5
23:41:52.549 | INFO  | Finished (in 1.013 sec): method com.google.common.base.Throwables.propagateIfPossible(Throwable) 
<StatsForMethod> :
	#generatedTC=5
	WITH NO EXCEPTIONS
23:41:52.573 | DEBUG |  ... 
23:41:52.574 | INFO  | Started: method com.google.common.base.Throwables.propagateIfPossible(Throwable, Class)
23:41:52.574 | INFO  |  -- Remaining time budget: 89412 ms, #remaining_methods: 15, budget for method: 5960 ms, solver timeout: 1000 ms, budget for symbolic execution: 4760 ms, budget for concrete execution: 1200 ms,  -- 
23:41:52.580 | ERROR | Symbolic execution FAILED
com.huawei.utbot.instrumentation.util.ChildProcessError: Error in the child process |> java.lang.IllegalAccessException: java.lang.Class
	at sun.misc.Unsafe.allocateInstance(Native Method)
	at com.huawei.utbot.framework.util.EngineUtilsKt.getAnyInstance(EngineUtils.kt:61)
	at com.huawei.utbot.framework.concrete.MockValueConstructor.constructObject(MockValueConstructor.kt:158)
	at com.huawei.utbot.framework.concrete.MockValueConstructor.construct(MockValueConstructor.kt:124)
	at com.huawei.utbot.framework.concrete.MockValueConstructor.constructMethodParameters(MockValueConstructor.kt:101)
	at com.huawei.utbot.framework.concrete.UtExecutionInstrumentation.invoke(UtExecutionInstrumentation.kt:126)
	at com.huawei.utbot.framework.concrete.UtExecutionInstrumentation.invoke(UtExecutionInstrumentation.kt:96)
	at com.huawei.utbot.instrumentation.process.ChildProcessKt.loop(ChildProcess.kt:114)
	at com.huawei.utbot.instrumentation.process.ChildProcessKt.main(ChildProcess.kt:76)
	at com.huawei.utbot.instrumentation.process.ChildProcessKt.main(ChildProcess.kt)

	at com.huawei.utbot.instrumentation.ConcreteExecutor.executeAsync(ConcreteExecutor.kt:391) ~[utbot-junit-contest-1.0.jar:?]
	at com.huawei.utbot.instrumentation.ConcreteExecutor$executeAsync$1.invokeSuspend(ConcreteExecutor.kt) ~[utbot-junit-contest-1.0.jar:?]
	at kotlin.coroutines.jvm.internal.BaseContinuationImpl.resumeWith(ContinuationImpl.kt:33) [utbot-junit-contest-1.0.jar:?]
	at kotlinx.coroutines.DispatchedTask.run(DispatchedTask.kt:106) [utbot-junit-contest-1.0.jar:?]
	at java.util.concurrent.Executors$RunnableAdapter.call(Executors.java:511) [?:1.8.0_312]
	at java.util.concurrent.FutureTask.run(FutureTask.java:266) [?:1.8.0_312]
	at java.util.concurrent.ScheduledThreadPoolExecutor$ScheduledFutureTask.access$201(ScheduledThreadPoolExecutor.java:180) [?:1.8.0_312]
	at java.util.concurrent.ScheduledThreadPoolExecutor$ScheduledFutureTask.run(ScheduledThreadPoolExecutor.java:293) [?:1.8.0_312]
	at java.util.concurrent.ThreadPoolExecutor.runWorker(ThreadPoolExecutor.java:1149) [?:1.8.0_312]
	at java.util.concurrent.ThreadPoolExecutor$Worker.run(ThreadPoolExecutor.java:624) [?:1.8.0_312]
	at java.lang.Thread.run(Thread.java:748) [?:1.8.0_312]
23:41:53.939 | DEBUG | --new testCase collected, to generate: testCom.google.common.base.Throwables.propagateIfPossible(Throwable, Class)1
23:41:53.960 | DEBUG | --new testCase collected, to generate: testCom.google.common.base.Throwables.propagateIfPossible(Throwable, Class)2
23:41:54.358 | DEBUG | --new testCase collected, to generate: testCom.google.common.base.Throwables.propagateIfPossible(Throwable, Class)3
23:41:54.509 | DEBUG | --new testCase collected, to generate: testCom.google.common.base.Throwables.propagateIfPossible(Throwable, Class)4
23:41:54.697 | DEBUG | --new testCase collected, to generate: testCom.google.common.base.Throwables.propagateIfPossible(Throwable, Class)5
23:41:54.900 | DEBUG | --new testCase collected, to generate: testCom.google.common.base.Throwables.propagateIfPossible(Throwable, Class)6
23:41:54.901 | INFO  | Finished (in 2.326 sec): method com.google.common.base.Throwables.propagateIfPossible(Throwable, Class) 
<StatsForMethod> :
	#generatedTC=6
	FAILED 1 time(s) with 1 different exception(s)"
23:41:54.960 | DEBUG |  ... 
23:41:54.961 | INFO  | Started: method com.google.common.base.Throwables.getCausalChain(Throwable)
23:41:54.961 | INFO  |  -- Remaining time budget: 87025 ms, #remaining_methods: 14, budget for method: 6216 ms, solver timeout: 1000 ms, budget for symbolic execution: 5016 ms, budget for concrete execution: 1200 ms,  -- 
23:41:54.976 | DEBUG | --new testCase collected, to generate: testCom.google.common.base.Throwables.getCausalChain(Throwable)1
23:41:56.041 | DEBUG | --new testCase collected, to generate: testCom.google.common.base.Throwables.getCausalChain(Throwable)2
23:41:59.978 | INFO  | |> Starting concrete execution for remaining state: com.google.common.base.Throwables.getCausalChain(Throwable)
23:42:00.165 | DEBUG | --new testCase collected, to generate: testCom.google.common.base.Throwables.getCausalChain(Throwable)3
23:42:01.178 | INFO  | (X) Cancelling concrete execution: com.google.common.base.Throwables.getCausalChain(Throwable)
23:42:01.320 | INFO  | Finished (in 6.359 sec): method com.google.common.base.Throwables.getCausalChain(Throwable) 
<StatsForMethod> :
	#generatedTC=3
	WITH NO EXCEPTIONS
23:42:01.474 | DEBUG |  ... 
23:42:01.475 | INFO  | Started: method com.google.common.base.Throwables.getCauseAs(Throwable, Class)
23:42:01.475 | INFO  |  -- Remaining time budget: 80512 ms, #remaining_methods: 13, budget for method: 6193 ms, solver timeout: 1000 ms, budget for symbolic execution: 4993 ms, budget for concrete execution: 1200 ms,  -- 
23:42:01.481 | ERROR | Symbolic execution FAILED
com.huawei.utbot.instrumentation.util.ChildProcessError: Error in the child process |> java.lang.IllegalAccessException: java.lang.Class
	at sun.misc.Unsafe.allocateInstance(Native Method)
	at com.huawei.utbot.framework.util.EngineUtilsKt.getAnyInstance(EngineUtils.kt:61)
	at com.huawei.utbot.framework.concrete.MockValueConstructor.constructObject(MockValueConstructor.kt:158)
	at com.huawei.utbot.framework.concrete.MockValueConstructor.construct(MockValueConstructor.kt:124)
	at com.huawei.utbot.framework.concrete.MockValueConstructor.constructMethodParameters(MockValueConstructor.kt:101)
	at com.huawei.utbot.framework.concrete.UtExecutionInstrumentation.invoke(UtExecutionInstrumentation.kt:126)
	at com.huawei.utbot.framework.concrete.UtExecutionInstrumentation.invoke(UtExecutionInstrumentation.kt:96)
	at com.huawei.utbot.instrumentation.process.ChildProcessKt.loop(ChildProcess.kt:114)
	at com.huawei.utbot.instrumentation.process.ChildProcessKt.main(ChildProcess.kt:76)
	at com.huawei.utbot.instrumentation.process.ChildProcessKt.main(ChildProcess.kt)

	at com.huawei.utbot.instrumentation.ConcreteExecutor.executeAsync(ConcreteExecutor.kt:391) ~[utbot-junit-contest-1.0.jar:?]
	at com.huawei.utbot.instrumentation.ConcreteExecutor$executeAsync$1.invokeSuspend(ConcreteExecutor.kt) ~[utbot-junit-contest-1.0.jar:?]
	at kotlin.coroutines.jvm.internal.BaseContinuationImpl.resumeWith(ContinuationImpl.kt:33) [utbot-junit-contest-1.0.jar:?]
	at kotlinx.coroutines.DispatchedTask.run(DispatchedTask.kt:106) [utbot-junit-contest-1.0.jar:?]
	at java.util.concurrent.Executors$RunnableAdapter.call(Executors.java:511) [?:1.8.0_312]
	at java.util.concurrent.FutureTask.run(FutureTask.java:266) [?:1.8.0_312]
	at java.util.concurrent.ScheduledThreadPoolExecutor$ScheduledFutureTask.access$201(ScheduledThreadPoolExecutor.java:180) [?:1.8.0_312]
	at java.util.concurrent.ScheduledThreadPoolExecutor$ScheduledFutureTask.run(ScheduledThreadPoolExecutor.java:293) [?:1.8.0_312]
	at java.util.concurrent.ThreadPoolExecutor.runWorker(ThreadPoolExecutor.java:1149) [?:1.8.0_312]
	at java.util.concurrent.ThreadPoolExecutor$Worker.run(ThreadPoolExecutor.java:624) [?:1.8.0_312]
	at java.lang.Thread.run(Thread.java:748) [?:1.8.0_312]
23:42:01.583 | DEBUG | --new testCase collected, to generate: testCom.google.common.base.Throwables.getCauseAs(Throwable, Class)1
23:42:01.987 | DEBUG | --new testCase collected, to generate: testCom.google.common.base.Throwables.getCauseAs(Throwable, Class)2
23:42:02.094 | DEBUG | --new testCase collected, to generate: testCom.google.common.base.Throwables.getCauseAs(Throwable, Class)3
23:42:02.651 | DEBUG | --new testCase collected, to generate: testCom.google.common.base.Throwables.getCauseAs(Throwable, Class)4
23:42:03.105 | DEBUG | --new testCase collected, to generate: testCom.google.common.base.Throwables.getCauseAs(Throwable, Class)5
23:42:03.663 | DEBUG | --new testCase collected, to generate: testCom.google.common.base.Throwables.getCauseAs(Throwable, Class)6
23:42:04.121 | DEBUG | --new testCase collected, to generate: testCom.google.common.base.Throwables.getCauseAs(Throwable, Class)7
23:42:04.376 | INFO  | Finished (in 2.901 sec): method com.google.common.base.Throwables.getCauseAs(Throwable, Class) 
<StatsForMethod> :
	#generatedTC=7
	FAILED 1 time(s) with 1 different exception(s)"
23:42:04.489 | DEBUG |  ... 
23:42:04.490 | INFO  | Started: method com.google.common.base.Throwables.getStackTraceAsString(Throwable)
23:42:04.490 | INFO  |  -- Remaining time budget: 77496 ms, #remaining_methods: 12, budget for method: 6458 ms, solver timeout: 1000 ms, budget for symbolic execution: 5258 ms, budget for concrete execution: 1200 ms,  -- 
23:42:04.502 | DEBUG | --new testCase collected, to generate: testCom.google.common.base.Throwables.getStackTraceAsString(Throwable)1
23:42:05.274 | DEBUG | --new testCase collected, to generate: testCom.google.common.base.Throwables.getStackTraceAsString(Throwable)2
23:42:05.275 | INFO  | Finished (in 0.785 sec): method com.google.common.base.Throwables.getStackTraceAsString(Throwable) 
<StatsForMethod> :
	#generatedTC=2
	WITH NO EXCEPTIONS
23:42:05.317 | DEBUG |  ... 
23:42:05.318 | INFO  | Started: method com.google.common.base.Throwables.lazyStackTrace(Throwable)
23:42:05.318 | INFO  |  -- Remaining time budget: 76669 ms, #remaining_methods: 11, budget for method: 6969 ms, solver timeout: 1000 ms, budget for symbolic execution: 5769 ms, budget for concrete execution: 1200 ms,  -- 
23:42:11.087 | INFO  | |> Starting concrete execution for remaining state: com.google.common.base.Throwables.lazyStackTrace(Throwable)
23:42:12.288 | INFO  | (X) Cancelling concrete execution: com.google.common.base.Throwables.lazyStackTrace(Throwable)
23:42:12.326 | INFO  | Finished (in 7.008 sec): method com.google.common.base.Throwables.lazyStackTrace(Throwable) 
<StatsForMethod> : SUSPICIOUS
	#generatedTC=0
	WITH NO EXCEPTIONS
23:42:12.715 | DEBUG |  ... 
23:42:12.715 | INFO  | Started: method com.google.common.base.Throwables.lazyStackTraceIsLazy()
23:42:12.716 | INFO  |  -- Remaining time budget: 69271 ms, #remaining_methods: 10, budget for method: 6927 ms, solver timeout: 1000 ms, budget for symbolic execution: 5727 ms, budget for concrete execution: 1200 ms,  -- 
23:42:12.721 | DEBUG | --new testCase collected, to generate: testCom.google.common.base.Throwables.lazyStackTraceIsLazy()1
23:42:18.443 | INFO  | |> Starting concrete execution for remaining state: com.google.common.base.Throwables.lazyStackTraceIsLazy()
23:42:19.644 | INFO  | (X) Cancelling concrete execution: com.google.common.base.Throwables.lazyStackTraceIsLazy()
23:42:19.647 | INFO  | Finished (in 6.931 sec): method com.google.common.base.Throwables.lazyStackTraceIsLazy() 
<StatsForMethod> :
	#generatedTC=1
	WITH NO EXCEPTIONS
23:42:19.827 | DEBUG |  ... 
23:42:19.828 | INFO  | Started: method com.google.common.base.Throwables.jlaStackTrace(Throwable)
23:42:19.828 | INFO  |  -- Remaining time budget: 62158 ms, #remaining_methods: 9, budget for method: 6906 ms, solver timeout: 1000 ms, budget for symbolic execution: 5706 ms, budget for concrete execution: 1200 ms,  -- 
23:42:20.115 | INFO  | Finished (in 0.287 sec): method com.google.common.base.Throwables.jlaStackTrace(Throwable) 
<StatsForMethod> : SUSPICIOUS
	#generatedTC=0
	WITH NO EXCEPTIONS
23:42:20.130 | DEBUG |  ... 
23:42:20.131 | INFO  | Started: method com.google.common.base.Throwables.invokeAccessibleNonThrowingMethod(Method, Object, Object[])
23:42:20.131 | INFO  |  -- Remaining time budget: 61855 ms, #remaining_methods: 8, budget for method: 7731 ms, solver timeout: 1000 ms, budget for symbolic execution: 6531 ms, budget for concrete execution: 1200 ms,  -- 
23:42:20.145 | ERROR | Symbolic execution FAILED
com.huawei.utbot.instrumentation.util.ReadingFromKryoException: Failure reading from kryo
	at com.huawei.utbot.instrumentation.ConcreteExecutor.executeAsync(ConcreteExecutor.kt:392) ~[utbot-junit-contest-1.0.jar:?]
	at com.huawei.utbot.instrumentation.ConcreteExecutor$executeAsync$1.invokeSuspend(ConcreteExecutor.kt) ~[utbot-junit-contest-1.0.jar:?]
	at kotlin.coroutines.jvm.internal.BaseContinuationImpl.resumeWith(ContinuationImpl.kt:33) [utbot-junit-contest-1.0.jar:?]
	at kotlinx.coroutines.DispatchedTask.run(DispatchedTask.kt:106) [utbot-junit-contest-1.0.jar:?]
	at java.util.concurrent.Executors$RunnableAdapter.call(Executors.java:511) [?:1.8.0_312]
	at java.util.concurrent.FutureTask.run(FutureTask.java:266) [?:1.8.0_312]
	at java.util.concurrent.ScheduledThreadPoolExecutor$ScheduledFutureTask.access$201(ScheduledThreadPoolExecutor.java:180) [?:1.8.0_312]
	at java.util.concurrent.ScheduledThreadPoolExecutor$ScheduledFutureTask.run(ScheduledThreadPoolExecutor.java:293) [?:1.8.0_312]
	at java.util.concurrent.ThreadPoolExecutor.runWorker(ThreadPoolExecutor.java:1149) [?:1.8.0_312]
	at java.util.concurrent.ThreadPoolExecutor$Worker.run(ThreadPoolExecutor.java:624) [?:1.8.0_312]
	at java.lang.Thread.run(Thread.java:748) [?:1.8.0_312]
Caused by: com.esotericsoftware.kryo.KryoException: Encountered unregistered class ID: 30
	at com.esotericsoftware.kryo.util.DefaultClassResolver.readClass(DefaultClassResolver.java:159) ~[utbot-junit-contest-1.0.jar:?]
	at com.esotericsoftware.kryo.Kryo.readClass(Kryo.java:758) ~[utbot-junit-contest-1.0.jar:?]
	at com.esotericsoftware.kryo.Kryo.readClassAndObject(Kryo.java:869) ~[utbot-junit-contest-1.0.jar:?]
	at com.huawei.utbot.instrumentation.util.KryoHelper.readCommand(KryoHelper.kt:46) ~[utbot-junit-contest-1.0.jar:?]
	at com.huawei.utbot.instrumentation.ConcreteExecutor$restartIfNeeded$$inlined$bracket$lambda$1$1$1.invokeSuspend(ConcreteExecutor.kt:256) ~[utbot-junit-contest-1.0.jar:?]
	at kotlin.coroutines.jvm.internal.BaseContinuationImpl.resumeWith(ContinuationImpl.kt:33) ~[utbot-junit-contest-1.0.jar:?]
	at kotlinx.coroutines.DispatchedTask.run(DispatchedTask.kt:106) ~[utbot-junit-contest-1.0.jar:?]
	at kotlinx.coroutines.EventLoopImplBase.processNextEvent(EventLoop.common.kt:274) ~[utbot-junit-contest-1.0.jar:?]
	at kotlinx.coroutines.BlockingCoroutine.joinBlocking(Builders.kt:84) ~[utbot-junit-contest-1.0.jar:?]
	at kotlinx.coroutines.BuildersKt__BuildersKt.runBlocking(Builders.kt:59) ~[utbot-junit-contest-1.0.jar:?]
	at kotlinx.coroutines.BuildersKt.runBlocking(Unknown Source) ~[utbot-junit-contest-1.0.jar:?]
	at kotlinx.coroutines.BuildersKt__BuildersKt.runBlocking$default(Builders.kt:38) ~[utbot-junit-contest-1.0.jar:?]
	at kotlinx.coroutines.BuildersKt.runBlocking$default(Unknown Source) ~[utbot-junit-contest-1.0.jar:?]
	at com.huawei.utbot.instrumentation.ConcreteExecutor$restartIfNeeded$$inlined$bracket$lambda$1$1.invoke(ConcreteExecutor.kt:253) ~[utbot-junit-contest-1.0.jar:?]
	at com.huawei.utbot.instrumentation.ConcreteExecutor$restartIfNeeded$$inlined$bracket$lambda$1$1.invoke(ConcreteExecutor.kt:101) ~[utbot-junit-contest-1.0.jar:?]
	at kotlin.concurrent.ThreadsKt$thread$thread$1.run(Thread.kt:30) ~[utbot-junit-contest-1.0.jar:?]
23:42:20.483 | DEBUG | --new testCase collected, to generate: testCom.google.common.base.Throwables.invokeAccessibleNonThrowingMethod(Method, Object, Object[])1
23:42:26.662 | INFO  | |> Starting concrete execution for remaining state: com.google.common.base.Throwables.invokeAccessibleNonThrowingMethod(Method, Object, Object[])
23:42:27.863 | INFO  | (X) Cancelling concrete execution: com.google.common.base.Throwables.invokeAccessibleNonThrowingMethod(Method, Object, Object[])
23:42:28.036 | INFO  | Finished (in 7.905 sec): method com.google.common.base.Throwables.invokeAccessibleNonThrowingMethod(Method, Object, Object[]) 
<StatsForMethod> :
	#generatedTC=1
	FAILED 1 time(s) with 1 different exception(s)"
23:42:28.184 | DEBUG |  ... 
23:42:28.185 | INFO  | Started: method com.google.common.base.Throwables.getJLA()
23:42:28.185 | INFO  |  -- Remaining time budget: 53801 ms, #remaining_methods: 7, budget for method: 7685 ms, solver timeout: 1000 ms, budget for symbolic execution: 6485 ms, budget for concrete execution: 1200 ms,  -- 
23:42:34.670 | INFO  | |> Starting concrete execution for remaining state: com.google.common.base.Throwables.getJLA()
23:42:35.871 | INFO  | (X) Cancelling concrete execution: com.google.common.base.Throwables.getJLA()
23:42:35.883 | INFO  | Finished (in 7.698 sec): method com.google.common.base.Throwables.getJLA() 
<StatsForMethod> : SUSPICIOUS
	#generatedTC=0
	WITH NO EXCEPTIONS
23:42:35.969 | DEBUG |  ... 
23:42:35.970 | INFO  | Started: method com.google.common.base.Throwables.getGetMethod()
23:42:35.970 | INFO  |  -- Remaining time budget: 46017 ms, #remaining_methods: 6, budget for method: 7669 ms, solver timeout: 1000 ms, budget for symbolic execution: 6469 ms, budget for concrete execution: 1200 ms,  -- 
23:42:36.009 | DEBUG | --new testCase collected, to generate: testCom.google.common.base.Throwables.getGetMethod()1
23:42:42.439 | INFO  | |> Starting concrete execution for remaining state: com.google.common.base.Throwables.getGetMethod()
23:42:43.452 | INFO  | Finished (in 7.482 sec): method com.google.common.base.Throwables.getGetMethod() 
<StatsForMethod> :
	#generatedTC=1
	WITH NO EXCEPTIONS
23:42:43.874 | DEBUG |  ... 
23:42:43.875 | INFO  | Started: method com.google.common.base.Throwables.getSizeMethod()
23:42:43.876 | INFO  |  -- Remaining time budget: 38111 ms, #remaining_methods: 5, budget for method: 7622 ms, solver timeout: 1000 ms, budget for symbolic execution: 6422 ms, budget for concrete execution: 1200 ms,  -- 
23:42:43.892 | DEBUG | --new testCase collected, to generate: testCom.google.common.base.Throwables.getSizeMethod()1
23:42:50.298 | INFO  | |> Starting concrete execution for remaining state: com.google.common.base.Throwables.getSizeMethod()
23:42:51.287 | INFO  | Finished (in 7.411 sec): method com.google.common.base.Throwables.getSizeMethod() 
<StatsForMethod> :
	#generatedTC=1
	WITH NO EXCEPTIONS
23:42:51.520 | DEBUG |  ... 
23:42:51.521 | INFO  | Started: method com.google.common.base.Throwables.getJlaMethod(String, Class)
23:42:51.521 | INFO  |  -- Remaining time budget: 30466 ms, #remaining_methods: 4, budget for method: 7616 ms, solver timeout: 1000 ms, budget for symbolic execution: 6416 ms, budget for concrete execution: 1200 ms,  -- 
23:42:51.544 | DEBUG | --new testCase collected, to generate: testCom.google.common.base.Throwables.getJlaMethod(String, Class)1
23:42:57.937 | INFO  | |> Starting concrete execution for remaining state: com.google.common.base.Throwables.getJlaMethod(String, Class)
23:42:58.593 | INFO  | Finished (in 7.072 sec): method com.google.common.base.Throwables.getJlaMethod(String, Class) 
<StatsForMethod> :
	#generatedTC=1
	WITH NO EXCEPTIONS
23:42:59.027 | DEBUG |  ... 
23:42:59.028 | INFO  | Started: method com.google.common.base.Throwables.propagate(Throwable)
23:42:59.028 | INFO  |  -- Remaining time budget: 22958 ms, #remaining_methods: 3, budget for method: 7652 ms, solver timeout: 1000 ms, budget for symbolic execution: 6452 ms, budget for concrete execution: 1200 ms,  -- 
23:42:59.096 | DEBUG | --new testCase collected, to generate: testCom.google.common.base.Throwables.propagate(Throwable)1
23:42:59.722 | DEBUG | --new testCase collected, to generate: testCom.google.common.base.Throwables.propagate(Throwable)2
23:42:59.883 | DEBUG | --new testCase collected, to generate: testCom.google.common.base.Throwables.propagate(Throwable)3
23:43:00.056 | DEBUG | --new testCase collected, to generate: testCom.google.common.base.Throwables.propagate(Throwable)4
23:43:00.056 | INFO  | Finished (in 1.028 sec): method com.google.common.base.Throwables.propagate(Throwable) 
<StatsForMethod> :
	#generatedTC=4
	WITH NO EXCEPTIONS
23:43:00.084 | DEBUG |  ... 
23:43:00.084 | INFO  | Started: method com.google.common.base.Throwables.throwIfUnchecked(Throwable)
23:43:00.085 | INFO  |  -- Remaining time budget: 21902 ms, #remaining_methods: 2, budget for method: 10951 ms, solver timeout: 1000 ms, budget for symbolic execution: 9751 ms, budget for concrete execution: 1200 ms,  -- 
23:43:00.092 | DEBUG | --new testCase collected, to generate: testCom.google.common.base.Throwables.throwIfUnchecked(Throwable)1
23:43:00.340 | DEBUG | --new testCase collected, to generate: testCom.google.common.base.Throwables.throwIfUnchecked(Throwable)2
23:43:00.519 | DEBUG | --new testCase collected, to generate: testCom.google.common.base.Throwables.throwIfUnchecked(Throwable)3
23:43:00.671 | DEBUG | --new testCase collected, to generate: testCom.google.common.base.Throwables.throwIfUnchecked(Throwable)4
23:43:00.672 | INFO  | Finished (in 0.587 sec): method com.google.common.base.Throwables.throwIfUnchecked(Throwable) 
<StatsForMethod> :
	#generatedTC=4
	WITH NO EXCEPTIONS
23:43:00.674 | DEBUG |  ... 
23:43:00.674 | INFO  | Started: method com.google.common.base.Throwables.<init>()
23:43:00.674 | INFO  |  -- Remaining time budget: 21312 ms, #remaining_methods: 1, budget for method: 21312 ms, solver timeout: 1000 ms, budget for symbolic execution: 20112 ms, budget for concrete execution: 1200 ms,  -- 
23:43:00.679 | DEBUG | --new testCase collected, to generate: testCom.google.common.base.Throwables.<init>()1
23:43:00.703 | DEBUG | --new testCase collected, to generate: testCom.google.common.base.Throwables.<init>()2
23:43:00.704 | INFO  | Finished (in 0.030 sec): method com.google.common.base.Throwables.<init>() 
<StatsForMethod> :
	#generatedTC=2
	WITH NO EXCEPTIONS
23:43:00.711 | INFO  | Started: Flushing tests for [Throwables] on disk
23:43:01.038 | INFO  | File size for ThrowablesTest: 47 KB
23:43:01.039 | INFO  | Finished (in 0.328 sec): Flushing tests for [Throwables] on disk 
23:43:01.040 | INFO  | Finished (in 81.031 sec): class com.google.common.base.Throwables 
<StatsForClass> :
	canceled by timeout = false
	#methods = 20, 
	#methods started symbolic exploration = 20
	#methods with at least one TC = 17
	#methods with exceptions = 6
	#generated TC = 55
	#coverage = null
[READY]
