Started UtBot Contest, classfileDir = /var/benchmarks/projects/guava/guava/target/classes, classpathString=/var/benchmarks/projects/guava/guava/target/classes:/var/benchmarks/projects/guava/guava/target/guava-26.0-jre.jar:/var/benchmarks/projects/./guava/guava/target/dependency/checker-qual-2.5.2.jar:/var/benchmarks/projects/guava/guava/target/dependency/error_prone_annotations-2.1.3.jar:/var/benchmarks/projects/guava/guava/target/dependency/j2objc-annotations-1.1.jar:/var/benchmarks/projects/guava/guava/target/dependency/jsr305-3.0.2.jar:/var/benchmarks/projects/guava/guava/target/dependency/animal-sniffer-annotations-1.14.jar, outputDir=/home/utbot_mocks/temp/testcases, mocks=Other classes: Mockito
23:54:14.419 | INFO  | Started: warmup: kotlin reflection :: init
23:54:14.495 | INFO  | Finished (in 0.076 sec): warmup: kotlin reflection :: init 
[INIT]
>> [RUN] com.google.common.collect.TopKSelector 120
23:54:14.504 | DEBUG | -----------------------------------------------------------------------------
23:54:14.505 | INFO  | Contest.runGeneration: Time budget: 120000 ms, Generation timeout=102000 ms, classpath=/var/benchmarks/projects/guava/guava/target/classes:/var/benchmarks/projects/guava/guava/target/guava-26.0-jre.jar:/var/benchmarks/projects/./guava/guava/target/dependency/checker-qual-2.5.2.jar:/var/benchmarks/projects/guava/guava/target/dependency/error_prone_annotations-2.1.3.jar:/var/benchmarks/projects/guava/guava/target/dependency/j2objc-annotations-1.1.jar:/var/benchmarks/projects/guava/guava/target/dependency/jsr305-3.0.2.jar:/var/benchmarks/projects/guava/guava/target/dependency/animal-sniffer-annotations-1.14.jar, methodNameFilter=null
23:54:14.507 | INFO  | ClassUnderTest[ FQN: com.google.common.collect.TopKSelector
    classfileDir: /var/benchmarks/projects/guava/guava/target/classes
    testClassSimpleName: TopKSelectorTest
    generatedTestFile: /home/utbot_mocks/temp/testcases/com/google/common/collect/TopKSelectorTest.java
    generatedTestsSourcesDir: /home/utbot_mocks/temp/testcases
]
23:54:14.529 | INFO  | Started: class com.google.common.collect.TopKSelector
23:54:14.530 | INFO  | Started: preparation class class com.google.common.collect.TopKSelector: kotlin reflection :: run
23:54:14.556 | INFO  | Finished (in 0.025 sec): preparation class class com.google.common.collect.TopKSelector: kotlin reflection :: run 
23:54:14.557 | INFO  | Started: 2nd optional soot initialization
23:54:14.558 | INFO  | Finished (in 0.001 sec): 2nd optional soot initialization 
23:54:14.565 | DEBUG |  ... 
23:54:14.575 | INFO  | Started: method com.google.common.collect.TopKSelector.offer(T)
23:54:14.577 | INFO  |  -- Remaining time budget: 101938 ms, #remaining_methods: 13, budget for method: 7841 ms, solver timeout: 1000 ms, budget for symbolic execution: 6641 ms, budget for concrete execution: 1200 ms,  -- 
23:54:14.878 | DEBUG | --new testCase collected, to generate: testCom.google.common.collect.TopKSelector.offer(T)1
23:54:15.310 | DEBUG | --new testCase collected, to generate: testCom.google.common.collect.TopKSelector.offer(T)2
23:54:15.806 | DEBUG | --new testCase collected, to generate: testCom.google.common.collect.TopKSelector.offer(T)3
23:54:16.336 | DEBUG | --new testCase collected, to generate: testCom.google.common.collect.TopKSelector.offer(T)4
23:54:16.521 | DEBUG | --new testCase collected, to generate: testCom.google.common.collect.TopKSelector.offer(T)5
23:54:16.837 | DEBUG | --new testCase collected, to generate: testCom.google.common.collect.TopKSelector.offer(T)6
23:54:18.642 | DEBUG | --new testCase collected, to generate: testCom.google.common.collect.TopKSelector.offer(T)7
23:54:18.988 | DEBUG | --new testCase collected, to generate: testCom.google.common.collect.TopKSelector.offer(T)8
23:54:19.719 | DEBUG | --new testCase collected, to generate: testCom.google.common.collect.TopKSelector.offer(T)9
23:54:21.401 | INFO  | |> Starting concrete execution for remaining state: com.google.common.collect.TopKSelector.offer(T)
23:54:22.602 | INFO  | (X) Cancelling concrete execution: com.google.common.collect.TopKSelector.offer(T)
23:54:22.782 | INFO  | Finished (in 8.205 sec): method com.google.common.collect.TopKSelector.offer(T) 
<StatsForMethod> :
	#generatedTC=9
	WITH NO EXCEPTIONS
23:54:22.788 | DEBUG |  ... 
23:54:22.789 | INFO  | Started: method com.google.common.collect.TopKSelector.partition(int, int, int)
23:54:22.790 | INFO  |  -- Remaining time budget: 93717 ms, #remaining_methods: 12, budget for method: 7809 ms, solver timeout: 1000 ms, budget for symbolic execution: 6609 ms, budget for concrete execution: 1200 ms,  -- 
23:54:22.799 | DEBUG | --new testCase collected, to generate: testCom.google.common.collect.TopKSelector.partition(int, int, int)1
23:54:23.036 | DEBUG | --new testCase collected, to generate: testCom.google.common.collect.TopKSelector.partition(int, int, int)2
23:54:23.201 | DEBUG | --new testCase collected, to generate: testCom.google.common.collect.TopKSelector.partition(int, int, int)3
23:54:23.459 | DEBUG | --new testCase collected, to generate: testCom.google.common.collect.TopKSelector.partition(int, int, int)4
23:54:23.720 | DEBUG | --new testCase collected, to generate: testCom.google.common.collect.TopKSelector.partition(int, int, int)5
23:54:24.920 | DEBUG | --new testCase collected, to generate: testCom.google.common.collect.TopKSelector.partition(int, int, int)6
23:54:27.306 | DEBUG | --new testCase collected, to generate: testCom.google.common.collect.TopKSelector.partition(int, int, int)7
23:54:27.697 | DEBUG | --new testCase collected, to generate: testCom.google.common.collect.TopKSelector.partition(int, int, int)8
23:54:28.668 | DEBUG | --new testCase collected, to generate: testCom.google.common.collect.TopKSelector.partition(int, int, int)9
23:54:29.399 | INFO  | |> Starting concrete execution for remaining state: com.google.common.collect.TopKSelector.partition(int, int, int)
23:54:29.610 | DEBUG | --new testCase collected, to generate: testCom.google.common.collect.TopKSelector.partition(int, int, int)10
23:54:30.600 | INFO  | (X) Cancelling concrete execution: com.google.common.collect.TopKSelector.partition(int, int, int)
23:54:30.647 | INFO  | Finished (in 7.857 sec): method com.google.common.collect.TopKSelector.partition(int, int, int) 
<StatsForMethod> :
	#generatedTC=10
	WITH NO EXCEPTIONS
23:54:30.790 | DEBUG |  ... 
23:54:30.791 | INFO  | Started: method com.google.common.collect.TopKSelector.offerAll(Iterable)
23:54:30.791 | INFO  |  -- Remaining time budget: 85716 ms, #remaining_methods: 11, budget for method: 7792 ms, solver timeout: 1000 ms, budget for symbolic execution: 6592 ms, budget for concrete execution: 1200 ms,  -- 
23:54:30.798 | DEBUG | --new testCase collected, to generate: testCom.google.common.collect.TopKSelector.offerAll(Iterable)1
23:54:30.898 | DEBUG | --new testCase collected, to generate: testCom.google.common.collect.TopKSelector.offerAll(Iterable)2
23:54:31.009 | ERROR | Symbolic execution FAILED
java.util.NoSuchElementException: List contains no element matching the predicate.
	at com.huawei.utbot.engine.Hierarchy.chunkIdForField(Hierarchy.kt:76) ~[utbot-junit-contest-1.0.jar:?]
	at com.huawei.utbot.engine.UtBotSymbolicEngine.createFieldOrMock(UtBotSymbolicEngine.kt:1934) ~[utbot-junit-contest-1.0.jar:?]
	at com.huawei.utbot.engine.UtBotSymbolicEngine.resolve(UtBotSymbolicEngine.kt:1745) ~[utbot-junit-contest-1.0.jar:?]
	at com.huawei.utbot.engine.UtBotSymbolicEngine.traverseAssignStmt(UtBotSymbolicEngine.kt:886) ~[utbot-junit-contest-1.0.jar:?]
	at com.huawei.utbot.engine.UtBotSymbolicEngine.traverseStmt(UtBotSymbolicEngine.kt:604) ~[utbot-junit-contest-1.0.jar:?]
	at com.huawei.utbot.engine.UtBotSymbolicEngine$traverse$1.invokeSuspend(UtBotSymbolicEngine.kt:464) [utbot-junit-contest-1.0.jar:?]
	at com.huawei.utbot.engine.UtBotSymbolicEngine$traverse$1.invoke(UtBotSymbolicEngine.kt) [utbot-junit-contest-1.0.jar:?]
	at kotlinx.coroutines.flow.SafeFlow.collectSafely(Builders.kt:61) [utbot-junit-contest-1.0.jar:?]
	at kotlinx.coroutines.flow.AbstractFlow.collect(Flow.kt:212) [utbot-junit-contest-1.0.jar:?]
	at kotlinx.coroutines.flow.FlowKt__MergeKt$flattenConcat$$inlined$unsafeFlow$1$lambda$1.emit(Collect.kt:134) [utbot-junit-contest-1.0.jar:?]
	at kotlinx.coroutines.flow.FlowKt__BuildersKt$flowOf$$inlined$unsafeFlow$1.collect(SafeCollector.common.kt:114) [utbot-junit-contest-1.0.jar:?]
	at kotlinx.coroutines.flow.FlowKt__BuildersKt$flowOf$$inlined$unsafeFlow$1$1.invokeSuspend(Unknown Source) [utbot-junit-contest-1.0.jar:?]
	at kotlin.coroutines.jvm.internal.BaseContinuationImpl.resumeWith(ContinuationImpl.kt:33) [utbot-junit-contest-1.0.jar:?]
	at kotlinx.coroutines.DispatchedTask.run(DispatchedTask.kt:106) [utbot-junit-contest-1.0.jar:?]
	at java.util.concurrent.Executors$RunnableAdapter.call(Executors.java:511) [?:1.8.0_312]
	at java.util.concurrent.FutureTask.run(FutureTask.java:266) [?:1.8.0_312]
	at java.util.concurrent.ScheduledThreadPoolExecutor$ScheduledFutureTask.access$201(ScheduledThreadPoolExecutor.java:180) [?:1.8.0_312]
	at java.util.concurrent.ScheduledThreadPoolExecutor$ScheduledFutureTask.run(ScheduledThreadPoolExecutor.java:293) [?:1.8.0_312]
	at java.util.concurrent.ThreadPoolExecutor.runWorker(ThreadPoolExecutor.java:1149) [?:1.8.0_312]
	at java.util.concurrent.ThreadPoolExecutor$Worker.run(ThreadPoolExecutor.java:624) [?:1.8.0_312]
	at java.lang.Thread.run(Thread.java:748) [?:1.8.0_312]
23:54:37.383 | INFO  | |> Starting concrete execution for remaining state: com.google.common.collect.TopKSelector.offerAll(Iterable)
23:54:38.584 | INFO  | (X) Cancelling concrete execution: com.google.common.collect.TopKSelector.offerAll(Iterable)
23:54:38.637 | INFO  | Finished (in 7.846 sec): method com.google.common.collect.TopKSelector.offerAll(Iterable) 
<StatsForMethod> :
	#generatedTC=2
	FAILED 1 time(s) with 1 different exception(s)"
23:54:38.825 | DEBUG |  ... 
23:54:38.826 | INFO  | Started: method com.google.common.collect.TopKSelector.offerAll(Iterator)
23:54:38.826 | INFO  |  -- Remaining time budget: 77680 ms, #remaining_methods: 10, budget for method: 7768 ms, solver timeout: 1000 ms, budget for symbolic execution: 6568 ms, budget for concrete execution: 1200 ms,  -- 
23:54:38.834 | DEBUG | --new testCase collected, to generate: testCom.google.common.collect.TopKSelector.offerAll(Iterator)1
23:54:38.938 | DEBUG | --new testCase collected, to generate: testCom.google.common.collect.TopKSelector.offerAll(Iterator)2
23:54:39.220 | DEBUG | --new testCase collected, to generate: testCom.google.common.collect.TopKSelector.offerAll(Iterator)3
23:54:39.361 | ERROR | Symbolic execution FAILED
java.util.NoSuchElementException: List contains no element matching the predicate.
	at com.huawei.utbot.engine.Hierarchy.chunkIdForField(Hierarchy.kt:76) ~[utbot-junit-contest-1.0.jar:?]
	at com.huawei.utbot.engine.UtBotSymbolicEngine.createFieldOrMock(UtBotSymbolicEngine.kt:1934) ~[utbot-junit-contest-1.0.jar:?]
	at com.huawei.utbot.engine.UtBotSymbolicEngine.resolve(UtBotSymbolicEngine.kt:1745) ~[utbot-junit-contest-1.0.jar:?]
	at com.huawei.utbot.engine.UtBotSymbolicEngine.traverseAssignStmt(UtBotSymbolicEngine.kt:886) ~[utbot-junit-contest-1.0.jar:?]
	at com.huawei.utbot.engine.UtBotSymbolicEngine.traverseStmt(UtBotSymbolicEngine.kt:604) ~[utbot-junit-contest-1.0.jar:?]
	at com.huawei.utbot.engine.UtBotSymbolicEngine$traverse$1.invokeSuspend(UtBotSymbolicEngine.kt:464) [utbot-junit-contest-1.0.jar:?]
	at com.huawei.utbot.engine.UtBotSymbolicEngine$traverse$1.invoke(UtBotSymbolicEngine.kt) [utbot-junit-contest-1.0.jar:?]
	at kotlinx.coroutines.flow.SafeFlow.collectSafely(Builders.kt:61) [utbot-junit-contest-1.0.jar:?]
	at kotlinx.coroutines.flow.AbstractFlow.collect(Flow.kt:212) [utbot-junit-contest-1.0.jar:?]
	at kotlinx.coroutines.flow.FlowKt__MergeKt$flattenConcat$$inlined$unsafeFlow$1$lambda$1.emit(Collect.kt:134) [utbot-junit-contest-1.0.jar:?]
	at kotlinx.coroutines.flow.FlowKt__BuildersKt$flowOf$$inlined$unsafeFlow$1.collect(SafeCollector.common.kt:114) [utbot-junit-contest-1.0.jar:?]
	at kotlinx.coroutines.flow.FlowKt__BuildersKt$flowOf$$inlined$unsafeFlow$1$1.invokeSuspend(Unknown Source) [utbot-junit-contest-1.0.jar:?]
	at kotlin.coroutines.jvm.internal.BaseContinuationImpl.resumeWith(ContinuationImpl.kt:33) [utbot-junit-contest-1.0.jar:?]
	at kotlinx.coroutines.DispatchedTask.run(DispatchedTask.kt:106) [utbot-junit-contest-1.0.jar:?]
	at java.util.concurrent.Executors$RunnableAdapter.call(Executors.java:511) [?:1.8.0_312]
	at java.util.concurrent.FutureTask.run(FutureTask.java:266) [?:1.8.0_312]
	at java.util.concurrent.ScheduledThreadPoolExecutor$ScheduledFutureTask.access$201(ScheduledThreadPoolExecutor.java:180) [?:1.8.0_312]
	at java.util.concurrent.ScheduledThreadPoolExecutor$ScheduledFutureTask.run(ScheduledThreadPoolExecutor.java:293) [?:1.8.0_312]
	at java.util.concurrent.ThreadPoolExecutor.runWorker(ThreadPoolExecutor.java:1149) [?:1.8.0_312]
	at java.util.concurrent.ThreadPoolExecutor$Worker.run(ThreadPoolExecutor.java:624) [?:1.8.0_312]
	at java.lang.Thread.run(Thread.java:748) [?:1.8.0_312]
23:54:39.553 | DEBUG | --new testCase collected, to generate: testCom.google.common.collect.TopKSelector.offerAll(Iterator)4
23:54:40.867 | DEBUG | --new testCase collected, to generate: testCom.google.common.collect.TopKSelector.offerAll(Iterator)5
23:54:42.005 | DEBUG | --new testCase collected, to generate: testCom.google.common.collect.TopKSelector.offerAll(Iterator)6
23:54:45.395 | INFO  | |> Starting concrete execution for remaining state: com.google.common.collect.TopKSelector.offerAll(Iterator)
23:54:46.595 | INFO  | (X) Cancelling concrete execution: com.google.common.collect.TopKSelector.offerAll(Iterator)
23:54:47.424 | INFO  | Finished (in 8.597 sec): method com.google.common.collect.TopKSelector.offerAll(Iterator) 
<StatsForMethod> :
	#generatedTC=6
	FAILED 1 time(s) with 1 different exception(s)"
23:54:47.597 | DEBUG |  ... 
23:54:47.598 | INFO  | Started: method com.google.common.collect.TopKSelector.topK()
23:54:47.598 | INFO  |  -- Remaining time budget: 68908 ms, #remaining_methods: 9, budget for method: 7656 ms, solver timeout: 1000 ms, budget for symbolic execution: 6456 ms, budget for concrete execution: 1200 ms,  -- 
23:54:47.606 | DEBUG | --new testCase collected, to generate: testCom.google.common.collect.TopKSelector.topK()1
23:54:48.467 | DEBUG | --new testCase collected, to generate: testCom.google.common.collect.TopKSelector.topK()2
23:54:48.593 | DEBUG | --new testCase collected, to generate: testCom.google.common.collect.TopKSelector.topK()3
23:54:54.055 | INFO  | |> Starting concrete execution for remaining state: com.google.common.collect.TopKSelector.topK()
23:54:55.255 | INFO  | (X) Cancelling concrete execution: com.google.common.collect.TopKSelector.topK()
23:54:55.344 | INFO  | Finished (in 7.746 sec): method com.google.common.collect.TopKSelector.topK() 
<StatsForMethod> :
	#generatedTC=3
	WITH NO EXCEPTIONS
23:54:55.532 | DEBUG |  ... 
23:54:55.533 | INFO  | Started: method com.google.common.collect.TopKSelector.trim()
23:54:55.533 | INFO  |  -- Remaining time budget: 60973 ms, #remaining_methods: 8, budget for method: 7621 ms, solver timeout: 1000 ms, budget for symbolic execution: 6421 ms, budget for concrete execution: 1200 ms,  -- 
23:54:55.545 | DEBUG | --new testCase collected, to generate: testCom.google.common.collect.TopKSelector.trim()1
23:54:56.476 | DEBUG | --new testCase collected, to generate: testCom.google.common.collect.TopKSelector.trim()2
23:54:57.406 | DEBUG | --new testCase collected, to generate: testCom.google.common.collect.TopKSelector.trim()3
23:54:58.394 | DEBUG | --new testCase collected, to generate: testCom.google.common.collect.TopKSelector.trim()4
23:55:01.955 | INFO  | |> Starting concrete execution for remaining state: com.google.common.collect.TopKSelector.trim()
23:55:03.155 | INFO  | (X) Cancelling concrete execution: com.google.common.collect.TopKSelector.trim()
23:55:04.230 | INFO  | Finished (in 8.697 sec): method com.google.common.collect.TopKSelector.trim() 
<StatsForMethod> :
	#generatedTC=4
	WITH NO EXCEPTIONS
23:55:04.377 | DEBUG |  ... 
23:55:04.378 | INFO  | Started: method com.google.common.collect.TopKSelector.combine(TopKSelector)
23:55:04.378 | INFO  |  -- Remaining time budget: 52128 ms, #remaining_methods: 7, budget for method: 7446 ms, solver timeout: 1000 ms, budget for symbolic execution: 6246 ms, budget for concrete execution: 1200 ms,  -- 
23:55:04.385 | DEBUG | --new testCase collected, to generate: testCom.google.common.collect.TopKSelector.combine(TopKSelector)1
23:55:04.482 | DEBUG | --new testCase collected, to generate: testCom.google.common.collect.TopKSelector.combine(TopKSelector)2
23:55:04.503 | DEBUG | --new testCase collected, to generate: testCom.google.common.collect.TopKSelector.combine(TopKSelector)3
23:55:04.835 | DEBUG | --new testCase collected, to generate: testCom.google.common.collect.TopKSelector.combine(TopKSelector)4
23:55:08.822 | DEBUG | --new testCase collected, to generate: testCom.google.common.collect.TopKSelector.combine(TopKSelector)5
23:55:10.495 | DEBUG | --new testCase collected, to generate: testCom.google.common.collect.TopKSelector.combine(TopKSelector)6
23:55:10.624 | INFO  | |> Starting concrete execution for remaining state: com.google.common.collect.TopKSelector.combine(TopKSelector)
23:55:11.311 | DEBUG | --new testCase collected, to generate: testCom.google.common.collect.TopKSelector.combine(TopKSelector)7
23:55:11.825 | INFO  | (X) Cancelling concrete execution: com.google.common.collect.TopKSelector.combine(TopKSelector)
23:55:12.039 | INFO  | Finished (in 7.661 sec): method com.google.common.collect.TopKSelector.combine(TopKSelector) 
<StatsForMethod> :
	#generatedTC=7
	WITH NO EXCEPTIONS
23:55:12.209 | DEBUG |  ... 
23:55:12.211 | INFO  | Started: method com.google.common.collect.TopKSelector.swap(int, int)
23:55:12.211 | INFO  |  -- Remaining time budget: 44296 ms, #remaining_methods: 6, budget for method: 7382 ms, solver timeout: 1000 ms, budget for symbolic execution: 6182 ms, budget for concrete execution: 1200 ms,  -- 
23:55:12.222 | DEBUG | --new testCase collected, to generate: testCom.google.common.collect.TopKSelector.swap(int, int)1
23:55:12.415 | DEBUG | --new testCase collected, to generate: testCom.google.common.collect.TopKSelector.swap(int, int)2
23:55:12.579 | DEBUG | --new testCase collected, to generate: testCom.google.common.collect.TopKSelector.swap(int, int)3
23:55:12.869 | DEBUG | --new testCase collected, to generate: testCom.google.common.collect.TopKSelector.swap(int, int)4
23:55:13.106 | DEBUG | --new testCase collected, to generate: testCom.google.common.collect.TopKSelector.swap(int, int)5
23:55:13.791 | DEBUG | --new testCase collected, to generate: testCom.google.common.collect.TopKSelector.swap(int, int)6
23:55:13.792 | INFO  | Finished (in 1.581 sec): method com.google.common.collect.TopKSelector.swap(int, int) 
<StatsForMethod> :
	#generatedTC=6
	WITH NO EXCEPTIONS
23:55:13.802 | DEBUG |  ... 
23:55:13.803 | INFO  | Started: method com.google.common.collect.TopKSelector.least(int)
23:55:13.803 | INFO  |  -- Remaining time budget: 42704 ms, #remaining_methods: 5, budget for method: 8540 ms, solver timeout: 1000 ms, budget for symbolic execution: 7340 ms, budget for concrete execution: 1200 ms,  -- 
23:55:13.813 | DEBUG | --new testCase collected, to generate: testCom.google.common.collect.TopKSelector.least(int)1
23:55:15.050 | DEBUG | --new testCase collected, to generate: testCom.google.common.collect.TopKSelector.least(int)2
23:55:15.267 | DEBUG | --new testCase collected, to generate: testCom.google.common.collect.TopKSelector.least(int)3
23:55:15.479 | DEBUG | --new testCase collected, to generate: testCom.google.common.collect.TopKSelector.least(int)4
23:55:15.489 | INFO  | Finished (in 1.686 sec): method com.google.common.collect.TopKSelector.least(int) 
<StatsForMethod> :
	#generatedTC=4
	WITH NO EXCEPTIONS
23:55:15.539 | DEBUG |  ... 
23:55:15.540 | INFO  | Started: method com.google.common.collect.TopKSelector.least(int, Comparator)
23:55:15.540 | INFO  |  -- Remaining time budget: 40966 ms, #remaining_methods: 4, budget for method: 10241 ms, solver timeout: 1000 ms, budget for symbolic execution: 9041 ms, budget for concrete execution: 1200 ms,  -- 
23:55:15.546 | DEBUG | --new testCase collected, to generate: testCom.google.common.collect.TopKSelector.least(int, Comparator)1
23:55:16.491 | DEBUG | --new testCase collected, to generate: testCom.google.common.collect.TopKSelector.least(int, Comparator)2
23:55:16.650 | DEBUG | --new testCase collected, to generate: testCom.google.common.collect.TopKSelector.least(int, Comparator)3
23:55:16.730 | DEBUG | --new testCase collected, to generate: testCom.google.common.collect.TopKSelector.least(int, Comparator)4
23:55:16.810 | DEBUG | --new testCase collected, to generate: testCom.google.common.collect.TopKSelector.least(int, Comparator)5
23:55:16.815 | INFO  | Finished (in 1.275 sec): method com.google.common.collect.TopKSelector.least(int, Comparator) 
<StatsForMethod> :
	#generatedTC=5
	WITH NO EXCEPTIONS
23:55:16.847 | DEBUG |  ... 
23:55:16.848 | INFO  | Started: method com.google.common.collect.TopKSelector.greatest(int, Comparator)
23:55:16.848 | INFO  |  -- Remaining time budget: 39658 ms, #remaining_methods: 3, budget for method: 13219 ms, solver timeout: 1000 ms, budget for symbolic execution: 12019 ms, budget for concrete execution: 1200 ms,  -- 
23:55:16.855 | DEBUG | --new testCase collected, to generate: testCom.google.common.collect.TopKSelector.greatest(int, Comparator)1
23:55:16.901 | DEBUG | --new testCase collected, to generate: testCom.google.common.collect.TopKSelector.greatest(int, Comparator)2
23:55:17.896 | DEBUG | --new testCase collected, to generate: testCom.google.common.collect.TopKSelector.greatest(int, Comparator)3
23:55:17.984 | DEBUG | --new testCase collected, to generate: testCom.google.common.collect.TopKSelector.greatest(int, Comparator)4
23:55:18.095 | DEBUG | --new testCase collected, to generate: testCom.google.common.collect.TopKSelector.greatest(int, Comparator)5
23:55:18.101 | INFO  | Finished (in 1.252 sec): method com.google.common.collect.TopKSelector.greatest(int, Comparator) 
<StatsForMethod> :
	#generatedTC=5
	WITH NO EXCEPTIONS
23:55:18.134 | DEBUG |  ... 
23:55:18.134 | INFO  | Started: method com.google.common.collect.TopKSelector.greatest(int)
23:55:18.135 | INFO  |  -- Remaining time budget: 38372 ms, #remaining_methods: 2, budget for method: 19186 ms, solver timeout: 1000 ms, budget for symbolic execution: 17986 ms, budget for concrete execution: 1200 ms,  -- 
23:55:18.142 | DEBUG | --new testCase collected, to generate: testCom.google.common.collect.TopKSelector.greatest(int)1
23:55:19.422 | DEBUG | --new testCase collected, to generate: testCom.google.common.collect.TopKSelector.greatest(int)2
23:55:19.502 | DEBUG | --new testCase collected, to generate: testCom.google.common.collect.TopKSelector.greatest(int)3
23:55:19.719 | DEBUG | --new testCase collected, to generate: testCom.google.common.collect.TopKSelector.greatest(int)4
23:55:19.729 | INFO  | Finished (in 1.594 sec): method com.google.common.collect.TopKSelector.greatest(int) 
<StatsForMethod> :
	#generatedTC=4
	WITH NO EXCEPTIONS
23:55:19.778 | DEBUG |  ... 
23:55:19.778 | INFO  | Started: method com.google.common.collect.TopKSelector.<init>(Comparator, int)
23:55:19.778 | INFO  |  -- Remaining time budget: 36728 ms, #remaining_methods: 1, budget for method: 36728 ms, solver timeout: 1000 ms, budget for symbolic execution: 35528 ms, budget for concrete execution: 1200 ms,  -- 
23:55:19.785 | DEBUG | --new testCase collected, to generate: testCom.google.common.collect.TopKSelector.<init>(Comparator, int)1
23:55:20.045 | DEBUG | --new testCase collected, to generate: testCom.google.common.collect.TopKSelector.<init>(Comparator, int)2
23:55:20.504 | DEBUG | --new testCase collected, to generate: testCom.google.common.collect.TopKSelector.<init>(Comparator, int)3
23:55:20.518 | DEBUG | --new testCase collected, to generate: testCom.google.common.collect.TopKSelector.<init>(Comparator, int)4
23:55:20.525 | INFO  | Finished (in 0.747 sec): method com.google.common.collect.TopKSelector.<init>(Comparator, int) 
<StatsForMethod> :
	#generatedTC=4
	WITH NO EXCEPTIONS
23:55:20.536 | INFO  | Started: Flushing tests for [TopKSelector] on disk
23:55:21.617 | INFO  | File size for TopKSelectorTest: 82 KB
23:55:21.619 | INFO  | Finished (in 1.083 sec): Flushing tests for [TopKSelector] on disk 
23:55:21.620 | INFO  | Finished (in 67.090 sec): class com.google.common.collect.TopKSelector 
<StatsForClass> :
	canceled by timeout = false
	#methods = 13, 
	#methods started symbolic exploration = 13
	#methods with at least one TC = 13
	#methods with exceptions = 2
	#generated TC = 69
	#coverage = null
[READY]
