Started UtBot Contest, classfileDir = /var/benchmarks/projects/spoon/target/classes, classpathString=/var/benchmarks/projects/spoon/target/classes:/var/benchmarks/projects/spoon/target/spoon-core-7.0.0.jar:/var/benchmarks/projects/./spoon/target/dependency/org.eclipse.text-3.12.0.jar:/var/benchmarks/projects/spoon/target/dependency/org.eclipse.equinox.app-1.6.100.jar:/var/benchmarks/projects/spoon/target/dependency/org.eclipse.core.contenttype-3.8.100.jar:/var/benchmarks/projects/spoon/target/dependency/mockito-all-2.0.2-beta.jar:/var/benchmarks/projects/spoon/target/dependency/jackson-databind-2.9.2.jar:/var/benchmarks/projects/spoon/target/dependency/guava-18.0.jar:/var/benchmarks/projects/spoon/target/dependency/org.eclipse.core.expressions-3.8.100.jar:/var/benchmarks/projects/spoon/target/dependency/org.eclipse.core.commands-3.10.100.jar:/var/benchmarks/projects/spoon/target/dependency/jackson-annotations-2.9.0.jar:/var/benchmarks/projects/spoon/target/dependency/org.eclipse.jdt.core-3.13.102.jar:/var/benchmarks/projects/spoon/target/dependency/org.eclipse.core.runtime-3.24.0.jar:/var/benchmarks/projects/spoon/target/dependency/org.eclipse.core.resources-3.16.0.jar:/var/benchmarks/projects/spoon/target/dependency/jackson-core-2.9.2.jar:/var/benchmarks/projects/spoon/target/dependency/junit-4.12.jar:/var/benchmarks/projects/spoon/target/dependency/org.eclipse.equinox.registry-3.11.100.jar:/var/benchmarks/projects/spoon/target/dependency/hamcrest-core-1.3.jar:/var/benchmarks/projects/spoon/target/dependency/maven-model-3.3.9.jar:/var/benchmarks/projects/spoon/target/dependency/plexus-utils-3.0.22.jar:/var/benchmarks/projects/spoon/target/dependency/jsap-2.1.jar:/var/benchmarks/projects/spoon/target/dependency/bridge-method-annotation-1.13.jar:/var/benchmarks/projects/spoon/target/dependency/org.eclipse.equinox.common-3.15.100.jar:/var/benchmarks/projects/spoon/target/dependency/org.eclipse.core.jobs-3.12.0.jar:/var/benchmarks/projects/spoon/target/dependency/commons-io-2.5.jar:/var/benchmarks/projects/spoon/target/dependency/commons-lang3-3.5.jar:/var/benchmarks/projects/spoon/target/dependency/system-rules-1.9.0.jar:/var/benchmarks/projects/spoon/target/dependency/querydsl-core-3.6.9.jar:/var/benchmarks/projects/spoon/target/dependency/org.eclipse.core.filesystem-1.9.200.jar:/var/benchmarks/projects/spoon/target/dependency/org.eclipse.equinox.preferences-3.9.100.jar:/var/benchmarks/projects/spoon/target/dependency/org.eclipse.osgi-3.17.100.jar:/var/benchmarks/projects/spoon/target/dependency/log4j-1.2.17.jar, outputDir=/home/utbot_mocks/temp/testcases, mocks=Other classes: Mockito
00:42:41.268 | INFO  | Started: warmup: kotlin reflection :: init
00:42:41.350 | INFO  | Finished (in 0.081 sec): warmup: kotlin reflection :: init 
[INIT]
>> [RUN] spoon.support.reflect.CtExtendedModifier 120
00:42:41.361 | DEBUG | -----------------------------------------------------------------------------
00:42:41.362 | INFO  | Contest.runGeneration: Time budget: 120000 ms, Generation timeout=102000 ms, classpath=/var/benchmarks/projects/spoon/target/classes:/var/benchmarks/projects/spoon/target/spoon-core-7.0.0.jar:/var/benchmarks/projects/./spoon/target/dependency/org.eclipse.text-3.12.0.jar:/var/benchmarks/projects/spoon/target/dependency/org.eclipse.equinox.app-1.6.100.jar:/var/benchmarks/projects/spoon/target/dependency/org.eclipse.core.contenttype-3.8.100.jar:/var/benchmarks/projects/spoon/target/dependency/mockito-all-2.0.2-beta.jar:/var/benchmarks/projects/spoon/target/dependency/jackson-databind-2.9.2.jar:/var/benchmarks/projects/spoon/target/dependency/guava-18.0.jar:/var/benchmarks/projects/spoon/target/dependency/org.eclipse.core.expressions-3.8.100.jar:/var/benchmarks/projects/spoon/target/dependency/org.eclipse.core.commands-3.10.100.jar:/var/benchmarks/projects/spoon/target/dependency/jackson-annotations-2.9.0.jar:/var/benchmarks/projects/spoon/target/dependency/org.eclipse.jdt.core-3.13.102.jar:/var/benchmarks/projects/spoon/target/dependency/org.eclipse.core.runtime-3.24.0.jar:/var/benchmarks/projects/spoon/target/dependency/org.eclipse.core.resources-3.16.0.jar:/var/benchmarks/projects/spoon/target/dependency/jackson-core-2.9.2.jar:/var/benchmarks/projects/spoon/target/dependency/junit-4.12.jar:/var/benchmarks/projects/spoon/target/dependency/org.eclipse.equinox.registry-3.11.100.jar:/var/benchmarks/projects/spoon/target/dependency/hamcrest-core-1.3.jar:/var/benchmarks/projects/spoon/target/dependency/maven-model-3.3.9.jar:/var/benchmarks/projects/spoon/target/dependency/plexus-utils-3.0.22.jar:/var/benchmarks/projects/spoon/target/dependency/jsap-2.1.jar:/var/benchmarks/projects/spoon/target/dependency/bridge-method-annotation-1.13.jar:/var/benchmarks/projects/spoon/target/dependency/org.eclipse.equinox.common-3.15.100.jar:/var/benchmarks/projects/spoon/target/dependency/org.eclipse.core.jobs-3.12.0.jar:/var/benchmarks/projects/spoon/target/dependency/commons-io-2.5.jar:/var/benchmarks/projects/spoon/target/dependency/commons-lang3-3.5.jar:/var/benchmarks/projects/spoon/target/dependency/system-rules-1.9.0.jar:/var/benchmarks/projects/spoon/target/dependency/querydsl-core-3.6.9.jar:/var/benchmarks/projects/spoon/target/dependency/org.eclipse.core.filesystem-1.9.200.jar:/var/benchmarks/projects/spoon/target/dependency/org.eclipse.equinox.preferences-3.9.100.jar:/var/benchmarks/projects/spoon/target/dependency/org.eclipse.osgi-3.17.100.jar:/var/benchmarks/projects/spoon/target/dependency/log4j-1.2.17.jar, methodNameFilter=null
00:42:41.365 | INFO  | ClassUnderTest[ FQN: spoon.support.reflect.CtExtendedModifier
    classfileDir: /var/benchmarks/projects/spoon/target/classes
    testClassSimpleName: CtExtendedModifierTest
    generatedTestFile: /home/utbot_mocks/temp/testcases/spoon/support/reflect/CtExtendedModifierTest.java
    generatedTestsSourcesDir: /home/utbot_mocks/temp/testcases
]
00:42:41.389 | INFO  | Started: class spoon.support.reflect.CtExtendedModifier
00:42:41.390 | INFO  | Started: preparation class class spoon.support.reflect.CtExtendedModifier: kotlin reflection :: run
00:42:41.407 | INFO  | Finished (in 0.017 sec): preparation class class spoon.support.reflect.CtExtendedModifier: kotlin reflection :: run 
00:42:41.408 | INFO  | Started: 2nd optional soot initialization
00:42:41.409 | INFO  | Finished (in 0.001 sec): 2nd optional soot initialization 
00:42:41.420 | DEBUG |  ... 
00:42:41.432 | INFO  | Started: method spoon.support.reflect.CtExtendedModifier.equals(Object)
00:42:41.433 | INFO  |  -- Remaining time budget: 101937 ms, #remaining_methods: 10, budget for method: 10193 ms, solver timeout: 1000 ms, budget for symbolic execution: 8993 ms, budget for concrete execution: 1200 ms,  -- 
00:42:41.784 | DEBUG | --new testCase collected, to generate: testSpoon.support.reflect.CtExtendedModifier.equals(Object)1
00:42:42.629 | DEBUG | --new testCase collected, to generate: testSpoon.support.reflect.CtExtendedModifier.equals(Object)2
00:42:42.673 | DEBUG | --new testCase collected, to generate: testSpoon.support.reflect.CtExtendedModifier.equals(Object)3
00:42:43.100 | DEBUG | --new testCase collected, to generate: testSpoon.support.reflect.CtExtendedModifier.equals(Object)4
00:42:43.102 | INFO  | Finished (in 1.669 sec): method spoon.support.reflect.CtExtendedModifier.equals(Object) 
<StatsForMethod> :
	#generatedTC=4
	WITH NO EXCEPTIONS
00:42:43.105 | DEBUG |  ... 
00:42:43.106 | INFO  | Started: method spoon.support.reflect.CtExtendedModifier.hashCode()
00:42:43.106 | INFO  |  -- Remaining time budget: 100257 ms, #remaining_methods: 9, budget for method: 11139 ms, solver timeout: 1000 ms, budget for symbolic execution: 9939 ms, budget for concrete execution: 1200 ms,  -- 
00:42:43.115 | DEBUG | --new testCase collected, to generate: testSpoon.support.reflect.CtExtendedModifier.hashCode()1
00:42:43.223 | DEBUG | --new testCase collected, to generate: testSpoon.support.reflect.CtExtendedModifier.hashCode()2
00:42:43.252 | DEBUG | --new testCase collected, to generate: testSpoon.support.reflect.CtExtendedModifier.hashCode()3
00:42:43.260 | DEBUG | --new testCase collected, to generate: testSpoon.support.reflect.CtExtendedModifier.hashCode()4
00:42:43.263 | INFO  | Finished (in 0.157 sec): method spoon.support.reflect.CtExtendedModifier.hashCode() 
<StatsForMethod> :
	#generatedTC=4
	WITH NO EXCEPTIONS
00:42:43.265 | DEBUG |  ... 
00:42:43.265 | INFO  | Started: method spoon.support.reflect.CtExtendedModifier.getPosition()
00:42:43.266 | INFO  |  -- Remaining time budget: 100098 ms, #remaining_methods: 8, budget for method: 12512 ms, solver timeout: 1000 ms, budget for symbolic execution: 11312 ms, budget for concrete execution: 1200 ms,  -- 
00:42:43.276 | DEBUG | --new testCase collected, to generate: testSpoon.support.reflect.CtExtendedModifier.getPosition()1
00:42:43.339 | DEBUG | --new testCase collected, to generate: testSpoon.support.reflect.CtExtendedModifier.getPosition()2
00:42:43.377 | INFO  | Finished (in 0.111 sec): method spoon.support.reflect.CtExtendedModifier.getPosition() 
<StatsForMethod> :
	#generatedTC=2
	WITH NO EXCEPTIONS
00:42:43.383 | DEBUG |  ... 
00:42:43.383 | INFO  | Started: method spoon.support.reflect.CtExtendedModifier.getKind()
00:42:43.384 | INFO  |  -- Remaining time budget: 99980 ms, #remaining_methods: 7, budget for method: 14282 ms, solver timeout: 1000 ms, budget for symbolic execution: 13082 ms, budget for concrete execution: 1200 ms,  -- 
00:42:43.392 | DEBUG | --new testCase collected, to generate: testSpoon.support.reflect.CtExtendedModifier.getKind()1
00:42:43.429 | DEBUG | --new testCase collected, to generate: testSpoon.support.reflect.CtExtendedModifier.getKind()2
00:42:43.429 | INFO  | Finished (in 0.045 sec): method spoon.support.reflect.CtExtendedModifier.getKind() 
<StatsForMethod> :
	#generatedTC=2
	WITH NO EXCEPTIONS
00:42:43.430 | DEBUG |  ... 
00:42:43.431 | INFO  | Started: method spoon.support.reflect.CtExtendedModifier.setKind(ModifierKind)
00:42:43.431 | INFO  |  -- Remaining time budget: 99933 ms, #remaining_methods: 6, budget for method: 16655 ms, solver timeout: 1000 ms, budget for symbolic execution: 15455 ms, budget for concrete execution: 1200 ms,  -- 
00:42:43.446 | ERROR | Symbolic execution FAILED
com.huawei.utbot.instrumentation.util.ChildProcessError: Error in the child process |> java.lang.IllegalAccessException: Class com.huawei.utbot.framework.concrete.MockValueConstructor can not access a member of class spoon.reflect.declaration.ModifierKind with modifiers "private"
	at sun.reflect.Reflection.ensureMemberAccess(Reflection.java:102)
	at java.lang.reflect.AccessibleObject.slowCheckMemberAccess(AccessibleObject.java:296)
	at java.lang.reflect.AccessibleObject.checkAccess(AccessibleObject.java:288)
	at java.lang.reflect.Constructor.newInstance(Constructor.java:413)
	at com.huawei.utbot.framework.concrete.MockValueConstructor.call(MockValueConstructor.kt:414)
	at com.huawei.utbot.framework.concrete.MockValueConstructor.updateWithExecutableCallModel(MockValueConstructor.kt:353)
	at com.huawei.utbot.framework.concrete.MockValueConstructor.constructFromAssembleModel(MockValueConstructor.kt:332)
	at com.huawei.utbot.framework.concrete.MockValueConstructor.construct(MockValueConstructor.kt:126)
	at com.huawei.utbot.framework.concrete.MockValueConstructor.constructMethodParameters(MockValueConstructor.kt:101)
	at com.huawei.utbot.framework.concrete.UtExecutionInstrumentation.invoke(UtExecutionInstrumentation.kt:126)
	at com.huawei.utbot.framework.concrete.UtExecutionInstrumentation.invoke(UtExecutionInstrumentation.kt:96)
	at com.huawei.utbot.instrumentation.process.ChildProcessKt.loop(ChildProcess.kt:114)
	at com.huawei.utbot.instrumentation.process.ChildProcessKt.main(ChildProcess.kt:76)
	at com.huawei.utbot.instrumentation.process.ChildProcessKt.main(ChildProcess.kt)

	at com.huawei.utbot.instrumentation.ConcreteExecutor.executeAsync(ConcreteExecutor.kt:391) ~[utbot-junit-contest-1.0.jar:?]
	at com.huawei.utbot.instrumentation.ConcreteExecutor$executeAsync$1.invokeSuspend(ConcreteExecutor.kt) ~[utbot-junit-contest-1.0.jar:?]
	at kotlin.coroutines.jvm.internal.BaseContinuationImpl.resumeWith(ContinuationImpl.kt:33) [utbot-junit-contest-1.0.jar:?]
	at kotlinx.coroutines.DispatchedTask.run(DispatchedTask.kt:106) [utbot-junit-contest-1.0.jar:?]
	at java.util.concurrent.Executors$RunnableAdapter.call(Executors.java:511) [?:1.8.0_312]
	at java.util.concurrent.FutureTask.run(FutureTask.java:266) [?:1.8.0_312]
	at java.util.concurrent.ScheduledThreadPoolExecutor$ScheduledFutureTask.access$201(ScheduledThreadPoolExecutor.java:180) [?:1.8.0_312]
	at java.util.concurrent.ScheduledThreadPoolExecutor$ScheduledFutureTask.run(ScheduledThreadPoolExecutor.java:293) [?:1.8.0_312]
	at java.util.concurrent.ThreadPoolExecutor.runWorker(ThreadPoolExecutor.java:1149) [?:1.8.0_312]
	at java.util.concurrent.ThreadPoolExecutor$Worker.run(ThreadPoolExecutor.java:624) [?:1.8.0_312]
	at java.lang.Thread.run(Thread.java:748) [?:1.8.0_312]
00:42:43.487 | DEBUG | --new testCase collected, to generate: testSpoon.support.reflect.CtExtendedModifier.setKind(ModifierKind)1
00:42:43.488 | INFO  | Finished (in 0.057 sec): method spoon.support.reflect.CtExtendedModifier.setKind(ModifierKind) 
<StatsForMethod> :
	#generatedTC=1
	FAILED 1 time(s) with 1 different exception(s)"
00:42:43.489 | DEBUG |  ... 
00:42:43.489 | INFO  | Started: method spoon.support.reflect.CtExtendedModifier.setImplicit(boolean)
00:42:43.489 | INFO  |  -- Remaining time budget: 99874 ms, #remaining_methods: 5, budget for method: 19974 ms, solver timeout: 1000 ms, budget for symbolic execution: 18774 ms, budget for concrete execution: 1200 ms,  -- 
00:42:43.497 | DEBUG | --new testCase collected, to generate: testSpoon.support.reflect.CtExtendedModifier.setImplicit(boolean)1
00:42:43.527 | DEBUG | --new testCase collected, to generate: testSpoon.support.reflect.CtExtendedModifier.setImplicit(boolean)2
00:42:43.528 | INFO  | Finished (in 0.038 sec): method spoon.support.reflect.CtExtendedModifier.setImplicit(boolean) 
<StatsForMethod> :
	#generatedTC=2
	WITH NO EXCEPTIONS
00:42:43.529 | DEBUG |  ... 
00:42:43.529 | INFO  | Started: method spoon.support.reflect.CtExtendedModifier.setPosition(SourcePosition)
00:42:43.530 | INFO  |  -- Remaining time budget: 99834 ms, #remaining_methods: 4, budget for method: 24958 ms, solver timeout: 1000 ms, budget for symbolic execution: 23758 ms, budget for concrete execution: 1200 ms,  -- 
00:42:43.537 | DEBUG | --new testCase collected, to generate: testSpoon.support.reflect.CtExtendedModifier.setPosition(SourcePosition)1
00:42:43.569 | DEBUG | --new testCase collected, to generate: testSpoon.support.reflect.CtExtendedModifier.setPosition(SourcePosition)2
00:42:43.569 | INFO  | Finished (in 0.040 sec): method spoon.support.reflect.CtExtendedModifier.setPosition(SourcePosition) 
<StatsForMethod> :
	#generatedTC=2
	WITH NO EXCEPTIONS
00:42:43.570 | DEBUG |  ... 
00:42:43.571 | INFO  | Started: method spoon.support.reflect.CtExtendedModifier.isImplicit()
00:42:43.571 | INFO  |  -- Remaining time budget: 99792 ms, #remaining_methods: 3, budget for method: 33264 ms, solver timeout: 1000 ms, budget for symbolic execution: 32064 ms, budget for concrete execution: 1200 ms,  -- 
00:42:43.577 | DEBUG | --new testCase collected, to generate: testSpoon.support.reflect.CtExtendedModifier.isImplicit()1
00:42:43.606 | DEBUG | --new testCase collected, to generate: testSpoon.support.reflect.CtExtendedModifier.isImplicit()2
00:42:43.607 | INFO  | Finished (in 0.036 sec): method spoon.support.reflect.CtExtendedModifier.isImplicit() 
<StatsForMethod> :
	#generatedTC=2
	WITH NO EXCEPTIONS
00:42:43.608 | DEBUG |  ... 
00:42:43.608 | INFO  | Started: method spoon.support.reflect.CtExtendedModifier.<init>(ModifierKind)
00:42:43.608 | INFO  |  -- Remaining time budget: 99755 ms, #remaining_methods: 2, budget for method: 49877 ms, solver timeout: 1000 ms, budget for symbolic execution: 48677 ms, budget for concrete execution: 1200 ms,  -- 
00:42:43.614 | ERROR | Symbolic execution FAILED
com.huawei.utbot.instrumentation.util.ChildProcessError: Error in the child process |> java.lang.IllegalAccessException: Class com.huawei.utbot.framework.concrete.MockValueConstructor can not access a member of class spoon.reflect.declaration.ModifierKind with modifiers "private"
	at sun.reflect.Reflection.ensureMemberAccess(Reflection.java:102)
	at java.lang.reflect.AccessibleObject.slowCheckMemberAccess(AccessibleObject.java:296)
	at java.lang.reflect.AccessibleObject.checkAccess(AccessibleObject.java:288)
	at java.lang.reflect.Constructor.newInstance(Constructor.java:413)
	at com.huawei.utbot.framework.concrete.MockValueConstructor.call(MockValueConstructor.kt:414)
	at com.huawei.utbot.framework.concrete.MockValueConstructor.updateWithExecutableCallModel(MockValueConstructor.kt:353)
	at com.huawei.utbot.framework.concrete.MockValueConstructor.constructFromAssembleModel(MockValueConstructor.kt:332)
	at com.huawei.utbot.framework.concrete.MockValueConstructor.construct(MockValueConstructor.kt:126)
	at com.huawei.utbot.framework.concrete.MockValueConstructor.constructMethodParameters(MockValueConstructor.kt:101)
	at com.huawei.utbot.framework.concrete.UtExecutionInstrumentation.invoke(UtExecutionInstrumentation.kt:126)
	at com.huawei.utbot.framework.concrete.UtExecutionInstrumentation.invoke(UtExecutionInstrumentation.kt:96)
	at com.huawei.utbot.instrumentation.process.ChildProcessKt.loop(ChildProcess.kt:114)
	at com.huawei.utbot.instrumentation.process.ChildProcessKt.main(ChildProcess.kt:76)
	at com.huawei.utbot.instrumentation.process.ChildProcessKt.main(ChildProcess.kt)

	at com.huawei.utbot.instrumentation.ConcreteExecutor.executeAsync(ConcreteExecutor.kt:391) ~[utbot-junit-contest-1.0.jar:?]
	at com.huawei.utbot.instrumentation.ConcreteExecutor$executeAsync$1.invokeSuspend(ConcreteExecutor.kt) ~[utbot-junit-contest-1.0.jar:?]
	at kotlin.coroutines.jvm.internal.BaseContinuationImpl.resumeWith(ContinuationImpl.kt:33) [utbot-junit-contest-1.0.jar:?]
	at kotlinx.coroutines.DispatchedTask.run(DispatchedTask.kt:106) [utbot-junit-contest-1.0.jar:?]
	at java.util.concurrent.Executors$RunnableAdapter.call(Executors.java:511) [?:1.8.0_312]
	at java.util.concurrent.FutureTask.run(FutureTask.java:266) [?:1.8.0_312]
	at java.util.concurrent.ScheduledThreadPoolExecutor$ScheduledFutureTask.access$201(ScheduledThreadPoolExecutor.java:180) [?:1.8.0_312]
	at java.util.concurrent.ScheduledThreadPoolExecutor$ScheduledFutureTask.run(ScheduledThreadPoolExecutor.java:293) [?:1.8.0_312]
	at java.util.concurrent.ThreadPoolExecutor.runWorker(ThreadPoolExecutor.java:1149) [?:1.8.0_312]
	at java.util.concurrent.ThreadPoolExecutor$Worker.run(ThreadPoolExecutor.java:624) [?:1.8.0_312]
	at java.lang.Thread.run(Thread.java:748) [?:1.8.0_312]
00:42:43.673 | DEBUG | --new testCase collected, to generate: testSpoon.support.reflect.CtExtendedModifier.<init>(ModifierKind)1
00:42:43.673 | INFO  | Finished (in 0.064 sec): method spoon.support.reflect.CtExtendedModifier.<init>(ModifierKind) 
<StatsForMethod> :
	#generatedTC=1
	FAILED 1 time(s) with 1 different exception(s)"
00:42:43.677 | DEBUG |  ... 
00:42:43.678 | INFO  | Started: method spoon.support.reflect.CtExtendedModifier.<init>(ModifierKind, boolean)
00:42:43.678 | INFO  |  -- Remaining time budget: 99686 ms, #remaining_methods: 1, budget for method: 99686 ms, solver timeout: 1000 ms, budget for symbolic execution: 98486 ms, budget for concrete execution: 1200 ms,  -- 
00:42:43.684 | ERROR | Symbolic execution FAILED
com.huawei.utbot.instrumentation.util.ChildProcessError: Error in the child process |> java.lang.IllegalAccessException: Class com.huawei.utbot.framework.concrete.MockValueConstructor can not access a member of class spoon.reflect.declaration.ModifierKind with modifiers "private"
	at sun.reflect.Reflection.ensureMemberAccess(Reflection.java:102)
	at java.lang.reflect.AccessibleObject.slowCheckMemberAccess(AccessibleObject.java:296)
	at java.lang.reflect.AccessibleObject.checkAccess(AccessibleObject.java:288)
	at java.lang.reflect.Constructor.newInstance(Constructor.java:413)
	at com.huawei.utbot.framework.concrete.MockValueConstructor.call(MockValueConstructor.kt:414)
	at com.huawei.utbot.framework.concrete.MockValueConstructor.updateWithExecutableCallModel(MockValueConstructor.kt:353)
	at com.huawei.utbot.framework.concrete.MockValueConstructor.constructFromAssembleModel(MockValueConstructor.kt:332)
	at com.huawei.utbot.framework.concrete.MockValueConstructor.construct(MockValueConstructor.kt:126)
	at com.huawei.utbot.framework.concrete.MockValueConstructor.constructMethodParameters(MockValueConstructor.kt:101)
	at com.huawei.utbot.framework.concrete.UtExecutionInstrumentation.invoke(UtExecutionInstrumentation.kt:126)
	at com.huawei.utbot.framework.concrete.UtExecutionInstrumentation.invoke(UtExecutionInstrumentation.kt:96)
	at com.huawei.utbot.instrumentation.process.ChildProcessKt.loop(ChildProcess.kt:114)
	at com.huawei.utbot.instrumentation.process.ChildProcessKt.main(ChildProcess.kt:76)
	at com.huawei.utbot.instrumentation.process.ChildProcessKt.main(ChildProcess.kt)

	at com.huawei.utbot.instrumentation.ConcreteExecutor.executeAsync(ConcreteExecutor.kt:391) ~[utbot-junit-contest-1.0.jar:?]
	at com.huawei.utbot.instrumentation.ConcreteExecutor$executeAsync$1.invokeSuspend(ConcreteExecutor.kt) ~[utbot-junit-contest-1.0.jar:?]
	at kotlin.coroutines.jvm.internal.BaseContinuationImpl.resumeWith(ContinuationImpl.kt:33) [utbot-junit-contest-1.0.jar:?]
	at kotlinx.coroutines.DispatchedTask.run(DispatchedTask.kt:106) [utbot-junit-contest-1.0.jar:?]
	at java.util.concurrent.Executors$RunnableAdapter.call(Executors.java:511) [?:1.8.0_312]
	at java.util.concurrent.FutureTask.run(FutureTask.java:266) [?:1.8.0_312]
	at java.util.concurrent.ScheduledThreadPoolExecutor$ScheduledFutureTask.access$201(ScheduledThreadPoolExecutor.java:180) [?:1.8.0_312]
	at java.util.concurrent.ScheduledThreadPoolExecutor$ScheduledFutureTask.run(ScheduledThreadPoolExecutor.java:293) [?:1.8.0_312]
	at java.util.concurrent.ThreadPoolExecutor.runWorker(ThreadPoolExecutor.java:1149) [?:1.8.0_312]
	at java.util.concurrent.ThreadPoolExecutor$Worker.run(ThreadPoolExecutor.java:624) [?:1.8.0_312]
	at java.lang.Thread.run(Thread.java:748) [?:1.8.0_312]
00:42:43.754 | DEBUG | --new testCase collected, to generate: testSpoon.support.reflect.CtExtendedModifier.<init>(ModifierKind, boolean)1
00:42:43.755 | INFO  | Finished (in 0.077 sec): method spoon.support.reflect.CtExtendedModifier.<init>(ModifierKind, boolean) 
<StatsForMethod> :
	#generatedTC=1
	FAILED 1 time(s) with 1 different exception(s)"
00:42:43.764 | INFO  | Started: Flushing tests for [CtExtendedModifier] on disk
00:42:44.724 | INFO  | File size for CtExtendedModifierTest: 15 KB
00:42:44.725 | INFO  | Finished (in 0.961 sec): Flushing tests for [CtExtendedModifier] on disk 
00:42:44.726 | INFO  | Finished (in 3.336 sec): class spoon.support.reflect.CtExtendedModifier 
<StatsForClass> :
	canceled by timeout = false
	#methods = 10, 
	#methods started symbolic exploration = 10
	#methods with at least one TC = 10
	#methods with exceptions = 3
	#generated TC = 21
	#coverage = null
[READY]
