
>>> TOOL NAME:  utbot-mocks

>>> BENCHMARK:  GUAVA-6

>>> RUN NUMBER: 4

>>> MODE: --only-compute-metrics
Creating directory ./temp
Creating directory ./temp/data
Creating directory ./temp/testcases
Executing /home/utbot_mocks/./runtool
>> BENCHMARK
>> /var/benchmarks/projects/guava/guava/src
>> /var/benchmarks/projects/guava/guava/target/classes
>> 6
>> /var/benchmarks/projects/guava/guava/target/guava-26.0-jre.jar
>> /var/benchmarks/projects/./guava/guava/target/dependency/checker-qual-2.5.2.jar
>> /var/benchmarks/projects/guava/guava/target/dependency/error_prone_annotations-2.1.3.jar
>> /var/benchmarks/projects/guava/guava/target/dependency/j2objc-annotations-1.1.jar
>> /var/benchmarks/projects/guava/guava/target/dependency/jsr305-3.0.2.jar
>> /var/benchmarks/projects/guava/guava/target/dependency/animal-sniffer-annotations-1.14.jar
>> 0
expecting CLASSPATH or READY
<< CLASSPATH
expecting number
<< 0
<< READY
>> 120


### COMPUTING METRICS ###: com.google.common.base.Throwables


Starting class com.google.common.base.Throwables


Ending class com.google.common.base.Throwables
Creating directory results_utbot-mocks_120/GUAVA-6_4/temp/testcases/bin
Creating dummy JUnit test file

---Compilation---

===
javac command line:
/usr/bin/javac -sourcepath /home/utbot_mocks/results_utbot-mocks_120/GUAVA-6_4/temp/testcases -cp /var/benchmarks/projects/guava/guava/target/guava-26.0-jre.jar:/var/benchmarks/projects/./guava/guava/target/dependency/checker-qual-2.5.2.jar:/var/benchmarks/projects/guava/guava/target/dependency/error_prone_annotations-2.1.3.jar:/var/benchmarks/projects/guava/guava/target/dependency/j2objc-annotations-1.1.jar:/var/benchmarks/projects/guava/guava/target/dependency/jsr305-3.0.2.jar:/var/benchmarks/projects/guava/guava/target/dependency/animal-sniffer-annotations-1.14.jar:/usr/local/bin/lib/junit.jar:/usr/local/bin/lib/hamcrest-core.jar -d results_utbot-mocks_120/GUAVA-6_4/temp/testcases/bin /home/utbot_mocks/results_utbot-mocks_120/GUAVA-6_4/temp/testcases/SBSTDummyForCoverageAndMutationCalculation.java


===
javac command line:
/usr/bin/javac -sourcepath /home/utbot_mocks/results_utbot-mocks_120/GUAVA-6_4/temp/testcases -cp /var/benchmarks/projects/guava/guava/target/guava-26.0-jre.jar:/var/benchmarks/projects/./guava/guava/target/dependency/checker-qual-2.5.2.jar:/var/benchmarks/projects/guava/guava/target/dependency/error_prone_annotations-2.1.3.jar:/var/benchmarks/projects/guava/guava/target/dependency/j2objc-annotations-1.1.jar:/var/benchmarks/projects/guava/guava/target/dependency/jsr305-3.0.2.jar:/var/benchmarks/projects/guava/guava/target/dependency/animal-sniffer-annotations-1.14.jar:/usr/local/bin/lib/junit.jar:/usr/local/bin/lib/hamcrest-core.jar -d results_utbot-mocks_120/GUAVA-6_4/temp/testcases/bin /home/utbot_mocks/results_utbot-mocks_120/GUAVA-6_4/temp/testcases/com/google/common/base/ThrowablesTest.java

/home/utbot_mocks/results_utbot-mocks_120/GUAVA-6_4/temp/testcases/com/google/common/base/ThrowablesTest.java:14: warning: SupplementaryCharacterData is internal proprietary API and may be removed in a future release
import sun.text.SupplementaryCharacterData;
               ^
/home/utbot_mocks/results_utbot-mocks_120/GUAVA-6_4/temp/testcases/com/google/common/base/ThrowablesTest.java:17: warning: NativePRNG is internal proprietary API and may be removed in a future release
import sun.security.provider.NativePRNG.Blocking;
                            ^
/home/utbot_mocks/results_utbot-mocks_120/GUAVA-6_4/temp/testcases/com/google/common/base/ThrowablesTest.java:17: warning: NativePRNG is internal proprietary API and may be removed in a future release
import sun.security.provider.NativePRNG.Blocking;
                            ^
/home/utbot_mocks/results_utbot-mocks_120/GUAVA-6_4/temp/testcases/com/google/common/base/ThrowablesTest.java:18: warning: NativePRNG is internal proprietary API and may be removed in a future release
import sun.security.provider.NativePRNG;
                            ^
/home/utbot_mocks/results_utbot-mocks_120/GUAVA-6_4/temp/testcases/com/google/common/base/ThrowablesTest.java:29: error: package jdk.internal.org.xml.sax does not exist
import jdk.internal.org.xml.sax.SAXException;
                               ^
/home/utbot_mocks/results_utbot-mocks_120/GUAVA-6_4/temp/testcases/com/google/common/base/ThrowablesTest.java:41: warning: Unsafe is internal proprietary API and may be removed in a future release
import sun.misc.Unsafe;
               ^
/home/utbot_mocks/results_utbot-mocks_120/GUAVA-6_4/temp/testcases/com/google/common/base/ThrowablesTest.java:44: error: package org.mockito does not exist
import static org.mockito.ArgumentMatchers.any;
                         ^
/home/utbot_mocks/results_utbot-mocks_120/GUAVA-6_4/temp/testcases/com/google/common/base/ThrowablesTest.java:44: error: static import only from classes and interfaces
import static org.mockito.ArgumentMatchers.any;
^
/home/utbot_mocks/results_utbot-mocks_120/GUAVA-6_4/temp/testcases/com/google/common/base/ThrowablesTest.java:45: error: package org.mockito does not exist
import static org.mockito.Mockito.mockStatic;
                         ^
/home/utbot_mocks/results_utbot-mocks_120/GUAVA-6_4/temp/testcases/com/google/common/base/ThrowablesTest.java:45: error: static import only from classes and interfaces
import static org.mockito.Mockito.mockStatic;
^
/home/utbot_mocks/results_utbot-mocks_120/GUAVA-6_4/temp/testcases/com/google/common/base/ThrowablesTest.java:148: error: package org.mockito does not exist
        org.mockito.MockedStatic mockedStatic = null;
                   ^
/home/utbot_mocks/results_utbot-mocks_120/GUAVA-6_4/temp/testcases/com/google/common/base/ThrowablesTest.java:150: error: cannot find symbol
            mockedStatic = mockStatic(Preconditions.class);
                           ^
  symbol:   method mockStatic(Class<Preconditions>)
  location: class ThrowablesTest
/home/utbot_mocks/results_utbot-mocks_120/GUAVA-6_4/temp/testcases/com/google/common/base/ThrowablesTest.java:152: error: cannot find symbol
                Preconditions.checkNotNull(any());
                                           ^
  symbol:   method any()
  location: class ThrowablesTest
/home/utbot_mocks/results_utbot-mocks_120/GUAVA-6_4/temp/testcases/com/google/common/base/ThrowablesTest.java:166: error: package org.mockito does not exist
        org.mockito.MockedStatic mockedStatic = null;
                   ^
/home/utbot_mocks/results_utbot-mocks_120/GUAVA-6_4/temp/testcases/com/google/common/base/ThrowablesTest.java:168: error: cannot find symbol
            mockedStatic = mockStatic(Preconditions.class);
                           ^
  symbol:   method mockStatic(Class<Preconditions>)
  location: class ThrowablesTest
/home/utbot_mocks/results_utbot-mocks_120/GUAVA-6_4/temp/testcases/com/google/common/base/ThrowablesTest.java:171: error: cannot find symbol
                Preconditions.checkNotNull(any());
                                           ^
  symbol:   method any()
  location: class ThrowablesTest
/home/utbot_mocks/results_utbot-mocks_120/GUAVA-6_4/temp/testcases/com/google/common/base/ThrowablesTest.java:186: error: package org.mockito does not exist
        org.mockito.MockedStatic mockedStatic = null;
                   ^
/home/utbot_mocks/results_utbot-mocks_120/GUAVA-6_4/temp/testcases/com/google/common/base/ThrowablesTest.java:188: error: cannot find symbol
            mockedStatic = mockStatic(Preconditions.class);
                           ^
  symbol:   method mockStatic(Class<Preconditions>)
  location: class ThrowablesTest
/home/utbot_mocks/results_utbot-mocks_120/GUAVA-6_4/temp/testcases/com/google/common/base/ThrowablesTest.java:190: error: cannot find symbol
                Preconditions.checkNotNull(any());
                                           ^
  symbol:   method any()
  location: class ThrowablesTest
/home/utbot_mocks/results_utbot-mocks_120/GUAVA-6_4/temp/testcases/com/google/common/base/ThrowablesTest.java:215: error: package org.mockito does not exist
        org.mockito.MockedStatic mockedStatic = null;
                   ^
/home/utbot_mocks/results_utbot-mocks_120/GUAVA-6_4/temp/testcases/com/google/common/base/ThrowablesTest.java:217: error: cannot find symbol
            mockedStatic = mockStatic(Preconditions.class);
                           ^
  symbol:   method mockStatic(Class<Preconditions>)
  location: class ThrowablesTest
/home/utbot_mocks/results_utbot-mocks_120/GUAVA-6_4/temp/testcases/com/google/common/base/ThrowablesTest.java:219: error: cannot find symbol
                Preconditions.checkNotNull(any());
                                           ^
  symbol:   method any()
  location: class ThrowablesTest
/home/utbot_mocks/results_utbot-mocks_120/GUAVA-6_4/temp/testcases/com/google/common/base/ThrowablesTest.java:234: error: package org.mockito does not exist
        org.mockito.MockedStatic mockedStatic = null;
                   ^
/home/utbot_mocks/results_utbot-mocks_120/GUAVA-6_4/temp/testcases/com/google/common/base/ThrowablesTest.java:236: error: cannot find symbol
            mockedStatic = mockStatic(Preconditions.class);
                           ^
  symbol:   method mockStatic(Class<Preconditions>)
  location: class ThrowablesTest
/home/utbot_mocks/results_utbot-mocks_120/GUAVA-6_4/temp/testcases/com/google/common/base/ThrowablesTest.java:238: error: cannot find symbol
                Preconditions.checkNotNull(any());
                                           ^
  symbol:   method any()
  location: class ThrowablesTest
/home/utbot_mocks/results_utbot-mocks_120/GUAVA-6_4/temp/testcases/com/google/common/base/ThrowablesTest.java:252: error: package org.mockito does not exist
        org.mockito.MockedStatic mockedStatic = null;
                   ^
/home/utbot_mocks/results_utbot-mocks_120/GUAVA-6_4/temp/testcases/com/google/common/base/ThrowablesTest.java:254: error: cannot find symbol
            mockedStatic = mockStatic(Preconditions.class);
                           ^
  symbol:   method mockStatic(Class<Preconditions>)
  location: class ThrowablesTest
/home/utbot_mocks/results_utbot-mocks_120/GUAVA-6_4/temp/testcases/com/google/common/base/ThrowablesTest.java:256: error: cannot find symbol
                Preconditions.checkNotNull(any());
                                           ^
  symbol:   method any()
  location: class ThrowablesTest
/home/utbot_mocks/results_utbot-mocks_120/GUAVA-6_4/temp/testcases/com/google/common/base/ThrowablesTest.java:290: error: package org.mockito does not exist
        org.mockito.MockedStatic mockedStatic = null;
                   ^
/home/utbot_mocks/results_utbot-mocks_120/GUAVA-6_4/temp/testcases/com/google/common/base/ThrowablesTest.java:292: error: cannot find symbol
            mockedStatic = mockStatic(Preconditions.class);
                           ^
  symbol:   method mockStatic(Class<Preconditions>)
  location: class ThrowablesTest
/home/utbot_mocks/results_utbot-mocks_120/GUAVA-6_4/temp/testcases/com/google/common/base/ThrowablesTest.java:294: error: cannot find symbol
                Preconditions.checkNotNull(any());
                                           ^
  symbol:   method any()
  location: class ThrowablesTest
/home/utbot_mocks/results_utbot-mocks_120/GUAVA-6_4/temp/testcases/com/google/common/base/ThrowablesTest.java:308: error: package org.mockito does not exist
        org.mockito.MockedStatic mockedStatic = null;
                   ^
/home/utbot_mocks/results_utbot-mocks_120/GUAVA-6_4/temp/testcases/com/google/common/base/ThrowablesTest.java:310: error: cannot find symbol
            mockedStatic = mockStatic(Preconditions.class);
                           ^
  symbol:   method mockStatic(Class<Preconditions>)
  location: class ThrowablesTest
/home/utbot_mocks/results_utbot-mocks_120/GUAVA-6_4/temp/testcases/com/google/common/base/ThrowablesTest.java:312: error: cannot find symbol
                Preconditions.checkNotNull(any());
                                           ^
  symbol:   method any()
  location: class ThrowablesTest
/home/utbot_mocks/results_utbot-mocks_120/GUAVA-6_4/temp/testcases/com/google/common/base/ThrowablesTest.java:337: error: package org.mockito does not exist
        org.mockito.MockedStatic mockedStatic = null;
                   ^
/home/utbot_mocks/results_utbot-mocks_120/GUAVA-6_4/temp/testcases/com/google/common/base/ThrowablesTest.java:339: error: cannot find symbol
            mockedStatic = mockStatic(Preconditions.class);
                           ^
  symbol:   method mockStatic(Class<Preconditions>)
  location: class ThrowablesTest
/home/utbot_mocks/results_utbot-mocks_120/GUAVA-6_4/temp/testcases/com/google/common/base/ThrowablesTest.java:340: warning: SupplementaryCharacterData is internal proprietary API and may be removed in a future release
            sun.text.SupplementaryCharacterData[] supplementaryCharacterDataArray = new sun.text.SupplementaryCharacterData[0];
                    ^
/home/utbot_mocks/results_utbot-mocks_120/GUAVA-6_4/temp/testcases/com/google/common/base/ThrowablesTest.java:340: warning: SupplementaryCharacterData is internal proprietary API and may be removed in a future release
            sun.text.SupplementaryCharacterData[] supplementaryCharacterDataArray = new sun.text.SupplementaryCharacterData[0];
                                                                                                ^
/home/utbot_mocks/results_utbot-mocks_120/GUAVA-6_4/temp/testcases/com/google/common/base/ThrowablesTest.java:342: error: cannot find symbol
                Preconditions.checkNotNull(any());
                                           ^
  symbol:   method any()
  location: class ThrowablesTest
/home/utbot_mocks/results_utbot-mocks_120/GUAVA-6_4/temp/testcases/com/google/common/base/ThrowablesTest.java:356: error: package org.mockito does not exist
        org.mockito.MockedStatic mockedStatic = null;
                   ^
/home/utbot_mocks/results_utbot-mocks_120/GUAVA-6_4/temp/testcases/com/google/common/base/ThrowablesTest.java:358: error: cannot find symbol
            mockedStatic = mockStatic(Preconditions.class);
                           ^
  symbol:   method mockStatic(Class<Preconditions>)
  location: class ThrowablesTest
/home/utbot_mocks/results_utbot-mocks_120/GUAVA-6_4/temp/testcases/com/google/common/base/ThrowablesTest.java:360: error: cannot find symbol
                Preconditions.checkNotNull(any());
                                           ^
  symbol:   method any()
  location: class ThrowablesTest
/home/utbot_mocks/results_utbot-mocks_120/GUAVA-6_4/temp/testcases/com/google/common/base/ThrowablesTest.java:375: error: package org.mockito does not exist
        org.mockito.MockedStatic mockedStatic = null;
                   ^
/home/utbot_mocks/results_utbot-mocks_120/GUAVA-6_4/temp/testcases/com/google/common/base/ThrowablesTest.java:377: error: cannot find symbol
            mockedStatic = mockStatic(Preconditions.class);
                           ^
  symbol:   method mockStatic(Class<Preconditions>)
  location: class ThrowablesTest
/home/utbot_mocks/results_utbot-mocks_120/GUAVA-6_4/temp/testcases/com/google/common/base/ThrowablesTest.java:379: error: cannot find symbol
                Preconditions.checkNotNull(any());
                                           ^
  symbol:   method any()
  location: class ThrowablesTest
/home/utbot_mocks/results_utbot-mocks_120/GUAVA-6_4/temp/testcases/com/google/common/base/ThrowablesTest.java:403: error: package org.mockito does not exist
        org.mockito.MockedStatic mockedStatic = null;
                   ^
/home/utbot_mocks/results_utbot-mocks_120/GUAVA-6_4/temp/testcases/com/google/common/base/ThrowablesTest.java:405: error: cannot find symbol
            mockedStatic = mockStatic(Preconditions.class);
                           ^
  symbol:   method mockStatic(Class<Preconditions>)
  location: class ThrowablesTest
/home/utbot_mocks/results_utbot-mocks_120/GUAVA-6_4/temp/testcases/com/google/common/base/ThrowablesTest.java:407: error: cannot find symbol
                Preconditions.checkNotNull(any());
                                           ^
  symbol:   method any()
  location: class ThrowablesTest
/home/utbot_mocks/results_utbot-mocks_120/GUAVA-6_4/temp/testcases/com/google/common/base/ThrowablesTest.java:423: error: package org.mockito does not exist
        org.mockito.MockedStatic mockedStatic = null;
                   ^
/home/utbot_mocks/results_utbot-mocks_120/GUAVA-6_4/temp/testcases/com/google/common/base/ThrowablesTest.java:425: error: cannot find symbol
            mockedStatic = mockStatic(Preconditions.class);
                           ^
  symbol:   method mockStatic(Class<Preconditions>)
  location: class ThrowablesTest
/home/utbot_mocks/results_utbot-mocks_120/GUAVA-6_4/temp/testcases/com/google/common/base/ThrowablesTest.java:427: error: cannot find symbol
                Preconditions.checkNotNull(any());
                                           ^
  symbol:   method any()
  location: class ThrowablesTest
/home/utbot_mocks/results_utbot-mocks_120/GUAVA-6_4/temp/testcases/com/google/common/base/ThrowablesTest.java:443: error: package org.mockito does not exist
        org.mockito.MockedStatic mockedStatic = null;
                   ^
/home/utbot_mocks/results_utbot-mocks_120/GUAVA-6_4/temp/testcases/com/google/common/base/ThrowablesTest.java:445: error: cannot find symbol
            mockedStatic = mockStatic(Preconditions.class);
                           ^
  symbol:   method mockStatic(Class<Preconditions>)
  location: class ThrowablesTest
/home/utbot_mocks/results_utbot-mocks_120/GUAVA-6_4/temp/testcases/com/google/common/base/ThrowablesTest.java:447: error: cannot find symbol
                Preconditions.checkNotNull(any());
                                           ^
  symbol:   method any()
  location: class ThrowablesTest
/home/utbot_mocks/results_utbot-mocks_120/GUAVA-6_4/temp/testcases/com/google/common/base/ThrowablesTest.java:463: error: package org.mockito does not exist
        org.mockito.MockedStatic mockedStatic = null;
                   ^
/home/utbot_mocks/results_utbot-mocks_120/GUAVA-6_4/temp/testcases/com/google/common/base/ThrowablesTest.java:465: error: cannot find symbol
            mockedStatic = mockStatic(Preconditions.class);
                           ^
  symbol:   method mockStatic(Class<Preconditions>)
  location: class ThrowablesTest
/home/utbot_mocks/results_utbot-mocks_120/GUAVA-6_4/temp/testcases/com/google/common/base/ThrowablesTest.java:466: warning: NativePRNG is internal proprietary API and may be removed in a future release
            sun.security.provider.NativePRNG.Blocking[] blockingArray = new sun.security.provider.NativePRNG.Blocking[0];
                                 ^
/home/utbot_mocks/results_utbot-mocks_120/GUAVA-6_4/temp/testcases/com/google/common/base/ThrowablesTest.java:466: warning: NativePRNG is internal proprietary API and may be removed in a future release
            sun.security.provider.NativePRNG.Blocking[] blockingArray = new sun.security.provider.NativePRNG.Blocking[0];
                                                                                                 ^
/home/utbot_mocks/results_utbot-mocks_120/GUAVA-6_4/temp/testcases/com/google/common/base/ThrowablesTest.java:468: error: cannot find symbol
                Preconditions.checkNotNull(any());
                                           ^
  symbol:   method any()
  location: class ThrowablesTest
/home/utbot_mocks/results_utbot-mocks_120/GUAVA-6_4/temp/testcases/com/google/common/base/ThrowablesTest.java:484: error: package org.mockito does not exist
        org.mockito.MockedStatic mockedStatic = null;
                   ^
/home/utbot_mocks/results_utbot-mocks_120/GUAVA-6_4/temp/testcases/com/google/common/base/ThrowablesTest.java:486: error: cannot find symbol
            mockedStatic = mockStatic(Preconditions.class);
                           ^
  symbol:   method mockStatic(Class<Preconditions>)
  location: class ThrowablesTest
/home/utbot_mocks/results_utbot-mocks_120/GUAVA-6_4/temp/testcases/com/google/common/base/ThrowablesTest.java:488: error: cannot find symbol
                Preconditions.checkNotNull(any());
                                           ^
  symbol:   method any()
  location: class ThrowablesTest
/home/utbot_mocks/results_utbot-mocks_120/GUAVA-6_4/temp/testcases/com/google/common/base/ThrowablesTest.java:504: error: package org.mockito does not exist
        org.mockito.MockedStatic mockedStatic = null;
                   ^
/home/utbot_mocks/results_utbot-mocks_120/GUAVA-6_4/temp/testcases/com/google/common/base/ThrowablesTest.java:506: error: cannot find symbol
            mockedStatic = mockStatic(Preconditions.class);
                           ^
  symbol:   method mockStatic(Class<Preconditions>)
  location: class ThrowablesTest
/home/utbot_mocks/results_utbot-mocks_120/GUAVA-6_4/temp/testcases/com/google/common/base/ThrowablesTest.java:508: error: cannot find symbol
                Preconditions.checkNotNull(any());
                                           ^
  symbol:   method any()
  location: class ThrowablesTest
/home/utbot_mocks/results_utbot-mocks_120/GUAVA-6_4/temp/testcases/com/google/common/base/ThrowablesTest.java:522: error: package org.mockito does not exist
        org.mockito.MockedStatic mockedStatic = null;
                   ^
/home/utbot_mocks/results_utbot-mocks_120/GUAVA-6_4/temp/testcases/com/google/common/base/ThrowablesTest.java:524: error: cannot find symbol
            mockedStatic = mockStatic(Preconditions.class);
                           ^
  symbol:   method mockStatic(Class<Preconditions>)
  location: class ThrowablesTest
/home/utbot_mocks/results_utbot-mocks_120/GUAVA-6_4/temp/testcases/com/google/common/base/ThrowablesTest.java:526: error: cannot find symbol
                Preconditions.checkNotNull(any());
                                           ^
  symbol:   method any()
  location: class ThrowablesTest
/home/utbot_mocks/results_utbot-mocks_120/GUAVA-6_4/temp/testcases/com/google/common/base/ThrowablesTest.java:554: error: package org.mockito does not exist
        org.mockito.MockedStatic mockedStatic = null;
                   ^
/home/utbot_mocks/results_utbot-mocks_120/GUAVA-6_4/temp/testcases/com/google/common/base/ThrowablesTest.java:556: error: cannot find symbol
            mockedStatic = mockStatic(Preconditions.class);
                           ^
  symbol:   method mockStatic(Class<Preconditions>)
  location: class ThrowablesTest
/home/utbot_mocks/results_utbot-mocks_120/GUAVA-6_4/temp/testcases/com/google/common/base/ThrowablesTest.java:559: error: cannot find symbol
                Preconditions.checkNotNull(any());
                                           ^
  symbol:   method any()
  location: class ThrowablesTest
/home/utbot_mocks/results_utbot-mocks_120/GUAVA-6_4/temp/testcases/com/google/common/base/ThrowablesTest.java:583: error: package org.mockito does not exist
        org.mockito.MockedStatic mockedStatic = null;
                   ^
/home/utbot_mocks/results_utbot-mocks_120/GUAVA-6_4/temp/testcases/com/google/common/base/ThrowablesTest.java:585: error: cannot find symbol
            mockedStatic = mockStatic(Preconditions.class);
                           ^
  symbol:   method mockStatic(Class<Preconditions>)
  location: class ThrowablesTest
/home/utbot_mocks/results_utbot-mocks_120/GUAVA-6_4/temp/testcases/com/google/common/base/ThrowablesTest.java:588: error: cannot find symbol
                Preconditions.checkNotNull(any());
                                           ^
  symbol:   method any()
  location: class ThrowablesTest
/home/utbot_mocks/results_utbot-mocks_120/GUAVA-6_4/temp/testcases/com/google/common/base/ThrowablesTest.java:604: error: package org.mockito does not exist
        org.mockito.MockedStatic mockedStatic = null;
                   ^
/home/utbot_mocks/results_utbot-mocks_120/GUAVA-6_4/temp/testcases/com/google/common/base/ThrowablesTest.java:606: error: cannot find symbol
            mockedStatic = mockStatic(Preconditions.class);
                           ^
  symbol:   method mockStatic(Class<Preconditions>)
  location: class ThrowablesTest
/home/utbot_mocks/results_utbot-mocks_120/GUAVA-6_4/temp/testcases/com/google/common/base/ThrowablesTest.java:608: error: cannot find symbol
                Preconditions.checkNotNull(any());
                                           ^
  symbol:   method any()
  location: class ThrowablesTest
/home/utbot_mocks/results_utbot-mocks_120/GUAVA-6_4/temp/testcases/com/google/common/base/ThrowablesTest.java:624: error: package org.mockito does not exist
        org.mockito.MockedStatic mockedStatic = null;
                   ^
/home/utbot_mocks/results_utbot-mocks_120/GUAVA-6_4/temp/testcases/com/google/common/base/ThrowablesTest.java:626: error: cannot find symbol
            mockedStatic = mockStatic(Preconditions.class);
                           ^
  symbol:   method mockStatic(Class<Preconditions>)
  location: class ThrowablesTest
/home/utbot_mocks/results_utbot-mocks_120/GUAVA-6_4/temp/testcases/com/google/common/base/ThrowablesTest.java:628: error: cannot find symbol
                Preconditions.checkNotNull(any());
                                           ^
  symbol:   method any()
  location: class ThrowablesTest
/home/utbot_mocks/results_utbot-mocks_120/GUAVA-6_4/temp/testcases/com/google/common/base/ThrowablesTest.java:644: error: package org.mockito does not exist
        org.mockito.MockedStatic mockedStatic = null;
                   ^
/home/utbot_mocks/results_utbot-mocks_120/GUAVA-6_4/temp/testcases/com/google/common/base/ThrowablesTest.java:646: error: cannot find symbol
            mockedStatic = mockStatic(Preconditions.class);
                           ^
  symbol:   method mockStatic(Class<Preconditions>)
  location: class ThrowablesTest
/home/utbot_mocks/results_utbot-mocks_120/GUAVA-6_4/temp/testcases/com/google/common/base/ThrowablesTest.java:649: error: cannot find symbol
                Preconditions.checkNotNull(any());
                                           ^
  symbol:   method any()
  location: class ThrowablesTest
/home/utbot_mocks/results_utbot-mocks_120/GUAVA-6_4/temp/testcases/com/google/common/base/ThrowablesTest.java:683: error: package org.mockito does not exist
        org.mockito.MockedStatic mockedStatic = null;
                   ^
/home/utbot_mocks/results_utbot-mocks_120/GUAVA-6_4/temp/testcases/com/google/common/base/ThrowablesTest.java:685: error: cannot find symbol
            mockedStatic = mockStatic(Preconditions.class);
                           ^
  symbol:   method mockStatic(Class<Preconditions>)
  location: class ThrowablesTest
/home/utbot_mocks/results_utbot-mocks_120/GUAVA-6_4/temp/testcases/com/google/common/base/ThrowablesTest.java:687: error: cannot find symbol
                Preconditions.checkNotNull(any());
                                           ^
  symbol:   method any()
  location: class ThrowablesTest
/home/utbot_mocks/results_utbot-mocks_120/GUAVA-6_4/temp/testcases/com/google/common/base/ThrowablesTest.java:702: error: package org.mockito does not exist
        org.mockito.MockedStatic mockedStatic = null;
                   ^
/home/utbot_mocks/results_utbot-mocks_120/GUAVA-6_4/temp/testcases/com/google/common/base/ThrowablesTest.java:704: error: cannot find symbol
            mockedStatic = mockStatic(Preconditions.class);
                           ^
  symbol:   method mockStatic(Class<Preconditions>)
  location: class ThrowablesTest
/home/utbot_mocks/results_utbot-mocks_120/GUAVA-6_4/temp/testcases/com/google/common/base/ThrowablesTest.java:706: error: cannot find symbol
                Preconditions.checkNotNull(any());
                                           ^
  symbol:   method any()
  location: class ThrowablesTest
/home/utbot_mocks/results_utbot-mocks_120/GUAVA-6_4/temp/testcases/com/google/common/base/ThrowablesTest.java:721: error: package org.mockito does not exist
        org.mockito.MockedStatic mockedStatic = null;
                   ^
/home/utbot_mocks/results_utbot-mocks_120/GUAVA-6_4/temp/testcases/com/google/common/base/ThrowablesTest.java:723: error: cannot find symbol
            mockedStatic = mockStatic(Preconditions.class);
                           ^
  symbol:   method mockStatic(Class<Preconditions>)
  location: class ThrowablesTest
/home/utbot_mocks/results_utbot-mocks_120/GUAVA-6_4/temp/testcases/com/google/common/base/ThrowablesTest.java:725: error: cannot find symbol
                Preconditions.checkNotNull(any());
                                           ^
  symbol:   method any()
  location: class ThrowablesTest
/home/utbot_mocks/results_utbot-mocks_120/GUAVA-6_4/temp/testcases/com/google/common/base/ThrowablesTest.java:806: error: cannot find symbol
        SAXException sAXException = ((SAXException) createInstance("jdk.internal.org.xml.sax.SAXException"));
        ^
  symbol:   class SAXException
  location: class ThrowablesTest
/home/utbot_mocks/results_utbot-mocks_120/GUAVA-6_4/temp/testcases/com/google/common/base/ThrowablesTest.java:806: error: cannot find symbol
        SAXException sAXException = ((SAXException) createInstance("jdk.internal.org.xml.sax.SAXException"));
                                      ^
  symbol:   class SAXException
  location: class ThrowablesTest
/home/utbot_mocks/results_utbot-mocks_120/GUAVA-6_4/temp/testcases/com/google/common/base/ThrowablesTest.java:880: warning: JavaLangAccess is internal proprietary API and may be removed in a future release
        Class class1 = sun.misc.JavaLangAccess.class;
                               ^
/home/utbot_mocks/results_utbot-mocks_120/GUAVA-6_4/temp/testcases/com/google/common/base/ThrowablesTest.java:945: warning: JavaLangAccess is internal proprietary API and may be removed in a future release
        Class class1 = sun.misc.JavaLangAccess.class;
                               ^
/home/utbot_mocks/results_utbot-mocks_120/GUAVA-6_4/temp/testcases/com/google/common/base/ThrowablesTest.java:1260: warning: Unsafe is internal proprietary API and may be removed in a future release
    private static sun.misc.Unsafe getUnsafeInstance() throws Exception {
                           ^
/home/utbot_mocks/results_utbot-mocks_120/GUAVA-6_4/temp/testcases/com/google/common/base/ThrowablesTest.java:1261: warning: Unsafe is internal proprietary API and may be removed in a future release
        java.lang.reflect.Field f = sun.misc.Unsafe.class.getDeclaredField("theUnsafe");
                                            ^
/home/utbot_mocks/results_utbot-mocks_120/GUAVA-6_4/temp/testcases/com/google/common/base/ThrowablesTest.java:1263: warning: Unsafe is internal proprietary API and may be removed in a future release
        return (sun.misc.Unsafe) f.get(null);
                        ^
Note: /home/utbot_mocks/results_utbot-mocks_120/GUAVA-6_4/temp/testcases/com/google/common/base/ThrowablesTest.java uses or overrides a deprecated API.
Note: Recompile with -Xlint:deprecation for details.
Note: /home/utbot_mocks/results_utbot-mocks_120/GUAVA-6_4/temp/testcases/com/google/common/base/ThrowablesTest.java uses unchecked or unsafe operations.
Note: Recompile with -Xlint:unchecked for details.
85 errors
14 warnings
Failed to compile 'com/google/common/base/ThrowablesTest.java'!
shaded.org.apache.commons.exec.ExecuteException: Process exited with an error: 1 (Exit value: 1)
	at shaded.org.apache.commons.exec.DefaultExecutor.executeInternal(DefaultExecutor.java:377)
	at shaded.org.apache.commons.exec.DefaultExecutor.execute(DefaultExecutor.java:160)
	at shaded.org.apache.commons.exec.DefaultExecutor.execute(DefaultExecutor.java:147)
	at sbst.benchmark.TestSuite.compile(TestSuite.java:250)
	at sbst.benchmark.TestSuite.<init>(TestSuite.java:68)
	at sbst.benchmark.TranscriptWriter.endClass(TranscriptWriter.java:136)
	at sbst.benchmark.RunTool.execute(RunTool.java:141)
	at sbst.benchmark.RunTool.run(RunTool.java:62)
	at sbst.benchmark.Main.main(Main.java:160)

---Timing Information---
Running tests with the following classpath: 
/var/benchmarks/projects/guava/guava/target/guava-26.0-jre.jar:/var/benchmarks/projects/./guava/guava/target/dependency/checker-qual-2.5.2.jar:/var/benchmarks/projects/guava/guava/target/dependency/error_prone_annotations-2.1.3.jar:/var/benchmarks/projects/guava/guava/target/dependency/j2objc-annotations-1.1.jar:/var/benchmarks/projects/guava/guava/target/dependency/jsr305-3.0.2.jar:/var/benchmarks/projects/guava/guava/target/dependency/animal-sniffer-annotations-1.14.jar:/usr/local/bin/lib/junit.jar:/usr/local/bin/lib/hamcrest-core.jar:/home/utbot_mocks/results_utbot-mocks_120/GUAVA-6_4/temp/testcases/bin
Running the tests: [SBSTDummyForCoverageAndMutationCalculation]
Executions terminated

---The tests are re-executed other four times to find the flaky ones---
Running the tests: [SBSTDummyForCoverageAndMutationCalculation]
Executions terminated
Running the tests: [SBSTDummyForCoverageAndMutationCalculation]
Executions terminated
Running the tests: [SBSTDummyForCoverageAndMutationCalculation]
Executions terminated
Running the tests: [SBSTDummyForCoverageAndMutationCalculation]
Executions terminated

=== Run Jacoco for Coverage ===
Number of instrumented file = 2323
Running tests with the following classpath: 
/home/utbot_mocks/results_utbot-mocks_120/GUAVA-6_4/temp/testcases/guava-26.0-jre_instrumented.jar:/home/utbot_mocks/results_utbot-mocks_120/GUAVA-6_4/temp/testcases/checker-qual-2.5.2_instrumented.jar:/home/utbot_mocks/results_utbot-mocks_120/GUAVA-6_4/temp/testcases/error_prone_annotations-2.1.3_instrumented.jar:/home/utbot_mocks/results_utbot-mocks_120/GUAVA-6_4/temp/testcases/j2objc-annotations-1.1_instrumented.jar:/home/utbot_mocks/results_utbot-mocks_120/GUAVA-6_4/temp/testcases/jsr305-3.0.2_instrumented.jar:/home/utbot_mocks/results_utbot-mocks_120/GUAVA-6_4/temp/testcases/animal-sniffer-annotations-1.14_instrumented.jar:/usr/local/bin/lib/hamcrest-core.jar:/usr/local/bin/lib/junit.jar:/home/utbot_mocks/results_utbot-mocks_120/GUAVA-6_4/temp/testcases/bin
Running the tests: [SBSTDummyForCoverageAndMutationCalculation]
Executions terminated
Number of file with coverage information = 1951
Extracted coverage data for the class com/google/common/base/Throwables
Number of file with coverage information = 302
Number of file with coverage information = 22
Number of file with coverage information = 12
Number of file with coverage information = 35
Number of file with coverage information = 1

=== Run PIT ===
Matching Jacoco with PIT: find covered mutations
Executing Mutation Analysis using 41 mutants 

>>> RESULTS:
	Tool name: utbot-mocks
	Benchmark: GUAVA-6
	Class Under Test: com.google.common.base.Throwables
	Run number: 4
	Tool preparation time (ms): 13140
	Tool test cases generation time (ms): 85943
	Test cases execution time (ms): 13
	Test case number: 55
	Uncompilable Test Classes: 1
	Broken tests number: 0
	Failing tests number: 0
	Lines total: 92
	Lines covered: 0
	Lines coverage ratio (%): 0.0
	Conditions total: 38
	Conditions covered: 0
	Conditions coverage ratio (%): 0.0
	Mutants total: 41
	Mutants covered: 0
	Mutants coverage ratio (%): 0.0
	Mutants killed: 0
	Mutants killed ratio (%): 0.0
	Mutants alive: 41


Class com.google.common.base.Throwables ended.
Stopping process...
Tool subprocess is an instance of java.lang.UNIXProcess
Tool subprocess Id is 26872
Killing master process 26872
Executing command kill -9 26872
Execution of command kill -9 26872 finished.
Process was destroyed
