Started UtBot Contest, classfileDir = /var/benchmarks/projects/spoon/target/classes, classpathString=/var/benchmarks/projects/spoon/target/classes:/var/benchmarks/projects/spoon/target/spoon-core-7.0.0.jar:/var/benchmarks/projects/./spoon/target/dependency/org.eclipse.text-3.12.0.jar:/var/benchmarks/projects/spoon/target/dependency/org.eclipse.equinox.app-1.6.100.jar:/var/benchmarks/projects/spoon/target/dependency/org.eclipse.core.contenttype-3.8.100.jar:/var/benchmarks/projects/spoon/target/dependency/mockito-all-2.0.2-beta.jar:/var/benchmarks/projects/spoon/target/dependency/jackson-databind-2.9.2.jar:/var/benchmarks/projects/spoon/target/dependency/guava-18.0.jar:/var/benchmarks/projects/spoon/target/dependency/org.eclipse.core.expressions-3.8.100.jar:/var/benchmarks/projects/spoon/target/dependency/org.eclipse.core.commands-3.10.100.jar:/var/benchmarks/projects/spoon/target/dependency/jackson-annotations-2.9.0.jar:/var/benchmarks/projects/spoon/target/dependency/org.eclipse.jdt.core-3.13.102.jar:/var/benchmarks/projects/spoon/target/dependency/org.eclipse.core.runtime-3.24.0.jar:/var/benchmarks/projects/spoon/target/dependency/org.eclipse.core.resources-3.16.0.jar:/var/benchmarks/projects/spoon/target/dependency/jackson-core-2.9.2.jar:/var/benchmarks/projects/spoon/target/dependency/junit-4.12.jar:/var/benchmarks/projects/spoon/target/dependency/org.eclipse.equinox.registry-3.11.100.jar:/var/benchmarks/projects/spoon/target/dependency/hamcrest-core-1.3.jar:/var/benchmarks/projects/spoon/target/dependency/maven-model-3.3.9.jar:/var/benchmarks/projects/spoon/target/dependency/plexus-utils-3.0.22.jar:/var/benchmarks/projects/spoon/target/dependency/jsap-2.1.jar:/var/benchmarks/projects/spoon/target/dependency/bridge-method-annotation-1.13.jar:/var/benchmarks/projects/spoon/target/dependency/org.eclipse.equinox.common-3.15.100.jar:/var/benchmarks/projects/spoon/target/dependency/org.eclipse.core.jobs-3.12.0.jar:/var/benchmarks/projects/spoon/target/dependency/commons-io-2.5.jar:/var/benchmarks/projects/spoon/target/dependency/commons-lang3-3.5.jar:/var/benchmarks/projects/spoon/target/dependency/system-rules-1.9.0.jar:/var/benchmarks/projects/spoon/target/dependency/querydsl-core-3.6.9.jar:/var/benchmarks/projects/spoon/target/dependency/org.eclipse.core.filesystem-1.9.200.jar:/var/benchmarks/projects/spoon/target/dependency/org.eclipse.equinox.preferences-3.9.100.jar:/var/benchmarks/projects/spoon/target/dependency/org.eclipse.osgi-3.17.100.jar:/var/benchmarks/projects/spoon/target/dependency/log4j-1.2.17.jar, outputDir=/home/utbot_mocks/temp/testcases, mocks=Other classes: Mockito
16:21:08.933 | INFO  | Started: warmup: kotlin reflection :: init
16:21:09.027 | INFO  | Finished (in 0.093 sec): warmup: kotlin reflection :: init 
[INIT]
>> [RUN] spoon.support.reflect.CtExtendedModifier 120
16:21:09.038 | DEBUG | -----------------------------------------------------------------------------
16:21:09.039 | INFO  | Contest.runGeneration: Time budget: 120000 ms, Generation timeout=102000 ms, classpath=/var/benchmarks/projects/spoon/target/classes:/var/benchmarks/projects/spoon/target/spoon-core-7.0.0.jar:/var/benchmarks/projects/./spoon/target/dependency/org.eclipse.text-3.12.0.jar:/var/benchmarks/projects/spoon/target/dependency/org.eclipse.equinox.app-1.6.100.jar:/var/benchmarks/projects/spoon/target/dependency/org.eclipse.core.contenttype-3.8.100.jar:/var/benchmarks/projects/spoon/target/dependency/mockito-all-2.0.2-beta.jar:/var/benchmarks/projects/spoon/target/dependency/jackson-databind-2.9.2.jar:/var/benchmarks/projects/spoon/target/dependency/guava-18.0.jar:/var/benchmarks/projects/spoon/target/dependency/org.eclipse.core.expressions-3.8.100.jar:/var/benchmarks/projects/spoon/target/dependency/org.eclipse.core.commands-3.10.100.jar:/var/benchmarks/projects/spoon/target/dependency/jackson-annotations-2.9.0.jar:/var/benchmarks/projects/spoon/target/dependency/org.eclipse.jdt.core-3.13.102.jar:/var/benchmarks/projects/spoon/target/dependency/org.eclipse.core.runtime-3.24.0.jar:/var/benchmarks/projects/spoon/target/dependency/org.eclipse.core.resources-3.16.0.jar:/var/benchmarks/projects/spoon/target/dependency/jackson-core-2.9.2.jar:/var/benchmarks/projects/spoon/target/dependency/junit-4.12.jar:/var/benchmarks/projects/spoon/target/dependency/org.eclipse.equinox.registry-3.11.100.jar:/var/benchmarks/projects/spoon/target/dependency/hamcrest-core-1.3.jar:/var/benchmarks/projects/spoon/target/dependency/maven-model-3.3.9.jar:/var/benchmarks/projects/spoon/target/dependency/plexus-utils-3.0.22.jar:/var/benchmarks/projects/spoon/target/dependency/jsap-2.1.jar:/var/benchmarks/projects/spoon/target/dependency/bridge-method-annotation-1.13.jar:/var/benchmarks/projects/spoon/target/dependency/org.eclipse.equinox.common-3.15.100.jar:/var/benchmarks/projects/spoon/target/dependency/org.eclipse.core.jobs-3.12.0.jar:/var/benchmarks/projects/spoon/target/dependency/commons-io-2.5.jar:/var/benchmarks/projects/spoon/target/dependency/commons-lang3-3.5.jar:/var/benchmarks/projects/spoon/target/dependency/system-rules-1.9.0.jar:/var/benchmarks/projects/spoon/target/dependency/querydsl-core-3.6.9.jar:/var/benchmarks/projects/spoon/target/dependency/org.eclipse.core.filesystem-1.9.200.jar:/var/benchmarks/projects/spoon/target/dependency/org.eclipse.equinox.preferences-3.9.100.jar:/var/benchmarks/projects/spoon/target/dependency/org.eclipse.osgi-3.17.100.jar:/var/benchmarks/projects/spoon/target/dependency/log4j-1.2.17.jar, methodNameFilter=null
16:21:09.041 | INFO  | ClassUnderTest[ FQN: spoon.support.reflect.CtExtendedModifier
    classfileDir: /var/benchmarks/projects/spoon/target/classes
    testClassSimpleName: CtExtendedModifierTest
    generatedTestFile: /home/utbot_mocks/temp/testcases/spoon/support/reflect/CtExtendedModifierTest.java
    generatedTestsSourcesDir: /home/utbot_mocks/temp/testcases
]
16:21:09.071 | INFO  | Started: class spoon.support.reflect.CtExtendedModifier
16:21:09.072 | INFO  | Started: preparation class class spoon.support.reflect.CtExtendedModifier: kotlin reflection :: run
16:21:09.098 | INFO  | Finished (in 0.025 sec): preparation class class spoon.support.reflect.CtExtendedModifier: kotlin reflection :: run 
16:21:09.099 | INFO  | Started: 2nd optional soot initialization
16:21:09.100 | INFO  | Finished (in 0.001 sec): 2nd optional soot initialization 
16:21:09.110 | DEBUG |  ... 
16:21:09.122 | INFO  | Started: method spoon.support.reflect.CtExtendedModifier.equals(Object)
16:21:09.125 | INFO  |  -- Remaining time budget: 101928 ms, #remaining_methods: 10, budget for method: 10192 ms, solver timeout: 1000 ms, budget for symbolic execution: 8992 ms, budget for concrete execution: 1200 ms,  -- 
16:21:09.471 | DEBUG | --new testCase collected, to generate: testSpoon.support.reflect.CtExtendedModifier.equals(Object)1
16:21:10.289 | DEBUG | --new testCase collected, to generate: testSpoon.support.reflect.CtExtendedModifier.equals(Object)2
16:21:10.332 | DEBUG | --new testCase collected, to generate: testSpoon.support.reflect.CtExtendedModifier.equals(Object)3
16:21:10.743 | DEBUG | --new testCase collected, to generate: testSpoon.support.reflect.CtExtendedModifier.equals(Object)4
16:21:10.745 | INFO  | Finished (in 1.621 sec): method spoon.support.reflect.CtExtendedModifier.equals(Object) 
<StatsForMethod> :
	#generatedTC=4
	WITH NO EXCEPTIONS
16:21:10.748 | DEBUG |  ... 
16:21:10.749 | INFO  | Started: method spoon.support.reflect.CtExtendedModifier.hashCode()
16:21:10.749 | INFO  |  -- Remaining time budget: 100292 ms, #remaining_methods: 9, budget for method: 11143 ms, solver timeout: 1000 ms, budget for symbolic execution: 9943 ms, budget for concrete execution: 1200 ms,  -- 
16:21:10.757 | DEBUG | --new testCase collected, to generate: testSpoon.support.reflect.CtExtendedModifier.hashCode()1
16:21:10.856 | DEBUG | --new testCase collected, to generate: testSpoon.support.reflect.CtExtendedModifier.hashCode()2
16:21:10.882 | DEBUG | --new testCase collected, to generate: testSpoon.support.reflect.CtExtendedModifier.hashCode()3
16:21:10.891 | DEBUG | --new testCase collected, to generate: testSpoon.support.reflect.CtExtendedModifier.hashCode()4
16:21:10.894 | INFO  | Finished (in 0.145 sec): method spoon.support.reflect.CtExtendedModifier.hashCode() 
<StatsForMethod> :
	#generatedTC=4
	WITH NO EXCEPTIONS
16:21:10.895 | DEBUG |  ... 
16:21:10.896 | INFO  | Started: method spoon.support.reflect.CtExtendedModifier.getPosition()
16:21:10.896 | INFO  |  -- Remaining time budget: 100145 ms, #remaining_methods: 8, budget for method: 12518 ms, solver timeout: 1000 ms, budget for symbolic execution: 11318 ms, budget for concrete execution: 1200 ms,  -- 
16:21:10.908 | DEBUG | --new testCase collected, to generate: testSpoon.support.reflect.CtExtendedModifier.getPosition()1
16:21:10.964 | DEBUG | --new testCase collected, to generate: testSpoon.support.reflect.CtExtendedModifier.getPosition()2
16:21:11.006 | INFO  | Finished (in 0.110 sec): method spoon.support.reflect.CtExtendedModifier.getPosition() 
<StatsForMethod> :
	#generatedTC=2
	WITH NO EXCEPTIONS
16:21:11.013 | DEBUG |  ... 
16:21:11.014 | INFO  | Started: method spoon.support.reflect.CtExtendedModifier.setKind(ModifierKind)
16:21:11.014 | INFO  |  -- Remaining time budget: 100026 ms, #remaining_methods: 7, budget for method: 14289 ms, solver timeout: 1000 ms, budget for symbolic execution: 13089 ms, budget for concrete execution: 1200 ms,  -- 
16:21:11.031 | ERROR | Symbolic execution FAILED
com.huawei.utbot.instrumentation.util.ChildProcessError: Error in the child process |> java.lang.IllegalAccessException: Class com.huawei.utbot.framework.concrete.MockValueConstructor can not access a member of class spoon.reflect.declaration.ModifierKind with modifiers "private"
	at sun.reflect.Reflection.ensureMemberAccess(Reflection.java:102)
	at java.lang.reflect.AccessibleObject.slowCheckMemberAccess(AccessibleObject.java:296)
	at java.lang.reflect.AccessibleObject.checkAccess(AccessibleObject.java:288)
	at java.lang.reflect.Constructor.newInstance(Constructor.java:413)
	at com.huawei.utbot.framework.concrete.MockValueConstructor.call(MockValueConstructor.kt:414)
	at com.huawei.utbot.framework.concrete.MockValueConstructor.updateWithExecutableCallModel(MockValueConstructor.kt:353)
	at com.huawei.utbot.framework.concrete.MockValueConstructor.constructFromAssembleModel(MockValueConstructor.kt:332)
	at com.huawei.utbot.framework.concrete.MockValueConstructor.construct(MockValueConstructor.kt:126)
	at com.huawei.utbot.framework.concrete.MockValueConstructor.constructMethodParameters(MockValueConstructor.kt:101)
	at com.huawei.utbot.framework.concrete.UtExecutionInstrumentation.invoke(UtExecutionInstrumentation.kt:126)
	at com.huawei.utbot.framework.concrete.UtExecutionInstrumentation.invoke(UtExecutionInstrumentation.kt:96)
	at com.huawei.utbot.instrumentation.process.ChildProcessKt.loop(ChildProcess.kt:114)
	at com.huawei.utbot.instrumentation.process.ChildProcessKt.main(ChildProcess.kt:76)
	at com.huawei.utbot.instrumentation.process.ChildProcessKt.main(ChildProcess.kt)

	at com.huawei.utbot.instrumentation.ConcreteExecutor.executeAsync(ConcreteExecutor.kt:391) ~[utbot-junit-contest-1.0.jar:?]
	at com.huawei.utbot.instrumentation.ConcreteExecutor$executeAsync$1.invokeSuspend(ConcreteExecutor.kt) ~[utbot-junit-contest-1.0.jar:?]
	at kotlin.coroutines.jvm.internal.BaseContinuationImpl.resumeWith(ContinuationImpl.kt:33) [utbot-junit-contest-1.0.jar:?]
	at kotlinx.coroutines.DispatchedTask.run(DispatchedTask.kt:106) [utbot-junit-contest-1.0.jar:?]
	at java.util.concurrent.Executors$RunnableAdapter.call(Executors.java:511) [?:1.8.0_312]
	at java.util.concurrent.FutureTask.run(FutureTask.java:266) [?:1.8.0_312]
	at java.util.concurrent.ScheduledThreadPoolExecutor$ScheduledFutureTask.access$201(ScheduledThreadPoolExecutor.java:180) [?:1.8.0_312]
	at java.util.concurrent.ScheduledThreadPoolExecutor$ScheduledFutureTask.run(ScheduledThreadPoolExecutor.java:293) [?:1.8.0_312]
	at java.util.concurrent.ThreadPoolExecutor.runWorker(ThreadPoolExecutor.java:1149) [?:1.8.0_312]
	at java.util.concurrent.ThreadPoolExecutor$Worker.run(ThreadPoolExecutor.java:624) [?:1.8.0_312]
	at java.lang.Thread.run(Thread.java:748) [?:1.8.0_312]
16:21:11.071 | DEBUG | --new testCase collected, to generate: testSpoon.support.reflect.CtExtendedModifier.setKind(ModifierKind)1
16:21:11.071 | INFO  | Finished (in 0.057 sec): method spoon.support.reflect.CtExtendedModifier.setKind(ModifierKind) 
<StatsForMethod> :
	#generatedTC=1
	FAILED 1 time(s) with 1 different exception(s)"
16:21:11.072 | DEBUG |  ... 
16:21:11.073 | INFO  | Started: method spoon.support.reflect.CtExtendedModifier.getKind()
16:21:11.073 | INFO  |  -- Remaining time budget: 99967 ms, #remaining_methods: 6, budget for method: 16661 ms, solver timeout: 1000 ms, budget for symbolic execution: 15461 ms, budget for concrete execution: 1200 ms,  -- 
16:21:11.081 | DEBUG | --new testCase collected, to generate: testSpoon.support.reflect.CtExtendedModifier.getKind()1
16:21:11.115 | DEBUG | --new testCase collected, to generate: testSpoon.support.reflect.CtExtendedModifier.getKind()2
16:21:11.115 | INFO  | Finished (in 0.042 sec): method spoon.support.reflect.CtExtendedModifier.getKind() 
<StatsForMethod> :
	#generatedTC=2
	WITH NO EXCEPTIONS
16:21:11.116 | DEBUG |  ... 
16:21:11.117 | INFO  | Started: method spoon.support.reflect.CtExtendedModifier.setPosition(SourcePosition)
16:21:11.117 | INFO  |  -- Remaining time budget: 99924 ms, #remaining_methods: 5, budget for method: 19984 ms, solver timeout: 1000 ms, budget for symbolic execution: 18784 ms, budget for concrete execution: 1200 ms,  -- 
16:21:11.127 | DEBUG | --new testCase collected, to generate: testSpoon.support.reflect.CtExtendedModifier.setPosition(SourcePosition)1
16:21:11.156 | DEBUG | --new testCase collected, to generate: testSpoon.support.reflect.CtExtendedModifier.setPosition(SourcePosition)2
16:21:11.157 | INFO  | Finished (in 0.040 sec): method spoon.support.reflect.CtExtendedModifier.setPosition(SourcePosition) 
<StatsForMethod> :
	#generatedTC=2
	WITH NO EXCEPTIONS
16:21:11.158 | DEBUG |  ... 
16:21:11.158 | INFO  | Started: method spoon.support.reflect.CtExtendedModifier.setImplicit(boolean)
16:21:11.158 | INFO  |  -- Remaining time budget: 99882 ms, #remaining_methods: 4, budget for method: 24970 ms, solver timeout: 1000 ms, budget for symbolic execution: 23770 ms, budget for concrete execution: 1200 ms,  -- 
16:21:11.164 | DEBUG | --new testCase collected, to generate: testSpoon.support.reflect.CtExtendedModifier.setImplicit(boolean)1
16:21:11.191 | DEBUG | --new testCase collected, to generate: testSpoon.support.reflect.CtExtendedModifier.setImplicit(boolean)2
16:21:11.192 | INFO  | Finished (in 0.033 sec): method spoon.support.reflect.CtExtendedModifier.setImplicit(boolean) 
<StatsForMethod> :
	#generatedTC=2
	WITH NO EXCEPTIONS
16:21:11.192 | DEBUG |  ... 
16:21:11.193 | INFO  | Started: method spoon.support.reflect.CtExtendedModifier.isImplicit()
16:21:11.193 | INFO  |  -- Remaining time budget: 99847 ms, #remaining_methods: 3, budget for method: 33282 ms, solver timeout: 1000 ms, budget for symbolic execution: 32082 ms, budget for concrete execution: 1200 ms,  -- 
16:21:11.199 | DEBUG | --new testCase collected, to generate: testSpoon.support.reflect.CtExtendedModifier.isImplicit()1
16:21:11.224 | DEBUG | --new testCase collected, to generate: testSpoon.support.reflect.CtExtendedModifier.isImplicit()2
16:21:11.224 | INFO  | Finished (in 0.031 sec): method spoon.support.reflect.CtExtendedModifier.isImplicit() 
<StatsForMethod> :
	#generatedTC=2
	WITH NO EXCEPTIONS
16:21:11.225 | DEBUG |  ... 
16:21:11.225 | INFO  | Started: method spoon.support.reflect.CtExtendedModifier.<init>(ModifierKind)
16:21:11.225 | INFO  |  -- Remaining time budget: 99815 ms, #remaining_methods: 2, budget for method: 49907 ms, solver timeout: 1000 ms, budget for symbolic execution: 48707 ms, budget for concrete execution: 1200 ms,  -- 
16:21:11.231 | ERROR | Symbolic execution FAILED
com.huawei.utbot.instrumentation.util.ChildProcessError: Error in the child process |> java.lang.IllegalAccessException: Class com.huawei.utbot.framework.concrete.MockValueConstructor can not access a member of class spoon.reflect.declaration.ModifierKind with modifiers "private"
	at sun.reflect.Reflection.ensureMemberAccess(Reflection.java:102)
	at java.lang.reflect.AccessibleObject.slowCheckMemberAccess(AccessibleObject.java:296)
	at java.lang.reflect.AccessibleObject.checkAccess(AccessibleObject.java:288)
	at java.lang.reflect.Constructor.newInstance(Constructor.java:413)
	at com.huawei.utbot.framework.concrete.MockValueConstructor.call(MockValueConstructor.kt:414)
	at com.huawei.utbot.framework.concrete.MockValueConstructor.updateWithExecutableCallModel(MockValueConstructor.kt:353)
	at com.huawei.utbot.framework.concrete.MockValueConstructor.constructFromAssembleModel(MockValueConstructor.kt:332)
	at com.huawei.utbot.framework.concrete.MockValueConstructor.construct(MockValueConstructor.kt:126)
	at com.huawei.utbot.framework.concrete.MockValueConstructor.constructMethodParameters(MockValueConstructor.kt:101)
	at com.huawei.utbot.framework.concrete.UtExecutionInstrumentation.invoke(UtExecutionInstrumentation.kt:126)
	at com.huawei.utbot.framework.concrete.UtExecutionInstrumentation.invoke(UtExecutionInstrumentation.kt:96)
	at com.huawei.utbot.instrumentation.process.ChildProcessKt.loop(ChildProcess.kt:114)
	at com.huawei.utbot.instrumentation.process.ChildProcessKt.main(ChildProcess.kt:76)
	at com.huawei.utbot.instrumentation.process.ChildProcessKt.main(ChildProcess.kt)

	at com.huawei.utbot.instrumentation.ConcreteExecutor.executeAsync(ConcreteExecutor.kt:391) ~[utbot-junit-contest-1.0.jar:?]
	at com.huawei.utbot.engine.UtBotSymbolicEngineKt.executeConcretely(UtBotSymbolicEngine.kt:3203) ~[utbot-junit-contest-1.0.jar:?]
	at com.huawei.utbot.engine.UtBotSymbolicEngine$fuzzing$1.invokeSuspend(UtBotSymbolicEngine.kt:515) [utbot-junit-contest-1.0.jar:?]
	at com.huawei.utbot.engine.UtBotSymbolicEngine$fuzzing$1.invoke(UtBotSymbolicEngine.kt) [utbot-junit-contest-1.0.jar:?]
	at kotlinx.coroutines.flow.SafeFlow.collectSafely(Builders.kt:61) [utbot-junit-contest-1.0.jar:?]
	at kotlinx.coroutines.flow.AbstractFlow.collect(Flow.kt:212) [utbot-junit-contest-1.0.jar:?]
	at kotlinx.coroutines.flow.FlowKt__MergeKt$flattenConcat$$inlined$unsafeFlow$1$lambda$1.emit(Collect.kt:134) [utbot-junit-contest-1.0.jar:?]
	at kotlinx.coroutines.flow.FlowKt__BuildersKt$flowOf$$inlined$unsafeFlow$1.collect(SafeCollector.common.kt:114) [utbot-junit-contest-1.0.jar:?]
	at kotlinx.coroutines.flow.FlowKt__MergeKt$flattenConcat$$inlined$unsafeFlow$1.collect(SafeCollector.common.kt:114) [utbot-junit-contest-1.0.jar:?]
	at com.huawei.utbot.contest.ContestKt$runGeneration$1$invokeSuspend$$inlined$bracket$lambda$1$1.invokeSuspend(Contest.kt:531) [utbot-junit-contest-1.0.jar:?]
	at kotlin.coroutines.jvm.internal.BaseContinuationImpl.resumeWith(ContinuationImpl.kt:33) [utbot-junit-contest-1.0.jar:?]
	at kotlinx.coroutines.DispatchedTask.run(DispatchedTask.kt:106) [utbot-junit-contest-1.0.jar:?]
	at java.util.concurrent.Executors$RunnableAdapter.call(Executors.java:511) [?:1.8.0_312]
	at java.util.concurrent.FutureTask.run(FutureTask.java:266) [?:1.8.0_312]
	at java.util.concurrent.ScheduledThreadPoolExecutor$ScheduledFutureTask.access$201(ScheduledThreadPoolExecutor.java:180) [?:1.8.0_312]
	at java.util.concurrent.ScheduledThreadPoolExecutor$ScheduledFutureTask.run(ScheduledThreadPoolExecutor.java:293) [?:1.8.0_312]
	at java.util.concurrent.ThreadPoolExecutor.runWorker(ThreadPoolExecutor.java:1149) [?:1.8.0_312]
	at java.util.concurrent.ThreadPoolExecutor$Worker.run(ThreadPoolExecutor.java:624) [?:1.8.0_312]
	at java.lang.Thread.run(Thread.java:748) [?:1.8.0_312]
16:21:11.282 | DEBUG | --new testCase collected, to generate: testSpoon.support.reflect.CtExtendedModifier.<init>(ModifierKind)1
16:21:11.282 | INFO  | Finished (in 0.057 sec): method spoon.support.reflect.CtExtendedModifier.<init>(ModifierKind) 
<StatsForMethod> :
	#generatedTC=1
	FAILED 1 time(s) with 1 different exception(s)"
16:21:11.285 | DEBUG |  ... 
16:21:11.286 | INFO  | Started: method spoon.support.reflect.CtExtendedModifier.<init>(ModifierKind, boolean)
16:21:11.286 | INFO  |  -- Remaining time budget: 99755 ms, #remaining_methods: 1, budget for method: 99755 ms, solver timeout: 1000 ms, budget for symbolic execution: 98555 ms, budget for concrete execution: 1200 ms,  -- 
16:21:11.290 | ERROR | Symbolic execution FAILED
com.huawei.utbot.instrumentation.util.ChildProcessError: Error in the child process |> java.lang.IllegalAccessException: Class com.huawei.utbot.framework.concrete.MockValueConstructor can not access a member of class spoon.reflect.declaration.ModifierKind with modifiers "private"
	at sun.reflect.Reflection.ensureMemberAccess(Reflection.java:102)
	at java.lang.reflect.AccessibleObject.slowCheckMemberAccess(AccessibleObject.java:296)
	at java.lang.reflect.AccessibleObject.checkAccess(AccessibleObject.java:288)
	at java.lang.reflect.Constructor.newInstance(Constructor.java:413)
	at com.huawei.utbot.framework.concrete.MockValueConstructor.call(MockValueConstructor.kt:414)
	at com.huawei.utbot.framework.concrete.MockValueConstructor.updateWithExecutableCallModel(MockValueConstructor.kt:353)
	at com.huawei.utbot.framework.concrete.MockValueConstructor.constructFromAssembleModel(MockValueConstructor.kt:332)
	at com.huawei.utbot.framework.concrete.MockValueConstructor.construct(MockValueConstructor.kt:126)
	at com.huawei.utbot.framework.concrete.MockValueConstructor.constructMethodParameters(MockValueConstructor.kt:101)
	at com.huawei.utbot.framework.concrete.UtExecutionInstrumentation.invoke(UtExecutionInstrumentation.kt:126)
	at com.huawei.utbot.framework.concrete.UtExecutionInstrumentation.invoke(UtExecutionInstrumentation.kt:96)
	at com.huawei.utbot.instrumentation.process.ChildProcessKt.loop(ChildProcess.kt:114)
	at com.huawei.utbot.instrumentation.process.ChildProcessKt.main(ChildProcess.kt:76)
	at com.huawei.utbot.instrumentation.process.ChildProcessKt.main(ChildProcess.kt)

	at com.huawei.utbot.instrumentation.ConcreteExecutor.executeAsync(ConcreteExecutor.kt:391) ~[utbot-junit-contest-1.0.jar:?]
	at com.huawei.utbot.instrumentation.ConcreteExecutor$executeAsync$1.invokeSuspend(ConcreteExecutor.kt) ~[utbot-junit-contest-1.0.jar:?]
	at kotlin.coroutines.jvm.internal.BaseContinuationImpl.resumeWith(ContinuationImpl.kt:33) [utbot-junit-contest-1.0.jar:?]
	at kotlinx.coroutines.DispatchedTask.run(DispatchedTask.kt:106) [utbot-junit-contest-1.0.jar:?]
	at java.util.concurrent.Executors$RunnableAdapter.call(Executors.java:511) [?:1.8.0_312]
	at java.util.concurrent.FutureTask.run(FutureTask.java:266) [?:1.8.0_312]
	at java.util.concurrent.ScheduledThreadPoolExecutor$ScheduledFutureTask.access$201(ScheduledThreadPoolExecutor.java:180) [?:1.8.0_312]
	at java.util.concurrent.ScheduledThreadPoolExecutor$ScheduledFutureTask.run(ScheduledThreadPoolExecutor.java:293) [?:1.8.0_312]
	at java.util.concurrent.ThreadPoolExecutor.runWorker(ThreadPoolExecutor.java:1149) [?:1.8.0_312]
	at java.util.concurrent.ThreadPoolExecutor$Worker.run(ThreadPoolExecutor.java:624) [?:1.8.0_312]
	at java.lang.Thread.run(Thread.java:748) [?:1.8.0_312]
16:21:11.357 | DEBUG | --new testCase collected, to generate: testSpoon.support.reflect.CtExtendedModifier.<init>(ModifierKind, boolean)1
16:21:11.358 | INFO  | Finished (in 0.072 sec): method spoon.support.reflect.CtExtendedModifier.<init>(ModifierKind, boolean) 
<StatsForMethod> :
	#generatedTC=1
	FAILED 1 time(s) with 1 different exception(s)"
16:21:11.367 | INFO  | Started: Flushing tests for [CtExtendedModifier] on disk
16:21:12.576 | INFO  | File size for CtExtendedModifierTest: 15 KB
16:21:12.577 | INFO  | Finished (in 1.210 sec): Flushing tests for [CtExtendedModifier] on disk 
16:21:12.578 | INFO  | Finished (in 3.506 sec): class spoon.support.reflect.CtExtendedModifier 
<StatsForClass> :
	canceled by timeout = false
	#methods = 10, 
	#methods started symbolic exploration = 10
	#methods with at least one TC = 10
	#methods with exceptions = 3
	#generated TC = 21
	#coverage = null
[READY]
