
>>> TOOL NAME:  utbot-mocks

>>> BENCHMARK:  SPOON-155

>>> RUN NUMBER: 3

>>> MODE: --only-compute-metrics
Creating directory ./temp
Creating directory ./temp/data
Creating directory ./temp/testcases
Executing /home/utbot_mocks/./runtool
>> BENCHMARK
>> /var/benchmarks/projects/spoon/src/main/java
>> /var/benchmarks/projects/spoon/target/classes
>> 31
>> /var/benchmarks/projects/spoon/target/spoon-core-7.0.0.jar
>> /var/benchmarks/projects/./spoon/target/dependency/org.eclipse.text-3.12.0.jar
>> /var/benchmarks/projects/spoon/target/dependency/org.eclipse.equinox.app-1.6.100.jar
>> /var/benchmarks/projects/spoon/target/dependency/org.eclipse.core.contenttype-3.8.100.jar
>> /var/benchmarks/projects/spoon/target/dependency/mockito-all-2.0.2-beta.jar
>> /var/benchmarks/projects/spoon/target/dependency/jackson-databind-2.9.2.jar
>> /var/benchmarks/projects/spoon/target/dependency/guava-18.0.jar
>> /var/benchmarks/projects/spoon/target/dependency/org.eclipse.core.expressions-3.8.100.jar
>> /var/benchmarks/projects/spoon/target/dependency/org.eclipse.core.commands-3.10.100.jar
>> /var/benchmarks/projects/spoon/target/dependency/jackson-annotations-2.9.0.jar
>> /var/benchmarks/projects/spoon/target/dependency/org.eclipse.jdt.core-3.13.102.jar
>> /var/benchmarks/projects/spoon/target/dependency/org.eclipse.core.runtime-3.24.0.jar
>> /var/benchmarks/projects/spoon/target/dependency/org.eclipse.core.resources-3.16.0.jar
>> /var/benchmarks/projects/spoon/target/dependency/jackson-core-2.9.2.jar
>> /var/benchmarks/projects/spoon/target/dependency/junit-4.12.jar
>> /var/benchmarks/projects/spoon/target/dependency/org.eclipse.equinox.registry-3.11.100.jar
>> /var/benchmarks/projects/spoon/target/dependency/hamcrest-core-1.3.jar
>> /var/benchmarks/projects/spoon/target/dependency/maven-model-3.3.9.jar
>> /var/benchmarks/projects/spoon/target/dependency/plexus-utils-3.0.22.jar
>> /var/benchmarks/projects/spoon/target/dependency/jsap-2.1.jar
>> /var/benchmarks/projects/spoon/target/dependency/bridge-method-annotation-1.13.jar
>> /var/benchmarks/projects/spoon/target/dependency/org.eclipse.equinox.common-3.15.100.jar
>> /var/benchmarks/projects/spoon/target/dependency/org.eclipse.core.jobs-3.12.0.jar
>> /var/benchmarks/projects/spoon/target/dependency/commons-io-2.5.jar
>> /var/benchmarks/projects/spoon/target/dependency/commons-lang3-3.5.jar
>> /var/benchmarks/projects/spoon/target/dependency/system-rules-1.9.0.jar
>> /var/benchmarks/projects/spoon/target/dependency/querydsl-core-3.6.9.jar
>> /var/benchmarks/projects/spoon/target/dependency/org.eclipse.core.filesystem-1.9.200.jar
>> /var/benchmarks/projects/spoon/target/dependency/org.eclipse.equinox.preferences-3.9.100.jar
>> /var/benchmarks/projects/spoon/target/dependency/org.eclipse.osgi-3.17.100.jar
>> /var/benchmarks/projects/spoon/target/dependency/log4j-1.2.17.jar
>> 0
expecting CLASSPATH or READY
<< CLASSPATH
expecting number
<< 0
<< READY
>> 30


### COMPUTING METRICS ###: spoon.support.compiler.jdt.JDTSnippetCompiler


Starting class spoon.support.compiler.jdt.JDTSnippetCompiler


Ending class spoon.support.compiler.jdt.JDTSnippetCompiler
ERROR: Something went wrong! Consult log.txt for more infos!
java.io.FileNotFoundException: /home/utbot_mocks/results_utbot-mocks_30/SPOON-155_3/temp/testcases/timing.txt (Not a directory)
	at java.io.FileInputStream.open0(Native Method)
	at java.io.FileInputStream.open(FileInputStream.java:195)
	at java.io.FileInputStream.<init>(FileInputStream.java:138)
	at java.io.FileReader.<init>(FileReader.java:72)
	at sbst.benchmark.TranscriptWriter.readTimingFile(TranscriptWriter.java:215)
	at sbst.benchmark.TranscriptWriter.endClass(TranscriptWriter.java:127)
	at sbst.benchmark.RunTool.execute(RunTool.java:141)
	at sbst.benchmark.RunTool.run(RunTool.java:62)
	at sbst.benchmark.Main.main(Main.java:160)


Class spoon.support.compiler.jdt.JDTSnippetCompiler ended.
Stopping process...
Tool subprocess is an instance of java.lang.UNIXProcess
Tool subprocess Id is 13552
Killing master process 13552
Executing command kill -9 13552
Execution of command kill -9 13552 finished.
Process was destroyed

>>> TOOL NAME:  utbot-mocks

>>> BENCHMARK:  FASTJSON-93

>>> RUN NUMBER: 3

>>> MODE: --only-compute-metrics
Deleting file or directory ./temp/testcases
Deleting file or directory ./temp/utbot-1-err.log
Deleting file or directory ./temp/data
Deleting file or directory ./temp/utbot-runtool.log
Deleting file or directory ./temp/utbot-1-out.log
Deleting file or directory ./temp
Creating directory ./temp
Creating directory ./temp/data
Creating directory ./temp/testcases
Executing /home/utbot_mocks/./runtool
>> BENCHMARK
>> /var/benchmarks/projects/fastjson/src/main/java
>> /var/benchmarks/projects/fastjson/target/classes
>> 140
>> /var/benchmarks/projects/fastjson/target/fastjson-1.2.50-SNAPSHOT.jar
>> /var/benchmarks/projects/./fastjson/target/dependency/deeptestutils-1.1.0.jar
>> /var/benchmarks/projects/fastjson/target/dependency/commons-beanutils-1.8.0.jar
>> /var/benchmarks/projects/fastjson/target/dependency/woodstox-core-asl-4.4.1.jar
>> /var/benchmarks/projects/fastjson/target/dependency/spring-aop-4.3.7.RELEASE.jar
>> /var/benchmarks/projects/fastjson/target/dependency/hibernate-core-5.2.10.Final.jar
>> /var/benchmarks/projects/fastjson/target/dependency/jackson-module-kotlin-2.9.0.jar
>> /var/benchmarks/projects/fastjson/target/dependency/spring-data-commons-1.13.6.RELEASE.jar
>> /var/benchmarks/projects/fastjson/target/dependency/javax.annotation-api-1.2.jar
>> /var/benchmarks/projects/fastjson/target/dependency/gson-2.6.2.jar
>> /var/benchmarks/projects/fastjson/target/dependency/jetty-continuation-8.1.8.v20121106.jar
>> /var/benchmarks/projects/fastjson/target/dependency/objenesis-2.5.1.jar
>> /var/benchmarks/projects/fastjson/target/dependency/powermock-reflect-1.6.6.jar
>> /var/benchmarks/projects/fastjson/target/dependency/springfox-spring-web-2.6.1.jar
>> /var/benchmarks/projects/fastjson/target/dependency/javaslang-2.0.6.jar
>> /var/benchmarks/projects/fastjson/target/dependency/guava-18.0.jar
>> /var/benchmarks/projects/fastjson/target/dependency/mockito-core-1.10.19.jar
>> /var/benchmarks/projects/fastjson/target/dependency/json-lib-2.4-jdk15.jar
>> /var/benchmarks/projects/fastjson/target/dependency/jetty-xml-8.1.8.v20121106.jar
>> /var/benchmarks/projects/fastjson/target/dependency/xmlschema-core-2.2.1.jar
>> /var/benchmarks/projects/fastjson/target/dependency/powermock-api-support-1.6.6.jar
>> /var/benchmarks/projects/fastjson/target/dependency/commons-collections4-4.1.jar
>> /var/benchmarks/projects/fastjson/target/dependency/cglib-nodep-2.2.2.jar
>> /var/benchmarks/projects/fastjson/target/dependency/asm-debug-all-5.0.4.jar
>> /var/benchmarks/projects/fastjson/target/dependency/spring-plugin-core-1.2.0.RELEASE.jar
>> /var/benchmarks/projects/fastjson/target/dependency/cxf-rt-rs-client-3.1.2.jar
>> /var/benchmarks/projects/fastjson/target/dependency/jetty-io-8.1.8.v20121106.jar
>> /var/benchmarks/projects/fastjson/target/dependency/commons-lang3-3.4.jar
>> /var/benchmarks/projects/fastjson/target/dependency/stax2-api-3.1.4.jar
>> /var/benchmarks/projects/fastjson/target/dependency/jackson-annotations-2.9.0.jar
>> /var/benchmarks/projects/fastjson/target/dependency/jetty-server-8.1.8.v20121106.jar
>> /var/benchmarks/projects/fastjson/target/dependency/json-simple-1.1.1.jar
>> /var/benchmarks/projects/fastjson/target/dependency/asm-tree-4.0.jar
>> /var/benchmarks/projects/fastjson/target/dependency/spring-data-commons-core-1.4.1.RELEASE.jar
>> /var/benchmarks/projects/fastjson/target/dependency/powermock-module-junit4-common-1.6.6.jar
>> /var/benchmarks/projects/fastjson/target/dependency/jcl-over-slf4j-1.7.25.jar
>> /var/benchmarks/projects/fastjson/target/dependency/javax.servlet-3.0.0.v201112011016.jar
>> /var/benchmarks/projects/fastjson/target/dependency/springfox-core-2.6.1.jar
>> /var/benchmarks/projects/fastjson/target/dependency/osgi-resource-locator-1.0.1.jar
>> /var/benchmarks/projects/fastjson/target/dependency/javassist-3.18.0-GA.jar
>> /var/benchmarks/projects/fastjson/target/dependency/kotlin-reflect-1.1.3-2.jar
>> /var/benchmarks/projects/fastjson/target/dependency/spring-context-support-4.3.10.RELEASE.jar
>> /var/benchmarks/projects/fastjson/target/dependency/spring-plugin-metadata-1.2.0.RELEASE.jar
>> /var/benchmarks/projects/fastjson/target/dependency/kotlin-stdlib-1.1.3-2.jar
>> /var/benchmarks/projects/fastjson/target/dependency/spring-data-keyvalue-1.2.6.RELEASE.jar
>> /var/benchmarks/projects/fastjson/target/dependency/jersey-container-servlet-core-2.23.2.jar
>> /var/benchmarks/projects/fastjson/target/dependency/asm-4.0.jar
>> /var/benchmarks/projects/fastjson/target/dependency/asm-commons-4.0.jar
>> /var/benchmarks/projects/fastjson/target/dependency/jersey-guava-2.23.2.jar
>> /var/benchmarks/projects/fastjson/target/dependency/aopalliance-1.0.jar
>> /var/benchmarks/projects/fastjson/target/dependency/groovy-2.1.5.jar
>> /var/benchmarks/projects/fastjson/target/dependency/hk2-api-2.5.0-b05.jar
>> /var/benchmarks/projects/fastjson/target/dependency/jetty-security-8.1.8.v20121106.jar
>> /var/benchmarks/projects/fastjson/target/dependency/jmh-core-1.21.jar
>> /var/benchmarks/projects/fastjson/target/dependency/jersey-container-servlet-2.23.2.jar
>> /var/benchmarks/projects/fastjson/target/dependency/dom4j-1.6.1.jar
>> /var/benchmarks/projects/fastjson/target/dependency/spring-core-4.3.7.RELEASE.jar
>> /var/benchmarks/projects/fastjson/target/dependency/spring-data-redis-1.8.6.RELEASE.jar
>> /var/benchmarks/projects/fastjson/target/dependency/jackson-core-asl-1.9.13.jar
>> /var/benchmarks/projects/fastjson/target/dependency/jackson-mapper-asl-1.9.13.jar
>> /var/benchmarks/projects/fastjson/target/dependency/hibernate-jpa-2.1-api-1.0.0.Final.jar
>> /var/benchmarks/projects/fastjson/target/dependency/junit-4.12.jar
>> /var/benchmarks/projects/fastjson/target/dependency/commons-io-1.4.jar
>> /var/benchmarks/projects/fastjson/target/dependency/jetty-util-8.1.8.v20121106.jar
>> /var/benchmarks/projects/fastjson/target/dependency/hamcrest-core-1.3.jar
>> /var/benchmarks/projects/fastjson/target/dependency/jmh-generator-annprocess-1.21.jar
>> /var/benchmarks/projects/fastjson/target/dependency/jackson-jaxrs-base-2.8.7.jar
>> /var/benchmarks/projects/fastjson/target/dependency/powermock-module-junit4-1.6.6.jar
>> /var/benchmarks/projects/fastjson/target/dependency/powermock-core-1.6.6.jar
>> /var/benchmarks/projects/fastjson/target/dependency/slf4j-api-1.7.25.jar
>> /var/benchmarks/projects/fastjson/target/dependency/antlr-2.7.7.jar
>> /var/benchmarks/projects/fastjson/target/dependency/mockito-all-1.10.19.jar
>> /var/benchmarks/projects/fastjson/target/dependency/jersey-container-jdk-http-2.23.2.jar
>> /var/benchmarks/projects/fastjson/target/dependency/javaslang-match-2.0.6.jar
>> /var/benchmarks/projects/fastjson/target/dependency/jersey-test-framework-provider-jdk-http-2.23.2.jar
>> /var/benchmarks/projects/fastjson/target/dependency/jersey-entity-filtering-2.23.2.jar
>> /var/benchmarks/projects/fastjson/target/dependency/jandex-2.0.3.Final.jar
>> /var/benchmarks/projects/fastjson/target/dependency/ezmorph-1.0.6.jar
>> /var/benchmarks/projects/fastjson/target/dependency/jackson-jaxrs-json-provider-2.8.7.jar
>> /var/benchmarks/projects/fastjson/target/dependency/cxf-rt-transports-http-3.1.2.jar
>> /var/benchmarks/projects/fastjson/target/dependency/spring-beans-4.3.7.RELEASE.jar
>> /var/benchmarks/projects/fastjson/target/dependency/jersey-server-2.23.2.jar
>> /var/benchmarks/projects/fastjson/target/dependency/powermock-api-mockito-1.6.6.jar
>> /var/benchmarks/projects/fastjson/target/dependency/jackson-module-jaxb-annotations-2.8.7.jar
>> /var/benchmarks/projects/fastjson/target/dependency/jopt-simple-4.6.jar
>> /var/benchmarks/projects/fastjson/target/dependency/asm-analysis-4.0.jar
>> /var/benchmarks/projects/fastjson/target/dependency/annotations-13.0.jar
>> /var/benchmarks/projects/fastjson/target/dependency/json-path-2.3.0.jar
>> /var/benchmarks/projects/fastjson/target/dependency/springfox-spi-2.6.1.jar
>> /var/benchmarks/projects/fastjson/target/dependency/spring-websocket-4.3.7.RELEASE.jar
>> /var/benchmarks/projects/fastjson/target/dependency/spring-messaging-4.3.7.RELEASE.jar
>> /var/benchmarks/projects/fastjson/target/dependency/jersey-client-2.23.2.jar
>> /var/benchmarks/projects/fastjson/target/dependency/javax.ws.rs-api-2.0.1.jar
>> /var/benchmarks/projects/fastjson/target/dependency/accessors-smart-1.1.jar
>> /var/benchmarks/projects/fastjson/target/dependency/hibernate-commons-annotations-5.0.1.Final.jar
>> /var/benchmarks/projects/fastjson/target/dependency/commons-logging-1.1.1.jar
>> /var/benchmarks/projects/fastjson/target/dependency/jackson-core-2.9.0.jar
>> /var/benchmarks/projects/fastjson/target/dependency/spring-expression-4.3.7.RELEASE.jar
>> /var/benchmarks/projects/fastjson/target/dependency/jersey-media-jaxb-2.23.2.jar
>> /var/benchmarks/projects/fastjson/target/dependency/okhttp-3.6.0.jar
>> /var/benchmarks/projects/fastjson/target/dependency/commons-math3-3.2.jar
>> /var/benchmarks/projects/fastjson/target/dependency/jetty-webapp-8.1.8.v20121106.jar
>> /var/benchmarks/projects/fastjson/target/dependency/javax.inject-2.5.0-b05.jar
>> /var/benchmarks/projects/fastjson/target/dependency/cxf-core-3.1.2.jar
>> /var/benchmarks/projects/fastjson/target/dependency/powermock-api-mockito-common-1.6.6.jar
>> /var/benchmarks/projects/fastjson/target/dependency/jetty-http-8.1.8.v20121106.jar
>> /var/benchmarks/projects/fastjson/target/dependency/spring-security-config-3.2.10.RELEASE.jar
>> /var/benchmarks/projects/fastjson/target/dependency/okio-1.11.0.jar
>> /var/benchmarks/projects/fastjson/target/dependency/javax.servlet-api-3.1.0.jar
>> /var/benchmarks/projects/fastjson/target/dependency/json-smart-2.2.1.jar
>> /var/benchmarks/projects/fastjson/target/dependency/spring-tx-4.3.10.RELEASE.jar
>> /var/benchmarks/projects/fastjson/target/dependency/jackson-module-afterburner-2.9.0.jar
>> /var/benchmarks/projects/fastjson/target/dependency/asm-util-4.0.jar
>> /var/benchmarks/projects/fastjson/target/dependency/spring-security-web-4.2.3.RELEASE.jar
>> /var/benchmarks/projects/fastjson/target/dependency/spring-webmvc-4.3.7.RELEASE.jar
>> /var/benchmarks/projects/fastjson/target/dependency/hk2-locator-2.5.0-b05.jar
>> /var/benchmarks/projects/fastjson/target/dependency/retrofit-2.1.0.jar
>> /var/benchmarks/projects/fastjson/target/dependency/clojure-1.5.1.jar
>> /var/benchmarks/projects/fastjson/target/dependency/spring-security-oauth2-2.3.3.RELEASE.jar
>> /var/benchmarks/projects/fastjson/target/dependency/spring-test-4.3.7.RELEASE.jar
>> /var/benchmarks/projects/fastjson/target/dependency/aopalliance-repackaged-2.5.0-b05.jar
>> /var/benchmarks/projects/fastjson/target/dependency/spring-oxm-4.3.10.RELEASE.jar
>> /var/benchmarks/projects/fastjson/target/dependency/spring-security-core-4.2.3.RELEASE.jar
>> /var/benchmarks/projects/fastjson/target/dependency/jboss-transaction-api_1.2_spec-1.0.1.Final.jar
>> /var/benchmarks/projects/fastjson/target/dependency/lombok-1.14.4.jar
>> /var/benchmarks/projects/fastjson/target/dependency/commons-collections-3.2.1.jar
>> /var/benchmarks/projects/fastjson/target/dependency/cxf-rt-frontend-jaxrs-3.1.2.jar
>> /var/benchmarks/projects/fastjson/target/dependency/spring-context-4.3.7.RELEASE.jar
>> /var/benchmarks/projects/fastjson/target/dependency/jersey-test-framework-core-2.23.2.jar
>> /var/benchmarks/projects/fastjson/target/dependency/classmate-1.3.1.jar
>> /var/benchmarks/projects/fastjson/target/dependency/hk2-utils-2.5.0-b05.jar
>> /var/benchmarks/projects/fastjson/target/dependency/jersey-common-2.23.2.jar
>> /var/benchmarks/projects/fastjson/target/dependency/jackson-databind-2.9.0.jar
>> /var/benchmarks/projects/fastjson/target/dependency/jersey-media-json-jackson-2.23.2.jar
>> /var/benchmarks/projects/fastjson/target/dependency/commons-lang-2.5.jar
>> /var/benchmarks/projects/fastjson/target/dependency/jetty-servlet-8.1.8.v20121106.jar
>> /var/benchmarks/projects/fastjson/target/dependency/validation-api-1.1.0.Final.jar
>> /var/benchmarks/projects/fastjson/target/dependency/spring-web-4.3.7.RELEASE.jar
>> /var/benchmarks/projects/fastjson/target/dependency/jsoniter-0.9.8.jar
>> /var/benchmarks/projects/fastjson/target/dependency/jboss-logging-3.3.0.Final.jar
>> 0
expecting CLASSPATH or READY
<< CLASSPATH
expecting number
<< 0
<< READY
>> 30


### COMPUTING METRICS ###: com.alibaba.fastjson.asm.ByteVector


Starting class com.alibaba.fastjson.asm.ByteVector


Ending class com.alibaba.fastjson.asm.ByteVector
ERROR: Something went wrong! Consult log.txt for more infos!
java.io.FileNotFoundException: /home/utbot_mocks/results_utbot-mocks_30/FASTJSON-93_3/temp/testcases/timing.txt (Not a directory)
	at java.io.FileInputStream.open0(Native Method)
	at java.io.FileInputStream.open(FileInputStream.java:195)
	at java.io.FileInputStream.<init>(FileInputStream.java:138)
	at java.io.FileReader.<init>(FileReader.java:72)
	at sbst.benchmark.TranscriptWriter.readTimingFile(TranscriptWriter.java:215)
	at sbst.benchmark.TranscriptWriter.endClass(TranscriptWriter.java:127)
	at sbst.benchmark.RunTool.execute(RunTool.java:141)
	at sbst.benchmark.RunTool.run(RunTool.java:62)
	at sbst.benchmark.Main.main(Main.java:160)


Class com.alibaba.fastjson.asm.ByteVector ended.
Stopping process...
Tool subprocess is an instance of java.lang.UNIXProcess
Tool subprocess Id is 13689
Killing master process 13689
Executing command kill -9 13689
Execution of command kill -9 13689 finished.
Process was destroyed

>>> TOOL NAME:  utbot-mocks

>>> BENCHMARK:  GUAVA-71

>>> RUN NUMBER: 4

>>> MODE: --only-compute-metrics
Deleting file or directory ./temp/testcases
Deleting file or directory ./temp/utbot-1-err.log
Deleting file or directory ./temp/data
Deleting file or directory ./temp/utbot-runtool.log
Deleting file or directory ./temp/utbot-1-out.log
Deleting file or directory ./temp
Creating directory ./temp
Creating directory ./temp/data
Creating directory ./temp/testcases
Executing /home/utbot_mocks/./runtool
>> BENCHMARK
>> /var/benchmarks/projects/guava/guava/src
>> /var/benchmarks/projects/guava/guava/target/classes
>> 6
>> /var/benchmarks/projects/guava/guava/target/guava-26.0-jre.jar
>> /var/benchmarks/projects/./guava/guava/target/dependency/checker-qual-2.5.2.jar
>> /var/benchmarks/projects/guava/guava/target/dependency/error_prone_annotations-2.1.3.jar
>> /var/benchmarks/projects/guava/guava/target/dependency/j2objc-annotations-1.1.jar
>> /var/benchmarks/projects/guava/guava/target/dependency/jsr305-3.0.2.jar
>> /var/benchmarks/projects/guava/guava/target/dependency/animal-sniffer-annotations-1.14.jar
>> 0
expecting CLASSPATH or READY
<< CLASSPATH
expecting number
<< 0
<< READY
>> 30


### COMPUTING METRICS ###: com.google.common.collect.SparseImmutableTable


Starting class com.google.common.collect.SparseImmutableTable


Ending class com.google.common.collect.SparseImmutableTable
Creating directory results_utbot-mocks_30/GUAVA-71_4/temp/testcases/bin
Creating dummy JUnit test file

---Compilation---

===
javac command line:
/usr/bin/javac -sourcepath /home/utbot_mocks/results_utbot-mocks_30/GUAVA-71_4/temp/testcases -cp /var/benchmarks/projects/guava/guava/target/guava-26.0-jre.jar:/var/benchmarks/projects/./guava/guava/target/dependency/checker-qual-2.5.2.jar:/var/benchmarks/projects/guava/guava/target/dependency/error_prone_annotations-2.1.3.jar:/var/benchmarks/projects/guava/guava/target/dependency/j2objc-annotations-1.1.jar:/var/benchmarks/projects/guava/guava/target/dependency/jsr305-3.0.2.jar:/var/benchmarks/projects/guava/guava/target/dependency/animal-sniffer-annotations-1.14.jar:/usr/local/bin/lib/junit.jar:/usr/local/bin/lib/hamcrest-core.jar -d results_utbot-mocks_30/GUAVA-71_4/temp/testcases/bin /home/utbot_mocks/results_utbot-mocks_30/GUAVA-71_4/temp/testcases/SBSTDummyForCoverageAndMutationCalculation.java


===
javac command line:
/usr/bin/javac -sourcepath /home/utbot_mocks/results_utbot-mocks_30/GUAVA-71_4/temp/testcases -cp /var/benchmarks/projects/guava/guava/target/guava-26.0-jre.jar:/var/benchmarks/projects/./guava/guava/target/dependency/checker-qual-2.5.2.jar:/var/benchmarks/projects/guava/guava/target/dependency/error_prone_annotations-2.1.3.jar:/var/benchmarks/projects/guava/guava/target/dependency/j2objc-annotations-1.1.jar:/var/benchmarks/projects/guava/guava/target/dependency/jsr305-3.0.2.jar:/var/benchmarks/projects/guava/guava/target/dependency/animal-sniffer-annotations-1.14.jar:/usr/local/bin/lib/junit.jar:/usr/local/bin/lib/hamcrest-core.jar -d results_utbot-mocks_30/GUAVA-71_4/temp/testcases/bin /home/utbot_mocks/results_utbot-mocks_30/GUAVA-71_4/temp/testcases/com/google/common/collect/SparseImmutableTableTest.java

/home/utbot_mocks/results_utbot-mocks_30/GUAVA-71_4/temp/testcases/com/google/common/collect/SparseImmutableTableTest.java:7: warning: ChunkedInputStream is internal proprietary API and may be removed in a future release
import sun.net.www.http.ChunkedInputStream;
                       ^
/home/utbot_mocks/results_utbot-mocks_30/GUAVA-71_4/temp/testcases/com/google/common/collect/SparseImmutableTableTest.java:31: warning: Unsafe is internal proprietary API and may be removed in a future release
import sun.misc.Unsafe;
               ^
/home/utbot_mocks/results_utbot-mocks_30/GUAVA-71_4/temp/testcases/com/google/common/collect/SparseImmutableTableTest.java:33: error: package org.mockito does not exist
import static org.mockito.ArgumentMatchers.any;
                         ^
/home/utbot_mocks/results_utbot-mocks_30/GUAVA-71_4/temp/testcases/com/google/common/collect/SparseImmutableTableTest.java:33: error: static import only from classes and interfaces
import static org.mockito.ArgumentMatchers.any;
^
/home/utbot_mocks/results_utbot-mocks_30/GUAVA-71_4/temp/testcases/com/google/common/collect/SparseImmutableTableTest.java:34: error: package org.mockito does not exist
import static org.mockito.Mockito.mockStatic;
                         ^
/home/utbot_mocks/results_utbot-mocks_30/GUAVA-71_4/temp/testcases/com/google/common/collect/SparseImmutableTableTest.java:34: error: static import only from classes and interfaces
import static org.mockito.Mockito.mockStatic;
^
/home/utbot_mocks/results_utbot-mocks_30/GUAVA-71_4/temp/testcases/com/google/common/collect/SparseImmutableTableTest.java:35: error: package org.mockito does not exist
import static org.mockito.Mockito.mock;
                         ^
/home/utbot_mocks/results_utbot-mocks_30/GUAVA-71_4/temp/testcases/com/google/common/collect/SparseImmutableTableTest.java:35: error: static import only from classes and interfaces
import static org.mockito.Mockito.mock;
^
/home/utbot_mocks/results_utbot-mocks_30/GUAVA-71_4/temp/testcases/com/google/common/collect/SparseImmutableTableTest.java:37: error: package org.mockito does not exist
import static org.mockito.Mockito.when;
                         ^
/home/utbot_mocks/results_utbot-mocks_30/GUAVA-71_4/temp/testcases/com/google/common/collect/SparseImmutableTableTest.java:37: error: static import only from classes and interfaces
import static org.mockito.Mockito.when;
^
/home/utbot_mocks/results_utbot-mocks_30/GUAVA-71_4/temp/testcases/com/google/common/collect/SparseImmutableTableTest.java:40: error: package org.mockito does not exist
import static org.mockito.ArgumentMatchers.anyInt;
                         ^
/home/utbot_mocks/results_utbot-mocks_30/GUAVA-71_4/temp/testcases/com/google/common/collect/SparseImmutableTableTest.java:40: error: static import only from classes and interfaces
import static org.mockito.ArgumentMatchers.anyInt;
^
/home/utbot_mocks/results_utbot-mocks_30/GUAVA-71_4/temp/testcases/com/google/common/collect/SparseImmutableTableTest.java:48: error: package org.mockito does not exist
        org.mockito.MockedStatic mockedStatic = null;
                   ^
/home/utbot_mocks/results_utbot-mocks_30/GUAVA-71_4/temp/testcases/com/google/common/collect/SparseImmutableTableTest.java:50: error: cannot find symbol
            mockedStatic = mockStatic(ImmutableMap.class);
                           ^
  symbol:   method mockStatic(Class<ImmutableMap>)
  location: class SparseImmutableTableTest
/home/utbot_mocks/results_utbot-mocks_30/GUAVA-71_4/temp/testcases/com/google/common/collect/SparseImmutableTableTest.java:51: error: cannot find symbol
            ImmutableMap immutableMapMock = mock(ImmutableMap.class);
                                            ^
  symbol:   method mock(Class<ImmutableMap>)
  location: class SparseImmutableTableTest
/home/utbot_mocks/results_utbot-mocks_30/GUAVA-71_4/temp/testcases/com/google/common/collect/SparseImmutableTableTest.java:53: error: cannot find symbol
                ImmutableMap.copyOf(any(Map.class));
                                    ^
  symbol:   method any(Class<Map>)
  location: class SparseImmutableTableTest
/home/utbot_mocks/results_utbot-mocks_30/GUAVA-71_4/temp/testcases/com/google/common/collect/SparseImmutableTableTest.java:56: error: cannot find symbol
            ImmutableMap immutableMapMock1 = mock(ImmutableMap.class);
                                             ^
  symbol:   method mock(Class<ImmutableMap>)
  location: class SparseImmutableTableTest
/home/utbot_mocks/results_utbot-mocks_30/GUAVA-71_4/temp/testcases/com/google/common/collect/SparseImmutableTableTest.java:74: error: package org.mockito does not exist
        org.mockito.MockedStatic mockedStatic = null;
                   ^
/home/utbot_mocks/results_utbot-mocks_30/GUAVA-71_4/temp/testcases/com/google/common/collect/SparseImmutableTableTest.java:76: error: cannot find symbol
            mockedStatic = mockStatic(ImmutableMap.class);
                           ^
  symbol:   method mockStatic(Class<ImmutableMap>)
  location: class SparseImmutableTableTest
/home/utbot_mocks/results_utbot-mocks_30/GUAVA-71_4/temp/testcases/com/google/common/collect/SparseImmutableTableTest.java:77: error: cannot find symbol
            ImmutableMap immutableMapMock = mock(ImmutableMap.class);
                                            ^
  symbol:   method mock(Class<ImmutableMap>)
  location: class SparseImmutableTableTest
/home/utbot_mocks/results_utbot-mocks_30/GUAVA-71_4/temp/testcases/com/google/common/collect/SparseImmutableTableTest.java:79: error: cannot find symbol
                ImmutableMap.copyOf(any(Map.class));
                                    ^
  symbol:   method any(Class<Map>)
  location: class SparseImmutableTableTest
/home/utbot_mocks/results_utbot-mocks_30/GUAVA-71_4/temp/testcases/com/google/common/collect/SparseImmutableTableTest.java:82: error: cannot find symbol
            ImmutableMap immutableMapMock1 = mock(ImmutableMap.class);
                                             ^
  symbol:   method mock(Class<ImmutableMap>)
  location: class SparseImmutableTableTest
/home/utbot_mocks/results_utbot-mocks_30/GUAVA-71_4/temp/testcases/com/google/common/collect/SparseImmutableTableTest.java:83: error: cannot find symbol
            when(immutableMapMock1.copyOf(any(Map.class))).thenReturn(immutableMapMock);
                                          ^
  symbol:   method any(Class<Map>)
  location: class SparseImmutableTableTest
/home/utbot_mocks/results_utbot-mocks_30/GUAVA-71_4/temp/testcases/com/google/common/collect/SparseImmutableTableTest.java:115: error: package org.mockito does not exist
        org.mockito.MockedStatic mockedStatic = null;
                   ^
/home/utbot_mocks/results_utbot-mocks_30/GUAVA-71_4/temp/testcases/com/google/common/collect/SparseImmutableTableTest.java:116: error: package org.mockito does not exist
        org.mockito.MockedStatic mockedStatic1 = null;
                   ^
/home/utbot_mocks/results_utbot-mocks_30/GUAVA-71_4/temp/testcases/com/google/common/collect/SparseImmutableTableTest.java:118: error: cannot find symbol
            mockedStatic = mockStatic(ImmutableMap.class);
                           ^
  symbol:   method mockStatic(Class<ImmutableMap>)
  location: class SparseImmutableTableTest
/home/utbot_mocks/results_utbot-mocks_30/GUAVA-71_4/temp/testcases/com/google/common/collect/SparseImmutableTableTest.java:119: error: cannot find symbol
            ImmutableMap immutableMapMock = mock(ImmutableMap.class);
                                            ^
  symbol:   method mock(Class<ImmutableMap>)
  location: class SparseImmutableTableTest
/home/utbot_mocks/results_utbot-mocks_30/GUAVA-71_4/temp/testcases/com/google/common/collect/SparseImmutableTableTest.java:120: error: cannot find symbol
            when(immutableMapMock.keySet()).thenReturn(((ImmutableSet) null));
            ^
  symbol:   method when(ImmutableSet)
  location: class SparseImmutableTableTest
/home/utbot_mocks/results_utbot-mocks_30/GUAVA-71_4/temp/testcases/com/google/common/collect/SparseImmutableTableTest.java:122: error: cannot find symbol
                ImmutableMap.copyOf(any(Map.class));
                                    ^
  symbol:   method any(Class<Map>)
  location: class SparseImmutableTableTest
/home/utbot_mocks/results_utbot-mocks_30/GUAVA-71_4/temp/testcases/com/google/common/collect/SparseImmutableTableTest.java:124: error: cannot find symbol
            mockedStatic1 = mockStatic(Maps.class);
                            ^
  symbol:   method mockStatic(Class<Maps>)
  location: class SparseImmutableTableTest
/home/utbot_mocks/results_utbot-mocks_30/GUAVA-71_4/temp/testcases/com/google/common/collect/SparseImmutableTableTest.java:126: error: package org.mockito does not exist
                Maps.indexMap(org.mockito.ArgumentMatchers.any());
                                         ^
/home/utbot_mocks/results_utbot-mocks_30/GUAVA-71_4/temp/testcases/com/google/common/collect/SparseImmutableTableTest.java:131: error: cannot find symbol
            ImmutableMap immutableMapMock1 = mock(ImmutableMap.class);
                                             ^
  symbol:   method mock(Class<ImmutableMap>)
  location: class SparseImmutableTableTest
/home/utbot_mocks/results_utbot-mocks_30/GUAVA-71_4/temp/testcases/com/google/common/collect/SparseImmutableTableTest.java:146: error: package org.mockito does not exist
        org.mockito.MockedStatic mockedStatic = null;
                   ^
/home/utbot_mocks/results_utbot-mocks_30/GUAVA-71_4/temp/testcases/com/google/common/collect/SparseImmutableTableTest.java:147: error: package org.mockito does not exist
        org.mockito.MockedStatic mockedStatic1 = null;
                   ^
/home/utbot_mocks/results_utbot-mocks_30/GUAVA-71_4/temp/testcases/com/google/common/collect/SparseImmutableTableTest.java:148: error: package org.mockito does not exist
        org.mockito.MockedStatic mockedStatic2 = null;
                   ^
/home/utbot_mocks/results_utbot-mocks_30/GUAVA-71_4/temp/testcases/com/google/common/collect/SparseImmutableTableTest.java:150: error: cannot find symbol
            mockedStatic = mockStatic(ImmutableMap.class);
                           ^
  symbol:   method mockStatic(Class<ImmutableMap>)
  location: class SparseImmutableTableTest
/home/utbot_mocks/results_utbot-mocks_30/GUAVA-71_4/temp/testcases/com/google/common/collect/SparseImmutableTableTest.java:151: error: cannot find symbol
            ImmutableMap immutableMapMock = mock(ImmutableMap.class);
                                            ^
  symbol:   method mock(Class<ImmutableMap>)
  location: class SparseImmutableTableTest
/home/utbot_mocks/results_utbot-mocks_30/GUAVA-71_4/temp/testcases/com/google/common/collect/SparseImmutableTableTest.java:152: error: cannot find symbol
            when(immutableMapMock.keySet()).thenReturn(((ImmutableSet) null));
            ^
  symbol:   method when(ImmutableSet)
  location: class SparseImmutableTableTest
/home/utbot_mocks/results_utbot-mocks_30/GUAVA-71_4/temp/testcases/com/google/common/collect/SparseImmutableTableTest.java:154: error: cannot find symbol
                ImmutableMap.copyOf(any(Map.class));
                                    ^
  symbol:   method any(Class<Map>)
  location: class SparseImmutableTableTest
/home/utbot_mocks/results_utbot-mocks_30/GUAVA-71_4/temp/testcases/com/google/common/collect/SparseImmutableTableTest.java:156: error: cannot find symbol
            mockedStatic1 = mockStatic(Maps.class);
                            ^
  symbol:   method mockStatic(Class<Maps>)
  location: class SparseImmutableTableTest
/home/utbot_mocks/results_utbot-mocks_30/GUAVA-71_4/temp/testcases/com/google/common/collect/SparseImmutableTableTest.java:158: error: package org.mockito does not exist
                Maps.indexMap(org.mockito.ArgumentMatchers.any());
                                         ^
/home/utbot_mocks/results_utbot-mocks_30/GUAVA-71_4/temp/testcases/com/google/common/collect/SparseImmutableTableTest.java:160: error: cannot find symbol
            mockedStatic2 = mockStatic(ImmutableSet.class);
                            ^
  symbol:   method mockStatic(Class<ImmutableSet>)
  location: class SparseImmutableTableTest
/home/utbot_mocks/results_utbot-mocks_30/GUAVA-71_4/temp/testcases/com/google/common/collect/SparseImmutableTableTest.java:161: error: cannot find symbol
            ImmutableSet immutableSetMock = mock(ImmutableSet.class);
                                            ^
  symbol:   method mock(Class<ImmutableSet>)
  location: class SparseImmutableTableTest
/home/utbot_mocks/results_utbot-mocks_30/GUAVA-71_4/temp/testcases/com/google/common/collect/SparseImmutableTableTest.java:167: error: cannot find symbol
            ImmutableMap immutableMapMock1 = mock(ImmutableMap.class);
                                             ^
  symbol:   method mock(Class<ImmutableMap>)
  location: class SparseImmutableTableTest
/home/utbot_mocks/results_utbot-mocks_30/GUAVA-71_4/temp/testcases/com/google/common/collect/SparseImmutableTableTest.java:189: error: package org.mockito does not exist
        org.mockito.MockedStatic mockedStatic = null;
                   ^
/home/utbot_mocks/results_utbot-mocks_30/GUAVA-71_4/temp/testcases/com/google/common/collect/SparseImmutableTableTest.java:190: error: package org.mockito does not exist
        org.mockito.MockedStatic mockedStatic1 = null;
                   ^
/home/utbot_mocks/results_utbot-mocks_30/GUAVA-71_4/temp/testcases/com/google/common/collect/SparseImmutableTableTest.java:191: error: package org.mockito does not exist
        org.mockito.MockedStatic mockedStatic2 = null;
                   ^
/home/utbot_mocks/results_utbot-mocks_30/GUAVA-71_4/temp/testcases/com/google/common/collect/SparseImmutableTableTest.java:193: error: cannot find symbol
            mockedStatic = mockStatic(ImmutableMap.class);
                           ^
  symbol:   method mockStatic(Class<ImmutableMap>)
  location: class SparseImmutableTableTest
/home/utbot_mocks/results_utbot-mocks_30/GUAVA-71_4/temp/testcases/com/google/common/collect/SparseImmutableTableTest.java:194: error: cannot find symbol
            ImmutableMap immutableMapMock = mock(ImmutableMap.class);
                                            ^
  symbol:   method mock(Class<ImmutableMap>)
  location: class SparseImmutableTableTest
/home/utbot_mocks/results_utbot-mocks_30/GUAVA-71_4/temp/testcases/com/google/common/collect/SparseImmutableTableTest.java:195: error: cannot find symbol
            when(immutableMapMock.keySet()).thenReturn(((ImmutableSet) null));
            ^
  symbol:   method when(ImmutableSet)
  location: class SparseImmutableTableTest
/home/utbot_mocks/results_utbot-mocks_30/GUAVA-71_4/temp/testcases/com/google/common/collect/SparseImmutableTableTest.java:197: error: cannot find symbol
                ImmutableMap.copyOf(any(Map.class));
                                    ^
  symbol:   method any(Class<Map>)
  location: class SparseImmutableTableTest
/home/utbot_mocks/results_utbot-mocks_30/GUAVA-71_4/temp/testcases/com/google/common/collect/SparseImmutableTableTest.java:199: error: cannot find symbol
            mockedStatic1 = mockStatic(Maps.class);
                            ^
  symbol:   method mockStatic(Class<Maps>)
  location: class SparseImmutableTableTest
/home/utbot_mocks/results_utbot-mocks_30/GUAVA-71_4/temp/testcases/com/google/common/collect/SparseImmutableTableTest.java:201: error: package org.mockito does not exist
                Maps.indexMap(org.mockito.ArgumentMatchers.any());
                                         ^
/home/utbot_mocks/results_utbot-mocks_30/GUAVA-71_4/temp/testcases/com/google/common/collect/SparseImmutableTableTest.java:203: error: cannot find symbol
            mockedStatic2 = mockStatic(ImmutableSet.class);
                            ^
  symbol:   method mockStatic(Class<ImmutableSet>)
  location: class SparseImmutableTableTest
/home/utbot_mocks/results_utbot-mocks_30/GUAVA-71_4/temp/testcases/com/google/common/collect/SparseImmutableTableTest.java:209: error: cannot find symbol
            ImmutableMap immutableMapMock1 = mock(ImmutableMap.class);
                                             ^
  symbol:   method mock(Class<ImmutableMap>)
  location: class SparseImmutableTableTest
/home/utbot_mocks/results_utbot-mocks_30/GUAVA-71_4/temp/testcases/com/google/common/collect/SparseImmutableTableTest.java:210: error: cannot find symbol
            when(immutableMapMock1.copyOf(any(Map.class))).thenReturn(immutableMapMock);
                                          ^
  symbol:   method any(Class<Map>)
  location: class SparseImmutableTableTest
/home/utbot_mocks/results_utbot-mocks_30/GUAVA-71_4/temp/testcases/com/google/common/collect/SparseImmutableTableTest.java:253: error: cannot find symbol
        ImmutableMap immutableMapMock = mock(ImmutableMap.class);
                                        ^
  symbol:   method mock(Class<ImmutableMap>)
  location: class SparseImmutableTableTest
/home/utbot_mocks/results_utbot-mocks_30/GUAVA-71_4/temp/testcases/com/google/common/collect/SparseImmutableTableTest.java:254: error: cannot find symbol
        ImmutableSet immutableSetMock = mock(ImmutableSet.class);
                                        ^
  symbol:   method mock(Class<ImmutableSet>)
  location: class SparseImmutableTableTest
/home/utbot_mocks/results_utbot-mocks_30/GUAVA-71_4/temp/testcases/com/google/common/collect/SparseImmutableTableTest.java:255: error: cannot find symbol
        ImmutableList immutableListMock = mock(ImmutableList.class);
                                          ^
  symbol:   method mock(Class<ImmutableList>)
  location: class SparseImmutableTableTest
/home/utbot_mocks/results_utbot-mocks_30/GUAVA-71_4/temp/testcases/com/google/common/collect/SparseImmutableTableTest.java:257: error: cannot find symbol
        when(immutableListMock.get(anyInt())).thenReturn(((Object) abortPolicyArray));
                                   ^
  symbol:   method anyInt()
  location: class SparseImmutableTableTest
/home/utbot_mocks/results_utbot-mocks_30/GUAVA-71_4/temp/testcases/com/google/common/collect/SparseImmutableTableTest.java:258: error: cannot find symbol
        when(immutableSetMock.asList()).thenReturn(immutableListMock);
        ^
  symbol:   method when(ImmutableList)
  location: class SparseImmutableTableTest
/home/utbot_mocks/results_utbot-mocks_30/GUAVA-71_4/temp/testcases/com/google/common/collect/SparseImmutableTableTest.java:259: error: cannot find symbol
        when(immutableMapMock.entrySet()).thenReturn(immutableSetMock);
        ^
  symbol:   method when(ImmutableSet)
  location: class SparseImmutableTableTest
/home/utbot_mocks/results_utbot-mocks_30/GUAVA-71_4/temp/testcases/com/google/common/collect/SparseImmutableTableTest.java:273: error: cannot find symbol
        ImmutableMap immutableMapMock = mock(ImmutableMap.class);
                                        ^
  symbol:   method mock(Class<ImmutableMap>)
  location: class SparseImmutableTableTest
/home/utbot_mocks/results_utbot-mocks_30/GUAVA-71_4/temp/testcases/com/google/common/collect/SparseImmutableTableTest.java:274: error: cannot find symbol
        ImmutableSet immutableSetMock = mock(ImmutableSet.class);
                                        ^
  symbol:   method mock(Class<ImmutableSet>)
  location: class SparseImmutableTableTest
/home/utbot_mocks/results_utbot-mocks_30/GUAVA-71_4/temp/testcases/com/google/common/collect/SparseImmutableTableTest.java:275: error: cannot find symbol
        when(immutableSetMock.asList()).thenReturn(((ImmutableList) null));
        ^
  symbol:   method when(ImmutableList)
  location: class SparseImmutableTableTest
/home/utbot_mocks/results_utbot-mocks_30/GUAVA-71_4/temp/testcases/com/google/common/collect/SparseImmutableTableTest.java:276: error: cannot find symbol
        when(immutableMapMock.entrySet()).thenReturn(immutableSetMock);
        ^
  symbol:   method when(ImmutableSet)
  location: class SparseImmutableTableTest
/home/utbot_mocks/results_utbot-mocks_30/GUAVA-71_4/temp/testcases/com/google/common/collect/SparseImmutableTableTest.java:290: error: cannot find symbol
        ImmutableMap immutableMapMock = mock(ImmutableMap.class);
                                        ^
  symbol:   method mock(Class<ImmutableMap>)
  location: class SparseImmutableTableTest
/home/utbot_mocks/results_utbot-mocks_30/GUAVA-71_4/temp/testcases/com/google/common/collect/SparseImmutableTableTest.java:291: error: cannot find symbol
        when(immutableMapMock.entrySet()).thenReturn(((ImmutableSet) null));
        ^
  symbol:   method when(ImmutableSet)
  location: class SparseImmutableTableTest
/home/utbot_mocks/results_utbot-mocks_30/GUAVA-71_4/temp/testcases/com/google/common/collect/SparseImmutableTableTest.java:305: error: cannot find symbol
        ImmutableMap immutableMapMock = mock(ImmutableMap.class);
                                        ^
  symbol:   method mock(Class<ImmutableMap>)
  location: class SparseImmutableTableTest
/home/utbot_mocks/results_utbot-mocks_30/GUAVA-71_4/temp/testcases/com/google/common/collect/SparseImmutableTableTest.java:306: error: cannot find symbol
        ImmutableSet immutableSetMock = mock(ImmutableSet.class);
                                        ^
  symbol:   method mock(Class<ImmutableSet>)
  location: class SparseImmutableTableTest
/home/utbot_mocks/results_utbot-mocks_30/GUAVA-71_4/temp/testcases/com/google/common/collect/SparseImmutableTableTest.java:307: error: cannot find symbol
        ImmutableList immutableListMock = mock(ImmutableList.class);
                                          ^
  symbol:   method mock(Class<ImmutableList>)
  location: class SparseImmutableTableTest
/home/utbot_mocks/results_utbot-mocks_30/GUAVA-71_4/temp/testcases/com/google/common/collect/SparseImmutableTableTest.java:308: error: cannot find symbol
        when(immutableListMock.get(anyInt())).thenReturn(null);
                                   ^
  symbol:   method anyInt()
  location: class SparseImmutableTableTest
/home/utbot_mocks/results_utbot-mocks_30/GUAVA-71_4/temp/testcases/com/google/common/collect/SparseImmutableTableTest.java:309: error: cannot find symbol
        when(immutableSetMock.asList()).thenReturn(immutableListMock);
        ^
  symbol:   method when(ImmutableList)
  location: class SparseImmutableTableTest
/home/utbot_mocks/results_utbot-mocks_30/GUAVA-71_4/temp/testcases/com/google/common/collect/SparseImmutableTableTest.java:310: error: cannot find symbol
        when(immutableMapMock.entrySet()).thenReturn(immutableSetMock);
        ^
  symbol:   method when(ImmutableSet)
  location: class SparseImmutableTableTest
/home/utbot_mocks/results_utbot-mocks_30/GUAVA-71_4/temp/testcases/com/google/common/collect/SparseImmutableTableTest.java:324: error: cannot find symbol
        ImmutableMap immutableMapMock = mock(ImmutableMap.class);
                                        ^
  symbol:   method mock(Class<ImmutableMap>)
  location: class SparseImmutableTableTest
/home/utbot_mocks/results_utbot-mocks_30/GUAVA-71_4/temp/testcases/com/google/common/collect/SparseImmutableTableTest.java:325: error: cannot find symbol
        ImmutableSet immutableSetMock = mock(ImmutableSet.class);
                                        ^
  symbol:   method mock(Class<ImmutableSet>)
  location: class SparseImmutableTableTest
/home/utbot_mocks/results_utbot-mocks_30/GUAVA-71_4/temp/testcases/com/google/common/collect/SparseImmutableTableTest.java:326: error: cannot find symbol
        ImmutableList immutableListMock = mock(ImmutableList.class);
                                          ^
  symbol:   method mock(Class<ImmutableList>)
  location: class SparseImmutableTableTest
/home/utbot_mocks/results_utbot-mocks_30/GUAVA-71_4/temp/testcases/com/google/common/collect/SparseImmutableTableTest.java:330: error: cannot find symbol
        when(immutableListMock.get(anyInt())).thenReturn(attributeEntry);
                                   ^
  symbol:   method anyInt()
  location: class SparseImmutableTableTest
/home/utbot_mocks/results_utbot-mocks_30/GUAVA-71_4/temp/testcases/com/google/common/collect/SparseImmutableTableTest.java:331: error: cannot find symbol
        when(immutableSetMock.asList()).thenReturn(immutableListMock);
        ^
  symbol:   method when(ImmutableList)
  location: class SparseImmutableTableTest
/home/utbot_mocks/results_utbot-mocks_30/GUAVA-71_4/temp/testcases/com/google/common/collect/SparseImmutableTableTest.java:332: error: cannot find symbol
        when(immutableMapMock.entrySet()).thenReturn(immutableSetMock);
        ^
  symbol:   method when(ImmutableSet)
  location: class SparseImmutableTableTest
/home/utbot_mocks/results_utbot-mocks_30/GUAVA-71_4/temp/testcases/com/google/common/collect/SparseImmutableTableTest.java:348: error: cannot find symbol
        ImmutableMap immutableMapMock = mock(ImmutableMap.class);
                                        ^
  symbol:   method mock(Class<ImmutableMap>)
  location: class SparseImmutableTableTest
/home/utbot_mocks/results_utbot-mocks_30/GUAVA-71_4/temp/testcases/com/google/common/collect/SparseImmutableTableTest.java:349: error: cannot find symbol
        ImmutableSet immutableSetMock = mock(ImmutableSet.class);
                                        ^
  symbol:   method mock(Class<ImmutableSet>)
  location: class SparseImmutableTableTest
/home/utbot_mocks/results_utbot-mocks_30/GUAVA-71_4/temp/testcases/com/google/common/collect/SparseImmutableTableTest.java:350: error: cannot find symbol
        ImmutableList immutableListMock = mock(ImmutableList.class);
                                          ^
  symbol:   method mock(Class<ImmutableList>)
  location: class SparseImmutableTableTest
/home/utbot_mocks/results_utbot-mocks_30/GUAVA-71_4/temp/testcases/com/google/common/collect/SparseImmutableTableTest.java:353: error: cannot find symbol
        when(immutableListMock.get(anyInt())).thenReturn(attributeEntry);
                                   ^
  symbol:   method anyInt()
  location: class SparseImmutableTableTest
/home/utbot_mocks/results_utbot-mocks_30/GUAVA-71_4/temp/testcases/com/google/common/collect/SparseImmutableTableTest.java:354: error: cannot find symbol
        when(immutableSetMock.asList()).thenReturn(immutableListMock);
        ^
  symbol:   method when(ImmutableList)
  location: class SparseImmutableTableTest
/home/utbot_mocks/results_utbot-mocks_30/GUAVA-71_4/temp/testcases/com/google/common/collect/SparseImmutableTableTest.java:355: error: cannot find symbol
        when(immutableMapMock.entrySet()).thenReturn(immutableSetMock);
        ^
  symbol:   method when(ImmutableSet)
  location: class SparseImmutableTableTest
/home/utbot_mocks/results_utbot-mocks_30/GUAVA-71_4/temp/testcases/com/google/common/collect/SparseImmutableTableTest.java:371: error: cannot find symbol
        ImmutableMap immutableMapMock = mock(ImmutableMap.class);
                                        ^
  symbol:   method mock(Class<ImmutableMap>)
  location: class SparseImmutableTableTest
/home/utbot_mocks/results_utbot-mocks_30/GUAVA-71_4/temp/testcases/com/google/common/collect/SparseImmutableTableTest.java:372: error: cannot find symbol
        ImmutableSet immutableSetMock = mock(ImmutableSet.class);
                                        ^
  symbol:   method mock(Class<ImmutableSet>)
  location: class SparseImmutableTableTest
/home/utbot_mocks/results_utbot-mocks_30/GUAVA-71_4/temp/testcases/com/google/common/collect/SparseImmutableTableTest.java:373: error: cannot find symbol
        ImmutableList immutableListMock = mock(ImmutableList.class);
                                          ^
  symbol:   method mock(Class<ImmutableList>)
  location: class SparseImmutableTableTest
/home/utbot_mocks/results_utbot-mocks_30/GUAVA-71_4/temp/testcases/com/google/common/collect/SparseImmutableTableTest.java:376: error: cannot find symbol
        when(immutableListMock.get(anyInt())).thenReturn(attributeEntry);
                                   ^
  symbol:   method anyInt()
  location: class SparseImmutableTableTest
/home/utbot_mocks/results_utbot-mocks_30/GUAVA-71_4/temp/testcases/com/google/common/collect/SparseImmutableTableTest.java:377: error: cannot find symbol
        when(immutableSetMock.asList()).thenReturn(immutableListMock);
        ^
  symbol:   method when(ImmutableList)
  location: class SparseImmutableTableTest
/home/utbot_mocks/results_utbot-mocks_30/GUAVA-71_4/temp/testcases/com/google/common/collect/SparseImmutableTableTest.java:378: error: cannot find symbol
        when(immutableMapMock.entrySet()).thenReturn(immutableSetMock);
        ^
  symbol:   method when(ImmutableSet)
  location: class SparseImmutableTableTest
/home/utbot_mocks/results_utbot-mocks_30/GUAVA-71_4/temp/testcases/com/google/common/collect/SparseImmutableTableTest.java:394: error: cannot find symbol
        ImmutableMap immutableMapMock = mock(ImmutableMap.class);
                                        ^
  symbol:   method mock(Class<ImmutableMap>)
  location: class SparseImmutableTableTest
/home/utbot_mocks/results_utbot-mocks_30/GUAVA-71_4/temp/testcases/com/google/common/collect/SparseImmutableTableTest.java:395: error: cannot find symbol
        ImmutableSet immutableSetMock = mock(ImmutableSet.class);
                                        ^
  symbol:   method mock(Class<ImmutableSet>)
  location: class SparseImmutableTableTest
/home/utbot_mocks/results_utbot-mocks_30/GUAVA-71_4/temp/testcases/com/google/common/collect/SparseImmutableTableTest.java:396: error: cannot find symbol
        ImmutableList immutableListMock = mock(ImmutableList.class);
                                          ^
  symbol:   method mock(Class<ImmutableList>)
  location: class SparseImmutableTableTest
/home/utbot_mocks/results_utbot-mocks_30/GUAVA-71_4/temp/testcases/com/google/common/collect/SparseImmutableTableTest.java:399: error: cannot find symbol
        ImmutableSet immutableSetMock1 = mock(ImmutableSet.class);
                                         ^
  symbol:   method mock(Class<ImmutableSet>)
  location: class SparseImmutableTableTest
/home/utbot_mocks/results_utbot-mocks_30/GUAVA-71_4/temp/testcases/com/google/common/collect/SparseImmutableTableTest.java:400: error: cannot find symbol
        when(immutableSetMock1.asList()).thenReturn(((ImmutableList) null));
        ^
  symbol:   method when(ImmutableList)
  location: class SparseImmutableTableTest
/home/utbot_mocks/results_utbot-mocks_30/GUAVA-71_4/temp/testcases/com/google/common/collect/SparseImmutableTableTest.java:403: error: cannot find symbol
        when(immutableListMock.get(anyInt())).thenReturn(attributeEntry);
                                   ^
  symbol:   method anyInt()
  location: class SparseImmutableTableTest
/home/utbot_mocks/results_utbot-mocks_30/GUAVA-71_4/temp/testcases/com/google/common/collect/SparseImmutableTableTest.java:404: error: cannot find symbol
        when(immutableSetMock.asList()).thenReturn(immutableListMock);
        ^
  symbol:   method when(ImmutableList)
  location: class SparseImmutableTableTest
/home/utbot_mocks/results_utbot-mocks_30/GUAVA-71_4/temp/testcases/com/google/common/collect/SparseImmutableTableTest.java:405: error: cannot find symbol
        when(immutableMapMock.entrySet()).thenReturn(immutableSetMock);
        ^
  symbol:   method when(ImmutableSet)
  location: class SparseImmutableTableTest
/home/utbot_mocks/results_utbot-mocks_30/GUAVA-71_4/temp/testcases/com/google/common/collect/SparseImmutableTableTest.java:422: error: cannot find symbol
        ImmutableMap immutableMapMock = mock(ImmutableMap.class);
                                        ^
  symbol:   method mock(Class<ImmutableMap>)
  location: class SparseImmutableTableTest
/home/utbot_mocks/results_utbot-mocks_30/GUAVA-71_4/temp/testcases/com/google/common/collect/SparseImmutableTableTest.java:423: error: cannot find symbol
        ImmutableSet immutableSetMock = mock(ImmutableSet.class);
                                        ^
  symbol:   method mock(Class<ImmutableSet>)
  location: class SparseImmutableTableTest
/home/utbot_mocks/results_utbot-mocks_30/GUAVA-71_4/temp/testcases/com/google/common/collect/SparseImmutableTableTest.java:580: warning: ChunkedInputStream is internal proprietary API and may be removed in a future release
            sun.net.www.http.ChunkedInputStream[] chunkedInputStreamArray = new sun.net.www.http.ChunkedInputStream[0];
                            ^
/home/utbot_mocks/results_utbot-mocks_30/GUAVA-71_4/temp/testcases/com/google/common/collect/SparseImmutableTableTest.java:580: warning: ChunkedInputStream is internal proprietary API and may be removed in a future release
            sun.net.www.http.ChunkedInputStream[] chunkedInputStreamArray = new sun.net.www.http.ChunkedInputStream[0];
                                                                                                ^
/home/utbot_mocks/results_utbot-mocks_30/GUAVA-71_4/temp/testcases/com/google/common/collect/SparseImmutableTableTest.java:630: warning: ChunkedInputStream is internal proprietary API and may be removed in a future release
            sun.net.www.http.ChunkedInputStream[] chunkedInputStreamArray = new sun.net.www.http.ChunkedInputStream[0];
                            ^
/home/utbot_mocks/results_utbot-mocks_30/GUAVA-71_4/temp/testcases/com/google/common/collect/SparseImmutableTableTest.java:630: warning: ChunkedInputStream is internal proprietary API and may be removed in a future release
            sun.net.www.http.ChunkedInputStream[] chunkedInputStreamArray = new sun.net.www.http.ChunkedInputStream[0];
                                                                                                ^
/home/utbot_mocks/results_utbot-mocks_30/GUAVA-71_4/temp/testcases/com/google/common/collect/SparseImmutableTableTest.java:1593: warning: Unsafe is internal proprietary API and may be removed in a future release
    private static sun.misc.Unsafe getUnsafeInstance() throws Exception {
                           ^
/home/utbot_mocks/results_utbot-mocks_30/GUAVA-71_4/temp/testcases/com/google/common/collect/SparseImmutableTableTest.java:1594: warning: Unsafe is internal proprietary API and may be removed in a future release
        java.lang.reflect.Field f = sun.misc.Unsafe.class.getDeclaredField("theUnsafe");
                                            ^
/home/utbot_mocks/results_utbot-mocks_30/GUAVA-71_4/temp/testcases/com/google/common/collect/SparseImmutableTableTest.java:1596: warning: Unsafe is internal proprietary API and may be removed in a future release
        return (sun.misc.Unsafe) f.get(null);
                        ^
Note: /home/utbot_mocks/results_utbot-mocks_30/GUAVA-71_4/temp/testcases/com/google/common/collect/SparseImmutableTableTest.java uses unchecked or unsafe operations.
Note: Recompile with -Xlint:unchecked for details.
100 errors
9 warnings
Failed to compile 'com/google/common/collect/SparseImmutableTableTest.java'!
shaded.org.apache.commons.exec.ExecuteException: Process exited with an error: 1 (Exit value: 1)
	at shaded.org.apache.commons.exec.DefaultExecutor.executeInternal(DefaultExecutor.java:377)
	at shaded.org.apache.commons.exec.DefaultExecutor.execute(DefaultExecutor.java:160)
	at shaded.org.apache.commons.exec.DefaultExecutor.execute(DefaultExecutor.java:147)
	at sbst.benchmark.TestSuite.compile(TestSuite.java:250)
	at sbst.benchmark.TestSuite.<init>(TestSuite.java:68)
	at sbst.benchmark.TranscriptWriter.endClass(TranscriptWriter.java:136)
	at sbst.benchmark.RunTool.execute(RunTool.java:141)
	at sbst.benchmark.RunTool.run(RunTool.java:62)
	at sbst.benchmark.Main.main(Main.java:160)

---Timing Information---
Running tests with the following classpath: 
/var/benchmarks/projects/guava/guava/target/guava-26.0-jre.jar:/var/benchmarks/projects/./guava/guava/target/dependency/checker-qual-2.5.2.jar:/var/benchmarks/projects/guava/guava/target/dependency/error_prone_annotations-2.1.3.jar:/var/benchmarks/projects/guava/guava/target/dependency/j2objc-annotations-1.1.jar:/var/benchmarks/projects/guava/guava/target/dependency/jsr305-3.0.2.jar:/var/benchmarks/projects/guava/guava/target/dependency/animal-sniffer-annotations-1.14.jar:/usr/local/bin/lib/junit.jar:/usr/local/bin/lib/hamcrest-core.jar:/home/utbot_mocks/results_utbot-mocks_30/GUAVA-71_4/temp/testcases/bin
Running the tests: [SBSTDummyForCoverageAndMutationCalculation]
Executions terminated

---The tests are re-executed other four times to find the flaky ones---
Running the tests: [SBSTDummyForCoverageAndMutationCalculation]
Executions terminated
Running the tests: [SBSTDummyForCoverageAndMutationCalculation]
Executions terminated
Running the tests: [SBSTDummyForCoverageAndMutationCalculation]
Executions terminated
Running the tests: [SBSTDummyForCoverageAndMutationCalculation]
Executions terminated

=== Run Jacoco for Coverage ===
Number of instrumented file = 2323
Running tests with the following classpath: 
/home/utbot_mocks/results_utbot-mocks_30/GUAVA-71_4/temp/testcases/guava-26.0-jre_instrumented.jar:/home/utbot_mocks/results_utbot-mocks_30/GUAVA-71_4/temp/testcases/checker-qual-2.5.2_instrumented.jar:/home/utbot_mocks/results_utbot-mocks_30/GUAVA-71_4/temp/testcases/error_prone_annotations-2.1.3_instrumented.jar:/home/utbot_mocks/results_utbot-mocks_30/GUAVA-71_4/temp/testcases/j2objc-annotations-1.1_instrumented.jar:/home/utbot_mocks/results_utbot-mocks_30/GUAVA-71_4/temp/testcases/jsr305-3.0.2_instrumented.jar:/home/utbot_mocks/results_utbot-mocks_30/GUAVA-71_4/temp/testcases/animal-sniffer-annotations-1.14_instrumented.jar:/usr/local/bin/lib/hamcrest-core.jar:/usr/local/bin/lib/junit.jar:/home/utbot_mocks/results_utbot-mocks_30/GUAVA-71_4/temp/testcases/bin
Running the tests: [SBSTDummyForCoverageAndMutationCalculation]
Executions terminated
Number of file with coverage information = 1951
Extracted coverage data for the class com/google/common/collect/SparseImmutableTable
Number of file with coverage information = 302
Number of file with coverage information = 22
Number of file with coverage information = 12
Number of file with coverage information = 35
Number of file with coverage information = 1

=== Run PIT ===
Matching Jacoco with PIT: find covered mutations
Executing Mutation Analysis using 16 mutants 

>>> RESULTS:
	Tool name: utbot-mocks
	Benchmark: GUAVA-71
	Class Under Test: com.google.common.collect.SparseImmutableTable
	Run number: 4
	Tool preparation time (ms): 13257
	Tool test cases generation time (ms): 27015
	Test cases execution time (ms): 11
	Test case number: 52
	Uncompilable Test Classes: 1
	Broken tests number: 0
	Failing tests number: 0
	Lines total: 63
	Lines covered: 0
	Lines coverage ratio (%): 0.0
	Conditions total: 14
	Conditions covered: 0
	Conditions coverage ratio (%): 0.0
	Mutants total: 16
	Mutants covered: 0
	Mutants coverage ratio (%): 0.0
	Mutants killed: 0
	Mutants killed ratio (%): 0.0
	Mutants alive: 16


Class com.google.common.collect.SparseImmutableTable ended.
Stopping process...
Tool subprocess is an instance of java.lang.UNIXProcess
Tool subprocess Id is 13825
Killing master process 13825
Executing command kill -9 13825
Execution of command kill -9 13825 finished.
Process was destroyed
