
>>> TOOL NAME:  utbot-mocks

>>> BENCHMARK:  GUAVA-174

>>> RUN NUMBER: 3

>>> MODE: --only-compute-metrics
Creating directory ./temp
Creating directory ./temp/data
Creating directory ./temp/testcases
Executing /home/utbot_mocks/./runtool
>> BENCHMARK
>> /var/benchmarks/projects/guava/guava/src
>> /var/benchmarks/projects/guava/guava/target/classes
>> 6
>> /var/benchmarks/projects/guava/guava/target/guava-26.0-jre.jar
>> /var/benchmarks/projects/./guava/guava/target/dependency/checker-qual-2.5.2.jar
>> /var/benchmarks/projects/guava/guava/target/dependency/error_prone_annotations-2.1.3.jar
>> /var/benchmarks/projects/guava/guava/target/dependency/j2objc-annotations-1.1.jar
>> /var/benchmarks/projects/guava/guava/target/dependency/jsr305-3.0.2.jar
>> /var/benchmarks/projects/guava/guava/target/dependency/animal-sniffer-annotations-1.14.jar
>> 0
expecting CLASSPATH or READY
<< CLASSPATH
expecting number
<< 0
<< READY
>> 30


### COMPUTING METRICS ###: com.google.common.collect.TopKSelector


Starting class com.google.common.collect.TopKSelector


Ending class com.google.common.collect.TopKSelector
Creating directory results_utbot-mocks_30/GUAVA-174_3/temp/testcases/bin
Creating dummy JUnit test file

---Compilation---

===
javac command line:
/usr/bin/javac -sourcepath /home/utbot_mocks/results_utbot-mocks_30/GUAVA-174_3/temp/testcases -cp /var/benchmarks/projects/guava/guava/target/guava-26.0-jre.jar:/var/benchmarks/projects/./guava/guava/target/dependency/checker-qual-2.5.2.jar:/var/benchmarks/projects/guava/guava/target/dependency/error_prone_annotations-2.1.3.jar:/var/benchmarks/projects/guava/guava/target/dependency/j2objc-annotations-1.1.jar:/var/benchmarks/projects/guava/guava/target/dependency/jsr305-3.0.2.jar:/var/benchmarks/projects/guava/guava/target/dependency/animal-sniffer-annotations-1.14.jar:/usr/local/bin/lib/junit.jar:/usr/local/bin/lib/hamcrest-core.jar -d results_utbot-mocks_30/GUAVA-174_3/temp/testcases/bin /home/utbot_mocks/results_utbot-mocks_30/GUAVA-174_3/temp/testcases/SBSTDummyForCoverageAndMutationCalculation.java


===
javac command line:
/usr/bin/javac -sourcepath /home/utbot_mocks/results_utbot-mocks_30/GUAVA-174_3/temp/testcases -cp /var/benchmarks/projects/guava/guava/target/guava-26.0-jre.jar:/var/benchmarks/projects/./guava/guava/target/dependency/checker-qual-2.5.2.jar:/var/benchmarks/projects/guava/guava/target/dependency/error_prone_annotations-2.1.3.jar:/var/benchmarks/projects/guava/guava/target/dependency/j2objc-annotations-1.1.jar:/var/benchmarks/projects/guava/guava/target/dependency/jsr305-3.0.2.jar:/var/benchmarks/projects/guava/guava/target/dependency/animal-sniffer-annotations-1.14.jar:/usr/local/bin/lib/junit.jar:/usr/local/bin/lib/hamcrest-core.jar -d results_utbot-mocks_30/GUAVA-174_3/temp/testcases/bin /home/utbot_mocks/results_utbot-mocks_30/GUAVA-174_3/temp/testcases/com/google/common/collect/TopKSelectorTest.java

/home/utbot_mocks/results_utbot-mocks_30/GUAVA-174_3/temp/testcases/com/google/common/collect/TopKSelectorTest.java:17: warning: Unsafe is internal proprietary API and may be removed in a future release
import sun.misc.Unsafe;
               ^
/home/utbot_mocks/results_utbot-mocks_30/GUAVA-174_3/temp/testcases/com/google/common/collect/TopKSelectorTest.java:20: error: package org.mockito does not exist
import static org.mockito.ArgumentMatchers.anyInt;
                         ^
/home/utbot_mocks/results_utbot-mocks_30/GUAVA-174_3/temp/testcases/com/google/common/collect/TopKSelectorTest.java:20: error: static import only from classes and interfaces
import static org.mockito.ArgumentMatchers.anyInt;
^
/home/utbot_mocks/results_utbot-mocks_30/GUAVA-174_3/temp/testcases/com/google/common/collect/TopKSelectorTest.java:21: error: package org.mockito does not exist
import static org.mockito.ArgumentMatchers.any;
                         ^
/home/utbot_mocks/results_utbot-mocks_30/GUAVA-174_3/temp/testcases/com/google/common/collect/TopKSelectorTest.java:21: error: static import only from classes and interfaces
import static org.mockito.ArgumentMatchers.any;
^
/home/utbot_mocks/results_utbot-mocks_30/GUAVA-174_3/temp/testcases/com/google/common/collect/TopKSelectorTest.java:22: error: package org.mockito does not exist
import static org.mockito.Mockito.mockStatic;
                         ^
/home/utbot_mocks/results_utbot-mocks_30/GUAVA-174_3/temp/testcases/com/google/common/collect/TopKSelectorTest.java:22: error: static import only from classes and interfaces
import static org.mockito.Mockito.mockStatic;
^
/home/utbot_mocks/results_utbot-mocks_30/GUAVA-174_3/temp/testcases/com/google/common/collect/TopKSelectorTest.java:24: error: package org.mockito does not exist
import static org.mockito.Mockito.mock;
                         ^
/home/utbot_mocks/results_utbot-mocks_30/GUAVA-174_3/temp/testcases/com/google/common/collect/TopKSelectorTest.java:24: error: static import only from classes and interfaces
import static org.mockito.Mockito.mock;
^
/home/utbot_mocks/results_utbot-mocks_30/GUAVA-174_3/temp/testcases/com/google/common/collect/TopKSelectorTest.java:25: error: package org.mockito does not exist
import static org.mockito.ArgumentMatchers.anyBoolean;
                         ^
/home/utbot_mocks/results_utbot-mocks_30/GUAVA-174_3/temp/testcases/com/google/common/collect/TopKSelectorTest.java:25: error: static import only from classes and interfaces
import static org.mockito.ArgumentMatchers.anyBoolean;
^
/home/utbot_mocks/results_utbot-mocks_30/GUAVA-174_3/temp/testcases/com/google/common/collect/TopKSelectorTest.java:26: error: package org.mockito does not exist
import static org.mockito.ArgumentMatchers.anyString;
                         ^
/home/utbot_mocks/results_utbot-mocks_30/GUAVA-174_3/temp/testcases/com/google/common/collect/TopKSelectorTest.java:26: error: static import only from classes and interfaces
import static org.mockito.ArgumentMatchers.anyString;
^
/home/utbot_mocks/results_utbot-mocks_30/GUAVA-174_3/temp/testcases/com/google/common/collect/TopKSelectorTest.java:27: error: package org.mockito does not exist
import static org.mockito.Mockito.when;
                         ^
/home/utbot_mocks/results_utbot-mocks_30/GUAVA-174_3/temp/testcases/com/google/common/collect/TopKSelectorTest.java:27: error: static import only from classes and interfaces
import static org.mockito.Mockito.when;
^
/home/utbot_mocks/results_utbot-mocks_30/GUAVA-174_3/temp/testcases/com/google/common/collect/TopKSelectorTest.java:106: error: package org.mockito does not exist
        org.mockito.MockedStatic mockedStatic = null;
                   ^
/home/utbot_mocks/results_utbot-mocks_30/GUAVA-174_3/temp/testcases/com/google/common/collect/TopKSelectorTest.java:108: error: cannot find symbol
            mockedStatic = mockStatic(com.google.common.math.IntMath.class);
                           ^
  symbol:   method mockStatic(Class<IntMath>)
  location: class TopKSelectorTest
/home/utbot_mocks/results_utbot-mocks_30/GUAVA-174_3/temp/testcases/com/google/common/collect/TopKSelectorTest.java:110: error: cannot find symbol
                com.google.common.math.IntMath.log2(anyInt(), any());
                                                    ^
  symbol:   method anyInt()
  location: class TopKSelectorTest
/home/utbot_mocks/results_utbot-mocks_30/GUAVA-174_3/temp/testcases/com/google/common/collect/TopKSelectorTest.java:110: error: cannot find symbol
                com.google.common.math.IntMath.log2(anyInt(), any());
                                                              ^
  symbol:   method any()
  location: class TopKSelectorTest
/home/utbot_mocks/results_utbot-mocks_30/GUAVA-174_3/temp/testcases/com/google/common/collect/TopKSelectorTest.java:636: error: package org.mockito does not exist
        org.mockito.MockedStatic mockedStatic = null;
                   ^
/home/utbot_mocks/results_utbot-mocks_30/GUAVA-174_3/temp/testcases/com/google/common/collect/TopKSelectorTest.java:637: error: package org.mockito does not exist
        org.mockito.MockedStatic mockedStatic1 = null;
                   ^
/home/utbot_mocks/results_utbot-mocks_30/GUAVA-174_3/temp/testcases/com/google/common/collect/TopKSelectorTest.java:639: error: cannot find symbol
            mockedStatic = mockStatic(Ordering.class);
                           ^
  symbol:   method mockStatic(Class<Ordering>)
  location: class TopKSelectorTest
/home/utbot_mocks/results_utbot-mocks_30/GUAVA-174_3/temp/testcases/com/google/common/collect/TopKSelectorTest.java:640: error: cannot find symbol
            Ordering orderingMock = mock(Ordering.class);
                                    ^
  symbol:   method mock(Class<Ordering>)
  location: class TopKSelectorTest
/home/utbot_mocks/results_utbot-mocks_30/GUAVA-174_3/temp/testcases/com/google/common/collect/TopKSelectorTest.java:642: error: cannot find symbol
            mockedStatic1 = mockStatic(com.google.common.base.Preconditions.class);
                            ^
  symbol:   method mockStatic(Class<Preconditions>)
  location: class TopKSelectorTest
/home/utbot_mocks/results_utbot-mocks_30/GUAVA-174_3/temp/testcases/com/google/common/collect/TopKSelectorTest.java:645: error: cannot find symbol
                com.google.common.base.Preconditions.checkNotNull(any(), any());
                                                                  ^
  symbol:   method any()
  location: class TopKSelectorTest
/home/utbot_mocks/results_utbot-mocks_30/GUAVA-174_3/temp/testcases/com/google/common/collect/TopKSelectorTest.java:645: error: cannot find symbol
                com.google.common.base.Preconditions.checkNotNull(any(), any());
                                                                         ^
  symbol:   method any()
  location: class TopKSelectorTest
/home/utbot_mocks/results_utbot-mocks_30/GUAVA-174_3/temp/testcases/com/google/common/collect/TopKSelectorTest.java:671: error: package org.mockito does not exist
        org.mockito.MockedStatic mockedStatic = null;
                   ^
/home/utbot_mocks/results_utbot-mocks_30/GUAVA-174_3/temp/testcases/com/google/common/collect/TopKSelectorTest.java:672: error: package org.mockito does not exist
        org.mockito.MockedStatic mockedStatic1 = null;
                   ^
/home/utbot_mocks/results_utbot-mocks_30/GUAVA-174_3/temp/testcases/com/google/common/collect/TopKSelectorTest.java:674: error: cannot find symbol
            mockedStatic = mockStatic(Ordering.class);
                           ^
  symbol:   method mockStatic(Class<Ordering>)
  location: class TopKSelectorTest
/home/utbot_mocks/results_utbot-mocks_30/GUAVA-174_3/temp/testcases/com/google/common/collect/TopKSelectorTest.java:676: error: cannot find symbol
            mockedStatic1 = mockStatic(com.google.common.base.Preconditions.class);
                            ^
  symbol:   method mockStatic(Class<Preconditions>)
  location: class TopKSelectorTest
/home/utbot_mocks/results_utbot-mocks_30/GUAVA-174_3/temp/testcases/com/google/common/collect/TopKSelectorTest.java:679: error: cannot find symbol
                com.google.common.base.Preconditions.checkNotNull(any(), any());
                                                                  ^
  symbol:   method any()
  location: class TopKSelectorTest
/home/utbot_mocks/results_utbot-mocks_30/GUAVA-174_3/temp/testcases/com/google/common/collect/TopKSelectorTest.java:679: error: cannot find symbol
                com.google.common.base.Preconditions.checkNotNull(any(), any());
                                                                         ^
  symbol:   method any()
  location: class TopKSelectorTest
/home/utbot_mocks/results_utbot-mocks_30/GUAVA-174_3/temp/testcases/com/google/common/collect/TopKSelectorTest.java:702: error: package org.mockito does not exist
        org.mockito.MockedStatic mockedStatic = null;
                   ^
/home/utbot_mocks/results_utbot-mocks_30/GUAVA-174_3/temp/testcases/com/google/common/collect/TopKSelectorTest.java:704: error: cannot find symbol
            mockedStatic = mockStatic(com.google.common.base.Preconditions.class);
                           ^
  symbol:   method mockStatic(Class<Preconditions>)
  location: class TopKSelectorTest
/home/utbot_mocks/results_utbot-mocks_30/GUAVA-174_3/temp/testcases/com/google/common/collect/TopKSelectorTest.java:707: error: cannot find symbol
                com.google.common.base.Preconditions.checkNotNull(any(), any());
                                                                  ^
  symbol:   method any()
  location: class TopKSelectorTest
/home/utbot_mocks/results_utbot-mocks_30/GUAVA-174_3/temp/testcases/com/google/common/collect/TopKSelectorTest.java:707: error: cannot find symbol
                com.google.common.base.Preconditions.checkNotNull(any(), any());
                                                                         ^
  symbol:   method any()
  location: class TopKSelectorTest
/home/utbot_mocks/results_utbot-mocks_30/GUAVA-174_3/temp/testcases/com/google/common/collect/TopKSelectorTest.java:721: error: package org.mockito does not exist
        org.mockito.MockedStatic mockedStatic = null;
                   ^
/home/utbot_mocks/results_utbot-mocks_30/GUAVA-174_3/temp/testcases/com/google/common/collect/TopKSelectorTest.java:723: error: cannot find symbol
            mockedStatic = mockStatic(com.google.common.base.Preconditions.class);
                           ^
  symbol:   method mockStatic(Class<Preconditions>)
  location: class TopKSelectorTest
/home/utbot_mocks/results_utbot-mocks_30/GUAVA-174_3/temp/testcases/com/google/common/collect/TopKSelectorTest.java:727: error: cannot find symbol
                com.google.common.base.Preconditions.checkNotNull(any(), any());
                                                                  ^
  symbol:   method any()
  location: class TopKSelectorTest
/home/utbot_mocks/results_utbot-mocks_30/GUAVA-174_3/temp/testcases/com/google/common/collect/TopKSelectorTest.java:727: error: cannot find symbol
                com.google.common.base.Preconditions.checkNotNull(any(), any());
                                                                         ^
  symbol:   method any()
  location: class TopKSelectorTest
/home/utbot_mocks/results_utbot-mocks_30/GUAVA-174_3/temp/testcases/com/google/common/collect/TopKSelectorTest.java:763: error: package org.mockito does not exist
        org.mockito.MockedStatic mockedStatic = null;
                   ^
/home/utbot_mocks/results_utbot-mocks_30/GUAVA-174_3/temp/testcases/com/google/common/collect/TopKSelectorTest.java:765: error: cannot find symbol
            mockedStatic = mockStatic(com.google.common.base.Preconditions.class);
                           ^
  symbol:   method mockStatic(Class<Preconditions>)
  location: class TopKSelectorTest
/home/utbot_mocks/results_utbot-mocks_30/GUAVA-174_3/temp/testcases/com/google/common/collect/TopKSelectorTest.java:769: error: cannot find symbol
                com.google.common.base.Preconditions.checkNotNull(any(), any());
                                                                  ^
  symbol:   method any()
  location: class TopKSelectorTest
/home/utbot_mocks/results_utbot-mocks_30/GUAVA-174_3/temp/testcases/com/google/common/collect/TopKSelectorTest.java:769: error: cannot find symbol
                com.google.common.base.Preconditions.checkNotNull(any(), any());
                                                                         ^
  symbol:   method any()
  location: class TopKSelectorTest
/home/utbot_mocks/results_utbot-mocks_30/GUAVA-174_3/temp/testcases/com/google/common/collect/TopKSelectorTest.java:783: error: package org.mockito does not exist
        org.mockito.MockedStatic mockedStatic = null;
                   ^
/home/utbot_mocks/results_utbot-mocks_30/GUAVA-174_3/temp/testcases/com/google/common/collect/TopKSelectorTest.java:785: error: cannot find symbol
            mockedStatic = mockStatic(com.google.common.base.Preconditions.class);
                           ^
  symbol:   method mockStatic(Class<Preconditions>)
  location: class TopKSelectorTest
/home/utbot_mocks/results_utbot-mocks_30/GUAVA-174_3/temp/testcases/com/google/common/collect/TopKSelectorTest.java:789: error: cannot find symbol
                com.google.common.base.Preconditions.checkNotNull(any(), any());
                                                                  ^
  symbol:   method any()
  location: class TopKSelectorTest
/home/utbot_mocks/results_utbot-mocks_30/GUAVA-174_3/temp/testcases/com/google/common/collect/TopKSelectorTest.java:789: error: cannot find symbol
                com.google.common.base.Preconditions.checkNotNull(any(), any());
                                                                         ^
  symbol:   method any()
  location: class TopKSelectorTest
/home/utbot_mocks/results_utbot-mocks_30/GUAVA-174_3/temp/testcases/com/google/common/collect/TopKSelectorTest.java:811: error: package org.mockito does not exist
        org.mockito.MockedStatic mockedStatic = null;
                   ^
/home/utbot_mocks/results_utbot-mocks_30/GUAVA-174_3/temp/testcases/com/google/common/collect/TopKSelectorTest.java:813: error: cannot find symbol
            mockedStatic = mockStatic(Ordering.class);
                           ^
  symbol:   method mockStatic(Class<Ordering>)
  location: class TopKSelectorTest
/home/utbot_mocks/results_utbot-mocks_30/GUAVA-174_3/temp/testcases/com/google/common/collect/TopKSelectorTest.java:815: error: package org.mockito does not exist
                Ordering.from(org.mockito.ArgumentMatchers.any(java.util.Comparator.class));
                                         ^
/home/utbot_mocks/results_utbot-mocks_30/GUAVA-174_3/temp/testcases/com/google/common/collect/TopKSelectorTest.java:841: error: package org.mockito does not exist
        org.mockito.MockedStatic mockedStatic = null;
                   ^
/home/utbot_mocks/results_utbot-mocks_30/GUAVA-174_3/temp/testcases/com/google/common/collect/TopKSelectorTest.java:842: error: package org.mockito does not exist
        org.mockito.MockedStatic mockedStatic1 = null;
                   ^
/home/utbot_mocks/results_utbot-mocks_30/GUAVA-174_3/temp/testcases/com/google/common/collect/TopKSelectorTest.java:844: error: cannot find symbol
            mockedStatic = mockStatic(Ordering.class);
                           ^
  symbol:   method mockStatic(Class<Ordering>)
  location: class TopKSelectorTest
/home/utbot_mocks/results_utbot-mocks_30/GUAVA-174_3/temp/testcases/com/google/common/collect/TopKSelectorTest.java:845: error: cannot find symbol
            Ordering orderingMock = mock(Ordering.class);
                                    ^
  symbol:   method mock(Class<Ordering>)
  location: class TopKSelectorTest
/home/utbot_mocks/results_utbot-mocks_30/GUAVA-174_3/temp/testcases/com/google/common/collect/TopKSelectorTest.java:846: error: cannot find symbol
            Ordering orderingMock1 = mock(Ordering.class);
                                     ^
  symbol:   method mock(Class<Ordering>)
  location: class TopKSelectorTest
/home/utbot_mocks/results_utbot-mocks_30/GUAVA-174_3/temp/testcases/com/google/common/collect/TopKSelectorTest.java:847: error: cannot find symbol
            when(orderingMock.reverse()).thenReturn(orderingMock1);
            ^
  symbol:   method when(Ordering)
  location: class TopKSelectorTest
/home/utbot_mocks/results_utbot-mocks_30/GUAVA-174_3/temp/testcases/com/google/common/collect/TopKSelectorTest.java:849: error: package org.mockito does not exist
                Ordering.from(org.mockito.ArgumentMatchers.any(java.util.Comparator.class));
                                         ^
/home/utbot_mocks/results_utbot-mocks_30/GUAVA-174_3/temp/testcases/com/google/common/collect/TopKSelectorTest.java:851: error: cannot find symbol
            mockedStatic1 = mockStatic(com.google.common.base.Preconditions.class);
                            ^
  symbol:   method mockStatic(Class<Preconditions>)
  location: class TopKSelectorTest
/home/utbot_mocks/results_utbot-mocks_30/GUAVA-174_3/temp/testcases/com/google/common/collect/TopKSelectorTest.java:855: error: cannot find symbol
                com.google.common.base.Preconditions.checkNotNull(any(), any());
                                                                  ^
  symbol:   method any()
  location: class TopKSelectorTest
/home/utbot_mocks/results_utbot-mocks_30/GUAVA-174_3/temp/testcases/com/google/common/collect/TopKSelectorTest.java:855: error: cannot find symbol
                com.google.common.base.Preconditions.checkNotNull(any(), any());
                                                                         ^
  symbol:   method any()
  location: class TopKSelectorTest
/home/utbot_mocks/results_utbot-mocks_30/GUAVA-174_3/temp/testcases/com/google/common/collect/TopKSelectorTest.java:891: error: package org.mockito does not exist
        org.mockito.MockedStatic mockedStatic = null;
                   ^
/home/utbot_mocks/results_utbot-mocks_30/GUAVA-174_3/temp/testcases/com/google/common/collect/TopKSelectorTest.java:892: error: package org.mockito does not exist
        org.mockito.MockedStatic mockedStatic1 = null;
                   ^
/home/utbot_mocks/results_utbot-mocks_30/GUAVA-174_3/temp/testcases/com/google/common/collect/TopKSelectorTest.java:894: error: cannot find symbol
            mockedStatic = mockStatic(Ordering.class);
                           ^
  symbol:   method mockStatic(Class<Ordering>)
  location: class TopKSelectorTest
/home/utbot_mocks/results_utbot-mocks_30/GUAVA-174_3/temp/testcases/com/google/common/collect/TopKSelectorTest.java:895: error: cannot find symbol
            Ordering orderingMock = mock(Ordering.class);
                                    ^
  symbol:   method mock(Class<Ordering>)
  location: class TopKSelectorTest
/home/utbot_mocks/results_utbot-mocks_30/GUAVA-174_3/temp/testcases/com/google/common/collect/TopKSelectorTest.java:896: error: cannot find symbol
            when(orderingMock.reverse()).thenReturn(((Ordering) null));
            ^
  symbol:   method when(Ordering)
  location: class TopKSelectorTest
/home/utbot_mocks/results_utbot-mocks_30/GUAVA-174_3/temp/testcases/com/google/common/collect/TopKSelectorTest.java:898: error: package org.mockito does not exist
                Ordering.from(org.mockito.ArgumentMatchers.any(java.util.Comparator.class));
                                         ^
/home/utbot_mocks/results_utbot-mocks_30/GUAVA-174_3/temp/testcases/com/google/common/collect/TopKSelectorTest.java:900: error: cannot find symbol
            mockedStatic1 = mockStatic(com.google.common.base.Preconditions.class);
                            ^
  symbol:   method mockStatic(Class<Preconditions>)
  location: class TopKSelectorTest
/home/utbot_mocks/results_utbot-mocks_30/GUAVA-174_3/temp/testcases/com/google/common/collect/TopKSelectorTest.java:904: error: cannot find symbol
                com.google.common.base.Preconditions.checkNotNull(any(), any());
                                                                  ^
  symbol:   method any()
  location: class TopKSelectorTest
/home/utbot_mocks/results_utbot-mocks_30/GUAVA-174_3/temp/testcases/com/google/common/collect/TopKSelectorTest.java:904: error: cannot find symbol
                com.google.common.base.Preconditions.checkNotNull(any(), any());
                                                                         ^
  symbol:   method any()
  location: class TopKSelectorTest
/home/utbot_mocks/results_utbot-mocks_30/GUAVA-174_3/temp/testcases/com/google/common/collect/TopKSelectorTest.java:932: error: package org.mockito does not exist
        org.mockito.MockedStatic mockedStatic = null;
                   ^
/home/utbot_mocks/results_utbot-mocks_30/GUAVA-174_3/temp/testcases/com/google/common/collect/TopKSelectorTest.java:933: error: package org.mockito does not exist
        org.mockito.MockedStatic mockedStatic1 = null;
                   ^
/home/utbot_mocks/results_utbot-mocks_30/GUAVA-174_3/temp/testcases/com/google/common/collect/TopKSelectorTest.java:935: error: cannot find symbol
            mockedStatic = mockStatic(Ordering.class);
                           ^
  symbol:   method mockStatic(Class<Ordering>)
  location: class TopKSelectorTest
/home/utbot_mocks/results_utbot-mocks_30/GUAVA-174_3/temp/testcases/com/google/common/collect/TopKSelectorTest.java:936: error: cannot find symbol
            Ordering orderingMock = mock(Ordering.class);
                                    ^
  symbol:   method mock(Class<Ordering>)
  location: class TopKSelectorTest
/home/utbot_mocks/results_utbot-mocks_30/GUAVA-174_3/temp/testcases/com/google/common/collect/TopKSelectorTest.java:937: error: cannot find symbol
            when(orderingMock.reverse()).thenReturn(((Ordering) null));
            ^
  symbol:   method when(Ordering)
  location: class TopKSelectorTest
/home/utbot_mocks/results_utbot-mocks_30/GUAVA-174_3/temp/testcases/com/google/common/collect/TopKSelectorTest.java:939: error: package org.mockito does not exist
                Ordering.from(org.mockito.ArgumentMatchers.any(java.util.Comparator.class));
                                         ^
/home/utbot_mocks/results_utbot-mocks_30/GUAVA-174_3/temp/testcases/com/google/common/collect/TopKSelectorTest.java:941: error: cannot find symbol
            mockedStatic1 = mockStatic(com.google.common.base.Preconditions.class);
                            ^
  symbol:   method mockStatic(Class<Preconditions>)
  location: class TopKSelectorTest
/home/utbot_mocks/results_utbot-mocks_30/GUAVA-174_3/temp/testcases/com/google/common/collect/TopKSelectorTest.java:944: error: cannot find symbol
                com.google.common.base.Preconditions.checkNotNull(any(), any());
                                                                  ^
  symbol:   method any()
  location: class TopKSelectorTest
/home/utbot_mocks/results_utbot-mocks_30/GUAVA-174_3/temp/testcases/com/google/common/collect/TopKSelectorTest.java:944: error: cannot find symbol
                com.google.common.base.Preconditions.checkNotNull(any(), any());
                                                                         ^
  symbol:   method any()
  location: class TopKSelectorTest
/home/utbot_mocks/results_utbot-mocks_30/GUAVA-174_3/temp/testcases/com/google/common/collect/TopKSelectorTest.java:1005: error: package org.mockito does not exist
        org.mockito.MockedStatic mockedStatic = null;
                   ^
/home/utbot_mocks/results_utbot-mocks_30/GUAVA-174_3/temp/testcases/com/google/common/collect/TopKSelectorTest.java:1006: error: package org.mockito does not exist
        org.mockito.MockedStatic mockedStatic1 = null;
                   ^
/home/utbot_mocks/results_utbot-mocks_30/GUAVA-174_3/temp/testcases/com/google/common/collect/TopKSelectorTest.java:1008: error: cannot find symbol
            mockedStatic = mockStatic(Ordering.class);
                           ^
  symbol:   method mockStatic(Class<Ordering>)
  location: class TopKSelectorTest
/home/utbot_mocks/results_utbot-mocks_30/GUAVA-174_3/temp/testcases/com/google/common/collect/TopKSelectorTest.java:1010: error: cannot find symbol
            Ordering orderingMock = mock(Ordering.class);
                                    ^
  symbol:   method mock(Class<Ordering>)
  location: class TopKSelectorTest
/home/utbot_mocks/results_utbot-mocks_30/GUAVA-174_3/temp/testcases/com/google/common/collect/TopKSelectorTest.java:1011: error: cannot find symbol
            when(orderingMock.reverse()).thenReturn(((Ordering) null));
            ^
  symbol:   method when(Ordering)
  location: class TopKSelectorTest
/home/utbot_mocks/results_utbot-mocks_30/GUAVA-174_3/temp/testcases/com/google/common/collect/TopKSelectorTest.java:1013: error: package org.mockito does not exist
                Ordering.from(org.mockito.ArgumentMatchers.any(java.util.Comparator.class));
                                         ^
/home/utbot_mocks/results_utbot-mocks_30/GUAVA-174_3/temp/testcases/com/google/common/collect/TopKSelectorTest.java:1015: error: cannot find symbol
            mockedStatic1 = mockStatic(com.google.common.base.Preconditions.class);
                            ^
  symbol:   method mockStatic(Class<Preconditions>)
  location: class TopKSelectorTest
/home/utbot_mocks/results_utbot-mocks_30/GUAVA-174_3/temp/testcases/com/google/common/collect/TopKSelectorTest.java:1018: error: cannot find symbol
                com.google.common.base.Preconditions.checkNotNull(any(), any());
                                                                  ^
  symbol:   method any()
  location: class TopKSelectorTest
/home/utbot_mocks/results_utbot-mocks_30/GUAVA-174_3/temp/testcases/com/google/common/collect/TopKSelectorTest.java:1018: error: cannot find symbol
                com.google.common.base.Preconditions.checkNotNull(any(), any());
                                                                         ^
  symbol:   method any()
  location: class TopKSelectorTest
/home/utbot_mocks/results_utbot-mocks_30/GUAVA-174_3/temp/testcases/com/google/common/collect/TopKSelectorTest.java:1033: error: package org.mockito does not exist
        org.mockito.MockedStatic mockedStatic = null;
                   ^
/home/utbot_mocks/results_utbot-mocks_30/GUAVA-174_3/temp/testcases/com/google/common/collect/TopKSelectorTest.java:1034: error: package org.mockito does not exist
        org.mockito.MockedStatic mockedStatic1 = null;
                   ^
/home/utbot_mocks/results_utbot-mocks_30/GUAVA-174_3/temp/testcases/com/google/common/collect/TopKSelectorTest.java:1036: error: cannot find symbol
            mockedStatic = mockStatic(Ordering.class);
                           ^
  symbol:   method mockStatic(Class<Ordering>)
  location: class TopKSelectorTest
/home/utbot_mocks/results_utbot-mocks_30/GUAVA-174_3/temp/testcases/com/google/common/collect/TopKSelectorTest.java:1037: error: cannot find symbol
            Ordering orderingMock = mock(Ordering.class);
                                    ^
  symbol:   method mock(Class<Ordering>)
  location: class TopKSelectorTest
/home/utbot_mocks/results_utbot-mocks_30/GUAVA-174_3/temp/testcases/com/google/common/collect/TopKSelectorTest.java:1039: error: cannot find symbol
            Ordering orderingMock1 = mock(Ordering.class);
                                     ^
  symbol:   method mock(Class<Ordering>)
  location: class TopKSelectorTest
/home/utbot_mocks/results_utbot-mocks_30/GUAVA-174_3/temp/testcases/com/google/common/collect/TopKSelectorTest.java:1040: error: cannot find symbol
            when(orderingMock1.reverse()).thenReturn(((Ordering) null));
            ^
  symbol:   method when(Ordering)
  location: class TopKSelectorTest
/home/utbot_mocks/results_utbot-mocks_30/GUAVA-174_3/temp/testcases/com/google/common/collect/TopKSelectorTest.java:1042: error: package org.mockito does not exist
                Ordering.from(org.mockito.ArgumentMatchers.any(java.util.Comparator.class));
                                         ^
/home/utbot_mocks/results_utbot-mocks_30/GUAVA-174_3/temp/testcases/com/google/common/collect/TopKSelectorTest.java:1044: error: cannot find symbol
            mockedStatic1 = mockStatic(com.google.common.base.Preconditions.class);
                            ^
  symbol:   method mockStatic(Class<Preconditions>)
  location: class TopKSelectorTest
/home/utbot_mocks/results_utbot-mocks_30/GUAVA-174_3/temp/testcases/com/google/common/collect/TopKSelectorTest.java:1047: error: cannot find symbol
                com.google.common.base.Preconditions.checkNotNull(any(), any());
                                                                  ^
  symbol:   method any()
  location: class TopKSelectorTest
/home/utbot_mocks/results_utbot-mocks_30/GUAVA-174_3/temp/testcases/com/google/common/collect/TopKSelectorTest.java:1047: error: cannot find symbol
                com.google.common.base.Preconditions.checkNotNull(any(), any());
                                                                         ^
  symbol:   method any()
  location: class TopKSelectorTest
/home/utbot_mocks/results_utbot-mocks_30/GUAVA-174_3/temp/testcases/com/google/common/collect/TopKSelectorTest.java:1078: error: package org.mockito does not exist
        org.mockito.MockedStatic mockedStatic = null;
                   ^
/home/utbot_mocks/results_utbot-mocks_30/GUAVA-174_3/temp/testcases/com/google/common/collect/TopKSelectorTest.java:1080: error: cannot find symbol
            mockedStatic = mockStatic(com.google.common.base.Preconditions.class);
                           ^
  symbol:   method mockStatic(Class<Preconditions>)
  location: class TopKSelectorTest
/home/utbot_mocks/results_utbot-mocks_30/GUAVA-174_3/temp/testcases/com/google/common/collect/TopKSelectorTest.java:1083: error: cannot find symbol
                com.google.common.base.Preconditions.checkNotNull(any(), any());
                                                                  ^
  symbol:   method any()
  location: class TopKSelectorTest
/home/utbot_mocks/results_utbot-mocks_30/GUAVA-174_3/temp/testcases/com/google/common/collect/TopKSelectorTest.java:1390: warning: Unsafe is internal proprietary API and may be removed in a future release
    private static sun.misc.Unsafe getUnsafeInstance() throws Exception {
                           ^
/home/utbot_mocks/results_utbot-mocks_30/GUAVA-174_3/temp/testcases/com/google/common/collect/TopKSelectorTest.java:1391: warning: Unsafe is internal proprietary API and may be removed in a future release
        java.lang.reflect.Field f = sun.misc.Unsafe.class.getDeclaredField("theUnsafe");
                                            ^
/home/utbot_mocks/results_utbot-mocks_30/GUAVA-174_3/temp/testcases/com/google/common/collect/TopKSelectorTest.java:1393: warning: Unsafe is internal proprietary API and may be removed in a future release
        return (sun.misc.Unsafe) f.get(null);
                        ^
Note: /home/utbot_mocks/results_utbot-mocks_30/GUAVA-174_3/temp/testcases/com/google/common/collect/TopKSelectorTest.java uses unchecked or unsafe operations.
Note: Recompile with -Xlint:unchecked for details.
100 errors
4 warnings
Failed to compile 'com/google/common/collect/TopKSelectorTest.java'!
shaded.org.apache.commons.exec.ExecuteException: Process exited with an error: 1 (Exit value: 1)
	at shaded.org.apache.commons.exec.DefaultExecutor.executeInternal(DefaultExecutor.java:377)
	at shaded.org.apache.commons.exec.DefaultExecutor.execute(DefaultExecutor.java:160)
	at shaded.org.apache.commons.exec.DefaultExecutor.execute(DefaultExecutor.java:147)
	at sbst.benchmark.TestSuite.compile(TestSuite.java:250)
	at sbst.benchmark.TestSuite.<init>(TestSuite.java:68)
	at sbst.benchmark.TranscriptWriter.endClass(TranscriptWriter.java:136)
	at sbst.benchmark.RunTool.execute(RunTool.java:141)
	at sbst.benchmark.RunTool.run(RunTool.java:62)
	at sbst.benchmark.Main.main(Main.java:160)

---Timing Information---
Running tests with the following classpath: 
/var/benchmarks/projects/guava/guava/target/guava-26.0-jre.jar:/var/benchmarks/projects/./guava/guava/target/dependency/checker-qual-2.5.2.jar:/var/benchmarks/projects/guava/guava/target/dependency/error_prone_annotations-2.1.3.jar:/var/benchmarks/projects/guava/guava/target/dependency/j2objc-annotations-1.1.jar:/var/benchmarks/projects/guava/guava/target/dependency/jsr305-3.0.2.jar:/var/benchmarks/projects/guava/guava/target/dependency/animal-sniffer-annotations-1.14.jar:/usr/local/bin/lib/junit.jar:/usr/local/bin/lib/hamcrest-core.jar:/home/utbot_mocks/results_utbot-mocks_30/GUAVA-174_3/temp/testcases/bin
Running the tests: [SBSTDummyForCoverageAndMutationCalculation]
Executions terminated

---The tests are re-executed other four times to find the flaky ones---
Running the tests: [SBSTDummyForCoverageAndMutationCalculation]
Executions terminated
Running the tests: [SBSTDummyForCoverageAndMutationCalculation]
Executions terminated
Running the tests: [SBSTDummyForCoverageAndMutationCalculation]
Executions terminated
Running the tests: [SBSTDummyForCoverageAndMutationCalculation]
Executions terminated

=== Run Jacoco for Coverage ===
Number of instrumented file = 2323
Running tests with the following classpath: 
/home/utbot_mocks/results_utbot-mocks_30/GUAVA-174_3/temp/testcases/guava-26.0-jre_instrumented.jar:/home/utbot_mocks/results_utbot-mocks_30/GUAVA-174_3/temp/testcases/checker-qual-2.5.2_instrumented.jar:/home/utbot_mocks/results_utbot-mocks_30/GUAVA-174_3/temp/testcases/error_prone_annotations-2.1.3_instrumented.jar:/home/utbot_mocks/results_utbot-mocks_30/GUAVA-174_3/temp/testcases/j2objc-annotations-1.1_instrumented.jar:/home/utbot_mocks/results_utbot-mocks_30/GUAVA-174_3/temp/testcases/jsr305-3.0.2_instrumented.jar:/home/utbot_mocks/results_utbot-mocks_30/GUAVA-174_3/temp/testcases/animal-sniffer-annotations-1.14_instrumented.jar:/usr/local/bin/lib/hamcrest-core.jar:/usr/local/bin/lib/junit.jar:/home/utbot_mocks/results_utbot-mocks_30/GUAVA-174_3/temp/testcases/bin
Running the tests: [SBSTDummyForCoverageAndMutationCalculation]
Executions terminated
Number of file with coverage information = 1951
Extracted coverage data for the class com/google/common/collect/TopKSelector
Number of file with coverage information = 302
Number of file with coverage information = 22
Number of file with coverage information = 12
Number of file with coverage information = 35
Number of file with coverage information = 1

=== Run PIT ===
Matching Jacoco with PIT: find covered mutations
Executing Mutation Analysis using 68 mutants 

>>> RESULTS:
	Tool name: utbot-mocks
	Benchmark: GUAVA-174
	Class Under Test: com.google.common.collect.TopKSelector
	Run number: 3
	Tool preparation time (ms): 14607
	Tool test cases generation time (ms): 25967
	Test cases execution time (ms): 15
	Test case number: 50
	Uncompilable Test Classes: 1
	Broken tests number: 0
	Failing tests number: 0
	Lines total: 79
	Lines covered: 0
	Lines coverage ratio (%): 0.0
	Conditions total: 36
	Conditions covered: 0
	Conditions coverage ratio (%): 0.0
	Mutants total: 68
	Mutants covered: 0
	Mutants coverage ratio (%): 0.0
	Mutants killed: 0
	Mutants killed ratio (%): 0.0
	Mutants alive: 68


Class com.google.common.collect.TopKSelector ended.
Stopping process...
Tool subprocess is an instance of java.lang.UNIXProcess
Tool subprocess Id is 2072
Killing master process 2072
Executing command kill -9 2072
Execution of command kill -9 2072 finished.
Process was destroyed
