Started UtBot Contest, classfileDir = /var/benchmarks/projects/seata/core/target/classes, classpathString=/var/benchmarks/projects/seata/core/target/classes:/var/benchmarks/projects/seata/core/target/seata-core-0.5.0.jar:/var/benchmarks/projects/./seata/core/target/dependency/mockito-core-2.23.4.jar:/var/benchmarks/projects/seata/core/target/dependency/byte-buddy-agent-1.9.3.jar:/var/benchmarks/projects/seata/core/target/dependency/assertj-core-2.6.0.jar:/var/benchmarks/projects/seata/core/target/dependency/seata-common-0.5.0.jar:/var/benchmarks/projects/seata/core/target/dependency/byte-buddy-1.9.3.jar:/var/benchmarks/projects/seata/core/target/dependency/objenesis-2.6.jar:/var/benchmarks/projects/seata/core/target/dependency/seata-discovery-core-0.5.0.jar:/var/benchmarks/projects/seata/core/target/dependency/commons-pool2-2.4.2.jar:/var/benchmarks/projects/seata/core/target/dependency/junit-4.12.jar:/var/benchmarks/projects/seata/core/target/dependency/hamcrest-core-1.3.jar:/var/benchmarks/projects/seata/core/target/dependency/slf4j-api-1.7.22.jar:/var/benchmarks/projects/seata/core/target/dependency/seata-config-core-0.5.0.jar:/var/benchmarks/projects/seata/core/target/dependency/netty-all-4.1.24.Final.jar:/var/benchmarks/projects/seata/core/target/dependency/commons-lang-2.6.jar:/var/benchmarks/projects/seata/core/target/dependency/fastjson-1.2.48.jar:/var/benchmarks/projects/seata/core/target/dependency/config-1.2.1.jar:/var/benchmarks/projects/seata/core/target/dependency/commons-pool-1.6.jar, outputDir=/home/utbot_mocks/temp/testcases, mocks=Other classes: Mockito
14:16:17.158 | INFO  | Started: warmup: kotlin reflection :: init
14:16:17.257 | INFO  | Finished (in 0.098 sec): warmup: kotlin reflection :: init 
[INIT]
>> [RUN] io.seata.core.store.StoreMode 30
14:16:17.269 | DEBUG | -----------------------------------------------------------------------------
14:16:17.270 | INFO  | Contest.runGeneration: Time budget: 30000 ms, Generation timeout=25500 ms, classpath=/var/benchmarks/projects/seata/core/target/classes:/var/benchmarks/projects/seata/core/target/seata-core-0.5.0.jar:/var/benchmarks/projects/./seata/core/target/dependency/mockito-core-2.23.4.jar:/var/benchmarks/projects/seata/core/target/dependency/byte-buddy-agent-1.9.3.jar:/var/benchmarks/projects/seata/core/target/dependency/assertj-core-2.6.0.jar:/var/benchmarks/projects/seata/core/target/dependency/seata-common-0.5.0.jar:/var/benchmarks/projects/seata/core/target/dependency/byte-buddy-1.9.3.jar:/var/benchmarks/projects/seata/core/target/dependency/objenesis-2.6.jar:/var/benchmarks/projects/seata/core/target/dependency/seata-discovery-core-0.5.0.jar:/var/benchmarks/projects/seata/core/target/dependency/commons-pool2-2.4.2.jar:/var/benchmarks/projects/seata/core/target/dependency/junit-4.12.jar:/var/benchmarks/projects/seata/core/target/dependency/hamcrest-core-1.3.jar:/var/benchmarks/projects/seata/core/target/dependency/slf4j-api-1.7.22.jar:/var/benchmarks/projects/seata/core/target/dependency/seata-config-core-0.5.0.jar:/var/benchmarks/projects/seata/core/target/dependency/netty-all-4.1.24.Final.jar:/var/benchmarks/projects/seata/core/target/dependency/commons-lang-2.6.jar:/var/benchmarks/projects/seata/core/target/dependency/fastjson-1.2.48.jar:/var/benchmarks/projects/seata/core/target/dependency/config-1.2.1.jar:/var/benchmarks/projects/seata/core/target/dependency/commons-pool-1.6.jar, methodNameFilter=null
14:16:17.272 | INFO  | ClassUnderTest[ FQN: io.seata.core.store.StoreMode
    classfileDir: /var/benchmarks/projects/seata/core/target/classes
    testClassSimpleName: StoreModeTest
    generatedTestFile: /home/utbot_mocks/temp/testcases/io/seata/core/store/StoreModeTest.java
    generatedTestsSourcesDir: /home/utbot_mocks/temp/testcases
]
14:16:17.298 | INFO  | Started: class io.seata.core.store.StoreMode
14:16:17.299 | INFO  | Started: preparation class class io.seata.core.store.StoreMode: kotlin reflection :: run
14:16:17.389 | INFO  | Finished (in 0.090 sec): preparation class class io.seata.core.store.StoreMode: kotlin reflection :: run 
14:16:17.390 | INFO  | Started: 2nd optional soot initialization
14:16:17.391 | INFO  | Finished (in 0.001 sec): 2nd optional soot initialization 
14:16:17.398 | DEBUG |  ... 
14:16:17.422 | INFO  | Started: method io.seata.core.store.StoreMode.valueof(String)
14:16:17.423 | INFO  |  -- Remaining time budget: 25371 ms, #remaining_methods: 4, budget for method: 6342 ms, solver timeout: 1000 ms, budget for symbolic execution: 5142 ms, budget for concrete execution: 1200 ms,  -- 
14:16:17.744 | DEBUG | --new testCase collected, to generate: testIo.seata.core.store.StoreMode.valueof(String)1
14:16:20.917 | DEBUG | --new testCase collected, to generate: testIo.seata.core.store.StoreMode.valueof(String)2
14:16:22.553 | INFO  | |> Starting concrete execution for remaining state: io.seata.core.store.StoreMode.valueof(String)
14:16:23.754 | INFO  | (X) Cancelling concrete execution: io.seata.core.store.StoreMode.valueof(String)
14:16:23.787 | INFO  | Finished (in 6.364 sec): method io.seata.core.store.StoreMode.valueof(String) 
<StatsForMethod> :
	#generatedTC=2
	WITH NO EXCEPTIONS
14:16:23.795 | DEBUG |  ... 
14:16:23.796 | INFO  | Started: method io.seata.core.store.StoreMode.valueOf(String)
14:16:23.796 | INFO  |  -- Remaining time budget: 18975 ms, #remaining_methods: 3, budget for method: 6325 ms, solver timeout: 1000 ms, budget for symbolic execution: 5125 ms, budget for concrete execution: 1200 ms,  -- 
14:16:23.807 | DEBUG | --new testCase collected, to generate: testIo.seata.core.store.StoreMode.valueOf(String)1
14:16:25.685 | DEBUG | --new testCase collected, to generate: testIo.seata.core.store.StoreMode.valueOf(String)2
14:16:28.921 | INFO  | |> Starting concrete execution for remaining state: io.seata.core.store.StoreMode.valueOf(String)
14:16:30.122 | INFO  | (X) Cancelling concrete execution: io.seata.core.store.StoreMode.valueOf(String)
14:16:30.397 | INFO  | Finished (in 6.600 sec): method io.seata.core.store.StoreMode.valueOf(String) 
<StatsForMethod> :
	#generatedTC=2
	WITH NO EXCEPTIONS
14:16:30.583 | DEBUG |  ... 
14:16:30.584 | INFO  | Started: method io.seata.core.store.StoreMode.values()
14:16:30.584 | INFO  |  -- Remaining time budget: 12187 ms, #remaining_methods: 2, budget for method: 6093 ms, solver timeout: 1000 ms, budget for symbolic execution: 4893 ms, budget for concrete execution: 1200 ms,  -- 
14:16:30.595 | DEBUG | --new testCase collected, to generate: testIo.seata.core.store.StoreMode.values()1
14:16:30.812 | DEBUG | --new testCase collected, to generate: testIo.seata.core.store.StoreMode.values()2
14:16:30.812 | INFO  | Finished (in 0.228 sec): method io.seata.core.store.StoreMode.values() 
<StatsForMethod> :
	#generatedTC=2
	WITH NO EXCEPTIONS
14:16:30.834 | DEBUG |  ... 
14:16:30.834 | INFO  | Started: method io.seata.core.store.StoreMode.<init>()
14:16:30.835 | INFO  |  -- Remaining time budget: 11937 ms, #remaining_methods: 1, budget for method: 11937 ms, solver timeout: 1000 ms, budget for symbolic execution: 10737 ms, budget for concrete execution: 1200 ms,  -- 
14:16:30.847 | ERROR | Symbolic execution FAILED
com.huawei.utbot.instrumentation.util.ChildProcessError: Error in the child process |> java.lang.IllegalArgumentException: Cannot reflectively create enum objects
	at java.lang.reflect.Constructor.newInstance(Constructor.java:417)
	at com.huawei.utbot.instrumentation.instrumentation.InvokeInstrumentation$invoke$$inlined$run$lambda$2.invoke(InvokeInstrumentation.kt:70)
	at com.huawei.utbot.common.ThreadBasedExecutor$invokeWithTimeout$1.invoke(ThreadUtil.kt:43)
	at com.huawei.utbot.common.ThreadBasedExecutor$invokeWithTimeout$1.invoke(ThreadUtil.kt:22)
	at kotlin.concurrent.ThreadsKt$thread$thread$1.run(Thread.kt:30)

	at com.huawei.utbot.instrumentation.ConcreteExecutor.executeAsync(ConcreteExecutor.kt:391) ~[utbot-junit-contest-1.0.jar:?]
	at com.huawei.utbot.instrumentation.ConcreteExecutor$executeAsync$1.invokeSuspend(ConcreteExecutor.kt) ~[utbot-junit-contest-1.0.jar:?]
	at kotlin.coroutines.jvm.internal.BaseContinuationImpl.resumeWith(ContinuationImpl.kt:33) [utbot-junit-contest-1.0.jar:?]
	at kotlinx.coroutines.DispatchedTask.run(DispatchedTask.kt:106) [utbot-junit-contest-1.0.jar:?]
	at java.util.concurrent.Executors$RunnableAdapter.call(Executors.java:511) [?:1.8.0_312]
	at java.util.concurrent.FutureTask.run(FutureTask.java:266) [?:1.8.0_312]
	at java.util.concurrent.ScheduledThreadPoolExecutor$ScheduledFutureTask.access$201(ScheduledThreadPoolExecutor.java:180) [?:1.8.0_312]
	at java.util.concurrent.ScheduledThreadPoolExecutor$ScheduledFutureTask.run(ScheduledThreadPoolExecutor.java:293) [?:1.8.0_312]
	at java.util.concurrent.ThreadPoolExecutor.runWorker(ThreadPoolExecutor.java:1149) [?:1.8.0_312]
	at java.util.concurrent.ThreadPoolExecutor$Worker.run(ThreadPoolExecutor.java:624) [?:1.8.0_312]
	at java.lang.Thread.run(Thread.java:748) [?:1.8.0_312]
14:16:30.908 | DEBUG | --new testCase collected, to generate: testIo.seata.core.store.StoreMode.<init>()1
14:16:30.909 | INFO  | Finished (in 0.074 sec): method io.seata.core.store.StoreMode.<init>() 
<StatsForMethod> :
	#generatedTC=1
	FAILED 1 time(s) with 1 different exception(s)"
14:16:30.917 | INFO  | Started: Flushing tests for [StoreMode] on disk
14:16:31.035 | INFO  | File size for StoreModeTest: 8 KB
14:16:31.036 | INFO  | Finished (in 0.119 sec): Flushing tests for [StoreMode] on disk 
14:16:31.037 | INFO  | Finished (in 13.738 sec): class io.seata.core.store.StoreMode 
<StatsForClass> :
	canceled by timeout = false
	#methods = 4, 
	#methods started symbolic exploration = 4
	#methods with at least one TC = 4
	#methods with exceptions = 1
	#generated TC = 7
	#coverage = null
[READY]
