# JRE version: OpenJDK Runtime Environment (8.0_312-b07) (build 1.8.0_312-8u312-b07-0ubuntu1~20.04-b07)
# Java VM: OpenJDK 64-Bit Server VM (25.312-b07 mixed mode linux-amd64 compressed oops)
Heap:
 PSYoungGen      total 301056K, used 237707K [0x0000000670700000, 0x0000000695300000, 0x00000007c0000000)
  eden space 258048K, 92% used [0x0000000670700000,0x000000067ef22d68,0x0000000680300000)
  from space 43008K, 0% used [0x0000000680300000,0x0000000680300000,0x0000000682d00000)
  to   space 43008K, 0% used [0x0000000692900000,0x0000000692900000,0x0000000695300000)
 ParOldGen       total 481792K, used 32879K [0x00000003d1400000, 0x00000003eea80000, 0x0000000670700000)
  object space 481792K, 6% used [0x00000003d1400000,0x00000003d341bdc8,0x00000003eea80000)
 Metaspace       used 30046K, capacity 30324K, committed 30592K, reserved 1077248K
  class space    used 2964K, capacity 3074K, committed 3200K, reserved 1048576K
GC Heap History (4 events):
Event: 2.096 GC heap before
{Heap before GC invocations=1 (full 0):
 PSYoungGen      total 301056K, used 249919K [0x0000000670700000, 0x0000000685700000, 0x00000007c0000000)
  eden space 258048K, 96% used [0x0000000670700000,0x000000067fb0fe30,0x0000000680300000)
  from space 43008K, 0% used [0x0000000682d00000,0x0000000682d00000,0x0000000685700000)
  to   space 43008K, 0% used [0x0000000680300000,0x0000000680300000,0x0000000682d00000)
 ParOldGen       total 688128K, used 0K [0x00000003d1400000, 0x00000003fb400000, 0x0000000670700000)
  object space 688128K, 0% used [0x00000003d1400000,0x00000003d1400000,0x00000003fb400000)
 Metaspace       used 20939K, capacity 21198K, committed 21296K, reserved 1069056K
  class space    used 2065K, capacity 2145K, committed 2176K, reserved 1048576K
Event: 2.122 GC heap after
Heap after GC invocations=1 (full 0):
 PSYoungGen      total 301056K, used 33540K [0x0000000670700000, 0x0000000695300000, 0x00000007c0000000)
  eden space 258048K, 0% used [0x0000000670700000,0x0000000670700000,0x0000000680300000)
  from space 43008K, 77% used [0x0000000680300000,0x00000006823c10a0,0x0000000682d00000)
  to   space 43008K, 0% used [0x0000000692900000,0x0000000692900000,0x0000000695300000)
 ParOldGen       total 688128K, used 16K [0x00000003d1400000, 0x00000003fb400000, 0x0000000670700000)
  object space 688128K, 0% used [0x00000003d1400000,0x00000003d1404000,0x00000003fb400000)
 Metaspace       used 20939K, capacity 21198K, committed 21296K, reserved 1069056K
  class space    used 2065K, capacity 2145K, committed 2176K, reserved 1048576K
}
Event: 2.122 GC heap before
{Heap before GC invocations=2 (full 1):
 PSYoungGen      total 301056K, used 33540K [0x0000000670700000, 0x0000000695300000, 0x00000007c0000000)
  eden space 258048K, 0% used [0x0000000670700000,0x0000000670700000,0x0000000680300000)
  from space 43008K, 77% used [0x0000000680300000,0x00000006823c10a0,0x0000000682d00000)
  to   space 43008K, 0% used [0x0000000692900000,0x0000000692900000,0x0000000695300000)
 ParOldGen       total 688128K, used 16K [0x00000003d1400000, 0x00000003fb400000, 0x0000000670700000)
  object space 688128K, 0% used [0x00000003d1400000,0x00000003d1404000,0x00000003fb400000)
 Metaspace       used 20939K, capacity 21198K, committed 21296K, reserved 1069056K
  class space    used 2065K, capacity 2145K, committed 2176K, reserved 1048576K
Event: 2.194 GC heap after
Heap after GC invocations=2 (full 1):
 PSYoungGen      total 301056K, used 0K [0x0000000670700000, 0x0000000695300000, 0x00000007c0000000)
  eden space 258048K, 0% used [0x0000000670700000,0x0000000670700000,0x0000000680300000)
  from space 43008K, 0% used [0x0000000680300000,0x0000000680300000,0x0000000682d00000)
  to   space 43008K, 0% used [0x0000000692900000,0x0000000692900000,0x0000000695300000)
 ParOldGen       total 481792K, used 32879K [0x00000003d1400000, 0x00000003eea80000, 0x0000000670700000)
  object space 481792K, 6% used [0x00000003d1400000,0x00000003d341bdc8,0x00000003eea80000)
 Metaspace       used 20939K, capacity 21198K, committed 21296K, reserved 1069056K
  class space    used 2065K, capacity 2145K, committed 2176K, reserved 1048576K
}

