Started UtBot Contest, classfileDir = /var/benchmarks/projects/guava/guava/target/classes, classpathString=/var/benchmarks/projects/guava/guava/target/classes:/var/benchmarks/projects/guava/guava/target/guava-26.0-jre.jar:/var/benchmarks/projects/./guava/guava/target/dependency/checker-qual-2.5.2.jar:/var/benchmarks/projects/guava/guava/target/dependency/error_prone_annotations-2.1.3.jar:/var/benchmarks/projects/guava/guava/target/dependency/j2objc-annotations-1.1.jar:/var/benchmarks/projects/guava/guava/target/dependency/jsr305-3.0.2.jar:/var/benchmarks/projects/guava/guava/target/dependency/animal-sniffer-annotations-1.14.jar, outputDir=/home/utbot_mocks/temp/testcases, mocks=Other classes: Mockito
17:29:17.147 | INFO  | Started: warmup: kotlin reflection :: init
17:29:17.224 | INFO  | Finished (in 0.077 sec): warmup: kotlin reflection :: init 
[INIT]
>> [RUN] com.google.common.collect.SparseImmutableTable 120
17:29:17.235 | DEBUG | -----------------------------------------------------------------------------
17:29:17.236 | INFO  | Contest.runGeneration: Time budget: 120000 ms, Generation timeout=102000 ms, classpath=/var/benchmarks/projects/guava/guava/target/classes:/var/benchmarks/projects/guava/guava/target/guava-26.0-jre.jar:/var/benchmarks/projects/./guava/guava/target/dependency/checker-qual-2.5.2.jar:/var/benchmarks/projects/guava/guava/target/dependency/error_prone_annotations-2.1.3.jar:/var/benchmarks/projects/guava/guava/target/dependency/j2objc-annotations-1.1.jar:/var/benchmarks/projects/guava/guava/target/dependency/jsr305-3.0.2.jar:/var/benchmarks/projects/guava/guava/target/dependency/animal-sniffer-annotations-1.14.jar, methodNameFilter=null
17:29:17.237 | INFO  | ClassUnderTest[ FQN: com.google.common.collect.SparseImmutableTable
    classfileDir: /var/benchmarks/projects/guava/guava/target/classes
    testClassSimpleName: SparseImmutableTableTest
    generatedTestFile: /home/utbot_mocks/temp/testcases/com/google/common/collect/SparseImmutableTableTest.java
    generatedTestsSourcesDir: /home/utbot_mocks/temp/testcases
]
17:29:17.264 | INFO  | Started: class com.google.common.collect.SparseImmutableTable
17:29:17.265 | INFO  | Started: preparation class class com.google.common.collect.SparseImmutableTable: kotlin reflection :: run
17:29:17.509 | INFO  | Finished (in 0.244 sec): preparation class class com.google.common.collect.SparseImmutableTable: kotlin reflection :: run 
17:29:17.510 | INFO  | Started: 2nd optional soot initialization
17:29:17.511 | INFO  | Finished (in 0.001 sec): 2nd optional soot initialization 
17:29:17.519 | DEBUG |  ... 
17:29:17.526 | INFO  | Started: method com.google.common.collect.SparseImmutableTable.columnMap()
17:29:17.527 | INFO  |  -- Remaining time budget: 101715 ms, #remaining_methods: 7, budget for method: 14530 ms, solver timeout: 1000 ms, budget for symbolic execution: 13330 ms, budget for concrete execution: 1200 ms,  -- 
17:29:17.836 | ERROR | Symbolic execution FAILED
com.huawei.utbot.instrumentation.util.ChildProcessError: Error in the child process |> java.util.NoSuchElementException: List is empty.
	at kotlin.collections.CollectionsKt___CollectionsKt.first(_Collections.kt:212)
	at com.huawei.utbot.framework.concrete.UtExecutionInstrumentation.sortOutException(UtExecutionInstrumentation.kt:179)
	at com.huawei.utbot.framework.concrete.UtExecutionInstrumentation.access$sortOutException(UtExecutionInstrumentation.kt:96)
	at com.huawei.utbot.framework.concrete.UtExecutionInstrumentation$invoke$$inlined$use$lambda$1.invoke(UtExecutionInstrumentation.kt:152)
	at com.huawei.utbot.framework.concrete.UtExecutionInstrumentation$invoke$$inlined$use$lambda$1.invoke(UtExecutionInstrumentation.kt:96)
	at com.huawei.utbot.framework.concrete.UtExecutionInstrumentation.withStaticFields(UtExecutionInstrumentation.kt:225)
	at com.huawei.utbot.framework.concrete.UtExecutionInstrumentation.invoke(UtExecutionInstrumentation.kt:137)
	at com.huawei.utbot.framework.concrete.UtExecutionInstrumentation.invoke(UtExecutionInstrumentation.kt:96)
	at com.huawei.utbot.instrumentation.process.ChildProcessKt.loop(ChildProcess.kt:114)
	at com.huawei.utbot.instrumentation.process.ChildProcessKt.main(ChildProcess.kt:76)
	at com.huawei.utbot.instrumentation.process.ChildProcessKt.main(ChildProcess.kt)

	at com.huawei.utbot.instrumentation.ConcreteExecutor.executeAsync(ConcreteExecutor.kt:391) ~[utbot-junit-contest-1.0.jar:?]
	at com.huawei.utbot.instrumentation.ConcreteExecutor$executeAsync$1.invokeSuspend(ConcreteExecutor.kt) ~[utbot-junit-contest-1.0.jar:?]
	at kotlin.coroutines.jvm.internal.BaseContinuationImpl.resumeWith(ContinuationImpl.kt:33) [utbot-junit-contest-1.0.jar:?]
	at kotlinx.coroutines.DispatchedTask.run(DispatchedTask.kt:106) [utbot-junit-contest-1.0.jar:?]
	at java.util.concurrent.Executors$RunnableAdapter.call(Executors.java:511) [?:1.8.0_312]
	at java.util.concurrent.FutureTask.run(FutureTask.java:266) [?:1.8.0_312]
	at java.util.concurrent.ScheduledThreadPoolExecutor$ScheduledFutureTask.access$201(ScheduledThreadPoolExecutor.java:180) [?:1.8.0_312]
	at java.util.concurrent.ScheduledThreadPoolExecutor$ScheduledFutureTask.run(ScheduledThreadPoolExecutor.java:293) [?:1.8.0_312]
	at java.util.concurrent.ThreadPoolExecutor.runWorker(ThreadPoolExecutor.java:1149) [?:1.8.0_312]
	at java.util.concurrent.ThreadPoolExecutor$Worker.run(ThreadPoolExecutor.java:624) [?:1.8.0_312]
	at java.lang.Thread.run(Thread.java:748) [?:1.8.0_312]
17:29:18.037 | DEBUG | --new testCase collected, to generate: testCom.google.common.collect.SparseImmutableTable.columnMap()1
17:29:18.039 | INFO  | Finished (in 0.512 sec): method com.google.common.collect.SparseImmutableTable.columnMap() 
<StatsForMethod> :
	#generatedTC=1
	FAILED 1 time(s) with 1 different exception(s)"
17:29:18.041 | DEBUG |  ... 
17:29:18.041 | INFO  | Started: method com.google.common.collect.SparseImmutableTable.rowMap()
17:29:18.041 | INFO  |  -- Remaining time budget: 101195 ms, #remaining_methods: 6, budget for method: 16865 ms, solver timeout: 1000 ms, budget for symbolic execution: 15665 ms, budget for concrete execution: 1200 ms,  -- 
17:29:18.049 | ERROR | Symbolic execution FAILED
com.huawei.utbot.instrumentation.util.ChildProcessError: Error in the child process |> java.util.NoSuchElementException: List is empty.
	at kotlin.collections.CollectionsKt___CollectionsKt.first(_Collections.kt:212)
	at com.huawei.utbot.framework.concrete.UtExecutionInstrumentation.sortOutException(UtExecutionInstrumentation.kt:179)
	at com.huawei.utbot.framework.concrete.UtExecutionInstrumentation.access$sortOutException(UtExecutionInstrumentation.kt:96)
	at com.huawei.utbot.framework.concrete.UtExecutionInstrumentation$invoke$$inlined$use$lambda$1.invoke(UtExecutionInstrumentation.kt:152)
	at com.huawei.utbot.framework.concrete.UtExecutionInstrumentation$invoke$$inlined$use$lambda$1.invoke(UtExecutionInstrumentation.kt:96)
	at com.huawei.utbot.framework.concrete.UtExecutionInstrumentation.withStaticFields(UtExecutionInstrumentation.kt:225)
	at com.huawei.utbot.framework.concrete.UtExecutionInstrumentation.invoke(UtExecutionInstrumentation.kt:137)
	at com.huawei.utbot.framework.concrete.UtExecutionInstrumentation.invoke(UtExecutionInstrumentation.kt:96)
	at com.huawei.utbot.instrumentation.process.ChildProcessKt.loop(ChildProcess.kt:114)
	at com.huawei.utbot.instrumentation.process.ChildProcessKt.main(ChildProcess.kt:76)
	at com.huawei.utbot.instrumentation.process.ChildProcessKt.main(ChildProcess.kt)

	at com.huawei.utbot.instrumentation.ConcreteExecutor.executeAsync(ConcreteExecutor.kt:391) ~[utbot-junit-contest-1.0.jar:?]
	at com.huawei.utbot.instrumentation.ConcreteExecutor$executeAsync$1.invokeSuspend(ConcreteExecutor.kt) ~[utbot-junit-contest-1.0.jar:?]
	at kotlin.coroutines.jvm.internal.BaseContinuationImpl.resumeWith(ContinuationImpl.kt:33) [utbot-junit-contest-1.0.jar:?]
	at kotlinx.coroutines.DispatchedTask.run(DispatchedTask.kt:106) [utbot-junit-contest-1.0.jar:?]
	at java.util.concurrent.Executors$RunnableAdapter.call(Executors.java:511) [?:1.8.0_312]
	at java.util.concurrent.FutureTask.run(FutureTask.java:266) [?:1.8.0_312]
	at java.util.concurrent.ScheduledThreadPoolExecutor$ScheduledFutureTask.access$201(ScheduledThreadPoolExecutor.java:180) [?:1.8.0_312]
	at java.util.concurrent.ScheduledThreadPoolExecutor$ScheduledFutureTask.run(ScheduledThreadPoolExecutor.java:293) [?:1.8.0_312]
	at java.util.concurrent.ThreadPoolExecutor.runWorker(ThreadPoolExecutor.java:1149) [?:1.8.0_312]
	at java.util.concurrent.ThreadPoolExecutor$Worker.run(ThreadPoolExecutor.java:624) [?:1.8.0_312]
	at java.lang.Thread.run(Thread.java:748) [?:1.8.0_312]
17:29:18.099 | DEBUG | --new testCase collected, to generate: testCom.google.common.collect.SparseImmutableTable.rowMap()1
17:29:18.099 | INFO  | Finished (in 0.058 sec): method com.google.common.collect.SparseImmutableTable.rowMap() 
<StatsForMethod> :
	#generatedTC=1
	FAILED 1 time(s) with 1 different exception(s)"
17:29:18.101 | DEBUG |  ... 
17:29:18.102 | INFO  | Started: method com.google.common.collect.SparseImmutableTable.size()
17:29:18.102 | INFO  |  -- Remaining time budget: 101135 ms, #remaining_methods: 5, budget for method: 20227 ms, solver timeout: 1000 ms, budget for symbolic execution: 19027 ms, budget for concrete execution: 1200 ms,  -- 
17:29:18.107 | ERROR | Symbolic execution FAILED
com.huawei.utbot.instrumentation.util.ChildProcessError: Error in the child process |> java.util.NoSuchElementException: List is empty.
	at kotlin.collections.CollectionsKt___CollectionsKt.first(_Collections.kt:212)
	at com.huawei.utbot.framework.concrete.UtExecutionInstrumentation.sortOutException(UtExecutionInstrumentation.kt:179)
	at com.huawei.utbot.framework.concrete.UtExecutionInstrumentation.access$sortOutException(UtExecutionInstrumentation.kt:96)
	at com.huawei.utbot.framework.concrete.UtExecutionInstrumentation$invoke$$inlined$use$lambda$1.invoke(UtExecutionInstrumentation.kt:152)
	at com.huawei.utbot.framework.concrete.UtExecutionInstrumentation$invoke$$inlined$use$lambda$1.invoke(UtExecutionInstrumentation.kt:96)
	at com.huawei.utbot.framework.concrete.UtExecutionInstrumentation.withStaticFields(UtExecutionInstrumentation.kt:225)
	at com.huawei.utbot.framework.concrete.UtExecutionInstrumentation.invoke(UtExecutionInstrumentation.kt:137)
	at com.huawei.utbot.framework.concrete.UtExecutionInstrumentation.invoke(UtExecutionInstrumentation.kt:96)
	at com.huawei.utbot.instrumentation.process.ChildProcessKt.loop(ChildProcess.kt:114)
	at com.huawei.utbot.instrumentation.process.ChildProcessKt.main(ChildProcess.kt:76)
	at com.huawei.utbot.instrumentation.process.ChildProcessKt.main(ChildProcess.kt)

	at com.huawei.utbot.instrumentation.ConcreteExecutor.executeAsync(ConcreteExecutor.kt:391) ~[utbot-junit-contest-1.0.jar:?]
	at com.huawei.utbot.instrumentation.ConcreteExecutor$executeAsync$1.invokeSuspend(ConcreteExecutor.kt) ~[utbot-junit-contest-1.0.jar:?]
	at kotlin.coroutines.jvm.internal.BaseContinuationImpl.resumeWith(ContinuationImpl.kt:33) [utbot-junit-contest-1.0.jar:?]
	at kotlinx.coroutines.DispatchedTask.run(DispatchedTask.kt:106) [utbot-junit-contest-1.0.jar:?]
	at java.util.concurrent.Executors$RunnableAdapter.call(Executors.java:511) [?:1.8.0_312]
	at java.util.concurrent.FutureTask.run(FutureTask.java:266) [?:1.8.0_312]
	at java.util.concurrent.ScheduledThreadPoolExecutor$ScheduledFutureTask.access$201(ScheduledThreadPoolExecutor.java:180) [?:1.8.0_312]
	at java.util.concurrent.ScheduledThreadPoolExecutor$ScheduledFutureTask.run(ScheduledThreadPoolExecutor.java:293) [?:1.8.0_312]
	at java.util.concurrent.ThreadPoolExecutor.runWorker(ThreadPoolExecutor.java:1149) [?:1.8.0_312]
	at java.util.concurrent.ThreadPoolExecutor$Worker.run(ThreadPoolExecutor.java:624) [?:1.8.0_312]
	at java.lang.Thread.run(Thread.java:748) [?:1.8.0_312]
17:29:18.146 | DEBUG | --new testCase collected, to generate: testCom.google.common.collect.SparseImmutableTable.size()1
17:29:18.146 | INFO  | Finished (in 0.044 sec): method com.google.common.collect.SparseImmutableTable.size() 
<StatsForMethod> :
	#generatedTC=1
	FAILED 1 time(s) with 1 different exception(s)"
17:29:18.147 | DEBUG |  ... 
17:29:18.147 | INFO  | Started: method com.google.common.collect.SparseImmutableTable.createSerializedForm()
17:29:18.148 | INFO  |  -- Remaining time budget: 101089 ms, #remaining_methods: 4, budget for method: 25272 ms, solver timeout: 1000 ms, budget for symbolic execution: 24072 ms, budget for concrete execution: 1200 ms,  -- 
17:29:18.156 | ERROR | Symbolic execution FAILED
com.huawei.utbot.instrumentation.util.ChildProcessError: Error in the child process |> java.util.NoSuchElementException: List is empty.
	at kotlin.collections.CollectionsKt___CollectionsKt.first(_Collections.kt:212)
	at com.huawei.utbot.framework.concrete.UtExecutionInstrumentation.sortOutException(UtExecutionInstrumentation.kt:179)
	at com.huawei.utbot.framework.concrete.UtExecutionInstrumentation.access$sortOutException(UtExecutionInstrumentation.kt:96)
	at com.huawei.utbot.framework.concrete.UtExecutionInstrumentation$invoke$$inlined$use$lambda$1.invoke(UtExecutionInstrumentation.kt:152)
	at com.huawei.utbot.framework.concrete.UtExecutionInstrumentation$invoke$$inlined$use$lambda$1.invoke(UtExecutionInstrumentation.kt:96)
	at com.huawei.utbot.framework.concrete.UtExecutionInstrumentation.withStaticFields(UtExecutionInstrumentation.kt:225)
	at com.huawei.utbot.framework.concrete.UtExecutionInstrumentation.invoke(UtExecutionInstrumentation.kt:137)
	at com.huawei.utbot.framework.concrete.UtExecutionInstrumentation.invoke(UtExecutionInstrumentation.kt:96)
	at com.huawei.utbot.instrumentation.process.ChildProcessKt.loop(ChildProcess.kt:114)
	at com.huawei.utbot.instrumentation.process.ChildProcessKt.main(ChildProcess.kt:76)
	at com.huawei.utbot.instrumentation.process.ChildProcessKt.main(ChildProcess.kt)

	at com.huawei.utbot.instrumentation.ConcreteExecutor.executeAsync(ConcreteExecutor.kt:391) ~[utbot-junit-contest-1.0.jar:?]
	at com.huawei.utbot.instrumentation.ConcreteExecutor$executeAsync$1.invokeSuspend(ConcreteExecutor.kt) ~[utbot-junit-contest-1.0.jar:?]
	at kotlin.coroutines.jvm.internal.BaseContinuationImpl.resumeWith(ContinuationImpl.kt:33) [utbot-junit-contest-1.0.jar:?]
	at kotlinx.coroutines.DispatchedTask.run(DispatchedTask.kt:106) [utbot-junit-contest-1.0.jar:?]
	at java.util.concurrent.Executors$RunnableAdapter.call(Executors.java:511) [?:1.8.0_312]
	at java.util.concurrent.FutureTask.run(FutureTask.java:266) [?:1.8.0_312]
	at java.util.concurrent.ScheduledThreadPoolExecutor$ScheduledFutureTask.access$201(ScheduledThreadPoolExecutor.java:180) [?:1.8.0_312]
	at java.util.concurrent.ScheduledThreadPoolExecutor$ScheduledFutureTask.run(ScheduledThreadPoolExecutor.java:293) [?:1.8.0_312]
	at java.util.concurrent.ThreadPoolExecutor.runWorker(ThreadPoolExecutor.java:1149) [?:1.8.0_312]
	at java.util.concurrent.ThreadPoolExecutor$Worker.run(ThreadPoolExecutor.java:624) [?:1.8.0_312]
	at java.lang.Thread.run(Thread.java:748) [?:1.8.0_312]
17:29:19.215 | DEBUG | --new testCase collected, to generate: testCom.google.common.collect.SparseImmutableTable.createSerializedForm()1
17:29:19.422 | DEBUG | --new testCase collected, to generate: testCom.google.common.collect.SparseImmutableTable.createSerializedForm()2
17:29:19.459 | DEBUG | --new testCase collected, to generate: testCom.google.common.collect.SparseImmutableTable.createSerializedForm()3
17:29:19.512 | INFO  | Finished (in 1.364 sec): method com.google.common.collect.SparseImmutableTable.createSerializedForm() 
<StatsForMethod> :
	#generatedTC=3
	FAILED 1 time(s) with 1 different exception(s)"
17:29:19.543 | DEBUG |  ... 
17:29:19.544 | INFO  | Started: method com.google.common.collect.SparseImmutableTable.getCell(int)
17:29:19.544 | INFO  |  -- Remaining time budget: 99692 ms, #remaining_methods: 3, budget for method: 33230 ms, solver timeout: 1000 ms, budget for symbolic execution: 32030 ms, budget for concrete execution: 1200 ms,  -- 
17:29:19.551 | ERROR | Symbolic execution FAILED
com.huawei.utbot.instrumentation.util.ChildProcessError: Error in the child process |> java.util.NoSuchElementException: List is empty.
	at kotlin.collections.CollectionsKt___CollectionsKt.first(_Collections.kt:212)
	at com.huawei.utbot.framework.concrete.UtExecutionInstrumentation.sortOutException(UtExecutionInstrumentation.kt:179)
	at com.huawei.utbot.framework.concrete.UtExecutionInstrumentation.access$sortOutException(UtExecutionInstrumentation.kt:96)
	at com.huawei.utbot.framework.concrete.UtExecutionInstrumentation$invoke$$inlined$use$lambda$1.invoke(UtExecutionInstrumentation.kt:152)
	at com.huawei.utbot.framework.concrete.UtExecutionInstrumentation$invoke$$inlined$use$lambda$1.invoke(UtExecutionInstrumentation.kt:96)
	at com.huawei.utbot.framework.concrete.UtExecutionInstrumentation.withStaticFields(UtExecutionInstrumentation.kt:225)
	at com.huawei.utbot.framework.concrete.UtExecutionInstrumentation.invoke(UtExecutionInstrumentation.kt:137)
	at com.huawei.utbot.framework.concrete.UtExecutionInstrumentation.invoke(UtExecutionInstrumentation.kt:96)
	at com.huawei.utbot.instrumentation.process.ChildProcessKt.loop(ChildProcess.kt:114)
	at com.huawei.utbot.instrumentation.process.ChildProcessKt.main(ChildProcess.kt:76)
	at com.huawei.utbot.instrumentation.process.ChildProcessKt.main(ChildProcess.kt)

	at com.huawei.utbot.instrumentation.ConcreteExecutor.executeAsync(ConcreteExecutor.kt:391) ~[utbot-junit-contest-1.0.jar:?]
	at com.huawei.utbot.instrumentation.ConcreteExecutor$executeAsync$1.invokeSuspend(ConcreteExecutor.kt) ~[utbot-junit-contest-1.0.jar:?]
	at kotlin.coroutines.jvm.internal.BaseContinuationImpl.resumeWith(ContinuationImpl.kt:33) [utbot-junit-contest-1.0.jar:?]
	at kotlinx.coroutines.DispatchedTask.run(DispatchedTask.kt:106) [utbot-junit-contest-1.0.jar:?]
	at java.util.concurrent.Executors$RunnableAdapter.call(Executors.java:511) [?:1.8.0_312]
	at java.util.concurrent.FutureTask.run(FutureTask.java:266) [?:1.8.0_312]
	at java.util.concurrent.ScheduledThreadPoolExecutor$ScheduledFutureTask.access$201(ScheduledThreadPoolExecutor.java:180) [?:1.8.0_312]
	at java.util.concurrent.ScheduledThreadPoolExecutor$ScheduledFutureTask.run(ScheduledThreadPoolExecutor.java:293) [?:1.8.0_312]
	at java.util.concurrent.ThreadPoolExecutor.runWorker(ThreadPoolExecutor.java:1149) [?:1.8.0_312]
	at java.util.concurrent.ThreadPoolExecutor$Worker.run(ThreadPoolExecutor.java:624) [?:1.8.0_312]
	at java.lang.Thread.run(Thread.java:748) [?:1.8.0_312]
17:29:19.596 | DEBUG | --new testCase collected, to generate: testCom.google.common.collect.SparseImmutableTable.getCell(int)1
17:29:19.620 | DEBUG | --new testCase collected, to generate: testCom.google.common.collect.SparseImmutableTable.getCell(int)2
17:29:19.834 | DEBUG | --new testCase collected, to generate: testCom.google.common.collect.SparseImmutableTable.getCell(int)3
17:29:19.858 | DEBUG | --new testCase collected, to generate: testCom.google.common.collect.SparseImmutableTable.getCell(int)4
17:29:19.882 | DEBUG | --new testCase collected, to generate: testCom.google.common.collect.SparseImmutableTable.getCell(int)5
17:29:19.942 | DEBUG | --new testCase collected, to generate: testCom.google.common.collect.SparseImmutableTable.getCell(int)6
17:29:20.279 | DEBUG | --new testCase collected, to generate: testCom.google.common.collect.SparseImmutableTable.getCell(int)7
17:29:20.427 | DEBUG | --new testCase collected, to generate: testCom.google.common.collect.SparseImmutableTable.getCell(int)8
17:29:20.574 | DEBUG | --new testCase collected, to generate: testCom.google.common.collect.SparseImmutableTable.getCell(int)9
17:29:20.720 | DEBUG | --new testCase collected, to generate: testCom.google.common.collect.SparseImmutableTable.getCell(int)10
17:29:20.915 | DEBUG | --new testCase collected, to generate: testCom.google.common.collect.SparseImmutableTable.getCell(int)11
17:29:21.101 | DEBUG | --new testCase collected, to generate: testCom.google.common.collect.SparseImmutableTable.getCell(int)12
17:29:21.488 | DEBUG | --new testCase collected, to generate: testCom.google.common.collect.SparseImmutableTable.getCell(int)13
17:29:21.815 | DEBUG | --new testCase collected, to generate: testCom.google.common.collect.SparseImmutableTable.getCell(int)14
17:29:23.026 | DEBUG | --new testCase collected, to generate: testCom.google.common.collect.SparseImmutableTable.getCell(int)15
17:29:24.221 | DEBUG | --new testCase collected, to generate: testCom.google.common.collect.SparseImmutableTable.getCell(int)16
17:29:25.123 | DEBUG | --new testCase collected, to generate: testCom.google.common.collect.SparseImmutableTable.getCell(int)17
17:29:26.479 | DEBUG | --new testCase collected, to generate: testCom.google.common.collect.SparseImmutableTable.getCell(int)18
17:29:26.974 | DEBUG | --new testCase collected, to generate: testCom.google.common.collect.SparseImmutableTable.getCell(int)19
17:29:27.636 | DEBUG | --new testCase collected, to generate: testCom.google.common.collect.SparseImmutableTable.getCell(int)20
17:29:31.277 | DEBUG | --new testCase collected, to generate: testCom.google.common.collect.SparseImmutableTable.getCell(int)21
17:29:33.239 | DEBUG | --new testCase collected, to generate: testCom.google.common.collect.SparseImmutableTable.getCell(int)22
17:29:35.547 | DEBUG | --new testCase collected, to generate: testCom.google.common.collect.SparseImmutableTable.getCell(int)23
17:29:35.614 | INFO  | Finished (in 16.069 sec): method com.google.common.collect.SparseImmutableTable.getCell(int) 
<StatsForMethod> :
	#generatedTC=23
	FAILED 1 time(s) with 1 different exception(s)"
17:29:35.834 | DEBUG |  ... 
17:29:35.835 | INFO  | Started: method com.google.common.collect.SparseImmutableTable.getValue(int)
17:29:35.835 | INFO  |  -- Remaining time budget: 83401 ms, #remaining_methods: 2, budget for method: 41700 ms, solver timeout: 1000 ms, budget for symbolic execution: 40500 ms, budget for concrete execution: 1200 ms,  -- 
17:29:35.841 | ERROR | Symbolic execution FAILED
com.huawei.utbot.instrumentation.util.ChildProcessError: Error in the child process |> java.util.NoSuchElementException: List is empty.
	at kotlin.collections.CollectionsKt___CollectionsKt.first(_Collections.kt:212)
	at com.huawei.utbot.framework.concrete.UtExecutionInstrumentation.sortOutException(UtExecutionInstrumentation.kt:179)
	at com.huawei.utbot.framework.concrete.UtExecutionInstrumentation.access$sortOutException(UtExecutionInstrumentation.kt:96)
	at com.huawei.utbot.framework.concrete.UtExecutionInstrumentation$invoke$$inlined$use$lambda$1.invoke(UtExecutionInstrumentation.kt:152)
	at com.huawei.utbot.framework.concrete.UtExecutionInstrumentation$invoke$$inlined$use$lambda$1.invoke(UtExecutionInstrumentation.kt:96)
	at com.huawei.utbot.framework.concrete.UtExecutionInstrumentation.withStaticFields(UtExecutionInstrumentation.kt:225)
	at com.huawei.utbot.framework.concrete.UtExecutionInstrumentation.invoke(UtExecutionInstrumentation.kt:137)
	at com.huawei.utbot.framework.concrete.UtExecutionInstrumentation.invoke(UtExecutionInstrumentation.kt:96)
	at com.huawei.utbot.instrumentation.process.ChildProcessKt.loop(ChildProcess.kt:114)
	at com.huawei.utbot.instrumentation.process.ChildProcessKt.main(ChildProcess.kt:76)
	at com.huawei.utbot.instrumentation.process.ChildProcessKt.main(ChildProcess.kt)

	at com.huawei.utbot.instrumentation.ConcreteExecutor.executeAsync(ConcreteExecutor.kt:391) ~[utbot-junit-contest-1.0.jar:?]
	at com.huawei.utbot.instrumentation.ConcreteExecutor$executeAsync$1.invokeSuspend(ConcreteExecutor.kt) ~[utbot-junit-contest-1.0.jar:?]
	at kotlin.coroutines.jvm.internal.BaseContinuationImpl.resumeWith(ContinuationImpl.kt:33) [utbot-junit-contest-1.0.jar:?]
	at kotlinx.coroutines.DispatchedTask.run(DispatchedTask.kt:106) [utbot-junit-contest-1.0.jar:?]
	at java.util.concurrent.Executors$RunnableAdapter.call(Executors.java:511) [?:1.8.0_312]
	at java.util.concurrent.FutureTask.run(FutureTask.java:266) [?:1.8.0_312]
	at java.util.concurrent.ScheduledThreadPoolExecutor$ScheduledFutureTask.access$201(ScheduledThreadPoolExecutor.java:180) [?:1.8.0_312]
	at java.util.concurrent.ScheduledThreadPoolExecutor$ScheduledFutureTask.run(ScheduledThreadPoolExecutor.java:293) [?:1.8.0_312]
	at java.util.concurrent.ThreadPoolExecutor.runWorker(ThreadPoolExecutor.java:1149) [?:1.8.0_312]
	at java.util.concurrent.ThreadPoolExecutor$Worker.run(ThreadPoolExecutor.java:624) [?:1.8.0_312]
	at java.lang.Thread.run(Thread.java:748) [?:1.8.0_312]
17:29:35.872 | DEBUG | --new testCase collected, to generate: testCom.google.common.collect.SparseImmutableTable.getValue(int)1
17:29:35.894 | DEBUG | --new testCase collected, to generate: testCom.google.common.collect.SparseImmutableTable.getValue(int)2
17:29:36.057 | DEBUG | --new testCase collected, to generate: testCom.google.common.collect.SparseImmutableTable.getValue(int)3
17:29:36.081 | DEBUG | --new testCase collected, to generate: testCom.google.common.collect.SparseImmutableTable.getValue(int)4
17:29:36.104 | DEBUG | --new testCase collected, to generate: testCom.google.common.collect.SparseImmutableTable.getValue(int)5
17:29:36.202 | DEBUG | --new testCase collected, to generate: testCom.google.common.collect.SparseImmutableTable.getValue(int)6
17:29:36.278 | DEBUG | --new testCase collected, to generate: testCom.google.common.collect.SparseImmutableTable.getValue(int)7
17:29:36.356 | DEBUG | --new testCase collected, to generate: testCom.google.common.collect.SparseImmutableTable.getValue(int)8
17:29:36.468 | DEBUG | --new testCase collected, to generate: testCom.google.common.collect.SparseImmutableTable.getValue(int)9
17:29:36.530 | INFO  | Finished (in 0.695 sec): method com.google.common.collect.SparseImmutableTable.getValue(int) 
<StatsForMethod> :
	#generatedTC=9
	FAILED 1 time(s) with 1 different exception(s)"
17:29:36.537 | DEBUG |  ... 
17:29:36.537 | INFO  | Started: method com.google.common.collect.SparseImmutableTable.<init>(ImmutableList, ImmutableSet, ImmutableSet)
17:29:36.537 | INFO  |  -- Remaining time budget: 82699 ms, #remaining_methods: 1, budget for method: 82699 ms, solver timeout: 1000 ms, budget for symbolic execution: 81499 ms, budget for concrete execution: 1200 ms,  -- 
17:29:36.553 | DEBUG | --new testCase collected, to generate: testCom.google.common.collect.SparseImmutableTable.<init>(ImmutableList, ImmutableSet, ImmutableSet)1
17:29:36.687 | DEBUG | --new testCase collected, to generate: testCom.google.common.collect.SparseImmutableTable.<init>(ImmutableList, ImmutableSet, ImmutableSet)2
17:29:36.710 | DEBUG | --new testCase collected, to generate: testCom.google.common.collect.SparseImmutableTable.<init>(ImmutableList, ImmutableSet, ImmutableSet)3
17:29:36.791 | DEBUG | --new testCase collected, to generate: testCom.google.common.collect.SparseImmutableTable.<init>(ImmutableList, ImmutableSet, ImmutableSet)4
17:29:36.905 | DEBUG | --new testCase collected, to generate: testCom.google.common.collect.SparseImmutableTable.<init>(ImmutableList, ImmutableSet, ImmutableSet)5
17:29:37.088 | DEBUG | --new testCase collected, to generate: testCom.google.common.collect.SparseImmutableTable.<init>(ImmutableList, ImmutableSet, ImmutableSet)6
17:29:37.098 | DEBUG | --new testCase collected, to generate: testCom.google.common.collect.SparseImmutableTable.<init>(ImmutableList, ImmutableSet, ImmutableSet)7
17:29:37.125 | DEBUG | --new testCase collected, to generate: testCom.google.common.collect.SparseImmutableTable.<init>(ImmutableList, ImmutableSet, ImmutableSet)8
17:29:37.269 | DEBUG | --new testCase collected, to generate: testCom.google.common.collect.SparseImmutableTable.<init>(ImmutableList, ImmutableSet, ImmutableSet)9
17:29:37.364 | DEBUG | --new testCase collected, to generate: testCom.google.common.collect.SparseImmutableTable.<init>(ImmutableList, ImmutableSet, ImmutableSet)10
17:29:37.593 | DEBUG | --new testCase collected, to generate: testCom.google.common.collect.SparseImmutableTable.<init>(ImmutableList, ImmutableSet, ImmutableSet)11
17:29:38.710 | DEBUG | --new testCase collected, to generate: testCom.google.common.collect.SparseImmutableTable.<init>(ImmutableList, ImmutableSet, ImmutableSet)12
17:29:39.680 | DEBUG | --new testCase collected, to generate: testCom.google.common.collect.SparseImmutableTable.<init>(ImmutableList, ImmutableSet, ImmutableSet)13
17:29:39.850 | DEBUG | --new testCase collected, to generate: testCom.google.common.collect.SparseImmutableTable.<init>(ImmutableList, ImmutableSet, ImmutableSet)14
17:29:40.417 | DEBUG | --new testCase collected, to generate: testCom.google.common.collect.SparseImmutableTable.<init>(ImmutableList, ImmutableSet, ImmutableSet)15
17:29:41.214 | DEBUG | --new testCase collected, to generate: testCom.google.common.collect.SparseImmutableTable.<init>(ImmutableList, ImmutableSet, ImmutableSet)16
17:29:42.704 | DEBUG | --new testCase collected, to generate: testCom.google.common.collect.SparseImmutableTable.<init>(ImmutableList, ImmutableSet, ImmutableSet)17
17:29:43.129 | DEBUG | --new testCase collected, to generate: testCom.google.common.collect.SparseImmutableTable.<init>(ImmutableList, ImmutableSet, ImmutableSet)18
17:30:03.455 | DEBUG | --new testCase collected, to generate: testCom.google.common.collect.SparseImmutableTable.<init>(ImmutableList, ImmutableSet, ImmutableSet)19
17:30:06.041 | DEBUG | --new testCase collected, to generate: testCom.google.common.collect.SparseImmutableTable.<init>(ImmutableList, ImmutableSet, ImmutableSet)20
17:30:19.567 | DEBUG | --new testCase collected, to generate: testCom.google.common.collect.SparseImmutableTable.<init>(ImmutableList, ImmutableSet, ImmutableSet)21
17:30:52.619 | DEBUG | --new testCase collected, to generate: testCom.google.common.collect.SparseImmutableTable.<init>(ImmutableList, ImmutableSet, ImmutableSet)22
17:30:54.418 | DEBUG | --new testCase collected, to generate: testCom.google.common.collect.SparseImmutableTable.<init>(ImmutableList, ImmutableSet, ImmutableSet)23
17:30:58.037 | INFO  | |> Starting concrete execution for remaining state: com.google.common.collect.SparseImmutableTable.<init>(ImmutableList, ImmutableSet, ImmutableSet)
17:30:59.238 | WARN  | Cancelling job because timeout 102000 ms elapsed (real cancellation can take time)
17:30:59.238 | INFO  | (X) Cancelling concrete execution: com.google.common.collect.SparseImmutableTable.<init>(ImmutableList, ImmutableSet, ImmutableSet)
17:30:59.442 | INFO  | Started: Flushing tests for [SparseImmutableTable] on disk
17:30:59.792 | INFO  | Finished (in 83.255 sec): method com.google.common.collect.SparseImmutableTable.<init>(ImmutableList, ImmutableSet, ImmutableSet) 
<StatsForMethod> :
	#generatedTC=23
	WITH NO EXCEPTIONS
17:30:59.943 | INFO  | File size for SparseImmutableTableTest: 95 KB
17:30:59.945 | INFO  | Finished (in 0.503 sec): Flushing tests for [SparseImmutableTable] on disk 
17:30:59.945 | INFO  | Finished (in 102.681 sec): class com.google.common.collect.SparseImmutableTable 
<StatsForClass> :
	canceled by timeout = true
	#methods = 7, 
	#methods started symbolic exploration = 7
	#methods with at least one TC = 7
	#methods with exceptions = 6
	#generated TC = 61
	#coverage = null
[READY]
